
           ___      .______        ______  __    __  .______      
          /   \     |   _  \      /      ||  |  |  | |   _  \     
         /  ^  \    |  |_)  |    |  ,----'|  |__|  | |  |_)  |    
        /  /_\  \   |      /     |  |     |   __   | |      /     
       /  _____  \  |  |\  \\___ |  `----.|  |  |  | |  |\  \\___.
      /__/     \__\ | _| `._____| \______||__|  |__| | _| `._____|
    
Logging With ArchR!

Start Time : 2020-10-03 17:24:16

------- ArchR Info

ArchRThreads = 10
ArchRGenome = Hg38

------- System Info

Computer OS = unix
Total Cores = 64

------- Session Info

R version 3.6.3 (2020-02-29)
Platform: x86_64-conda_cos6-linux-gnu (64-bit)
Running under: CentOS Linux 7 (Core)

Matrix products: default
BLAS/LAPACK: /home/bnphan/miniconda3/lib/libmkl_rt.so

locale:
 [1] LC_CTYPE=en_US.UTF-8       LC_NUMERIC=C              
 [3] LC_TIME=en_US.UTF-8        LC_COLLATE=en_US.UTF-8    
 [5] LC_MONETARY=en_US.UTF-8    LC_MESSAGES=en_US.UTF-8   
 [7] LC_PAPER=en_US.UTF-8       LC_NAME=C                 
 [9] LC_ADDRESS=C               LC_TELEPHONE=C            
[11] LC_MEASUREMENT=en_US.UTF-8 LC_IDENTIFICATION=C       

attached base packages:
[1] parallel  stats4    stats     graphics  grDevices utils     datasets 
[8] methods   base     

other attached packages:
 [1] gtable_0.3.0                ArchR_0.9.5                
 [3] magrittr_1.5                rhdf5_2.30.1               
 [5] Matrix_1.2-18               data.table_1.13.0          
 [7] SummarizedExperiment_1.16.1 DelayedArray_0.12.3        
 [9] BiocParallel_1.20.1         matrixStats_0.57.0         
[11] Biobase_2.46.0              GenomicRanges_1.38.0       
[13] GenomeInfoDb_1.22.1         IRanges_2.20.2             
[15] S4Vectors_0.24.4            BiocGenerics_0.32.0        
[17] ggplot2_3.3.2               colorout_1.2-2             

loaded via a namespace (and not attached):
 [1] BSgenome.Hsapiens.UCSC.hg38_1.4.1 Rcpp_1.0.5                       
 [3] lattice_0.20-41                   Rsamtools_2.2.3                  
 [5] Biostrings_2.54.0                 gtools_3.8.2                     
 [7] digest_0.6.25                     IRdisplay_0.7.0                  
 [9] R6_2.4.1                          repr_1.1.0                       
[11] evaluate_0.14                     pillar_1.4.6                     
[13] zlibbioc_1.32.0                   rlang_0.4.7                      
[15] uuid_0.1-4                        hexbin_1.28.1                    
[17] labeling_0.3                      stringr_1.4.0                    
[19] pheatmap_1.0.12                   RCurl_1.98-1.2                   
[21] munsell_0.5.0                     compiler_3.6.3                   
[23] rtracklayer_1.46.0                pkgconfig_2.0.3                  
[25] base64enc_0.1-3                   htmltools_0.5.0                  
[27] tidyselect_1.1.0                  tibble_3.0.3                     
[29] GenomeInfoDbData_1.2.2            XML_3.99-0.3                     
[31] crayon_1.3.4                      dplyr_1.0.2                      
[33] withr_2.3.0                       GenomicAlignments_1.22.1         
[35] bitops_1.0-6                      grid_3.6.3                       
[37] jsonlite_1.7.1                    lifecycle_0.2.0                  
[39] scales_1.1.1                      stringi_1.5.3                    
[41] farver_2.0.3                      XVector_0.26.0                   
[43] ellipsis_0.3.1                    generics_0.0.2                   
[45] vctrs_0.3.4                       cowplot_1.1.0                    
[47] IRkernel_1.1.1                    Rhdf5lib_1.8.0                   
[49] RColorBrewer_1.1-2                tools_3.6.3                      
[51] Cairo_1.5-12.2                    BSgenome_1.54.0                  
[53] glue_1.4.2                        purrr_0.3.4                      
[55] colorspace_1.4-1                  pbdZMQ_0.3-3                     


------- Log Info


2020-10-03 17:24:16 : Input-Parameters, Class = list

Input-Parameters$ArchRProj: length = 1
class: ArchRProject 
outputDirectory: /home/bnphan/projects/snATAC_cross_species_caudate/data/raw_data/mm10/BICCN_mouse_caudoputamen/ArchR_BICCN_caudoputamen 
samples(4): CEMBA171214_4D CEMBA171219_4D CEMBA180813_5E CEMBA180820_5E
sampleColData names(1): ArrowFiles
cellColData names(18): Sample TSSEnrichment ... Region Clusters
numberOfCells(1): 1
medianTSS(1): 14.205
medianFrags(1): 42336


Input-Parameters$embedding: length = 1
[1] "UMAP"


Input-Parameters$colorBy: length = 1
[1] "GeneScoreMatrix"


Input-Parameters$name: length = 7
[1] "Rbfox3" "Lhx6"   "Aqp4"   "Cx3cr1" "Pdgfra" "Mog"   


Input-Parameters$log2Norm: length = 0
NULL


Input-Parameters$pal: length = 0
NULL


Input-Parameters$size: length = 1
[1] 0.1


Input-Parameters$sampleCells: length = 0
NULL


Input-Parameters$highlightCells: length = 0
NULL


Input-Parameters$rastr: length = 1
[1] TRUE


Input-Parameters$quantCut: length = 2
[1] 0.01 0.99


Input-Parameters$discreteSet: length = 0
NULL


Input-Parameters$continuousSet: length = 0
NULL


Input-Parameters$randomize: length = 1
[1] TRUE


Input-Parameters$keepAxis: length = 1
[1] FALSE


Input-Parameters$baseSize: length = 1
[1] 10


Input-Parameters$plotAs: length = 0
NULL


Input-Parameters$threads: length = 1
[1] 10


Input-Parameters$logFile: length = 1
[1] "ArchRLogs/ArchR-plotEmbedding-36b43744ae3c4-Date-2020-10-03_Time-17-24-16.log"



2020-10-03 17:24:16 : 

2020-10-03 17:24:16 : Embedding data.frame, Class = data.frame
Embedding data.frame: nRows = 24241, nCols = 2
                                                IterativeLSI#UMAP_Dimension_1
CEMBA171214_4D#ATTCAGAATCTATCCGTGCCTTACCAGGACGT                    -0.2423347
CEMBA171214_4D#ATTCAGAACAGAACTGTTACGACCGTACTGAC                    -4.4092293
CEMBA171214_4D#ATTCAGAATTAGCCTCTAAGATCCGTACTGAC                    -0.3027112
CEMBA171214_4D#CTGAAGCTGCAACCTAAATGACGTCCTATCCT                    -0.8316160
CEMBA171214_4D#GAGATTCCATAAGTCGTCCGGTAAGTACTGAC                    -0.9990590
CEMBA171214_4D#CTGAAGCTCGCTTGATATAGCCTTGTACTGAC                    -3.3533793
                                                IterativeLSI#UMAP_Dimension_2
CEMBA171214_4D#ATTCAGAATCTATCCGTGCCTTACCAGGACGT                     6.1311906
CEMBA171214_4D#ATTCAGAACAGAACTGTTACGACCGTACTGAC                     0.8105145
CEMBA171214_4D#ATTCAGAATTAGCCTCTAAGATCCGTACTGAC                     6.2258480
CEMBA171214_4D#CTGAAGCTGCAACCTAAATGACGTCCTATCCT                     5.6119831
CEMBA171214_4D#GAGATTCCATAAGTCGTCCGGTAAGTACTGAC                     5.5936635
CEMBA171214_4D#CTGAAGCTCGCTTGATATAGCCTTGTACTGAC                    -0.5215693



2020-10-03 17:24:16 : 

2020-10-03 17:24:16 : 

2020-10-03 17:24:17 : FeatureDF, Class = DFrame
DataFrame with 24333 rows and 6 columns
      seqnames     start       end  strand          name     idx
         <Rle>   <array>   <array> <array>       <array> <array>
1         chr1   3671498   3214482       2          Xkr4       1
2         chr1   4409241   4290846       2           Rp1       2
3         chr1   4497354   4490928       2         Sox17       3
4         chr1   4785726   4773198       2        Mrpl15       4
5         chr1   4807893   4846735       1        Lypla1       5
...        ...       ...       ...     ...           ...     ...
24329     chrX 169320372 169251538       2          Hccs    1039
24330     chrX 169320422 169368178       1       Gm15246    1040
24331     chrX 169685199 169990798       1          Mid1    1041
24332     chrX 169779635 169776378       2 4933400A11Rik    1042
24333     chrX 170672644 170678054       1          Asmt    1043


2020-10-03 17:24:17 : idx, Class = integer

idx: length = 7
[1]  4249 11707  9924 23216 16378  9385



2020-10-03 17:24:17 : FeatureDF-Subset, Class = DFrame
DataFrame with 7 rows and 6 columns
  seqnames     start       end  strand    name     idx
     <Rle>   <array>   <array> <array> <array> <array>
1    chr11 118911597 118489760       2  Rbfox3    1744
2     chr2  36105408  36081953       2    Lhx6     454
3    chr18  15410982  15389394       2    Aqp4      68
4     chr9 120068296 120048683       2  Cx3cr1    1278
5     chr5  75152291  75198204       1  Pdgfra     476
6    chr17  37023398  37010740       2     Mog     713
7     chr1  75360292  75368579       1     Des     447


2020-10-03 17:24:21 : Feature-Matrix, Class = dgCMatrix
Feature-Matrix: nRows = 7, nCols = 24241
Feature-Matrix: NonZeroEntries = 26331, EntryRange = [ 0.073 , 64.182 ]
5 x 5 sparse Matrix of class "dgCMatrix"
     CEMBA171214_4D#ATTCAGAATCTATCCGTGCCTTACCAGGACGT
[1,]                                           0.912
[2,]                                           0.788
[3,]                                           0.073
[4,]                                           0.245
[5,]                                           .    
     CEMBA171214_4D#ATTCAGAACAGAACTGTTACGACCGTACTGAC
[1,]                                           1.966
[2,]                                           .    
[3,]                                           0.346
[4,]                                           .    
[5,]                                           1.083
     CEMBA171214_4D#ATTCAGAATTAGCCTCTAAGATCCGTACTGAC
[1,]                                           4.849
[2,]                                           .    
[3,]                                           0.148
[4,]                                           0.285
[5,]                                           .    
     CEMBA171214_4D#CTGAAGCTGCAACCTAAATGACGTCCTATCCT
[1,]                                           1.117
[2,]                                           0.303
[3,]                                           .    
[4,]                                           .    
[5,]                                           0.248
     CEMBA171214_4D#GAGATTCCATAAGTCGTCCGGTAAGTACTGAC
[1,]                                           3.602
[2,]                                           0.543
[3,]                                           0.075
[4,]                                           0.160
[5,]                                           .    



2020-10-03 17:24:21 : colorMat-Before-Impute, Class = matrix
       CEMBA171214_4D#ATTCAGAATCTATCCGTGCCTTACCAGGACGT
Rbfox3                                           0.912
Lhx6                                             0.788
Aqp4                                             0.073
Cx3cr1                                           0.245
Pdgfra                                           0.000
       CEMBA171214_4D#ATTCAGAACAGAACTGTTACGACCGTACTGAC
Rbfox3                                           1.966
Lhx6                                             0.000
Aqp4                                             0.346
Cx3cr1                                           0.000
Pdgfra                                           1.083
       CEMBA171214_4D#ATTCAGAATTAGCCTCTAAGATCCGTACTGAC
Rbfox3                                           4.849
Lhx6                                             0.000
Aqp4                                             0.148
Cx3cr1                                           0.285
Pdgfra                                           0.000
       CEMBA171214_4D#CTGAAGCTGCAACCTAAATGACGTCCTATCCT
Rbfox3                                           1.117
Lhx6                                             0.303
Aqp4                                             0.000
Cx3cr1                                           0.000
Pdgfra                                           0.248
       CEMBA171214_4D#GAGATTCCATAAGTCGTCCGGTAAGTACTGAC
Rbfox3                                           3.602
Lhx6                                             0.543
Aqp4                                             0.075
Cx3cr1                                           0.160
Pdgfra                                           0.000

colorMat-Before-Impute: nRows = 7, nCols = 24241


2020-10-03 17:24:21 : imputeMatrix Input-Parameters, Class = list

imputeMatrix Input-Parameters$mat: nRows = 7, nCols = 24241
       CEMBA171214_4D#ATTCAGAATCTATCCGTGCCTTACCAGGACGT
Rbfox3                                           0.912
Lhx6                                             0.788
Aqp4                                             0.073
Cx3cr1                                           0.245
Pdgfra                                           0.000
       CEMBA171214_4D#ATTCAGAACAGAACTGTTACGACCGTACTGAC
Rbfox3                                           1.966
Lhx6                                             0.000
Aqp4                                             0.346
Cx3cr1                                           0.000
Pdgfra                                           1.083
       CEMBA171214_4D#ATTCAGAATTAGCCTCTAAGATCCGTACTGAC
Rbfox3                                           4.849
Lhx6                                             0.000
Aqp4                                             0.148
Cx3cr1                                           0.285
Pdgfra                                           0.000
       CEMBA171214_4D#CTGAAGCTGCAACCTAAATGACGTCCTATCCT
Rbfox3                                           1.117
Lhx6                                             0.303
Aqp4                                             0.000
Cx3cr1                                           0.000
Pdgfra                                           0.248
       CEMBA171214_4D#GAGATTCCATAAGTCGTCCGGTAAGTACTGAC
Rbfox3                                           3.602
Lhx6                                             0.543
Aqp4                                             0.075
Cx3cr1                                           0.160
Pdgfra                                           0.000


imputeMatrix Input-Parameters$threads: length = 1
[1] 10


imputeMatrix Input-Parameters$verbose: length = 1
[1] FALSE


imputeMatrix Input-Parameters$logFile: length = 1
[1] "ArchRLogs/ArchR-plotEmbedding-36b43744ae3c4-Date-2020-10-03_Time-17-24-16.log"



2020-10-03 17:24:21 : mat, Class = matrix
       CEMBA171214_4D#ATTCAGAATCTATCCGTGCCTTACCAGGACGT
Rbfox3                                           0.912
Lhx6                                             0.788
Aqp4                                             0.073
Cx3cr1                                           0.245
Pdgfra                                           0.000
       CEMBA171214_4D#ATTCAGAACAGAACTGTTACGACCGTACTGAC
Rbfox3                                           1.966
Lhx6                                             0.000
Aqp4                                             0.346
Cx3cr1                                           0.000
Pdgfra                                           1.083
       CEMBA171214_4D#ATTCAGAATTAGCCTCTAAGATCCGTACTGAC
Rbfox3                                           4.849
Lhx6                                             0.000
Aqp4                                             0.148
Cx3cr1                                           0.285
Pdgfra                                           0.000
       CEMBA171214_4D#CTGAAGCTGCAACCTAAATGACGTCCTATCCT
Rbfox3                                           1.117
Lhx6                                             0.303
Aqp4                                             0.000
Cx3cr1                                           0.000
Pdgfra                                           0.248
       CEMBA171214_4D#GAGATTCCATAAGTCGTCCGGTAAGTACTGAC
Rbfox3                                           3.602
Lhx6                                             0.543
Aqp4                                             0.075
Cx3cr1                                           0.160
Pdgfra                                           0.000

mat: nRows = 7, nCols = 24241


2020-10-03 17:24:21 : weightList, Class = SimpleList

weightList$w1: length = 1
[1] "/home/bnphan/projects/snATAC_cross_species_caudate/data/raw_data/mm10/BICCN_mouse_caudoputamen/ArchR_BICCN_caudoputamen/ImputeWeights/Impute-Weights-Rep-1"


weightList$w2: length = 1
[1] "/home/bnphan/projects/snATAC_cross_species_caudate/data/raw_data/mm10/BICCN_mouse_caudoputamen/ArchR_BICCN_caudoputamen/ImputeWeights/Impute-Weights-Rep-2"


2020-10-03 17:24:21 : Imputing Matrix (1 of 2), 0 mins elapsed.

2020-10-03 17:24:21 : 

2020-10-03 17:24:21 : 

2020-10-03 17:24:21 : 

2020-10-03 17:24:21 : 

2020-10-03 17:24:21 : 

2020-10-03 17:24:21 : 
2020-10-03 17:24:27 : Imputing Matrix (2 of 2), 0.102 mins elapsed.

2020-10-03 17:24:27 : 

2020-10-03 17:24:27 : 

2020-10-03 17:24:27 : 

2020-10-03 17:24:27 : 

2020-10-03 17:24:27 : 

2020-10-03 17:24:28 : 
2020-10-03 17:24:33 : Finished Imputing Matrix, 0.208 mins elapsed.

2020-10-03 17:24:33 : colorMat-After-Impute, Class = matrix
       CEMBA171214_4D#ATTCAGAATCTATCCGTGCCTTACCAGGACGT
Rbfox3                                      2.52775819
Lhx6                                        0.67801695
Aqp4                                        0.19672063
Cx3cr1                                      0.06451646
Pdgfra                                      0.26620800
       CEMBA171214_4D#ATTCAGAACAGAACTGTTACGACCGTACTGAC
Rbfox3                                      3.36003745
Lhx6                                        0.05385666
Aqp4                                        0.34538275
Cx3cr1                                      0.02283883
Pdgfra                                      0.25230804
       CEMBA171214_4D#ATTCAGAATTAGCCTCTAAGATCCGTACTGAC
Rbfox3                                       2.3965368
Lhx6                                         0.5950536
Aqp4                                         0.1829079
Cx3cr1                                       0.1051975
Pdgfra                                       0.2811500
       CEMBA171214_4D#CTGAAGCTGCAACCTAAATGACGTCCTATCCT
Rbfox3                                      2.76510405
Lhx6                                        0.29536076
Aqp4                                        0.25804704
Cx3cr1                                      0.05642959
Pdgfra                                      0.22671842
       CEMBA171214_4D#GAGATTCCATAAGTCGTCCGGTAAGTACTGAC
Rbfox3                                       3.3901941
Lhx6                                         0.1592970
Aqp4                                         0.2989395
Cx3cr1                                       0.0295899
Pdgfra                                       0.2166610

colorMat-After-Impute: nRows = 7, nCols = 24241


2020-10-03 17:24:33 : ColorParams 1, Class = list

ColorParams 1$color: length = 24241
CEMBA171214_4D#ATTCAGAATCTATCCGTGCCTTACCAGGACGT 
                                       2.527758 
CEMBA171214_4D#ATTCAGAACAGAACTGTTACGACCGTACTGAC 
                                       3.360037 
CEMBA171214_4D#ATTCAGAATTAGCCTCTAAGATCCGTACTGAC 
                                       2.396537 
CEMBA171214_4D#CTGAAGCTGCAACCTAAATGACGTCCTATCCT 
                                       2.765104 
CEMBA171214_4D#GAGATTCCATAAGTCGTCCGGTAAGTACTGAC 
                                       3.390194 
CEMBA171214_4D#CTGAAGCTCGCTTGATATAGCCTTGTACTGAC 
                                       3.457381 


ColorParams 1$discrete: length = 1
[1] FALSE


ColorParams 1$title: length = 1
[1] "UMAP of IterativeLSI colored by\nGeneScoreMatrix : Rbfox3"


ColorParams 1$continuousSet: length = 1
[1] "horizonExtra"



2020-10-03 17:24:34 : PlotParams-1, Class = list

PlotParams-1$color: length = 24241
CEMBA171214_4D#ATTCAGAATCTATCCGTGCCTTACCAGGACGT 
                                       1.818752 
CEMBA171214_4D#ATTCAGAACAGAACTGTTACGACCGTACTGAC 
                                       2.124341 
CEMBA171214_4D#ATTCAGAATTAGCCTCTAAGATCCGTACTGAC 
                                       1.764064 
CEMBA171214_4D#CTGAAGCTGCAACCTAAATGACGTCCTATCCT 
                                       1.912690 
CEMBA171214_4D#GAGATTCCATAAGTCGTCCGGTAAGTACTGAC 
                                       2.134285 
CEMBA171214_4D#CTGAAGCTCGCTTGATATAGCCTTGTACTGAC 
                                       2.156196 


PlotParams-1$title: length = 1
[1] "UMAP of IterativeLSI colored by\nGeneScoreMatrix : Rbfox3"


PlotParams-1$x: length = 24241
[1] -0.2423347 -4.4092293 -0.3027112 -0.8316160 -0.9990590 -3.3533793


PlotParams-1$y: length = 24241
[1]  6.1311906  0.8105145  6.2258480  5.6119831  5.5936635 -0.5215693


PlotParams-1$baseSize: length = 1
[1] 10


PlotParams-1$xlabel: length = 1
[1] "UMAP Dimension 1"


PlotParams-1$ylabel: length = 1
[1] "UMAP Dimension 2"


PlotParams-1$pal: length = 256
[1] "#000436" "#000439" "#00053D" "#000640" "#000744" "#000848"


PlotParams-1$colorTitle: length = 1
[1] "Log2(NormCounts + 1)"



2020-10-03 17:24:34 : PlotParams-2, Class = list

PlotParams-2$color: length = 24241
CEMBA171214_4D#ATTCAGAATCTATCCGTGCCTTACCAGGACGT 
                                     0.74675728 
CEMBA171214_4D#ATTCAGAACAGAACTGTTACGACCGTACTGAC 
                                     0.07567865 
CEMBA171214_4D#ATTCAGAATTAGCCTCTAAGATCCGTACTGAC 
                                     0.67360492 
CEMBA171214_4D#CTGAAGCTGCAACCTAAATGACGTCCTATCCT 
                                     0.37335394 
CEMBA171214_4D#GAGATTCCATAAGTCGTCCGGTAAGTACTGAC 
                                     0.21325021 
CEMBA171214_4D#CTGAAGCTCGCTTGATATAGCCTTGTACTGAC 
                                     0.11520039 


PlotParams-2$title: length = 1
[1] "UMAP of IterativeLSI colored by\nGeneScoreMatrix : Lhx6"


PlotParams-2$x: length = 24241
[1] -0.2423347 -4.4092293 -0.3027112 -0.8316160 -0.9990590 -3.3533793


PlotParams-2$y: length = 24241
[1]  6.1311906  0.8105145  6.2258480  5.6119831  5.5936635 -0.5215693


PlotParams-2$baseSize: length = 1
[1] 10


PlotParams-2$xlabel: length = 1
[1] "UMAP Dimension 1"


PlotParams-2$ylabel: length = 1
[1] "UMAP Dimension 2"


PlotParams-2$pal: length = 256
[1] "#000436" "#000439" "#00053D" "#000640" "#000744" "#000848"


PlotParams-2$colorTitle: length = 1
[1] "Log2(NormCounts + 1)"



2020-10-03 17:24:34 : PlotParams-3, Class = list

PlotParams-3$color: length = 24241
CEMBA171214_4D#ATTCAGAATCTATCCGTGCCTTACCAGGACGT 
                                      0.2590864 
CEMBA171214_4D#ATTCAGAACAGAACTGTTACGACCGTACTGAC 
                                      0.4280167 
CEMBA171214_4D#ATTCAGAATTAGCCTCTAAGATCCGTACTGAC 
                                      0.2423377 
CEMBA171214_4D#CTGAAGCTGCAACCTAAATGACGTCCTATCCT 
                                      0.3311859 
CEMBA171214_4D#GAGATTCCATAAGTCGTCCGGTAAGTACTGAC 
                                      0.3773342 
CEMBA171214_4D#CTGAAGCTCGCTTGATATAGCCTTGTACTGAC 
                                      0.4635178 


PlotParams-3$title: length = 1
[1] "UMAP of IterativeLSI colored by\nGeneScoreMatrix : Aqp4"


PlotParams-3$x: length = 24241
[1] -0.2423347 -4.4092293 -0.3027112 -0.8316160 -0.9990590 -3.3533793


PlotParams-3$y: length = 24241
[1]  6.1311906  0.8105145  6.2258480  5.6119831  5.5936635 -0.5215693


PlotParams-3$baseSize: length = 1
[1] 10


PlotParams-3$xlabel: length = 1
[1] "UMAP Dimension 1"


PlotParams-3$ylabel: length = 1
[1] "UMAP Dimension 2"


PlotParams-3$pal: length = 256
[1] "#000436" "#000439" "#00053D" "#000640" "#000744" "#000848"


PlotParams-3$colorTitle: length = 1
[1] "Log2(NormCounts + 1)"



2020-10-03 17:24:34 : PlotParams-4, Class = list

PlotParams-4$color: length = 24241
CEMBA171214_4D#ATTCAGAATCTATCCGTGCCTTACCAGGACGT 
                                     0.09019826 
CEMBA171214_4D#ATTCAGAACAGAACTGTTACGACCGTACTGAC 
                                     0.03257884 
CEMBA171214_4D#ATTCAGAATTAGCCTCTAAGATCCGTACTGAC 
                                     0.14430420 
CEMBA171214_4D#CTGAAGCTGCAACCTAAATGACGTCCTATCCT 
                                     0.07919661 
CEMBA171214_4D#GAGATTCCATAAGTCGTCCGGTAAGTACTGAC 
                                     0.04206981 
CEMBA171214_4D#CTGAAGCTCGCTTGATATAGCCTTGTACTGAC 
                                     0.04297425 


PlotParams-4$title: length = 1
[1] "UMAP of IterativeLSI colored by\nGeneScoreMatrix : Cx3cr1"


PlotParams-4$x: length = 24241
[1] -0.2423347 -4.4092293 -0.3027112 -0.8316160 -0.9990590 -3.3533793


PlotParams-4$y: length = 24241
[1]  6.1311906  0.8105145  6.2258480  5.6119831  5.5936635 -0.5215693


PlotParams-4$baseSize: length = 1
[1] 10


PlotParams-4$xlabel: length = 1
[1] "UMAP Dimension 1"


PlotParams-4$ylabel: length = 1
[1] "UMAP Dimension 2"


PlotParams-4$pal: length = 256
[1] "#000436" "#000439" "#00053D" "#000640" "#000744" "#000848"


PlotParams-4$colorTitle: length = 1
[1] "Log2(NormCounts + 1)"



2020-10-03 17:24:35 : PlotParams-5, Class = list

PlotParams-5$color: length = 24241
CEMBA171214_4D#ATTCAGAATCTATCCGTGCCTTACCAGGACGT 
                                      0.3405144 
CEMBA171214_4D#ATTCAGAACAGAACTGTTACGACCGTACTGAC 
                                      0.3245895 
CEMBA171214_4D#ATTCAGAATTAGCCTCTAAGATCCGTACTGAC 
                                      0.3574394 
CEMBA171214_4D#CTGAAGCTGCAACCTAAATGACGTCCTATCCT 
                                      0.2948041 
CEMBA171214_4D#GAGATTCCATAAGTCGTCCGGTAAGTACTGAC 
                                      0.2829273 
CEMBA171214_4D#CTGAAGCTCGCTTGATATAGCCTTGTACTGAC 
                                      0.2223002 


PlotParams-5$title: length = 1
[1] "UMAP of IterativeLSI colored by\nGeneScoreMatrix : Pdgfra"


PlotParams-5$x: length = 24241
[1] -0.2423347 -4.4092293 -0.3027112 -0.8316160 -0.9990590 -3.3533793


PlotParams-5$y: length = 24241
[1]  6.1311906  0.8105145  6.2258480  5.6119831  5.5936635 -0.5215693


PlotParams-5$baseSize: length = 1
[1] 10


PlotParams-5$xlabel: length = 1
[1] "UMAP Dimension 1"


PlotParams-5$ylabel: length = 1
[1] "UMAP Dimension 2"


PlotParams-5$pal: length = 256
[1] "#000436" "#000439" "#00053D" "#000640" "#000744" "#000848"


PlotParams-5$colorTitle: length = 1
[1] "Log2(NormCounts + 1)"



2020-10-03 17:24:35 : PlotParams-6, Class = list

PlotParams-6$color: length = 24241
CEMBA171214_4D#ATTCAGAATCTATCCGTGCCTTACCAGGACGT 
                                      0.2127090 
CEMBA171214_4D#ATTCAGAACAGAACTGTTACGACCGTACTGAC 
                                      0.2627594 
CEMBA171214_4D#ATTCAGAATTAGCCTCTAAGATCCGTACTGAC 
                                      0.1828121 
CEMBA171214_4D#CTGAAGCTGCAACCTAAATGACGTCCTATCCT 
                                      0.2401158 
CEMBA171214_4D#GAGATTCCATAAGTCGTCCGGTAAGTACTGAC 
                                      0.2676398 
CEMBA171214_4D#CTGAAGCTCGCTTGATATAGCCTTGTACTGAC 
                                      0.2117543 


PlotParams-6$title: length = 1
[1] "UMAP of IterativeLSI colored by\nGeneScoreMatrix : Mog"


PlotParams-6$x: length = 24241
[1] -0.2423347 -4.4092293 -0.3027112 -0.8316160 -0.9990590 -3.3533793


PlotParams-6$y: length = 24241
[1]  6.1311906  0.8105145  6.2258480  5.6119831  5.5936635 -0.5215693


PlotParams-6$baseSize: length = 1
[1] 10


PlotParams-6$xlabel: length = 1
[1] "UMAP Dimension 1"


PlotParams-6$ylabel: length = 1
[1] "UMAP Dimension 2"


PlotParams-6$pal: length = 256
[1] "#000436" "#000439" "#00053D" "#000640" "#000744" "#000848"


PlotParams-6$colorTitle: length = 1
[1] "Log2(NormCounts + 1)"



2020-10-03 17:24:35 : PlotParams-7, Class = list

PlotParams-7$color: length = 24241
CEMBA171214_4D#ATTCAGAATCTATCCGTGCCTTACCAGGACGT 
                                      0.1617269 
CEMBA171214_4D#ATTCAGAACAGAACTGTTACGACCGTACTGAC 
                                      0.5024529 
CEMBA171214_4D#ATTCAGAATTAGCCTCTAAGATCCGTACTGAC 
                                      0.1457356 
CEMBA171214_4D#CTGAAGCTGCAACCTAAATGACGTCCTATCCT 
                                      0.3032157 
CEMBA171214_4D#GAGATTCCATAAGTCGTCCGGTAAGTACTGAC 
                                      0.5133397 
CEMBA171214_4D#CTGAAGCTCGCTTGATATAGCCTTGTACTGAC 
                                      0.3969497 


PlotParams-7$title: length = 1
[1] "UMAP of IterativeLSI colored by\nGeneScoreMatrix : Des"


PlotParams-7$x: length = 24241
[1] -0.2423347 -4.4092293 -0.3027112 -0.8316160 -0.9990590 -3.3533793


PlotParams-7$y: length = 24241
[1]  6.1311906  0.8105145  6.2258480  5.6119831  5.5936635 -0.5215693


PlotParams-7$baseSize: length = 1
[1] 10


PlotParams-7$xlabel: length = 1
[1] "UMAP Dimension 1"


PlotParams-7$ylabel: length = 1
[1] "UMAP Dimension 2"


PlotParams-7$pal: length = 256
[1] "#000436" "#000439" "#00053D" "#000640" "#000744" "#000848"


PlotParams-7$colorTitle: length = 1
[1] "Log2(NormCounts + 1)"



------- Completed

End Time : 2020-10-03 17:24:35
Elapsed Time Minutes = 0.332743875185649
Elapsed Time Hours = 0.00554578456613753

-------



