
           ___      .______        ______  __    __  .______      
          /   \     |   _  \      /      ||  |  |  | |   _  \     
         /  ^  \    |  |_)  |    |  ,----'|  |__|  | |  |_)  |    
        /  /_\  \   |      /     |  |     |   __   | |      /     
       /  _____  \  |  |\  \\___ |  `----.|  |  |  | |  |\  \\___.
      /__/     \__\ | _| `._____| \______||__|  |__| | _| `._____|
    
Logging With ArchR!

Start Time : 2020-10-05 13:51:18

------- ArchR Info

ArchRThreads = 10
ArchRGenome = Hg38

------- System Info

Computer OS = unix
Total Cores = 64

------- Session Info

R version 3.6.3 (2020-02-29)
Platform: x86_64-conda_cos6-linux-gnu (64-bit)
Running under: CentOS Linux 7 (Core)

Matrix products: default
BLAS/LAPACK: /home/bnphan/miniconda3/lib/libmkl_rt.so

locale:
 [1] LC_CTYPE=en_US.UTF-8       LC_NUMERIC=C              
 [3] LC_TIME=en_US.UTF-8        LC_COLLATE=en_US.UTF-8    
 [5] LC_MONETARY=en_US.UTF-8    LC_MESSAGES=en_US.UTF-8   
 [7] LC_PAPER=en_US.UTF-8       LC_NAME=C                 
 [9] LC_ADDRESS=C               LC_TELEPHONE=C            
[11] LC_MEASUREMENT=en_US.UTF-8 LC_IDENTIFICATION=C       

attached base packages:
 [1] grid      parallel  stats4    stats     graphics  grDevices utils    
 [8] datasets  methods   base     

other attached packages:
 [1] gridExtra_2.3               uwot_0.1.8                 
 [3] Seurat_3.2.2                gtable_0.3.0               
 [5] ArchR_0.9.5                 magrittr_1.5               
 [7] rhdf5_2.30.1                Matrix_1.2-18              
 [9] data.table_1.13.0           SummarizedExperiment_1.16.1
[11] DelayedArray_0.12.3         BiocParallel_1.20.1        
[13] matrixStats_0.57.0          Biobase_2.46.0             
[15] GenomicRanges_1.38.0        GenomeInfoDb_1.22.1        
[17] IRanges_2.20.2              S4Vectors_0.24.4           
[19] BiocGenerics_0.32.0         ggplot2_3.3.2              
[21] colorout_1.2-2             

loaded via a namespace (and not attached):
  [1] Rtsne_0.15                        colorspace_1.4-1                 
  [3] deldir_0.1-29                     ellipsis_0.3.1                   
  [5] ggridges_0.5.2                    BSgenome.Hsapiens.UCSC.hg38_1.4.1
  [7] IRdisplay_0.7.0                   XVector_0.26.0                   
  [9] base64enc_0.1-3                   spatstat.data_1.4-3              
 [11] leiden_0.3.3                      listenv_0.8.0                    
 [13] farver_2.0.3                      hexbin_1.28.1                    
 [15] ggrepel_0.8.2                     codetools_0.2-16                 
 [17] splines_3.6.3                     polyclip_1.10-0                  
 [19] IRkernel_1.1.1                    jsonlite_1.7.1                   
 [21] Rsamtools_2.2.3                   Cairo_1.5-12.2                   
 [23] ica_1.0-2                         cluster_2.1.0                    
 [25] png_0.1-7                         pheatmap_1.0.12                  
 [27] sctransform_0.3                   shiny_1.5.0                      
 [29] compiler_3.6.3                    httr_1.4.2                       
 [31] fastmap_1.0.1                     lazyeval_0.2.2                   
 [33] later_1.1.0.1                     htmltools_0.5.0                  
 [35] tools_3.6.3                       rsvd_1.0.3                       
 [37] igraph_1.2.5                      glue_1.4.2                       
 [39] GenomeInfoDbData_1.2.2            reshape2_1.4.4                   
 [41] RANN_2.6.1                        dplyr_1.0.2                      
 [43] rappdirs_0.3.1                    spatstat_1.64-1                  
 [45] Rcpp_1.0.5                        vctrs_0.3.4                      
 [47] Biostrings_2.54.0                 nlme_3.1-149                     
 [49] rtracklayer_1.46.0                lmtest_0.9-38                    
 [51] stringr_1.4.0                     globals_0.13.0                   
 [53] mime_0.9                          miniUI_0.1.1.1                   
 [55] lifecycle_0.2.0                   irlba_2.3.3                      
 [57] gtools_3.8.2                      goftest_1.2-2                    
 [59] XML_3.99-0.3                      future_1.19.1                    
 [61] zlibbioc_1.32.0                   MASS_7.3-53                      
 [63] zoo_1.8-8                         scales_1.1.1                     
 [65] BSgenome_1.54.0                   spatstat.utils_1.17-0            
 [67] promises_1.1.1                    RColorBrewer_1.1-2               
 [69] reticulate_1.16                   pbapply_1.4-3                    
 [71] rpart_4.1-15                      stringi_1.5.3                    
 [73] repr_1.1.0                        rlang_0.4.7                      
 [75] pkgconfig_2.0.3                   bitops_1.0-6                     
 [77] evaluate_0.14                     lattice_0.20-41                  
 [79] tensor_1.5                        ROCR_1.0-11                      
 [81] purrr_0.3.4                       Rhdf5lib_1.8.0                   
 [83] GenomicAlignments_1.22.1          patchwork_1.0.1                  
 [85] htmlwidgets_1.5.1                 labeling_0.3                     
 [87] cowplot_1.1.0                     tidyselect_1.1.0                 
 [89] RcppAnnoy_0.0.16                  plyr_1.8.6                       
 [91] R6_2.4.1                          generics_0.0.2                   
 [93] pbdZMQ_0.3-3                      mgcv_1.8-33                      
 [95] pillar_1.4.6                      withr_2.3.0                      
 [97] fitdistrplus_1.1-1                abind_1.4-5                      
 [99] survival_3.2-7                    RCurl_1.98-1.2                   
[101] tibble_3.0.3                      future.apply_1.6.0               
[103] crayon_1.3.4                      uuid_0.1-4                       
[105] KernSmooth_2.23-17                plotly_4.9.2.1                   
[107] digest_0.6.25                     xtable_1.8-4                     
[109] tidyr_1.1.2                       httpuv_1.5.4                     
[111] munsell_0.5.0                     viridisLite_0.3.0                


------- Log Info


2020-10-05 13:51:18 : Input-Parameters, Class = list

Input-Parameters$ArchRProj: length = 1
class: ArchRProject 
outputDirectory: /home/bnphan/projects/snATAC_cross_species_caudate/data/raw_data/mm10/BICCN_mouse_caudoputamen/ArchR_BICCN_CP_4D_neuron 
samples(2): CEMBA171219_4D CEMBA171214_4D
sampleColData names(1): ArrowFiles
cellColData names(19): Sample TSSEnrichment ... Clusters Clusters2
numberOfCells(1): 1
medianTSS(1): 14.205
medianFrags(1): 42336


Input-Parameters$embedding: length = 1
[1] "UMAP"


Input-Parameters$colorBy: length = 1
[1] "GeneScoreMatrix"


Input-Parameters$name: length = 6
[1] "Drd2"    "Adora2a" "Penk"    "Grik3"   "Sp9"     "Gpr52"  


Input-Parameters$log2Norm: length = 0
NULL


Input-Parameters$pal: length = 0
NULL


Input-Parameters$size: length = 1
[1] 0.1


Input-Parameters$sampleCells: length = 0
NULL


Input-Parameters$highlightCells: length = 0
NULL


Input-Parameters$rastr: length = 1
[1] TRUE


Input-Parameters$quantCut: length = 2
[1] 0.01 0.99


Input-Parameters$discreteSet: length = 0
NULL


Input-Parameters$continuousSet: length = 0
NULL


Input-Parameters$randomize: length = 1
[1] TRUE


Input-Parameters$keepAxis: length = 1
[1] FALSE


Input-Parameters$baseSize: length = 1
[1] 10


Input-Parameters$plotAs: length = 0
NULL


Input-Parameters$threads: length = 1
[1] 10


Input-Parameters$logFile: length = 1
[1] "ArchRLogs/ArchR-plotEmbedding-397411f2eaae3-Date-2020-10-05_Time-13-51-18.log"



2020-10-05 13:51:18 : 

2020-10-05 13:51:18 : Embedding data.frame, Class = data.frame
Embedding data.frame: nRows = 8786, nCols = 2
                                                IterativeLSI#UMAP_Dimension_1
CEMBA171214_4D#ATTCAGAATCTATCCGTGCCTTACCAGGACGT                      3.143084
CEMBA171214_4D#ATTCAGAACAGAACTGTTACGACCGTACTGAC                     -2.038470
CEMBA171214_4D#ATTCAGAATTAGCCTCTAAGATCCGTACTGAC                      3.108982
CEMBA171214_4D#CTGAAGCTGCAACCTAAATGACGTCCTATCCT                      2.917654
CEMBA171214_4D#GAGATTCCATAAGTCGTCCGGTAAGTACTGAC                      2.848094
CEMBA171214_4D#CTGAAGCTCGCTTGATATAGCCTTGTACTGAC                     -2.365865
                                                IterativeLSI#UMAP_Dimension_2
CEMBA171214_4D#ATTCAGAATCTATCCGTGCCTTACCAGGACGT                     7.0555823
CEMBA171214_4D#ATTCAGAACAGAACTGTTACGACCGTACTGAC                     0.2433308
CEMBA171214_4D#ATTCAGAATTAGCCTCTAAGATCCGTACTGAC                     6.8481490
CEMBA171214_4D#CTGAAGCTGCAACCTAAATGACGTCCTATCCT                     6.0083110
CEMBA171214_4D#GAGATTCCATAAGTCGTCCGGTAAGTACTGAC                     6.5566613
CEMBA171214_4D#CTGAAGCTCGCTTGATATAGCCTTGTACTGAC                    -1.6640504



2020-10-05 13:51:19 : 

2020-10-05 13:51:19 : 

2020-10-05 13:51:19 : FeatureDF, Class = DFrame
DataFrame with 24333 rows and 6 columns
      seqnames     start       end  strand          name     idx
         <Rle>   <array>   <array> <array>       <array> <array>
1         chr1   3671498   3214482       2          Xkr4       1
2         chr1   4409241   4290846       2           Rp1       2
3         chr1   4497354   4490928       2         Sox17       3
4         chr1   4785726   4773198       2        Mrpl15       4
5         chr1   4807893   4846735       1        Lypla1       5
...        ...       ...       ...     ...           ...     ...
24329     chrX 169320372 169251538       2          Hccs    1039
24330     chrX 169320422 169368178       1       Gm15246    1040
24331     chrX 169685199 169990798       1          Mid1    1041
24332     chrX 169779635 169776378       2 4933400A11Rik    1042
24333     chrX 170672644 170678054       1          Asmt    1043


2020-10-05 13:51:19 : idx, Class = integer

idx: length = 6
[1] 22458  1793 14454 15334 11911   986



2020-10-05 13:51:19 : FeatureDF-Subset, Class = DFrame
DataFrame with 6 rows and 6 columns
  seqnames     start       end  strand    name     idx
     <Rle>   <array>   <array> <array> <array> <array>
1     chr9  49340662  49407214       1    Drd2     520
2    chr10  75316877  75334792       1 Adora2a     435
3     chr4   4138815   4133536       2    Penk      15
4     chr4 125490831 125714173       1   Grik3     895
5     chr2  73271926  73275771       1     Sp9     658
6     chr1 160577753 160576668       2   Gpr52     986


2020-10-05 13:51:21 : Feature-Matrix, Class = dgCMatrix
Feature-Matrix: nRows = 6, nCols = 8786
Feature-Matrix: NonZeroEntries = 15214, EntryRange = [ 0.045 , 65.109 ]
5 x 5 sparse Matrix of class "dgCMatrix"
     CEMBA171214_4D#ATTCAGAATCTATCCGTGCCTTACCAGGACGT
[1,]                                           0.250
[2,]                                           1.687
[3,]                                           1.658
[4,]                                           2.726
[5,]                                           2.113
     CEMBA171214_4D#ATTCAGAACAGAACTGTTACGACCGTACTGAC
[1,]                                           .    
[2,]                                           .    
[3,]                                           0.618
[4,]                                           0.262
[5,]                                           .    
     CEMBA171214_4D#ATTCAGAATTAGCCTCTAAGATCCGTACTGAC
[1,]                                           1.348
[2,]                                           0.882
[3,]                                           0.125
[4,]                                           2.400
[5,]                                           1.026
     CEMBA171214_4D#CTGAAGCTGCAACCTAAATGACGTCCTATCCT
[1,]                                           .    
[2,]                                           .    
[3,]                                           0.141
[4,]                                           0.439
[5,]                                           .    
     CEMBA171214_4D#GAGATTCCATAAGTCGTCCGGTAAGTACTGAC
[1,]                                           1.580
[2,]                                           0.914
[3,]                                           0.126
[4,]                                           3.187
[5,]                                           3.211



2020-10-05 13:51:21 : colorMat-Before-Impute, Class = matrix
        CEMBA171214_4D#ATTCAGAATCTATCCGTGCCTTACCAGGACGT
Drd2                                              0.250
Adora2a                                           1.687
Penk                                              1.658
Grik3                                             2.726
Sp9                                               2.113
        CEMBA171214_4D#ATTCAGAACAGAACTGTTACGACCGTACTGAC
Drd2                                              0.000
Adora2a                                           0.000
Penk                                              0.618
Grik3                                             0.262
Sp9                                               0.000
        CEMBA171214_4D#ATTCAGAATTAGCCTCTAAGATCCGTACTGAC
Drd2                                              1.348
Adora2a                                           0.882
Penk                                              0.125
Grik3                                             2.400
Sp9                                               1.026
        CEMBA171214_4D#CTGAAGCTGCAACCTAAATGACGTCCTATCCT
Drd2                                              0.000
Adora2a                                           0.000
Penk                                              0.141
Grik3                                             0.439
Sp9                                               0.000
        CEMBA171214_4D#GAGATTCCATAAGTCGTCCGGTAAGTACTGAC
Drd2                                              1.580
Adora2a                                           0.914
Penk                                              0.126
Grik3                                             3.187
Sp9                                               3.211

colorMat-Before-Impute: nRows = 6, nCols = 8786


2020-10-05 13:51:21 : imputeMatrix Input-Parameters, Class = list

imputeMatrix Input-Parameters$mat: nRows = 6, nCols = 8786
        CEMBA171214_4D#ATTCAGAATCTATCCGTGCCTTACCAGGACGT
Drd2                                              0.250
Adora2a                                           1.687
Penk                                              1.658
Grik3                                             2.726
Sp9                                               2.113
        CEMBA171214_4D#ATTCAGAACAGAACTGTTACGACCGTACTGAC
Drd2                                              0.000
Adora2a                                           0.000
Penk                                              0.618
Grik3                                             0.262
Sp9                                               0.000
        CEMBA171214_4D#ATTCAGAATTAGCCTCTAAGATCCGTACTGAC
Drd2                                              1.348
Adora2a                                           0.882
Penk                                              0.125
Grik3                                             2.400
Sp9                                               1.026
        CEMBA171214_4D#CTGAAGCTGCAACCTAAATGACGTCCTATCCT
Drd2                                              0.000
Adora2a                                           0.000
Penk                                              0.141
Grik3                                             0.439
Sp9                                               0.000
        CEMBA171214_4D#GAGATTCCATAAGTCGTCCGGTAAGTACTGAC
Drd2                                              1.580
Adora2a                                           0.914
Penk                                              0.126
Grik3                                             3.187
Sp9                                               3.211


imputeMatrix Input-Parameters$threads: length = 1
[1] 10


imputeMatrix Input-Parameters$verbose: length = 1
[1] FALSE


imputeMatrix Input-Parameters$logFile: length = 1
[1] "ArchRLogs/ArchR-plotEmbedding-397411f2eaae3-Date-2020-10-05_Time-13-51-18.log"



2020-10-05 13:51:21 : mat, Class = matrix
        CEMBA171214_4D#ATTCAGAATCTATCCGTGCCTTACCAGGACGT
Drd2                                              0.250
Adora2a                                           1.687
Penk                                              1.658
Grik3                                             2.726
Sp9                                               2.113
        CEMBA171214_4D#ATTCAGAACAGAACTGTTACGACCGTACTGAC
Drd2                                              0.000
Adora2a                                           0.000
Penk                                              0.618
Grik3                                             0.262
Sp9                                               0.000
        CEMBA171214_4D#ATTCAGAATTAGCCTCTAAGATCCGTACTGAC
Drd2                                              1.348
Adora2a                                           0.882
Penk                                              0.125
Grik3                                             2.400
Sp9                                               1.026
        CEMBA171214_4D#CTGAAGCTGCAACCTAAATGACGTCCTATCCT
Drd2                                              0.000
Adora2a                                           0.000
Penk                                              0.141
Grik3                                             0.439
Sp9                                               0.000
        CEMBA171214_4D#GAGATTCCATAAGTCGTCCGGTAAGTACTGAC
Drd2                                              1.580
Adora2a                                           0.914
Penk                                              0.126
Grik3                                             3.187
Sp9                                               3.211

mat: nRows = 6, nCols = 8786


2020-10-05 13:51:21 : weightList, Class = SimpleList

weightList$w1: length = 1
[1] "/home/bnphan/projects/snATAC_cross_species_caudate/data/raw_data/mm10/BICCN_mouse_caudoputamen/ArchR_BICCN_CP_4D_neuron/ImputeWeights/Impute-Weights-Rep-1"


weightList$w2: length = 1
[1] "/home/bnphan/projects/snATAC_cross_species_caudate/data/raw_data/mm10/BICCN_mouse_caudoputamen/ArchR_BICCN_CP_4D_neuron/ImputeWeights/Impute-Weights-Rep-2"


2020-10-05 13:51:21 : Imputing Matrix (1 of 2), 0 mins elapsed.

2020-10-05 13:51:21 : 

2020-10-05 13:51:21 : 

2020-10-05 13:51:21 : 
2020-10-05 13:51:22 : Imputing Matrix (2 of 2), 0.008 mins elapsed.

2020-10-05 13:51:22 : 

2020-10-05 13:51:22 : 

2020-10-05 13:51:22 : 
2020-10-05 13:51:22 : Finished Imputing Matrix, 0.017 mins elapsed.

2020-10-05 13:51:22 : colorMat-After-Impute, Class = matrix
        CEMBA171214_4D#ATTCAGAATCTATCCGTGCCTTACCAGGACGT
Drd2                                          0.3140029
Adora2a                                       0.2801292
Penk                                          0.5786917
Grik3                                         1.1621294
Sp9                                           0.8362875
        CEMBA171214_4D#ATTCAGAACAGAACTGTTACGACCGTACTGAC
Drd2                                          0.8708783
Adora2a                                       1.0441504
Penk                                          1.8428707
Grik3                                         0.7623932
Sp9                                           1.5831794
        CEMBA171214_4D#ATTCAGAATTAGCCTCTAAGATCCGTACTGAC
Drd2                                          0.3578221
Adora2a                                       0.3788164
Penk                                          0.7299918
Grik3                                         1.0948496
Sp9                                           0.9485009
        CEMBA171214_4D#CTGAAGCTGCAACCTAAATGACGTCCTATCCT
Drd2                                          0.5023355
Adora2a                                       0.5105638
Penk                                          0.8935952
Grik3                                         0.8644058
Sp9                                           1.1195278
        CEMBA171214_4D#GAGATTCCATAAGTCGTCCGGTAAGTACTGAC
Drd2                                          0.8872514
Adora2a                                       0.9504129
Penk                                          1.6297727
Grik3                                         0.9583914
Sp9                                           1.7356207

colorMat-After-Impute: nRows = 6, nCols = 8786


2020-10-05 13:51:22 : ColorParams 1, Class = list

ColorParams 1$color: length = 8786
CEMBA171214_4D#ATTCAGAATCTATCCGTGCCTTACCAGGACGT 
                                      0.3140029 
CEMBA171214_4D#ATTCAGAACAGAACTGTTACGACCGTACTGAC 
                                      0.8708783 
CEMBA171214_4D#ATTCAGAATTAGCCTCTAAGATCCGTACTGAC 
                                      0.3578221 
CEMBA171214_4D#CTGAAGCTGCAACCTAAATGACGTCCTATCCT 
                                      0.5023355 
CEMBA171214_4D#GAGATTCCATAAGTCGTCCGGTAAGTACTGAC 
                                      0.8872514 
CEMBA171214_4D#CTGAAGCTCGCTTGATATAGCCTTGTACTGAC 
                                      0.8920597 


ColorParams 1$discrete: length = 1
[1] FALSE


ColorParams 1$title: length = 1
[1] "UMAP of IterativeLSI colored by\nGeneScoreMatrix : Drd2"


ColorParams 1$continuousSet: length = 1
[1] "horizonExtra"



2020-10-05 13:51:22 : PlotParams-1, Class = list

PlotParams-1$color: length = 8786
CEMBA171214_4D#ATTCAGAATCTATCCGTGCCTTACCAGGACGT 
                                      0.3939685 
CEMBA171214_4D#ATTCAGAACAGAACTGTTACGACCGTACTGAC 
                                      0.9037157 
CEMBA171214_4D#ATTCAGAATTAGCCTCTAAGATCCGTACTGAC 
                                      0.4412945 
CEMBA171214_4D#CTGAAGCTGCAACCTAAATGACGTCCTATCCT 
                                      0.5872071 
CEMBA171214_4D#GAGATTCCATAAGTCGTCCGGTAAGTACTGAC 
                                      0.9162866 
CEMBA171214_4D#CTGAAGCTCGCTTGATATAGCCTTGTACTGAC 
                                      0.9199576 


PlotParams-1$title: length = 1
[1] "UMAP of IterativeLSI colored by\nGeneScoreMatrix : Drd2"


PlotParams-1$x: length = 8786
[1]  3.143084 -2.038470  3.108982  2.917654  2.848094 -2.365865


PlotParams-1$y: length = 8786
[1]  7.0555823  0.2433308  6.8481490  6.0083110  6.5566613 -1.6640504


PlotParams-1$baseSize: length = 1
[1] 10


PlotParams-1$xlabel: length = 1
[1] "UMAP Dimension 1"


PlotParams-1$ylabel: length = 1
[1] "UMAP Dimension 2"


PlotParams-1$pal: length = 256
[1] "#000436" "#000439" "#00053D" "#000640" "#000744" "#000848"


PlotParams-1$colorTitle: length = 1
[1] "Log2(NormCounts + 1)"



2020-10-05 13:51:22 : PlotParams-2, Class = list

PlotParams-2$color: length = 8786
CEMBA171214_4D#ATTCAGAATCTATCCGTGCCTTACCAGGACGT 
                                      0.3562894 
CEMBA171214_4D#ATTCAGAACAGAACTGTTACGACCGTACTGAC 
                                      1.0315014 
CEMBA171214_4D#ATTCAGAATTAGCCTCTAAGATCCGTACTGAC 
                                      0.4634304 
CEMBA171214_4D#CTGAAGCTGCAACCTAAATGACGTCCTATCCT 
                                      0.5950871 
CEMBA171214_4D#GAGATTCCATAAGTCGTCCGGTAAGTACTGAC 
                                      0.9637796 
CEMBA171214_4D#CTGAAGCTCGCTTGATATAGCCTTGTACTGAC 
                                      1.0766431 


PlotParams-2$title: length = 1
[1] "UMAP of IterativeLSI colored by\nGeneScoreMatrix : Adora2a"


PlotParams-2$x: length = 8786
[1]  3.143084 -2.038470  3.108982  2.917654  2.848094 -2.365865


PlotParams-2$y: length = 8786
[1]  7.0555823  0.2433308  6.8481490  6.0083110  6.5566613 -1.6640504


PlotParams-2$baseSize: length = 1
[1] 10


PlotParams-2$xlabel: length = 1
[1] "UMAP Dimension 1"


PlotParams-2$ylabel: length = 1
[1] "UMAP Dimension 2"


PlotParams-2$pal: length = 256
[1] "#000436" "#000439" "#00053D" "#000640" "#000744" "#000848"


PlotParams-2$colorTitle: length = 1
[1] "Log2(NormCounts + 1)"



2020-10-05 13:51:23 : PlotParams-3, Class = list

PlotParams-3$color: length = 8786
CEMBA171214_4D#ATTCAGAATCTATCCGTGCCTTACCAGGACGT 
                                      0.6587295 
CEMBA171214_4D#ATTCAGAACAGAACTGTTACGACCGTACTGAC 
                                      1.5073485 
CEMBA171214_4D#ATTCAGAATTAGCCTCTAAGATCCGTACTGAC 
                                      0.7907652 
CEMBA171214_4D#CTGAAGCTGCAACCTAAATGACGTCCTATCCT 
                                      0.9211280 
CEMBA171214_4D#GAGATTCCATAAGTCGTCCGGTAAGTACTGAC 
                                      1.3949381 
CEMBA171214_4D#CTGAAGCTCGCTTGATATAGCCTTGTACTGAC 
                                      1.4671522 


PlotParams-3$title: length = 1
[1] "UMAP of IterativeLSI colored by\nGeneScoreMatrix : Penk"


PlotParams-3$x: length = 8786
[1]  3.143084 -2.038470  3.108982  2.917654  2.848094 -2.365865


PlotParams-3$y: length = 8786
[1]  7.0555823  0.2433308  6.8481490  6.0083110  6.5566613 -1.6640504


PlotParams-3$baseSize: length = 1
[1] 10


PlotParams-3$xlabel: length = 1
[1] "UMAP Dimension 1"


PlotParams-3$ylabel: length = 1
[1] "UMAP Dimension 2"


PlotParams-3$pal: length = 256
[1] "#000436" "#000439" "#00053D" "#000640" "#000744" "#000848"


PlotParams-3$colorTitle: length = 1
[1] "Log2(NormCounts + 1)"



2020-10-05 13:51:23 : PlotParams-4, Class = list

PlotParams-4$color: length = 8786
CEMBA171214_4D#ATTCAGAATCTATCCGTGCCTTACCAGGACGT 
                                      1.1124529 
CEMBA171214_4D#ATTCAGAACAGAACTGTTACGACCGTACTGAC 
                                      0.8175359 
CEMBA171214_4D#ATTCAGAATTAGCCTCTAAGATCCGTACTGAC 
                                      1.0668466 
CEMBA171214_4D#CTGAAGCTGCAACCTAAATGACGTCCTATCCT 
                                      0.8987159 
CEMBA171214_4D#GAGATTCCATAAGTCGTCCGGTAAGTACTGAC 
                                      0.9696692 
CEMBA171214_4D#CTGAAGCTCGCTTGATATAGCCTTGTACTGAC 
                                      0.7227004 


PlotParams-4$title: length = 1
[1] "UMAP of IterativeLSI colored by\nGeneScoreMatrix : Grik3"


PlotParams-4$x: length = 8786
[1]  3.143084 -2.038470  3.108982  2.917654  2.848094 -2.365865


PlotParams-4$y: length = 8786
[1]  7.0555823  0.2433308  6.8481490  6.0083110  6.5566613 -1.6640504


PlotParams-4$baseSize: length = 1
[1] 10


PlotParams-4$xlabel: length = 1
[1] "UMAP Dimension 1"


PlotParams-4$ylabel: length = 1
[1] "UMAP Dimension 2"


PlotParams-4$pal: length = 256
[1] "#000436" "#000439" "#00053D" "#000640" "#000744" "#000848"


PlotParams-4$colorTitle: length = 1
[1] "Log2(NormCounts + 1)"



2020-10-05 13:51:23 : PlotParams-5, Class = list

PlotParams-5$color: length = 8786
CEMBA171214_4D#ATTCAGAATCTATCCGTGCCTTACCAGGACGT 
                                      0.8767919 
CEMBA171214_4D#ATTCAGAACAGAACTGTTACGACCGTACTGAC 
                                      1.3691478 
CEMBA171214_4D#ATTCAGAATTAGCCTCTAAGATCCGTACTGAC 
                                      0.9623646 
CEMBA171214_4D#CTGAAGCTGCAACCTAAATGACGTCCTATCCT 
                                      1.0837429 
CEMBA171214_4D#GAGATTCCATAAGTCGTCCGGTAAGTACTGAC 
                                      1.4518682 
CEMBA171214_4D#CTGAAGCTCGCTTGATATAGCCTTGTACTGAC 
                                      1.2527123 


PlotParams-5$title: length = 1
[1] "UMAP of IterativeLSI colored by\nGeneScoreMatrix : Sp9"


PlotParams-5$x: length = 8786
[1]  3.143084 -2.038470  3.108982  2.917654  2.848094 -2.365865


PlotParams-5$y: length = 8786
[1]  7.0555823  0.2433308  6.8481490  6.0083110  6.5566613 -1.6640504


PlotParams-5$baseSize: length = 1
[1] 10


PlotParams-5$xlabel: length = 1
[1] "UMAP Dimension 1"


PlotParams-5$ylabel: length = 1
[1] "UMAP Dimension 2"


PlotParams-5$pal: length = 256
[1] "#000436" "#000439" "#00053D" "#000640" "#000744" "#000848"


PlotParams-5$colorTitle: length = 1
[1] "Log2(NormCounts + 1)"



2020-10-05 13:51:23 : PlotParams-6, Class = list

PlotParams-6$color: length = 8786
CEMBA171214_4D#ATTCAGAATCTATCCGTGCCTTACCAGGACGT 
                                       1.173878 
CEMBA171214_4D#ATTCAGAACAGAACTGTTACGACCGTACTGAC 
                                       1.726949 
CEMBA171214_4D#ATTCAGAATTAGCCTCTAAGATCCGTACTGAC 
                                       1.238845 
CEMBA171214_4D#CTGAAGCTGCAACCTAAATGACGTCCTATCCT 
                                       1.351061 
CEMBA171214_4D#GAGATTCCATAAGTCGTCCGGTAAGTACTGAC 
                                       1.703812 
CEMBA171214_4D#CTGAAGCTCGCTTGATATAGCCTTGTACTGAC 
                                       1.740462 


PlotParams-6$title: length = 1
[1] "UMAP of IterativeLSI colored by\nGeneScoreMatrix : Gpr52"


PlotParams-6$x: length = 8786
[1]  3.143084 -2.038470  3.108982  2.917654  2.848094 -2.365865


PlotParams-6$y: length = 8786
[1]  7.0555823  0.2433308  6.8481490  6.0083110  6.5566613 -1.6640504


PlotParams-6$baseSize: length = 1
[1] 10


PlotParams-6$xlabel: length = 1
[1] "UMAP Dimension 1"


PlotParams-6$ylabel: length = 1
[1] "UMAP Dimension 2"


PlotParams-6$pal: length = 256
[1] "#000436" "#000439" "#00053D" "#000640" "#000744" "#000848"


PlotParams-6$colorTitle: length = 1
[1] "Log2(NormCounts + 1)"



------- Completed

End Time : 2020-10-05 13:51:23
Elapsed Time Minutes = 0.09782421986262
Elapsed Time Hours = 0.00163045499059889

-------



