
           ___      .______        ______  __    __  .______      
          /   \     |   _  \      /      ||  |  |  | |   _  \     
         /  ^  \    |  |_)  |    |  ,----'|  |__|  | |  |_)  |    
        /  /_\  \   |      /     |  |     |   __   | |      /     
       /  _____  \  |  |\  \\___ |  `----.|  |  |  | |  |\  \\___.
      /__/     \__\ | _| `._____| \______||__|  |__| | _| `._____|
    
Logging With ArchR!

Start Time : 2020-10-05 13:52:05

------- ArchR Info

ArchRThreads = 10
ArchRGenome = Hg38

------- System Info

Computer OS = unix
Total Cores = 64

------- Session Info

R version 3.6.3 (2020-02-29)
Platform: x86_64-conda_cos6-linux-gnu (64-bit)
Running under: CentOS Linux 7 (Core)

Matrix products: default
BLAS/LAPACK: /home/bnphan/miniconda3/lib/libmkl_rt.so

locale:
 [1] LC_CTYPE=en_US.UTF-8       LC_NUMERIC=C              
 [3] LC_TIME=en_US.UTF-8        LC_COLLATE=en_US.UTF-8    
 [5] LC_MONETARY=en_US.UTF-8    LC_MESSAGES=en_US.UTF-8   
 [7] LC_PAPER=en_US.UTF-8       LC_NAME=C                 
 [9] LC_ADDRESS=C               LC_TELEPHONE=C            
[11] LC_MEASUREMENT=en_US.UTF-8 LC_IDENTIFICATION=C       

attached base packages:
[1] parallel  stats4    stats     graphics  grDevices utils     datasets 
[8] methods   base     

other attached packages:
 [1] gtable_0.3.0                ArchR_0.9.5                
 [3] magrittr_1.5                rhdf5_2.30.1               
 [5] Matrix_1.2-18               data.table_1.13.0          
 [7] SummarizedExperiment_1.16.1 DelayedArray_0.12.3        
 [9] BiocParallel_1.20.1         matrixStats_0.57.0         
[11] Biobase_2.46.0              GenomicRanges_1.38.0       
[13] GenomeInfoDb_1.22.1         IRanges_2.20.2             
[15] S4Vectors_0.24.4            BiocGenerics_0.32.0        
[17] ggplot2_3.3.2               colorout_1.2-2             

loaded via a namespace (and not attached):
 [1] BSgenome.Hsapiens.UCSC.hg38_1.4.1 Rcpp_1.0.5                       
 [3] lattice_0.20-41                   Rsamtools_2.2.3                  
 [5] Biostrings_2.54.0                 gtools_3.8.2                     
 [7] digest_0.6.25                     IRdisplay_0.7.0                  
 [9] R6_2.4.1                          repr_1.1.0                       
[11] evaluate_0.14                     pillar_1.4.6                     
[13] zlibbioc_1.32.0                   rlang_0.4.7                      
[15] uuid_0.1-4                        hexbin_1.28.1                    
[17] labeling_0.3                      stringr_1.4.0                    
[19] pheatmap_1.0.12                   RCurl_1.98-1.2                   
[21] munsell_0.5.0                     compiler_3.6.3                   
[23] rtracklayer_1.46.0                pkgconfig_2.0.3                  
[25] base64enc_0.1-3                   htmltools_0.5.0                  
[27] tidyselect_1.1.0                  tibble_3.0.3                     
[29] GenomeInfoDbData_1.2.2            XML_3.99-0.3                     
[31] crayon_1.3.4                      dplyr_1.0.2                      
[33] withr_2.3.0                       GenomicAlignments_1.22.1         
[35] bitops_1.0-6                      grid_3.6.3                       
[37] jsonlite_1.7.1                    lifecycle_0.2.0                  
[39] scales_1.1.1                      stringi_1.5.3                    
[41] farver_2.0.3                      XVector_0.26.0                   
[43] ellipsis_0.3.1                    generics_0.0.2                   
[45] vctrs_0.3.4                       cowplot_1.1.0                    
[47] IRkernel_1.1.1                    Rhdf5lib_1.8.0                   
[49] RColorBrewer_1.1-2                tools_3.6.3                      
[51] Cairo_1.5-12.2                    BSgenome_1.54.0                  
[53] glue_1.4.2                        purrr_0.3.4                      
[55] colorspace_1.4-1                  pbdZMQ_0.3-3                     


------- Log Info


2020-10-05 13:52:05 : Input-Parameters, Class = list

Input-Parameters$ArchRProj: length = 1
class: ArchRProject 
outputDirectory: /home/bnphan/projects/snATAC_cross_species_caudate/data/raw_data/mm10/BICCN_mouse_caudoputamen/ArchR_BICCN_CP_5E 
samples(2): CEMBA180813_5E CEMBA180820_5E
sampleColData names(1): ArrowFiles
cellColData names(18): Sample TSSEnrichment ... Region Clusters
numberOfCells(1): 1
medianTSS(1): 14.738
medianFrags(1): 20162


Input-Parameters$embedding: length = 1
[1] "UMAP"


Input-Parameters$colorBy: length = 1
[1] "GeneScoreMatrix"


Input-Parameters$name: length = 6
[1] "Drd1"    "Tac1"    "Foxp2"   "Slc35d3" "Chrm4"   "Pdyn"   


Input-Parameters$log2Norm: length = 0
NULL


Input-Parameters$pal: length = 0
NULL


Input-Parameters$size: length = 1
[1] 0.1


Input-Parameters$sampleCells: length = 0
NULL


Input-Parameters$highlightCells: length = 0
NULL


Input-Parameters$rastr: length = 1
[1] TRUE


Input-Parameters$quantCut: length = 2
[1] 0.01 0.99


Input-Parameters$discreteSet: length = 0
NULL


Input-Parameters$continuousSet: length = 0
NULL


Input-Parameters$randomize: length = 1
[1] TRUE


Input-Parameters$keepAxis: length = 1
[1] FALSE


Input-Parameters$baseSize: length = 1
[1] 10


Input-Parameters$plotAs: length = 0
NULL


Input-Parameters$threads: length = 1
[1] 10


Input-Parameters$logFile: length = 1
[1] "ArchRLogs/ArchR-plotEmbedding-3c8cb122a58e3-Date-2020-10-05_Time-13-52-05.log"



2020-10-05 13:52:05 : 

2020-10-05 13:52:05 : Embedding data.frame, Class = data.frame
Embedding data.frame: nRows = 13017, nCols = 2
                                                IterativeLSI#UMAP_Dimension_1
CEMBA180813_5E#TATCGGTTCTTCAATGCATTCAGTGGATACTA                     -3.725456
CEMBA180813_5E#ACATTGGCGGAGCTACCATTCAGTTATCCTCT                     -3.357051
CEMBA180813_5E#ACATTGGCACGTTCGACATTCAGTAAGAGATG                     -3.976632
CEMBA180813_5E#CAGTTGCACTTCAATGGGAAGACTAATGACGT                     -3.159399
CEMBA180813_5E#CAGTTGCAACGAATCTACAAGGATAATGACGT                     -5.207888
CEMBA180813_5E#CATGTCAGGCCTCAATCATTCAGTATAGCCTT                     -5.320161
                                                IterativeLSI#UMAP_Dimension_2
CEMBA180813_5E#TATCGGTTCTTCAATGCATTCAGTGGATACTA                     -3.138510
CEMBA180813_5E#ACATTGGCGGAGCTACCATTCAGTTATCCTCT                     -1.762884
CEMBA180813_5E#ACATTGGCACGTTCGACATTCAGTAAGAGATG                     -3.963959
CEMBA180813_5E#CAGTTGCACTTCAATGGGAAGACTAATGACGT                     -3.218600
CEMBA180813_5E#CAGTTGCAACGAATCTACAAGGATAATGACGT                     -1.723433
CEMBA180813_5E#CATGTCAGGCCTCAATCATTCAGTATAGCCTT                     -1.395599



2020-10-05 13:52:05 : 

2020-10-05 13:52:05 : 

2020-10-05 13:52:05 : FeatureDF, Class = DFrame
DataFrame with 24333 rows and 6 columns
      seqnames     start       end  strand          name     idx
         <Rle>   <array>   <array> <array>       <array> <array>
1         chr1   3671498   3214482       2          Xkr4       1
2         chr1   4409241   4290846       2           Rp1       2
3         chr1   4497354   4490928       2         Sox17       3
4         chr1   4785726   4773198       2        Mrpl15       4
5         chr1   4807893   4846735       1        Lypla1       5
...        ...       ...       ...     ...           ...     ...
24329     chrX 169320372 169251538       2          Hccs    1039
24330     chrX 169320422 169368178       1       Gm15246    1040
24331     chrX 169685199 169990798       1          Mid1    1041
24332     chrX 169779635 169776378       2 4933400A11Rik    1042
24333     chrX 170672644 170678054       1          Asmt    1043


2020-10-05 13:52:05 : idx, Class = integer

idx: length = 6
[1]  5618 17320 17345  1448 12266 12650



2020-10-05 13:52:05 : FeatureDF-Subset, Class = DFrame
DataFrame with 6 rows and 6 columns
  seqnames     start       end  strand    name     idx
     <Rle>   <array>   <array> <array> <array> <array>
1    chr13  54055658  54051183       2    Drd1     443
2     chr6   7554885   7562978       1    Tac1      33
3     chr6  14901349  15441977       1   Foxp2      58
4    chr10  19851459  19847917       2 Slc35d3      90
5     chr2  91922189  91929829       1   Chrm4    1013
6     chr2 129699938 129686549       2    Pdyn    1397


2020-10-05 13:52:07 : Feature-Matrix, Class = dgCMatrix
Feature-Matrix: nRows = 6, nCols = 13017
Feature-Matrix: NonZeroEntries = 17888, EntryRange = [ 0.08 , 52.015 ]
5 x 5 sparse Matrix of class "dgCMatrix"
     CEMBA180813_5E#TATCGGTTCTTCAATGCATTCAGTGGATACTA
[1,]                                           .    
[2,]                                           0.861
[3,]                                           3.966
[4,]                                           .    
[5,]                                           .    
     CEMBA180813_5E#ACATTGGCGGAGCTACCATTCAGTTATCCTCT
[1,]                                           2.246
[2,]                                           1.248
[3,]                                           3.069
[4,]                                           3.835
[5,]                                           1.659
     CEMBA180813_5E#ACATTGGCACGTTCGACATTCAGTAAGAGATG
[1,]                                           2.114
[2,]                                           .    
[3,]                                           1.167
[4,]                                           2.097
[5,]                                           .    
     CEMBA180813_5E#CAGTTGCACTTCAATGGGAAGACTAATGACGT
[1,]                                           .    
[2,]                                           0.248
[3,]                                           1.508
[4,]                                           1.220
[5,]                                           .    
     CEMBA180813_5E#CAGTTGCAACGAATCTACAAGGATAATGACGT
[1,]                                           0.617
[2,]                                           0.480
[3,]                                           5.561
[4,]                                           1.051
[5,]                                           1.821



2020-10-05 13:52:07 : colorMat-Before-Impute, Class = matrix
        CEMBA180813_5E#TATCGGTTCTTCAATGCATTCAGTGGATACTA
Drd1                                              0.000
Tac1                                              0.861
Foxp2                                             3.966
Slc35d3                                           0.000
Chrm4                                             0.000
        CEMBA180813_5E#ACATTGGCGGAGCTACCATTCAGTTATCCTCT
Drd1                                              2.246
Tac1                                              1.248
Foxp2                                             3.069
Slc35d3                                           3.835
Chrm4                                             1.659
        CEMBA180813_5E#ACATTGGCACGTTCGACATTCAGTAAGAGATG
Drd1                                              2.114
Tac1                                              0.000
Foxp2                                             1.167
Slc35d3                                           2.097
Chrm4                                             0.000
        CEMBA180813_5E#CAGTTGCACTTCAATGGGAAGACTAATGACGT
Drd1                                              0.000
Tac1                                              0.248
Foxp2                                             1.508
Slc35d3                                           1.220
Chrm4                                             0.000
        CEMBA180813_5E#CAGTTGCAACGAATCTACAAGGATAATGACGT
Drd1                                              0.617
Tac1                                              0.480
Foxp2                                             5.561
Slc35d3                                           1.051
Chrm4                                             1.821

colorMat-Before-Impute: nRows = 6, nCols = 13017


2020-10-05 13:52:07 : imputeMatrix Input-Parameters, Class = list

imputeMatrix Input-Parameters$mat: nRows = 6, nCols = 13017
        CEMBA180813_5E#TATCGGTTCTTCAATGCATTCAGTGGATACTA
Drd1                                              0.000
Tac1                                              0.861
Foxp2                                             3.966
Slc35d3                                           0.000
Chrm4                                             0.000
        CEMBA180813_5E#ACATTGGCGGAGCTACCATTCAGTTATCCTCT
Drd1                                              2.246
Tac1                                              1.248
Foxp2                                             3.069
Slc35d3                                           3.835
Chrm4                                             1.659
        CEMBA180813_5E#ACATTGGCACGTTCGACATTCAGTAAGAGATG
Drd1                                              2.114
Tac1                                              0.000
Foxp2                                             1.167
Slc35d3                                           2.097
Chrm4                                             0.000
        CEMBA180813_5E#CAGTTGCACTTCAATGGGAAGACTAATGACGT
Drd1                                              0.000
Tac1                                              0.248
Foxp2                                             1.508
Slc35d3                                           1.220
Chrm4                                             0.000
        CEMBA180813_5E#CAGTTGCAACGAATCTACAAGGATAATGACGT
Drd1                                              0.617
Tac1                                              0.480
Foxp2                                             5.561
Slc35d3                                           1.051
Chrm4                                             1.821


imputeMatrix Input-Parameters$threads: length = 1
[1] 10


imputeMatrix Input-Parameters$verbose: length = 1
[1] FALSE


imputeMatrix Input-Parameters$logFile: length = 1
[1] "ArchRLogs/ArchR-plotEmbedding-3c8cb122a58e3-Date-2020-10-05_Time-13-52-05.log"



2020-10-05 13:52:07 : mat, Class = matrix
        CEMBA180813_5E#TATCGGTTCTTCAATGCATTCAGTGGATACTA
Drd1                                              0.000
Tac1                                              0.861
Foxp2                                             3.966
Slc35d3                                           0.000
Chrm4                                             0.000
        CEMBA180813_5E#ACATTGGCGGAGCTACCATTCAGTTATCCTCT
Drd1                                              2.246
Tac1                                              1.248
Foxp2                                             3.069
Slc35d3                                           3.835
Chrm4                                             1.659
        CEMBA180813_5E#ACATTGGCACGTTCGACATTCAGTAAGAGATG
Drd1                                              2.114
Tac1                                              0.000
Foxp2                                             1.167
Slc35d3                                           2.097
Chrm4                                             0.000
        CEMBA180813_5E#CAGTTGCACTTCAATGGGAAGACTAATGACGT
Drd1                                              0.000
Tac1                                              0.248
Foxp2                                             1.508
Slc35d3                                           1.220
Chrm4                                             0.000
        CEMBA180813_5E#CAGTTGCAACGAATCTACAAGGATAATGACGT
Drd1                                              0.617
Tac1                                              0.480
Foxp2                                             5.561
Slc35d3                                           1.051
Chrm4                                             1.821

mat: nRows = 6, nCols = 13017


2020-10-05 13:52:07 : weightList, Class = SimpleList

weightList$w1: length = 1
[1] "/home/bnphan/projects/snATAC_cross_species_caudate/data/raw_data/mm10/BICCN_mouse_caudoputamen/ArchR_BICCN_CP_5E/ImputeWeights/Impute-Weights-Rep-1"


weightList$w2: length = 1
[1] "/home/bnphan/projects/snATAC_cross_species_caudate/data/raw_data/mm10/BICCN_mouse_caudoputamen/ArchR_BICCN_CP_5E/ImputeWeights/Impute-Weights-Rep-2"


2020-10-05 13:52:07 : Imputing Matrix (1 of 2), 0 mins elapsed.

2020-10-05 13:52:07 : 

2020-10-05 13:52:07 : 

2020-10-05 13:52:07 : 

2020-10-05 13:52:08 : 
2020-10-05 13:52:11 : Imputing Matrix (2 of 2), 0.055 mins elapsed.

2020-10-05 13:52:11 : 

2020-10-05 13:52:11 : 

2020-10-05 13:52:11 : 

2020-10-05 13:52:11 : 
2020-10-05 13:52:14 : Finished Imputing Matrix, 0.114 mins elapsed.

2020-10-05 13:52:14 : colorMat-After-Impute, Class = matrix
        CEMBA180813_5E#TATCGGTTCTTCAATGCATTCAGTGGATACTA
Drd1                                           1.129348
Tac1                                           1.056201
Foxp2                                          2.797719
Slc35d3                                        1.267695
Chrm4                                          0.653144
        CEMBA180813_5E#ACATTGGCGGAGCTACCATTCAGTTATCCTCT
Drd1                                          1.7487407
Tac1                                          1.2803073
Foxp2                                         2.9821428
Slc35d3                                       1.6511013
Chrm4                                         0.9973755
        CEMBA180813_5E#ACATTGGCACGTTCGACATTCAGTAAGAGATG
Drd1                                          1.6816862
Tac1                                          1.2995032
Foxp2                                         3.2441777
Slc35d3                                       1.6733465
Chrm4                                         0.9448656
        CEMBA180813_5E#CAGTTGCACTTCAATGGGAAGACTAATGACGT
Drd1                                          1.0743117
Tac1                                          0.9718485
Foxp2                                         2.7114852
Slc35d3                                       1.2164079
Chrm4                                         0.5934751
        CEMBA180813_5E#CAGTTGCAACGAATCTACAAGGATAATGACGT
Drd1                                           1.796326
Tac1                                           1.077040
Foxp2                                          3.220855
Slc35d3                                        1.765915
Chrm4                                          1.086328

colorMat-After-Impute: nRows = 6, nCols = 13017


2020-10-05 13:52:14 : ColorParams 1, Class = list

ColorParams 1$color: length = 13017
CEMBA180813_5E#TATCGGTTCTTCAATGCATTCAGTGGATACTA 
                                       1.129348 
CEMBA180813_5E#ACATTGGCGGAGCTACCATTCAGTTATCCTCT 
                                       1.748741 
CEMBA180813_5E#ACATTGGCACGTTCGACATTCAGTAAGAGATG 
                                       1.681686 
CEMBA180813_5E#CAGTTGCACTTCAATGGGAAGACTAATGACGT 
                                       1.074312 
CEMBA180813_5E#CAGTTGCAACGAATCTACAAGGATAATGACGT 
                                       1.796326 
CEMBA180813_5E#CATGTCAGGCCTCAATCATTCAGTATAGCCTT 
                                       1.661406 


ColorParams 1$discrete: length = 1
[1] FALSE


ColorParams 1$title: length = 1
[1] "UMAP of IterativeLSI colored by\nGeneScoreMatrix : Drd1"


ColorParams 1$continuousSet: length = 1
[1] "horizonExtra"



2020-10-05 13:52:14 : PlotParams-1, Class = list

PlotParams-1$color: length = 13017
CEMBA180813_5E#TATCGGTTCTTCAATGCATTCAGTGGATACTA 
                                       1.090412 
CEMBA180813_5E#ACATTGGCGGAGCTACCATTCAGTTATCCTCT 
                                       1.458771 
CEMBA180813_5E#ACATTGGCACGTTCGACATTCAGTAAGAGATG 
                                       1.423140 
CEMBA180813_5E#CAGTTGCACTTCAATGGGAAGACTAATGACGT 
                                       1.052633 
CEMBA180813_5E#CAGTTGCAACGAATCTACAAGGATAATGACGT 
                                       1.483532 
CEMBA180813_5E#CATGTCAGGCCTCAATCATTCAGTATAGCCTT 
                                       1.412189 


PlotParams-1$title: length = 1
[1] "UMAP of IterativeLSI colored by\nGeneScoreMatrix : Drd1"


PlotParams-1$x: length = 13017
[1] -3.725456 -3.357051 -3.976632 -3.159399 -5.207888 -5.320161


PlotParams-1$y: length = 13017
[1] -3.138510 -1.762884 -3.963959 -3.218600 -1.723433 -1.395599


PlotParams-1$baseSize: length = 1
[1] 10


PlotParams-1$xlabel: length = 1
[1] "UMAP Dimension 1"


PlotParams-1$ylabel: length = 1
[1] "UMAP Dimension 2"


PlotParams-1$pal: length = 256
[1] "#000436" "#000439" "#00053D" "#000640" "#000744" "#000848"


PlotParams-1$colorTitle: length = 1
[1] "Log2(NormCounts + 1)"



2020-10-05 13:52:15 : PlotParams-2, Class = list

PlotParams-2$color: length = 13017
CEMBA180813_5E#TATCGGTTCTTCAATGCATTCAGTGGATACTA 
                                      1.0399812 
CEMBA180813_5E#ACATTGGCGGAGCTACCATTCAGTTATCCTCT 
                                      1.1892282 
CEMBA180813_5E#ACATTGGCACGTTCGACATTCAGTAAGAGATG 
                                      1.2013222 
CEMBA180813_5E#CAGTTGCACTTCAATGGGAAGACTAATGACGT 
                                      0.9795487 
CEMBA180813_5E#CAGTTGCAACGAATCTACAAGGATAATGACGT 
                                      1.0545293 
CEMBA180813_5E#CATGTCAGGCCTCAATCATTCAGTATAGCCTT 
                                      1.0845622 


PlotParams-2$title: length = 1
[1] "UMAP of IterativeLSI colored by\nGeneScoreMatrix : Tac1"


PlotParams-2$x: length = 13017
[1] -3.725456 -3.357051 -3.976632 -3.159399 -5.207888 -5.320161


PlotParams-2$y: length = 13017
[1] -3.138510 -1.762884 -3.963959 -3.218600 -1.723433 -1.395599


PlotParams-2$baseSize: length = 1
[1] 10


PlotParams-2$xlabel: length = 1
[1] "UMAP Dimension 1"


PlotParams-2$ylabel: length = 1
[1] "UMAP Dimension 2"


PlotParams-2$pal: length = 256
[1] "#000436" "#000439" "#00053D" "#000640" "#000744" "#000848"


PlotParams-2$colorTitle: length = 1
[1] "Log2(NormCounts + 1)"



2020-10-05 13:52:15 : PlotParams-3, Class = list

PlotParams-3$color: length = 13017
CEMBA180813_5E#TATCGGTTCTTCAATGCATTCAGTGGATACTA 
                                       1.925133 
CEMBA180813_5E#ACATTGGCGGAGCTACCATTCAGTTATCCTCT 
                                       1.993545 
CEMBA180813_5E#ACATTGGCACGTTCGACATTCAGTAAGAGATG 
                                       2.085485 
CEMBA180813_5E#CAGTTGCACTTCAATGGGAAGACTAATGACGT 
                                       1.891997 
CEMBA180813_5E#CAGTTGCAACGAATCTACAAGGATAATGACGT 
                                       2.077535 
CEMBA180813_5E#CATGTCAGGCCTCAATCATTCAGTATAGCCTT 
                                       1.959366 


PlotParams-3$title: length = 1
[1] "UMAP of IterativeLSI colored by\nGeneScoreMatrix : Foxp2"


PlotParams-3$x: length = 13017
[1] -3.725456 -3.357051 -3.976632 -3.159399 -5.207888 -5.320161


PlotParams-3$y: length = 13017
[1] -3.138510 -1.762884 -3.963959 -3.218600 -1.723433 -1.395599


PlotParams-3$baseSize: length = 1
[1] 10


PlotParams-3$xlabel: length = 1
[1] "UMAP Dimension 1"


PlotParams-3$ylabel: length = 1
[1] "UMAP Dimension 2"


PlotParams-3$pal: length = 256
[1] "#000436" "#000439" "#00053D" "#000640" "#000744" "#000848"


PlotParams-3$colorTitle: length = 1
[1] "Log2(NormCounts + 1)"



2020-10-05 13:52:15 : PlotParams-4, Class = list

PlotParams-4$color: length = 13017
CEMBA180813_5E#TATCGGTTCTTCAATGCATTCAGTGGATACTA 
                                       1.181226 
CEMBA180813_5E#ACATTGGCGGAGCTACCATTCAGTTATCCTCT 
                                       1.406592 
CEMBA180813_5E#ACATTGGCACGTTCGACATTCAGTAAGAGATG 
                                       1.418647 
CEMBA180813_5E#CAGTTGCACTTCAATGGGAAGACTAATGACGT 
                                       1.148223 
CEMBA180813_5E#CAGTTGCAACGAATCTACAAGGATAATGACGT 
                                       1.467757 
CEMBA180813_5E#CATGTCAGGCCTCAATCATTCAGTATAGCCTT 
                                       1.336210 


PlotParams-4$title: length = 1
[1] "UMAP of IterativeLSI colored by\nGeneScoreMatrix : Slc35d3"


PlotParams-4$x: length = 13017
[1] -3.725456 -3.357051 -3.976632 -3.159399 -5.207888 -5.320161


PlotParams-4$y: length = 13017
[1] -3.138510 -1.762884 -3.963959 -3.218600 -1.723433 -1.395599


PlotParams-4$baseSize: length = 1
[1] 10


PlotParams-4$xlabel: length = 1
[1] "UMAP Dimension 1"


PlotParams-4$ylabel: length = 1
[1] "UMAP Dimension 2"


PlotParams-4$pal: length = 256
[1] "#000436" "#000439" "#00053D" "#000640" "#000744" "#000848"


PlotParams-4$colorTitle: length = 1
[1] "Log2(NormCounts + 1)"



2020-10-05 13:52:15 : PlotParams-5, Class = list

PlotParams-5$color: length = 13017
CEMBA180813_5E#TATCGGTTCTTCAATGCATTCAGTGGATACTA 
                                      0.7252124 
CEMBA180813_5E#ACATTGGCGGAGCTACCATTCAGTTATCCTCT 
                                      0.9981056 
CEMBA180813_5E#ACATTGGCACGTTCGACATTCAGTAAGAGATG 
                                      0.9596705 
CEMBA180813_5E#CAGTTGCACTTCAATGGGAAGACTAATGACGT 
                                      0.6721764 
CEMBA180813_5E#CAGTTGCAACGAATCTACAAGGATAATGACGT 
                                      1.0609661 
CEMBA180813_5E#CATGTCAGGCCTCAATCATTCAGTATAGCCTT 
                                      0.9664447 


PlotParams-5$title: length = 1
[1] "UMAP of IterativeLSI colored by\nGeneScoreMatrix : Chrm4"


PlotParams-5$x: length = 13017
[1] -3.725456 -3.357051 -3.976632 -3.159399 -5.207888 -5.320161


PlotParams-5$y: length = 13017
[1] -3.138510 -1.762884 -3.963959 -3.218600 -1.723433 -1.395599


PlotParams-5$baseSize: length = 1
[1] 10


PlotParams-5$xlabel: length = 1
[1] "UMAP Dimension 1"


PlotParams-5$ylabel: length = 1
[1] "UMAP Dimension 2"


PlotParams-5$pal: length = 256
[1] "#000436" "#000439" "#00053D" "#000640" "#000744" "#000848"


PlotParams-5$colorTitle: length = 1
[1] "Log2(NormCounts + 1)"



2020-10-05 13:52:15 : PlotParams-6, Class = list

PlotParams-6$color: length = 13017
CEMBA180813_5E#TATCGGTTCTTCAATGCATTCAGTGGATACTA 
                                      0.3824954 
CEMBA180813_5E#ACATTGGCGGAGCTACCATTCAGTTATCCTCT 
                                      0.5230894 
CEMBA180813_5E#ACATTGGCACGTTCGACATTCAGTAAGAGATG 
                                      0.4093693 
CEMBA180813_5E#CAGTTGCACTTCAATGGGAAGACTAATGACGT 
                                      0.3496394 
CEMBA180813_5E#CAGTTGCAACGAATCTACAAGGATAATGACGT 
                                      0.4509028 
CEMBA180813_5E#CATGTCAGGCCTCAATCATTCAGTATAGCCTT 
                                      0.4655728 


PlotParams-6$title: length = 1
[1] "UMAP of IterativeLSI colored by\nGeneScoreMatrix : Pdyn"


PlotParams-6$x: length = 13017
[1] -3.725456 -3.357051 -3.976632 -3.159399 -5.207888 -5.320161


PlotParams-6$y: length = 13017
[1] -3.138510 -1.762884 -3.963959 -3.218600 -1.723433 -1.395599


PlotParams-6$baseSize: length = 1
[1] 10


PlotParams-6$xlabel: length = 1
[1] "UMAP Dimension 1"


PlotParams-6$ylabel: length = 1
[1] "UMAP Dimension 2"


PlotParams-6$pal: length = 256
[1] "#000436" "#000439" "#00053D" "#000640" "#000744" "#000848"


PlotParams-6$colorTitle: length = 1
[1] "Log2(NormCounts + 1)"



------- Completed

End Time : 2020-10-05 13:52:16
Elapsed Time Minutes = 0.185893126328786
Elapsed Time Hours = 0.00309827049573263

-------



