
           ___      .______        ______  __    __  .______      
          /   \     |   _  \      /      ||  |  |  | |   _  \     
         /  ^  \    |  |_)  |    |  ,----'|  |__|  | |  |_)  |    
        /  /_\  \   |      /     |  |     |   __   | |      /     
       /  _____  \  |  |\  \\___ |  `----.|  |  |  | |  |\  \\___.
      /__/     \__\ | _| `._____| \______||__|  |__| | _| `._____|
    
Logging With ArchR!

Start Time : 2020-10-05 13:13:14

------- ArchR Info

ArchRThreads = 10
ArchRGenome = Hg38

------- System Info

Computer OS = unix
Total Cores = 64

------- Session Info

R version 3.6.3 (2020-02-29)
Platform: x86_64-conda_cos6-linux-gnu (64-bit)
Running under: CentOS Linux 7 (Core)

Matrix products: default
BLAS/LAPACK: /home/bnphan/miniconda3/lib/libmkl_rt.so

locale:
 [1] LC_CTYPE=en_US.UTF-8       LC_NUMERIC=C              
 [3] LC_TIME=en_US.UTF-8        LC_COLLATE=en_US.UTF-8    
 [5] LC_MONETARY=en_US.UTF-8    LC_MESSAGES=en_US.UTF-8   
 [7] LC_PAPER=en_US.UTF-8       LC_NAME=C                 
 [9] LC_ADDRESS=C               LC_TELEPHONE=C            
[11] LC_MEASUREMENT=en_US.UTF-8 LC_IDENTIFICATION=C       

attached base packages:
[1] parallel  stats4    stats     graphics  grDevices utils     datasets 
[8] methods   base     

other attached packages:
 [1] gtable_0.3.0                ArchR_0.9.5                
 [3] magrittr_1.5                rhdf5_2.30.1               
 [5] Matrix_1.2-18               data.table_1.13.0          
 [7] SummarizedExperiment_1.16.1 DelayedArray_0.12.3        
 [9] BiocParallel_1.20.1         matrixStats_0.57.0         
[11] Biobase_2.46.0              GenomicRanges_1.38.0       
[13] GenomeInfoDb_1.22.1         IRanges_2.20.2             
[15] S4Vectors_0.24.4            BiocGenerics_0.32.0        
[17] ggplot2_3.3.2               colorout_1.2-2             

loaded via a namespace (and not attached):
 [1] BSgenome.Hsapiens.UCSC.hg38_1.4.1 Rcpp_1.0.5                       
 [3] lattice_0.20-41                   Rsamtools_2.2.3                  
 [5] Biostrings_2.54.0                 gtools_3.8.2                     
 [7] digest_0.6.25                     IRdisplay_0.7.0                  
 [9] R6_2.4.1                          repr_1.1.0                       
[11] evaluate_0.14                     pillar_1.4.6                     
[13] zlibbioc_1.32.0                   rlang_0.4.7                      
[15] uuid_0.1-4                        hexbin_1.28.1                    
[17] labeling_0.3                      stringr_1.4.0                    
[19] pheatmap_1.0.12                   RCurl_1.98-1.2                   
[21] munsell_0.5.0                     compiler_3.6.3                   
[23] rtracklayer_1.46.0                pkgconfig_2.0.3                  
[25] base64enc_0.1-3                   htmltools_0.5.0                  
[27] tidyselect_1.1.0                  tibble_3.0.3                     
[29] GenomeInfoDbData_1.2.2            XML_3.99-0.3                     
[31] crayon_1.3.4                      dplyr_1.0.2                      
[33] withr_2.3.0                       GenomicAlignments_1.22.1         
[35] bitops_1.0-6                      grid_3.6.3                       
[37] jsonlite_1.7.1                    lifecycle_0.2.0                  
[39] scales_1.1.1                      stringi_1.5.3                    
[41] farver_2.0.3                      XVector_0.26.0                   
[43] ellipsis_0.3.1                    generics_0.0.2                   
[45] vctrs_0.3.4                       cowplot_1.1.0                    
[47] IRkernel_1.1.1                    Rhdf5lib_1.8.0                   
[49] RColorBrewer_1.1-2                tools_3.6.3                      
[51] Cairo_1.5-12.2                    BSgenome_1.54.0                  
[53] glue_1.4.2                        purrr_0.3.4                      
[55] colorspace_1.4-1                  pbdZMQ_0.3-3                     


------- Log Info


2020-10-05 13:13:14 : IterativeLSI Input-Parameters, Class = list

IterativeLSI Input-Parameters$ArchRProj: length = 1
class: ArchRProject 
outputDirectory: /home/bnphan/projects/snATAC_cross_species_caudate/data/raw_data/mm10/BICCN_mouse_caudoputamen/ArchR_BICCN_CP_4D 
samples(2): CEMBA171214_4D CEMBA171219_4D
sampleColData names(1): ArrowFiles
cellColData names(18): Sample TSSEnrichment ... Region Clusters
numberOfCells(1): 1
medianTSS(1): NA
medianFrags(1): NA


IterativeLSI Input-Parameters$useMatrix: length = 1
[1] "TileMatrix"


IterativeLSI Input-Parameters$name: length = 1
[1] "IterativeLSINeuron"


IterativeLSI Input-Parameters$iterations: length = 1
[1] 6


IterativeLSI Input-Parameters$varFeatures: length = 1
[1] 3e+05


IterativeLSI Input-Parameters$dimsToUse: length = 40
[1] 1 2 3 4 5 6


IterativeLSI Input-Parameters$LSIMethod: length = 1
[1] 2


IterativeLSI Input-Parameters$scaleDims: length = 1
[1] TRUE


IterativeLSI Input-Parameters$corCutOff: length = 1
[1] 0.75


IterativeLSI Input-Parameters$binarize: length = 1
[1] TRUE


IterativeLSI Input-Parameters$outlierQuantiles: length = 2
[1] 0.02 0.98


IterativeLSI Input-Parameters$filterBias: length = 1
[1] TRUE


IterativeLSI Input-Parameters$sampleCellsPre: length = 1
[1] 10000


IterativeLSI Input-Parameters$projectCellsPre: length = 1
[1] FALSE


IterativeLSI Input-Parameters$sampleCellsFinal: length = 0
NULL


IterativeLSI Input-Parameters$selectionMethod: length = 1
[1] "vmr"


IterativeLSI Input-Parameters$scaleTo: length = 1
[1] 3000


IterativeLSI Input-Parameters$totalFeatures: length = 1
[1] 5e+05


IterativeLSI Input-Parameters$filterQuantile: length = 1
[1] 0.995


IterativeLSI Input-Parameters$excludeChr: length = 0
NULL


IterativeLSI Input-Parameters$saveIterations: length = 1
[1] TRUE


IterativeLSI Input-Parameters$nPlot: length = 1
[1] 10000


IterativeLSI Input-Parameters$outDir: length = 1
[1] "/home/bnphan/projects/snATAC_cross_species_caudate/data/raw_data/mm10/BICCN_mouse_caudoputamen/ArchR_BICCN_CP_4D"


IterativeLSI Input-Parameters$threads: length = 1
[1] 10


IterativeLSI Input-Parameters$seed: length = 1
[1] 1


IterativeLSI Input-Parameters$verbose: length = 1
[1] TRUE


IterativeLSI Input-Parameters$force: length = 1
[1] TRUE


IterativeLSI Input-Parameters$logFile: length = 1
[1] "ArchRLogs/ArchR-addIterativeLSI-3969b57b60102-Date-2020-10-05_Time-13-13-14.log"


2020-10-05 13:13:14 : Computing Total Accessibility Across All Features, 0.002 mins elapsed.
2020-10-05 13:13:16 : Computing Top Features, 0.039 mins elapsed.
###########
2020-10-05 13:13:16 : Running LSI (1 of 6) on Top Features, 0.046 mins elapsed.
###########
2020-10-05 13:13:16 : Creating Partial Matrix, 0.046 mins elapsed.
2020-10-05 13:13:17 : Computing LSI, 0.06 mins elapsed.

2020-10-05 13:13:17 : LSI Parameters, Class = list

LSI Parameters$: length = 1
                       
1 function (name)      
2 .Internal(args(name))


LSI Parameters$mat: length = 0
NULL


LSI Parameters$LSIMethod: length = 1
[1] 2


LSI Parameters$scaleTo: length = 1
[1] 3000


LSI Parameters$nDimensions: length = 1
[1] 40


LSI Parameters$binarize: length = 1
[1] TRUE


LSI Parameters$outlierQuantiles: length = 2
[1] 0.02 0.98


LSI Parameters$seed: length = 1
[1] 1


LSI Parameters$verbose: length = 1
[1] FALSE


LSI Parameters$tstart: length = 1
[1] "2020-10-05 13:13:14 EDT"


LSI Parameters$logFile: length = 1
[1] "ArchRLogs/ArchR-addIterativeLSI-3969b57b60102-Date-2020-10-05_Time-13-13-14.log"


2020-10-05 13:13:17 : Running LSI, Input Matrix = 0 GB, 0.06 mins elapsed.
2020-10-05 13:13:17 : Binarizing Matrix, 0.06 mins elapsed.

************************************************************
2020-10-05 13:13:17 : ERROR Found in .computeLSI for  
LogFile = ArchRLogs/ArchR-addIterativeLSI-3969b57b60102-Date-2020-10-05_Time-13-13-14.log

<simpleError in doTryCatch(return(expr), name, parentenv, handler): trying to get slot "x" from an object of a basic class ("NULL") with no slots>

2020-10-05 13:13:17 : errorList, Class = list

errorList$mat: length = 0
NULL


errorList$colSm: length = 1
[1] "Error with colSm!"


errorList$idf: length = 1
[1] "Error with idf!"


errorList$V: length = 1
[1] "Error with V!"


errorList$matSVD: length = 1
[1] "Error with matSVD!"


errorList$out: length = 1
[1] "Error with out!"



************************************************************


************************************************************
2020-10-05 13:13:17 : ERROR Found in .LSIPartialMatrix for  
LogFile = ArchRLogs/ArchR-addIterativeLSI-3969b57b60102-Date-2020-10-05_Time-13-13-14.log

<simpleError in .logError(e, fn = ".computeLSI", info = "", errorList = errorList,     logFile = logFile): Exiting See Error Above>

2020-10-05 13:13:17 : errorList, Class = list

errorList$: length = 1
                       
1 function (name)      
2 .Internal(args(name))


errorList$ArrowFiles: length = 2
[1] "/home/bnphan/projects/snATAC_cross_species_caudate/data/raw_data/mm10/BICCN_mouse_caudoputamen/ArchR_BICCN_CP_4D/ArrowFiles/CEMBA171214_4D.arrow"
[2] "/home/bnphan/projects/snATAC_cross_species_caudate/data/raw_data/mm10/BICCN_mouse_caudoputamen/ArchR_BICCN_CP_4D/ArrowFiles/CEMBA171219_4D.arrow"


errorList$useMatrix: length = 1
[1] "TileMatrix"


errorList$cellNames: length = 0
NULL


errorList$cellDepth: length = 0
named numeric(0)


errorList$sampleNames: length = 0
character(0)


errorList$dimsToUse: length = 40
[1] 1 2 3 4 5 6


errorList$binarize: length = 1
[1] TRUE


errorList$outlierQuantiles: length = 2
[1] 0.02 0.98


errorList$LSIMethod: length = 1
[1] 2


errorList$scaleTo: length = 1
[1] 3000


errorList$sampleCells: length = 0
NULL


errorList$projectAll: length = 0
logical(0)


errorList$threads: length = 1
[1] 10


errorList$useIndex: length = 1
[1] FALSE


errorList$tstart: length = 1
[1] "2020-10-05 13:13:14 EDT"


errorList$verbose: length = 1
[1] TRUE


errorList$logFile: length = 1
[1] "ArchRLogs/ArchR-addIterativeLSI-3969b57b60102-Date-2020-10-05_Time-13-13-14.log"


errorList$outLSI: length = 1
[1] "Error with outLSI!"


errorList$matSVD: length = 1
[1] "Error with matSVD!"



************************************************************

