
           ___      .______        ______  __    __  .______      
          /   \     |   _  \      /      ||  |  |  | |   _  \     
         /  ^  \    |  |_)  |    |  ,----'|  |__|  | |  |_)  |    
        /  /_\  \   |      /     |  |     |   __   | |      /     
       /  _____  \  |  |\  \\___ |  `----.|  |  |  | |  |\  \\___.
      /__/     \__\ | _| `._____| \______||__|  |__| | _| `._____|
    
Logging With ArchR!

Start Time : 2020-10-05 13:52:46

------- ArchR Info

ArchRThreads = 10
ArchRGenome = Hg38

------- System Info

Computer OS = unix
Total Cores = 64

------- Session Info

R version 3.6.3 (2020-02-29)
Platform: x86_64-conda_cos6-linux-gnu (64-bit)
Running under: CentOS Linux 7 (Core)

Matrix products: default
BLAS/LAPACK: /home/bnphan/miniconda3/lib/libmkl_rt.so

locale:
 [1] LC_CTYPE=en_US.UTF-8       LC_NUMERIC=C              
 [3] LC_TIME=en_US.UTF-8        LC_COLLATE=en_US.UTF-8    
 [5] LC_MONETARY=en_US.UTF-8    LC_MESSAGES=en_US.UTF-8   
 [7] LC_PAPER=en_US.UTF-8       LC_NAME=C                 
 [9] LC_ADDRESS=C               LC_TELEPHONE=C            
[11] LC_MEASUREMENT=en_US.UTF-8 LC_IDENTIFICATION=C       

attached base packages:
[1] parallel  stats4    stats     graphics  grDevices utils     datasets 
[8] methods   base     

other attached packages:
 [1] gtable_0.3.0                ArchR_0.9.5                
 [3] magrittr_1.5                rhdf5_2.30.1               
 [5] Matrix_1.2-18               data.table_1.13.0          
 [7] SummarizedExperiment_1.16.1 DelayedArray_0.12.3        
 [9] BiocParallel_1.20.1         matrixStats_0.57.0         
[11] Biobase_2.46.0              GenomicRanges_1.38.0       
[13] GenomeInfoDb_1.22.1         IRanges_2.20.2             
[15] S4Vectors_0.24.4            BiocGenerics_0.32.0        
[17] ggplot2_3.3.2               colorout_1.2-2             

loaded via a namespace (and not attached):
 [1] BSgenome.Hsapiens.UCSC.hg38_1.4.1 Rcpp_1.0.5                       
 [3] lattice_0.20-41                   Rsamtools_2.2.3                  
 [5] Biostrings_2.54.0                 gtools_3.8.2                     
 [7] digest_0.6.25                     IRdisplay_0.7.0                  
 [9] R6_2.4.1                          repr_1.1.0                       
[11] evaluate_0.14                     pillar_1.4.6                     
[13] zlibbioc_1.32.0                   rlang_0.4.7                      
[15] uuid_0.1-4                        hexbin_1.28.1                    
[17] labeling_0.3                      stringr_1.4.0                    
[19] pheatmap_1.0.12                   RCurl_1.98-1.2                   
[21] munsell_0.5.0                     compiler_3.6.3                   
[23] rtracklayer_1.46.0                pkgconfig_2.0.3                  
[25] base64enc_0.1-3                   htmltools_0.5.0                  
[27] tidyselect_1.1.0                  tibble_3.0.3                     
[29] GenomeInfoDbData_1.2.2            XML_3.99-0.3                     
[31] crayon_1.3.4                      dplyr_1.0.2                      
[33] withr_2.3.0                       GenomicAlignments_1.22.1         
[35] bitops_1.0-6                      grid_3.6.3                       
[37] jsonlite_1.7.1                    lifecycle_0.2.0                  
[39] scales_1.1.1                      stringi_1.5.3                    
[41] farver_2.0.3                      XVector_0.26.0                   
[43] ellipsis_0.3.1                    generics_0.0.2                   
[45] vctrs_0.3.4                       cowplot_1.1.0                    
[47] IRkernel_1.1.1                    Rhdf5lib_1.8.0                   
[49] RColorBrewer_1.1-2                tools_3.6.3                      
[51] Cairo_1.5-12.2                    BSgenome_1.54.0                  
[53] glue_1.4.2                        purrr_0.3.4                      
[55] colorspace_1.4-1                  pbdZMQ_0.3-3                     


------- Log Info


2020-10-05 13:52:46 : Input-Parameters, Class = list

Input-Parameters$ArchRProj: length = 1
class: ArchRProject 
outputDirectory: /home/bnphan/projects/snATAC_cross_species_caudate/data/raw_data/mm10/BICCN_mouse_caudoputamen/ArchR_BICCN_CP_5E 
samples(2): CEMBA180813_5E CEMBA180820_5E
sampleColData names(1): ArrowFiles
cellColData names(18): Sample TSSEnrichment ... Region Clusters
numberOfCells(1): 1
medianTSS(1): 14.738
medianFrags(1): 20162


Input-Parameters$embedding: length = 1
[1] "UMAP"


Input-Parameters$colorBy: length = 1
[1] "GeneScoreMatrix"


Input-Parameters$name: length = 10
[1] "Des"    "Acta2"  "Tbx18"  "Vcam1"  "Vtn"    "Ifitm1"


Input-Parameters$log2Norm: length = 0
NULL


Input-Parameters$pal: length = 0
NULL


Input-Parameters$size: length = 1
[1] 0.1


Input-Parameters$sampleCells: length = 0
NULL


Input-Parameters$highlightCells: length = 0
NULL


Input-Parameters$rastr: length = 1
[1] TRUE


Input-Parameters$quantCut: length = 2
[1] 0.01 0.99


Input-Parameters$discreteSet: length = 0
NULL


Input-Parameters$continuousSet: length = 0
NULL


Input-Parameters$randomize: length = 1
[1] TRUE


Input-Parameters$keepAxis: length = 1
[1] FALSE


Input-Parameters$baseSize: length = 1
[1] 10


Input-Parameters$plotAs: length = 0
NULL


Input-Parameters$threads: length = 1
[1] 10


Input-Parameters$logFile: length = 1
[1] "ArchRLogs/ArchR-plotEmbedding-3c8cb6ff895ce-Date-2020-10-05_Time-13-52-46.log"



2020-10-05 13:52:46 : 

2020-10-05 13:52:46 : Embedding data.frame, Class = data.frame
Embedding data.frame: nRows = 13017, nCols = 2
                                                IterativeLSI#UMAP_Dimension_1
CEMBA180813_5E#TATCGGTTCTTCAATGCATTCAGTGGATACTA                     -3.725456
CEMBA180813_5E#ACATTGGCGGAGCTACCATTCAGTTATCCTCT                     -3.357051
CEMBA180813_5E#ACATTGGCACGTTCGACATTCAGTAAGAGATG                     -3.976632
CEMBA180813_5E#CAGTTGCACTTCAATGGGAAGACTAATGACGT                     -3.159399
CEMBA180813_5E#CAGTTGCAACGAATCTACAAGGATAATGACGT                     -5.207888
CEMBA180813_5E#CATGTCAGGCCTCAATCATTCAGTATAGCCTT                     -5.320161
                                                IterativeLSI#UMAP_Dimension_2
CEMBA180813_5E#TATCGGTTCTTCAATGCATTCAGTGGATACTA                     -3.138510
CEMBA180813_5E#ACATTGGCGGAGCTACCATTCAGTTATCCTCT                     -1.762884
CEMBA180813_5E#ACATTGGCACGTTCGACATTCAGTAAGAGATG                     -3.963959
CEMBA180813_5E#CAGTTGCACTTCAATGGGAAGACTAATGACGT                     -3.218600
CEMBA180813_5E#CAGTTGCAACGAATCTACAAGGATAATGACGT                     -1.723433
CEMBA180813_5E#CATGTCAGGCCTCAATCATTCAGTATAGCCTT                     -1.395599



2020-10-05 13:52:46 : 

2020-10-05 13:52:46 : 

2020-10-05 13:52:46 : FeatureDF, Class = DFrame
DataFrame with 24333 rows and 6 columns
      seqnames     start       end  strand          name     idx
         <Rle>   <array>   <array> <array>       <array> <array>
1         chr1   3671498   3214482       2          Xkr4       1
2         chr1   4409241   4290846       2           Rp1       2
3         chr1   4497354   4490928       2         Sox17       3
4         chr1   4785726   4773198       2        Mrpl15       4
5         chr1   4807893   4846735       1        Lypla1       5
...        ...       ...       ...     ...           ...     ...
24329     chrX 169320372 169251538       2          Hccs    1039
24330     chrX 169320422 169368178       1       Gm15246    1040
24331     chrX 169685199 169990798       1          Mid1    1041
24332     chrX 169779635 169776378       2 4933400A11Rik    1042
24333     chrX 170672644 170678054       1          Asmt    1043


2020-10-05 13:52:46 : idx, Class = integer

idx: length = 10
[1]   447 10963 22846 14179  3454 20652



2020-10-05 13:52:46 : FeatureDF-Subset, Class = DFrame
DataFrame with 10 rows and 6 columns
   seqnames     start       end  strand    name     idx
      <Rle>   <array>   <array> <array> <array> <array>
1      chr1  75360292  75368579       1     Des     447
2     chr19  34255373  34240336       2   Acta2     507
3      chr9  87731260  87702800       2   Tbx18     908
4      chr3 116129688 116110020       2   Vcam1     881
5     chr11  78499120  78502325       1     Vtn     949
6      chr7 140967429 140969827       1  Ifitm1    2056
7      chr7  79848194  79821803       2   Anpep    1160
8     chr13  49608071  49624500       1     Ogn     410
9     chr10  97565501  97572703       1     Lum     812
10    chr10  97479500  97518163       1     Dcn     811


2020-10-05 13:52:49 : Feature-Matrix, Class = dgCMatrix
Feature-Matrix: nRows = 10, nCols = 13017
Feature-Matrix: NonZeroEntries = 9934, EntryRange = [ 0.077 , 33.509 ]
5 x 5 sparse Matrix of class "dgCMatrix"
     CEMBA180813_5E#TATCGGTTCTTCAATGCATTCAGTGGATACTA
[1,]                                           0.240
[2,]                                           .    
[3,]                                           0.249
[4,]                                           0.331
[5,]                                           .    
     CEMBA180813_5E#ACATTGGCGGAGCTACCATTCAGTTATCCTCT
[1,]                                           0.244
[2,]                                           .    
[3,]                                           0.138
[4,]                                           0.629
[5,]                                           .    
     CEMBA180813_5E#ACATTGGCACGTTCGACATTCAGTAAGAGATG
[1,]                                           .    
[2,]                                           .    
[3,]                                           0.646
[4,]                                           0.185
[5,]                                           .    
     CEMBA180813_5E#CAGTTGCACTTCAATGGGAAGACTAATGACGT
[1,]                                           .    
[2,]                                           .    
[3,]                                           0.739
[4,]                                           0.355
[5,]                                           .    
     CEMBA180813_5E#CAGTTGCAACGAATCTACAAGGATAATGACGT
[1,]                                           .    
[2,]                                           .    
[3,]                                           0.151
[4,]                                           0.343
[5,]                                           .    



2020-10-05 13:52:49 : colorMat-Before-Impute, Class = matrix
      CEMBA180813_5E#TATCGGTTCTTCAATGCATTCAGTGGATACTA
Des                                             0.240
Acta2                                           0.000
Tbx18                                           0.249
Vcam1                                           0.331
Vtn                                             0.000
      CEMBA180813_5E#ACATTGGCGGAGCTACCATTCAGTTATCCTCT
Des                                             0.244
Acta2                                           0.000
Tbx18                                           0.138
Vcam1                                           0.629
Vtn                                             0.000
      CEMBA180813_5E#ACATTGGCACGTTCGACATTCAGTAAGAGATG
Des                                             0.000
Acta2                                           0.000
Tbx18                                           0.646
Vcam1                                           0.185
Vtn                                             0.000
      CEMBA180813_5E#CAGTTGCACTTCAATGGGAAGACTAATGACGT
Des                                             0.000
Acta2                                           0.000
Tbx18                                           0.739
Vcam1                                           0.355
Vtn                                             0.000
      CEMBA180813_5E#CAGTTGCAACGAATCTACAAGGATAATGACGT
Des                                             0.000
Acta2                                           0.000
Tbx18                                           0.151
Vcam1                                           0.343
Vtn                                             0.000

colorMat-Before-Impute: nRows = 10, nCols = 13017


2020-10-05 13:52:49 : imputeMatrix Input-Parameters, Class = list

imputeMatrix Input-Parameters$mat: nRows = 10, nCols = 13017
      CEMBA180813_5E#TATCGGTTCTTCAATGCATTCAGTGGATACTA
Des                                             0.240
Acta2                                           0.000
Tbx18                                           0.249
Vcam1                                           0.331
Vtn                                             0.000
      CEMBA180813_5E#ACATTGGCGGAGCTACCATTCAGTTATCCTCT
Des                                             0.244
Acta2                                           0.000
Tbx18                                           0.138
Vcam1                                           0.629
Vtn                                             0.000
      CEMBA180813_5E#ACATTGGCACGTTCGACATTCAGTAAGAGATG
Des                                             0.000
Acta2                                           0.000
Tbx18                                           0.646
Vcam1                                           0.185
Vtn                                             0.000
      CEMBA180813_5E#CAGTTGCACTTCAATGGGAAGACTAATGACGT
Des                                             0.000
Acta2                                           0.000
Tbx18                                           0.739
Vcam1                                           0.355
Vtn                                             0.000
      CEMBA180813_5E#CAGTTGCAACGAATCTACAAGGATAATGACGT
Des                                             0.000
Acta2                                           0.000
Tbx18                                           0.151
Vcam1                                           0.343
Vtn                                             0.000


imputeMatrix Input-Parameters$threads: length = 1
[1] 10


imputeMatrix Input-Parameters$verbose: length = 1
[1] FALSE


imputeMatrix Input-Parameters$logFile: length = 1
[1] "ArchRLogs/ArchR-plotEmbedding-3c8cb6ff895ce-Date-2020-10-05_Time-13-52-46.log"



2020-10-05 13:52:49 : mat, Class = matrix
      CEMBA180813_5E#TATCGGTTCTTCAATGCATTCAGTGGATACTA
Des                                             0.240
Acta2                                           0.000
Tbx18                                           0.249
Vcam1                                           0.331
Vtn                                             0.000
      CEMBA180813_5E#ACATTGGCGGAGCTACCATTCAGTTATCCTCT
Des                                             0.244
Acta2                                           0.000
Tbx18                                           0.138
Vcam1                                           0.629
Vtn                                             0.000
      CEMBA180813_5E#ACATTGGCACGTTCGACATTCAGTAAGAGATG
Des                                             0.000
Acta2                                           0.000
Tbx18                                           0.646
Vcam1                                           0.185
Vtn                                             0.000
      CEMBA180813_5E#CAGTTGCACTTCAATGGGAAGACTAATGACGT
Des                                             0.000
Acta2                                           0.000
Tbx18                                           0.739
Vcam1                                           0.355
Vtn                                             0.000
      CEMBA180813_5E#CAGTTGCAACGAATCTACAAGGATAATGACGT
Des                                             0.000
Acta2                                           0.000
Tbx18                                           0.151
Vcam1                                           0.343
Vtn                                             0.000

mat: nRows = 10, nCols = 13017


2020-10-05 13:52:49 : weightList, Class = SimpleList

weightList$w1: length = 1
[1] "/home/bnphan/projects/snATAC_cross_species_caudate/data/raw_data/mm10/BICCN_mouse_caudoputamen/ArchR_BICCN_CP_5E/ImputeWeights/Impute-Weights-Rep-1"


weightList$w2: length = 1
[1] "/home/bnphan/projects/snATAC_cross_species_caudate/data/raw_data/mm10/BICCN_mouse_caudoputamen/ArchR_BICCN_CP_5E/ImputeWeights/Impute-Weights-Rep-2"


2020-10-05 13:52:49 : Imputing Matrix (1 of 2), 0 mins elapsed.

2020-10-05 13:52:49 : 

2020-10-05 13:52:49 : 

2020-10-05 13:52:49 : 

2020-10-05 13:52:49 : 
2020-10-05 13:52:53 : Imputing Matrix (2 of 2), 0.061 mins elapsed.

2020-10-05 13:52:53 : 

2020-10-05 13:52:53 : 

2020-10-05 13:52:53 : 

2020-10-05 13:52:53 : 
2020-10-05 13:52:56 : Finished Imputing Matrix, 0.124 mins elapsed.

2020-10-05 13:52:56 : colorMat-After-Impute, Class = matrix
      CEMBA180813_5E#TATCGGTTCTTCAATGCATTCAGTGGATACTA
Des                                        0.34815854
Acta2                                      0.06390095
Tbx18                                      0.27810614
Vcam1                                      0.84779902
Vtn                                        0.37062804
      CEMBA180813_5E#ACATTGGCGGAGCTACCATTCAGTTATCCTCT
Des                                        0.34935994
Acta2                                      0.06957408
Tbx18                                      0.22503229
Vcam1                                      0.79162427
Vtn                                        0.35698454
      CEMBA180813_5E#ACATTGGCACGTTCGACATTCAGTAAGAGATG
Des                                        0.33080775
Acta2                                      0.07108486
Tbx18                                      0.27256888
Vcam1                                      0.90171152
Vtn                                        0.34157432
      CEMBA180813_5E#CAGTTGCACTTCAATGGGAAGACTAATGACGT
Des                                        0.34199406
Acta2                                      0.06501385
Tbx18                                      0.28362033
Vcam1                                      0.92232664
Vtn                                        0.31677290
      CEMBA180813_5E#CAGTTGCAACGAATCTACAAGGATAATGACGT
Des                                        0.28931633
Acta2                                      0.05832074
Tbx18                                      0.25808736
Vcam1                                      0.83537793
Vtn                                        0.37724081

colorMat-After-Impute: nRows = 10, nCols = 13017


2020-10-05 13:52:56 : ColorParams 1, Class = list

ColorParams 1$color: length = 13017
CEMBA180813_5E#TATCGGTTCTTCAATGCATTCAGTGGATACTA 
                                      0.3481585 
CEMBA180813_5E#ACATTGGCGGAGCTACCATTCAGTTATCCTCT 
                                      0.3493599 
CEMBA180813_5E#ACATTGGCACGTTCGACATTCAGTAAGAGATG 
                                      0.3308078 
CEMBA180813_5E#CAGTTGCACTTCAATGGGAAGACTAATGACGT 
                                      0.3419941 
CEMBA180813_5E#CAGTTGCAACGAATCTACAAGGATAATGACGT 
                                      0.2893163 
CEMBA180813_5E#CATGTCAGGCCTCAATCATTCAGTATAGCCTT 
                                      0.2943096 


ColorParams 1$discrete: length = 1
[1] FALSE


ColorParams 1$title: length = 1
[1] "UMAP of IterativeLSI colored by\nGeneScoreMatrix : Des"


ColorParams 1$continuousSet: length = 1
[1] "horizonExtra"



2020-10-05 13:52:56 : PlotParams-1, Class = list

PlotParams-1$color: length = 13017
CEMBA180813_5E#TATCGGTTCTTCAATGCATTCAGTGGATACTA 
                                      0.4309902 
CEMBA180813_5E#ACATTGGCGGAGCTACCATTCAGTTATCCTCT 
                                      0.4322752 
CEMBA180813_5E#ACATTGGCACGTTCGACATTCAGTAAGAGATG 
                                      0.4123022 
CEMBA180813_5E#CAGTTGCACTTCAATGGGAAGACTAATGACGT 
                                      0.4243783 
CEMBA180813_5E#CAGTTGCAACGAATCTACAAGGATAATGACGT 
                                      0.3666063 
CEMBA180813_5E#CATGTCAGGCCTCAATCATTCAGTATAGCCTT 
                                      0.3721828 


PlotParams-1$title: length = 1
[1] "UMAP of IterativeLSI colored by\nGeneScoreMatrix : Des"


PlotParams-1$x: length = 13017
[1] -3.725456 -3.357051 -3.976632 -3.159399 -5.207888 -5.320161


PlotParams-1$y: length = 13017
[1] -3.138510 -1.762884 -3.963959 -3.218600 -1.723433 -1.395599


PlotParams-1$baseSize: length = 1
[1] 10


PlotParams-1$xlabel: length = 1
[1] "UMAP Dimension 1"


PlotParams-1$ylabel: length = 1
[1] "UMAP Dimension 2"


PlotParams-1$pal: length = 256
[1] "#000436" "#000439" "#00053D" "#000640" "#000744" "#000848"


PlotParams-1$colorTitle: length = 1
[1] "Log2(NormCounts + 1)"



2020-10-05 13:52:57 : PlotParams-2, Class = list

PlotParams-2$color: length = 13017
CEMBA180813_5E#TATCGGTTCTTCAATGCATTCAGTGGATACTA 
                                     0.08936384 
CEMBA180813_5E#ACATTGGCGGAGCTACCATTCAGTTATCCTCT 
                                     0.09703640 
CEMBA180813_5E#ACATTGGCACGTTCGACATTCAGTAAGAGATG 
                                     0.09907278 
CEMBA180813_5E#CAGTTGCACTTCAATGGGAAGACTAATGACGT 
                                     0.09087219 
CEMBA180813_5E#CAGTTGCAACGAATCTACAAGGATAATGACGT 
                                     0.08177692 
CEMBA180813_5E#CATGTCAGGCCTCAATCATTCAGTATAGCCTT 
                                     0.09282334 


PlotParams-2$title: length = 1
[1] "UMAP of IterativeLSI colored by\nGeneScoreMatrix : Acta2"


PlotParams-2$x: length = 13017
[1] -3.725456 -3.357051 -3.976632 -3.159399 -5.207888 -5.320161


PlotParams-2$y: length = 13017
[1] -3.138510 -1.762884 -3.963959 -3.218600 -1.723433 -1.395599


PlotParams-2$baseSize: length = 1
[1] 10


PlotParams-2$xlabel: length = 1
[1] "UMAP Dimension 1"


PlotParams-2$ylabel: length = 1
[1] "UMAP Dimension 2"


PlotParams-2$pal: length = 256
[1] "#000436" "#000439" "#00053D" "#000640" "#000744" "#000848"


PlotParams-2$colorTitle: length = 1
[1] "Log2(NormCounts + 1)"



2020-10-05 13:52:57 : PlotParams-3, Class = list

PlotParams-3$color: length = 13017
CEMBA180813_5E#TATCGGTTCTTCAATGCATTCAGTGGATACTA 
                                      0.3540076 
CEMBA180813_5E#ACATTGGCGGAGCTACCATTCAGTTATCCTCT 
                                      0.2928198 
CEMBA180813_5E#ACATTGGCACGTTCGACATTCAGTAAGAGATG 
                                      0.3477437 
CEMBA180813_5E#CAGTTGCACTTCAATGGGAAGACTAATGACGT 
                                      0.3602185 
CEMBA180813_5E#CAGTTGCAACGAATCTACAAGGATAATGACGT 
                                      0.3312321 
CEMBA180813_5E#CATGTCAGGCCTCAATCATTCAGTATAGCCTT 
                                      0.2968831 


PlotParams-3$title: length = 1
[1] "UMAP of IterativeLSI colored by\nGeneScoreMatrix : Tbx18"


PlotParams-3$x: length = 13017
[1] -3.725456 -3.357051 -3.976632 -3.159399 -5.207888 -5.320161


PlotParams-3$y: length = 13017
[1] -3.138510 -1.762884 -3.963959 -3.218600 -1.723433 -1.395599


PlotParams-3$baseSize: length = 1
[1] 10


PlotParams-3$xlabel: length = 1
[1] "UMAP Dimension 1"


PlotParams-3$ylabel: length = 1
[1] "UMAP Dimension 2"


PlotParams-3$pal: length = 256
[1] "#000436" "#000439" "#00053D" "#000640" "#000744" "#000848"


PlotParams-3$colorTitle: length = 1
[1] "Log2(NormCounts + 1)"



2020-10-05 13:52:57 : PlotParams-4, Class = list

PlotParams-4$color: length = 13017
CEMBA180813_5E#TATCGGTTCTTCAATGCATTCAGTGGATACTA 
                                      0.8858078 
CEMBA180813_5E#ACATTGGCGGAGCTACCATTCAGTTATCCTCT 
                                      0.8412681 
CEMBA180813_5E#ACATTGGCACGTTCGACATTCAGTAAGAGATG 
                                      0.9272984 
CEMBA180813_5E#CAGTTGCACTTCAATGGGAAGACTAATGACGT 
                                      0.9428535 
CEMBA180813_5E#CAGTTGCAACGAATCTACAAGGATAATGACGT 
                                      0.8760772 
CEMBA180813_5E#CATGTCAGGCCTCAATCATTCAGTATAGCCTT 
                                      0.8158374 


PlotParams-4$title: length = 1
[1] "UMAP of IterativeLSI colored by\nGeneScoreMatrix : Vcam1"


PlotParams-4$x: length = 13017
[1] -3.725456 -3.357051 -3.976632 -3.159399 -5.207888 -5.320161


PlotParams-4$y: length = 13017
[1] -3.138510 -1.762884 -3.963959 -3.218600 -1.723433 -1.395599


PlotParams-4$baseSize: length = 1
[1] 10


PlotParams-4$xlabel: length = 1
[1] "UMAP Dimension 1"


PlotParams-4$ylabel: length = 1
[1] "UMAP Dimension 2"


PlotParams-4$pal: length = 256
[1] "#000436" "#000439" "#00053D" "#000640" "#000744" "#000848"


PlotParams-4$colorTitle: length = 1
[1] "Log2(NormCounts + 1)"



2020-10-05 13:52:57 : PlotParams-5, Class = list

PlotParams-5$color: length = 13017
CEMBA180813_5E#TATCGGTTCTTCAATGCATTCAGTGGATACTA 
                                      0.4548371 
CEMBA180813_5E#ACATTGGCGGAGCTACCATTCAGTTATCCTCT 
                                      0.4404043 
CEMBA180813_5E#ACATTGGCACGTTCGACATTCAGTAAGAGATG 
                                      0.4239270 
CEMBA180813_5E#CAGTTGCACTTCAATGGGAAGACTAATGACGT 
                                      0.3970066 
CEMBA180813_5E#CAGTTGCAACGAATCTACAAGGATAATGACGT 
                                      0.4617808 
CEMBA180813_5E#CATGTCAGGCCTCAATCATTCAGTATAGCCTT 
                                      0.3946232 


PlotParams-5$title: length = 1
[1] "UMAP of IterativeLSI colored by\nGeneScoreMatrix : Vtn"


PlotParams-5$x: length = 13017
[1] -3.725456 -3.357051 -3.976632 -3.159399 -5.207888 -5.320161


PlotParams-5$y: length = 13017
[1] -3.138510 -1.762884 -3.963959 -3.218600 -1.723433 -1.395599


PlotParams-5$baseSize: length = 1
[1] 10


PlotParams-5$xlabel: length = 1
[1] "UMAP Dimension 1"


PlotParams-5$ylabel: length = 1
[1] "UMAP Dimension 2"


PlotParams-5$pal: length = 256
[1] "#000436" "#000439" "#00053D" "#000640" "#000744" "#000848"


PlotParams-5$colorTitle: length = 1
[1] "Log2(NormCounts + 1)"



2020-10-05 13:52:58 : PlotParams-6, Class = list

PlotParams-6$color: length = 13017
CEMBA180813_5E#TATCGGTTCTTCAATGCATTCAGTGGATACTA 
                                     0.05515248 
CEMBA180813_5E#ACATTGGCGGAGCTACCATTCAGTTATCCTCT 
                                     0.06169402 
CEMBA180813_5E#ACATTGGCACGTTCGACATTCAGTAAGAGATG 
                                     0.05347077 
CEMBA180813_5E#CAGTTGCACTTCAATGGGAAGACTAATGACGT 
                                     0.04176728 
CEMBA180813_5E#CAGTTGCAACGAATCTACAAGGATAATGACGT 
                                     0.02074583 
CEMBA180813_5E#CATGTCAGGCCTCAATCATTCAGTATAGCCTT 
                                     0.05922033 


PlotParams-6$title: length = 1
[1] "UMAP of IterativeLSI colored by\nGeneScoreMatrix : Ifitm1"


PlotParams-6$x: length = 13017
[1] -3.725456 -3.357051 -3.976632 -3.159399 -5.207888 -5.320161


PlotParams-6$y: length = 13017
[1] -3.138510 -1.762884 -3.963959 -3.218600 -1.723433 -1.395599


PlotParams-6$baseSize: length = 1
[1] 10


PlotParams-6$xlabel: length = 1
[1] "UMAP Dimension 1"


PlotParams-6$ylabel: length = 1
[1] "UMAP Dimension 2"


PlotParams-6$pal: length = 256
[1] "#000436" "#000439" "#00053D" "#000640" "#000744" "#000848"


PlotParams-6$colorTitle: length = 1
[1] "Log2(NormCounts + 1)"



2020-10-05 13:52:58 : PlotParams-7, Class = list

PlotParams-7$color: length = 13017
CEMBA180813_5E#TATCGGTTCTTCAATGCATTCAGTGGATACTA 
                                     0.08470128 
CEMBA180813_5E#ACATTGGCGGAGCTACCATTCAGTTATCCTCT 
                                     0.03672254 
CEMBA180813_5E#ACATTGGCACGTTCGACATTCAGTAAGAGATG 
                                     0.04163745 
CEMBA180813_5E#CAGTTGCACTTCAATGGGAAGACTAATGACGT 
                                     0.04130907 
CEMBA180813_5E#CAGTTGCAACGAATCTACAAGGATAATGACGT 
                                     0.03762640 
CEMBA180813_5E#CATGTCAGGCCTCAATCATTCAGTATAGCCTT 
                                     0.05154164 


PlotParams-7$title: length = 1
[1] "UMAP of IterativeLSI colored by\nGeneScoreMatrix : Anpep"


PlotParams-7$x: length = 13017
[1] -3.725456 -3.357051 -3.976632 -3.159399 -5.207888 -5.320161


PlotParams-7$y: length = 13017
[1] -3.138510 -1.762884 -3.963959 -3.218600 -1.723433 -1.395599


PlotParams-7$baseSize: length = 1
[1] 10


PlotParams-7$xlabel: length = 1
[1] "UMAP Dimension 1"


PlotParams-7$ylabel: length = 1
[1] "UMAP Dimension 2"


PlotParams-7$pal: length = 256
[1] "#000436" "#000439" "#00053D" "#000640" "#000744" "#000848"


PlotParams-7$colorTitle: length = 1
[1] "Log2(NormCounts + 1)"



2020-10-05 13:52:58 : PlotParams-8, Class = list

PlotParams-8$color: length = 13017
CEMBA180813_5E#TATCGGTTCTTCAATGCATTCAGTGGATACTA 
                                     0.05676763 
CEMBA180813_5E#ACATTGGCGGAGCTACCATTCAGTTATCCTCT 
                                     0.03388443 
CEMBA180813_5E#ACATTGGCACGTTCGACATTCAGTAAGAGATG 
                                     0.04363664 
CEMBA180813_5E#CAGTTGCACTTCAATGGGAAGACTAATGACGT 
                                     0.04405336 
CEMBA180813_5E#CAGTTGCAACGAATCTACAAGGATAATGACGT 
                                     0.04689404 
CEMBA180813_5E#CATGTCAGGCCTCAATCATTCAGTATAGCCTT 
                                     0.04022124 


PlotParams-8$title: length = 1
[1] "UMAP of IterativeLSI colored by\nGeneScoreMatrix : Ogn"


PlotParams-8$x: length = 13017
[1] -3.725456 -3.357051 -3.976632 -3.159399 -5.207888 -5.320161


PlotParams-8$y: length = 13017
[1] -3.138510 -1.762884 -3.963959 -3.218600 -1.723433 -1.395599


PlotParams-8$baseSize: length = 1
[1] 10


PlotParams-8$xlabel: length = 1
[1] "UMAP Dimension 1"


PlotParams-8$ylabel: length = 1
[1] "UMAP Dimension 2"


PlotParams-8$pal: length = 256
[1] "#000436" "#000439" "#00053D" "#000640" "#000744" "#000848"


PlotParams-8$colorTitle: length = 1
[1] "Log2(NormCounts + 1)"



2020-10-05 13:52:58 : PlotParams-9, Class = list

PlotParams-9$color: length = 13017
CEMBA180813_5E#TATCGGTTCTTCAATGCATTCAGTGGATACTA 
                                     0.14012329 
CEMBA180813_5E#ACATTGGCGGAGCTACCATTCAGTTATCCTCT 
                                     0.12011245 
CEMBA180813_5E#ACATTGGCACGTTCGACATTCAGTAAGAGATG 
                                     0.11086610 
CEMBA180813_5E#CAGTTGCACTTCAATGGGAAGACTAATGACGT 
                                     0.11119095 
CEMBA180813_5E#CAGTTGCAACGAATCTACAAGGATAATGACGT 
                                     0.12237652 
CEMBA180813_5E#CATGTCAGGCCTCAATCATTCAGTATAGCCTT 
                                     0.09409519 


PlotParams-9$title: length = 1
[1] "UMAP of IterativeLSI colored by\nGeneScoreMatrix : Lum"


PlotParams-9$x: length = 13017
[1] -3.725456 -3.357051 -3.976632 -3.159399 -5.207888 -5.320161


PlotParams-9$y: length = 13017
[1] -3.138510 -1.762884 -3.963959 -3.218600 -1.723433 -1.395599


PlotParams-9$baseSize: length = 1
[1] 10


PlotParams-9$xlabel: length = 1
[1] "UMAP Dimension 1"


PlotParams-9$ylabel: length = 1
[1] "UMAP Dimension 2"


PlotParams-9$pal: length = 256
[1] "#000436" "#000439" "#00053D" "#000640" "#000744" "#000848"


PlotParams-9$colorTitle: length = 1
[1] "Log2(NormCounts + 1)"



2020-10-05 13:52:58 : PlotParams-10, Class = list

PlotParams-10$color: length = 13017
CEMBA180813_5E#TATCGGTTCTTCAATGCATTCAGTGGATACTA 
                                      0.1773774 
CEMBA180813_5E#ACATTGGCGGAGCTACCATTCAGTTATCCTCT 
                                      0.1569782 
CEMBA180813_5E#ACATTGGCACGTTCGACATTCAGTAAGAGATG 
                                      0.1519494 
CEMBA180813_5E#CAGTTGCACTTCAATGGGAAGACTAATGACGT 
                                      0.1532912 
CEMBA180813_5E#CAGTTGCAACGAATCTACAAGGATAATGACGT 
                                      0.2486891 
CEMBA180813_5E#CATGTCAGGCCTCAATCATTCAGTATAGCCTT 
                                      0.1901680 


PlotParams-10$title: length = 1
[1] "UMAP of IterativeLSI colored by\nGeneScoreMatrix : Dcn"


PlotParams-10$x: length = 13017
[1] -3.725456 -3.357051 -3.976632 -3.159399 -5.207888 -5.320161


PlotParams-10$y: length = 13017
[1] -3.138510 -1.762884 -3.963959 -3.218600 -1.723433 -1.395599


PlotParams-10$baseSize: length = 1
[1] 10


PlotParams-10$xlabel: length = 1
[1] "UMAP Dimension 1"


PlotParams-10$ylabel: length = 1
[1] "UMAP Dimension 2"


PlotParams-10$pal: length = 256
[1] "#000436" "#000439" "#00053D" "#000640" "#000744" "#000848"


PlotParams-10$colorTitle: length = 1
[1] "Log2(NormCounts + 1)"



------- Completed

End Time : 2020-10-05 13:52:59
Elapsed Time Minutes = 0.218374721209208
Elapsed Time Hours = 0.00363963610596127

-------



