
           ___      .______        ______  __    __  .______      
          /   \     |   _  \      /      ||  |  |  | |   _  \     
         /  ^  \    |  |_)  |    |  ,----'|  |__|  | |  |_)  |    
        /  /_\  \   |      /     |  |     |   __   | |      /     
       /  _____  \  |  |\  \\___ |  `----.|  |  |  | |  |\  \\___.
      /__/     \__\ | _| `._____| \______||__|  |__| | _| `._____|
    
Logging With ArchR!

Start Time : 2020-10-06 06:59:44

------- ArchR Info

ArchRThreads = 10
ArchRGenome = Mm10

------- System Info

Computer OS = unix
Total Cores = 64

------- Session Info

R version 3.6.3 (2020-02-29)
Platform: x86_64-conda_cos6-linux-gnu (64-bit)
Running under: CentOS Linux 7 (Core)

Matrix products: default
BLAS/LAPACK: /home/bnphan/miniconda3/lib/libmkl_rt.so

locale:
 [1] LC_CTYPE=en_US.UTF-8       LC_NUMERIC=C              
 [3] LC_TIME=en_US.UTF-8        LC_COLLATE=en_US.UTF-8    
 [5] LC_MONETARY=en_US.UTF-8    LC_MESSAGES=en_US.UTF-8   
 [7] LC_PAPER=en_US.UTF-8       LC_NAME=C                 
 [9] LC_ADDRESS=C               LC_TELEPHONE=C            
[11] LC_MEASUREMENT=en_US.UTF-8 LC_IDENTIFICATION=C       

attached base packages:
[1] parallel  stats4    stats     graphics  grDevices utils     datasets 
[8] methods   base     

other attached packages:
 [1] gtable_0.3.0                ArchR_0.9.5                
 [3] magrittr_1.5                rhdf5_2.30.1               
 [5] Matrix_1.2-18               data.table_1.13.0          
 [7] SummarizedExperiment_1.16.1 DelayedArray_0.12.3        
 [9] BiocParallel_1.20.1         matrixStats_0.57.0         
[11] Biobase_2.46.0              GenomicRanges_1.38.0       
[13] GenomeInfoDb_1.22.1         IRanges_2.20.2             
[15] S4Vectors_0.24.4            BiocGenerics_0.32.0        
[17] ggplot2_3.3.2               colorout_1.2-2             

loaded via a namespace (and not attached):
 [1] Rcpp_1.0.5                         lattice_0.20-41                   
 [3] Rsamtools_2.2.3                    Biostrings_2.54.0                 
 [5] gtools_3.8.2                       digest_0.6.25                     
 [7] BSgenome.Mmusculus.UCSC.mm10_1.4.0 IRdisplay_0.7.0                   
 [9] R6_2.4.1                           repr_1.1.0                        
[11] evaluate_0.14                      pillar_1.4.6                      
[13] zlibbioc_1.32.0                    rlang_0.4.7                       
[15] uuid_0.1-4                         labeling_0.3                      
[17] stringr_1.4.0                      pheatmap_1.0.12                   
[19] RCurl_1.98-1.2                     munsell_0.5.0                     
[21] compiler_3.6.3                     rtracklayer_1.46.0                
[23] pkgconfig_2.0.3                    base64enc_0.1-3                   
[25] htmltools_0.5.0                    tidyselect_1.1.0                  
[27] tibble_3.0.3                       GenomeInfoDbData_1.2.2            
[29] XML_3.99-0.3                       crayon_1.3.4                      
[31] dplyr_1.0.2                        withr_2.3.0                       
[33] GenomicAlignments_1.22.1           bitops_1.0-6                      
[35] grid_3.6.3                         jsonlite_1.7.1                    
[37] lifecycle_0.2.0                    scales_1.1.1                      
[39] stringi_1.5.3                      farver_2.0.3                      
[41] XVector_0.26.0                     ellipsis_0.3.1                    
[43] generics_0.0.2                     vctrs_0.3.4                       
[45] IRkernel_1.1.1                     Rhdf5lib_1.8.0                    
[47] RColorBrewer_1.1-2                 tools_3.6.3                       
[49] Cairo_1.5-12.2                     BSgenome_1.54.0                   
[51] glue_1.4.2                         purrr_0.3.4                       
[53] colorspace_1.4-1                   pbdZMQ_0.3-3                      


------- Log Info


2020-10-06 06:59:44 : Input-Parameters, Class = list

Input-Parameters$ArchRProj: length = 1
class: ArchRProject 
outputDirectory: /home/bnphan/projects/snATAC_cross_species_caudate/data/raw_data/mm10/BICCN_mouse_caudoputamen/ArchR_BICCN_CP 
samples(4): CEMBA171214_4D CEMBA171219_4D CEMBA180813_5E CEMBA180820_5E
sampleColData names(1): ArrowFiles
cellColData names(27): Sample TSSEnrichment ... SubRegion Slice
numberOfCells(1): 1
medianTSS(1): 14.755
medianFrags(1): 40080


Input-Parameters$embedding: length = 1
[1] "UMAP"


Input-Parameters$colorBy: length = 1
[1] "GeneScoreMatrix"


Input-Parameters$name: length = 6
[1] "Ppp1r1b"       "Bcl11b"        "2010300C02Rik" "Pde1b"        
[5] "Foxp1"         "Six3"         


Input-Parameters$log2Norm: length = 0
NULL


Input-Parameters$imputeWeights: length = 0
NULL


Input-Parameters$pal: length = 0
NULL


Input-Parameters$size: length = 1
[1] 0.1


Input-Parameters$sampleCells: length = 0
NULL


Input-Parameters$highlightCells: length = 0
NULL


Input-Parameters$rastr: length = 1
[1] TRUE


Input-Parameters$quantCut: length = 2
[1] 0.01 0.99


Input-Parameters$discreteSet: length = 0
NULL


Input-Parameters$continuousSet: length = 0
NULL


Input-Parameters$randomize: length = 1
[1] TRUE


Input-Parameters$keepAxis: length = 1
[1] FALSE


Input-Parameters$baseSize: length = 1
[1] 10


Input-Parameters$plotAs: length = 0
NULL


Input-Parameters$threads: length = 1
[1] 10


Input-Parameters$logFile: length = 1
[1] "ArchRLogs/ArchR-plotEmbedding-451b11edeb5e3-Date-2020-10-06_Time-06-59-44.log"



2020-10-06 06:59:44 : 

2020-10-06 06:59:44 : Embedding data.frame, Class = data.frame
Embedding data.frame: nRows = 23139, nCols = 2
                                                IterativeLSI#UMAP_Dimension_1
CEMBA171214_4D#ATTCAGAATTAGCCTCTAAGATCCGTACTGAC                      7.389353
CEMBA171214_4D#CTGAAGCTGCAACCTAAATGACGTCCTATCCT                      6.087838
CEMBA171214_4D#CTGAAGCTCGCTTGATATAGCCTTGTACTGAC                      1.797189
CEMBA171214_4D#ATTCAGAAGCCTCAATATAGCCTTCAGGACGT                      3.346506
CEMBA171214_4D#ATTCAGAATACTGCCTAGGATAACTATAGCCT                      5.928127
CEMBA171214_4D#AGCGATAGATAAGTCGGGTTAGACCAGGACGT                      3.249934
                                                IterativeLSI#UMAP_Dimension_2
CEMBA171214_4D#ATTCAGAATTAGCCTCTAAGATCCGTACTGAC                    -3.9475122
CEMBA171214_4D#CTGAAGCTGCAACCTAAATGACGTCCTATCCT                    -3.6941641
CEMBA171214_4D#CTGAAGCTCGCTTGATATAGCCTTGTACTGAC                    -1.3854765
CEMBA171214_4D#ATTCAGAAGCCTCAATATAGCCTTCAGGACGT                    -1.0370980
CEMBA171214_4D#ATTCAGAATACTGCCTAGGATAACTATAGCCT                    -3.5366174
CEMBA171214_4D#AGCGATAGATAAGTCGGGTTAGACCAGGACGT                    -0.8346371



2020-10-06 06:59:44 : 

2020-10-06 06:59:44 : 

2020-10-06 06:59:44 : FeatureDF, Class = DFrame
DataFrame with 24333 rows and 6 columns
      seqnames     start       end  strand          name     idx
         <Rle>   <array>   <array> <array>       <array> <array>
1         chr1   3671498   3214482       2          Xkr4       1
2         chr1   4409241   4290846       2           Rp1       2
3         chr1   4497354   4490928       2         Sox17       3
4         chr1   4785726   4773198       2        Mrpl15       4
5         chr1   4807893   4846735       1        Lypla1       5
...        ...       ...       ...     ...           ...     ...
24329     chrX 169320372 169251538       2          Hccs    1039
24330     chrX 169320422 169368178       1       Gm15246    1040
24331     chrX 169685199 169990798       1          Mid1    1041
24332     chrX 169779635 169776378       2 4933400A11Rik    1042
24333     chrX 170672644 170678054       1          Asmt    1043


2020-10-06 06:59:44 : idx, Class = integer

idx: length = 6
[1]  3787  4991   164  7899 18066  9817



2020-10-06 06:59:44 : FeatureDF-Subset, Class = DFrame
DataFrame with 6 rows and 6 columns
  seqnames     start       end  strand          name     idx
     <Rle>   <array>   <array> <array>       <array> <array>
1    chr11  98348406  98357796       1       Ppp1r1b    1282
2    chr12 108003414 107910403       2        Bcl11b     648
3     chr1  37719811  37611676       2 2010300C02Rik     164
4    chr15 103503034 103530056       1         Pde1b     909
5     chr6  99520993  98925342       2         Foxp1     779
6    chr17  85620834  85629302       1          Six3    1145


2020-10-06 06:59:49 : Feature-Matrix, Class = dgCMatrix
Feature-Matrix: nRows = 6, nCols = 23139
Feature-Matrix: NonZeroEntries = 59543, EntryRange = [ 0.073 , 130.063 ]
5 x 5 sparse Matrix of class "dgCMatrix"
     CEMBA171214_4D#ATTCAGAATTAGCCTCTAAGATCCGTACTGAC
[1,]                                           0.706
[2,]                                           0.290
[3,]                                           0.369
[4,]                                           0.510
[5,]                                           2.983
     CEMBA171214_4D#CTGAAGCTGCAACCTAAATGACGTCCTATCCT
[1,]                                           0.426
[2,]                                           0.914
[3,]                                           1.570
[4,]                                           0.289
[5,]                                           0.735
     CEMBA171214_4D#CTGAAGCTCGCTTGATATAGCCTTGTACTGAC
[1,]                                           3.275
[2,]                                           3.316
[3,]                                           1.863
[4,]                                           3.812
[5,]                                           7.809
     CEMBA171214_4D#ATTCAGAAGCCTCAATATAGCCTTCAGGACGT
[1,]                                           2.102
[2,]                                           1.806
[3,]                                           4.737
[4,]                                           1.725
[5,]                                          10.473
     CEMBA171214_4D#ATTCAGAATACTGCCTAGGATAACTATAGCCT
[1,]                                           .    
[2,]                                           3.326
[3,]                                           1.303
[4,]                                           1.574
[5,]                                           1.952



2020-10-06 06:59:49 : colorMat-Before-Impute, Class = matrix
              CEMBA171214_4D#ATTCAGAATTAGCCTCTAAGATCCGTACTGAC
Ppp1r1b                                                 0.706
Bcl11b                                                  0.290
2010300C02Rik                                           0.369
Pde1b                                                   0.510
Foxp1                                                   2.983
              CEMBA171214_4D#CTGAAGCTGCAACCTAAATGACGTCCTATCCT
Ppp1r1b                                                 0.426
Bcl11b                                                  0.914
2010300C02Rik                                           1.570
Pde1b                                                   0.289
Foxp1                                                   0.735
              CEMBA171214_4D#CTGAAGCTCGCTTGATATAGCCTTGTACTGAC
Ppp1r1b                                                 3.275
Bcl11b                                                  3.316
2010300C02Rik                                           1.863
Pde1b                                                   3.812
Foxp1                                                   7.809
              CEMBA171214_4D#ATTCAGAAGCCTCAATATAGCCTTCAGGACGT
Ppp1r1b                                                 2.102
Bcl11b                                                  1.806
2010300C02Rik                                           4.737
Pde1b                                                   1.725
Foxp1                                                  10.473
              CEMBA171214_4D#ATTCAGAATACTGCCTAGGATAACTATAGCCT
Ppp1r1b                                                 0.000
Bcl11b                                                  3.326
2010300C02Rik                                           1.303
Pde1b                                                   1.574
Foxp1                                                   1.952

colorMat-Before-Impute: nRows = 6, nCols = 23139


2020-10-06 06:59:49 : colorMat-After-Impute, Class = matrix
              CEMBA171214_4D#ATTCAGAATTAGCCTCTAAGATCCGTACTGAC
Ppp1r1b                                                 0.706
Bcl11b                                                  0.290
2010300C02Rik                                           0.369
Pde1b                                                   0.510
Foxp1                                                   2.983
              CEMBA171214_4D#CTGAAGCTGCAACCTAAATGACGTCCTATCCT
Ppp1r1b                                                 0.426
Bcl11b                                                  0.914
2010300C02Rik                                           1.570
Pde1b                                                   0.289
Foxp1                                                   0.735
              CEMBA171214_4D#CTGAAGCTCGCTTGATATAGCCTTGTACTGAC
Ppp1r1b                                                 3.275
Bcl11b                                                  3.316
2010300C02Rik                                           1.863
Pde1b                                                   3.812
Foxp1                                                   7.809
              CEMBA171214_4D#ATTCAGAAGCCTCAATATAGCCTTCAGGACGT
Ppp1r1b                                                 2.102
Bcl11b                                                  1.806
2010300C02Rik                                           4.737
Pde1b                                                   1.725
Foxp1                                                  10.473
              CEMBA171214_4D#ATTCAGAATACTGCCTAGGATAACTATAGCCT
Ppp1r1b                                                 0.000
Bcl11b                                                  3.326
2010300C02Rik                                           1.303
Pde1b                                                   1.574
Foxp1                                                   1.952

colorMat-After-Impute: nRows = 6, nCols = 23139


2020-10-06 06:59:49 : ColorParams 1, Class = list

ColorParams 1$color: length = 23139
CEMBA171214_4D#ATTCAGAATTAGCCTCTAAGATCCGTACTGAC 
                                          0.706 
CEMBA171214_4D#CTGAAGCTGCAACCTAAATGACGTCCTATCCT 
                                          0.426 
CEMBA171214_4D#CTGAAGCTCGCTTGATATAGCCTTGTACTGAC 
                                          3.275 
CEMBA171214_4D#ATTCAGAAGCCTCAATATAGCCTTCAGGACGT 
                                          2.102 
CEMBA171214_4D#ATTCAGAATACTGCCTAGGATAACTATAGCCT 
                                          0.000 
CEMBA171214_4D#AGCGATAGATAAGTCGGGTTAGACCAGGACGT 
                                          1.572 


ColorParams 1$discrete: length = 1
[1] FALSE


ColorParams 1$title: length = 1
[1] "UMAP of IterativeLSI colored by\nGeneScoreMatrix : Ppp1r1b"


ColorParams 1$continuousSet: length = 1
[1] "horizonExtra"



2020-10-06 06:59:49 : PlotParams-1, Class = list

PlotParams-1$color: length = 23139
CEMBA171214_4D#ATTCAGAATTAGCCTCTAAGATCCGTACTGAC 
                                      0.7706176 
CEMBA171214_4D#CTGAAGCTGCAACCTAAATGACGTCCTATCCT 
                                      0.5119740 
CEMBA171214_4D#CTGAAGCTCGCTTGATATAGCCTTGTACTGAC 
                                      2.0959244 
CEMBA171214_4D#ATTCAGAAGCCTCAATATAGCCTTCAGGACGT 
                                      1.6331987 
CEMBA171214_4D#ATTCAGAATACTGCCTAGGATAACTATAGCCT 
                                      0.0000000 
CEMBA171214_4D#AGCGATAGATAAGTCGGGTTAGACCAGGACGT 
                                      1.3628906 


PlotParams-1$title: length = 1
[1] "UMAP of IterativeLSI colored by\nGeneScoreMatrix : Ppp1r1b"


PlotParams-1$x: length = 23139
[1] 7.389353 6.087838 1.797189 3.346506 5.928127 3.249934


PlotParams-1$y: length = 23139
[1] -3.9475122 -3.6941641 -1.3854765 -1.0370980 -3.5366174 -0.8346371


PlotParams-1$baseSize: length = 1
[1] 10


PlotParams-1$xlabel: length = 1
[1] "UMAP Dimension 1"


PlotParams-1$ylabel: length = 1
[1] "UMAP Dimension 2"


PlotParams-1$pal: length = 256
[1] "#000436" "#000439" "#00053D" "#000640" "#000744" "#000848"


PlotParams-1$colorTitle: length = 1
[1] "Log2(NormCounts + 1)"



2020-10-06 06:59:49 : PlotParams-2, Class = list

PlotParams-2$color: length = 23139
CEMBA171214_4D#ATTCAGAATTAGCCTCTAAGATCCGTACTGAC 
                                      0.3673711 
CEMBA171214_4D#CTGAAGCTGCAACCTAAATGACGTCCTATCCT 
                                      0.9365908 
CEMBA171214_4D#CTGAAGCTCGCTTGATATAGCCTTGTACTGAC 
                                      2.1096949 
CEMBA171214_4D#ATTCAGAAGCCTCAATATAGCCTTCAGGACGT 
                                      1.4885150 
CEMBA171214_4D#ATTCAGAATACTGCCTAGGATAACTATAGCCT 
                                      2.1130337 
CEMBA171214_4D#AGCGATAGATAAGTCGGGTTAGACCAGGACGT 
                                      1.7250867 


PlotParams-2$title: length = 1
[1] "UMAP of IterativeLSI colored by\nGeneScoreMatrix : Bcl11b"


PlotParams-2$x: length = 23139
[1] 7.389353 6.087838 1.797189 3.346506 5.928127 3.249934


PlotParams-2$y: length = 23139
[1] -3.9475122 -3.6941641 -1.3854765 -1.0370980 -3.5366174 -0.8346371


PlotParams-2$baseSize: length = 1
[1] 10


PlotParams-2$xlabel: length = 1
[1] "UMAP Dimension 1"


PlotParams-2$ylabel: length = 1
[1] "UMAP Dimension 2"


PlotParams-2$pal: length = 256
[1] "#000436" "#000439" "#00053D" "#000640" "#000744" "#000848"


PlotParams-2$colorTitle: length = 1
[1] "Log2(NormCounts + 1)"



2020-10-06 06:59:49 : PlotParams-3, Class = list

PlotParams-3$color: length = 23139
CEMBA171214_4D#ATTCAGAATTAGCCTCTAAGATCCGTACTGAC 
                                      0.4531224 
CEMBA171214_4D#CTGAAGCTGCAACCTAAATGACGTCCTATCCT 
                                      1.3617684 
CEMBA171214_4D#CTGAAGCTCGCTTGATATAGCCTTGTACTGAC 
                                      1.5175277 
CEMBA171214_4D#ATTCAGAAGCCTCAATATAGCCTTCAGGACGT 
                                      2.5202965 
CEMBA171214_4D#ATTCAGAATACTGCCTAGGATAACTATAGCCT 
                                      1.2035144 
CEMBA171214_4D#AGCGATAGATAAGTCGGGTTAGACCAGGACGT 
                                      1.6233987 


PlotParams-3$title: length = 1
[1] "UMAP of IterativeLSI colored by\nGeneScoreMatrix : 2010300C02Rik"


PlotParams-3$x: length = 23139
[1] 7.389353 6.087838 1.797189 3.346506 5.928127 3.249934


PlotParams-3$y: length = 23139
[1] -3.9475122 -3.6941641 -1.3854765 -1.0370980 -3.5366174 -0.8346371


PlotParams-3$baseSize: length = 1
[1] 10


PlotParams-3$xlabel: length = 1
[1] "UMAP Dimension 1"


PlotParams-3$ylabel: length = 1
[1] "UMAP Dimension 2"


PlotParams-3$pal: length = 256
[1] "#000436" "#000439" "#00053D" "#000640" "#000744" "#000848"


PlotParams-3$colorTitle: length = 1
[1] "Log2(NormCounts + 1)"



2020-10-06 06:59:50 : PlotParams-4, Class = list

PlotParams-4$color: length = 23139
CEMBA171214_4D#ATTCAGAATTAGCCTCTAAGATCCGTACTGAC 
                                      0.5945485 
CEMBA171214_4D#CTGAAGCTGCAACCTAAATGACGTCCTATCCT 
                                      0.3662523 
CEMBA171214_4D#CTGAAGCTCGCTTGATATAGCCTTGTACTGAC 
                                      2.2666366 
CEMBA171214_4D#ATTCAGAAGCCTCAATATAGCCTTCAGGACGT 
                                      1.4462562 
CEMBA171214_4D#ATTCAGAATACTGCCTAGGATAACTATAGCCT 
                                      1.3640121 
CEMBA171214_4D#AGCGATAGATAAGTCGGGTTAGACCAGGACGT 
                                      2.5803867 


PlotParams-4$title: length = 1
[1] "UMAP of IterativeLSI colored by\nGeneScoreMatrix : Pde1b"


PlotParams-4$x: length = 23139
[1] 7.389353 6.087838 1.797189 3.346506 5.928127 3.249934


PlotParams-4$y: length = 23139
[1] -3.9475122 -3.6941641 -1.3854765 -1.0370980 -3.5366174 -0.8346371


PlotParams-4$baseSize: length = 1
[1] 10


PlotParams-4$xlabel: length = 1
[1] "UMAP Dimension 1"


PlotParams-4$ylabel: length = 1
[1] "UMAP Dimension 2"


PlotParams-4$pal: length = 256
[1] "#000436" "#000439" "#00053D" "#000640" "#000744" "#000848"


PlotParams-4$colorTitle: length = 1
[1] "Log2(NormCounts + 1)"



2020-10-06 06:59:50 : PlotParams-5, Class = list

PlotParams-5$color: length = 23139
CEMBA171214_4D#ATTCAGAATTAGCCTCTAAGATCCGTACTGAC 
                                      1.9938555 
CEMBA171214_4D#CTGAAGCTGCAACCTAAATGACGTCCTATCCT 
                                      0.7949357 
CEMBA171214_4D#CTGAAGCTCGCTTGATATAGCCTTGTACTGAC 
                                      3.1389783 
CEMBA171214_4D#ATTCAGAAGCCTCAATATAGCCTTCAGGACGT 
                                      3.5201708 
CEMBA171214_4D#ATTCAGAATACTGCCTAGGATAACTATAGCCT 
                                      1.5616927 
CEMBA171214_4D#AGCGATAGATAAGTCGGGTTAGACCAGGACGT 
                                      3.9875937 


PlotParams-5$title: length = 1
[1] "UMAP of IterativeLSI colored by\nGeneScoreMatrix : Foxp1"


PlotParams-5$x: length = 23139
[1] 7.389353 6.087838 1.797189 3.346506 5.928127 3.249934


PlotParams-5$y: length = 23139
[1] -3.9475122 -3.6941641 -1.3854765 -1.0370980 -3.5366174 -0.8346371


PlotParams-5$baseSize: length = 1
[1] 10


PlotParams-5$xlabel: length = 1
[1] "UMAP Dimension 1"


PlotParams-5$ylabel: length = 1
[1] "UMAP Dimension 2"


PlotParams-5$pal: length = 256
[1] "#000436" "#000439" "#00053D" "#000640" "#000744" "#000848"


PlotParams-5$colorTitle: length = 1
[1] "Log2(NormCounts + 1)"



2020-10-06 06:59:50 : PlotParams-6, Class = list

PlotParams-6$color: length = 23139
CEMBA171214_4D#ATTCAGAATTAGCCTCTAAGATCCGTACTGAC 
                                      1.7150147 
CEMBA171214_4D#CTGAAGCTGCAACCTAAATGACGTCCTATCCT 
                                      0.1622100 
CEMBA171214_4D#CTGAAGCTCGCTTGATATAGCCTTGTACTGAC 
                                      0.8999490 
CEMBA171214_4D#ATTCAGAAGCCTCAATATAGCCTTCAGGACGT 
                                      1.7974281 
CEMBA171214_4D#ATTCAGAATACTGCCTAGGATAACTATAGCCT 
                                      0.5675454 
CEMBA171214_4D#AGCGATAGATAAGTCGGGTTAGACCAGGACGT 
                                      0.5260688 


PlotParams-6$title: length = 1
[1] "UMAP of IterativeLSI colored by\nGeneScoreMatrix : Six3"


PlotParams-6$x: length = 23139
[1] 7.389353 6.087838 1.797189 3.346506 5.928127 3.249934


PlotParams-6$y: length = 23139
[1] -3.9475122 -3.6941641 -1.3854765 -1.0370980 -3.5366174 -0.8346371


PlotParams-6$baseSize: length = 1
[1] 10


PlotParams-6$xlabel: length = 1
[1] "UMAP Dimension 1"


PlotParams-6$ylabel: length = 1
[1] "UMAP Dimension 2"


PlotParams-6$pal: length = 256
[1] "#000436" "#000439" "#00053D" "#000640" "#000744" "#000848"


PlotParams-6$colorTitle: length = 1
[1] "Log2(NormCounts + 1)"



------- Completed

End Time : 2020-10-06 06:59:50
Elapsed Time Minutes = 0.114472575982412
Elapsed Time Hours = 0.0019079276588228

-------



