
           ___      .______        ______  __    __  .______      
          /   \     |   _  \      /      ||  |  |  | |   _  \     
         /  ^  \    |  |_)  |    |  ,----'|  |__|  | |  |_)  |    
        /  /_\  \   |      /     |  |     |   __   | |      /     
       /  _____  \  |  |\  \\___ |  `----.|  |  |  | |  |\  \\___.
      /__/     \__\ | _| `._____| \______||__|  |__| | _| `._____|
    
Logging With ArchR!

Start Time : 2020-10-03 00:12:58

------- ArchR Info

ArchRThreads = 10
ArchRGenome = Hg38

------- System Info

Computer OS = unix
Total Cores = 64

------- Session Info

R version 3.6.3 (2020-02-29)
Platform: x86_64-conda_cos6-linux-gnu (64-bit)
Running under: CentOS Linux 7 (Core)

Matrix products: default
BLAS/LAPACK: /home/bnphan/miniconda3/lib/libmkl_rt.so

locale:
 [1] LC_CTYPE=en_US.UTF-8       LC_NUMERIC=C              
 [3] LC_TIME=en_US.UTF-8        LC_COLLATE=en_US.UTF-8    
 [5] LC_MONETARY=en_US.UTF-8    LC_MESSAGES=en_US.UTF-8   
 [7] LC_PAPER=en_US.UTF-8       LC_NAME=C                 
 [9] LC_ADDRESS=C               LC_TELEPHONE=C            
[11] LC_MEASUREMENT=en_US.UTF-8 LC_IDENTIFICATION=C       

attached base packages:
[1] parallel  stats4    stats     graphics  grDevices utils     datasets 
[8] methods   base     

other attached packages:
 [1] gtable_0.3.0                ArchR_0.9.5                
 [3] magrittr_1.5                rhdf5_2.30.1               
 [5] Matrix_1.2-18               data.table_1.13.0          
 [7] SummarizedExperiment_1.16.1 DelayedArray_0.12.3        
 [9] BiocParallel_1.20.1         matrixStats_0.57.0         
[11] Biobase_2.46.0              GenomicRanges_1.38.0       
[13] GenomeInfoDb_1.22.1         IRanges_2.20.2             
[15] S4Vectors_0.24.4            BiocGenerics_0.32.0        
[17] ggplot2_3.3.2               colorout_1.2-2             

loaded via a namespace (and not attached):
 [1] BSgenome.Hsapiens.UCSC.hg38_1.4.1 Rcpp_1.0.5                       
 [3] lattice_0.20-41                   Rsamtools_2.2.3                  
 [5] Biostrings_2.54.0                 gtools_3.8.2                     
 [7] digest_0.6.25                     IRdisplay_0.7.0                  
 [9] R6_2.4.1                          repr_1.1.0                       
[11] evaluate_0.14                     pillar_1.4.6                     
[13] zlibbioc_1.32.0                   rlang_0.4.7                      
[15] uuid_0.1-4                        labeling_0.3                     
[17] stringr_1.4.0                     pheatmap_1.0.12                  
[19] RCurl_1.98-1.2                    munsell_0.5.0                    
[21] compiler_3.6.3                    rtracklayer_1.46.0               
[23] pkgconfig_2.0.3                   base64enc_0.1-3                  
[25] htmltools_0.5.0                   tidyselect_1.1.0                 
[27] tibble_3.0.3                      GenomeInfoDbData_1.2.2           
[29] XML_3.99-0.3                      crayon_1.3.4                     
[31] dplyr_1.0.2                       withr_2.3.0                      
[33] GenomicAlignments_1.22.1          bitops_1.0-6                     
[35] grid_3.6.3                        jsonlite_1.7.1                   
[37] lifecycle_0.2.0                   scales_1.1.1                     
[39] stringi_1.5.3                     farver_2.0.3                     
[41] XVector_0.26.0                    ellipsis_0.3.1                   
[43] generics_0.0.2                    vctrs_0.3.4                      
[45] IRkernel_1.1.1                    Rhdf5lib_1.8.0                   
[47] RColorBrewer_1.1-2                tools_3.6.3                      
[49] Cairo_1.5-12.2                    BSgenome_1.54.0                  
[51] glue_1.4.2                        purrr_0.3.4                      
[53] colorspace_1.4-1                  pbdZMQ_0.3-3                     


------- Log Info


2020-10-03 00:12:58 : Input-Parameters, Class = list

Input-Parameters$ArchRProj: length = 1
class: ArchRProject 
outputDirectory: /home/bnphan/projects/snATAC_cross_species_caudate/data/raw_data/mm10/BICCN_mouse_caudoputamen/ArchR_BICCN_caudoputamen 
samples(4): CEMBA171214_4D CEMBA171219_4D CEMBA180813_5E CEMBA180820_5E
sampleColData names(1): ArrowFiles
cellColData names(18): Sample TSSEnrichment ... Region Clusters
numberOfCells(1): 1
medianTSS(1): 14.205
medianFrags(1): 42336


Input-Parameters$embedding: length = 1
[1] "UMAP"


Input-Parameters$colorBy: length = 1
[1] "GeneScoreMatrix"


Input-Parameters$name: length = 6
[1] "Ppp1r1b"       "Bcl11b"        "2010300C02Rik" "Pde1b"        
[5] "Foxp1"         "Six3"         


Input-Parameters$log2Norm: length = 0
NULL


Input-Parameters$pal: length = 0
NULL


Input-Parameters$size: length = 1
[1] 0.1


Input-Parameters$sampleCells: length = 0
NULL


Input-Parameters$highlightCells: length = 0
NULL


Input-Parameters$rastr: length = 1
[1] TRUE


Input-Parameters$quantCut: length = 2
[1] 0.01 0.99


Input-Parameters$discreteSet: length = 0
NULL


Input-Parameters$continuousSet: length = 0
NULL


Input-Parameters$randomize: length = 1
[1] TRUE


Input-Parameters$keepAxis: length = 1
[1] FALSE


Input-Parameters$baseSize: length = 1
[1] 10


Input-Parameters$plotAs: length = 0
NULL


Input-Parameters$threads: length = 1
[1] 10


Input-Parameters$logFile: length = 1
[1] "ArchRLogs/ArchR-plotEmbedding-359214f94fa02-Date-2020-10-03_Time-00-12-58.log"



2020-10-03 00:12:58 : 

2020-10-03 00:12:58 : Embedding data.frame, Class = data.frame
Embedding data.frame: nRows = 24241, nCols = 2
                                                Harmony#UMAP_Dimension_1
CEMBA171214_4D#ATTCAGAATCTATCCGTGCCTTACCAGGACGT              -0.25831561
CEMBA171214_4D#ATTCAGAACAGAACTGTTACGACCGTACTGAC              -0.76688067
CEMBA171214_4D#ATTCAGAATTAGCCTCTAAGATCCGTACTGAC              -0.03550844
CEMBA171214_4D#CTGAAGCTGCAACCTAAATGACGTCCTATCCT              -0.35762153
CEMBA171214_4D#GAGATTCCATAAGTCGTCCGGTAAGTACTGAC               0.57279356
CEMBA171214_4D#CTGAAGCTCGCTTGATATAGCCTTGTACTGAC              -0.93432005
                                                Harmony#UMAP_Dimension_2
CEMBA171214_4D#ATTCAGAATCTATCCGTGCCTTACCAGGACGT                 3.268067
CEMBA171214_4D#ATTCAGAACAGAACTGTTACGACCGTACTGAC                -3.381547
CEMBA171214_4D#ATTCAGAATTAGCCTCTAAGATCCGTACTGAC                 2.972403
CEMBA171214_4D#CTGAAGCTGCAACCTAAATGACGTCCTATCCT                 2.334393
CEMBA171214_4D#GAGATTCCATAAGTCGTCCGGTAAGTACTGAC                 2.492415
CEMBA171214_4D#CTGAAGCTCGCTTGATATAGCCTTGTACTGAC                -3.832716



2020-10-03 00:12:58 : 

2020-10-03 00:12:58 : 

2020-10-03 00:12:59 : FeatureDF, Class = DFrame
DataFrame with 24333 rows and 6 columns
      seqnames     start       end  strand          name     idx
         <Rle>   <array>   <array> <array>       <array> <array>
1         chr1   3671498   3214482       2          Xkr4       1
2         chr1   4409241   4290846       2           Rp1       2
3         chr1   4497354   4490928       2         Sox17       3
4         chr1   4785726   4773198       2        Mrpl15       4
5         chr1   4807893   4846735       1        Lypla1       5
...        ...       ...       ...     ...           ...     ...
24329     chrX 169320372 169251538       2          Hccs    1039
24330     chrX 169320422 169368178       1       Gm15246    1040
24331     chrX 169685199 169990798       1          Mid1    1041
24332     chrX 169779635 169776378       2 4933400A11Rik    1042
24333     chrX 170672644 170678054       1          Asmt    1043


2020-10-03 00:12:59 : idx, Class = integer

idx: length = 6
[1]  3787  4991   164  7899 18066  9817



2020-10-03 00:12:59 : FeatureDF-Subset, Class = DFrame
DataFrame with 6 rows and 6 columns
  seqnames     start       end  strand          name     idx
     <Rle>   <array>   <array> <array>       <array> <array>
1    chr11  98348406  98357796       1       Ppp1r1b    1282
2    chr12 108003414 107910403       2        Bcl11b     648
3     chr1  37719811  37611676       2 2010300C02Rik     164
4    chr15 103503034 103530056       1         Pde1b     909
5     chr6  99520993  98925342       2         Foxp1     779
6    chr17  85620834  85629302       1          Six3    1145


2020-10-03 00:13:11 : Feature-Matrix, Class = dgCMatrix
Feature-Matrix: nRows = 6, nCols = 24241
Feature-Matrix: NonZeroEntries = 61687, EntryRange = [ 0.073 , 130.063 ]
5 x 5 sparse Matrix of class "dgCMatrix"
     CEMBA171214_4D#ATTCAGAATCTATCCGTGCCTTACCAGGACGT
[1,]                                           0.703
[2,]                                           2.091
[3,]                                           0.642
[4,]                                           1.731
[5,]                                           3.195
     CEMBA171214_4D#ATTCAGAACAGAACTGTTACGACCGTACTGAC
[1,]                                           1.862
[2,]                                           3.414
[3,]                                           1.519
[4,]                                           3.414
[5,]                                           3.822
     CEMBA171214_4D#ATTCAGAATTAGCCTCTAAGATCCGTACTGAC
[1,]                                           0.706
[2,]                                           0.290
[3,]                                           0.369
[4,]                                           0.510
[5,]                                           2.983
     CEMBA171214_4D#CTGAAGCTGCAACCTAAATGACGTCCTATCCT
[1,]                                           0.426
[2,]                                           0.914
[3,]                                           1.570
[4,]                                           0.289
[5,]                                           0.735
     CEMBA171214_4D#GAGATTCCATAAGTCGTCCGGTAAGTACTGAC
[1,]                                           2.634
[2,]                                           5.559
[3,]                                           1.019
[4,]                                           0.518
[5,]                                           9.593



2020-10-03 00:13:11 : colorMat-Before-Impute, Class = matrix
              CEMBA171214_4D#ATTCAGAATCTATCCGTGCCTTACCAGGACGT
Ppp1r1b                                                 0.703
Bcl11b                                                  2.091
2010300C02Rik                                           0.642
Pde1b                                                   1.731
Foxp1                                                   3.195
              CEMBA171214_4D#ATTCAGAACAGAACTGTTACGACCGTACTGAC
Ppp1r1b                                                 1.862
Bcl11b                                                  3.414
2010300C02Rik                                           1.519
Pde1b                                                   3.414
Foxp1                                                   3.822
              CEMBA171214_4D#ATTCAGAATTAGCCTCTAAGATCCGTACTGAC
Ppp1r1b                                                 0.706
Bcl11b                                                  0.290
2010300C02Rik                                           0.369
Pde1b                                                   0.510
Foxp1                                                   2.983
              CEMBA171214_4D#CTGAAGCTGCAACCTAAATGACGTCCTATCCT
Ppp1r1b                                                 0.426
Bcl11b                                                  0.914
2010300C02Rik                                           1.570
Pde1b                                                   0.289
Foxp1                                                   0.735
              CEMBA171214_4D#GAGATTCCATAAGTCGTCCGGTAAGTACTGAC
Ppp1r1b                                                 2.634
Bcl11b                                                  5.559
2010300C02Rik                                           1.019
Pde1b                                                   0.518
Foxp1                                                   9.593

colorMat-Before-Impute: nRows = 6, nCols = 24241


2020-10-03 00:13:11 : imputeMatrix Input-Parameters, Class = list

imputeMatrix Input-Parameters$mat: nRows = 6, nCols = 24241
              CEMBA171214_4D#ATTCAGAATCTATCCGTGCCTTACCAGGACGT
Ppp1r1b                                                 0.703
Bcl11b                                                  2.091
2010300C02Rik                                           0.642
Pde1b                                                   1.731
Foxp1                                                   3.195
              CEMBA171214_4D#ATTCAGAACAGAACTGTTACGACCGTACTGAC
Ppp1r1b                                                 1.862
Bcl11b                                                  3.414
2010300C02Rik                                           1.519
Pde1b                                                   3.414
Foxp1                                                   3.822
              CEMBA171214_4D#ATTCAGAATTAGCCTCTAAGATCCGTACTGAC
Ppp1r1b                                                 0.706
Bcl11b                                                  0.290
2010300C02Rik                                           0.369
Pde1b                                                   0.510
Foxp1                                                   2.983
              CEMBA171214_4D#CTGAAGCTGCAACCTAAATGACGTCCTATCCT
Ppp1r1b                                                 0.426
Bcl11b                                                  0.914
2010300C02Rik                                           1.570
Pde1b                                                   0.289
Foxp1                                                   0.735
              CEMBA171214_4D#GAGATTCCATAAGTCGTCCGGTAAGTACTGAC
Ppp1r1b                                                 2.634
Bcl11b                                                  5.559
2010300C02Rik                                           1.019
Pde1b                                                   0.518
Foxp1                                                   9.593


imputeMatrix Input-Parameters$threads: length = 1
[1] 10


imputeMatrix Input-Parameters$verbose: length = 1
[1] FALSE


imputeMatrix Input-Parameters$logFile: length = 1
[1] "ArchRLogs/ArchR-plotEmbedding-359214f94fa02-Date-2020-10-03_Time-00-12-58.log"



2020-10-03 00:13:11 : mat, Class = matrix
              CEMBA171214_4D#ATTCAGAATCTATCCGTGCCTTACCAGGACGT
Ppp1r1b                                                 0.703
Bcl11b                                                  2.091
2010300C02Rik                                           0.642
Pde1b                                                   1.731
Foxp1                                                   3.195
              CEMBA171214_4D#ATTCAGAACAGAACTGTTACGACCGTACTGAC
Ppp1r1b                                                 1.862
Bcl11b                                                  3.414
2010300C02Rik                                           1.519
Pde1b                                                   3.414
Foxp1                                                   3.822
              CEMBA171214_4D#ATTCAGAATTAGCCTCTAAGATCCGTACTGAC
Ppp1r1b                                                 0.706
Bcl11b                                                  0.290
2010300C02Rik                                           0.369
Pde1b                                                   0.510
Foxp1                                                   2.983
              CEMBA171214_4D#CTGAAGCTGCAACCTAAATGACGTCCTATCCT
Ppp1r1b                                                 0.426
Bcl11b                                                  0.914
2010300C02Rik                                           1.570
Pde1b                                                   0.289
Foxp1                                                   0.735
              CEMBA171214_4D#GAGATTCCATAAGTCGTCCGGTAAGTACTGAC
Ppp1r1b                                                 2.634
Bcl11b                                                  5.559
2010300C02Rik                                           1.019
Pde1b                                                   0.518
Foxp1                                                   9.593

mat: nRows = 6, nCols = 24241


2020-10-03 00:13:11 : weightList, Class = SimpleList

weightList$w1: length = 1
[1] "/home/bnphan/projects/snATAC_cross_species_caudate/data/raw_data/mm10/BICCN_mouse_caudoputamen/ArchR_BICCN_caudoputamen/ImputeWeights/Impute-Weights-Rep-1"


weightList$w2: length = 1
[1] "/home/bnphan/projects/snATAC_cross_species_caudate/data/raw_data/mm10/BICCN_mouse_caudoputamen/ArchR_BICCN_caudoputamen/ImputeWeights/Impute-Weights-Rep-2"


2020-10-03 00:13:11 : Imputing Matrix (1 of 2), 0 mins elapsed.

2020-10-03 00:13:11 : 

2020-10-03 00:13:11 : 

2020-10-03 00:13:12 : 

2020-10-03 00:13:12 : 

2020-10-03 00:13:12 : 

2020-10-03 00:13:12 : 
2020-10-03 00:13:22 : Imputing Matrix (2 of 2), 0.171 mins elapsed.

2020-10-03 00:13:22 : 

2020-10-03 00:13:22 : 

2020-10-03 00:13:22 : 

2020-10-03 00:13:22 : 

2020-10-03 00:13:22 : 

2020-10-03 00:13:22 : 
2020-10-03 00:13:32 : Finished Imputing Matrix, 0.337 mins elapsed.

2020-10-03 00:13:32 : colorMat-After-Impute, Class = matrix
              CEMBA171214_4D#ATTCAGAATCTATCCGTGCCTTACCAGGACGT
Ppp1r1b                                             0.7061728
Bcl11b                                              2.1234419
2010300C02Rik                                       0.8636711
Pde1b                                               0.9294848
Foxp1                                               2.6881960
              CEMBA171214_4D#ATTCAGAACAGAACTGTTACGACCGTACTGAC
Ppp1r1b                                              1.948008
Bcl11b                                               2.915054
2010300C02Rik                                        2.184575
Pde1b                                                2.002049
Foxp1                                                8.200151
              CEMBA171214_4D#ATTCAGAATTAGCCTCTAAGATCCGTACTGAC
Ppp1r1b                                              1.057336
Bcl11b                                               2.671013
2010300C02Rik                                        1.349191
Pde1b                                                1.428104
Foxp1                                                4.927814
              CEMBA171214_4D#CTGAAGCTGCAACCTAAATGACGTCCTATCCT
Ppp1r1b                                             0.9526323
Bcl11b                                              2.2173715
2010300C02Rik                                       1.5192291
Pde1b                                               1.1460096
Foxp1                                               4.0018696
              CEMBA171214_4D#GAGATTCCATAAGTCGTCCGGTAAGTACTGAC
Ppp1r1b                                              2.067277
Bcl11b                                               3.011791
2010300C02Rik                                        2.296537
Pde1b                                                2.168228
Foxp1                                                8.615995

colorMat-After-Impute: nRows = 6, nCols = 24241


2020-10-03 00:13:32 : ColorParams 1, Class = list

ColorParams 1$color: length = 24241
CEMBA171214_4D#ATTCAGAATCTATCCGTGCCTTACCAGGACGT 
                                      0.7061728 
CEMBA171214_4D#ATTCAGAACAGAACTGTTACGACCGTACTGAC 
                                      1.9480077 
CEMBA171214_4D#ATTCAGAATTAGCCTCTAAGATCCGTACTGAC 
                                      1.0573359 
CEMBA171214_4D#CTGAAGCTGCAACCTAAATGACGTCCTATCCT 
                                      0.9526323 
CEMBA171214_4D#GAGATTCCATAAGTCGTCCGGTAAGTACTGAC 
                                      2.0672771 
CEMBA171214_4D#CTGAAGCTCGCTTGATATAGCCTTGTACTGAC 
                                      2.1238850 


ColorParams 1$discrete: length = 1
[1] FALSE


ColorParams 1$title: length = 1
[1] "UMAP of Harmony colored by\nGeneScoreMatrix : Ppp1r1b"


ColorParams 1$continuousSet: length = 1
[1] "horizonExtra"



2020-10-03 00:13:32 : PlotParams-1, Class = list

PlotParams-1$color: length = 24241
CEMBA171214_4D#ATTCAGAATCTATCCGTGCCTTACCAGGACGT 
                                      0.7707637 
CEMBA171214_4D#ATTCAGAACAGAACTGTTACGACCGTACTGAC 
                                      1.5597403 
CEMBA171214_4D#ATTCAGAATTAGCCTCTAAGATCCGTACTGAC 
                                      1.0407774 
CEMBA171214_4D#CTGAAGCTGCAACCTAAATGACGTCCTATCCT 
                                      0.9654203 
CEMBA171214_4D#GAGATTCCATAAGTCGTCCGGTAAGTACTGAC 
                                      1.6169585 
CEMBA171214_4D#CTGAAGCTCGCTTGATATAGCCTTGTACTGAC 
                                      1.6433414 


PlotParams-1$title: length = 1
[1] "UMAP of Harmony colored by\nGeneScoreMatrix : Ppp1r1b"


PlotParams-1$x: length = 24241
[1] -0.25831561 -0.76688067 -0.03550844 -0.35762153  0.57279356 -0.93432005


PlotParams-1$y: length = 24241
[1]  3.268067 -3.381547  2.972403  2.334393  2.492415 -3.832716


PlotParams-1$baseSize: length = 1
[1] 10


PlotParams-1$xlabel: length = 1
[1] "UMAP Dimension 1"


PlotParams-1$ylabel: length = 1
[1] "UMAP Dimension 2"


PlotParams-1$pal: length = 256
[1] "#000436" "#000439" "#00053D" "#000640" "#000744" "#000848"


PlotParams-1$colorTitle: length = 1
[1] "Log2(NormCounts + 1)"



2020-10-03 00:13:33 : PlotParams-2, Class = list

PlotParams-2$color: length = 24241
CEMBA171214_4D#ATTCAGAATCTATCCGTGCCTTACCAGGACGT 
                                       1.643137 
CEMBA171214_4D#ATTCAGAACAGAACTGTTACGACCGTACTGAC 
                                       1.969032 
CEMBA171214_4D#ATTCAGAATTAGCCTCTAAGATCCGTACTGAC 
                                       1.876178 
CEMBA171214_4D#CTGAAGCTGCAACCTAAATGACGTCCTATCCT 
                                       1.685883 
CEMBA171214_4D#GAGATTCCATAAGTCGTCCGGTAAGTACTGAC 
                                       2.004246 
CEMBA171214_4D#CTGAAGCTCGCTTGATATAGCCTTGTACTGAC 
                                       2.016072 


PlotParams-2$title: length = 1
[1] "UMAP of Harmony colored by\nGeneScoreMatrix : Bcl11b"


PlotParams-2$x: length = 24241
[1] -0.25831561 -0.76688067 -0.03550844 -0.35762153  0.57279356 -0.93432005


PlotParams-2$y: length = 24241
[1]  3.268067 -3.381547  2.972403  2.334393  2.492415 -3.832716


PlotParams-2$baseSize: length = 1
[1] 10


PlotParams-2$xlabel: length = 1
[1] "UMAP Dimension 1"


PlotParams-2$ylabel: length = 1
[1] "UMAP Dimension 2"


PlotParams-2$pal: length = 256
[1] "#000436" "#000439" "#00053D" "#000640" "#000744" "#000848"


PlotParams-2$colorTitle: length = 1
[1] "Log2(NormCounts + 1)"



2020-10-03 00:13:35 : PlotParams-3, Class = list

PlotParams-3$color: length = 24241
CEMBA171214_4D#ATTCAGAATCTATCCGTGCCTTACCAGGACGT 
                                      0.8981473 
CEMBA171214_4D#ATTCAGAACAGAACTGTTACGACCGTACTGAC 
                                      1.6711010 
CEMBA171214_4D#ATTCAGAATTAGCCTCTAAGATCCGTACTGAC 
                                      1.2321638 
CEMBA171214_4D#CTGAAGCTGCAACCTAAATGACGTCCTATCCT 
                                      1.3329823 
CEMBA171214_4D#GAGATTCCATAAGTCGTCCGGTAAGTACTGAC 
                                      1.7209513 
CEMBA171214_4D#CTGAAGCTCGCTTGATATAGCCTTGTACTGAC 
                                      1.7766906 


PlotParams-3$title: length = 1
[1] "UMAP of Harmony colored by\nGeneScoreMatrix : 2010300C02Rik"


PlotParams-3$x: length = 24241
[1] -0.25831561 -0.76688067 -0.03550844 -0.35762153  0.57279356 -0.93432005


PlotParams-3$y: length = 24241
[1]  3.268067 -3.381547  2.972403  2.334393  2.492415 -3.832716


PlotParams-3$baseSize: length = 1
[1] 10


PlotParams-3$xlabel: length = 1
[1] "UMAP Dimension 1"


PlotParams-3$ylabel: length = 1
[1] "UMAP Dimension 2"


PlotParams-3$pal: length = 256
[1] "#000436" "#000439" "#00053D" "#000640" "#000744" "#000848"


PlotParams-3$colorTitle: length = 1
[1] "Log2(NormCounts + 1)"



2020-10-03 00:13:35 : PlotParams-4, Class = list

PlotParams-4$color: length = 24241
CEMBA171214_4D#ATTCAGAATCTATCCGTGCCTTACCAGGACGT 
                                      0.9482157 
CEMBA171214_4D#ATTCAGAACAGAACTGTTACGACCGTACTGAC 
                                      1.5859474 
CEMBA171214_4D#ATTCAGAATTAGCCTCTAAGATCCGTACTGAC 
                                      1.2798300 
CEMBA171214_4D#CTGAAGCTGCAACCTAAATGACGTCCTATCCT 
                                      1.1016565 
CEMBA171214_4D#GAGATTCCATAAGTCGTCCGGTAAGTACTGAC 
                                      1.6636763 
CEMBA171214_4D#CTGAAGCTCGCTTGATATAGCCTTGTACTGAC 
                                      1.6727338 


PlotParams-4$title: length = 1
[1] "UMAP of Harmony colored by\nGeneScoreMatrix : Pde1b"


PlotParams-4$x: length = 24241
[1] -0.25831561 -0.76688067 -0.03550844 -0.35762153  0.57279356 -0.93432005


PlotParams-4$y: length = 24241
[1]  3.268067 -3.381547  2.972403  2.334393  2.492415 -3.832716


PlotParams-4$baseSize: length = 1
[1] 10


PlotParams-4$xlabel: length = 1
[1] "UMAP Dimension 1"


PlotParams-4$ylabel: length = 1
[1] "UMAP Dimension 2"


PlotParams-4$pal: length = 256
[1] "#000436" "#000439" "#00053D" "#000640" "#000744" "#000848"


PlotParams-4$colorTitle: length = 1
[1] "Log2(NormCounts + 1)"



2020-10-03 00:13:36 : PlotParams-5, Class = list

PlotParams-5$color: length = 24241
CEMBA171214_4D#ATTCAGAATCTATCCGTGCCTTACCAGGACGT 
                                       1.882915 
CEMBA171214_4D#ATTCAGAACAGAACTGTTACGACCGTACTGAC 
                                       3.201658 
CEMBA171214_4D#ATTCAGAATTAGCCTCTAAGATCCGTACTGAC 
                                       2.567500 
CEMBA171214_4D#CTGAAGCTGCAACCTAAATGACGTCCTATCCT 
                                       2.322467 
CEMBA171214_4D#GAGATTCCATAAGTCGTCCGGTAAGTACTGAC 
                                       3.265436 
CEMBA171214_4D#CTGAAGCTCGCTTGATATAGCCTTGTACTGAC 
                                       3.305257 


PlotParams-5$title: length = 1
[1] "UMAP of Harmony colored by\nGeneScoreMatrix : Foxp1"


PlotParams-5$x: length = 24241
[1] -0.25831561 -0.76688067 -0.03550844 -0.35762153  0.57279356 -0.93432005


PlotParams-5$y: length = 24241
[1]  3.268067 -3.381547  2.972403  2.334393  2.492415 -3.832716


PlotParams-5$baseSize: length = 1
[1] 10


PlotParams-5$xlabel: length = 1
[1] "UMAP Dimension 1"


PlotParams-5$ylabel: length = 1
[1] "UMAP Dimension 2"


PlotParams-5$pal: length = 256
[1] "#000436" "#000439" "#00053D" "#000640" "#000744" "#000848"


PlotParams-5$colorTitle: length = 1
[1] "Log2(NormCounts + 1)"



2020-10-03 00:13:38 : PlotParams-6, Class = list

PlotParams-6$color: length = 24241
CEMBA171214_4D#ATTCAGAATCTATCCGTGCCTTACCAGGACGT 
                                      0.7551826 
CEMBA171214_4D#ATTCAGAACAGAACTGTTACGACCGTACTGAC 
                                      1.0652368 
CEMBA171214_4D#ATTCAGAATTAGCCTCTAAGATCCGTACTGAC 
                                      0.8164427 
CEMBA171214_4D#CTGAAGCTGCAACCTAAATGACGTCCTATCCT 
                                      0.7854162 
CEMBA171214_4D#GAGATTCCATAAGTCGTCCGGTAAGTACTGAC 
                                      1.1055329 
CEMBA171214_4D#CTGAAGCTCGCTTGATATAGCCTTGTACTGAC 
                                      1.0895052 


PlotParams-6$title: length = 1
[1] "UMAP of Harmony colored by\nGeneScoreMatrix : Six3"


PlotParams-6$x: length = 24241
[1] -0.25831561 -0.76688067 -0.03550844 -0.35762153  0.57279356 -0.93432005


PlotParams-6$y: length = 24241
[1]  3.268067 -3.381547  2.972403  2.334393  2.492415 -3.832716


PlotParams-6$baseSize: length = 1
[1] 10


PlotParams-6$xlabel: length = 1
[1] "UMAP Dimension 1"


PlotParams-6$ylabel: length = 1
[1] "UMAP Dimension 2"


PlotParams-6$pal: length = 256
[1] "#000436" "#000439" "#00053D" "#000640" "#000744" "#000848"


PlotParams-6$colorTitle: length = 1
[1] "Log2(NormCounts + 1)"



------- Completed

End Time : 2020-10-03 00:13:39
Elapsed Time Minutes = 0.683729410171509
Elapsed Time Hours = 0.0113955633507835

-------



