
           ___      .______        ______  __    __  .______      
          /   \     |   _  \      /      ||  |  |  | |   _  \     
         /  ^  \    |  |_)  |    |  ,----'|  |__|  | |  |_)  |    
        /  /_\  \   |      /     |  |     |   __   | |      /     
       /  _____  \  |  |\  \\___ |  `----.|  |  |  | |  |\  \\___.
      /__/     \__\ | _| `._____| \______||__|  |__| | _| `._____|
    
Logging With ArchR!

Start Time : 2020-10-03 10:40:23

------- ArchR Info

ArchRThreads = 10
ArchRGenome = Hg38

------- System Info

Computer OS = unix
Total Cores = 64

------- Session Info

R version 3.6.3 (2020-02-29)
Platform: x86_64-conda_cos6-linux-gnu (64-bit)
Running under: CentOS Linux 7 (Core)

Matrix products: default
BLAS/LAPACK: /home/bnphan/miniconda3/lib/libmkl_rt.so

locale:
 [1] LC_CTYPE=en_US.UTF-8       LC_NUMERIC=C              
 [3] LC_TIME=en_US.UTF-8        LC_COLLATE=en_US.UTF-8    
 [5] LC_MONETARY=en_US.UTF-8    LC_MESSAGES=en_US.UTF-8   
 [7] LC_PAPER=en_US.UTF-8       LC_NAME=C                 
 [9] LC_ADDRESS=C               LC_TELEPHONE=C            
[11] LC_MEASUREMENT=en_US.UTF-8 LC_IDENTIFICATION=C       

attached base packages:
[1] parallel  stats4    stats     graphics  grDevices utils     datasets 
[8] methods   base     

other attached packages:
 [1] gtable_0.3.0                ArchR_0.9.5                
 [3] magrittr_1.5                rhdf5_2.30.1               
 [5] Matrix_1.2-18               data.table_1.13.0          
 [7] SummarizedExperiment_1.16.1 DelayedArray_0.12.3        
 [9] BiocParallel_1.20.1         matrixStats_0.57.0         
[11] Biobase_2.46.0              GenomicRanges_1.38.0       
[13] GenomeInfoDb_1.22.1         IRanges_2.20.2             
[15] S4Vectors_0.24.4            BiocGenerics_0.32.0        
[17] ggplot2_3.3.2               colorout_1.2-2             

loaded via a namespace (and not attached):
 [1] BSgenome.Hsapiens.UCSC.hg38_1.4.1 Rcpp_1.0.5                       
 [3] lattice_0.20-41                   Rsamtools_2.2.3                  
 [5] Biostrings_2.54.0                 gtools_3.8.2                     
 [7] digest_0.6.25                     IRdisplay_0.7.0                  
 [9] R6_2.4.1                          repr_1.1.0                       
[11] evaluate_0.14                     pillar_1.4.6                     
[13] zlibbioc_1.32.0                   rlang_0.4.7                      
[15] uuid_0.1-4                        hexbin_1.28.1                    
[17] labeling_0.3                      stringr_1.4.0                    
[19] pheatmap_1.0.12                   RCurl_1.98-1.2                   
[21] munsell_0.5.0                     compiler_3.6.3                   
[23] rtracklayer_1.46.0                pkgconfig_2.0.3                  
[25] base64enc_0.1-3                   htmltools_0.5.0                  
[27] tidyselect_1.1.0                  tibble_3.0.3                     
[29] GenomeInfoDbData_1.2.2            XML_3.99-0.3                     
[31] crayon_1.3.4                      dplyr_1.0.2                      
[33] withr_2.3.0                       GenomicAlignments_1.22.1         
[35] bitops_1.0-6                      grid_3.6.3                       
[37] jsonlite_1.7.1                    lifecycle_0.2.0                  
[39] scales_1.1.1                      stringi_1.5.3                    
[41] farver_2.0.3                      XVector_0.26.0                   
[43] ellipsis_0.3.1                    generics_0.0.2                   
[45] vctrs_0.3.4                       cowplot_1.1.0                    
[47] IRkernel_1.1.1                    Rhdf5lib_1.8.0                   
[49] RColorBrewer_1.1-2                tools_3.6.3                      
[51] Cairo_1.5-12.2                    BSgenome_1.54.0                  
[53] glue_1.4.2                        purrr_0.3.4                      
[55] colorspace_1.4-1                  pbdZMQ_0.3-3                     


------- Log Info


2020-10-03 10:40:23 : Input-Parameters, Class = list

Input-Parameters$ArchRProj: length = 1
class: ArchRProject 
outputDirectory: /home/bnphan/projects/snATAC_cross_species_caudate/data/raw_data/mm10/BICCN_mouse_caudoputamen/ArchR_BICCN_caudoputamen 
samples(4): CEMBA171214_4D CEMBA171219_4D CEMBA180813_5E CEMBA180820_5E
sampleColData names(1): ArrowFiles
cellColData names(18): Sample TSSEnrichment ... Region Clusters
numberOfCells(1): 1
medianTSS(1): 14.205
medianFrags(1): 42336


Input-Parameters$embedding: length = 1
[1] "UMAP"


Input-Parameters$colorBy: length = 1
[1] "GeneScoreMatrix"


Input-Parameters$name: length = 6
[1] "Lhx6"   "Aqp4"   "Cx3cr1" "Des"    "Cspg4"  "Mog"   


Input-Parameters$log2Norm: length = 0
NULL


Input-Parameters$pal: length = 0
NULL


Input-Parameters$size: length = 1
[1] 0.1


Input-Parameters$sampleCells: length = 0
NULL


Input-Parameters$highlightCells: length = 0
NULL


Input-Parameters$rastr: length = 1
[1] TRUE


Input-Parameters$quantCut: length = 2
[1] 0.01 0.99


Input-Parameters$discreteSet: length = 0
NULL


Input-Parameters$continuousSet: length = 0
NULL


Input-Parameters$randomize: length = 1
[1] TRUE


Input-Parameters$keepAxis: length = 1
[1] FALSE


Input-Parameters$baseSize: length = 1
[1] 10


Input-Parameters$plotAs: length = 0
NULL


Input-Parameters$threads: length = 1
[1] 10


Input-Parameters$logFile: length = 1
[1] "ArchRLogs/ArchR-plotEmbedding-3637a7ab8b30e-Date-2020-10-03_Time-10-40-23.log"



2020-10-03 10:40:23 : 

2020-10-03 10:40:23 : Embedding data.frame, Class = data.frame
Embedding data.frame: nRows = 24241, nCols = 2
                                                Harmony#UMAP_Dimension_1
CEMBA171214_4D#ATTCAGAATCTATCCGTGCCTTACCAGGACGT                 4.125430
CEMBA171214_4D#ATTCAGAACAGAACTGTTACGACCGTACTGAC                -1.437259
CEMBA171214_4D#ATTCAGAATTAGCCTCTAAGATCCGTACTGAC                 4.037976
CEMBA171214_4D#CTGAAGCTGCAACCTAAATGACGTCCTATCCT                 4.512246
CEMBA171214_4D#GAGATTCCATAAGTCGTCCGGTAAGTACTGAC                 3.817382
CEMBA171214_4D#CTGAAGCTCGCTTGATATAGCCTTGTACTGAC                -1.481351
                                                Harmony#UMAP_Dimension_2
CEMBA171214_4D#ATTCAGAATCTATCCGTGCCTTACCAGGACGT                 8.625642
CEMBA171214_4D#ATTCAGAACAGAACTGTTACGACCGTACTGAC                -3.716315
CEMBA171214_4D#ATTCAGAATTAGCCTCTAAGATCCGTACTGAC                 8.550622
CEMBA171214_4D#CTGAAGCTGCAACCTAAATGACGTCCTATCCT                 7.815316
CEMBA171214_4D#GAGATTCCATAAGTCGTCCGGTAAGTACTGAC                 8.465767
CEMBA171214_4D#CTGAAGCTCGCTTGATATAGCCTTGTACTGAC                -4.486120



2020-10-03 10:40:23 : 

2020-10-03 10:40:23 : 

2020-10-03 10:40:23 : FeatureDF, Class = DFrame
DataFrame with 24333 rows and 6 columns
      seqnames     start       end  strand          name     idx
         <Rle>   <array>   <array> <array>       <array> <array>
1         chr1   3671498   3214482       2          Xkr4       1
2         chr1   4409241   4290846       2           Rp1       2
3         chr1   4497354   4490928       2         Sox17       3
4         chr1   4785726   4773198       2        Mrpl15       4
5         chr1   4807893   4846735       1        Lypla1       5
...        ...       ...       ...     ...           ...     ...
24329     chrX 169320372 169251538       2          Hccs    1039
24330     chrX 169320422 169368178       1       Gm15246    1040
24331     chrX 169685199 169990798       1          Mid1    1041
24332     chrX 169779635 169776378       2 4933400A11Rik    1042
24333     chrX 170672644 170678054       1          Asmt    1043


2020-10-03 10:40:23 : idx, Class = integer

idx: length = 6
[1] 11707  9924 23216   447 22551  9385



2020-10-03 10:40:23 : FeatureDF-Subset, Class = DFrame
DataFrame with 6 rows and 6 columns
  seqnames     start       end  strand    name     idx
     <Rle>   <array>   <array> <array> <array> <array>
1     chr2  36105408  36081953       2    Lhx6     454
2    chr18  15410982  15389394       2    Aqp4      68
3     chr9 120068296 120048683       2  Cx3cr1    1278
4     chr1  75360292  75368579       1     Des     447
5     chr9  56865104  56899870       1   Cspg4     613
6    chr17  37023398  37010740       2     Mog     713


2020-10-03 10:40:31 : Feature-Matrix, Class = dgCMatrix
Feature-Matrix: nRows = 6, nCols = 24241
Feature-Matrix: NonZeroEntries = 13739, EntryRange = [ 0.073 , 44.529 ]
5 x 5 sparse Matrix of class "dgCMatrix"
     CEMBA171214_4D#ATTCAGAATCTATCCGTGCCTTACCAGGACGT
[1,]                                           0.788
[2,]                                           0.073
[3,]                                           0.245
[4,]                                           .    
[5,]                                           .    
     CEMBA171214_4D#ATTCAGAACAGAACTGTTACGACCGTACTGAC
[1,]                                           .    
[2,]                                           0.346
[3,]                                           .    
[4,]                                           0.390
[5,]                                           .    
     CEMBA171214_4D#ATTCAGAATTAGCCTCTAAGATCCGTACTGAC
[1,]                                           .    
[2,]                                           0.148
[3,]                                           0.285
[4,]                                           .    
[5,]                                           0.472
     CEMBA171214_4D#CTGAAGCTGCAACCTAAATGACGTCCTATCCT
[1,]                                           0.303
[2,]                                           .    
[3,]                                           .    
[4,]                                           .    
[5,]                                           .    
     CEMBA171214_4D#GAGATTCCATAAGTCGTCCGGTAAGTACTGAC
[1,]                                           0.543
[2,]                                           0.075
[3,]                                           0.160
[4,]                                           0.119
[5,]                                           .    



2020-10-03 10:40:31 : colorMat-Before-Impute, Class = matrix
       CEMBA171214_4D#ATTCAGAATCTATCCGTGCCTTACCAGGACGT
Lhx6                                             0.788
Aqp4                                             0.073
Cx3cr1                                           0.245
Des                                              0.000
Cspg4                                            0.000
       CEMBA171214_4D#ATTCAGAACAGAACTGTTACGACCGTACTGAC
Lhx6                                             0.000
Aqp4                                             0.346
Cx3cr1                                           0.000
Des                                              0.390
Cspg4                                            0.000
       CEMBA171214_4D#ATTCAGAATTAGCCTCTAAGATCCGTACTGAC
Lhx6                                             0.000
Aqp4                                             0.148
Cx3cr1                                           0.285
Des                                              0.000
Cspg4                                            0.472
       CEMBA171214_4D#CTGAAGCTGCAACCTAAATGACGTCCTATCCT
Lhx6                                             0.303
Aqp4                                             0.000
Cx3cr1                                           0.000
Des                                              0.000
Cspg4                                            0.000
       CEMBA171214_4D#GAGATTCCATAAGTCGTCCGGTAAGTACTGAC
Lhx6                                             0.543
Aqp4                                             0.075
Cx3cr1                                           0.160
Des                                              0.119
Cspg4                                            0.000

colorMat-Before-Impute: nRows = 6, nCols = 24241


2020-10-03 10:40:31 : imputeMatrix Input-Parameters, Class = list

imputeMatrix Input-Parameters$mat: nRows = 6, nCols = 24241
       CEMBA171214_4D#ATTCAGAATCTATCCGTGCCTTACCAGGACGT
Lhx6                                             0.788
Aqp4                                             0.073
Cx3cr1                                           0.245
Des                                              0.000
Cspg4                                            0.000
       CEMBA171214_4D#ATTCAGAACAGAACTGTTACGACCGTACTGAC
Lhx6                                             0.000
Aqp4                                             0.346
Cx3cr1                                           0.000
Des                                              0.390
Cspg4                                            0.000
       CEMBA171214_4D#ATTCAGAATTAGCCTCTAAGATCCGTACTGAC
Lhx6                                             0.000
Aqp4                                             0.148
Cx3cr1                                           0.285
Des                                              0.000
Cspg4                                            0.472
       CEMBA171214_4D#CTGAAGCTGCAACCTAAATGACGTCCTATCCT
Lhx6                                             0.303
Aqp4                                             0.000
Cx3cr1                                           0.000
Des                                              0.000
Cspg4                                            0.000
       CEMBA171214_4D#GAGATTCCATAAGTCGTCCGGTAAGTACTGAC
Lhx6                                             0.543
Aqp4                                             0.075
Cx3cr1                                           0.160
Des                                              0.119
Cspg4                                            0.000


imputeMatrix Input-Parameters$threads: length = 1
[1] 10


imputeMatrix Input-Parameters$verbose: length = 1
[1] FALSE


imputeMatrix Input-Parameters$logFile: length = 1
[1] "ArchRLogs/ArchR-plotEmbedding-3637a7ab8b30e-Date-2020-10-03_Time-10-40-23.log"



2020-10-03 10:40:31 : mat, Class = matrix
       CEMBA171214_4D#ATTCAGAATCTATCCGTGCCTTACCAGGACGT
Lhx6                                             0.788
Aqp4                                             0.073
Cx3cr1                                           0.245
Des                                              0.000
Cspg4                                            0.000
       CEMBA171214_4D#ATTCAGAACAGAACTGTTACGACCGTACTGAC
Lhx6                                             0.000
Aqp4                                             0.346
Cx3cr1                                           0.000
Des                                              0.390
Cspg4                                            0.000
       CEMBA171214_4D#ATTCAGAATTAGCCTCTAAGATCCGTACTGAC
Lhx6                                             0.000
Aqp4                                             0.148
Cx3cr1                                           0.285
Des                                              0.000
Cspg4                                            0.472
       CEMBA171214_4D#CTGAAGCTGCAACCTAAATGACGTCCTATCCT
Lhx6                                             0.303
Aqp4                                             0.000
Cx3cr1                                           0.000
Des                                              0.000
Cspg4                                            0.000
       CEMBA171214_4D#GAGATTCCATAAGTCGTCCGGTAAGTACTGAC
Lhx6                                             0.543
Aqp4                                             0.075
Cx3cr1                                           0.160
Des                                              0.119
Cspg4                                            0.000

mat: nRows = 6, nCols = 24241


2020-10-03 10:40:31 : weightList, Class = SimpleList

weightList$w1: length = 1
[1] "/home/bnphan/projects/snATAC_cross_species_caudate/data/raw_data/mm10/BICCN_mouse_caudoputamen/ArchR_BICCN_caudoputamen/ImputeWeights/Impute-Weights-Rep-1"


weightList$w2: length = 1
[1] "/home/bnphan/projects/snATAC_cross_species_caudate/data/raw_data/mm10/BICCN_mouse_caudoputamen/ArchR_BICCN_caudoputamen/ImputeWeights/Impute-Weights-Rep-2"


2020-10-03 10:40:31 : Imputing Matrix (1 of 2), 0 mins elapsed.

2020-10-03 10:40:31 : 

2020-10-03 10:40:31 : 

2020-10-03 10:40:31 : 

2020-10-03 10:40:31 : 

2020-10-03 10:40:31 : 

2020-10-03 10:40:31 : 
2020-10-03 10:40:38 : Imputing Matrix (2 of 2), 0.117 mins elapsed.

2020-10-03 10:40:38 : 

2020-10-03 10:40:38 : 

2020-10-03 10:40:38 : 

2020-10-03 10:40:38 : 

2020-10-03 10:40:38 : 

2020-10-03 10:40:38 : 
2020-10-03 10:40:45 : Finished Imputing Matrix, 0.239 mins elapsed.

2020-10-03 10:40:45 : colorMat-After-Impute, Class = matrix
       CEMBA171214_4D#ATTCAGAATCTATCCGTGCCTTACCAGGACGT
Lhx6                                        0.55237032
Aqp4                                        0.23029105
Cx3cr1                                      0.03553314
Des                                         0.25188731
Cspg4                                       0.09830129
       CEMBA171214_4D#ATTCAGAACAGAACTGTTACGACCGTACTGAC
Lhx6                                        0.10261501
Aqp4                                        0.34916059
Cx3cr1                                      0.03854543
Des                                         0.33202973
Cspg4                                       0.07887223
       CEMBA171214_4D#ATTCAGAATTAGCCTCTAAGATCCGTACTGAC
Lhx6                                        0.49494560
Aqp4                                        0.23898561
Cx3cr1                                      0.03510431
Des                                         0.29492717
Cspg4                                       0.10231400
       CEMBA171214_4D#CTGAAGCTGCAACCTAAATGACGTCCTATCCT
Lhx6                                        0.22858997
Aqp4                                        0.28573320
Cx3cr1                                      0.03816482
Des                                         0.26222045
Cspg4                                       0.07400085
       CEMBA171214_4D#GAGATTCCATAAGTCGTCCGGTAAGTACTGAC
Lhx6                                        0.16003486
Aqp4                                        0.32056919
Cx3cr1                                      0.03740702
Des                                         0.39586219
Cspg4                                       0.07697622

colorMat-After-Impute: nRows = 6, nCols = 24241


2020-10-03 10:40:45 : ColorParams 1, Class = list

ColorParams 1$color: length = 24241
CEMBA171214_4D#ATTCAGAATCTATCCGTGCCTTACCAGGACGT 
                                     0.55237032 
CEMBA171214_4D#ATTCAGAACAGAACTGTTACGACCGTACTGAC 
                                     0.10261501 
CEMBA171214_4D#ATTCAGAATTAGCCTCTAAGATCCGTACTGAC 
                                     0.49494560 
CEMBA171214_4D#CTGAAGCTGCAACCTAAATGACGTCCTATCCT 
                                     0.22858997 
CEMBA171214_4D#GAGATTCCATAAGTCGTCCGGTAAGTACTGAC 
                                     0.16003486 
CEMBA171214_4D#CTGAAGCTCGCTTGATATAGCCTTGTACTGAC 
                                     0.09491307 


ColorParams 1$discrete: length = 1
[1] FALSE


ColorParams 1$title: length = 1
[1] "UMAP of Harmony colored by\nGeneScoreMatrix : Lhx6"


ColorParams 1$continuousSet: length = 1
[1] "horizonExtra"



2020-10-03 10:40:45 : PlotParams-1, Class = list

PlotParams-1$color: length = 24241
CEMBA171214_4D#ATTCAGAATCTATCCGTGCCTTACCAGGACGT 
                                      0.6344728 
CEMBA171214_4D#ATTCAGAACAGAACTGTTACGACCGTACTGAC 
                                      0.1409292 
CEMBA171214_4D#ATTCAGAATTAGCCTCTAAGATCCGTACTGAC 
                                      0.5800930 
CEMBA171214_4D#CTGAAGCTGCAACCTAAATGACGTCCTATCCT 
                                      0.2970035 
CEMBA171214_4D#GAGATTCCATAAGTCGTCCGGTAAGTACTGAC 
                                      0.2141682 
CEMBA171214_4D#CTGAAGCTCGCTTGATATAGCCTTGTACTGAC 
                                      0.1308163 


PlotParams-1$title: length = 1
[1] "UMAP of Harmony colored by\nGeneScoreMatrix : Lhx6"


PlotParams-1$x: length = 24241
[1]  4.125430 -1.437259  4.037976  4.512246  3.817382 -1.481351


PlotParams-1$y: length = 24241
[1]  8.625642 -3.716315  8.550622  7.815316  8.465767 -4.486120


PlotParams-1$baseSize: length = 1
[1] 10


PlotParams-1$xlabel: length = 1
[1] "UMAP Dimension 1"


PlotParams-1$ylabel: length = 1
[1] "UMAP Dimension 2"


PlotParams-1$pal: length = 256
[1] "#000436" "#000439" "#00053D" "#000640" "#000744" "#000848"


PlotParams-1$colorTitle: length = 1
[1] "Log2(NormCounts + 1)"



2020-10-03 10:40:46 : PlotParams-2, Class = list

PlotParams-2$color: length = 24241
CEMBA171214_4D#ATTCAGAATCTATCCGTGCCTTACCAGGACGT 
                                      0.2989997 
CEMBA171214_4D#ATTCAGAACAGAACTGTTACGACCGTACTGAC 
                                      0.4320621 
CEMBA171214_4D#ATTCAGAATTAGCCTCTAAGATCCGTACTGAC 
                                      0.3091594 
CEMBA171214_4D#CTGAAGCTGCAACCTAAATGACGTCCTATCCT 
                                      0.3625913 
CEMBA171214_4D#GAGATTCCATAAGTCGTCCGGTAAGTACTGAC 
                                      0.4011599 
CEMBA171214_4D#CTGAAGCTCGCTTGATATAGCCTTGTACTGAC 
                                      0.4699553 


PlotParams-2$title: length = 1
[1] "UMAP of Harmony colored by\nGeneScoreMatrix : Aqp4"


PlotParams-2$x: length = 24241
[1]  4.125430 -1.437259  4.037976  4.512246  3.817382 -1.481351


PlotParams-2$y: length = 24241
[1]  8.625642 -3.716315  8.550622  7.815316  8.465767 -4.486120


PlotParams-2$baseSize: length = 1
[1] 10


PlotParams-2$xlabel: length = 1
[1] "UMAP Dimension 1"


PlotParams-2$ylabel: length = 1
[1] "UMAP Dimension 2"


PlotParams-2$pal: length = 256
[1] "#000436" "#000439" "#00053D" "#000640" "#000744" "#000848"


PlotParams-2$colorTitle: length = 1
[1] "Log2(NormCounts + 1)"



2020-10-03 10:40:47 : PlotParams-3, Class = list

PlotParams-3$color: length = 24241
CEMBA171214_4D#ATTCAGAATCTATCCGTGCCTTACCAGGACGT 
                                     0.05037373 
CEMBA171214_4D#ATTCAGAACAGAACTGTTACGACCGTACTGAC 
                                     0.05456432 
CEMBA171214_4D#ATTCAGAATTAGCCTCTAAGATCCGTACTGAC 
                                     0.04977616 
CEMBA171214_4D#CTGAAGCTGCAACCTAAATGACGTCCTATCCT 
                                     0.05403550 
CEMBA171214_4D#GAGATTCCATAAGTCGTCCGGTAAGTACTGAC 
                                     0.05298204 
CEMBA171214_4D#CTGAAGCTCGCTTGATATAGCCTTGTACTGAC 
                                     0.03720586 


PlotParams-3$title: length = 1
[1] "UMAP of Harmony colored by\nGeneScoreMatrix : Cx3cr1"


PlotParams-3$x: length = 24241
[1]  4.125430 -1.437259  4.037976  4.512246  3.817382 -1.481351


PlotParams-3$y: length = 24241
[1]  8.625642 -3.716315  8.550622  7.815316  8.465767 -4.486120


PlotParams-3$baseSize: length = 1
[1] 10


PlotParams-3$xlabel: length = 1
[1] "UMAP Dimension 1"


PlotParams-3$ylabel: length = 1
[1] "UMAP Dimension 2"


PlotParams-3$pal: length = 256
[1] "#000436" "#000439" "#00053D" "#000640" "#000744" "#000848"


PlotParams-3$colorTitle: length = 1
[1] "Log2(NormCounts + 1)"



2020-10-03 10:40:47 : PlotParams-4, Class = list

PlotParams-4$color: length = 24241
CEMBA171214_4D#ATTCAGAATCTATCCGTGCCTTACCAGGACGT 
                                      0.3241047 
CEMBA171214_4D#ATTCAGAACAGAACTGTTACGACCGTACTGAC 
                                      0.4136263 
CEMBA171214_4D#ATTCAGAATTAGCCTCTAAGATCCGTACTGAC 
                                      0.3728710 
CEMBA171214_4D#CTGAAGCTGCAACCTAAATGACGTCCTATCCT 
                                      0.3359639 
CEMBA171214_4D#GAGATTCCATAAGTCGTCCGGTAAGTACTGAC 
                                      0.4811565 
CEMBA171214_4D#CTGAAGCTCGCTTGATATAGCCTTGTACTGAC 
                                      0.3850740 


PlotParams-4$title: length = 1
[1] "UMAP of Harmony colored by\nGeneScoreMatrix : Des"


PlotParams-4$x: length = 24241
[1]  4.125430 -1.437259  4.037976  4.512246  3.817382 -1.481351


PlotParams-4$y: length = 24241
[1]  8.625642 -3.716315  8.550622  7.815316  8.465767 -4.486120


PlotParams-4$baseSize: length = 1
[1] 10


PlotParams-4$xlabel: length = 1
[1] "UMAP Dimension 1"


PlotParams-4$ylabel: length = 1
[1] "UMAP Dimension 2"


PlotParams-4$pal: length = 256
[1] "#000436" "#000439" "#00053D" "#000640" "#000744" "#000848"


PlotParams-4$colorTitle: length = 1
[1] "Log2(NormCounts + 1)"



2020-10-03 10:40:47 : PlotParams-5, Class = list

PlotParams-5$color: length = 24241
CEMBA171214_4D#ATTCAGAATCTATCCGTGCCTTACCAGGACGT 
                                     0.13527387 
CEMBA171214_4D#ATTCAGAACAGAACTGTTACGACCGTACTGAC 
                                     0.10952401 
CEMBA171214_4D#ATTCAGAATTAGCCTCTAAGATCCGTACTGAC 
                                     0.14053524 
CEMBA171214_4D#CTGAAGCTGCAACCTAAATGACGTCCTATCCT 
                                     0.10299513 
CEMBA171214_4D#GAGATTCCATAAGTCGTCCGGTAAGTACTGAC 
                                     0.10698639 
CEMBA171214_4D#CTGAAGCTCGCTTGATATAGCCTTGTACTGAC 
                                     0.08579905 


PlotParams-5$title: length = 1
[1] "UMAP of Harmony colored by\nGeneScoreMatrix : Cspg4"


PlotParams-5$x: length = 24241
[1]  4.125430 -1.437259  4.037976  4.512246  3.817382 -1.481351


PlotParams-5$y: length = 24241
[1]  8.625642 -3.716315  8.550622  7.815316  8.465767 -4.486120


PlotParams-5$baseSize: length = 1
[1] 10


PlotParams-5$xlabel: length = 1
[1] "UMAP Dimension 1"


PlotParams-5$ylabel: length = 1
[1] "UMAP Dimension 2"


PlotParams-5$pal: length = 256
[1] "#000436" "#000439" "#00053D" "#000640" "#000744" "#000848"


PlotParams-5$colorTitle: length = 1
[1] "Log2(NormCounts + 1)"



2020-10-03 10:40:48 : PlotParams-6, Class = list

PlotParams-6$color: length = 24241
CEMBA171214_4D#ATTCAGAATCTATCCGTGCCTTACCAGGACGT 
                                      0.1686496 
CEMBA171214_4D#ATTCAGAACAGAACTGTTACGACCGTACTGAC 
                                      0.2308759 
CEMBA171214_4D#ATTCAGAATTAGCCTCTAAGATCCGTACTGAC 
                                      0.1817115 
CEMBA171214_4D#CTGAAGCTGCAACCTAAATGACGTCCTATCCT 
                                      0.2117296 
CEMBA171214_4D#GAGATTCCATAAGTCGTCCGGTAAGTACTGAC 
                                      0.2549417 
CEMBA171214_4D#CTGAAGCTCGCTTGATATAGCCTTGTACTGAC 
                                      0.1842622 


PlotParams-6$title: length = 1
[1] "UMAP of Harmony colored by\nGeneScoreMatrix : Mog"


PlotParams-6$x: length = 24241
[1]  4.125430 -1.437259  4.037976  4.512246  3.817382 -1.481351


PlotParams-6$y: length = 24241
[1]  8.625642 -3.716315  8.550622  7.815316  8.465767 -4.486120


PlotParams-6$baseSize: length = 1
[1] 10


PlotParams-6$xlabel: length = 1
[1] "UMAP Dimension 1"


PlotParams-6$ylabel: length = 1
[1] "UMAP Dimension 2"


PlotParams-6$pal: length = 256
[1] "#000436" "#000439" "#00053D" "#000640" "#000744" "#000848"


PlotParams-6$colorTitle: length = 1
[1] "Log2(NormCounts + 1)"



------- Completed

End Time : 2020-10-03 10:40:48
Elapsed Time Minutes = 0.424542188644409
Elapsed Time Hours = 0.00707575665579902

-------



