
           ___      .______        ______  __    __  .______      
          /   \     |   _  \      /      ||  |  |  | |   _  \     
         /  ^  \    |  |_)  |    |  ,----'|  |__|  | |  |_)  |    
        /  /_\  \   |      /     |  |     |   __   | |      /     
       /  _____  \  |  |\  \\___ |  `----.|  |  |  | |  |\  \\___.
      /__/     \__\ | _| `._____| \______||__|  |__| | _| `._____|
    
Logging With ArchR!

Start Time : 2020-10-02 22:36:39

------- ArchR Info

ArchRThreads = 10
ArchRGenome = Hg38

------- System Info

Computer OS = unix
Total Cores = 64

------- Session Info

R version 3.6.3 (2020-02-29)
Platform: x86_64-conda_cos6-linux-gnu (64-bit)
Running under: CentOS Linux 7 (Core)

Matrix products: default
BLAS/LAPACK: /home/bnphan/miniconda3/lib/libmkl_rt.so

locale:
 [1] LC_CTYPE=en_US.UTF-8       LC_NUMERIC=C              
 [3] LC_TIME=en_US.UTF-8        LC_COLLATE=en_US.UTF-8    
 [5] LC_MONETARY=en_US.UTF-8    LC_MESSAGES=en_US.UTF-8   
 [7] LC_PAPER=en_US.UTF-8       LC_NAME=C                 
 [9] LC_ADDRESS=C               LC_TELEPHONE=C            
[11] LC_MEASUREMENT=en_US.UTF-8 LC_IDENTIFICATION=C       

attached base packages:
[1] parallel  stats4    stats     graphics  grDevices utils     datasets 
[8] methods   base     

other attached packages:
 [1] gtable_0.3.0                ArchR_0.9.5                
 [3] magrittr_1.5                rhdf5_2.30.1               
 [5] Matrix_1.2-18               data.table_1.13.0          
 [7] SummarizedExperiment_1.16.1 DelayedArray_0.12.3        
 [9] BiocParallel_1.20.1         matrixStats_0.57.0         
[11] Biobase_2.46.0              GenomicRanges_1.38.0       
[13] GenomeInfoDb_1.22.1         IRanges_2.20.2             
[15] S4Vectors_0.24.4            BiocGenerics_0.32.0        
[17] ggplot2_3.3.2               colorout_1.2-2             

loaded via a namespace (and not attached):
 [1] BSgenome.Hsapiens.UCSC.hg38_1.4.1 Rcpp_1.0.5                       
 [3] lattice_0.20-41                   Rsamtools_2.2.3                  
 [5] Biostrings_2.54.0                 gtools_3.8.2                     
 [7] digest_0.6.25                     IRdisplay_0.7.0                  
 [9] R6_2.4.1                          repr_1.1.0                       
[11] evaluate_0.14                     pillar_1.4.6                     
[13] zlibbioc_1.32.0                   rlang_0.4.7                      
[15] uuid_0.1-4                        hexbin_1.28.1                    
[17] labeling_0.3                      stringr_1.4.0                    
[19] pheatmap_1.0.12                   RCurl_1.98-1.2                   
[21] munsell_0.5.0                     compiler_3.6.3                   
[23] rtracklayer_1.46.0                pkgconfig_2.0.3                  
[25] base64enc_0.1-3                   htmltools_0.5.0                  
[27] tidyselect_1.1.0                  tibble_3.0.3                     
[29] GenomeInfoDbData_1.2.2            XML_3.99-0.3                     
[31] crayon_1.3.4                      dplyr_1.0.2                      
[33] withr_2.3.0                       GenomicAlignments_1.22.1         
[35] bitops_1.0-6                      grid_3.6.3                       
[37] jsonlite_1.7.1                    lifecycle_0.2.0                  
[39] scales_1.1.1                      stringi_1.5.3                    
[41] farver_2.0.3                      XVector_0.26.0                   
[43] ellipsis_0.3.1                    generics_0.0.2                   
[45] vctrs_0.3.4                       cowplot_1.1.0                    
[47] IRkernel_1.1.1                    Rhdf5lib_1.8.0                   
[49] RColorBrewer_1.1-2                tools_3.6.3                      
[51] Cairo_1.5-12.2                    BSgenome_1.54.0                  
[53] glue_1.4.2                        purrr_0.3.4                      
[55] colorspace_1.4-1                  pbdZMQ_0.3-3                     


------- Log Info


2020-10-02 22:36:40 : Input-Parameters, Class = list

Input-Parameters$ArchRProj: length = 1
class: ArchRProject 
outputDirectory: /home/bnphan/projects/snATAC_cross_species_caudate/data/raw_data/mm10/BICCN_mouse_caudoputamen/ArchR_BICCN_caudoputamen 
samples(4): CEMBA171214_4D CEMBA171219_4D CEMBA180813_5E CEMBA180820_5E
sampleColData names(1): ArrowFiles
cellColData names(18): Sample TSSEnrichment ... Region Clusters
numberOfCells(1): 1
medianTSS(1): 14.205
medianFrags(1): 42336


Input-Parameters$embedding: length = 1
[1] "UMAP"


Input-Parameters$colorBy: length = 1
[1] "GeneScoreMatrix"


Input-Parameters$name: length = 6
[1] "Drd2"    "Adora2a" "Penk"    "Grik3"   "Sp9"     "Gpr52"  


Input-Parameters$log2Norm: length = 0
NULL


Input-Parameters$pal: length = 0
NULL


Input-Parameters$size: length = 1
[1] 0.1


Input-Parameters$sampleCells: length = 0
NULL


Input-Parameters$highlightCells: length = 0
NULL


Input-Parameters$rastr: length = 1
[1] TRUE


Input-Parameters$quantCut: length = 2
[1] 0.01 0.99


Input-Parameters$discreteSet: length = 0
NULL


Input-Parameters$continuousSet: length = 0
NULL


Input-Parameters$randomize: length = 1
[1] TRUE


Input-Parameters$keepAxis: length = 1
[1] FALSE


Input-Parameters$baseSize: length = 1
[1] 10


Input-Parameters$plotAs: length = 0
NULL


Input-Parameters$threads: length = 1
[1] 10


Input-Parameters$logFile: length = 1
[1] "ArchRLogs/ArchR-plotEmbedding-31839714544d4-Date-2020-10-02_Time-22-36-39.log"



2020-10-02 22:36:40 : 

2020-10-02 22:36:40 : Embedding data.frame, Class = data.frame
Embedding data.frame: nRows = 24241, nCols = 2
                                                Harmony#UMAP_Dimension_1
CEMBA171214_4D#ATTCAGAATCTATCCGTGCCTTACCAGGACGT                 3.796087
CEMBA171214_4D#ATTCAGAACAGAACTGTTACGACCGTACTGAC                -1.222435
CEMBA171214_4D#ATTCAGAATTAGCCTCTAAGATCCGTACTGAC                 3.582153
CEMBA171214_4D#CTGAAGCTGCAACCTAAATGACGTCCTATCCT                 3.125930
CEMBA171214_4D#GAGATTCCATAAGTCGTCCGGTAAGTACTGAC                 3.275416
CEMBA171214_4D#CTGAAGCTCGCTTGATATAGCCTTGTACTGAC                -1.776307
                                                Harmony#UMAP_Dimension_2
CEMBA171214_4D#ATTCAGAATCTATCCGTGCCTTACCAGGACGT               -0.4118254
CEMBA171214_4D#ATTCAGAACAGAACTGTTACGACCGTACTGAC               -2.5988921
CEMBA171214_4D#ATTCAGAATTAGCCTCTAAGATCCGTACTGAC               -0.3729084
CEMBA171214_4D#CTGAAGCTGCAACCTAAATGACGTCCTATCCT               -0.9384455
CEMBA171214_4D#GAGATTCCATAAGTCGTCCGGTAAGTACTGAC               -0.4664438
CEMBA171214_4D#CTGAAGCTCGCTTGATATAGCCTTGTACTGAC               -3.2676743



2020-10-02 22:36:40 : 

2020-10-02 22:36:40 : 

2020-10-02 22:36:40 : FeatureDF, Class = DFrame
DataFrame with 24333 rows and 6 columns
      seqnames     start       end  strand          name     idx
         <Rle>   <array>   <array> <array>       <array> <array>
1         chr1   3671498   3214482       2          Xkr4       1
2         chr1   4409241   4290846       2           Rp1       2
3         chr1   4497354   4490928       2         Sox17       3
4         chr1   4785726   4773198       2        Mrpl15       4
5         chr1   4807893   4846735       1        Lypla1       5
...        ...       ...       ...     ...           ...     ...
24329     chrX 169320372 169251538       2          Hccs    1039
24330     chrX 169320422 169368178       1       Gm15246    1040
24331     chrX 169685199 169990798       1          Mid1    1041
24332     chrX 169779635 169776378       2 4933400A11Rik    1042
24333     chrX 170672644 170678054       1          Asmt    1043


2020-10-02 22:36:41 : idx, Class = integer

idx: length = 6
[1] 22458  1793 14454 15334 11911   986



2020-10-02 22:36:41 : FeatureDF-Subset, Class = DFrame
DataFrame with 6 rows and 6 columns
  seqnames     start       end  strand    name     idx
     <Rle>   <array>   <array> <array> <array> <array>
1     chr9  49340662  49407214       1    Drd2     520
2    chr10  75316877  75334792       1 Adora2a     435
3     chr4   4138815   4133536       2    Penk      15
4     chr4 125490831 125714173       1   Grik3     895
5     chr2  73271926  73275771       1     Sp9     658
6     chr1 160577753 160576668       2   Gpr52     986


2020-10-02 22:36:50 : Feature-Matrix, Class = dgCMatrix
Feature-Matrix: nRows = 6, nCols = 24241
Feature-Matrix: NonZeroEntries = 35791, EntryRange = [ 0.045 , 70.876 ]
5 x 5 sparse Matrix of class "dgCMatrix"
     CEMBA171214_4D#ATTCAGAATCTATCCGTGCCTTACCAGGACGT
[1,]                                           0.250
[2,]                                           1.687
[3,]                                           1.658
[4,]                                           2.726
[5,]                                           2.113
     CEMBA171214_4D#ATTCAGAACAGAACTGTTACGACCGTACTGAC
[1,]                                           .    
[2,]                                           .    
[3,]                                           0.618
[4,]                                           0.262
[5,]                                           .    
     CEMBA171214_4D#ATTCAGAATTAGCCTCTAAGATCCGTACTGAC
[1,]                                           1.348
[2,]                                           0.882
[3,]                                           0.125
[4,]                                           2.400
[5,]                                           1.026
     CEMBA171214_4D#CTGAAGCTGCAACCTAAATGACGTCCTATCCT
[1,]                                           .    
[2,]                                           .    
[3,]                                           0.141
[4,]                                           0.439
[5,]                                           .    
     CEMBA171214_4D#GAGATTCCATAAGTCGTCCGGTAAGTACTGAC
[1,]                                           1.580
[2,]                                           0.914
[3,]                                           0.126
[4,]                                           3.187
[5,]                                           3.211



2020-10-02 22:36:50 : colorMat-Before-Impute, Class = matrix
        CEMBA171214_4D#ATTCAGAATCTATCCGTGCCTTACCAGGACGT
Drd2                                              0.250
Adora2a                                           1.687
Penk                                              1.658
Grik3                                             2.726
Sp9                                               2.113
        CEMBA171214_4D#ATTCAGAACAGAACTGTTACGACCGTACTGAC
Drd2                                              0.000
Adora2a                                           0.000
Penk                                              0.618
Grik3                                             0.262
Sp9                                               0.000
        CEMBA171214_4D#ATTCAGAATTAGCCTCTAAGATCCGTACTGAC
Drd2                                              1.348
Adora2a                                           0.882
Penk                                              0.125
Grik3                                             2.400
Sp9                                               1.026
        CEMBA171214_4D#CTGAAGCTGCAACCTAAATGACGTCCTATCCT
Drd2                                              0.000
Adora2a                                           0.000
Penk                                              0.141
Grik3                                             0.439
Sp9                                               0.000
        CEMBA171214_4D#GAGATTCCATAAGTCGTCCGGTAAGTACTGAC
Drd2                                              1.580
Adora2a                                           0.914
Penk                                              0.126
Grik3                                             3.187
Sp9                                               3.211

colorMat-Before-Impute: nRows = 6, nCols = 24241


2020-10-02 22:36:50 : imputeMatrix Input-Parameters, Class = list

imputeMatrix Input-Parameters$mat: nRows = 6, nCols = 24241
        CEMBA171214_4D#ATTCAGAATCTATCCGTGCCTTACCAGGACGT
Drd2                                              0.250
Adora2a                                           1.687
Penk                                              1.658
Grik3                                             2.726
Sp9                                               2.113
        CEMBA171214_4D#ATTCAGAACAGAACTGTTACGACCGTACTGAC
Drd2                                              0.000
Adora2a                                           0.000
Penk                                              0.618
Grik3                                             0.262
Sp9                                               0.000
        CEMBA171214_4D#ATTCAGAATTAGCCTCTAAGATCCGTACTGAC
Drd2                                              1.348
Adora2a                                           0.882
Penk                                              0.125
Grik3                                             2.400
Sp9                                               1.026
        CEMBA171214_4D#CTGAAGCTGCAACCTAAATGACGTCCTATCCT
Drd2                                              0.000
Adora2a                                           0.000
Penk                                              0.141
Grik3                                             0.439
Sp9                                               0.000
        CEMBA171214_4D#GAGATTCCATAAGTCGTCCGGTAAGTACTGAC
Drd2                                              1.580
Adora2a                                           0.914
Penk                                              0.126
Grik3                                             3.187
Sp9                                               3.211


imputeMatrix Input-Parameters$threads: length = 1
[1] 10


imputeMatrix Input-Parameters$verbose: length = 1
[1] FALSE


imputeMatrix Input-Parameters$logFile: length = 1
[1] "ArchRLogs/ArchR-plotEmbedding-31839714544d4-Date-2020-10-02_Time-22-36-39.log"



2020-10-02 22:36:50 : mat, Class = matrix
        CEMBA171214_4D#ATTCAGAATCTATCCGTGCCTTACCAGGACGT
Drd2                                              0.250
Adora2a                                           1.687
Penk                                              1.658
Grik3                                             2.726
Sp9                                               2.113
        CEMBA171214_4D#ATTCAGAACAGAACTGTTACGACCGTACTGAC
Drd2                                              0.000
Adora2a                                           0.000
Penk                                              0.618
Grik3                                             0.262
Sp9                                               0.000
        CEMBA171214_4D#ATTCAGAATTAGCCTCTAAGATCCGTACTGAC
Drd2                                              1.348
Adora2a                                           0.882
Penk                                              0.125
Grik3                                             2.400
Sp9                                               1.026
        CEMBA171214_4D#CTGAAGCTGCAACCTAAATGACGTCCTATCCT
Drd2                                              0.000
Adora2a                                           0.000
Penk                                              0.141
Grik3                                             0.439
Sp9                                               0.000
        CEMBA171214_4D#GAGATTCCATAAGTCGTCCGGTAAGTACTGAC
Drd2                                              1.580
Adora2a                                           0.914
Penk                                              0.126
Grik3                                             3.187
Sp9                                               3.211

mat: nRows = 6, nCols = 24241


2020-10-02 22:36:50 : weightList, Class = SimpleList

weightList$w1: length = 1
[1] "/home/bnphan/projects/snATAC_cross_species_caudate/data/raw_data/mm10/BICCN_mouse_caudoputamen/ArchR_BICCN_caudoputamen/ImputeWeights/Impute-Weights-Rep-1"


weightList$w2: length = 1
[1] "/home/bnphan/projects/snATAC_cross_species_caudate/data/raw_data/mm10/BICCN_mouse_caudoputamen/ArchR_BICCN_caudoputamen/ImputeWeights/Impute-Weights-Rep-2"


2020-10-02 22:36:50 : Imputing Matrix (1 of 2), 0 mins elapsed.

2020-10-02 22:36:50 : 

2020-10-02 22:36:50 : 

2020-10-02 22:36:51 : 

2020-10-02 22:36:51 : 

2020-10-02 22:36:51 : 

2020-10-02 22:36:51 : 
2020-10-02 22:37:01 : Imputing Matrix (2 of 2), 0.183 mins elapsed.

2020-10-02 22:37:01 : 

2020-10-02 22:37:02 : 

2020-10-02 22:37:02 : 

2020-10-02 22:37:02 : 

2020-10-02 22:37:02 : 

2020-10-02 22:37:02 : 
2020-10-02 22:37:15 : Finished Imputing Matrix, 0.409 mins elapsed.

2020-10-02 22:37:15 : colorMat-After-Impute, Class = matrix
        CEMBA171214_4D#ATTCAGAATCTATCCGTGCCTTACCAGGACGT
Drd2                                          0.2843863
Adora2a                                       0.2330332
Penk                                          0.6152210
Grik3                                         1.1842003
Sp9                                           1.1887241
        CEMBA171214_4D#ATTCAGAACAGAACTGTTACGACCGTACTGAC
Drd2                                          1.0995947
Adora2a                                       1.1997654
Penk                                          1.9474019
Grik3                                         0.7760259
Sp9                                           1.4283905
        CEMBA171214_4D#ATTCAGAATTAGCCTCTAAGATCCGTACTGAC
Drd2                                          0.4940105
Adora2a                                       0.4858113
Penk                                          0.7081405
Grik3                                         1.1089022
Sp9                                           1.1085884
        CEMBA171214_4D#CTGAAGCTGCAACCTAAATGACGTCCTATCCT
Drd2                                          0.4083919
Adora2a                                       0.4407158
Penk                                          1.0200487
Grik3                                         0.9569393
Sp9                                           1.1202506
        CEMBA171214_4D#GAGATTCCATAAGTCGTCCGGTAAGTACTGAC
Drd2                                           1.129543
Adora2a                                        1.057112
Penk                                           1.593913
Grik3                                          1.042496
Sp9                                            1.715519

colorMat-After-Impute: nRows = 6, nCols = 24241


2020-10-02 22:37:15 : ColorParams 1, Class = list

ColorParams 1$color: length = 24241
CEMBA171214_4D#ATTCAGAATCTATCCGTGCCTTACCAGGACGT 
                                      0.2843863 
CEMBA171214_4D#ATTCAGAACAGAACTGTTACGACCGTACTGAC 
                                      1.0995947 
CEMBA171214_4D#ATTCAGAATTAGCCTCTAAGATCCGTACTGAC 
                                      0.4940105 
CEMBA171214_4D#CTGAAGCTGCAACCTAAATGACGTCCTATCCT 
                                      0.4083919 
CEMBA171214_4D#GAGATTCCATAAGTCGTCCGGTAAGTACTGAC 
                                      1.1295428 
CEMBA171214_4D#CTGAAGCTCGCTTGATATAGCCTTGTACTGAC 
                                      0.9518775 


ColorParams 1$discrete: length = 1
[1] FALSE


ColorParams 1$title: length = 1
[1] "UMAP of Harmony colored by\nGeneScoreMatrix : Drd2"


ColorParams 1$continuousSet: length = 1
[1] "horizonExtra"



2020-10-02 22:37:15 : PlotParams-1, Class = list

PlotParams-1$color: length = 24241
CEMBA171214_4D#ATTCAGAATCTATCCGTGCCTTACCAGGACGT 
                                      0.3610792 
CEMBA171214_4D#ATTCAGAACAGAACTGTTACGACCGTACTGAC 
                                      1.0701109 
CEMBA171214_4D#ATTCAGAATTAGCCTCTAAGATCCGTACTGAC 
                                      0.5791902 
CEMBA171214_4D#CTGAAGCTGCAACCTAAATGACGTCCTATCCT 
                                      0.4940488 
CEMBA171214_4D#GAGATTCCATAAGTCGTCCGGTAAGTACTGAC 
                                      1.0905437 
CEMBA171214_4D#CTGAAGCTCGCTTGATATAGCCTTGTACTGAC 
                                      0.9648625 


PlotParams-1$title: length = 1
[1] "UMAP of Harmony colored by\nGeneScoreMatrix : Drd2"


PlotParams-1$x: length = 24241
[1]  3.796087 -1.222435  3.582153  3.125930  3.275416 -1.776307


PlotParams-1$y: length = 24241
[1] -0.4118254 -2.5988921 -0.3729084 -0.9384455 -0.4664438 -3.2676743


PlotParams-1$baseSize: length = 1
[1] 10


PlotParams-1$xlabel: length = 1
[1] "UMAP Dimension 1"


PlotParams-1$ylabel: length = 1
[1] "UMAP Dimension 2"


PlotParams-1$pal: length = 256
[1] "#000436" "#000439" "#00053D" "#000640" "#000744" "#000848"


PlotParams-1$colorTitle: length = 1
[1] "Log2(NormCounts + 1)"



2020-10-02 22:37:18 : PlotParams-2, Class = list

PlotParams-2$color: length = 24241
CEMBA171214_4D#ATTCAGAATCTATCCGTGCCTTACCAGGACGT 
                                      0.3022116 
CEMBA171214_4D#ATTCAGAACAGAACTGTTACGACCGTACTGAC 
                                      1.1373496 
CEMBA171214_4D#ATTCAGAATTAGCCTCTAAGATCCGTACTGAC 
                                      0.5712509 
CEMBA171214_4D#CTGAAGCTGCAACCTAAATGACGTCCTATCCT 
                                      0.5267858 
CEMBA171214_4D#GAGATTCCATAAGTCGTCCGGTAAGTACTGAC 
                                      1.0406204 
CEMBA171214_4D#CTGAAGCTCGCTTGATATAGCCTTGTACTGAC 
                                      1.0269596 


PlotParams-2$title: length = 1
[1] "UMAP of Harmony colored by\nGeneScoreMatrix : Adora2a"


PlotParams-2$x: length = 24241
[1]  3.796087 -1.222435  3.582153  3.125930  3.275416 -1.776307


PlotParams-2$y: length = 24241
[1] -0.4118254 -2.5988921 -0.3729084 -0.9384455 -0.4664438 -3.2676743


PlotParams-2$baseSize: length = 1
[1] 10


PlotParams-2$xlabel: length = 1
[1] "UMAP Dimension 1"


PlotParams-2$ylabel: length = 1
[1] "UMAP Dimension 2"


PlotParams-2$pal: length = 256
[1] "#000436" "#000439" "#00053D" "#000640" "#000744" "#000848"


PlotParams-2$colorTitle: length = 1
[1] "Log2(NormCounts + 1)"



2020-10-02 22:37:20 : PlotParams-3, Class = list

PlotParams-3$color: length = 24241
CEMBA171214_4D#ATTCAGAATCTATCCGTGCCTTACCAGGACGT 
                                      0.6917316 
CEMBA171214_4D#ATTCAGAACAGAACTGTTACGACCGTACTGAC 
                                      1.5594438 
CEMBA171214_4D#ATTCAGAATTAGCCTCTAAGATCCGTACTGAC 
                                      0.7724267 
CEMBA171214_4D#CTGAAGCTGCAACCTAAATGACGTCCTATCCT 
                                      1.0143901 
CEMBA171214_4D#GAGATTCCATAAGTCGTCCGGTAAGTACTGAC 
                                      1.3751299 
CEMBA171214_4D#CTGAAGCTCGCTTGATATAGCCTTGTACTGAC 
                                      1.3924564 


PlotParams-3$title: length = 1
[1] "UMAP of Harmony colored by\nGeneScoreMatrix : Penk"


PlotParams-3$x: length = 24241
[1]  3.796087 -1.222435  3.582153  3.125930  3.275416 -1.776307


PlotParams-3$y: length = 24241
[1] -0.4118254 -2.5988921 -0.3729084 -0.9384455 -0.4664438 -3.2676743


PlotParams-3$baseSize: length = 1
[1] 10


PlotParams-3$xlabel: length = 1
[1] "UMAP Dimension 1"


PlotParams-3$ylabel: length = 1
[1] "UMAP Dimension 2"


PlotParams-3$pal: length = 256
[1] "#000436" "#000439" "#00053D" "#000640" "#000744" "#000848"


PlotParams-3$colorTitle: length = 1
[1] "Log2(NormCounts + 1)"



2020-10-02 22:37:22 : PlotParams-4, Class = list

PlotParams-4$color: length = 24241
CEMBA171214_4D#ATTCAGAATCTATCCGTGCCTTACCAGGACGT 
                                      1.1271052 
CEMBA171214_4D#ATTCAGAACAGAACTGTTACGACCGTACTGAC 
                                      0.8286527 
CEMBA171214_4D#ATTCAGAATTAGCCTCTAAGATCCGTACTGAC 
                                      1.0764922 
CEMBA171214_4D#CTGAAGCTGCAACCTAAATGACGTCCTATCCT 
                                      0.9685990 
CEMBA171214_4D#GAGATTCCATAAGTCGTCCGGTAAGTACTGAC 
                                      1.0303333 
CEMBA171214_4D#CTGAAGCTCGCTTGATATAGCCTTGTACTGAC 
                                      0.7326172 


PlotParams-4$title: length = 1
[1] "UMAP of Harmony colored by\nGeneScoreMatrix : Grik3"


PlotParams-4$x: length = 24241
[1]  3.796087 -1.222435  3.582153  3.125930  3.275416 -1.776307


PlotParams-4$y: length = 24241
[1] -0.4118254 -2.5988921 -0.3729084 -0.9384455 -0.4664438 -3.2676743


PlotParams-4$baseSize: length = 1
[1] 10


PlotParams-4$xlabel: length = 1
[1] "UMAP Dimension 1"


PlotParams-4$ylabel: length = 1
[1] "UMAP Dimension 2"


PlotParams-4$pal: length = 256
[1] "#000436" "#000439" "#00053D" "#000640" "#000744" "#000848"


PlotParams-4$colorTitle: length = 1
[1] "Log2(NormCounts + 1)"



2020-10-02 22:37:25 : PlotParams-5, Class = list

PlotParams-5$color: length = 24241
CEMBA171214_4D#ATTCAGAATCTATCCGTGCCTTACCAGGACGT 
                                       1.130090 
CEMBA171214_4D#ATTCAGAACAGAACTGTTACGACCGTACTGAC 
                                       1.280000 
CEMBA171214_4D#ATTCAGAATTAGCCTCTAAGATCCGTACTGAC 
                                       1.076277 
CEMBA171214_4D#CTGAAGCTGCAACCTAAATGACGTCCTATCCT 
                                       1.084235 
CEMBA171214_4D#GAGATTCCATAAGTCGTCCGGTAAGTACTGAC 
                                       1.441228 
CEMBA171214_4D#CTGAAGCTCGCTTGATATAGCCTTGTACTGAC 
                                       1.189851 


PlotParams-5$title: length = 1
[1] "UMAP of Harmony colored by\nGeneScoreMatrix : Sp9"


PlotParams-5$x: length = 24241
[1]  3.796087 -1.222435  3.582153  3.125930  3.275416 -1.776307


PlotParams-5$y: length = 24241
[1] -0.4118254 -2.5988921 -0.3729084 -0.9384455 -0.4664438 -3.2676743


PlotParams-5$baseSize: length = 1
[1] 10


PlotParams-5$xlabel: length = 1
[1] "UMAP Dimension 1"


PlotParams-5$ylabel: length = 1
[1] "UMAP Dimension 2"


PlotParams-5$pal: length = 256
[1] "#000436" "#000439" "#00053D" "#000640" "#000744" "#000848"


PlotParams-5$colorTitle: length = 1
[1] "Log2(NormCounts + 1)"



2020-10-02 22:37:27 : PlotParams-6, Class = list

PlotParams-6$color: length = 24241
CEMBA171214_4D#ATTCAGAATCTATCCGTGCCTTACCAGGACGT 
                                       1.040033 
CEMBA171214_4D#ATTCAGAACAGAACTGTTACGACCGTACTGAC 
                                       1.779742 
CEMBA171214_4D#ATTCAGAATTAGCCTCTAAGATCCGTACTGAC 
                                       1.291314 
CEMBA171214_4D#CTGAAGCTGCAACCTAAATGACGTCCTATCCT 
                                       1.292675 
CEMBA171214_4D#GAGATTCCATAAGTCGTCCGGTAAGTACTGAC 
                                       1.749814 
CEMBA171214_4D#CTGAAGCTCGCTTGATATAGCCTTGTACTGAC 
                                       1.719194 


PlotParams-6$title: length = 1
[1] "UMAP of Harmony colored by\nGeneScoreMatrix : Gpr52"


PlotParams-6$x: length = 24241
[1]  3.796087 -1.222435  3.582153  3.125930  3.275416 -1.776307


PlotParams-6$y: length = 24241
[1] -0.4118254 -2.5988921 -0.3729084 -0.9384455 -0.4664438 -3.2676743


PlotParams-6$baseSize: length = 1
[1] 10


PlotParams-6$xlabel: length = 1
[1] "UMAP Dimension 1"


PlotParams-6$ylabel: length = 1
[1] "UMAP Dimension 2"


PlotParams-6$pal: length = 256
[1] "#000436" "#000439" "#00053D" "#000640" "#000744" "#000848"


PlotParams-6$colorTitle: length = 1
[1] "Log2(NormCounts + 1)"



------- Completed

End Time : 2020-10-02 22:37:29
Elapsed Time Minutes = 0.838450757662455
Elapsed Time Hours = 0.0139742719464832

-------



