
           ___      .______        ______  __    __  .______      
          /   \     |   _  \      /      ||  |  |  | |   _  \     
         /  ^  \    |  |_)  |    |  ,----'|  |__|  | |  |_)  |    
        /  /_\  \   |      /     |  |     |   __   | |      /     
       /  _____  \  |  |\  \\___ |  `----.|  |  |  | |  |\  \\___.
      /__/     \__\ | _| `._____| \______||__|  |__| | _| `._____|
    
Logging With ArchR!

Start Time : 2020-10-03 10:50:18

------- ArchR Info

ArchRThreads = 10
ArchRGenome = Hg38

------- System Info

Computer OS = unix
Total Cores = 64

------- Session Info

R version 3.6.3 (2020-02-29)
Platform: x86_64-conda_cos6-linux-gnu (64-bit)
Running under: CentOS Linux 7 (Core)

Matrix products: default
BLAS/LAPACK: /home/bnphan/miniconda3/lib/libmkl_rt.so

locale:
 [1] LC_CTYPE=en_US.UTF-8       LC_NUMERIC=C              
 [3] LC_TIME=en_US.UTF-8        LC_COLLATE=en_US.UTF-8    
 [5] LC_MONETARY=en_US.UTF-8    LC_MESSAGES=en_US.UTF-8   
 [7] LC_PAPER=en_US.UTF-8       LC_NAME=C                 
 [9] LC_ADDRESS=C               LC_TELEPHONE=C            
[11] LC_MEASUREMENT=en_US.UTF-8 LC_IDENTIFICATION=C       

attached base packages:
[1] parallel  stats4    stats     graphics  grDevices utils     datasets 
[8] methods   base     

other attached packages:
 [1] gtable_0.3.0                ArchR_0.9.5                
 [3] magrittr_1.5                rhdf5_2.30.1               
 [5] Matrix_1.2-18               data.table_1.13.0          
 [7] SummarizedExperiment_1.16.1 DelayedArray_0.12.3        
 [9] BiocParallel_1.20.1         matrixStats_0.57.0         
[11] Biobase_2.46.0              GenomicRanges_1.38.0       
[13] GenomeInfoDb_1.22.1         IRanges_2.20.2             
[15] S4Vectors_0.24.4            BiocGenerics_0.32.0        
[17] ggplot2_3.3.2               colorout_1.2-2             

loaded via a namespace (and not attached):
 [1] BSgenome.Hsapiens.UCSC.hg38_1.4.1 Rcpp_1.0.5                       
 [3] lattice_0.20-41                   Rsamtools_2.2.3                  
 [5] Biostrings_2.54.0                 gtools_3.8.2                     
 [7] digest_0.6.25                     IRdisplay_0.7.0                  
 [9] R6_2.4.1                          repr_1.1.0                       
[11] evaluate_0.14                     pillar_1.4.6                     
[13] zlibbioc_1.32.0                   rlang_0.4.7                      
[15] uuid_0.1-4                        hexbin_1.28.1                    
[17] labeling_0.3                      stringr_1.4.0                    
[19] pheatmap_1.0.12                   RCurl_1.98-1.2                   
[21] munsell_0.5.0                     compiler_3.6.3                   
[23] rtracklayer_1.46.0                pkgconfig_2.0.3                  
[25] base64enc_0.1-3                   htmltools_0.5.0                  
[27] tidyselect_1.1.0                  tibble_3.0.3                     
[29] GenomeInfoDbData_1.2.2            XML_3.99-0.3                     
[31] crayon_1.3.4                      dplyr_1.0.2                      
[33] withr_2.3.0                       GenomicAlignments_1.22.1         
[35] bitops_1.0-6                      grid_3.6.3                       
[37] jsonlite_1.7.1                    lifecycle_0.2.0                  
[39] scales_1.1.1                      stringi_1.5.3                    
[41] farver_2.0.3                      XVector_0.26.0                   
[43] ellipsis_0.3.1                    generics_0.0.2                   
[45] vctrs_0.3.4                       cowplot_1.1.0                    
[47] IRkernel_1.1.1                    Rhdf5lib_1.8.0                   
[49] RColorBrewer_1.1-2                tools_3.6.3                      
[51] Cairo_1.5-12.2                    BSgenome_1.54.0                  
[53] glue_1.4.2                        purrr_0.3.4                      
[55] colorspace_1.4-1                  pbdZMQ_0.3-3                     


------- Log Info


2020-10-03 10:50:18 : Input-Parameters, Class = list

Input-Parameters$ArchRProj: length = 1
class: ArchRProject 
outputDirectory: /home/bnphan/projects/snATAC_cross_species_caudate/data/raw_data/mm10/BICCN_mouse_caudoputamen/ArchR_BICCN_caudoputamen 
samples(4): CEMBA171214_4D CEMBA171219_4D CEMBA180813_5E CEMBA180820_5E
sampleColData names(1): ArrowFiles
cellColData names(18): Sample TSSEnrichment ... Region Clusters
numberOfCells(1): 1
medianTSS(1): 14.205
medianFrags(1): 42336


Input-Parameters$embedding: length = 1
[1] "UMAP"


Input-Parameters$colorBy: length = 1
[1] "GeneScoreMatrix"


Input-Parameters$name: length = 10
[1] "Des"    "Acta2"  "Tbx18"  "Vcam1"  "Vtn"    "Ifitm1"


Input-Parameters$log2Norm: length = 0
NULL


Input-Parameters$pal: length = 0
NULL


Input-Parameters$size: length = 1
[1] 0.1


Input-Parameters$sampleCells: length = 0
NULL


Input-Parameters$highlightCells: length = 0
NULL


Input-Parameters$rastr: length = 1
[1] TRUE


Input-Parameters$quantCut: length = 2
[1] 0.01 0.99


Input-Parameters$discreteSet: length = 0
NULL


Input-Parameters$continuousSet: length = 0
NULL


Input-Parameters$randomize: length = 1
[1] TRUE


Input-Parameters$keepAxis: length = 1
[1] FALSE


Input-Parameters$baseSize: length = 1
[1] 10


Input-Parameters$plotAs: length = 0
NULL


Input-Parameters$threads: length = 1
[1] 10


Input-Parameters$logFile: length = 1
[1] "ArchRLogs/ArchR-plotEmbedding-3641b3536a6a-Date-2020-10-03_Time-10-50-18.log"



2020-10-03 10:50:18 : 

2020-10-03 10:50:18 : Embedding data.frame, Class = data.frame
Embedding data.frame: nRows = 24241, nCols = 2
                                                Harmony#UMAP_Dimension_1
CEMBA171214_4D#ATTCAGAATCTATCCGTGCCTTACCAGGACGT                 1.502784
CEMBA171214_4D#ATTCAGAACAGAACTGTTACGACCGTACTGAC                -1.470005
CEMBA171214_4D#ATTCAGAATTAGCCTCTAAGATCCGTACTGAC                 1.398705
CEMBA171214_4D#CTGAAGCTGCAACCTAAATGACGTCCTATCCT                 1.528087
CEMBA171214_4D#GAGATTCCATAAGTCGTCCGGTAAGTACTGAC                 1.047305
CEMBA171214_4D#CTGAAGCTCGCTTGATATAGCCTTGTACTGAC                -0.879309
                                                Harmony#UMAP_Dimension_2
CEMBA171214_4D#ATTCAGAATCTATCCGTGCCTTACCAGGACGT                 1.783057
CEMBA171214_4D#ATTCAGAACAGAACTGTTACGACCGTACTGAC                -3.722316
CEMBA171214_4D#ATTCAGAATTAGCCTCTAAGATCCGTACTGAC                 1.587973
CEMBA171214_4D#CTGAAGCTGCAACCTAAATGACGTCCTATCCT                 0.339178
CEMBA171214_4D#GAGATTCCATAAGTCGTCCGGTAAGTACTGAC                 1.291837
CEMBA171214_4D#CTGAAGCTCGCTTGATATAGCCTTGTACTGAC                -4.367348



2020-10-03 10:50:19 : 

2020-10-03 10:50:19 : 

2020-10-03 10:50:19 : FeatureDF, Class = DFrame
DataFrame with 24333 rows and 6 columns
      seqnames     start       end  strand          name     idx
         <Rle>   <array>   <array> <array>       <array> <array>
1         chr1   3671498   3214482       2          Xkr4       1
2         chr1   4409241   4290846       2           Rp1       2
3         chr1   4497354   4490928       2         Sox17       3
4         chr1   4785726   4773198       2        Mrpl15       4
5         chr1   4807893   4846735       1        Lypla1       5
...        ...       ...       ...     ...           ...     ...
24329     chrX 169320372 169251538       2          Hccs    1039
24330     chrX 169320422 169368178       1       Gm15246    1040
24331     chrX 169685199 169990798       1          Mid1    1041
24332     chrX 169779635 169776378       2 4933400A11Rik    1042
24333     chrX 170672644 170678054       1          Asmt    1043


2020-10-03 10:50:19 : idx, Class = integer

idx: length = 10
[1]   447 10963 22846 14179  3454 20652



2020-10-03 10:50:19 : FeatureDF-Subset, Class = DFrame
DataFrame with 10 rows and 6 columns
   seqnames     start       end  strand    name     idx
      <Rle>   <array>   <array> <array> <array> <array>
1      chr1  75360292  75368579       1     Des     447
2     chr19  34255373  34240336       2   Acta2     507
3      chr9  87731260  87702800       2   Tbx18     908
4      chr3 116129688 116110020       2   Vcam1     881
5     chr11  78499120  78502325       1     Vtn     949
6      chr7 140967429 140969827       1  Ifitm1    2056
7      chr7  79848194  79821803       2   Anpep    1160
8     chr13  49608071  49624500       1     Ogn     410
9     chr10  97565501  97572703       1     Lum     812
10    chr10  97479500  97518163       1     Dcn     811


2020-10-03 10:50:24 : Feature-Matrix, Class = dgCMatrix
Feature-Matrix: nRows = 10, nCols = 24241
Feature-Matrix: NonZeroEntries = 20038, EntryRange = [ 0.059 , 39.346 ]
5 x 5 sparse Matrix of class "dgCMatrix"
     CEMBA171214_4D#ATTCAGAATCTATCCGTGCCTTACCAGGACGT
[1,]                                           .    
[2,]                                           .    
[3,]                                           0.362
[4,]                                           1.284
[5,]                                           .    
     CEMBA171214_4D#ATTCAGAACAGAACTGTTACGACCGTACTGAC
[1,]                                           0.390
[2,]                                           .    
[3,]                                           .    
[4,]                                           0.775
[5,]                                           0.536
     CEMBA171214_4D#ATTCAGAATTAGCCTCTAAGATCCGTACTGAC
[1,]                                           .    
[2,]                                           0.314
[3,]                                           0.496
[4,]                                           .    
[5,]                                           0.541
     CEMBA171214_4D#CTGAAGCTGCAACCTAAATGACGTCCTATCCT
[1,]                                           .    
[2,]                                           0.226
[3,]                                           0.854
[4,]                                           0.174
[5,]                                           .    
     CEMBA171214_4D#GAGATTCCATAAGTCGTCCGGTAAGTACTGAC
[1,]                                           0.119
[2,]                                           0.319
[3,]                                           .    
[4,]                                           0.235
[5,]                                           .    



2020-10-03 10:50:24 : colorMat-Before-Impute, Class = matrix
      CEMBA171214_4D#ATTCAGAATCTATCCGTGCCTTACCAGGACGT
Des                                             0.000
Acta2                                           0.000
Tbx18                                           0.362
Vcam1                                           1.284
Vtn                                             0.000
      CEMBA171214_4D#ATTCAGAACAGAACTGTTACGACCGTACTGAC
Des                                             0.390
Acta2                                           0.000
Tbx18                                           0.000
Vcam1                                           0.775
Vtn                                             0.536
      CEMBA171214_4D#ATTCAGAATTAGCCTCTAAGATCCGTACTGAC
Des                                             0.000
Acta2                                           0.314
Tbx18                                           0.496
Vcam1                                           0.000
Vtn                                             0.541
      CEMBA171214_4D#CTGAAGCTGCAACCTAAATGACGTCCTATCCT
Des                                             0.000
Acta2                                           0.226
Tbx18                                           0.854
Vcam1                                           0.174
Vtn                                             0.000
      CEMBA171214_4D#GAGATTCCATAAGTCGTCCGGTAAGTACTGAC
Des                                             0.119
Acta2                                           0.319
Tbx18                                           0.000
Vcam1                                           0.235
Vtn                                             0.000

colorMat-Before-Impute: nRows = 10, nCols = 24241


2020-10-03 10:50:24 : imputeMatrix Input-Parameters, Class = list

imputeMatrix Input-Parameters$mat: nRows = 10, nCols = 24241
      CEMBA171214_4D#ATTCAGAATCTATCCGTGCCTTACCAGGACGT
Des                                             0.000
Acta2                                           0.000
Tbx18                                           0.362
Vcam1                                           1.284
Vtn                                             0.000
      CEMBA171214_4D#ATTCAGAACAGAACTGTTACGACCGTACTGAC
Des                                             0.390
Acta2                                           0.000
Tbx18                                           0.000
Vcam1                                           0.775
Vtn                                             0.536
      CEMBA171214_4D#ATTCAGAATTAGCCTCTAAGATCCGTACTGAC
Des                                             0.000
Acta2                                           0.314
Tbx18                                           0.496
Vcam1                                           0.000
Vtn                                             0.541
      CEMBA171214_4D#CTGAAGCTGCAACCTAAATGACGTCCTATCCT
Des                                             0.000
Acta2                                           0.226
Tbx18                                           0.854
Vcam1                                           0.174
Vtn                                             0.000
      CEMBA171214_4D#GAGATTCCATAAGTCGTCCGGTAAGTACTGAC
Des                                             0.119
Acta2                                           0.319
Tbx18                                           0.000
Vcam1                                           0.235
Vtn                                             0.000


imputeMatrix Input-Parameters$threads: length = 1
[1] 10


imputeMatrix Input-Parameters$verbose: length = 1
[1] FALSE


imputeMatrix Input-Parameters$logFile: length = 1
[1] "ArchRLogs/ArchR-plotEmbedding-3641b3536a6a-Date-2020-10-03_Time-10-50-18.log"



2020-10-03 10:50:24 : mat, Class = matrix
      CEMBA171214_4D#ATTCAGAATCTATCCGTGCCTTACCAGGACGT
Des                                             0.000
Acta2                                           0.000
Tbx18                                           0.362
Vcam1                                           1.284
Vtn                                             0.000
      CEMBA171214_4D#ATTCAGAACAGAACTGTTACGACCGTACTGAC
Des                                             0.390
Acta2                                           0.000
Tbx18                                           0.000
Vcam1                                           0.775
Vtn                                             0.536
      CEMBA171214_4D#ATTCAGAATTAGCCTCTAAGATCCGTACTGAC
Des                                             0.000
Acta2                                           0.314
Tbx18                                           0.496
Vcam1                                           0.000
Vtn                                             0.541
      CEMBA171214_4D#CTGAAGCTGCAACCTAAATGACGTCCTATCCT
Des                                             0.000
Acta2                                           0.226
Tbx18                                           0.854
Vcam1                                           0.174
Vtn                                             0.000
      CEMBA171214_4D#GAGATTCCATAAGTCGTCCGGTAAGTACTGAC
Des                                             0.119
Acta2                                           0.319
Tbx18                                           0.000
Vcam1                                           0.235
Vtn                                             0.000

mat: nRows = 10, nCols = 24241


2020-10-03 10:50:24 : weightList, Class = SimpleList

weightList$w1: length = 1
[1] "/home/bnphan/projects/snATAC_cross_species_caudate/data/raw_data/mm10/BICCN_mouse_caudoputamen/ArchR_BICCN_caudoputamen/ImputeWeights/Impute-Weights-Rep-1"


weightList$w2: length = 1
[1] "/home/bnphan/projects/snATAC_cross_species_caudate/data/raw_data/mm10/BICCN_mouse_caudoputamen/ArchR_BICCN_caudoputamen/ImputeWeights/Impute-Weights-Rep-2"


2020-10-03 10:50:24 : Imputing Matrix (1 of 2), 0 mins elapsed.

2020-10-03 10:50:24 : 

2020-10-03 10:50:24 : 

2020-10-03 10:50:24 : 

2020-10-03 10:50:24 : 

2020-10-03 10:50:24 : 

2020-10-03 10:50:24 : 
2020-10-03 10:50:31 : Imputing Matrix (2 of 2), 0.12 mins elapsed.

2020-10-03 10:50:31 : 

2020-10-03 10:50:31 : 

2020-10-03 10:50:31 : 

2020-10-03 10:50:31 : 

2020-10-03 10:50:31 : 

2020-10-03 10:50:31 : 
2020-10-03 10:50:38 : Finished Imputing Matrix, 0.236 mins elapsed.

2020-10-03 10:50:38 : colorMat-After-Impute, Class = matrix
      CEMBA171214_4D#ATTCAGAATCTATCCGTGCCTTACCAGGACGT
Des                                         0.1742719
Acta2                                       0.1356910
Tbx18                                       0.2580925
Vcam1                                       0.5187466
Vtn                                         0.3763531
      CEMBA171214_4D#ATTCAGAACAGAACTGTTACGACCGTACTGAC
Des                                         0.3509961
Acta2                                       0.0631604
Tbx18                                       0.2428396
Vcam1                                       0.7291006
Vtn                                         0.4155155
      CEMBA171214_4D#ATTCAGAATTAGCCTCTAAGATCCGTACTGAC
Des                                         0.1384097
Acta2                                       0.1216529
Tbx18                                       0.2530295
Vcam1                                       0.4821781
Vtn                                         0.3728599
      CEMBA171214_4D#CTGAAGCTGCAACCTAAATGACGTCCTATCCT
Des                                        0.19748636
Acta2                                      0.08813575
Tbx18                                      0.25182054
Vcam1                                      0.60348711
Vtn                                        0.40539869
      CEMBA171214_4D#GAGATTCCATAAGTCGTCCGGTAAGTACTGAC
Des                                        0.44436067
Acta2                                      0.06150137
Tbx18                                      0.25632872
Vcam1                                      0.75545453
Vtn                                        0.44228333

colorMat-After-Impute: nRows = 10, nCols = 24241


2020-10-03 10:50:38 : ColorParams 1, Class = list

ColorParams 1$color: length = 24241
CEMBA171214_4D#ATTCAGAATCTATCCGTGCCTTACCAGGACGT 
                                      0.1742719 
CEMBA171214_4D#ATTCAGAACAGAACTGTTACGACCGTACTGAC 
                                      0.3509961 
CEMBA171214_4D#ATTCAGAATTAGCCTCTAAGATCCGTACTGAC 
                                      0.1384097 
CEMBA171214_4D#CTGAAGCTGCAACCTAAATGACGTCCTATCCT 
                                      0.1974864 
CEMBA171214_4D#GAGATTCCATAAGTCGTCCGGTAAGTACTGAC 
                                      0.4443607 
CEMBA171214_4D#CTGAAGCTCGCTTGATATAGCCTTGTACTGAC 
                                      0.3218438 


ColorParams 1$discrete: length = 1
[1] FALSE


ColorParams 1$title: length = 1
[1] "UMAP of Harmony colored by\nGeneScoreMatrix : Des"


ColorParams 1$continuousSet: length = 1
[1] "horizonExtra"



2020-10-03 10:50:38 : PlotParams-1, Class = list

PlotParams-1$color: length = 24241
CEMBA171214_4D#ATTCAGAATCTATCCGTGCCTTACCAGGACGT 
                                      0.2317664 
CEMBA171214_4D#ATTCAGAACAGAACTGTTACGACCGTACTGAC 
                                      0.4340235 
CEMBA171214_4D#ATTCAGAATTAGCCTCTAAGATCCGTACTGAC 
                                      0.1870199 
CEMBA171214_4D#CTGAAGCTGCAACCTAAATGACGTCCTATCCT 
                                      0.2600092 
CEMBA171214_4D#GAGATTCCATAAGTCGTCCGGTAAGTACTGAC 
                                      0.5304310 
CEMBA171214_4D#CTGAAGCTCGCTTGATATAGCCTTGTACTGAC 
                                      0.4025518 


PlotParams-1$title: length = 1
[1] "UMAP of Harmony colored by\nGeneScoreMatrix : Des"


PlotParams-1$x: length = 24241
[1]  1.502784 -1.470005  1.398705  1.528087  1.047305 -0.879309


PlotParams-1$y: length = 24241
[1]  1.783057 -3.722316  1.587973  0.339178  1.291837 -4.367348


PlotParams-1$baseSize: length = 1
[1] 10


PlotParams-1$xlabel: length = 1
[1] "UMAP Dimension 1"


PlotParams-1$ylabel: length = 1
[1] "UMAP Dimension 2"


PlotParams-1$pal: length = 256
[1] "#000436" "#000439" "#00053D" "#000640" "#000744" "#000848"


PlotParams-1$colorTitle: length = 1
[1] "Log2(NormCounts + 1)"



2020-10-03 10:50:38 : PlotParams-2, Class = list

PlotParams-2$color: length = 24241
CEMBA171214_4D#ATTCAGAATCTATCCGTGCCTTACCAGGACGT 
                                     0.18357036 
CEMBA171214_4D#ATTCAGAACAGAACTGTTACGACCGTACTGAC 
                                     0.08835927 
CEMBA171214_4D#ATTCAGAATTAGCCTCTAAGATCCGTACTGAC 
                                     0.16562629 
CEMBA171214_4D#CTGAAGCTGCAACCTAAATGACGTCCTATCCT 
                                     0.12185855 
CEMBA171214_4D#GAGATTCCATAAGTCGTCCGGTAAGTACTGAC 
                                     0.08610623 
CEMBA171214_4D#CTGAAGCTCGCTTGATATAGCCTTGTACTGAC 
                                     0.07557251 


PlotParams-2$title: length = 1
[1] "UMAP of Harmony colored by\nGeneScoreMatrix : Acta2"


PlotParams-2$x: length = 24241
[1]  1.502784 -1.470005  1.398705  1.528087  1.047305 -0.879309


PlotParams-2$y: length = 24241
[1]  1.783057 -3.722316  1.587973  0.339178  1.291837 -4.367348


PlotParams-2$baseSize: length = 1
[1] 10


PlotParams-2$xlabel: length = 1
[1] "UMAP Dimension 1"


PlotParams-2$ylabel: length = 1
[1] "UMAP Dimension 2"


PlotParams-2$pal: length = 256
[1] "#000436" "#000439" "#00053D" "#000640" "#000744" "#000848"


PlotParams-2$colorTitle: length = 1
[1] "Log2(NormCounts + 1)"



2020-10-03 10:50:39 : PlotParams-3, Class = list

PlotParams-3$color: length = 24241
CEMBA171214_4D#ATTCAGAATCTATCCGTGCCTTACCAGGACGT 
                                      0.3312380 
CEMBA171214_4D#ATTCAGAACAGAACTGTTACGACCGTACTGAC 
                                      0.3136401 
CEMBA171214_4D#ATTCAGAATTAGCCTCTAAGATCCGTACTGAC 
                                      0.3254204 
CEMBA171214_4D#CTGAAGCTGCAACCTAAATGACGTCCTATCCT 
                                      0.3240277 
CEMBA171214_4D#GAGATTCCATAAGTCGTCCGGTAAGTACTGAC 
                                      0.3292140 
CEMBA171214_4D#CTGAAGCTCGCTTGATATAGCCTTGTACTGAC 
                                      0.3011755 


PlotParams-3$title: length = 1
[1] "UMAP of Harmony colored by\nGeneScoreMatrix : Tbx18"


PlotParams-3$x: length = 24241
[1]  1.502784 -1.470005  1.398705  1.528087  1.047305 -0.879309


PlotParams-3$y: length = 24241
[1]  1.783057 -3.722316  1.587973  0.339178  1.291837 -4.367348


PlotParams-3$baseSize: length = 1
[1] 10


PlotParams-3$xlabel: length = 1
[1] "UMAP Dimension 1"


PlotParams-3$ylabel: length = 1
[1] "UMAP Dimension 2"


PlotParams-3$pal: length = 256
[1] "#000436" "#000439" "#00053D" "#000640" "#000744" "#000848"


PlotParams-3$colorTitle: length = 1
[1] "Log2(NormCounts + 1)"



2020-10-03 10:50:39 : PlotParams-4, Class = list

PlotParams-4$color: length = 24241
CEMBA171214_4D#ATTCAGAATCTATCCGTGCCTTACCAGGACGT 
                                      0.6028812 
CEMBA171214_4D#ATTCAGAACAGAACTGTTACGACCGTACTGAC 
                                      0.7900218 
CEMBA171214_4D#ATTCAGAATTAGCCTCTAAGATCCGTACTGAC 
                                      0.5677188 
CEMBA171214_4D#CTGAAGCTGCAACCTAAATGACGTCCTATCCT 
                                      0.6812128 
CEMBA171214_4D#GAGATTCCATAAGTCGTCCGGTAAGTACTGAC 
                                      0.8118446 
CEMBA171214_4D#CTGAAGCTCGCTTGATATAGCCTTGTACTGAC 
                                      0.8154590 


PlotParams-4$title: length = 1
[1] "UMAP of Harmony colored by\nGeneScoreMatrix : Vcam1"


PlotParams-4$x: length = 24241
[1]  1.502784 -1.470005  1.398705  1.528087  1.047305 -0.879309


PlotParams-4$y: length = 24241
[1]  1.783057 -3.722316  1.587973  0.339178  1.291837 -4.367348


PlotParams-4$baseSize: length = 1
[1] 10


PlotParams-4$xlabel: length = 1
[1] "UMAP Dimension 1"


PlotParams-4$ylabel: length = 1
[1] "UMAP Dimension 2"


PlotParams-4$pal: length = 256
[1] "#000436" "#000439" "#00053D" "#000640" "#000744" "#000848"


PlotParams-4$colorTitle: length = 1
[1] "Log2(NormCounts + 1)"



2020-10-03 10:50:39 : PlotParams-5, Class = list

PlotParams-5$color: length = 24241
CEMBA171214_4D#ATTCAGAATCTATCCGTGCCTTACCAGGACGT 
                                      0.4608506 
CEMBA171214_4D#ATTCAGAACAGAACTGTTACGACCGTACTGAC 
                                      0.5013275 
CEMBA171214_4D#ATTCAGAATTAGCCTCTAAGATCCGTACTGAC 
                                      0.4571844 
CEMBA171214_4D#CTGAAGCTGCAACCTAAATGACGTCCTATCCT 
                                      0.4909795 
CEMBA171214_4D#GAGATTCCATAAGTCGTCCGGTAAGTACTGAC 
                                      0.5283546 
CEMBA171214_4D#CTGAAGCTCGCTTGATATAGCCTTGTACTGAC 
                                      0.4604542 


PlotParams-5$title: length = 1
[1] "UMAP of Harmony colored by\nGeneScoreMatrix : Vtn"


PlotParams-5$x: length = 24241
[1]  1.502784 -1.470005  1.398705  1.528087  1.047305 -0.879309


PlotParams-5$y: length = 24241
[1]  1.783057 -3.722316  1.587973  0.339178  1.291837 -4.367348


PlotParams-5$baseSize: length = 1
[1] 10


PlotParams-5$xlabel: length = 1
[1] "UMAP Dimension 1"


PlotParams-5$ylabel: length = 1
[1] "UMAP Dimension 2"


PlotParams-5$pal: length = 256
[1] "#000436" "#000439" "#00053D" "#000640" "#000744" "#000848"


PlotParams-5$colorTitle: length = 1
[1] "Log2(NormCounts + 1)"



2020-10-03 10:50:39 : PlotParams-6, Class = list

PlotParams-6$color: length = 24241
CEMBA171214_4D#ATTCAGAATCTATCCGTGCCTTACCAGGACGT 
                                     0.07388943 
CEMBA171214_4D#ATTCAGAACAGAACTGTTACGACCGTACTGAC 
                                     0.06741192 
CEMBA171214_4D#ATTCAGAATTAGCCTCTAAGATCCGTACTGAC 
                                     0.11120469 
CEMBA171214_4D#CTGAAGCTGCAACCTAAATGACGTCCTATCCT 
                                     0.07453101 
CEMBA171214_4D#GAGATTCCATAAGTCGTCCGGTAAGTACTGAC 
                                     0.04860547 
CEMBA171214_4D#CTGAAGCTCGCTTGATATAGCCTTGTACTGAC 
                                     0.06149977 


PlotParams-6$title: length = 1
[1] "UMAP of Harmony colored by\nGeneScoreMatrix : Ifitm1"


PlotParams-6$x: length = 24241
[1]  1.502784 -1.470005  1.398705  1.528087  1.047305 -0.879309


PlotParams-6$y: length = 24241
[1]  1.783057 -3.722316  1.587973  0.339178  1.291837 -4.367348


PlotParams-6$baseSize: length = 1
[1] 10


PlotParams-6$xlabel: length = 1
[1] "UMAP Dimension 1"


PlotParams-6$ylabel: length = 1
[1] "UMAP Dimension 2"


PlotParams-6$pal: length = 256
[1] "#000436" "#000439" "#00053D" "#000640" "#000744" "#000848"


PlotParams-6$colorTitle: length = 1
[1] "Log2(NormCounts + 1)"



2020-10-03 10:50:40 : PlotParams-7, Class = list

PlotParams-7$color: length = 24241
CEMBA171214_4D#ATTCAGAATCTATCCGTGCCTTACCAGGACGT 
                                     0.03258596 
CEMBA171214_4D#ATTCAGAACAGAACTGTTACGACCGTACTGAC 
                                     0.06548298 
CEMBA171214_4D#ATTCAGAATTAGCCTCTAAGATCCGTACTGAC 
                                     0.06029545 
CEMBA171214_4D#CTGAAGCTGCAACCTAAATGACGTCCTATCCT 
                                     0.03983294 
CEMBA171214_4D#GAGATTCCATAAGTCGTCCGGTAAGTACTGAC 
                                     0.04940138 
CEMBA171214_4D#CTGAAGCTCGCTTGATATAGCCTTGTACTGAC 
                                     0.06452317 


PlotParams-7$title: length = 1
[1] "UMAP of Harmony colored by\nGeneScoreMatrix : Anpep"


PlotParams-7$x: length = 24241
[1]  1.502784 -1.470005  1.398705  1.528087  1.047305 -0.879309


PlotParams-7$y: length = 24241
[1]  1.783057 -3.722316  1.587973  0.339178  1.291837 -4.367348


PlotParams-7$baseSize: length = 1
[1] 10


PlotParams-7$xlabel: length = 1
[1] "UMAP Dimension 1"


PlotParams-7$ylabel: length = 1
[1] "UMAP Dimension 2"


PlotParams-7$pal: length = 256
[1] "#000436" "#000439" "#00053D" "#000640" "#000744" "#000848"


PlotParams-7$colorTitle: length = 1
[1] "Log2(NormCounts + 1)"



2020-10-03 10:50:40 : PlotParams-8, Class = list

PlotParams-8$color: length = 24241
CEMBA171214_4D#ATTCAGAATCTATCCGTGCCTTACCAGGACGT 
                                     0.05364201 
CEMBA171214_4D#ATTCAGAACAGAACTGTTACGACCGTACTGAC 
                                     0.05910202 
CEMBA171214_4D#ATTCAGAATTAGCCTCTAAGATCCGTACTGAC 
                                     0.05217408 
CEMBA171214_4D#CTGAAGCTGCAACCTAAATGACGTCCTATCCT 
                                     0.05360717 
CEMBA171214_4D#GAGATTCCATAAGTCGTCCGGTAAGTACTGAC 
                                     0.03939512 
CEMBA171214_4D#CTGAAGCTCGCTTGATATAGCCTTGTACTGAC 
                                     0.05743748 


PlotParams-8$title: length = 1
[1] "UMAP of Harmony colored by\nGeneScoreMatrix : Ogn"


PlotParams-8$x: length = 24241
[1]  1.502784 -1.470005  1.398705  1.528087  1.047305 -0.879309


PlotParams-8$y: length = 24241
[1]  1.783057 -3.722316  1.587973  0.339178  1.291837 -4.367348


PlotParams-8$baseSize: length = 1
[1] 10


PlotParams-8$xlabel: length = 1
[1] "UMAP Dimension 1"


PlotParams-8$ylabel: length = 1
[1] "UMAP Dimension 2"


PlotParams-8$pal: length = 256
[1] "#000436" "#000439" "#00053D" "#000640" "#000744" "#000848"


PlotParams-8$colorTitle: length = 1
[1] "Log2(NormCounts + 1)"



2020-10-03 10:50:40 : PlotParams-9, Class = list

PlotParams-9$color: length = 24241
CEMBA171214_4D#ATTCAGAATCTATCCGTGCCTTACCAGGACGT 
                                     0.08001546 
CEMBA171214_4D#ATTCAGAACAGAACTGTTACGACCGTACTGAC 
                                     0.11679918 
CEMBA171214_4D#ATTCAGAATTAGCCTCTAAGATCCGTACTGAC 
                                     0.11522575 
CEMBA171214_4D#CTGAAGCTGCAACCTAAATGACGTCCTATCCT 
                                     0.15446083 
CEMBA171214_4D#GAGATTCCATAAGTCGTCCGGTAAGTACTGAC 
                                     0.10540193 
CEMBA171214_4D#CTGAAGCTCGCTTGATATAGCCTTGTACTGAC 
                                     0.09289824 


PlotParams-9$title: length = 1
[1] "UMAP of Harmony colored by\nGeneScoreMatrix : Lum"


PlotParams-9$x: length = 24241
[1]  1.502784 -1.470005  1.398705  1.528087  1.047305 -0.879309


PlotParams-9$y: length = 24241
[1]  1.783057 -3.722316  1.587973  0.339178  1.291837 -4.367348


PlotParams-9$baseSize: length = 1
[1] 10


PlotParams-9$xlabel: length = 1
[1] "UMAP Dimension 1"


PlotParams-9$ylabel: length = 1
[1] "UMAP Dimension 2"


PlotParams-9$pal: length = 256
[1] "#000436" "#000439" "#00053D" "#000640" "#000744" "#000848"


PlotParams-9$colorTitle: length = 1
[1] "Log2(NormCounts + 1)"



2020-10-03 10:50:40 : PlotParams-10, Class = list

PlotParams-10$color: length = 24241
CEMBA171214_4D#ATTCAGAATCTATCCGTGCCTTACCAGGACGT 
                                     0.09661965 
CEMBA171214_4D#ATTCAGAACAGAACTGTTACGACCGTACTGAC 
                                     0.12699619 
CEMBA171214_4D#ATTCAGAATTAGCCTCTAAGATCCGTACTGAC 
                                     0.11711268 
CEMBA171214_4D#CTGAAGCTGCAACCTAAATGACGTCCTATCCT 
                                     0.11380901 
CEMBA171214_4D#GAGATTCCATAAGTCGTCCGGTAAGTACTGAC 
                                     0.12842079 
CEMBA171214_4D#CTGAAGCTCGCTTGATATAGCCTTGTACTGAC 
                                     0.15280242 


PlotParams-10$title: length = 1
[1] "UMAP of Harmony colored by\nGeneScoreMatrix : Dcn"


PlotParams-10$x: length = 24241
[1]  1.502784 -1.470005  1.398705  1.528087  1.047305 -0.879309


PlotParams-10$y: length = 24241
[1]  1.783057 -3.722316  1.587973  0.339178  1.291837 -4.367348


PlotParams-10$baseSize: length = 1
[1] 10


PlotParams-10$xlabel: length = 1
[1] "UMAP Dimension 1"


PlotParams-10$ylabel: length = 1
[1] "UMAP Dimension 2"


PlotParams-10$pal: length = 256
[1] "#000436" "#000439" "#00053D" "#000640" "#000744" "#000848"


PlotParams-10$colorTitle: length = 1
[1] "Log2(NormCounts + 1)"



------- Completed

End Time : 2020-10-03 10:50:41
Elapsed Time Minutes = 0.384284508228302
Elapsed Time Hours = 0.00640479207038879

-------



