
           ___      .______        ______  __    __  .______      
          /   \     |   _  \      /      ||  |  |  | |   _  \     
         /  ^  \    |  |_)  |    |  ,----'|  |__|  | |  |_)  |    
        /  /_\  \   |      /     |  |     |   __   | |      /     
       /  _____  \  |  |\  \\___ |  `----.|  |  |  | |  |\  \\___.
      /__/     \__\ | _| `._____| \______||__|  |__| | _| `._____|
    
Logging With ArchR!

Start Time : 2020-10-06 06:47:41

------- ArchR Info

ArchRThreads = 24
ArchRGenome = Mm10

------- System Info

Computer OS = unix
Total Cores = 64

------- Session Info

R version 3.6.3 (2020-02-29)
Platform: x86_64-conda_cos6-linux-gnu (64-bit)
Running under: CentOS Linux 7 (Core)

Matrix products: default
BLAS/LAPACK: /home/bnphan/miniconda3/lib/libmkl_rt.so

locale:
 [1] LC_CTYPE=en_US.UTF-8       LC_NUMERIC=C              
 [3] LC_TIME=en_US.UTF-8        LC_COLLATE=en_US.UTF-8    
 [5] LC_MONETARY=en_US.UTF-8    LC_MESSAGES=en_US.UTF-8   
 [7] LC_PAPER=en_US.UTF-8       LC_NAME=C                 
 [9] LC_ADDRESS=C               LC_TELEPHONE=C            
[11] LC_MEASUREMENT=en_US.UTF-8 LC_IDENTIFICATION=C       

attached base packages:
 [1] grid      parallel  stats4    stats     graphics  grDevices utils    
 [8] datasets  methods   base     

other attached packages:
 [1] harmony_1.0                        Rcpp_1.0.5                        
 [3] gridExtra_2.3                      uwot_0.1.8                        
 [5] nabor_0.5.0                        Seurat_3.2.2                      
 [7] BSgenome.Mmusculus.UCSC.mm10_1.4.0 forcats_0.5.0                     
 [9] stringr_1.4.0                      dplyr_1.0.2                       
[11] purrr_0.3.4                        readr_1.3.1                       
[13] tidyr_1.1.2                        tibble_3.0.3                      
[15] tidyverse_1.3.0                    BSgenome.Hsapiens.UCSC.hg38_1.4.1 
[17] BSgenome_1.54.0                    rtracklayer_1.46.0                
[19] Biostrings_2.54.0                  XVector_0.26.0                    
[21] ArchR_0.9.5                        magrittr_1.5                      
[23] rhdf5_2.30.1                       Matrix_1.2-18                     
[25] data.table_1.13.0                  SummarizedExperiment_1.16.1       
[27] DelayedArray_0.12.3                BiocParallel_1.20.1               
[29] matrixStats_0.57.0                 Biobase_2.46.0                    
[31] GenomicRanges_1.38.0               GenomeInfoDb_1.22.1               
[33] IRanges_2.20.2                     S4Vectors_0.24.4                  
[35] BiocGenerics_0.32.0                ggplot2_3.3.2                     

loaded via a namespace (and not attached):
  [1] readxl_1.3.1             backports_1.1.10         plyr_1.8.6              
  [4] igraph_1.2.5             lazyeval_0.2.2           splines_3.6.3           
  [7] listenv_0.8.0            digest_0.6.25            htmltools_0.5.0         
 [10] fansi_0.4.1              tensor_1.5               cluster_2.1.0           
 [13] ROCR_1.0-11              globals_0.13.0           modelr_0.1.8            
 [16] colorspace_1.4-1         blob_1.2.1               rvest_0.3.6             
 [19] rappdirs_0.3.1           ggrepel_0.8.2            haven_2.3.1             
 [22] crayon_1.3.4             RCurl_1.98-1.2           jsonlite_1.7.1          
 [25] spatstat_1.64-1          spatstat.data_1.4-3      survival_3.2-7          
 [28] zoo_1.8-8                glue_1.4.2               polyclip_1.10-0         
 [31] gtable_0.3.0             zlibbioc_1.32.0          leiden_0.3.3            
 [34] Rhdf5lib_1.8.0           future.apply_1.6.0       abind_1.4-5             
 [37] scales_1.1.1             DBI_1.1.0                miniUI_0.1.1.1          
 [40] viridisLite_0.3.0        xtable_1.8-4             reticulate_1.16         
 [43] rsvd_1.0.3               htmlwidgets_1.5.2        httr_1.4.2              
 [46] RColorBrewer_1.1-2       ellipsis_0.3.1           ica_1.0-2               
 [49] farver_2.0.3             pkgconfig_2.0.3          XML_3.99-0.3            
 [52] deldir_0.1-29            dbplyr_1.4.4             labeling_0.3            
 [55] tidyselect_1.1.0         rlang_0.4.7              reshape2_1.4.4          
 [58] later_1.1.0.1            munsell_0.5.0            cellranger_1.1.0        
 [61] tools_3.6.3              cli_2.0.2                generics_0.0.2          
 [64] broom_0.7.1              ggridges_0.5.2           fastmap_1.0.1           
 [67] goftest_1.2-2            fs_1.5.0                 fitdistrplus_1.1-1      
 [70] RANN_2.6.1               pbapply_1.4-3            future_1.19.1           
 [73] nlme_3.1-149             mime_0.9                 xml2_1.3.2              
 [76] compiler_3.6.3           rstudioapi_0.11          plotly_4.9.2.1          
 [79] png_0.1-7                spatstat.utils_1.17-0    reprex_0.3.0            
 [82] stringi_1.5.3            lattice_0.20-41          vctrs_0.3.4             
 [85] pillar_1.4.6             lifecycle_0.2.0          lmtest_0.9-38           
 [88] RcppAnnoy_0.0.16         cowplot_1.1.0            bitops_1.0-6            
 [91] irlba_2.3.3              httpuv_1.5.4             patchwork_1.0.1         
 [94] R6_2.4.1                 promises_1.1.1           KernSmooth_2.23-17      
 [97] codetools_0.2-16         gtools_3.8.2             MASS_7.3-53             
[100] assertthat_0.2.1         withr_2.3.0              GenomicAlignments_1.22.1
[103] sctransform_0.3          Rsamtools_2.2.3          GenomeInfoDbData_1.2.2  
[106] mgcv_1.8-33              hms_0.5.3                rpart_4.1-15            
[109] Cairo_1.5-12.2           Rtsne_0.15               shiny_1.5.0             
[112] lubridate_1.7.9         


------- Log Info


2020-10-06 06:47:41 : addClusters Input-Parameters, Class = list

addClusters Input-Parameters$: length = 1
                       
1 function (name)      
2 .Internal(args(name))


addClusters Input-Parameters$input: length = 1
class: ArchRProject 
outputDirectory: /home/bnphan/projects/snATAC_cross_species_caudate/data/raw_data/mm10/BICCN_mouse_caudoputamen/ArchR_BICCN_CP 
samples(4): CEMBA171214_4D CEMBA171219_4D CEMBA180813_5E CEMBA180820_5E
sampleColData names(1): ArrowFiles
cellColData names(16): Sample TSSEnrichment ... BlacklistRatio
  L2cluster
numberOfCells(1): 1
medianTSS(1): 14.755
medianFrags(1): 40080


addClusters Input-Parameters$reducedDims: length = 1
[1] "IterativeLSI"


addClusters Input-Parameters$name: length = 1
[1] "Clusters"


addClusters Input-Parameters$sampleCells: length = 0
NULL


addClusters Input-Parameters$seed: length = 1
[1] 1


addClusters Input-Parameters$method: length = 1
[1] "Seurat"


addClusters Input-Parameters$dimsToUse: length = 0
NULL


addClusters Input-Parameters$scaleDims: length = 0
NULL


addClusters Input-Parameters$corCutOff: length = 1
[1] 0.75


addClusters Input-Parameters$knnAssign: length = 1
[1] 10


addClusters Input-Parameters$nOutlier: length = 1
[1] 5


addClusters Input-Parameters$testBias: length = 1
[1] TRUE


addClusters Input-Parameters$filterBias: length = 1
[1] FALSE


addClusters Input-Parameters$biasClusters: length = 1
[1] 0.01


addClusters Input-Parameters$biasCol: length = 1
[1] "nFrags"


addClusters Input-Parameters$biasVals: length = 0
NULL


addClusters Input-Parameters$biasQuantiles: length = 2
[1] 0.05 0.95


addClusters Input-Parameters$biasEnrich: length = 1
[1] 10


addClusters Input-Parameters$biasProportion: length = 1
[1] 0.5


addClusters Input-Parameters$biasPval: length = 1
[1] 0.05


addClusters Input-Parameters$nPerm: length = 1
[1] 500


addClusters Input-Parameters$prefix: length = 1
[1] "C"


addClusters Input-Parameters$ArchRProj: length = 0
NULL


addClusters Input-Parameters$verbose: length = 1
[1] TRUE


addClusters Input-Parameters$tstart: length = 0
NULL


addClusters Input-Parameters$force: length = 1
[1] TRUE


addClusters Input-Parameters$logFile: length = 1
[1] "ArchRLogs/ArchR-addClusters-3dd9672104e9d-Date-2020-10-06_Time-06-47-41.log"


addClusters Input-Parameters$...: length = 1
[[1]]
<promise: 0x557da816d028>



2020-10-06 06:47:41 : Running Seurats FindClusters (Stuart et al. Cell 2019), 0.002 mins elapsed.
2020-10-06 06:48:39 : Testing Biased Clusters, 0.969 mins elapsed.
2020-10-06 06:48:40 : Testing Outlier Clusters, 0.971 mins elapsed.
2020-10-06 06:48:40 : Assigning Cluster Names to 19 Clusters, 0.971 mins elapsed.
2020-10-06 06:48:40 : Finished addClusters, 0.972 mins elapsed.
