
           ___      .______        ______  __    __  .______      
          /   \     |   _  \      /      ||  |  |  | |   _  \     
         /  ^  \    |  |_)  |    |  ,----'|  |__|  | |  |_)  |    
        /  /_\  \   |      /     |  |     |   __   | |      /     
       /  _____  \  |  |\  \\___ |  `----.|  |  |  | |  |\  \\___.
      /__/     \__\ | _| `._____| \______||__|  |__| | _| `._____|
    
Logging With ArchR!

Start Time : 2020-10-03 10:40:51

------- ArchR Info

ArchRThreads = 10
ArchRGenome = Hg38

------- System Info

Computer OS = unix
Total Cores = 64

------- Session Info

R version 3.6.3 (2020-02-29)
Platform: x86_64-conda_cos6-linux-gnu (64-bit)
Running under: CentOS Linux 7 (Core)

Matrix products: default
BLAS/LAPACK: /home/bnphan/miniconda3/lib/libmkl_rt.so

locale:
 [1] LC_CTYPE=en_US.UTF-8       LC_NUMERIC=C              
 [3] LC_TIME=en_US.UTF-8        LC_COLLATE=en_US.UTF-8    
 [5] LC_MONETARY=en_US.UTF-8    LC_MESSAGES=en_US.UTF-8   
 [7] LC_PAPER=en_US.UTF-8       LC_NAME=C                 
 [9] LC_ADDRESS=C               LC_TELEPHONE=C            
[11] LC_MEASUREMENT=en_US.UTF-8 LC_IDENTIFICATION=C       

attached base packages:
[1] parallel  stats4    stats     graphics  grDevices utils     datasets 
[8] methods   base     

other attached packages:
 [1] gtable_0.3.0                ArchR_0.9.5                
 [3] magrittr_1.5                rhdf5_2.30.1               
 [5] Matrix_1.2-18               data.table_1.13.0          
 [7] SummarizedExperiment_1.16.1 DelayedArray_0.12.3        
 [9] BiocParallel_1.20.1         matrixStats_0.57.0         
[11] Biobase_2.46.0              GenomicRanges_1.38.0       
[13] GenomeInfoDb_1.22.1         IRanges_2.20.2             
[15] S4Vectors_0.24.4            BiocGenerics_0.32.0        
[17] ggplot2_3.3.2               colorout_1.2-2             

loaded via a namespace (and not attached):
 [1] BSgenome.Hsapiens.UCSC.hg38_1.4.1 Rcpp_1.0.5                       
 [3] lattice_0.20-41                   Rsamtools_2.2.3                  
 [5] Biostrings_2.54.0                 gtools_3.8.2                     
 [7] digest_0.6.25                     IRdisplay_0.7.0                  
 [9] R6_2.4.1                          repr_1.1.0                       
[11] evaluate_0.14                     pillar_1.4.6                     
[13] zlibbioc_1.32.0                   rlang_0.4.7                      
[15] uuid_0.1-4                        hexbin_1.28.1                    
[17] labeling_0.3                      stringr_1.4.0                    
[19] pheatmap_1.0.12                   RCurl_1.98-1.2                   
[21] munsell_0.5.0                     compiler_3.6.3                   
[23] rtracklayer_1.46.0                pkgconfig_2.0.3                  
[25] base64enc_0.1-3                   htmltools_0.5.0                  
[27] tidyselect_1.1.0                  tibble_3.0.3                     
[29] GenomeInfoDbData_1.2.2            XML_3.99-0.3                     
[31] crayon_1.3.4                      dplyr_1.0.2                      
[33] withr_2.3.0                       GenomicAlignments_1.22.1         
[35] bitops_1.0-6                      grid_3.6.3                       
[37] jsonlite_1.7.1                    lifecycle_0.2.0                  
[39] scales_1.1.1                      stringi_1.5.3                    
[41] farver_2.0.3                      XVector_0.26.0                   
[43] ellipsis_0.3.1                    generics_0.0.2                   
[45] vctrs_0.3.4                       cowplot_1.1.0                    
[47] IRkernel_1.1.1                    Rhdf5lib_1.8.0                   
[49] RColorBrewer_1.1-2                tools_3.6.3                      
[51] Cairo_1.5-12.2                    BSgenome_1.54.0                  
[53] glue_1.4.2                        purrr_0.3.4                      
[55] colorspace_1.4-1                  pbdZMQ_0.3-3                     


------- Log Info


2020-10-03 10:40:51 : Input-Parameters, Class = list

Input-Parameters$ArchRProj: length = 1
class: ArchRProject 
outputDirectory: /home/bnphan/projects/snATAC_cross_species_caudate/data/raw_data/mm10/BICCN_mouse_caudoputamen/ArchR_BICCN_caudoputamen 
samples(4): CEMBA171214_4D CEMBA171219_4D CEMBA180813_5E CEMBA180820_5E
sampleColData names(1): ArrowFiles
cellColData names(18): Sample TSSEnrichment ... Region Clusters
numberOfCells(1): 1
medianTSS(1): 14.205
medianFrags(1): 42336


Input-Parameters$embedding: length = 1
[1] "UMAP"


Input-Parameters$colorBy: length = 1
[1] "GeneScoreMatrix"


Input-Parameters$name: length = 10
[1] "Des"    "Acta2"  "Tbx18"  "Vcam1"  "Vtn"    "Ifitm1"


Input-Parameters$log2Norm: length = 0
NULL


Input-Parameters$pal: length = 0
NULL


Input-Parameters$size: length = 1
[1] 0.1


Input-Parameters$sampleCells: length = 0
NULL


Input-Parameters$highlightCells: length = 0
NULL


Input-Parameters$rastr: length = 1
[1] TRUE


Input-Parameters$quantCut: length = 2
[1] 0.01 0.99


Input-Parameters$discreteSet: length = 0
NULL


Input-Parameters$continuousSet: length = 0
NULL


Input-Parameters$randomize: length = 1
[1] TRUE


Input-Parameters$keepAxis: length = 1
[1] FALSE


Input-Parameters$baseSize: length = 1
[1] 10


Input-Parameters$plotAs: length = 0
NULL


Input-Parameters$threads: length = 1
[1] 10


Input-Parameters$logFile: length = 1
[1] "ArchRLogs/ArchR-plotEmbedding-3637a66e53ded-Date-2020-10-03_Time-10-40-51.log"



2020-10-03 10:40:51 : 

2020-10-03 10:40:51 : Embedding data.frame, Class = data.frame
Embedding data.frame: nRows = 24241, nCols = 2
                                                Harmony#UMAP_Dimension_1
CEMBA171214_4D#ATTCAGAATCTATCCGTGCCTTACCAGGACGT                 4.125430
CEMBA171214_4D#ATTCAGAACAGAACTGTTACGACCGTACTGAC                -1.437259
CEMBA171214_4D#ATTCAGAATTAGCCTCTAAGATCCGTACTGAC                 4.037976
CEMBA171214_4D#CTGAAGCTGCAACCTAAATGACGTCCTATCCT                 4.512246
CEMBA171214_4D#GAGATTCCATAAGTCGTCCGGTAAGTACTGAC                 3.817382
CEMBA171214_4D#CTGAAGCTCGCTTGATATAGCCTTGTACTGAC                -1.481351
                                                Harmony#UMAP_Dimension_2
CEMBA171214_4D#ATTCAGAATCTATCCGTGCCTTACCAGGACGT                 8.625642
CEMBA171214_4D#ATTCAGAACAGAACTGTTACGACCGTACTGAC                -3.716315
CEMBA171214_4D#ATTCAGAATTAGCCTCTAAGATCCGTACTGAC                 8.550622
CEMBA171214_4D#CTGAAGCTGCAACCTAAATGACGTCCTATCCT                 7.815316
CEMBA171214_4D#GAGATTCCATAAGTCGTCCGGTAAGTACTGAC                 8.465767
CEMBA171214_4D#CTGAAGCTCGCTTGATATAGCCTTGTACTGAC                -4.486120



2020-10-03 10:40:51 : 

2020-10-03 10:40:51 : 

2020-10-03 10:40:51 : FeatureDF, Class = DFrame
DataFrame with 24333 rows and 6 columns
      seqnames     start       end  strand          name     idx
         <Rle>   <array>   <array> <array>       <array> <array>
1         chr1   3671498   3214482       2          Xkr4       1
2         chr1   4409241   4290846       2           Rp1       2
3         chr1   4497354   4490928       2         Sox17       3
4         chr1   4785726   4773198       2        Mrpl15       4
5         chr1   4807893   4846735       1        Lypla1       5
...        ...       ...       ...     ...           ...     ...
24329     chrX 169320372 169251538       2          Hccs    1039
24330     chrX 169320422 169368178       1       Gm15246    1040
24331     chrX 169685199 169990798       1          Mid1    1041
24332     chrX 169779635 169776378       2 4933400A11Rik    1042
24333     chrX 170672644 170678054       1          Asmt    1043


2020-10-03 10:40:51 : idx, Class = integer

idx: length = 10
[1]   447 10963 22846 14179  3454 20652



2020-10-03 10:40:51 : FeatureDF-Subset, Class = DFrame
DataFrame with 10 rows and 6 columns
   seqnames     start       end  strand    name     idx
      <Rle>   <array>   <array> <array> <array> <array>
1      chr1  75360292  75368579       1     Des     447
2     chr19  34255373  34240336       2   Acta2     507
3      chr9  87731260  87702800       2   Tbx18     908
4      chr3 116129688 116110020       2   Vcam1     881
5     chr11  78499120  78502325       1     Vtn     949
6      chr7 140967429 140969827       1  Ifitm1    2056
7      chr7  79848194  79821803       2   Anpep    1160
8     chr13  49608071  49624500       1     Ogn     410
9     chr10  97565501  97572703       1     Lum     812
10    chr10  97479500  97518163       1     Dcn     811


2020-10-03 10:40:56 : Feature-Matrix, Class = dgCMatrix
Feature-Matrix: nRows = 10, nCols = 24241
Feature-Matrix: NonZeroEntries = 20038, EntryRange = [ 0.059 , 39.346 ]
5 x 5 sparse Matrix of class "dgCMatrix"
     CEMBA171214_4D#ATTCAGAATCTATCCGTGCCTTACCAGGACGT
[1,]                                           .    
[2,]                                           .    
[3,]                                           0.362
[4,]                                           1.284
[5,]                                           .    
     CEMBA171214_4D#ATTCAGAACAGAACTGTTACGACCGTACTGAC
[1,]                                           0.390
[2,]                                           .    
[3,]                                           .    
[4,]                                           0.775
[5,]                                           0.536
     CEMBA171214_4D#ATTCAGAATTAGCCTCTAAGATCCGTACTGAC
[1,]                                           .    
[2,]                                           0.314
[3,]                                           0.496
[4,]                                           .    
[5,]                                           0.541
     CEMBA171214_4D#CTGAAGCTGCAACCTAAATGACGTCCTATCCT
[1,]                                           .    
[2,]                                           0.226
[3,]                                           0.854
[4,]                                           0.174
[5,]                                           .    
     CEMBA171214_4D#GAGATTCCATAAGTCGTCCGGTAAGTACTGAC
[1,]                                           0.119
[2,]                                           0.319
[3,]                                           .    
[4,]                                           0.235
[5,]                                           .    



2020-10-03 10:40:56 : colorMat-Before-Impute, Class = matrix
      CEMBA171214_4D#ATTCAGAATCTATCCGTGCCTTACCAGGACGT
Des                                             0.000
Acta2                                           0.000
Tbx18                                           0.362
Vcam1                                           1.284
Vtn                                             0.000
      CEMBA171214_4D#ATTCAGAACAGAACTGTTACGACCGTACTGAC
Des                                             0.390
Acta2                                           0.000
Tbx18                                           0.000
Vcam1                                           0.775
Vtn                                             0.536
      CEMBA171214_4D#ATTCAGAATTAGCCTCTAAGATCCGTACTGAC
Des                                             0.000
Acta2                                           0.314
Tbx18                                           0.496
Vcam1                                           0.000
Vtn                                             0.541
      CEMBA171214_4D#CTGAAGCTGCAACCTAAATGACGTCCTATCCT
Des                                             0.000
Acta2                                           0.226
Tbx18                                           0.854
Vcam1                                           0.174
Vtn                                             0.000
      CEMBA171214_4D#GAGATTCCATAAGTCGTCCGGTAAGTACTGAC
Des                                             0.119
Acta2                                           0.319
Tbx18                                           0.000
Vcam1                                           0.235
Vtn                                             0.000

colorMat-Before-Impute: nRows = 10, nCols = 24241


2020-10-03 10:40:56 : imputeMatrix Input-Parameters, Class = list

imputeMatrix Input-Parameters$mat: nRows = 10, nCols = 24241
      CEMBA171214_4D#ATTCAGAATCTATCCGTGCCTTACCAGGACGT
Des                                             0.000
Acta2                                           0.000
Tbx18                                           0.362
Vcam1                                           1.284
Vtn                                             0.000
      CEMBA171214_4D#ATTCAGAACAGAACTGTTACGACCGTACTGAC
Des                                             0.390
Acta2                                           0.000
Tbx18                                           0.000
Vcam1                                           0.775
Vtn                                             0.536
      CEMBA171214_4D#ATTCAGAATTAGCCTCTAAGATCCGTACTGAC
Des                                             0.000
Acta2                                           0.314
Tbx18                                           0.496
Vcam1                                           0.000
Vtn                                             0.541
      CEMBA171214_4D#CTGAAGCTGCAACCTAAATGACGTCCTATCCT
Des                                             0.000
Acta2                                           0.226
Tbx18                                           0.854
Vcam1                                           0.174
Vtn                                             0.000
      CEMBA171214_4D#GAGATTCCATAAGTCGTCCGGTAAGTACTGAC
Des                                             0.119
Acta2                                           0.319
Tbx18                                           0.000
Vcam1                                           0.235
Vtn                                             0.000


imputeMatrix Input-Parameters$threads: length = 1
[1] 10


imputeMatrix Input-Parameters$verbose: length = 1
[1] FALSE


imputeMatrix Input-Parameters$logFile: length = 1
[1] "ArchRLogs/ArchR-plotEmbedding-3637a66e53ded-Date-2020-10-03_Time-10-40-51.log"



2020-10-03 10:40:56 : mat, Class = matrix
      CEMBA171214_4D#ATTCAGAATCTATCCGTGCCTTACCAGGACGT
Des                                             0.000
Acta2                                           0.000
Tbx18                                           0.362
Vcam1                                           1.284
Vtn                                             0.000
      CEMBA171214_4D#ATTCAGAACAGAACTGTTACGACCGTACTGAC
Des                                             0.390
Acta2                                           0.000
Tbx18                                           0.000
Vcam1                                           0.775
Vtn                                             0.536
      CEMBA171214_4D#ATTCAGAATTAGCCTCTAAGATCCGTACTGAC
Des                                             0.000
Acta2                                           0.314
Tbx18                                           0.496
Vcam1                                           0.000
Vtn                                             0.541
      CEMBA171214_4D#CTGAAGCTGCAACCTAAATGACGTCCTATCCT
Des                                             0.000
Acta2                                           0.226
Tbx18                                           0.854
Vcam1                                           0.174
Vtn                                             0.000
      CEMBA171214_4D#GAGATTCCATAAGTCGTCCGGTAAGTACTGAC
Des                                             0.119
Acta2                                           0.319
Tbx18                                           0.000
Vcam1                                           0.235
Vtn                                             0.000

mat: nRows = 10, nCols = 24241


2020-10-03 10:40:56 : weightList, Class = SimpleList

weightList$w1: length = 1
[1] "/home/bnphan/projects/snATAC_cross_species_caudate/data/raw_data/mm10/BICCN_mouse_caudoputamen/ArchR_BICCN_caudoputamen/ImputeWeights/Impute-Weights-Rep-1"


weightList$w2: length = 1
[1] "/home/bnphan/projects/snATAC_cross_species_caudate/data/raw_data/mm10/BICCN_mouse_caudoputamen/ArchR_BICCN_caudoputamen/ImputeWeights/Impute-Weights-Rep-2"


2020-10-03 10:40:56 : Imputing Matrix (1 of 2), 0 mins elapsed.

2020-10-03 10:40:56 : 

2020-10-03 10:40:56 : 

2020-10-03 10:40:56 : 

2020-10-03 10:40:56 : 

2020-10-03 10:40:56 : 

2020-10-03 10:40:56 : 
2020-10-03 10:41:03 : Imputing Matrix (2 of 2), 0.114 mins elapsed.

2020-10-03 10:41:03 : 

2020-10-03 10:41:03 : 

2020-10-03 10:41:03 : 

2020-10-03 10:41:03 : 

2020-10-03 10:41:03 : 

2020-10-03 10:41:03 : 
2020-10-03 10:41:10 : Finished Imputing Matrix, 0.231 mins elapsed.

2020-10-03 10:41:10 : colorMat-After-Impute, Class = matrix
      CEMBA171214_4D#ATTCAGAATCTATCCGTGCCTTACCAGGACGT
Des                                         0.2518873
Acta2                                       0.1265971
Tbx18                                       0.2057768
Vcam1                                       0.5381315
Vtn                                         0.4781699
      CEMBA171214_4D#ATTCAGAACAGAACTGTTACGACCGTACTGAC
Des                                        0.33202973
Acta2                                      0.06569458
Tbx18                                      0.25306560
Vcam1                                      0.75254716
Vtn                                        0.37426997
      CEMBA171214_4D#ATTCAGAATTAGCCTCTAAGATCCGTACTGAC
Des                                         0.2949272
Acta2                                       0.1209948
Tbx18                                       0.2020915
Vcam1                                       0.5300734
Vtn                                         0.4769846
      CEMBA171214_4D#CTGAAGCTGCAACCTAAATGACGTCCTATCCT
Des                                        0.26222045
Acta2                                      0.07007681
Tbx18                                      0.24667019
Vcam1                                      0.59972018
Vtn                                        0.40621060
      CEMBA171214_4D#GAGATTCCATAAGTCGTCCGGTAAGTACTGAC
Des                                        0.39586219
Acta2                                      0.05564528
Tbx18                                      0.23141407
Vcam1                                      0.70358542
Vtn                                        0.44161889

colorMat-After-Impute: nRows = 10, nCols = 24241


2020-10-03 10:41:10 : ColorParams 1, Class = list

ColorParams 1$color: length = 24241
CEMBA171214_4D#ATTCAGAATCTATCCGTGCCTTACCAGGACGT 
                                      0.2518873 
CEMBA171214_4D#ATTCAGAACAGAACTGTTACGACCGTACTGAC 
                                      0.3320297 
CEMBA171214_4D#ATTCAGAATTAGCCTCTAAGATCCGTACTGAC 
                                      0.2949272 
CEMBA171214_4D#CTGAAGCTGCAACCTAAATGACGTCCTATCCT 
                                      0.2622205 
CEMBA171214_4D#GAGATTCCATAAGTCGTCCGGTAAGTACTGAC 
                                      0.3958622 
CEMBA171214_4D#CTGAAGCTCGCTTGATATAGCCTTGTACTGAC 
                                      0.3059267 


ColorParams 1$discrete: length = 1
[1] FALSE


ColorParams 1$title: length = 1
[1] "UMAP of Harmony colored by\nGeneScoreMatrix : Des"


ColorParams 1$continuousSet: length = 1
[1] "horizonExtra"



2020-10-03 10:41:10 : PlotParams-1, Class = list

PlotParams-1$color: length = 24241
CEMBA171214_4D#ATTCAGAATCTATCCGTGCCTTACCAGGACGT 
                                      0.3241047 
CEMBA171214_4D#ATTCAGAACAGAACTGTTACGACCGTACTGAC 
                                      0.4136263 
CEMBA171214_4D#ATTCAGAATTAGCCTCTAAGATCCGTACTGAC 
                                      0.3728710 
CEMBA171214_4D#CTGAAGCTGCAACCTAAATGACGTCCTATCCT 
                                      0.3359639 
CEMBA171214_4D#GAGATTCCATAAGTCGTCCGGTAAGTACTGAC 
                                      0.4811565 
CEMBA171214_4D#CTGAAGCTCGCTTGATATAGCCTTGTACTGAC 
                                      0.3850740 


PlotParams-1$title: length = 1
[1] "UMAP of Harmony colored by\nGeneScoreMatrix : Des"


PlotParams-1$x: length = 24241
[1]  4.125430 -1.437259  4.037976  4.512246  3.817382 -1.481351


PlotParams-1$y: length = 24241
[1]  8.625642 -3.716315  8.550622  7.815316  8.465767 -4.486120


PlotParams-1$baseSize: length = 1
[1] 10


PlotParams-1$xlabel: length = 1
[1] "UMAP Dimension 1"


PlotParams-1$ylabel: length = 1
[1] "UMAP Dimension 2"


PlotParams-1$pal: length = 256
[1] "#000436" "#000439" "#00053D" "#000640" "#000744" "#000848"


PlotParams-1$colorTitle: length = 1
[1] "Log2(NormCounts + 1)"



2020-10-03 10:41:10 : PlotParams-2, Class = list

PlotParams-2$color: length = 24241
CEMBA171214_4D#ATTCAGAATCTATCCGTGCCTTACCAGGACGT 
                                     0.17197163 
CEMBA171214_4D#ATTCAGAACAGAACTGTTACGACCGTACTGAC 
                                     0.09179403 
CEMBA171214_4D#ATTCAGAATTAGCCTCTAAGATCCGTACTGAC 
                                     0.16477960 
CEMBA171214_4D#CTGAAGCTGCAACCTAAATGACGTCCTATCCT 
                                     0.09771435 
CEMBA171214_4D#GAGATTCCATAAGTCGTCCGGTAAGTACTGAC 
                                     0.07812513 
CEMBA171214_4D#CTGAAGCTCGCTTGATATAGCCTTGTACTGAC 
                                     0.08698525 


PlotParams-2$title: length = 1
[1] "UMAP of Harmony colored by\nGeneScoreMatrix : Acta2"


PlotParams-2$x: length = 24241
[1]  4.125430 -1.437259  4.037976  4.512246  3.817382 -1.481351


PlotParams-2$y: length = 24241
[1]  8.625642 -3.716315  8.550622  7.815316  8.465767 -4.486120


PlotParams-2$baseSize: length = 1
[1] 10


PlotParams-2$xlabel: length = 1
[1] "UMAP Dimension 1"


PlotParams-2$ylabel: length = 1
[1] "UMAP Dimension 2"


PlotParams-2$pal: length = 256
[1] "#000436" "#000439" "#00053D" "#000640" "#000744" "#000848"


PlotParams-2$colorTitle: length = 1
[1] "Log2(NormCounts + 1)"



2020-10-03 10:41:11 : PlotParams-3, Class = list

PlotParams-3$color: length = 24241
CEMBA171214_4D#ATTCAGAATCTATCCGTGCCTTACCAGGACGT 
                                      0.2699629 
CEMBA171214_4D#ATTCAGAACAGAACTGTTACGACCGTACTGAC 
                                      0.3254619 
CEMBA171214_4D#ATTCAGAATTAGCCTCTAAGATCCGTACTGAC 
                                      0.2655467 
CEMBA171214_4D#CTGAAGCTGCAACCTAAATGACGTCCTATCCT 
                                      0.3180798 
CEMBA171214_4D#GAGATTCCATAAGTCGTCCGGTAAGTACTGAC 
                                      0.3003160 
CEMBA171214_4D#CTGAAGCTCGCTTGATATAGCCTTGTACTGAC 
                                      0.3231098 


PlotParams-3$title: length = 1
[1] "UMAP of Harmony colored by\nGeneScoreMatrix : Tbx18"


PlotParams-3$x: length = 24241
[1]  4.125430 -1.437259  4.037976  4.512246  3.817382 -1.481351


PlotParams-3$y: length = 24241
[1]  8.625642 -3.716315  8.550622  7.815316  8.465767 -4.486120


PlotParams-3$baseSize: length = 1
[1] 10


PlotParams-3$xlabel: length = 1
[1] "UMAP Dimension 1"


PlotParams-3$ylabel: length = 1
[1] "UMAP Dimension 2"


PlotParams-3$pal: length = 256
[1] "#000436" "#000439" "#00053D" "#000640" "#000744" "#000848"


PlotParams-3$colorTitle: length = 1
[1] "Log2(NormCounts + 1)"



2020-10-03 10:41:11 : PlotParams-4, Class = list

PlotParams-4$color: length = 24241
CEMBA171214_4D#ATTCAGAATCTATCCGTGCCTTACCAGGACGT 
                                      0.6211788 
CEMBA171214_4D#ATTCAGAACAGAACTGTTACGACCGTACTGAC 
                                      0.8094533 
CEMBA171214_4D#ATTCAGAATTAGCCTCTAAGATCCGTACTGAC 
                                      0.6136009 
CEMBA171214_4D#CTGAAGCTGCAACCTAAATGACGTCCTATCCT 
                                      0.6778196 
CEMBA171214_4D#GAGATTCCATAAGTCGTCCGGTAAGTACTGAC 
                                      0.7685743 
CEMBA171214_4D#CTGAAGCTCGCTTGATATAGCCTTGTACTGAC 
                                      0.8766911 


PlotParams-4$title: length = 1
[1] "UMAP of Harmony colored by\nGeneScoreMatrix : Vcam1"


PlotParams-4$x: length = 24241
[1]  4.125430 -1.437259  4.037976  4.512246  3.817382 -1.481351


PlotParams-4$y: length = 24241
[1]  8.625642 -3.716315  8.550622  7.815316  8.465767 -4.486120


PlotParams-4$baseSize: length = 1
[1] 10


PlotParams-4$xlabel: length = 1
[1] "UMAP Dimension 1"


PlotParams-4$ylabel: length = 1
[1] "UMAP Dimension 2"


PlotParams-4$pal: length = 256
[1] "#000436" "#000439" "#00053D" "#000640" "#000744" "#000848"


PlotParams-4$colorTitle: length = 1
[1] "Log2(NormCounts + 1)"



2020-10-03 10:41:11 : PlotParams-5, Class = list

PlotParams-5$color: length = 24241
CEMBA171214_4D#ATTCAGAATCTATCCGTGCCTTACCAGGACGT 
                                      0.5638121 
CEMBA171214_4D#ATTCAGAACAGAACTGTTACGACCGTACTGAC 
                                      0.4586654 
CEMBA171214_4D#ATTCAGAATTAGCCTCTAAGATCCGTACTGAC 
                                      0.5626548 
CEMBA171214_4D#CTGAAGCTGCAACCTAAATGACGTCCTATCCT 
                                      0.4918127 
CEMBA171214_4D#GAGATTCCATAAGTCGTCCGGTAAGTACTGAC 
                                      0.5276898 
CEMBA171214_4D#CTGAAGCTCGCTTGATATAGCCTTGTACTGAC 
                                      0.4580450 


PlotParams-5$title: length = 1
[1] "UMAP of Harmony colored by\nGeneScoreMatrix : Vtn"


PlotParams-5$x: length = 24241
[1]  4.125430 -1.437259  4.037976  4.512246  3.817382 -1.481351


PlotParams-5$y: length = 24241
[1]  8.625642 -3.716315  8.550622  7.815316  8.465767 -4.486120


PlotParams-5$baseSize: length = 1
[1] 10


PlotParams-5$xlabel: length = 1
[1] "UMAP Dimension 1"


PlotParams-5$ylabel: length = 1
[1] "UMAP Dimension 2"


PlotParams-5$pal: length = 256
[1] "#000436" "#000439" "#00053D" "#000640" "#000744" "#000848"


PlotParams-5$colorTitle: length = 1
[1] "Log2(NormCounts + 1)"



2020-10-03 10:41:11 : PlotParams-6, Class = list

PlotParams-6$color: length = 24241
CEMBA171214_4D#ATTCAGAATCTATCCGTGCCTTACCAGGACGT 
                                     0.04756154 
CEMBA171214_4D#ATTCAGAACAGAACTGTTACGACCGTACTGAC 
                                     0.06800312 
CEMBA171214_4D#ATTCAGAATTAGCCTCTAAGATCCGTACTGAC 
                                     0.05863313 
CEMBA171214_4D#CTGAAGCTGCAACCTAAATGACGTCCTATCCT 
                                     0.06039641 
CEMBA171214_4D#GAGATTCCATAAGTCGTCCGGTAAGTACTGAC 
                                     0.05769099 
CEMBA171214_4D#CTGAAGCTCGCTTGATATAGCCTTGTACTGAC 
                                     0.05811442 


PlotParams-6$title: length = 1
[1] "UMAP of Harmony colored by\nGeneScoreMatrix : Ifitm1"


PlotParams-6$x: length = 24241
[1]  4.125430 -1.437259  4.037976  4.512246  3.817382 -1.481351


PlotParams-6$y: length = 24241
[1]  8.625642 -3.716315  8.550622  7.815316  8.465767 -4.486120


PlotParams-6$baseSize: length = 1
[1] 10


PlotParams-6$xlabel: length = 1
[1] "UMAP Dimension 1"


PlotParams-6$ylabel: length = 1
[1] "UMAP Dimension 2"


PlotParams-6$pal: length = 256
[1] "#000436" "#000439" "#00053D" "#000640" "#000744" "#000848"


PlotParams-6$colorTitle: length = 1
[1] "Log2(NormCounts + 1)"



2020-10-03 10:41:12 : PlotParams-7, Class = list

PlotParams-7$color: length = 24241
CEMBA171214_4D#ATTCAGAATCTATCCGTGCCTTACCAGGACGT 
                                     0.04250805 
CEMBA171214_4D#ATTCAGAACAGAACTGTTACGACCGTACTGAC 
                                     0.03721867 
CEMBA171214_4D#ATTCAGAATTAGCCTCTAAGATCCGTACTGAC 
                                     0.05879669 
CEMBA171214_4D#CTGAAGCTGCAACCTAAATGACGTCCTATCCT 
                                     0.02599395 
CEMBA171214_4D#GAGATTCCATAAGTCGTCCGGTAAGTACTGAC 
                                     0.04034372 
CEMBA171214_4D#CTGAAGCTCGCTTGATATAGCCTTGTACTGAC 
                                     0.03349617 


PlotParams-7$title: length = 1
[1] "UMAP of Harmony colored by\nGeneScoreMatrix : Anpep"


PlotParams-7$x: length = 24241
[1]  4.125430 -1.437259  4.037976  4.512246  3.817382 -1.481351


PlotParams-7$y: length = 24241
[1]  8.625642 -3.716315  8.550622  7.815316  8.465767 -4.486120


PlotParams-7$baseSize: length = 1
[1] 10


PlotParams-7$xlabel: length = 1
[1] "UMAP Dimension 1"


PlotParams-7$ylabel: length = 1
[1] "UMAP Dimension 2"


PlotParams-7$pal: length = 256
[1] "#000436" "#000439" "#00053D" "#000640" "#000744" "#000848"


PlotParams-7$colorTitle: length = 1
[1] "Log2(NormCounts + 1)"



2020-10-03 10:41:12 : PlotParams-8, Class = list

PlotParams-8$color: length = 24241
CEMBA171214_4D#ATTCAGAATCTATCCGTGCCTTACCAGGACGT 
                                     0.06731736 
CEMBA171214_4D#ATTCAGAACAGAACTGTTACGACCGTACTGAC 
                                     0.04982450 
CEMBA171214_4D#ATTCAGAATTAGCCTCTAAGATCCGTACTGAC 
                                     0.06821540 
CEMBA171214_4D#CTGAAGCTGCAACCTAAATGACGTCCTATCCT 
                                     0.06816586 
CEMBA171214_4D#GAGATTCCATAAGTCGTCCGGTAAGTACTGAC 
                                     0.05678302 
CEMBA171214_4D#CTGAAGCTCGCTTGATATAGCCTTGTACTGAC 
                                     0.05345781 


PlotParams-8$title: length = 1
[1] "UMAP of Harmony colored by\nGeneScoreMatrix : Ogn"


PlotParams-8$x: length = 24241
[1]  4.125430 -1.437259  4.037976  4.512246  3.817382 -1.481351


PlotParams-8$y: length = 24241
[1]  8.625642 -3.716315  8.550622  7.815316  8.465767 -4.486120


PlotParams-8$baseSize: length = 1
[1] 10


PlotParams-8$xlabel: length = 1
[1] "UMAP Dimension 1"


PlotParams-8$ylabel: length = 1
[1] "UMAP Dimension 2"


PlotParams-8$pal: length = 256
[1] "#000436" "#000439" "#00053D" "#000640" "#000744" "#000848"


PlotParams-8$colorTitle: length = 1
[1] "Log2(NormCounts + 1)"



2020-10-03 10:41:12 : PlotParams-9, Class = list

PlotParams-9$color: length = 24241
CEMBA171214_4D#ATTCAGAATCTATCCGTGCCTTACCAGGACGT 
                                     0.08447219 
CEMBA171214_4D#ATTCAGAACAGAACTGTTACGACCGTACTGAC 
                                     0.07358075 
CEMBA171214_4D#ATTCAGAATTAGCCTCTAAGATCCGTACTGAC 
                                     0.08367248 
CEMBA171214_4D#CTGAAGCTGCAACCTAAATGACGTCCTATCCT 
                                     0.13734490 
CEMBA171214_4D#GAGATTCCATAAGTCGTCCGGTAAGTACTGAC 
                                     0.16349325 
CEMBA171214_4D#CTGAAGCTCGCTTGATATAGCCTTGTACTGAC 
                                     0.09359985 


PlotParams-9$title: length = 1
[1] "UMAP of Harmony colored by\nGeneScoreMatrix : Lum"


PlotParams-9$x: length = 24241
[1]  4.125430 -1.437259  4.037976  4.512246  3.817382 -1.481351


PlotParams-9$y: length = 24241
[1]  8.625642 -3.716315  8.550622  7.815316  8.465767 -4.486120


PlotParams-9$baseSize: length = 1
[1] 10


PlotParams-9$xlabel: length = 1
[1] "UMAP Dimension 1"


PlotParams-9$ylabel: length = 1
[1] "UMAP Dimension 2"


PlotParams-9$pal: length = 256
[1] "#000436" "#000439" "#00053D" "#000640" "#000744" "#000848"


PlotParams-9$colorTitle: length = 1
[1] "Log2(NormCounts + 1)"



2020-10-03 10:41:12 : PlotParams-10, Class = list

PlotParams-10$color: length = 24241
CEMBA171214_4D#ATTCAGAATCTATCCGTGCCTTACCAGGACGT 
                                      0.1040298 
CEMBA171214_4D#ATTCAGAACAGAACTGTTACGACCGTACTGAC 
                                      0.1490590 
CEMBA171214_4D#ATTCAGAATTAGCCTCTAAGATCCGTACTGAC 
                                      0.1028157 
CEMBA171214_4D#CTGAAGCTGCAACCTAAATGACGTCCTATCCT 
                                      0.1618375 
CEMBA171214_4D#GAGATTCCATAAGTCGTCCGGTAAGTACTGAC 
                                      0.1791419 
CEMBA171214_4D#CTGAAGCTCGCTTGATATAGCCTTGTACTGAC 
                                      0.1791699 


PlotParams-10$title: length = 1
[1] "UMAP of Harmony colored by\nGeneScoreMatrix : Dcn"


PlotParams-10$x: length = 24241
[1]  4.125430 -1.437259  4.037976  4.512246  3.817382 -1.481351


PlotParams-10$y: length = 24241
[1]  8.625642 -3.716315  8.550622  7.815316  8.465767 -4.486120


PlotParams-10$baseSize: length = 1
[1] 10


PlotParams-10$xlabel: length = 1
[1] "UMAP Dimension 1"


PlotParams-10$ylabel: length = 1
[1] "UMAP Dimension 2"


PlotParams-10$pal: length = 256
[1] "#000436" "#000439" "#00053D" "#000640" "#000744" "#000848"


PlotParams-10$colorTitle: length = 1
[1] "Log2(NormCounts + 1)"



------- Completed

End Time : 2020-10-03 10:41:13
Elapsed Time Minutes = 0.370709764957428
Elapsed Time Hours = 0.00617854740884569

-------



