
           ___      .______        ______  __    __  .______      
          /   \     |   _  \      /      ||  |  |  | |   _  \     
         /  ^  \    |  |_)  |    |  ,----'|  |__|  | |  |_)  |    
        /  /_\  \   |      /     |  |     |   __   | |      /     
       /  _____  \  |  |\  \\___ |  `----.|  |  |  | |  |\  \\___.
      /__/     \__\ | _| `._____| \______||__|  |__| | _| `._____|
    
Logging With ArchR!

Start Time : 2020-10-03 17:24:39

------- ArchR Info

ArchRThreads = 10
ArchRGenome = Hg38

------- System Info

Computer OS = unix
Total Cores = 64

------- Session Info

R version 3.6.3 (2020-02-29)
Platform: x86_64-conda_cos6-linux-gnu (64-bit)
Running under: CentOS Linux 7 (Core)

Matrix products: default
BLAS/LAPACK: /home/bnphan/miniconda3/lib/libmkl_rt.so

locale:
 [1] LC_CTYPE=en_US.UTF-8       LC_NUMERIC=C              
 [3] LC_TIME=en_US.UTF-8        LC_COLLATE=en_US.UTF-8    
 [5] LC_MONETARY=en_US.UTF-8    LC_MESSAGES=en_US.UTF-8   
 [7] LC_PAPER=en_US.UTF-8       LC_NAME=C                 
 [9] LC_ADDRESS=C               LC_TELEPHONE=C            
[11] LC_MEASUREMENT=en_US.UTF-8 LC_IDENTIFICATION=C       

attached base packages:
[1] parallel  stats4    stats     graphics  grDevices utils     datasets 
[8] methods   base     

other attached packages:
 [1] gtable_0.3.0                ArchR_0.9.5                
 [3] magrittr_1.5                rhdf5_2.30.1               
 [5] Matrix_1.2-18               data.table_1.13.0          
 [7] SummarizedExperiment_1.16.1 DelayedArray_0.12.3        
 [9] BiocParallel_1.20.1         matrixStats_0.57.0         
[11] Biobase_2.46.0              GenomicRanges_1.38.0       
[13] GenomeInfoDb_1.22.1         IRanges_2.20.2             
[15] S4Vectors_0.24.4            BiocGenerics_0.32.0        
[17] ggplot2_3.3.2               colorout_1.2-2             

loaded via a namespace (and not attached):
 [1] BSgenome.Hsapiens.UCSC.hg38_1.4.1 Rcpp_1.0.5                       
 [3] lattice_0.20-41                   Rsamtools_2.2.3                  
 [5] Biostrings_2.54.0                 gtools_3.8.2                     
 [7] digest_0.6.25                     IRdisplay_0.7.0                  
 [9] R6_2.4.1                          repr_1.1.0                       
[11] evaluate_0.14                     pillar_1.4.6                     
[13] zlibbioc_1.32.0                   rlang_0.4.7                      
[15] uuid_0.1-4                        hexbin_1.28.1                    
[17] labeling_0.3                      stringr_1.4.0                    
[19] pheatmap_1.0.12                   RCurl_1.98-1.2                   
[21] munsell_0.5.0                     compiler_3.6.3                   
[23] rtracklayer_1.46.0                pkgconfig_2.0.3                  
[25] base64enc_0.1-3                   htmltools_0.5.0                  
[27] tidyselect_1.1.0                  tibble_3.0.3                     
[29] GenomeInfoDbData_1.2.2            XML_3.99-0.3                     
[31] crayon_1.3.4                      dplyr_1.0.2                      
[33] withr_2.3.0                       GenomicAlignments_1.22.1         
[35] bitops_1.0-6                      grid_3.6.3                       
[37] jsonlite_1.7.1                    lifecycle_0.2.0                  
[39] scales_1.1.1                      stringi_1.5.3                    
[41] farver_2.0.3                      XVector_0.26.0                   
[43] ellipsis_0.3.1                    generics_0.0.2                   
[45] vctrs_0.3.4                       cowplot_1.1.0                    
[47] IRkernel_1.1.1                    Rhdf5lib_1.8.0                   
[49] RColorBrewer_1.1-2                tools_3.6.3                      
[51] Cairo_1.5-12.2                    BSgenome_1.54.0                  
[53] glue_1.4.2                        purrr_0.3.4                      
[55] colorspace_1.4-1                  pbdZMQ_0.3-3                     


------- Log Info


2020-10-03 17:24:39 : Input-Parameters, Class = list

Input-Parameters$ArchRProj: length = 1
class: ArchRProject 
outputDirectory: /home/bnphan/projects/snATAC_cross_species_caudate/data/raw_data/mm10/BICCN_mouse_caudoputamen/ArchR_BICCN_caudoputamen 
samples(4): CEMBA171214_4D CEMBA171219_4D CEMBA180813_5E CEMBA180820_5E
sampleColData names(1): ArrowFiles
cellColData names(18): Sample TSSEnrichment ... Region Clusters
numberOfCells(1): 1
medianTSS(1): 14.205
medianFrags(1): 42336


Input-Parameters$embedding: length = 1
[1] "UMAP"


Input-Parameters$colorBy: length = 1
[1] "GeneScoreMatrix"


Input-Parameters$name: length = 10
[1] "Des"    "Acta2"  "Tbx18"  "Vcam1"  "Vtn"    "Ifitm1"


Input-Parameters$log2Norm: length = 0
NULL


Input-Parameters$pal: length = 0
NULL


Input-Parameters$size: length = 1
[1] 0.1


Input-Parameters$sampleCells: length = 0
NULL


Input-Parameters$highlightCells: length = 0
NULL


Input-Parameters$rastr: length = 1
[1] TRUE


Input-Parameters$quantCut: length = 2
[1] 0.01 0.99


Input-Parameters$discreteSet: length = 0
NULL


Input-Parameters$continuousSet: length = 0
NULL


Input-Parameters$randomize: length = 1
[1] TRUE


Input-Parameters$keepAxis: length = 1
[1] FALSE


Input-Parameters$baseSize: length = 1
[1] 10


Input-Parameters$plotAs: length = 0
NULL


Input-Parameters$threads: length = 1
[1] 10


Input-Parameters$logFile: length = 1
[1] "ArchRLogs/ArchR-plotEmbedding-36b434b5c6307-Date-2020-10-03_Time-17-24-39.log"



2020-10-03 17:24:39 : 

2020-10-03 17:24:39 : Embedding data.frame, Class = data.frame
Embedding data.frame: nRows = 24241, nCols = 2
                                                IterativeLSI#UMAP_Dimension_1
CEMBA171214_4D#ATTCAGAATCTATCCGTGCCTTACCAGGACGT                    -0.2423347
CEMBA171214_4D#ATTCAGAACAGAACTGTTACGACCGTACTGAC                    -4.4092293
CEMBA171214_4D#ATTCAGAATTAGCCTCTAAGATCCGTACTGAC                    -0.3027112
CEMBA171214_4D#CTGAAGCTGCAACCTAAATGACGTCCTATCCT                    -0.8316160
CEMBA171214_4D#GAGATTCCATAAGTCGTCCGGTAAGTACTGAC                    -0.9990590
CEMBA171214_4D#CTGAAGCTCGCTTGATATAGCCTTGTACTGAC                    -3.3533793
                                                IterativeLSI#UMAP_Dimension_2
CEMBA171214_4D#ATTCAGAATCTATCCGTGCCTTACCAGGACGT                     6.1311906
CEMBA171214_4D#ATTCAGAACAGAACTGTTACGACCGTACTGAC                     0.8105145
CEMBA171214_4D#ATTCAGAATTAGCCTCTAAGATCCGTACTGAC                     6.2258480
CEMBA171214_4D#CTGAAGCTGCAACCTAAATGACGTCCTATCCT                     5.6119831
CEMBA171214_4D#GAGATTCCATAAGTCGTCCGGTAAGTACTGAC                     5.5936635
CEMBA171214_4D#CTGAAGCTCGCTTGATATAGCCTTGTACTGAC                    -0.5215693



2020-10-03 17:24:40 : 

2020-10-03 17:24:40 : 

2020-10-03 17:24:40 : FeatureDF, Class = DFrame
DataFrame with 24333 rows and 6 columns
      seqnames     start       end  strand          name     idx
         <Rle>   <array>   <array> <array>       <array> <array>
1         chr1   3671498   3214482       2          Xkr4       1
2         chr1   4409241   4290846       2           Rp1       2
3         chr1   4497354   4490928       2         Sox17       3
4         chr1   4785726   4773198       2        Mrpl15       4
5         chr1   4807893   4846735       1        Lypla1       5
...        ...       ...       ...     ...           ...     ...
24329     chrX 169320372 169251538       2          Hccs    1039
24330     chrX 169320422 169368178       1       Gm15246    1040
24331     chrX 169685199 169990798       1          Mid1    1041
24332     chrX 169779635 169776378       2 4933400A11Rik    1042
24333     chrX 170672644 170678054       1          Asmt    1043


2020-10-03 17:24:40 : idx, Class = integer

idx: length = 10
[1]   447 10963 22846 14179  3454 20652



2020-10-03 17:24:40 : FeatureDF-Subset, Class = DFrame
DataFrame with 10 rows and 6 columns
   seqnames     start       end  strand    name     idx
      <Rle>   <array>   <array> <array> <array> <array>
1      chr1  75360292  75368579       1     Des     447
2     chr19  34255373  34240336       2   Acta2     507
3      chr9  87731260  87702800       2   Tbx18     908
4      chr3 116129688 116110020       2   Vcam1     881
5     chr11  78499120  78502325       1     Vtn     949
6      chr7 140967429 140969827       1  Ifitm1    2056
7      chr7  79848194  79821803       2   Anpep    1160
8     chr13  49608071  49624500       1     Ogn     410
9     chr10  97565501  97572703       1     Lum     812
10    chr10  97479500  97518163       1     Dcn     811


2020-10-03 17:24:44 : Feature-Matrix, Class = dgCMatrix
Feature-Matrix: nRows = 10, nCols = 24241
Feature-Matrix: NonZeroEntries = 20038, EntryRange = [ 0.059 , 39.346 ]
5 x 5 sparse Matrix of class "dgCMatrix"
     CEMBA171214_4D#ATTCAGAATCTATCCGTGCCTTACCAGGACGT
[1,]                                           .    
[2,]                                           .    
[3,]                                           0.362
[4,]                                           1.284
[5,]                                           .    
     CEMBA171214_4D#ATTCAGAACAGAACTGTTACGACCGTACTGAC
[1,]                                           0.390
[2,]                                           .    
[3,]                                           .    
[4,]                                           0.775
[5,]                                           0.536
     CEMBA171214_4D#ATTCAGAATTAGCCTCTAAGATCCGTACTGAC
[1,]                                           .    
[2,]                                           0.314
[3,]                                           0.496
[4,]                                           .    
[5,]                                           0.541
     CEMBA171214_4D#CTGAAGCTGCAACCTAAATGACGTCCTATCCT
[1,]                                           .    
[2,]                                           0.226
[3,]                                           0.854
[4,]                                           0.174
[5,]                                           .    
     CEMBA171214_4D#GAGATTCCATAAGTCGTCCGGTAAGTACTGAC
[1,]                                           0.119
[2,]                                           0.319
[3,]                                           .    
[4,]                                           0.235
[5,]                                           .    



2020-10-03 17:24:44 : colorMat-Before-Impute, Class = matrix
      CEMBA171214_4D#ATTCAGAATCTATCCGTGCCTTACCAGGACGT
Des                                             0.000
Acta2                                           0.000
Tbx18                                           0.362
Vcam1                                           1.284
Vtn                                             0.000
      CEMBA171214_4D#ATTCAGAACAGAACTGTTACGACCGTACTGAC
Des                                             0.390
Acta2                                           0.000
Tbx18                                           0.000
Vcam1                                           0.775
Vtn                                             0.536
      CEMBA171214_4D#ATTCAGAATTAGCCTCTAAGATCCGTACTGAC
Des                                             0.000
Acta2                                           0.314
Tbx18                                           0.496
Vcam1                                           0.000
Vtn                                             0.541
      CEMBA171214_4D#CTGAAGCTGCAACCTAAATGACGTCCTATCCT
Des                                             0.000
Acta2                                           0.226
Tbx18                                           0.854
Vcam1                                           0.174
Vtn                                             0.000
      CEMBA171214_4D#GAGATTCCATAAGTCGTCCGGTAAGTACTGAC
Des                                             0.119
Acta2                                           0.319
Tbx18                                           0.000
Vcam1                                           0.235
Vtn                                             0.000

colorMat-Before-Impute: nRows = 10, nCols = 24241


2020-10-03 17:24:44 : imputeMatrix Input-Parameters, Class = list

imputeMatrix Input-Parameters$mat: nRows = 10, nCols = 24241
      CEMBA171214_4D#ATTCAGAATCTATCCGTGCCTTACCAGGACGT
Des                                             0.000
Acta2                                           0.000
Tbx18                                           0.362
Vcam1                                           1.284
Vtn                                             0.000
      CEMBA171214_4D#ATTCAGAACAGAACTGTTACGACCGTACTGAC
Des                                             0.390
Acta2                                           0.000
Tbx18                                           0.000
Vcam1                                           0.775
Vtn                                             0.536
      CEMBA171214_4D#ATTCAGAATTAGCCTCTAAGATCCGTACTGAC
Des                                             0.000
Acta2                                           0.314
Tbx18                                           0.496
Vcam1                                           0.000
Vtn                                             0.541
      CEMBA171214_4D#CTGAAGCTGCAACCTAAATGACGTCCTATCCT
Des                                             0.000
Acta2                                           0.226
Tbx18                                           0.854
Vcam1                                           0.174
Vtn                                             0.000
      CEMBA171214_4D#GAGATTCCATAAGTCGTCCGGTAAGTACTGAC
Des                                             0.119
Acta2                                           0.319
Tbx18                                           0.000
Vcam1                                           0.235
Vtn                                             0.000


imputeMatrix Input-Parameters$threads: length = 1
[1] 10


imputeMatrix Input-Parameters$verbose: length = 1
[1] FALSE


imputeMatrix Input-Parameters$logFile: length = 1
[1] "ArchRLogs/ArchR-plotEmbedding-36b434b5c6307-Date-2020-10-03_Time-17-24-39.log"



2020-10-03 17:24:44 : mat, Class = matrix
      CEMBA171214_4D#ATTCAGAATCTATCCGTGCCTTACCAGGACGT
Des                                             0.000
Acta2                                           0.000
Tbx18                                           0.362
Vcam1                                           1.284
Vtn                                             0.000
      CEMBA171214_4D#ATTCAGAACAGAACTGTTACGACCGTACTGAC
Des                                             0.390
Acta2                                           0.000
Tbx18                                           0.000
Vcam1                                           0.775
Vtn                                             0.536
      CEMBA171214_4D#ATTCAGAATTAGCCTCTAAGATCCGTACTGAC
Des                                             0.000
Acta2                                           0.314
Tbx18                                           0.496
Vcam1                                           0.000
Vtn                                             0.541
      CEMBA171214_4D#CTGAAGCTGCAACCTAAATGACGTCCTATCCT
Des                                             0.000
Acta2                                           0.226
Tbx18                                           0.854
Vcam1                                           0.174
Vtn                                             0.000
      CEMBA171214_4D#GAGATTCCATAAGTCGTCCGGTAAGTACTGAC
Des                                             0.119
Acta2                                           0.319
Tbx18                                           0.000
Vcam1                                           0.235
Vtn                                             0.000

mat: nRows = 10, nCols = 24241


2020-10-03 17:24:44 : weightList, Class = SimpleList

weightList$w1: length = 1
[1] "/home/bnphan/projects/snATAC_cross_species_caudate/data/raw_data/mm10/BICCN_mouse_caudoputamen/ArchR_BICCN_caudoputamen/ImputeWeights/Impute-Weights-Rep-1"


weightList$w2: length = 1
[1] "/home/bnphan/projects/snATAC_cross_species_caudate/data/raw_data/mm10/BICCN_mouse_caudoputamen/ArchR_BICCN_caudoputamen/ImputeWeights/Impute-Weights-Rep-2"


2020-10-03 17:24:44 : Imputing Matrix (1 of 2), 0 mins elapsed.

2020-10-03 17:24:44 : 

2020-10-03 17:24:44 : 

2020-10-03 17:24:44 : 

2020-10-03 17:24:45 : 

2020-10-03 17:24:45 : 

2020-10-03 17:24:45 : 
2020-10-03 17:24:50 : Imputing Matrix (2 of 2), 0.101 mins elapsed.

2020-10-03 17:24:50 : 

2020-10-03 17:24:51 : 

2020-10-03 17:24:51 : 

2020-10-03 17:24:51 : 

2020-10-03 17:24:51 : 

2020-10-03 17:24:51 : 
2020-10-03 17:24:57 : Finished Imputing Matrix, 0.204 mins elapsed.

2020-10-03 17:24:57 : colorMat-After-Impute, Class = matrix
      CEMBA171214_4D#ATTCAGAATCTATCCGTGCCTTACCAGGACGT
Des                                         0.1186254
Acta2                                       0.1720070
Tbx18                                       0.2215452
Vcam1                                       0.3304114
Vtn                                         0.5069159
      CEMBA171214_4D#ATTCAGAACAGAACTGTTACGACCGTACTGAC
Des                                        0.41662006
Acta2                                      0.05106956
Tbx18                                      0.23754449
Vcam1                                      0.77946300
Vtn                                        0.48344148
      CEMBA171214_4D#ATTCAGAATTAGCCTCTAAGATCCGTACTGAC
Des                                         0.1062946
Acta2                                       0.1387407
Tbx18                                       0.2559436
Vcam1                                       0.3320569
Vtn                                         0.3915867
      CEMBA171214_4D#CTGAAGCTGCAACCTAAATGACGTCCTATCCT
Des                                         0.2338916
Acta2                                       0.1297323
Tbx18                                       0.2552502
Vcam1                                       0.5224815
Vtn                                         0.4238901
      CEMBA171214_4D#GAGATTCCATAAGTCGTCCGGTAAGTACTGAC
Des                                        0.42735057
Acta2                                      0.07804562
Tbx18                                      0.22403146
Vcam1                                      0.70769491
Vtn                                        0.42507078

colorMat-After-Impute: nRows = 10, nCols = 24241


2020-10-03 17:24:57 : ColorParams 1, Class = list

ColorParams 1$color: length = 24241
CEMBA171214_4D#ATTCAGAATCTATCCGTGCCTTACCAGGACGT 
                                      0.1186254 
CEMBA171214_4D#ATTCAGAACAGAACTGTTACGACCGTACTGAC 
                                      0.4166201 
CEMBA171214_4D#ATTCAGAATTAGCCTCTAAGATCCGTACTGAC 
                                      0.1062946 
CEMBA171214_4D#CTGAAGCTGCAACCTAAATGACGTCCTATCCT 
                                      0.2338916 
CEMBA171214_4D#GAGATTCCATAAGTCGTCCGGTAAGTACTGAC 
                                      0.4273506 
CEMBA171214_4D#CTGAAGCTCGCTTGATATAGCCTTGTACTGAC 
                                      0.3167210 


ColorParams 1$discrete: length = 1
[1] FALSE


ColorParams 1$title: length = 1
[1] "UMAP of IterativeLSI colored by\nGeneScoreMatrix : Des"


ColorParams 1$continuousSet: length = 1
[1] "horizonExtra"



2020-10-03 17:24:57 : PlotParams-1, Class = list

PlotParams-1$color: length = 24241
CEMBA171214_4D#ATTCAGAATCTATCCGTGCCTTACCAGGACGT 
                                      0.1617269 
CEMBA171214_4D#ATTCAGAACAGAACTGTTACGACCGTACTGAC 
                                      0.5024529 
CEMBA171214_4D#ATTCAGAATTAGCCTCTAAGATCCGTACTGAC 
                                      0.1457356 
CEMBA171214_4D#CTGAAGCTGCAACCTAAATGACGTCCTATCCT 
                                      0.3032157 
CEMBA171214_4D#GAGATTCCATAAGTCGTCCGGTAAGTACTGAC 
                                      0.5133397 
CEMBA171214_4D#CTGAAGCTCGCTTGATATAGCCTTGTACTGAC 
                                      0.3969497 


PlotParams-1$title: length = 1
[1] "UMAP of IterativeLSI colored by\nGeneScoreMatrix : Des"


PlotParams-1$x: length = 24241
[1] -0.2423347 -4.4092293 -0.3027112 -0.8316160 -0.9990590 -3.3533793


PlotParams-1$y: length = 24241
[1]  6.1311906  0.8105145  6.2258480  5.6119831  5.5936635 -0.5215693


PlotParams-1$baseSize: length = 1
[1] 10


PlotParams-1$xlabel: length = 1
[1] "UMAP Dimension 1"


PlotParams-1$ylabel: length = 1
[1] "UMAP Dimension 2"


PlotParams-1$pal: length = 256
[1] "#000436" "#000439" "#00053D" "#000640" "#000744" "#000848"


PlotParams-1$colorTitle: length = 1
[1] "Log2(NormCounts + 1)"



2020-10-03 17:24:57 : PlotParams-2, Class = list

PlotParams-2$color: length = 24241
CEMBA171214_4D#ATTCAGAATCTATCCGTGCCTTACCAGGACGT 
                                     0.22898117 
CEMBA171214_4D#ATTCAGAACAGAACTGTTACGACCGTACTGAC 
                                     0.07185816 
CEMBA171214_4D#ATTCAGAATTAGCCTCTAAGATCCGTACTGAC 
                                     0.18743923 
CEMBA171214_4D#CTGAAGCTGCAACCTAAATGACGTCCTATCCT 
                                     0.17598096 
CEMBA171214_4D#GAGATTCCATAAGTCGTCCGGTAAGTACTGAC 
                                     0.10841824 
CEMBA171214_4D#CTGAAGCTCGCTTGATATAGCCTTGTACTGAC 
                                     0.04638474 


PlotParams-2$title: length = 1
[1] "UMAP of IterativeLSI colored by\nGeneScoreMatrix : Acta2"


PlotParams-2$x: length = 24241
[1] -0.2423347 -4.4092293 -0.3027112 -0.8316160 -0.9990590 -3.3533793


PlotParams-2$y: length = 24241
[1]  6.1311906  0.8105145  6.2258480  5.6119831  5.5936635 -0.5215693


PlotParams-2$baseSize: length = 1
[1] 10


PlotParams-2$xlabel: length = 1
[1] "UMAP Dimension 1"


PlotParams-2$ylabel: length = 1
[1] "UMAP Dimension 2"


PlotParams-2$pal: length = 256
[1] "#000436" "#000439" "#00053D" "#000640" "#000744" "#000848"


PlotParams-2$colorTitle: length = 1
[1] "Log2(NormCounts + 1)"



2020-10-03 17:24:57 : PlotParams-3, Class = list

PlotParams-3$color: length = 24241
CEMBA171214_4D#ATTCAGAATCTATCCGTGCCTTACCAGGACGT 
                                      0.2887072 
CEMBA171214_4D#ATTCAGAACAGAACTGTTACGACCGTACTGAC 
                                      0.3074804 
CEMBA171214_4D#ATTCAGAATTAGCCTCTAAGATCCGTACTGAC 
                                      0.3287717 
CEMBA171214_4D#CTGAAGCTGCAACCTAAATGACGTCCTATCCT 
                                      0.3279749 
CEMBA171214_4D#GAGATTCCATAAGTCGTCCGGTAAGTACTGAC 
                                      0.2916406 
CEMBA171214_4D#CTGAAGCTCGCTTGATATAGCCTTGTACTGAC 
                                      0.3006167 


PlotParams-3$title: length = 1
[1] "UMAP of IterativeLSI colored by\nGeneScoreMatrix : Tbx18"


PlotParams-3$x: length = 24241
[1] -0.2423347 -4.4092293 -0.3027112 -0.8316160 -0.9990590 -3.3533793


PlotParams-3$y: length = 24241
[1]  6.1311906  0.8105145  6.2258480  5.6119831  5.5936635 -0.5215693


PlotParams-3$baseSize: length = 1
[1] 10


PlotParams-3$xlabel: length = 1
[1] "UMAP Dimension 1"


PlotParams-3$ylabel: length = 1
[1] "UMAP Dimension 2"


PlotParams-3$pal: length = 256
[1] "#000436" "#000439" "#00053D" "#000640" "#000744" "#000848"


PlotParams-3$colorTitle: length = 1
[1] "Log2(NormCounts + 1)"



2020-10-03 17:24:58 : PlotParams-4, Class = list

PlotParams-4$color: length = 24241
CEMBA171214_4D#ATTCAGAATCTATCCGTGCCTTACCAGGACGT 
                                      0.4118724 
CEMBA171214_4D#ATTCAGAACAGAACTGTTACGACCGTACTGAC 
                                      0.8314419 
CEMBA171214_4D#ATTCAGAATTAGCCTCTAAGATCCGTACTGAC 
                                      0.4136557 
CEMBA171214_4D#CTGAAGCTGCAACCTAAATGACGTCCTATCCT 
                                      0.6064247 
CEMBA171214_4D#GAGATTCCATAAGTCGTCCGGTAAGTACTGAC 
                                      0.7720502 
CEMBA171214_4D#CTGAAGCTCGCTTGATATAGCCTTGTACTGAC 
                                      0.7737206 


PlotParams-4$title: length = 1
[1] "UMAP of IterativeLSI colored by\nGeneScoreMatrix : Vcam1"


PlotParams-4$x: length = 24241
[1] -0.2423347 -4.4092293 -0.3027112 -0.8316160 -0.9990590 -3.3533793


PlotParams-4$y: length = 24241
[1]  6.1311906  0.8105145  6.2258480  5.6119831  5.5936635 -0.5215693


PlotParams-4$baseSize: length = 1
[1] 10


PlotParams-4$xlabel: length = 1
[1] "UMAP Dimension 1"


PlotParams-4$ylabel: length = 1
[1] "UMAP Dimension 2"


PlotParams-4$pal: length = 256
[1] "#000436" "#000439" "#00053D" "#000640" "#000744" "#000848"


PlotParams-4$colorTitle: length = 1
[1] "Log2(NormCounts + 1)"



2020-10-03 17:24:58 : PlotParams-5, Class = list

PlotParams-5$color: length = 24241
CEMBA171214_4D#ATTCAGAATCTATCCGTGCCTTACCAGGACGT 
                                      0.5915989 
CEMBA171214_4D#ATTCAGAACAGAACTGTTACGACCGTACTGAC 
                                      0.5689480 
CEMBA171214_4D#ATTCAGAATTAGCCTCTAAGATCCGTACTGAC 
                                      0.4767308 
CEMBA171214_4D#CTGAAGCTGCAACCTAAATGACGTCCTATCCT 
                                      0.5098378 
CEMBA171214_4D#GAGATTCCATAAGTCGTCCGGTAAGTACTGAC 
                                      0.5110336 
CEMBA171214_4D#CTGAAGCTCGCTTGATATAGCCTTGTACTGAC 
                                      0.4127123 


PlotParams-5$title: length = 1
[1] "UMAP of IterativeLSI colored by\nGeneScoreMatrix : Vtn"


PlotParams-5$x: length = 24241
[1] -0.2423347 -4.4092293 -0.3027112 -0.8316160 -0.9990590 -3.3533793


PlotParams-5$y: length = 24241
[1]  6.1311906  0.8105145  6.2258480  5.6119831  5.5936635 -0.5215693


PlotParams-5$baseSize: length = 1
[1] 10


PlotParams-5$xlabel: length = 1
[1] "UMAP Dimension 1"


PlotParams-5$ylabel: length = 1
[1] "UMAP Dimension 2"


PlotParams-5$pal: length = 256
[1] "#000436" "#000439" "#00053D" "#000640" "#000744" "#000848"


PlotParams-5$colorTitle: length = 1
[1] "Log2(NormCounts + 1)"



2020-10-03 17:24:58 : PlotParams-6, Class = list

PlotParams-6$color: length = 24241
CEMBA171214_4D#ATTCAGAATCTATCCGTGCCTTACCAGGACGT 
                                     0.06239323 
CEMBA171214_4D#ATTCAGAACAGAACTGTTACGACCGTACTGAC 
                                     0.05191685 
CEMBA171214_4D#ATTCAGAATTAGCCTCTAAGATCCGTACTGAC 
                                     0.09695391 
CEMBA171214_4D#CTGAAGCTGCAACCTAAATGACGTCCTATCCT 
                                     0.07918514 
CEMBA171214_4D#GAGATTCCATAAGTCGTCCGGTAAGTACTGAC 
                                     0.05596586 
CEMBA171214_4D#CTGAAGCTCGCTTGATATAGCCTTGTACTGAC 
                                     0.02643798 


PlotParams-6$title: length = 1
[1] "UMAP of IterativeLSI colored by\nGeneScoreMatrix : Ifitm1"


PlotParams-6$x: length = 24241
[1] -0.2423347 -4.4092293 -0.3027112 -0.8316160 -0.9990590 -3.3533793


PlotParams-6$y: length = 24241
[1]  6.1311906  0.8105145  6.2258480  5.6119831  5.5936635 -0.5215693


PlotParams-6$baseSize: length = 1
[1] 10


PlotParams-6$xlabel: length = 1
[1] "UMAP Dimension 1"


PlotParams-6$ylabel: length = 1
[1] "UMAP Dimension 2"


PlotParams-6$pal: length = 256
[1] "#000436" "#000439" "#00053D" "#000640" "#000744" "#000848"


PlotParams-6$colorTitle: length = 1
[1] "Log2(NormCounts + 1)"



2020-10-03 17:24:58 : PlotParams-7, Class = list

PlotParams-7$color: length = 24241
CEMBA171214_4D#ATTCAGAATCTATCCGTGCCTTACCAGGACGT 
                                     0.06392572 
CEMBA171214_4D#ATTCAGAACAGAACTGTTACGACCGTACTGAC 
                                     0.04230212 
CEMBA171214_4D#ATTCAGAATTAGCCTCTAAGATCCGTACTGAC 
                                     0.06226653 
CEMBA171214_4D#CTGAAGCTGCAACCTAAATGACGTCCTATCCT 
                                     0.03762150 
CEMBA171214_4D#GAGATTCCATAAGTCGTCCGGTAAGTACTGAC 
                                     0.03696091 
CEMBA171214_4D#CTGAAGCTCGCTTGATATAGCCTTGTACTGAC 
                                     0.02299491 


PlotParams-7$title: length = 1
[1] "UMAP of IterativeLSI colored by\nGeneScoreMatrix : Anpep"


PlotParams-7$x: length = 24241
[1] -0.2423347 -4.4092293 -0.3027112 -0.8316160 -0.9990590 -3.3533793


PlotParams-7$y: length = 24241
[1]  6.1311906  0.8105145  6.2258480  5.6119831  5.5936635 -0.5215693


PlotParams-7$baseSize: length = 1
[1] 10


PlotParams-7$xlabel: length = 1
[1] "UMAP Dimension 1"


PlotParams-7$ylabel: length = 1
[1] "UMAP Dimension 2"


PlotParams-7$pal: length = 256
[1] "#000436" "#000439" "#00053D" "#000640" "#000744" "#000848"


PlotParams-7$colorTitle: length = 1
[1] "Log2(NormCounts + 1)"



2020-10-03 17:24:59 : PlotParams-8, Class = list

PlotParams-8$color: length = 24241
CEMBA171214_4D#ATTCAGAATCTATCCGTGCCTTACCAGGACGT 
                                     0.05109219 
CEMBA171214_4D#ATTCAGAACAGAACTGTTACGACCGTACTGAC 
                                     0.06671442 
CEMBA171214_4D#ATTCAGAATTAGCCTCTAAGATCCGTACTGAC 
                                     0.06914242 
CEMBA171214_4D#CTGAAGCTGCAACCTAAATGACGTCCTATCCT 
                                     0.06889527 
CEMBA171214_4D#GAGATTCCATAAGTCGTCCGGTAAGTACTGAC 
                                     0.04468152 
CEMBA171214_4D#CTGAAGCTCGCTTGATATAGCCTTGTACTGAC 
                                     0.05168421 


PlotParams-8$title: length = 1
[1] "UMAP of IterativeLSI colored by\nGeneScoreMatrix : Ogn"


PlotParams-8$x: length = 24241
[1] -0.2423347 -4.4092293 -0.3027112 -0.8316160 -0.9990590 -3.3533793


PlotParams-8$y: length = 24241
[1]  6.1311906  0.8105145  6.2258480  5.6119831  5.5936635 -0.5215693


PlotParams-8$baseSize: length = 1
[1] 10


PlotParams-8$xlabel: length = 1
[1] "UMAP Dimension 1"


PlotParams-8$ylabel: length = 1
[1] "UMAP Dimension 2"


PlotParams-8$pal: length = 256
[1] "#000436" "#000439" "#00053D" "#000640" "#000744" "#000848"


PlotParams-8$colorTitle: length = 1
[1] "Log2(NormCounts + 1)"



2020-10-03 17:24:59 : PlotParams-9, Class = list

PlotParams-9$color: length = 24241
CEMBA171214_4D#ATTCAGAATCTATCCGTGCCTTACCAGGACGT 
                                     0.11362956 
CEMBA171214_4D#ATTCAGAACAGAACTGTTACGACCGTACTGAC 
                                     0.08971324 
CEMBA171214_4D#ATTCAGAATTAGCCTCTAAGATCCGTACTGAC 
                                     0.10923592 
CEMBA171214_4D#CTGAAGCTGCAACCTAAATGACGTCCTATCCT 
                                     0.13320187 
CEMBA171214_4D#GAGATTCCATAAGTCGTCCGGTAAGTACTGAC 
                                     0.10553162 
CEMBA171214_4D#CTGAAGCTCGCTTGATATAGCCTTGTACTGAC 
                                     0.09806983 


PlotParams-9$title: length = 1
[1] "UMAP of IterativeLSI colored by\nGeneScoreMatrix : Lum"


PlotParams-9$x: length = 24241
[1] -0.2423347 -4.4092293 -0.3027112 -0.8316160 -0.9990590 -3.3533793


PlotParams-9$y: length = 24241
[1]  6.1311906  0.8105145  6.2258480  5.6119831  5.5936635 -0.5215693


PlotParams-9$baseSize: length = 1
[1] 10


PlotParams-9$xlabel: length = 1
[1] "UMAP Dimension 1"


PlotParams-9$ylabel: length = 1
[1] "UMAP Dimension 2"


PlotParams-9$pal: length = 256
[1] "#000436" "#000439" "#00053D" "#000640" "#000744" "#000848"


PlotParams-9$colorTitle: length = 1
[1] "Log2(NormCounts + 1)"



2020-10-03 17:24:59 : PlotParams-10, Class = list

PlotParams-10$color: length = 24241
CEMBA171214_4D#ATTCAGAATCTATCCGTGCCTTACCAGGACGT 
                                      0.1412931 
CEMBA171214_4D#ATTCAGAACAGAACTGTTACGACCGTACTGAC 
                                      0.1368452 
CEMBA171214_4D#ATTCAGAATTAGCCTCTAAGATCCGTACTGAC 
                                      0.1273551 
CEMBA171214_4D#CTGAAGCTGCAACCTAAATGACGTCCTATCCT 
                                      0.1543771 
CEMBA171214_4D#GAGATTCCATAAGTCGTCCGGTAAGTACTGAC 
                                      0.1346683 
CEMBA171214_4D#CTGAAGCTCGCTTGATATAGCCTTGTACTGAC 
                                      0.1740935 


PlotParams-10$title: length = 1
[1] "UMAP of IterativeLSI colored by\nGeneScoreMatrix : Dcn"


PlotParams-10$x: length = 24241
[1] -0.2423347 -4.4092293 -0.3027112 -0.8316160 -0.9990590 -3.3533793


PlotParams-10$y: length = 24241
[1]  6.1311906  0.8105145  6.2258480  5.6119831  5.5936635 -0.5215693


PlotParams-10$baseSize: length = 1
[1] 10


PlotParams-10$xlabel: length = 1
[1] "UMAP Dimension 1"


PlotParams-10$ylabel: length = 1
[1] "UMAP Dimension 2"


PlotParams-10$pal: length = 256
[1] "#000436" "#000439" "#00053D" "#000640" "#000744" "#000848"


PlotParams-10$colorTitle: length = 1
[1] "Log2(NormCounts + 1)"



------- Completed

End Time : 2020-10-03 17:24:59
Elapsed Time Minutes = 0.349157845973968
Elapsed Time Hours = 0.00581935120953454

-------



