
           ___      .______        ______  __    __  .______      
          /   \     |   _  \      /      ||  |  |  | |   _  \     
         /  ^  \    |  |_)  |    |  ,----'|  |__|  | |  |_)  |    
        /  /_\  \   |      /     |  |     |   __   | |      /     
       /  _____  \  |  |\  \\___ |  `----.|  |  |  | |  |\  \\___.
      /__/     \__\ | _| `._____| \______||__|  |__| | _| `._____|
    
Logging With ArchR!

Start Time : 2020-10-06 06:59:35

------- ArchR Info

ArchRThreads = 10
ArchRGenome = Mm10

------- System Info

Computer OS = unix
Total Cores = 64

------- Session Info

R version 3.6.3 (2020-02-29)
Platform: x86_64-conda_cos6-linux-gnu (64-bit)
Running under: CentOS Linux 7 (Core)

Matrix products: default
BLAS/LAPACK: /home/bnphan/miniconda3/lib/libmkl_rt.so

locale:
 [1] LC_CTYPE=en_US.UTF-8       LC_NUMERIC=C              
 [3] LC_TIME=en_US.UTF-8        LC_COLLATE=en_US.UTF-8    
 [5] LC_MONETARY=en_US.UTF-8    LC_MESSAGES=en_US.UTF-8   
 [7] LC_PAPER=en_US.UTF-8       LC_NAME=C                 
 [9] LC_ADDRESS=C               LC_TELEPHONE=C            
[11] LC_MEASUREMENT=en_US.UTF-8 LC_IDENTIFICATION=C       

attached base packages:
[1] parallel  stats4    stats     graphics  grDevices utils     datasets 
[8] methods   base     

other attached packages:
 [1] gtable_0.3.0                ArchR_0.9.5                
 [3] magrittr_1.5                rhdf5_2.30.1               
 [5] Matrix_1.2-18               data.table_1.13.0          
 [7] SummarizedExperiment_1.16.1 DelayedArray_0.12.3        
 [9] BiocParallel_1.20.1         matrixStats_0.57.0         
[11] Biobase_2.46.0              GenomicRanges_1.38.0       
[13] GenomeInfoDb_1.22.1         IRanges_2.20.2             
[15] S4Vectors_0.24.4            BiocGenerics_0.32.0        
[17] ggplot2_3.3.2               colorout_1.2-2             

loaded via a namespace (and not attached):
 [1] Rcpp_1.0.5                         lattice_0.20-41                   
 [3] Rsamtools_2.2.3                    Biostrings_2.54.0                 
 [5] gtools_3.8.2                       digest_0.6.25                     
 [7] BSgenome.Mmusculus.UCSC.mm10_1.4.0 IRdisplay_0.7.0                   
 [9] R6_2.4.1                           repr_1.1.0                        
[11] evaluate_0.14                      pillar_1.4.6                      
[13] zlibbioc_1.32.0                    rlang_0.4.7                       
[15] uuid_0.1-4                         labeling_0.3                      
[17] stringr_1.4.0                      pheatmap_1.0.12                   
[19] RCurl_1.98-1.2                     munsell_0.5.0                     
[21] compiler_3.6.3                     rtracklayer_1.46.0                
[23] pkgconfig_2.0.3                    base64enc_0.1-3                   
[25] htmltools_0.5.0                    tidyselect_1.1.0                  
[27] tibble_3.0.3                       GenomeInfoDbData_1.2.2            
[29] XML_3.99-0.3                       crayon_1.3.4                      
[31] dplyr_1.0.2                        withr_2.3.0                       
[33] GenomicAlignments_1.22.1           bitops_1.0-6                      
[35] grid_3.6.3                         jsonlite_1.7.1                    
[37] lifecycle_0.2.0                    scales_1.1.1                      
[39] stringi_1.5.3                      farver_2.0.3                      
[41] XVector_0.26.0                     ellipsis_0.3.1                    
[43] generics_0.0.2                     vctrs_0.3.4                       
[45] IRkernel_1.1.1                     Rhdf5lib_1.8.0                    
[47] RColorBrewer_1.1-2                 tools_3.6.3                       
[49] Cairo_1.5-12.2                     BSgenome_1.54.0                   
[51] glue_1.4.2                         purrr_0.3.4                       
[53] colorspace_1.4-1                   pbdZMQ_0.3-3                      


------- Log Info


2020-10-06 06:59:36 : Input-Parameters, Class = list

Input-Parameters$ArchRProj: length = 1
class: ArchRProject 
outputDirectory: /home/bnphan/projects/snATAC_cross_species_caudate/data/raw_data/mm10/BICCN_mouse_caudoputamen/ArchR_BICCN_CP 
samples(4): CEMBA171214_4D CEMBA171219_4D CEMBA180813_5E CEMBA180820_5E
sampleColData names(1): ArrowFiles
cellColData names(27): Sample TSSEnrichment ... SubRegion Slice
numberOfCells(1): 1
medianTSS(1): 14.755
medianFrags(1): 40080


Input-Parameters$embedding: length = 1
[1] "UMAP"


Input-Parameters$colorBy: length = 1
[1] "cellColData"


Input-Parameters$name: length = 1
[1] "L2cluster"


Input-Parameters$log2Norm: length = 0
NULL


Input-Parameters$imputeWeights: length = 0
NULL


Input-Parameters$pal: length = 0
NULL


Input-Parameters$size: length = 1
[1] 0.1


Input-Parameters$sampleCells: length = 0
NULL


Input-Parameters$highlightCells: length = 0
NULL


Input-Parameters$rastr: length = 1
[1] TRUE


Input-Parameters$quantCut: length = 2
[1] 0.01 0.99


Input-Parameters$discreteSet: length = 0
NULL


Input-Parameters$continuousSet: length = 0
NULL


Input-Parameters$randomize: length = 1
[1] TRUE


Input-Parameters$keepAxis: length = 1
[1] FALSE


Input-Parameters$baseSize: length = 1
[1] 10


Input-Parameters$plotAs: length = 0
NULL


Input-Parameters$threads: length = 1
[1] 10


Input-Parameters$logFile: length = 1
[1] "ArchRLogs/ArchR-plotEmbedding-451b141ada194-Date-2020-10-06_Time-06-59-35.log"



2020-10-06 06:59:36 : 

2020-10-06 06:59:36 : Embedding data.frame, Class = data.frame
Embedding data.frame: nRows = 23139, nCols = 2
                                                IterativeLSI#UMAP_Dimension_1
CEMBA171214_4D#ATTCAGAATTAGCCTCTAAGATCCGTACTGAC                      7.389353
CEMBA171214_4D#CTGAAGCTGCAACCTAAATGACGTCCTATCCT                      6.087838
CEMBA171214_4D#CTGAAGCTCGCTTGATATAGCCTTGTACTGAC                      1.797189
CEMBA171214_4D#ATTCAGAAGCCTCAATATAGCCTTCAGGACGT                      3.346506
CEMBA171214_4D#ATTCAGAATACTGCCTAGGATAACTATAGCCT                      5.928127
CEMBA171214_4D#AGCGATAGATAAGTCGGGTTAGACCAGGACGT                      3.249934
                                                IterativeLSI#UMAP_Dimension_2
CEMBA171214_4D#ATTCAGAATTAGCCTCTAAGATCCGTACTGAC                    -3.9475122
CEMBA171214_4D#CTGAAGCTGCAACCTAAATGACGTCCTATCCT                    -3.6941641
CEMBA171214_4D#CTGAAGCTCGCTTGATATAGCCTTGTACTGAC                    -1.3854765
CEMBA171214_4D#ATTCAGAAGCCTCAATATAGCCTTCAGGACGT                    -1.0370980
CEMBA171214_4D#ATTCAGAATACTGCCTAGGATAACTATAGCCT                    -3.5366174
CEMBA171214_4D#AGCGATAGATAAGTCGGGTTAGACCAGGACGT                    -0.8346371



2020-10-06 06:59:36 : 

2020-10-06 06:59:36 : ColorParams 1, Class = list

ColorParams 1$color: length = 23139
[1] "MSGA"  "MSGA"  "D1MSN" "D1MSN" "MSGA"  "D1MSN"


ColorParams 1$discrete: length = 1
[1] TRUE


ColorParams 1$continuousSet: length = 1
[1] "solarExtra"


ColorParams 1$discreteSet: length = 1
[1] "stallion"


ColorParams 1$title: length = 1
[1] "UMAP of IterativeLSI  colored by\ncolData :  L2cluster"



2020-10-06 06:59:36 : PlotParams-1, Class = list

PlotParams-1$color: length = 23139
[1] "MSGA"  "MSGA"  "D1MSN" "D1MSN" "MSGA"  "D1MSN"


PlotParams-1$discrete: length = 1
[1] TRUE


PlotParams-1$continuousSet: length = 1
[1] "solarExtra"


PlotParams-1$discreteSet: length = 1
[1] "stallion"


PlotParams-1$title: length = 1
[1] "UMAP of IterativeLSI  colored by\ncolData :  L2cluster"


PlotParams-1$x: length = 23139
[1] 7.389353 6.087838 1.797189 3.346506 5.928127 3.249934


PlotParams-1$y: length = 23139
[1] -3.9475122 -3.6941641 -1.3854765 -1.0370980 -3.5366174 -0.8346371


PlotParams-1$baseSize: length = 1
[1] 10


PlotParams-1$xlabel: length = 1
[1] "UMAP Dimension 1"


PlotParams-1$ylabel: length = 1
[1] "UMAP Dimension 2"


PlotParams-1$rastr: length = 1
[1] TRUE


PlotParams-1$size: length = 1
[1] 0.1


PlotParams-1$randomize: length = 1
[1] TRUE



------- Completed

End Time : 2020-10-06 06:59:36
Elapsed Time Minutes = 0.0224670807520548
Elapsed Time Hours = 0.000374501479996575

-------



