
           ___      .______        ______  __    __  .______      
          /   \     |   _  \      /      ||  |  |  | |   _  \     
         /  ^  \    |  |_)  |    |  ,----'|  |__|  | |  |_)  |    
        /  /_\  \   |      /     |  |     |   __   | |      /     
       /  _____  \  |  |\  \\___ |  `----.|  |  |  | |  |\  \\___.
      /__/     \__\ | _| `._____| \______||__|  |__| | _| `._____|
    
Logging With ArchR!

Start Time : 2020-10-05 13:57:27

------- ArchR Info

ArchRThreads = 10
ArchRGenome = Hg38

------- System Info

Computer OS = unix
Total Cores = 64

------- Session Info

R version 3.6.3 (2020-02-29)
Platform: x86_64-conda_cos6-linux-gnu (64-bit)
Running under: CentOS Linux 7 (Core)

Matrix products: default
BLAS/LAPACK: /home/bnphan/miniconda3/lib/libmkl_rt.so

locale:
 [1] LC_CTYPE=en_US.UTF-8       LC_NUMERIC=C              
 [3] LC_TIME=en_US.UTF-8        LC_COLLATE=en_US.UTF-8    
 [5] LC_MONETARY=en_US.UTF-8    LC_MESSAGES=en_US.UTF-8   
 [7] LC_PAPER=en_US.UTF-8       LC_NAME=C                 
 [9] LC_ADDRESS=C               LC_TELEPHONE=C            
[11] LC_MEASUREMENT=en_US.UTF-8 LC_IDENTIFICATION=C       

attached base packages:
 [1] grid      parallel  stats4    stats     graphics  grDevices utils    
 [8] datasets  methods   base     

other attached packages:
 [1] gridExtra_2.3               uwot_0.1.8                 
 [3] Seurat_3.2.2                gtable_0.3.0               
 [5] ArchR_0.9.5                 magrittr_1.5               
 [7] rhdf5_2.30.1                Matrix_1.2-18              
 [9] data.table_1.13.0           SummarizedExperiment_1.16.1
[11] DelayedArray_0.12.3         BiocParallel_1.20.1        
[13] matrixStats_0.57.0          Biobase_2.46.0             
[15] GenomicRanges_1.38.0        GenomeInfoDb_1.22.1        
[17] IRanges_2.20.2              S4Vectors_0.24.4           
[19] BiocGenerics_0.32.0         ggplot2_3.3.2              
[21] colorout_1.2-2             

loaded via a namespace (and not attached):
  [1] Rtsne_0.15                        colorspace_1.4-1                 
  [3] deldir_0.1-29                     ellipsis_0.3.1                   
  [5] ggridges_0.5.2                    BSgenome.Hsapiens.UCSC.hg38_1.4.1
  [7] IRdisplay_0.7.0                   XVector_0.26.0                   
  [9] base64enc_0.1-3                   spatstat.data_1.4-3              
 [11] leiden_0.3.3                      listenv_0.8.0                    
 [13] farver_2.0.3                      hexbin_1.28.1                    
 [15] ggrepel_0.8.2                     codetools_0.2-16                 
 [17] splines_3.6.3                     polyclip_1.10-0                  
 [19] IRkernel_1.1.1                    jsonlite_1.7.1                   
 [21] Rsamtools_2.2.3                   Cairo_1.5-12.2                   
 [23] ica_1.0-2                         cluster_2.1.0                    
 [25] png_0.1-7                         pheatmap_1.0.12                  
 [27] sctransform_0.3                   shiny_1.5.0                      
 [29] compiler_3.6.3                    httr_1.4.2                       
 [31] fastmap_1.0.1                     lazyeval_0.2.2                   
 [33] later_1.1.0.1                     htmltools_0.5.0                  
 [35] tools_3.6.3                       rsvd_1.0.3                       
 [37] igraph_1.2.5                      glue_1.4.2                       
 [39] GenomeInfoDbData_1.2.2            reshape2_1.4.4                   
 [41] RANN_2.6.1                        dplyr_1.0.2                      
 [43] rappdirs_0.3.1                    spatstat_1.64-1                  
 [45] Rcpp_1.0.5                        vctrs_0.3.4                      
 [47] Biostrings_2.54.0                 nlme_3.1-149                     
 [49] rtracklayer_1.46.0                lmtest_0.9-38                    
 [51] stringr_1.4.0                     globals_0.13.0                   
 [53] mime_0.9                          miniUI_0.1.1.1                   
 [55] lifecycle_0.2.0                   irlba_2.3.3                      
 [57] gtools_3.8.2                      goftest_1.2-2                    
 [59] XML_3.99-0.3                      future_1.19.1                    
 [61] zlibbioc_1.32.0                   MASS_7.3-53                      
 [63] zoo_1.8-8                         scales_1.1.1                     
 [65] BSgenome_1.54.0                   spatstat.utils_1.17-0            
 [67] promises_1.1.1                    RColorBrewer_1.1-2               
 [69] reticulate_1.16                   pbapply_1.4-3                    
 [71] rpart_4.1-15                      stringi_1.5.3                    
 [73] repr_1.1.0                        rlang_0.4.7                      
 [75] pkgconfig_2.0.3                   bitops_1.0-6                     
 [77] evaluate_0.14                     lattice_0.20-41                  
 [79] tensor_1.5                        ROCR_1.0-11                      
 [81] purrr_0.3.4                       Rhdf5lib_1.8.0                   
 [83] GenomicAlignments_1.22.1          patchwork_1.0.1                  
 [85] htmlwidgets_1.5.1                 labeling_0.3                     
 [87] cowplot_1.1.0                     tidyselect_1.1.0                 
 [89] RcppAnnoy_0.0.16                  plyr_1.8.6                       
 [91] R6_2.4.1                          generics_0.0.2                   
 [93] pbdZMQ_0.3-3                      mgcv_1.8-33                      
 [95] pillar_1.4.6                      withr_2.3.0                      
 [97] fitdistrplus_1.1-1                abind_1.4-5                      
 [99] survival_3.2-7                    RCurl_1.98-1.2                   
[101] tibble_3.0.3                      future.apply_1.6.0               
[103] crayon_1.3.4                      uuid_0.1-4                       
[105] KernSmooth_2.23-17                plotly_4.9.2.1                   
[107] digest_0.6.25                     xtable_1.8-4                     
[109] tidyr_1.1.2                       httpuv_1.5.4                     
[111] munsell_0.5.0                     viridisLite_0.3.0                


------- Log Info


2020-10-05 13:57:28 : Input-Parameters, Class = list

Input-Parameters$ArchRProj: length = 1
class: ArchRProject 
outputDirectory: /home/bnphan/projects/snATAC_cross_species_caudate/data/raw_data/mm10/BICCN_mouse_caudoputamen/ArchR_BICCN_CP_4D_neuron 
samples(2): CEMBA171219_4D CEMBA171214_4D
sampleColData names(1): ArrowFiles
cellColData names(19): Sample TSSEnrichment ... Clusters Clusters2
numberOfCells(1): 1
medianTSS(1): 14.205
medianFrags(1): 42336


Input-Parameters$embedding: length = 1
[1] "UMAP"


Input-Parameters$colorBy: length = 1
[1] "GeneScoreMatrix"


Input-Parameters$name: length = 6
[1] "Drd1"    "Tac1"    "Foxp2"   "Slc35d3" "Chrm4"   "Pdyn"   


Input-Parameters$log2Norm: length = 0
NULL


Input-Parameters$pal: length = 0
NULL


Input-Parameters$size: length = 1
[1] 0.1


Input-Parameters$sampleCells: length = 0
NULL


Input-Parameters$highlightCells: length = 0
NULL


Input-Parameters$rastr: length = 1
[1] TRUE


Input-Parameters$quantCut: length = 2
[1] 0.01 0.99


Input-Parameters$discreteSet: length = 0
NULL


Input-Parameters$continuousSet: length = 0
NULL


Input-Parameters$randomize: length = 1
[1] TRUE


Input-Parameters$keepAxis: length = 1
[1] FALSE


Input-Parameters$baseSize: length = 1
[1] 10


Input-Parameters$plotAs: length = 0
NULL


Input-Parameters$threads: length = 1
[1] 10


Input-Parameters$logFile: length = 1
[1] "ArchRLogs/ArchR-plotEmbedding-397415966eb96-Date-2020-10-05_Time-13-57-27.log"



2020-10-05 13:57:28 : 

2020-10-05 13:57:28 : Embedding data.frame, Class = data.frame
Embedding data.frame: nRows = 8786, nCols = 2
                                                IterativeLSI#UMAP_Dimension_1
CEMBA171214_4D#ATTCAGAATCTATCCGTGCCTTACCAGGACGT                      3.143084
CEMBA171214_4D#ATTCAGAACAGAACTGTTACGACCGTACTGAC                     -2.038470
CEMBA171214_4D#ATTCAGAATTAGCCTCTAAGATCCGTACTGAC                      3.108982
CEMBA171214_4D#CTGAAGCTGCAACCTAAATGACGTCCTATCCT                      2.917654
CEMBA171214_4D#GAGATTCCATAAGTCGTCCGGTAAGTACTGAC                      2.848094
CEMBA171214_4D#CTGAAGCTCGCTTGATATAGCCTTGTACTGAC                     -2.365865
                                                IterativeLSI#UMAP_Dimension_2
CEMBA171214_4D#ATTCAGAATCTATCCGTGCCTTACCAGGACGT                     7.0555823
CEMBA171214_4D#ATTCAGAACAGAACTGTTACGACCGTACTGAC                     0.2433308
CEMBA171214_4D#ATTCAGAATTAGCCTCTAAGATCCGTACTGAC                     6.8481490
CEMBA171214_4D#CTGAAGCTGCAACCTAAATGACGTCCTATCCT                     6.0083110
CEMBA171214_4D#GAGATTCCATAAGTCGTCCGGTAAGTACTGAC                     6.5566613
CEMBA171214_4D#CTGAAGCTCGCTTGATATAGCCTTGTACTGAC                    -1.6640504



2020-10-05 13:57:28 : 

2020-10-05 13:57:28 : 

2020-10-05 13:57:28 : FeatureDF, Class = DFrame
DataFrame with 24333 rows and 6 columns
      seqnames     start       end  strand          name     idx
         <Rle>   <array>   <array> <array>       <array> <array>
1         chr1   3671498   3214482       2          Xkr4       1
2         chr1   4409241   4290846       2           Rp1       2
3         chr1   4497354   4490928       2         Sox17       3
4         chr1   4785726   4773198       2        Mrpl15       4
5         chr1   4807893   4846735       1        Lypla1       5
...        ...       ...       ...     ...           ...     ...
24329     chrX 169320372 169251538       2          Hccs    1039
24330     chrX 169320422 169368178       1       Gm15246    1040
24331     chrX 169685199 169990798       1          Mid1    1041
24332     chrX 169779635 169776378       2 4933400A11Rik    1042
24333     chrX 170672644 170678054       1          Asmt    1043


2020-10-05 13:57:28 : idx, Class = integer

idx: length = 6
[1]  5618 17320 17345  1448 12266 12650



2020-10-05 13:57:28 : FeatureDF-Subset, Class = DFrame
DataFrame with 6 rows and 6 columns
  seqnames     start       end  strand    name     idx
     <Rle>   <array>   <array> <array> <array> <array>
1    chr13  54055658  54051183       2    Drd1     443
2     chr6   7554885   7562978       1    Tac1      33
3     chr6  14901349  15441977       1   Foxp2      58
4    chr10  19851459  19847917       2 Slc35d3      90
5     chr2  91922189  91929829       1   Chrm4    1013
6     chr2 129699938 129686549       2    Pdyn    1397


2020-10-05 13:57:30 : Feature-Matrix, Class = dgCMatrix
Feature-Matrix: nRows = 6, nCols = 8786
Feature-Matrix: NonZeroEntries = 16690, EntryRange = [ 0.06 , 69.349 ]
5 x 5 sparse Matrix of class "dgCMatrix"
     CEMBA171214_4D#ATTCAGAATCTATCCGTGCCTTACCAGGACGT
[1,]                                           .    
[2,]                                           0.210
[3,]                                           0.479
[4,]                                           0.139
[5,]                                           0.399
     CEMBA171214_4D#ATTCAGAACAGAACTGTTACGACCGTACTGAC
[1,]                                           0.979
[2,]                                           0.318
[3,]                                           3.377
[4,]                                           1.705
[5,]                                           1.207
     CEMBA171214_4D#ATTCAGAATTAGCCTCTAAGATCCGTACTGAC
[1,]                                           .    
[2,]                                           1.803
[3,]                                           1.137
[4,]                                           .    
[5,]                                           0.765
     CEMBA171214_4D#CTGAAGCTGCAACCTAAATGACGTCCTATCCT
[1,]                                           0.150
[2,]                                           1.186
[3,]                                           2.580
[4,]                                           0.949
[5,]                                           .    
     CEMBA171214_4D#GAGATTCCATAAGTCGTCCGGTAAGTACTGAC
[1,]                                           0.140
[2,]                                           1.515
[3,]                                           0.330
[4,]                                           0.533
[5,]                                           .    



2020-10-05 13:57:30 : colorMat-Before-Impute, Class = matrix
        CEMBA171214_4D#ATTCAGAATCTATCCGTGCCTTACCAGGACGT
Drd1                                              0.000
Tac1                                              0.210
Foxp2                                             0.479
Slc35d3                                           0.139
Chrm4                                             0.399
        CEMBA171214_4D#ATTCAGAACAGAACTGTTACGACCGTACTGAC
Drd1                                              0.979
Tac1                                              0.318
Foxp2                                             3.377
Slc35d3                                           1.705
Chrm4                                             1.207
        CEMBA171214_4D#ATTCAGAATTAGCCTCTAAGATCCGTACTGAC
Drd1                                              0.000
Tac1                                              1.803
Foxp2                                             1.137
Slc35d3                                           0.000
Chrm4                                             0.765
        CEMBA171214_4D#CTGAAGCTGCAACCTAAATGACGTCCTATCCT
Drd1                                              0.150
Tac1                                              1.186
Foxp2                                             2.580
Slc35d3                                           0.949
Chrm4                                             0.000
        CEMBA171214_4D#GAGATTCCATAAGTCGTCCGGTAAGTACTGAC
Drd1                                              0.140
Tac1                                              1.515
Foxp2                                             0.330
Slc35d3                                           0.533
Chrm4                                             0.000

colorMat-Before-Impute: nRows = 6, nCols = 8786


2020-10-05 13:57:30 : imputeMatrix Input-Parameters, Class = list

imputeMatrix Input-Parameters$mat: nRows = 6, nCols = 8786
        CEMBA171214_4D#ATTCAGAATCTATCCGTGCCTTACCAGGACGT
Drd1                                              0.000
Tac1                                              0.210
Foxp2                                             0.479
Slc35d3                                           0.139
Chrm4                                             0.399
        CEMBA171214_4D#ATTCAGAACAGAACTGTTACGACCGTACTGAC
Drd1                                              0.979
Tac1                                              0.318
Foxp2                                             3.377
Slc35d3                                           1.705
Chrm4                                             1.207
        CEMBA171214_4D#ATTCAGAATTAGCCTCTAAGATCCGTACTGAC
Drd1                                              0.000
Tac1                                              1.803
Foxp2                                             1.137
Slc35d3                                           0.000
Chrm4                                             0.765
        CEMBA171214_4D#CTGAAGCTGCAACCTAAATGACGTCCTATCCT
Drd1                                              0.150
Tac1                                              1.186
Foxp2                                             2.580
Slc35d3                                           0.949
Chrm4                                             0.000
        CEMBA171214_4D#GAGATTCCATAAGTCGTCCGGTAAGTACTGAC
Drd1                                              0.140
Tac1                                              1.515
Foxp2                                             0.330
Slc35d3                                           0.533
Chrm4                                             0.000


imputeMatrix Input-Parameters$threads: length = 1
[1] 10


imputeMatrix Input-Parameters$verbose: length = 1
[1] FALSE


imputeMatrix Input-Parameters$logFile: length = 1
[1] "ArchRLogs/ArchR-plotEmbedding-397415966eb96-Date-2020-10-05_Time-13-57-27.log"



2020-10-05 13:57:30 : mat, Class = matrix
        CEMBA171214_4D#ATTCAGAATCTATCCGTGCCTTACCAGGACGT
Drd1                                              0.000
Tac1                                              0.210
Foxp2                                             0.479
Slc35d3                                           0.139
Chrm4                                             0.399
        CEMBA171214_4D#ATTCAGAACAGAACTGTTACGACCGTACTGAC
Drd1                                              0.979
Tac1                                              0.318
Foxp2                                             3.377
Slc35d3                                           1.705
Chrm4                                             1.207
        CEMBA171214_4D#ATTCAGAATTAGCCTCTAAGATCCGTACTGAC
Drd1                                              0.000
Tac1                                              1.803
Foxp2                                             1.137
Slc35d3                                           0.000
Chrm4                                             0.765
        CEMBA171214_4D#CTGAAGCTGCAACCTAAATGACGTCCTATCCT
Drd1                                              0.150
Tac1                                              1.186
Foxp2                                             2.580
Slc35d3                                           0.949
Chrm4                                             0.000
        CEMBA171214_4D#GAGATTCCATAAGTCGTCCGGTAAGTACTGAC
Drd1                                              0.140
Tac1                                              1.515
Foxp2                                             0.330
Slc35d3                                           0.533
Chrm4                                             0.000

mat: nRows = 6, nCols = 8786


2020-10-05 13:57:30 : weightList, Class = SimpleList

weightList$w1: length = 1
[1] "/home/bnphan/projects/snATAC_cross_species_caudate/data/raw_data/mm10/BICCN_mouse_caudoputamen/ArchR_BICCN_CP_4D_neuron/ImputeWeights/Impute-Weights-Rep-1"


weightList$w2: length = 1
[1] "/home/bnphan/projects/snATAC_cross_species_caudate/data/raw_data/mm10/BICCN_mouse_caudoputamen/ArchR_BICCN_CP_4D_neuron/ImputeWeights/Impute-Weights-Rep-2"


2020-10-05 13:57:30 : Imputing Matrix (1 of 2), 0 mins elapsed.

2020-10-05 13:57:30 : 

2020-10-05 13:57:30 : 

2020-10-05 13:57:30 : 
2020-10-05 13:57:31 : Imputing Matrix (2 of 2), 0.009 mins elapsed.

2020-10-05 13:57:31 : 

2020-10-05 13:57:31 : 

2020-10-05 13:57:31 : 
2020-10-05 13:57:31 : Finished Imputing Matrix, 0.018 mins elapsed.

2020-10-05 13:57:31 : colorMat-After-Impute, Class = matrix
        CEMBA171214_4D#ATTCAGAATCTATCCGTGCCTTACCAGGACGT
Drd1                                          0.4191028
Tac1                                          0.3104634
Foxp2                                         1.3875324
Slc35d3                                       0.6417454
Chrm4                                         0.6763456
        CEMBA171214_4D#ATTCAGAACAGAACTGTTACGACCGTACTGAC
Drd1                                          1.4665259
Tac1                                          0.8466287
Foxp2                                         2.5681109
Slc35d3                                       1.4408049
Chrm4                                         0.7958178
        CEMBA171214_4D#ATTCAGAATTAGCCTCTAAGATCCGTACTGAC
Drd1                                          0.4615201
Tac1                                          0.3619569
Foxp2                                         1.3905085
Slc35d3                                       0.6061429
Chrm4                                         0.6582267
        CEMBA171214_4D#CTGAAGCTGCAACCTAAATGACGTCCTATCCT
Drd1                                          0.8469202
Tac1                                          0.4935399
Foxp2                                         2.4646897
Slc35d3                                       0.8654797
Chrm4                                         0.7484842
        CEMBA171214_4D#GAGATTCCATAAGTCGTCCGGTAAGTACTGAC
Drd1                                          1.1833257
Tac1                                          0.8394308
Foxp2                                         2.9259301
Slc35d3                                       1.0533080
Chrm4                                         0.8438759

colorMat-After-Impute: nRows = 6, nCols = 8786


2020-10-05 13:57:31 : ColorParams 1, Class = list

ColorParams 1$color: length = 8786
CEMBA171214_4D#ATTCAGAATCTATCCGTGCCTTACCAGGACGT 
                                      0.4191028 
CEMBA171214_4D#ATTCAGAACAGAACTGTTACGACCGTACTGAC 
                                      1.4665259 
CEMBA171214_4D#ATTCAGAATTAGCCTCTAAGATCCGTACTGAC 
                                      0.4615201 
CEMBA171214_4D#CTGAAGCTGCAACCTAAATGACGTCCTATCCT 
                                      0.8469202 
CEMBA171214_4D#GAGATTCCATAAGTCGTCCGGTAAGTACTGAC 
                                      1.1833257 
CEMBA171214_4D#CTGAAGCTCGCTTGATATAGCCTTGTACTGAC 
                                      1.5893060 


ColorParams 1$discrete: length = 1
[1] FALSE


ColorParams 1$title: length = 1
[1] "UMAP of IterativeLSI colored by\nGeneScoreMatrix : Drd1"


ColorParams 1$continuousSet: length = 1
[1] "horizonExtra"



2020-10-05 13:57:31 : PlotParams-1, Class = list

PlotParams-1$color: length = 8786
CEMBA171214_4D#ATTCAGAATCTATCCGTGCCTTACCAGGACGT 
                                      0.5049791 
CEMBA171214_4D#ATTCAGAACAGAACTGTTACGACCGTACTGAC 
                                      1.3024804 
CEMBA171214_4D#ATTCAGAATTAGCCTCTAAGATCCGTACTGAC 
                                      0.5474697 
CEMBA171214_4D#CTGAAGCTGCAACCTAAATGACGTCCTATCCT 
                                      0.8851215 
CEMBA171214_4D#GAGATTCCATAAGTCGTCCGGTAAGTACTGAC 
                                      1.1265274 
CEMBA171214_4D#CTGAAGCTCGCTTGATATAGCCTTGTACTGAC 
                                      1.3725655 


PlotParams-1$title: length = 1
[1] "UMAP of IterativeLSI colored by\nGeneScoreMatrix : Drd1"


PlotParams-1$x: length = 8786
[1]  3.143084 -2.038470  3.108982  2.917654  2.848094 -2.365865


PlotParams-1$y: length = 8786
[1]  7.0555823  0.2433308  6.8481490  6.0083110  6.5566613 -1.6640504


PlotParams-1$baseSize: length = 1
[1] 10


PlotParams-1$xlabel: length = 1
[1] "UMAP Dimension 1"


PlotParams-1$ylabel: length = 1
[1] "UMAP Dimension 2"


PlotParams-1$pal: length = 256
[1] "#000436" "#000439" "#00053D" "#000640" "#000744" "#000848"


PlotParams-1$colorTitle: length = 1
[1] "Log2(NormCounts + 1)"



2020-10-05 13:57:31 : PlotParams-2, Class = list

PlotParams-2$color: length = 8786
CEMBA171214_4D#ATTCAGAATCTATCCGTGCCTTACCAGGACGT 
                                      0.3900770 
CEMBA171214_4D#ATTCAGAACAGAACTGTTACGACCGTACTGAC 
                                      0.8848938 
CEMBA171214_4D#ATTCAGAATTAGCCTCTAAGATCCGTACTGAC 
                                      0.4456811 
CEMBA171214_4D#CTGAAGCTGCAACCTAAATGACGTCCTATCCT 
                                      0.5787358 
CEMBA171214_4D#GAGATTCCATAAGTCGTCCGGTAAGTACTGAC 
                                      0.8792594 
CEMBA171214_4D#CTGAAGCTCGCTTGATATAGCCTTGTACTGAC 
                                      1.0039387 


PlotParams-2$title: length = 1
[1] "UMAP of IterativeLSI colored by\nGeneScoreMatrix : Tac1"


PlotParams-2$x: length = 8786
[1]  3.143084 -2.038470  3.108982  2.917654  2.848094 -2.365865


PlotParams-2$y: length = 8786
[1]  7.0555823  0.2433308  6.8481490  6.0083110  6.5566613 -1.6640504


PlotParams-2$baseSize: length = 1
[1] 10


PlotParams-2$xlabel: length = 1
[1] "UMAP Dimension 1"


PlotParams-2$ylabel: length = 1
[1] "UMAP Dimension 2"


PlotParams-2$pal: length = 256
[1] "#000436" "#000439" "#00053D" "#000640" "#000744" "#000848"


PlotParams-2$colorTitle: length = 1
[1] "Log2(NormCounts + 1)"



2020-10-05 13:57:32 : PlotParams-3, Class = list

PlotParams-3$color: length = 8786
CEMBA171214_4D#ATTCAGAATCTATCCGTGCCTTACCAGGACGT 
                                       1.255520 
CEMBA171214_4D#ATTCAGAACAGAACTGTTACGACCGTACTGAC 
                                       1.835160 
CEMBA171214_4D#ATTCAGAATTAGCCTCTAAGATCCGTACTGAC 
                                       1.257318 
CEMBA171214_4D#CTGAAGCTGCAACCTAAATGACGTCCTATCCT 
                                       1.792726 
CEMBA171214_4D#GAGATTCCATAAGTCGTCCGGTAAGTACTGAC 
                                       1.973034 
CEMBA171214_4D#CTGAAGCTCGCTTGATATAGCCTTGTACTGAC 
                                       1.861567 


PlotParams-3$title: length = 1
[1] "UMAP of IterativeLSI colored by\nGeneScoreMatrix : Foxp2"


PlotParams-3$x: length = 8786
[1]  3.143084 -2.038470  3.108982  2.917654  2.848094 -2.365865


PlotParams-3$y: length = 8786
[1]  7.0555823  0.2433308  6.8481490  6.0083110  6.5566613 -1.6640504


PlotParams-3$baseSize: length = 1
[1] 10


PlotParams-3$xlabel: length = 1
[1] "UMAP Dimension 1"


PlotParams-3$ylabel: length = 1
[1] "UMAP Dimension 2"


PlotParams-3$pal: length = 256
[1] "#000436" "#000439" "#00053D" "#000640" "#000744" "#000848"


PlotParams-3$colorTitle: length = 1
[1] "Log2(NormCounts + 1)"



2020-10-05 13:57:32 : PlotParams-4, Class = list

PlotParams-4$color: length = 8786
CEMBA171214_4D#ATTCAGAATCTATCCGTGCCTTACCAGGACGT 
                                      0.7152304 
CEMBA171214_4D#ATTCAGAACAGAACTGTTACGACCGTACTGAC 
                                      1.2873570 
CEMBA171214_4D#ATTCAGAATTAGCCTCTAAGATCCGTACTGAC 
                                      0.6836002 
CEMBA171214_4D#CTGAAGCTGCAACCTAAATGACGTCCTATCCT 
                                      0.8995466 
CEMBA171214_4D#GAGATTCCATAAGTCGTCCGGTAAGTACTGAC 
                                      1.0379500 
CEMBA171214_4D#CTGAAGCTCGCTTGATATAGCCTTGTACTGAC 
                                      1.3683042 


PlotParams-4$title: length = 1
[1] "UMAP of IterativeLSI colored by\nGeneScoreMatrix : Slc35d3"


PlotParams-4$x: length = 8786
[1]  3.143084 -2.038470  3.108982  2.917654  2.848094 -2.365865


PlotParams-4$y: length = 8786
[1]  7.0555823  0.2433308  6.8481490  6.0083110  6.5566613 -1.6640504


PlotParams-4$baseSize: length = 1
[1] 10


PlotParams-4$xlabel: length = 1
[1] "UMAP Dimension 1"


PlotParams-4$ylabel: length = 1
[1] "UMAP Dimension 2"


PlotParams-4$pal: length = 256
[1] "#000436" "#000439" "#00053D" "#000640" "#000744" "#000848"


PlotParams-4$colorTitle: length = 1
[1] "Log2(NormCounts + 1)"



2020-10-05 13:57:32 : PlotParams-5, Class = list

PlotParams-5$color: length = 8786
CEMBA171214_4D#ATTCAGAATCTATCCGTGCCTTACCAGGACGT 
                                      0.7453196 
CEMBA171214_4D#ATTCAGAACAGAACTGTTACGACCGTACTGAC 
                                      0.8446410 
CEMBA171214_4D#ATTCAGAATTAGCCTCTAAGATCCGTACTGAC 
                                      0.7296413 
CEMBA171214_4D#CTGAAGCTGCAACCTAAATGACGTCCTATCCT 
                                      0.8061047 
CEMBA171214_4D#GAGATTCCATAAGTCGTCCGGTAAGTACTGAC 
                                      0.8827416 
CEMBA171214_4D#CTGAAGCTCGCTTGATATAGCCTTGTACTGAC 
                                      0.8978752 


PlotParams-5$title: length = 1
[1] "UMAP of IterativeLSI colored by\nGeneScoreMatrix : Chrm4"


PlotParams-5$x: length = 8786
[1]  3.143084 -2.038470  3.108982  2.917654  2.848094 -2.365865


PlotParams-5$y: length = 8786
[1]  7.0555823  0.2433308  6.8481490  6.0083110  6.5566613 -1.6640504


PlotParams-5$baseSize: length = 1
[1] 10


PlotParams-5$xlabel: length = 1
[1] "UMAP Dimension 1"


PlotParams-5$ylabel: length = 1
[1] "UMAP Dimension 2"


PlotParams-5$pal: length = 256
[1] "#000436" "#000439" "#00053D" "#000640" "#000744" "#000848"


PlotParams-5$colorTitle: length = 1
[1] "Log2(NormCounts + 1)"



2020-10-05 13:57:32 : PlotParams-6, Class = list

PlotParams-6$color: length = 8786
CEMBA171214_4D#ATTCAGAATCTATCCGTGCCTTACCAGGACGT 
                                      0.3202306 
CEMBA171214_4D#ATTCAGAACAGAACTGTTACGACCGTACTGAC 
                                      0.7729814 
CEMBA171214_4D#ATTCAGAATTAGCCTCTAAGATCCGTACTGAC 
                                      0.3365341 
CEMBA171214_4D#CTGAAGCTGCAACCTAAATGACGTCCTATCCT 
                                      0.4850652 
CEMBA171214_4D#GAGATTCCATAAGTCGTCCGGTAAGTACTGAC 
                                      0.5754252 
CEMBA171214_4D#CTGAAGCTCGCTTGATATAGCCTTGTACTGAC 
                                      0.7846121 


PlotParams-6$title: length = 1
[1] "UMAP of IterativeLSI colored by\nGeneScoreMatrix : Pdyn"


PlotParams-6$x: length = 8786
[1]  3.143084 -2.038470  3.108982  2.917654  2.848094 -2.365865


PlotParams-6$y: length = 8786
[1]  7.0555823  0.2433308  6.8481490  6.0083110  6.5566613 -1.6640504


PlotParams-6$baseSize: length = 1
[1] 10


PlotParams-6$xlabel: length = 1
[1] "UMAP Dimension 1"


PlotParams-6$ylabel: length = 1
[1] "UMAP Dimension 2"


PlotParams-6$pal: length = 256
[1] "#000436" "#000439" "#00053D" "#000640" "#000744" "#000848"


PlotParams-6$colorTitle: length = 1
[1] "Log2(NormCounts + 1)"



------- Completed

End Time : 2020-10-05 13:57:32
Elapsed Time Minutes = 0.0980434695879618
Elapsed Time Hours = 0.00163410855664147

-------



