
           ___      .______        ______  __    __  .______      
          /   \     |   _  \      /      ||  |  |  | |   _  \     
         /  ^  \    |  |_)  |    |  ,----'|  |__|  | |  |_)  |    
        /  /_\  \   |      /     |  |     |   __   | |      /     
       /  _____  \  |  |\  \\___ |  `----.|  |  |  | |  |\  \\___.
      /__/     \__\ | _| `._____| \______||__|  |__| | _| `._____|
    
Logging With ArchR!

Start Time : 2020-10-05 13:41:42

------- ArchR Info

ArchRThreads = 10
ArchRGenome = Hg38

------- System Info

Computer OS = unix
Total Cores = 64

------- Session Info

R version 3.6.3 (2020-02-29)
Platform: x86_64-conda_cos6-linux-gnu (64-bit)
Running under: CentOS Linux 7 (Core)

Matrix products: default
BLAS/LAPACK: /home/bnphan/miniconda3/lib/libmkl_rt.so

locale:
 [1] LC_CTYPE=en_US.UTF-8       LC_NUMERIC=C              
 [3] LC_TIME=en_US.UTF-8        LC_COLLATE=en_US.UTF-8    
 [5] LC_MONETARY=en_US.UTF-8    LC_MESSAGES=en_US.UTF-8   
 [7] LC_PAPER=en_US.UTF-8       LC_NAME=C                 
 [9] LC_ADDRESS=C               LC_TELEPHONE=C            
[11] LC_MEASUREMENT=en_US.UTF-8 LC_IDENTIFICATION=C       

attached base packages:
 [1] grid      parallel  stats4    stats     graphics  grDevices utils    
 [8] datasets  methods   base     

other attached packages:
 [1] gridExtra_2.3               uwot_0.1.8                 
 [3] Seurat_3.2.2                gtable_0.3.0               
 [5] ArchR_0.9.5                 magrittr_1.5               
 [7] rhdf5_2.30.1                Matrix_1.2-18              
 [9] data.table_1.13.0           SummarizedExperiment_1.16.1
[11] DelayedArray_0.12.3         BiocParallel_1.20.1        
[13] matrixStats_0.57.0          Biobase_2.46.0             
[15] GenomicRanges_1.38.0        GenomeInfoDb_1.22.1        
[17] IRanges_2.20.2              S4Vectors_0.24.4           
[19] BiocGenerics_0.32.0         ggplot2_3.3.2              
[21] colorout_1.2-2             

loaded via a namespace (and not attached):
  [1] Rtsne_0.15                        colorspace_1.4-1                 
  [3] deldir_0.1-29                     ellipsis_0.3.1                   
  [5] ggridges_0.5.2                    BSgenome.Hsapiens.UCSC.hg38_1.4.1
  [7] IRdisplay_0.7.0                   XVector_0.26.0                   
  [9] base64enc_0.1-3                   spatstat.data_1.4-3              
 [11] leiden_0.3.3                      listenv_0.8.0                    
 [13] farver_2.0.3                      hexbin_1.28.1                    
 [15] ggrepel_0.8.2                     codetools_0.2-16                 
 [17] splines_3.6.3                     polyclip_1.10-0                  
 [19] IRkernel_1.1.1                    jsonlite_1.7.1                   
 [21] Rsamtools_2.2.3                   Cairo_1.5-12.2                   
 [23] ica_1.0-2                         cluster_2.1.0                    
 [25] png_0.1-7                         pheatmap_1.0.12                  
 [27] sctransform_0.3                   shiny_1.5.0                      
 [29] compiler_3.6.3                    httr_1.4.2                       
 [31] fastmap_1.0.1                     lazyeval_0.2.2                   
 [33] later_1.1.0.1                     htmltools_0.5.0                  
 [35] tools_3.6.3                       rsvd_1.0.3                       
 [37] igraph_1.2.5                      glue_1.4.2                       
 [39] GenomeInfoDbData_1.2.2            reshape2_1.4.4                   
 [41] RANN_2.6.1                        dplyr_1.0.2                      
 [43] rappdirs_0.3.1                    spatstat_1.64-1                  
 [45] Rcpp_1.0.5                        vctrs_0.3.4                      
 [47] Biostrings_2.54.0                 nlme_3.1-149                     
 [49] rtracklayer_1.46.0                lmtest_0.9-38                    
 [51] stringr_1.4.0                     globals_0.13.0                   
 [53] mime_0.9                          miniUI_0.1.1.1                   
 [55] lifecycle_0.2.0                   irlba_2.3.3                      
 [57] gtools_3.8.2                      goftest_1.2-2                    
 [59] XML_3.99-0.3                      future_1.19.1                    
 [61] zlibbioc_1.32.0                   MASS_7.3-53                      
 [63] zoo_1.8-8                         scales_1.1.1                     
 [65] BSgenome_1.54.0                   spatstat.utils_1.17-0            
 [67] promises_1.1.1                    RColorBrewer_1.1-2               
 [69] reticulate_1.16                   pbapply_1.4-3                    
 [71] rpart_4.1-15                      stringi_1.5.3                    
 [73] repr_1.1.0                        rlang_0.4.7                      
 [75] pkgconfig_2.0.3                   bitops_1.0-6                     
 [77] evaluate_0.14                     lattice_0.20-41                  
 [79] tensor_1.5                        ROCR_1.0-11                      
 [81] purrr_0.3.4                       Rhdf5lib_1.8.0                   
 [83] GenomicAlignments_1.22.1          patchwork_1.0.1                  
 [85] htmlwidgets_1.5.1                 labeling_0.3                     
 [87] cowplot_1.1.0                     tidyselect_1.1.0                 
 [89] RcppAnnoy_0.0.16                  plyr_1.8.6                       
 [91] R6_2.4.1                          generics_0.0.2                   
 [93] pbdZMQ_0.3-3                      mgcv_1.8-33                      
 [95] pillar_1.4.6                      withr_2.3.0                      
 [97] fitdistrplus_1.1-1                abind_1.4-5                      
 [99] survival_3.2-7                    RCurl_1.98-1.2                   
[101] tibble_3.0.3                      future.apply_1.6.0               
[103] crayon_1.3.4                      uuid_0.1-4                       
[105] KernSmooth_2.23-17                plotly_4.9.2.1                   
[107] digest_0.6.25                     xtable_1.8-4                     
[109] tidyr_1.1.2                       httpuv_1.5.4                     
[111] munsell_0.5.0                     viridisLite_0.3.0                


------- Log Info


2020-10-05 13:41:42 : addImputeWeights Input-Parameters, Class = list

addImputeWeights Input-Parameters$ArchRProj: length = 1
class: ArchRProject 
outputDirectory: /home/bnphan/projects/snATAC_cross_species_caudate/data/raw_data/mm10/BICCN_mouse_caudoputamen/ArchR_BICCN_CP_4D_neuron 
samples(2): CEMBA171219_4D CEMBA171214_4D
sampleColData names(1): ArrowFiles
cellColData names(18): Sample TSSEnrichment ... Region Clusters
numberOfCells(1): 1
medianTSS(1): 14.205
medianFrags(1): 42336


addImputeWeights Input-Parameters$reducedDims: length = 1
[1] "IterativeLSI"


addImputeWeights Input-Parameters$dimsToUse: length = 0
NULL


addImputeWeights Input-Parameters$scaleDims: length = 0
NULL


addImputeWeights Input-Parameters$corCutOff: length = 1
[1] 0.75


addImputeWeights Input-Parameters$td: length = 1
[1] 3


addImputeWeights Input-Parameters$ka: length = 1
[1] 4


addImputeWeights Input-Parameters$sampleCells: length = 1
[1] 5000


addImputeWeights Input-Parameters$nRep: length = 1
[1] 2


addImputeWeights Input-Parameters$k: length = 1
[1] 15


addImputeWeights Input-Parameters$epsilon: length = 1
[1] 1


addImputeWeights Input-Parameters$useHdf5: length = 1
[1] TRUE


addImputeWeights Input-Parameters$randomSuffix: length = 1
[1] FALSE


addImputeWeights Input-Parameters$threads: length = 1
[1] 10


addImputeWeights Input-Parameters$seed: length = 1
[1] 1


addImputeWeights Input-Parameters$verbose: length = 1
[1] TRUE


addImputeWeights Input-Parameters$logFile: length = 1
[1] "ArchRLogs/ArchR-addImputeWeights-3974145d21ea7-Date-2020-10-05_Time-13-41-42.log"


2020-10-05 13:41:42 : Computing Impute Weights Using Magic (Cell 2018), 0 mins elapsed.
2020-10-05 13:41:42 : Computing Partial Diffusion Matrix with Magic (1 of 2), 0.001 mins elapsed.
2020-10-05 13:41:42 : Computing Partial Diffusion Matrix with Magic (2 of 2), 0.001 mins elapsed.
2020-10-05 13:41:54 : Completed Getting Magic Weights!, 0.206 mins elapsed.
