
           ___      .______        ______  __    __  .______      
          /   \     |   _  \      /      ||  |  |  | |   _  \     
         /  ^  \    |  |_)  |    |  ,----'|  |__|  | |  |_)  |    
        /  /_\  \   |      /     |  |     |   __   | |      /     
       /  _____  \  |  |\  \\___ |  `----.|  |  |  | |  |\  \\___.
      /__/     \__\ | _| `._____| \______||__|  |__| | _| `._____|
    
Logging With ArchR!

Start Time : 2020-10-05 13:52:32

------- ArchR Info

ArchRThreads = 10
ArchRGenome = Hg38

------- System Info

Computer OS = unix
Total Cores = 64

------- Session Info

R version 3.6.3 (2020-02-29)
Platform: x86_64-conda_cos6-linux-gnu (64-bit)
Running under: CentOS Linux 7 (Core)

Matrix products: default
BLAS/LAPACK: /home/bnphan/miniconda3/lib/libmkl_rt.so

locale:
 [1] LC_CTYPE=en_US.UTF-8       LC_NUMERIC=C              
 [3] LC_TIME=en_US.UTF-8        LC_COLLATE=en_US.UTF-8    
 [5] LC_MONETARY=en_US.UTF-8    LC_MESSAGES=en_US.UTF-8   
 [7] LC_PAPER=en_US.UTF-8       LC_NAME=C                 
 [9] LC_ADDRESS=C               LC_TELEPHONE=C            
[11] LC_MEASUREMENT=en_US.UTF-8 LC_IDENTIFICATION=C       

attached base packages:
[1] parallel  stats4    stats     graphics  grDevices utils     datasets 
[8] methods   base     

other attached packages:
 [1] gtable_0.3.0                ArchR_0.9.5                
 [3] magrittr_1.5                rhdf5_2.30.1               
 [5] Matrix_1.2-18               data.table_1.13.0          
 [7] SummarizedExperiment_1.16.1 DelayedArray_0.12.3        
 [9] BiocParallel_1.20.1         matrixStats_0.57.0         
[11] Biobase_2.46.0              GenomicRanges_1.38.0       
[13] GenomeInfoDb_1.22.1         IRanges_2.20.2             
[15] S4Vectors_0.24.4            BiocGenerics_0.32.0        
[17] ggplot2_3.3.2               colorout_1.2-2             

loaded via a namespace (and not attached):
 [1] BSgenome.Hsapiens.UCSC.hg38_1.4.1 Rcpp_1.0.5                       
 [3] lattice_0.20-41                   Rsamtools_2.2.3                  
 [5] Biostrings_2.54.0                 gtools_3.8.2                     
 [7] digest_0.6.25                     IRdisplay_0.7.0                  
 [9] R6_2.4.1                          repr_1.1.0                       
[11] evaluate_0.14                     pillar_1.4.6                     
[13] zlibbioc_1.32.0                   rlang_0.4.7                      
[15] uuid_0.1-4                        hexbin_1.28.1                    
[17] labeling_0.3                      stringr_1.4.0                    
[19] pheatmap_1.0.12                   RCurl_1.98-1.2                   
[21] munsell_0.5.0                     compiler_3.6.3                   
[23] rtracklayer_1.46.0                pkgconfig_2.0.3                  
[25] base64enc_0.1-3                   htmltools_0.5.0                  
[27] tidyselect_1.1.0                  tibble_3.0.3                     
[29] GenomeInfoDbData_1.2.2            XML_3.99-0.3                     
[31] crayon_1.3.4                      dplyr_1.0.2                      
[33] withr_2.3.0                       GenomicAlignments_1.22.1         
[35] bitops_1.0-6                      grid_3.6.3                       
[37] jsonlite_1.7.1                    lifecycle_0.2.0                  
[39] scales_1.1.1                      stringi_1.5.3                    
[41] farver_2.0.3                      XVector_0.26.0                   
[43] ellipsis_0.3.1                    generics_0.0.2                   
[45] vctrs_0.3.4                       cowplot_1.1.0                    
[47] IRkernel_1.1.1                    Rhdf5lib_1.8.0                   
[49] RColorBrewer_1.1-2                tools_3.6.3                      
[51] Cairo_1.5-12.2                    BSgenome_1.54.0                  
[53] glue_1.4.2                        purrr_0.3.4                      
[55] colorspace_1.4-1                  pbdZMQ_0.3-3                     


------- Log Info


2020-10-05 13:52:32 : Input-Parameters, Class = list

Input-Parameters$ArchRProj: length = 1
class: ArchRProject 
outputDirectory: /home/bnphan/projects/snATAC_cross_species_caudate/data/raw_data/mm10/BICCN_mouse_caudoputamen/ArchR_BICCN_CP_5E 
samples(2): CEMBA180813_5E CEMBA180820_5E
sampleColData names(1): ArrowFiles
cellColData names(18): Sample TSSEnrichment ... Region Clusters
numberOfCells(1): 1
medianTSS(1): 14.738
medianFrags(1): 20162


Input-Parameters$embedding: length = 1
[1] "UMAP"


Input-Parameters$colorBy: length = 1
[1] "GeneScoreMatrix"


Input-Parameters$name: length = 7
[1] "Rbfox3" "Lhx6"   "Aqp4"   "Cx3cr1" "Pdgfra" "Mog"   


Input-Parameters$log2Norm: length = 0
NULL


Input-Parameters$pal: length = 0
NULL


Input-Parameters$size: length = 1
[1] 0.1


Input-Parameters$sampleCells: length = 0
NULL


Input-Parameters$highlightCells: length = 0
NULL


Input-Parameters$rastr: length = 1
[1] TRUE


Input-Parameters$quantCut: length = 2
[1] 0.01 0.99


Input-Parameters$discreteSet: length = 0
NULL


Input-Parameters$continuousSet: length = 0
NULL


Input-Parameters$randomize: length = 1
[1] TRUE


Input-Parameters$keepAxis: length = 1
[1] FALSE


Input-Parameters$baseSize: length = 1
[1] 10


Input-Parameters$plotAs: length = 0
NULL


Input-Parameters$threads: length = 1
[1] 10


Input-Parameters$logFile: length = 1
[1] "ArchRLogs/ArchR-plotEmbedding-3c8cb645c1422-Date-2020-10-05_Time-13-52-32.log"



2020-10-05 13:52:32 : 

2020-10-05 13:52:32 : Embedding data.frame, Class = data.frame
Embedding data.frame: nRows = 13017, nCols = 2
                                                IterativeLSI#UMAP_Dimension_1
CEMBA180813_5E#TATCGGTTCTTCAATGCATTCAGTGGATACTA                     -3.725456
CEMBA180813_5E#ACATTGGCGGAGCTACCATTCAGTTATCCTCT                     -3.357051
CEMBA180813_5E#ACATTGGCACGTTCGACATTCAGTAAGAGATG                     -3.976632
CEMBA180813_5E#CAGTTGCACTTCAATGGGAAGACTAATGACGT                     -3.159399
CEMBA180813_5E#CAGTTGCAACGAATCTACAAGGATAATGACGT                     -5.207888
CEMBA180813_5E#CATGTCAGGCCTCAATCATTCAGTATAGCCTT                     -5.320161
                                                IterativeLSI#UMAP_Dimension_2
CEMBA180813_5E#TATCGGTTCTTCAATGCATTCAGTGGATACTA                     -3.138510
CEMBA180813_5E#ACATTGGCGGAGCTACCATTCAGTTATCCTCT                     -1.762884
CEMBA180813_5E#ACATTGGCACGTTCGACATTCAGTAAGAGATG                     -3.963959
CEMBA180813_5E#CAGTTGCACTTCAATGGGAAGACTAATGACGT                     -3.218600
CEMBA180813_5E#CAGTTGCAACGAATCTACAAGGATAATGACGT                     -1.723433
CEMBA180813_5E#CATGTCAGGCCTCAATCATTCAGTATAGCCTT                     -1.395599



2020-10-05 13:52:32 : 

2020-10-05 13:52:32 : 

2020-10-05 13:52:32 : FeatureDF, Class = DFrame
DataFrame with 24333 rows and 6 columns
      seqnames     start       end  strand          name     idx
         <Rle>   <array>   <array> <array>       <array> <array>
1         chr1   3671498   3214482       2          Xkr4       1
2         chr1   4409241   4290846       2           Rp1       2
3         chr1   4497354   4490928       2         Sox17       3
4         chr1   4785726   4773198       2        Mrpl15       4
5         chr1   4807893   4846735       1        Lypla1       5
...        ...       ...       ...     ...           ...     ...
24329     chrX 169320372 169251538       2          Hccs    1039
24330     chrX 169320422 169368178       1       Gm15246    1040
24331     chrX 169685199 169990798       1          Mid1    1041
24332     chrX 169779635 169776378       2 4933400A11Rik    1042
24333     chrX 170672644 170678054       1          Asmt    1043


2020-10-05 13:52:32 : idx, Class = integer

idx: length = 7
[1]  4249 11707  9924 23216 16378  9385



2020-10-05 13:52:32 : FeatureDF-Subset, Class = DFrame
DataFrame with 7 rows and 6 columns
  seqnames     start       end  strand    name     idx
     <Rle>   <array>   <array> <array> <array> <array>
1    chr11 118911597 118489760       2  Rbfox3    1744
2     chr2  36105408  36081953       2    Lhx6     454
3    chr18  15410982  15389394       2    Aqp4      68
4     chr9 120068296 120048683       2  Cx3cr1    1278
5     chr5  75152291  75198204       1  Pdgfra     476
6    chr17  37023398  37010740       2     Mog     713
7     chr1  75360292  75368579       1     Des     447


2020-10-05 13:52:35 : Feature-Matrix, Class = dgCMatrix
Feature-Matrix: nRows = 7, nCols = 13017
Feature-Matrix: NonZeroEntries = 13212, EntryRange = [ 0.151 , 64.182 ]
5 x 5 sparse Matrix of class "dgCMatrix"
     CEMBA180813_5E#TATCGGTTCTTCAATGCATTCAGTGGATACTA
[1,]                                           2.488
[2,]                                           .    
[3,]                                           .    
[4,]                                           .    
[5,]                                           .    
     CEMBA180813_5E#ACATTGGCGGAGCTACCATTCAGTTATCCTCT
[1,]                                           2.681
[2,]                                           .    
[3,]                                           0.151
[4,]                                           .    
[5,]                                           .    
     CEMBA180813_5E#ACATTGGCACGTTCGACATTCAGTAAGAGATG
[1,]                                           7.265
[2,]                                           .    
[3,]                                           0.178
[4,]                                           .    
[5,]                                           .    
     CEMBA180813_5E#CAGTTGCACTTCAATGGGAAGACTAATGACGT
[1,]                                           4.189
[2,]                                           .    
[3,]                                           0.344
[4,]                                           .    
[5,]                                           .    
     CEMBA180813_5E#CAGTTGCAACGAATCTACAAGGATAATGACGT
[1,]                                           4.046
[2,]                                           .    
[3,]                                           0.166
[4,]                                           .    
[5,]                                           .    



2020-10-05 13:52:35 : colorMat-Before-Impute, Class = matrix
       CEMBA180813_5E#TATCGGTTCTTCAATGCATTCAGTGGATACTA
Rbfox3                                           2.488
Lhx6                                             0.000
Aqp4                                             0.000
Cx3cr1                                           0.000
Pdgfra                                           0.000
       CEMBA180813_5E#ACATTGGCGGAGCTACCATTCAGTTATCCTCT
Rbfox3                                           2.681
Lhx6                                             0.000
Aqp4                                             0.151
Cx3cr1                                           0.000
Pdgfra                                           0.000
       CEMBA180813_5E#ACATTGGCACGTTCGACATTCAGTAAGAGATG
Rbfox3                                           7.265
Lhx6                                             0.000
Aqp4                                             0.178
Cx3cr1                                           0.000
Pdgfra                                           0.000
       CEMBA180813_5E#CAGTTGCACTTCAATGGGAAGACTAATGACGT
Rbfox3                                           4.189
Lhx6                                             0.000
Aqp4                                             0.344
Cx3cr1                                           0.000
Pdgfra                                           0.000
       CEMBA180813_5E#CAGTTGCAACGAATCTACAAGGATAATGACGT
Rbfox3                                           4.046
Lhx6                                             0.000
Aqp4                                             0.166
Cx3cr1                                           0.000
Pdgfra                                           0.000

colorMat-Before-Impute: nRows = 7, nCols = 13017


2020-10-05 13:52:35 : imputeMatrix Input-Parameters, Class = list

imputeMatrix Input-Parameters$mat: nRows = 7, nCols = 13017
       CEMBA180813_5E#TATCGGTTCTTCAATGCATTCAGTGGATACTA
Rbfox3                                           2.488
Lhx6                                             0.000
Aqp4                                             0.000
Cx3cr1                                           0.000
Pdgfra                                           0.000
       CEMBA180813_5E#ACATTGGCGGAGCTACCATTCAGTTATCCTCT
Rbfox3                                           2.681
Lhx6                                             0.000
Aqp4                                             0.151
Cx3cr1                                           0.000
Pdgfra                                           0.000
       CEMBA180813_5E#ACATTGGCACGTTCGACATTCAGTAAGAGATG
Rbfox3                                           7.265
Lhx6                                             0.000
Aqp4                                             0.178
Cx3cr1                                           0.000
Pdgfra                                           0.000
       CEMBA180813_5E#CAGTTGCACTTCAATGGGAAGACTAATGACGT
Rbfox3                                           4.189
Lhx6                                             0.000
Aqp4                                             0.344
Cx3cr1                                           0.000
Pdgfra                                           0.000
       CEMBA180813_5E#CAGTTGCAACGAATCTACAAGGATAATGACGT
Rbfox3                                           4.046
Lhx6                                             0.000
Aqp4                                             0.166
Cx3cr1                                           0.000
Pdgfra                                           0.000


imputeMatrix Input-Parameters$threads: length = 1
[1] 10


imputeMatrix Input-Parameters$verbose: length = 1
[1] FALSE


imputeMatrix Input-Parameters$logFile: length = 1
[1] "ArchRLogs/ArchR-plotEmbedding-3c8cb645c1422-Date-2020-10-05_Time-13-52-32.log"



2020-10-05 13:52:35 : mat, Class = matrix
       CEMBA180813_5E#TATCGGTTCTTCAATGCATTCAGTGGATACTA
Rbfox3                                           2.488
Lhx6                                             0.000
Aqp4                                             0.000
Cx3cr1                                           0.000
Pdgfra                                           0.000
       CEMBA180813_5E#ACATTGGCGGAGCTACCATTCAGTTATCCTCT
Rbfox3                                           2.681
Lhx6                                             0.000
Aqp4                                             0.151
Cx3cr1                                           0.000
Pdgfra                                           0.000
       CEMBA180813_5E#ACATTGGCACGTTCGACATTCAGTAAGAGATG
Rbfox3                                           7.265
Lhx6                                             0.000
Aqp4                                             0.178
Cx3cr1                                           0.000
Pdgfra                                           0.000
       CEMBA180813_5E#CAGTTGCACTTCAATGGGAAGACTAATGACGT
Rbfox3                                           4.189
Lhx6                                             0.000
Aqp4                                             0.344
Cx3cr1                                           0.000
Pdgfra                                           0.000
       CEMBA180813_5E#CAGTTGCAACGAATCTACAAGGATAATGACGT
Rbfox3                                           4.046
Lhx6                                             0.000
Aqp4                                             0.166
Cx3cr1                                           0.000
Pdgfra                                           0.000

mat: nRows = 7, nCols = 13017


2020-10-05 13:52:35 : weightList, Class = SimpleList

weightList$w1: length = 1
[1] "/home/bnphan/projects/snATAC_cross_species_caudate/data/raw_data/mm10/BICCN_mouse_caudoputamen/ArchR_BICCN_CP_5E/ImputeWeights/Impute-Weights-Rep-1"


weightList$w2: length = 1
[1] "/home/bnphan/projects/snATAC_cross_species_caudate/data/raw_data/mm10/BICCN_mouse_caudoputamen/ArchR_BICCN_CP_5E/ImputeWeights/Impute-Weights-Rep-2"


2020-10-05 13:52:35 : Imputing Matrix (1 of 2), 0 mins elapsed.

2020-10-05 13:52:35 : 

2020-10-05 13:52:35 : 

2020-10-05 13:52:35 : 

2020-10-05 13:52:35 : 
2020-10-05 13:52:38 : Imputing Matrix (2 of 2), 0.055 mins elapsed.

2020-10-05 13:52:38 : 

2020-10-05 13:52:38 : 

2020-10-05 13:52:38 : 

2020-10-05 13:52:38 : 
2020-10-05 13:52:42 : Finished Imputing Matrix, 0.115 mins elapsed.

2020-10-05 13:52:42 : colorMat-After-Impute, Class = matrix
       CEMBA180813_5E#TATCGGTTCTTCAATGCATTCAGTGGATACTA
Rbfox3                                      3.19963928
Lhx6                                        0.07946465
Aqp4                                        0.33815592
Cx3cr1                                      0.03022281
Pdgfra                                      0.15209097
       CEMBA180813_5E#ACATTGGCGGAGCTACCATTCAGTTATCCTCT
Rbfox3                                      3.50297460
Lhx6                                        0.06956398
Aqp4                                        0.36557380
Cx3cr1                                      0.04635551
Pdgfra                                      0.14803551
       CEMBA180813_5E#ACATTGGCACGTTCGACATTCAGTAAGAGATG
Rbfox3                                      3.58085733
Lhx6                                        0.07571165
Aqp4                                        0.40281870
Cx3cr1                                      0.04658819
Pdgfra                                      0.14905386
       CEMBA180813_5E#CAGTTGCACTTCAATGGGAAGACTAATGACGT
Rbfox3                                      3.16223053
Lhx6                                        0.08187431
Aqp4                                        0.38150777
Cx3cr1                                      0.04032463
Pdgfra                                      0.14614068
       CEMBA180813_5E#CAGTTGCAACGAATCTACAAGGATAATGACGT
Rbfox3                                      3.40813658
Lhx6                                        0.05596721
Aqp4                                        0.38977262
Cx3cr1                                      0.01895322
Pdgfra                                      0.14065923

colorMat-After-Impute: nRows = 7, nCols = 13017


2020-10-05 13:52:42 : ColorParams 1, Class = list

ColorParams 1$color: length = 13017
CEMBA180813_5E#TATCGGTTCTTCAATGCATTCAGTGGATACTA 
                                       3.199639 
CEMBA180813_5E#ACATTGGCGGAGCTACCATTCAGTTATCCTCT 
                                       3.502975 
CEMBA180813_5E#ACATTGGCACGTTCGACATTCAGTAAGAGATG 
                                       3.580857 
CEMBA180813_5E#CAGTTGCACTTCAATGGGAAGACTAATGACGT 
                                       3.162231 
CEMBA180813_5E#CAGTTGCAACGAATCTACAAGGATAATGACGT 
                                       3.408137 
CEMBA180813_5E#CATGTCAGGCCTCAATCATTCAGTATAGCCTT 
                                       3.402533 


ColorParams 1$discrete: length = 1
[1] FALSE


ColorParams 1$title: length = 1
[1] "UMAP of IterativeLSI colored by\nGeneScoreMatrix : Rbfox3"


ColorParams 1$continuousSet: length = 1
[1] "horizonExtra"



2020-10-05 13:52:42 : PlotParams-1, Class = list

PlotParams-1$color: length = 13017
CEMBA180813_5E#TATCGGTTCTTCAATGCATTCAGTGGATACTA 
                                       2.070265 
CEMBA180813_5E#ACATTGGCGGAGCTACCATTCAGTTATCCTCT 
                                       2.170878 
CEMBA180813_5E#ACATTGGCACGTTCGACATTCAGTAAGAGATG 
                                       2.195618 
CEMBA180813_5E#CAGTTGCACTTCAATGGGAAGACTAATGACGT 
                                       2.057357 
CEMBA180813_5E#CAGTTGCAACGAATCTACAAGGATAATGACGT 
                                       2.140169 
CEMBA180813_5E#CATGTCAGGCCTCAATCATTCAGTATAGCCTT 
                                       2.138334 


PlotParams-1$title: length = 1
[1] "UMAP of IterativeLSI colored by\nGeneScoreMatrix : Rbfox3"


PlotParams-1$x: length = 13017
[1] -3.725456 -3.357051 -3.976632 -3.159399 -5.207888 -5.320161


PlotParams-1$y: length = 13017
[1] -3.138510 -1.762884 -3.963959 -3.218600 -1.723433 -1.395599


PlotParams-1$baseSize: length = 1
[1] 10


PlotParams-1$xlabel: length = 1
[1] "UMAP Dimension 1"


PlotParams-1$ylabel: length = 1
[1] "UMAP Dimension 2"


PlotParams-1$pal: length = 256
[1] "#000436" "#000439" "#00053D" "#000640" "#000744" "#000848"


PlotParams-1$colorTitle: length = 1
[1] "Log2(NormCounts + 1)"



2020-10-05 13:52:42 : PlotParams-2, Class = list

PlotParams-2$color: length = 13017
CEMBA180813_5E#TATCGGTTCTTCAATGCATTCAGTGGATACTA 
                                     0.11031600 
CEMBA180813_5E#ACATTGGCGGAGCTACCATTCAGTTATCCTCT 
                                     0.09702279 
CEMBA180813_5E#ACATTGGCACGTTCGACATTCAGTAAGAGATG 
                                     0.10529140 
CEMBA180813_5E#CAGTTGCACTTCAATGGGAAGACTAATGACGT 
                                     0.11353290 
CEMBA180813_5E#CAGTTGCAACGAATCTACAAGGATAATGACGT 
                                     0.07856504 
CEMBA180813_5E#CATGTCAGGCCTCAATCATTCAGTATAGCCTT 
                                     0.11430376 


PlotParams-2$title: length = 1
[1] "UMAP of IterativeLSI colored by\nGeneScoreMatrix : Lhx6"


PlotParams-2$x: length = 13017
[1] -3.725456 -3.357051 -3.976632 -3.159399 -5.207888 -5.320161


PlotParams-2$y: length = 13017
[1] -3.138510 -1.762884 -3.963959 -3.218600 -1.723433 -1.395599


PlotParams-2$baseSize: length = 1
[1] 10


PlotParams-2$xlabel: length = 1
[1] "UMAP Dimension 1"


PlotParams-2$ylabel: length = 1
[1] "UMAP Dimension 2"


PlotParams-2$pal: length = 256
[1] "#000436" "#000439" "#00053D" "#000640" "#000744" "#000848"


PlotParams-2$colorTitle: length = 1
[1] "Log2(NormCounts + 1)"



2020-10-05 13:52:42 : PlotParams-3, Class = list

PlotParams-3$color: length = 13017
CEMBA180813_5E#TATCGGTTCTTCAATGCATTCAGTGGATACTA 
                                      0.4202462 
CEMBA180813_5E#ACATTGGCGGAGCTACCATTCAGTTATCCTCT 
                                      0.4495073 
CEMBA180813_5E#ACATTGGCACGTTCGACATTCAGTAAGAGATG 
                                      0.4883286 
CEMBA180813_5E#CAGTTGCACTTCAATGGGAAGACTAATGACGT 
                                      0.4662437 
CEMBA180813_5E#CAGTTGCAACGAATCTACAAGGATAATGACGT 
                                      0.4748489 
CEMBA180813_5E#CATGTCAGGCCTCAATCATTCAGTATAGCCTT 
                                      0.4790751 


PlotParams-3$title: length = 1
[1] "UMAP of IterativeLSI colored by\nGeneScoreMatrix : Aqp4"


PlotParams-3$x: length = 13017
[1] -3.725456 -3.357051 -3.976632 -3.159399 -5.207888 -5.320161


PlotParams-3$y: length = 13017
[1] -3.138510 -1.762884 -3.963959 -3.218600 -1.723433 -1.395599


PlotParams-3$baseSize: length = 1
[1] 10


PlotParams-3$xlabel: length = 1
[1] "UMAP Dimension 1"


PlotParams-3$ylabel: length = 1
[1] "UMAP Dimension 2"


PlotParams-3$pal: length = 256
[1] "#000436" "#000439" "#00053D" "#000640" "#000744" "#000848"


PlotParams-3$colorTitle: length = 1
[1] "Log2(NormCounts + 1)"



2020-10-05 13:52:43 : PlotParams-4, Class = list

PlotParams-4$color: length = 13017
CEMBA180813_5E#TATCGGTTCTTCAATGCATTCAGTGGATACTA 
                                     0.04295639 
CEMBA180813_5E#ACATTGGCGGAGCTACCATTCAGTTATCCTCT 
                                     0.06537310 
CEMBA180813_5E#ACATTGGCACGTTCGACATTCAGTAAGAGATG 
                                     0.06569388 
CEMBA180813_5E#CAGTTGCACTTCAATGGGAAGACTAATGACGT 
                                     0.05703379 
CEMBA180813_5E#CAGTTGCAACGAATCTACAAGGATAATGACGT 
                                     0.02708781 
CEMBA180813_5E#CATGTCAGGCCTCAATCATTCAGTATAGCCTT 
                                     0.04727751 


PlotParams-4$title: length = 1
[1] "UMAP of IterativeLSI colored by\nGeneScoreMatrix : Cx3cr1"


PlotParams-4$x: length = 13017
[1] -3.725456 -3.357051 -3.976632 -3.159399 -5.207888 -5.320161


PlotParams-4$y: length = 13017
[1] -3.138510 -1.762884 -3.963959 -3.218600 -1.723433 -1.395599


PlotParams-4$baseSize: length = 1
[1] 10


PlotParams-4$xlabel: length = 1
[1] "UMAP Dimension 1"


PlotParams-4$ylabel: length = 1
[1] "UMAP Dimension 2"


PlotParams-4$pal: length = 256
[1] "#000436" "#000439" "#00053D" "#000640" "#000744" "#000848"


PlotParams-4$colorTitle: length = 1
[1] "Log2(NormCounts + 1)"



2020-10-05 13:52:43 : PlotParams-5, Class = list

PlotParams-5$color: length = 13017
CEMBA180813_5E#TATCGGTTCTTCAATGCATTCAGTGGATACTA 
                                      0.2042546 
CEMBA180813_5E#ACATTGGCGGAGCTACCATTCAGTTATCCTCT 
                                      0.1991673 
CEMBA180813_5E#ACATTGGCACGTTCGACATTCAGTAAGAGATG 
                                      0.2004464 
CEMBA180813_5E#CAGTTGCACTTCAATGGGAAGACTAATGACGT 
                                      0.1967841 
CEMBA180813_5E#CAGTTGCAACGAATCTACAAGGATAATGACGT 
                                      0.1898679 
CEMBA180813_5E#CATGTCAGGCCTCAATCATTCAGTATAGCCTT 
                                      0.1912414 


PlotParams-5$title: length = 1
[1] "UMAP of IterativeLSI colored by\nGeneScoreMatrix : Pdgfra"


PlotParams-5$x: length = 13017
[1] -3.725456 -3.357051 -3.976632 -3.159399 -5.207888 -5.320161


PlotParams-5$y: length = 13017
[1] -3.138510 -1.762884 -3.963959 -3.218600 -1.723433 -1.395599


PlotParams-5$baseSize: length = 1
[1] 10


PlotParams-5$xlabel: length = 1
[1] "UMAP Dimension 1"


PlotParams-5$ylabel: length = 1
[1] "UMAP Dimension 2"


PlotParams-5$pal: length = 256
[1] "#000436" "#000439" "#00053D" "#000640" "#000744" "#000848"


PlotParams-5$colorTitle: length = 1
[1] "Log2(NormCounts + 1)"



2020-10-05 13:52:43 : PlotParams-6, Class = list

PlotParams-6$color: length = 13017
CEMBA180813_5E#TATCGGTTCTTCAATGCATTCAGTGGATACTA 
                                      0.1215751 
CEMBA180813_5E#ACATTGGCGGAGCTACCATTCAGTTATCCTCT 
                                      0.1763008 
CEMBA180813_5E#ACATTGGCACGTTCGACATTCAGTAAGAGATG 
                                      0.1491265 
CEMBA180813_5E#CAGTTGCACTTCAATGGGAAGACTAATGACGT 
                                      0.1385694 
CEMBA180813_5E#CAGTTGCAACGAATCTACAAGGATAATGACGT 
                                      0.1384745 
CEMBA180813_5E#CATGTCAGGCCTCAATCATTCAGTATAGCCTT 
                                      0.1569198 


PlotParams-6$title: length = 1
[1] "UMAP of IterativeLSI colored by\nGeneScoreMatrix : Mog"


PlotParams-6$x: length = 13017
[1] -3.725456 -3.357051 -3.976632 -3.159399 -5.207888 -5.320161


PlotParams-6$y: length = 13017
[1] -3.138510 -1.762884 -3.963959 -3.218600 -1.723433 -1.395599


PlotParams-6$baseSize: length = 1
[1] 10


PlotParams-6$xlabel: length = 1
[1] "UMAP Dimension 1"


PlotParams-6$ylabel: length = 1
[1] "UMAP Dimension 2"


PlotParams-6$pal: length = 256
[1] "#000436" "#000439" "#00053D" "#000640" "#000744" "#000848"


PlotParams-6$colorTitle: length = 1
[1] "Log2(NormCounts + 1)"



2020-10-05 13:52:43 : PlotParams-7, Class = list

PlotParams-7$color: length = 13017
CEMBA180813_5E#TATCGGTTCTTCAATGCATTCAGTGGATACTA 
                                      0.4309902 
CEMBA180813_5E#ACATTGGCGGAGCTACCATTCAGTTATCCTCT 
                                      0.4322752 
CEMBA180813_5E#ACATTGGCACGTTCGACATTCAGTAAGAGATG 
                                      0.4123022 
CEMBA180813_5E#CAGTTGCACTTCAATGGGAAGACTAATGACGT 
                                      0.4243783 
CEMBA180813_5E#CAGTTGCAACGAATCTACAAGGATAATGACGT 
                                      0.3666063 
CEMBA180813_5E#CATGTCAGGCCTCAATCATTCAGTATAGCCTT 
                                      0.3721828 


PlotParams-7$title: length = 1
[1] "UMAP of IterativeLSI colored by\nGeneScoreMatrix : Des"


PlotParams-7$x: length = 13017
[1] -3.725456 -3.357051 -3.976632 -3.159399 -5.207888 -5.320161


PlotParams-7$y: length = 13017
[1] -3.138510 -1.762884 -3.963959 -3.218600 -1.723433 -1.395599


PlotParams-7$baseSize: length = 1
[1] 10


PlotParams-7$xlabel: length = 1
[1] "UMAP Dimension 1"


PlotParams-7$ylabel: length = 1
[1] "UMAP Dimension 2"


PlotParams-7$pal: length = 256
[1] "#000436" "#000439" "#00053D" "#000640" "#000744" "#000848"


PlotParams-7$colorTitle: length = 1
[1] "Log2(NormCounts + 1)"



------- Completed

End Time : 2020-10-05 13:52:43
Elapsed Time Minutes = 0.197112874190013
Elapsed Time Hours = 0.00328526351186964

-------



