
           ___      .______        ______  __    __  .______      
          /   \     |   _  \      /      ||  |  |  | |   _  \     
         /  ^  \    |  |_)  |    |  ,----'|  |__|  | |  |_)  |    
        /  /_\  \   |      /     |  |     |   __   | |      /     
       /  _____  \  |  |\  \\___ |  `----.|  |  |  | |  |\  \\___.
      /__/     \__\ | _| `._____| \______||__|  |__| | _| `._____|
    
Logging With ArchR!

Start Time : 2020-10-06 08:43:30

------- ArchR Info

ArchRThreads = 10
ArchRGenome = Mm10

------- System Info

Computer OS = unix
Total Cores = 64

------- Session Info

R version 3.6.3 (2020-02-29)
Platform: x86_64-conda_cos6-linux-gnu (64-bit)
Running under: CentOS Linux 7 (Core)

Matrix products: default
BLAS/LAPACK: /home/bnphan/miniconda3/lib/libmkl_rt.so

locale:
 [1] LC_CTYPE=en_US.UTF-8       LC_NUMERIC=C              
 [3] LC_TIME=en_US.UTF-8        LC_COLLATE=en_US.UTF-8    
 [5] LC_MONETARY=en_US.UTF-8    LC_MESSAGES=en_US.UTF-8   
 [7] LC_PAPER=en_US.UTF-8       LC_NAME=C                 
 [9] LC_ADDRESS=C               LC_TELEPHONE=C            
[11] LC_MEASUREMENT=en_US.UTF-8 LC_IDENTIFICATION=C       

attached base packages:
[1] parallel  stats4    stats     graphics  grDevices utils     datasets 
[8] methods   base     

other attached packages:
 [1] chromVAR_1.8.0                     chromVARmotifs_0.2.0              
 [3] motifmatchr_1.8.0                  BSgenome.Mmusculus.UCSC.mm10_1.4.0
 [5] BSgenome_1.54.0                    rtracklayer_1.46.0                
 [7] Biostrings_2.54.0                  XVector_0.26.0                    
 [9] gtable_0.3.0                       ArchR_0.9.5                       
[11] magrittr_1.5                       rhdf5_2.30.1                      
[13] Matrix_1.2-18                      data.table_1.13.0                 
[15] SummarizedExperiment_1.16.1        DelayedArray_0.12.3               
[17] BiocParallel_1.20.1                matrixStats_0.57.0                
[19] Biobase_2.46.0                     GenomicRanges_1.38.0              
[21] GenomeInfoDb_1.22.1                IRanges_2.20.2                    
[23] S4Vectors_0.24.4                   BiocGenerics_0.32.0               
[25] ggplot2_3.3.2                      colorout_1.2-2                    

loaded via a namespace (and not attached):
 [1] colorspace_1.4-1            ellipsis_0.3.1             
 [3] IRdisplay_0.7.0             base64enc_0.1-3            
 [5] farver_2.0.3                hexbin_1.28.1              
 [7] DT_0.15                     bit64_4.0.5                
 [9] AnnotationDbi_1.48.0        codetools_0.2-16           
[11] R.methodsS3_1.8.1           IRkernel_1.1.1             
[13] jsonlite_1.7.1              Rsamtools_2.2.3            
[15] Cairo_1.5-12.2              seqLogo_1.52.0             
[17] annotate_1.64.0             GO.db_3.10.0               
[19] png_0.1-7                   R.oo_1.24.0                
[21] pheatmap_1.0.12             shiny_1.5.0                
[23] readr_1.3.1                 compiler_3.6.3             
[25] httr_1.4.2                  fastmap_1.0.1              
[27] lazyeval_0.2.2              later_1.1.0.1              
[29] htmltools_0.5.0             tools_3.6.3                
[31] glue_1.4.2                  TFMPvalue_0.0.8            
[33] GenomeInfoDbData_1.2.2      reshape2_1.4.4             
[35] dplyr_1.0.2                 Rcpp_1.0.5                 
[37] vctrs_0.3.4                 CNEr_1.22.0                
[39] stringr_1.4.0               mime_0.9                   
[41] miniUI_0.1.1.1              lifecycle_0.2.0            
[43] poweRlaw_0.70.6             gtools_3.8.2               
[45] XML_3.99-0.3                zlibbioc_1.32.0            
[47] scales_1.1.1                hms_0.5.3                  
[49] promises_1.1.1              RColorBrewer_1.1-2         
[51] memoise_1.1.0               stringi_1.5.3              
[53] RSQLite_2.2.1               caTools_1.18.0             
[55] repr_1.1.0                  rlang_0.4.7                
[57] pkgconfig_2.0.3             bitops_1.0-6               
[59] pracma_2.2.9                evaluate_0.14              
[61] lattice_0.20-41             purrr_0.3.4                
[63] Rhdf5lib_1.8.0              GenomicAlignments_1.22.1   
[65] htmlwidgets_1.5.2           labeling_0.3               
[67] cowplot_1.1.0               bit_4.0.4                  
[69] tidyselect_1.1.0            plyr_1.8.6                 
[71] R6_2.4.1                    generics_0.0.2             
[73] pbdZMQ_0.3-3                DBI_1.1.0                  
[75] pillar_1.4.6                withr_2.3.0                
[77] KEGGREST_1.26.1             RCurl_1.98-1.2             
[79] tibble_3.0.3                crayon_1.3.4               
[81] uuid_0.1-4                  plotly_4.9.2.1             
[83] nabor_0.5.0                 TFBSTools_1.24.0           
[85] grid_3.6.3                  blob_1.2.1                 
[87] digest_0.6.25               xtable_1.8-4               
[89] tidyr_1.1.2                 httpuv_1.5.4               
[91] R.utils_2.10.1              munsell_0.5.0              
[93] DirichletMultinomial_1.28.0 viridisLite_0.3.0          


------- Log Info


2020-10-06 08:43:35 : Deviations-Args, Class = list

Deviations-Args$bgdPeaks: length = 267329
class: RangedSummarizedExperiment 
dim: 6 50 
metadata(0):
assays(1): bgdPeaks
rownames: NULL
rowData names(2): value GC
colnames: NULL
colData names(0):


Deviations-Args$matrixName: length = 1
[1] "MotifMatrix"


Deviations-Args$out: length = 2
[1] "z"          "deviations"


Deviations-Args$binarize: length = 1
[1] FALSE


Deviations-Args$threads: length = 1
[1] 4


Deviations-Args$verbose: length = 1
[1] TRUE


Deviations-Args$parallelParam: length = 0
NULL


Deviations-Args$force: length = 1
[1] TRUE


Deviations-Args$logFile: length = 1
[1] "ArchRLogs/ArchR-addDeviationsMatrix-45261533a5d35-Date-2020-10-06_Time-08-43-30.log"


Deviations-Args$annotationsMatrix: nRows = 267329, nCols = 884
Deviations-Args$annotationsMatrix: NonZeroEntries = 14341609, EntryRange = [ 1 , 1 ]
5 x 5 sparse Matrix of class "dgCMatrix"
                     Tcfap2a_1 Tcfap2b_2 Tcfap2c_3 Tcfap2e_4 Tcfap2d_5
chr1_3094361_3094861         .         .         .         .         .
chr1_3094886_3095386         .         .         .         .         .
chr1_3100713_3101213         .         .         .         .         .
chr1_3134652_3135152         .         .         .         .         .
chr1_3206933_3207433         .         .         .         .         .


Deviations-Args$useMatrix: length = 1
[1] "PeakMatrix"


Deviations-Args$ArrowFiles: length = 4
                                                                                                                                         CEMBA171219_4D 
"/home/bnphan/projects/snATAC_cross_species_caudate/data/raw_data/mm10/BICCN_mouse_caudoputamen/ArchR_BICCN_CP_labeled/ArrowFiles/CEMBA171219_4D.arrow" 
                                                                                                                                         CEMBA180813_5E 
"/home/bnphan/projects/snATAC_cross_species_caudate/data/raw_data/mm10/BICCN_mouse_caudoputamen/ArchR_BICCN_CP_labeled/ArrowFiles/CEMBA180813_5E.arrow" 
                                                                                                                                         CEMBA171214_4D 
"/home/bnphan/projects/snATAC_cross_species_caudate/data/raw_data/mm10/BICCN_mouse_caudoputamen/ArchR_BICCN_CP_labeled/ArrowFiles/CEMBA171214_4D.arrow" 
                                                                                                                                         CEMBA180820_5E 
"/home/bnphan/projects/snATAC_cross_species_caudate/data/raw_data/mm10/BICCN_mouse_caudoputamen/ArchR_BICCN_CP_labeled/ArrowFiles/CEMBA180820_5E.arrow" 


Deviations-Args$allCells: length = 22366
[1] "CEMBA171214_4D#ATTCAGAATTAGCCTCTAAGATCCGTACTGAC"
[2] "CEMBA171214_4D#CTGAAGCTGCAACCTAAATGACGTCCTATCCT"
[3] "CEMBA171214_4D#CTGAAGCTCGCTTGATATAGCCTTGTACTGAC"
[4] "CEMBA171214_4D#ATTCAGAAGCCTCAATATAGCCTTCAGGACGT"
[5] "CEMBA171214_4D#ATTCAGAATACTGCCTAGGATAACTATAGCCT"
[6] "CEMBA171214_4D#AGCGATAGATAAGTCGGGTTAGACCAGGACGT"


Deviations-Args$X: length = 4
[1] 1 2 3 4


Deviations-Args$FUN: length = 1
                                                                                     
1 function (i = NULL, ArrowFiles = NULL, annotationsMatrix = NULL,                   
2     out = c("z", "deviations"), cellNames = NULL, allCells = NULL,                 
3     featureDF = NULL, bgdPeaks = NULL, binarize = FALSE, useMatrix = "PeakMatrix", 
4     matrixName = "Motif", force = FALSE, verbose = TRUE, tstart = NULL,            
5     subThreads = 1, logFile = NULL)                                                
6 {                                                                                  


Deviations-Args$registryDir: length = 1
[1] "/home/bnphan/projects/snATAC_cross_species_caudate/data/raw_data/mm10/BICCN_mouse_caudoputamen/ArchR_BICCN_CP_labeled/MotifMatrixDeviationsRegistry"


2020-10-06 08:43:35 : Batch Execution w/ safelapply!, 0 mins elapsed.
2020-10-06 08:43:41 : chromVAR deviations CEMBA171219_4D (1 of 4) Schep (2017), 0.092 mins elapsed.
2020-10-06 08:43:41 : chromVAR deviations CEMBA180813_5E (2 of 4) Schep (2017), 0.094 mins elapsed.
2020-10-06 08:43:41 : chromVAR deviations CEMBA171214_4D (3 of 4) Schep (2017), 0.095 mins elapsed.
2020-10-06 08:43:41 : chromVAR deviations CEMBA180820_5E (4 of 4) Schep (2017), 0.097 mins elapsed.
2020-10-06 08:44:30 : CEMBA180820_5E (4 of 4) : Deviations for Annotation 8 of 884, 0.518 mins elapsed.
2020-10-06 08:44:35 : CEMBA171214_4D (3 of 4) : Deviations for Annotation 8 of 884, 0.551 mins elapsed.
2020-10-06 08:44:39 : CEMBA171219_4D (1 of 4) : Deviations for Annotation 8 of 884, 0.595 mins elapsed.
2020-10-06 08:44:40 : CEMBA180813_5E (2 of 4) : Deviations for Annotation 8 of 884, 0.62 mins elapsed.
2020-10-06 08:44:56 : CEMBA180820_5E (4 of 4) : Deviations for Annotation 16 of 884, 0.951 mins elapsed.
2020-10-06 08:45:03 : CEMBA171214_4D (3 of 4) : Deviations for Annotation 16 of 884, 1.017 mins elapsed.
2020-10-06 08:45:08 : CEMBA171219_4D (1 of 4) : Deviations for Annotation 16 of 884, 1.086 mins elapsed.
2020-10-06 08:45:10 : CEMBA180813_5E (2 of 4) : Deviations for Annotation 16 of 884, 1.123 mins elapsed.
2020-10-06 08:45:20 : CEMBA180820_5E (4 of 4) : Deviations for Annotation 24 of 884, 1.35 mins elapsed.
2020-10-06 08:45:32 : CEMBA171214_4D (3 of 4) : Deviations for Annotation 24 of 884, 1.496 mins elapsed.
2020-10-06 08:45:38 : CEMBA171219_4D (1 of 4) : Deviations for Annotation 24 of 884, 1.577 mins elapsed.
2020-10-06 08:45:39 : CEMBA180813_5E (2 of 4) : Deviations for Annotation 24 of 884, 1.611 mins elapsed.
2020-10-06 08:45:46 : CEMBA180820_5E (4 of 4) : Deviations for Annotation 32 of 884, 1.781 mins elapsed.
2020-10-06 08:46:00 : CEMBA171214_4D (3 of 4) : Deviations for Annotation 32 of 884, 1.96 mins elapsed.
2020-10-06 08:46:06 : CEMBA171219_4D (1 of 4) : Deviations for Annotation 32 of 884, 2.052 mins elapsed.
2020-10-06 08:46:08 : CEMBA180820_5E (4 of 4) : Deviations for Annotation 40 of 884, 2.149 mins elapsed.
2020-10-06 08:46:09 : CEMBA180813_5E (2 of 4) : Deviations for Annotation 32 of 884, 2.1 mins elapsed.
2020-10-06 08:46:16 : CEMBA180820_5E (4 of 4) : Deviations for Annotation 44 of 884, 2.291 mins elapsed.
2020-10-06 08:46:24 : CEMBA171214_4D (3 of 4) : Deviations for Annotation 40 of 884, 2.361 mins elapsed.
2020-10-06 08:46:31 : CEMBA171219_4D (1 of 4) : Deviations for Annotation 40 of 884, 2.46 mins elapsed.
2020-10-06 08:46:34 : CEMBA180813_5E (2 of 4) : Deviations for Annotation 40 of 884, 2.524 mins elapsed.
2020-10-06 08:46:34 : CEMBA171214_4D (3 of 4) : Deviations for Annotation 44 of 884, 2.534 mins elapsed.
2020-10-06 08:46:37 : CEMBA180820_5E (4 of 4) : Deviations for Annotation 48 of 884, 2.628 mins elapsed.
2020-10-06 08:46:41 : CEMBA171219_4D (1 of 4) : Deviations for Annotation 44 of 884, 2.629 mins elapsed.
2020-10-06 08:46:44 : CEMBA180813_5E (2 of 4) : Deviations for Annotation 44 of 884, 2.695 mins elapsed.
2020-10-06 08:46:56 : CEMBA171214_4D (3 of 4) : Deviations for Annotation 48 of 884, 2.896 mins elapsed.
2020-10-06 08:46:59 : CEMBA180820_5E (4 of 4) : Deviations for Annotation 56 of 884, 3.003 mins elapsed.
2020-10-06 08:47:04 : CEMBA171219_4D (1 of 4) : Deviations for Annotation 48 of 884, 3.014 mins elapsed.
2020-10-06 08:47:07 : CEMBA180813_5E (2 of 4) : Deviations for Annotation 48 of 884, 3.074 mins elapsed.
2020-10-06 08:47:17 : CEMBA171214_4D (3 of 4) : Deviations for Annotation 56 of 884, 3.25 mins elapsed.
2020-10-06 08:47:24 : CEMBA180820_5E (4 of 4) : Deviations for Annotation 64 of 884, 3.425 mins elapsed.
2020-10-06 08:47:26 : CEMBA171219_4D (1 of 4) : Deviations for Annotation 56 of 884, 3.383 mins elapsed.
2020-10-06 08:47:33 : CEMBA180813_5E (2 of 4) : Deviations for Annotation 56 of 884, 3.507 mins elapsed.
2020-10-06 08:47:47 : CEMBA180820_5E (4 of 4) : Deviations for Annotation 72 of 884, 3.809 mins elapsed.
2020-10-06 08:47:49 : CEMBA171214_4D (3 of 4) : Deviations for Annotation 64 of 884, 3.788 mins elapsed.
2020-10-06 08:48:00 : CEMBA171219_4D (1 of 4) : Deviations for Annotation 64 of 884, 3.946 mins elapsed.
2020-10-06 08:48:04 : CEMBA180813_5E (2 of 4) : Deviations for Annotation 64 of 884, 4.022 mins elapsed.
2020-10-06 08:48:05 : CEMBA180820_5E (4 of 4) : Deviations for Annotation 80 of 884, 4.103 mins elapsed.
2020-10-06 08:48:13 : CEMBA171214_4D (3 of 4) : Deviations for Annotation 72 of 884, 4.191 mins elapsed.
2020-10-06 08:48:25 : CEMBA171219_4D (1 of 4) : Deviations for Annotation 72 of 884, 4.359 mins elapsed.
2020-10-06 08:48:30 : CEMBA180813_5E (2 of 4) : Deviations for Annotation 72 of 884, 4.454 mins elapsed.
2020-10-06 08:48:30 : CEMBA180820_5E (4 of 4) : Deviations for Annotation 88 of 884, 4.515 mins elapsed.
2020-10-06 08:48:33 : CEMBA171214_4D (3 of 4) : Deviations for Annotation 80 of 884, 4.515 mins elapsed.
2020-10-06 08:48:46 : CEMBA171219_4D (1 of 4) : Deviations for Annotation 80 of 884, 4.709 mins elapsed.
2020-10-06 08:48:51 : CEMBA180813_5E (2 of 4) : Deviations for Annotation 80 of 884, 4.81 mins elapsed.
2020-10-06 08:48:56 : CEMBA180820_5E (4 of 4) : Deviations for Annotation 96 of 884, 4.958 mins elapsed.
2020-10-06 08:48:59 : CEMBA171214_4D (3 of 4) : Deviations for Annotation 88 of 884, 4.942 mins elapsed.
2020-10-06 08:49:13 : CEMBA171219_4D (1 of 4) : Deviations for Annotation 88 of 884, 5.164 mins elapsed.
2020-10-06 08:49:19 : CEMBA180820_5E (4 of 4) : Deviations for Annotation 104 of 884, 5.329 mins elapsed.
2020-10-06 08:49:20 : CEMBA180813_5E (2 of 4) : Deviations for Annotation 88 of 884, 5.289 mins elapsed.
2020-10-06 08:49:28 : CEMBA171214_4D (3 of 4) : Deviations for Annotation 96 of 884, 5.433 mins elapsed.
2020-10-06 08:49:39 : CEMBA180820_5E (4 of 4) : Deviations for Annotation 112 of 884, 5.668 mins elapsed.
2020-10-06 08:49:43 : CEMBA171219_4D (1 of 4) : Deviations for Annotation 96 of 884, 5.662 mins elapsed.
2020-10-06 08:49:50 : CEMBA180813_5E (2 of 4) : Deviations for Annotation 96 of 884, 5.794 mins elapsed.
2020-10-06 08:49:53 : CEMBA171214_4D (3 of 4) : Deviations for Annotation 104 of 884, 5.842 mins elapsed.
2020-10-06 08:49:59 : CEMBA180820_5E (4 of 4) : Deviations for Annotation 120 of 884, 6.004 mins elapsed.
2020-10-06 08:50:08 : CEMBA171219_4D (1 of 4) : Deviations for Annotation 104 of 884, 6.076 mins elapsed.
2020-10-06 08:50:14 : CEMBA171214_4D (3 of 4) : Deviations for Annotation 112 of 884, 6.205 mins elapsed.
2020-10-06 08:50:16 : CEMBA180820_5E (4 of 4) : Deviations for Annotation 128 of 884, 6.283 mins elapsed.
2020-10-06 08:50:16 : CEMBA180813_5E (2 of 4) : Deviations for Annotation 104 of 884, 6.23 mins elapsed.
2020-10-06 08:50:24 : CEMBA180820_5E (4 of 4) : Deviations for Annotation 132 of 884, 6.419 mins elapsed.
2020-10-06 08:50:31 : CEMBA171219_4D (1 of 4) : Deviations for Annotation 112 of 884, 6.468 mins elapsed.
2020-10-06 08:50:36 : CEMBA171214_4D (3 of 4) : Deviations for Annotation 120 of 884, 6.56 mins elapsed.
2020-10-06 08:50:39 : CEMBA180820_5E (4 of 4) : Deviations for Annotation 136 of 884, 6.66 mins elapsed.
2020-10-06 08:50:41 : CEMBA180813_5E (2 of 4) : Deviations for Annotation 112 of 884, 6.634 mins elapsed.
2020-10-06 08:50:54 : CEMBA171214_4D (3 of 4) : Deviations for Annotation 128 of 884, 6.873 mins elapsed.
2020-10-06 08:50:54 : CEMBA171219_4D (1 of 4) : Deviations for Annotation 120 of 884, 6.857 mins elapsed.
2020-10-06 08:51:03 : CEMBA171214_4D (3 of 4) : Deviations for Annotation 132 of 884, 7.023 mins elapsed.
2020-10-06 08:51:04 : CEMBA180813_5E (2 of 4) : Deviations for Annotation 120 of 884, 7.018 mins elapsed.
2020-10-06 08:51:11 : CEMBA180820_5E (4 of 4) : Deviations for Annotation 144 of 884, 7.199 mins elapsed.
2020-10-06 08:51:14 : CEMBA171219_4D (1 of 4) : Deviations for Annotation 128 of 884, 7.185 mins elapsed.
2020-10-06 08:51:19 : CEMBA171214_4D (3 of 4) : Deviations for Annotation 136 of 884, 7.288 mins elapsed.
2020-10-06 08:51:24 : CEMBA180813_5E (2 of 4) : Deviations for Annotation 128 of 884, 7.351 mins elapsed.
2020-10-06 08:51:24 : CEMBA171219_4D (1 of 4) : Deviations for Annotation 132 of 884, 7.347 mins elapsed.
2020-10-06 08:51:33 : CEMBA180813_5E (2 of 4) : Deviations for Annotation 132 of 884, 7.511 mins elapsed.
2020-10-06 08:51:41 : CEMBA171219_4D (1 of 4) : Deviations for Annotation 136 of 884, 7.64 mins elapsed.
2020-10-06 08:51:51 : CEMBA180813_5E (2 of 4) : Deviations for Annotation 136 of 884, 7.813 mins elapsed.
2020-10-06 08:51:55 : CEMBA180820_5E (4 of 4) : Deviations for Annotation 152 of 884, 7.93 mins elapsed.
2020-10-06 08:51:57 : CEMBA171214_4D (3 of 4) : Deviations for Annotation 144 of 884, 7.909 mins elapsed.
2020-10-06 08:52:20 : CEMBA171219_4D (1 of 4) : Deviations for Annotation 144 of 884, 8.276 mins elapsed.
2020-10-06 08:52:30 : CEMBA180813_5E (2 of 4) : Deviations for Annotation 144 of 884, 8.455 mins elapsed.
2020-10-06 08:52:32 : CEMBA180820_5E (4 of 4) : Deviations for Annotation 160 of 884, 8.556 mins elapsed.
2020-10-06 08:52:46 : CEMBA171214_4D (3 of 4) : Deviations for Annotation 152 of 884, 8.741 mins elapsed.
2020-10-06 08:53:06 : CEMBA180820_5E (4 of 4) : Deviations for Annotation 168 of 884, 9.125 mins elapsed.
2020-10-06 08:53:11 : CEMBA171219_4D (1 of 4) : Deviations for Annotation 152 of 884, 9.139 mins elapsed.
2020-10-06 08:53:24 : CEMBA180813_5E (2 of 4) : Deviations for Annotation 152 of 884, 9.362 mins elapsed.
2020-10-06 08:53:26 : CEMBA171214_4D (3 of 4) : Deviations for Annotation 160 of 884, 9.395 mins elapsed.
2020-10-06 08:53:34 : CEMBA180820_5E (4 of 4) : Deviations for Annotation 176 of 884, 9.59 mins elapsed.
2020-10-06 08:53:53 : CEMBA171219_4D (1 of 4) : Deviations for Annotation 160 of 884, 9.831 mins elapsed.
2020-10-06 08:53:59 : CEMBA171214_4D (3 of 4) : Deviations for Annotation 168 of 884, 9.956 mins elapsed.
2020-10-06 08:54:05 : CEMBA180820_5E (4 of 4) : Deviations for Annotation 184 of 884, 10.093 mins elapsed.
2020-10-06 08:54:09 : CEMBA180813_5E (2 of 4) : Deviations for Annotation 160 of 884, 10.1 mins elapsed.
2020-10-06 08:54:27 : CEMBA171219_4D (1 of 4) : Deviations for Annotation 168 of 884, 10.392 mins elapsed.
2020-10-06 08:54:32 : CEMBA171214_4D (3 of 4) : Deviations for Annotation 176 of 884, 10.499 mins elapsed.
2020-10-06 08:54:35 : CEMBA180820_5E (4 of 4) : Deviations for Annotation 192 of 884, 10.609 mins elapsed.
2020-10-06 08:54:44 : CEMBA180813_5E (2 of 4) : Deviations for Annotation 168 of 884, 10.685 mins elapsed.
2020-10-06 08:54:59 : CEMBA171219_4D (1 of 4) : Deviations for Annotation 176 of 884, 10.938 mins elapsed.
2020-10-06 08:55:04 : CEMBA171214_4D (3 of 4) : Deviations for Annotation 184 of 884, 11.031 mins elapsed.
2020-10-06 08:55:16 : CEMBA180820_5E (4 of 4) : Deviations for Annotation 200 of 884, 11.277 mins elapsed.
2020-10-06 08:55:17 : CEMBA180813_5E (2 of 4) : Deviations for Annotation 176 of 884, 11.243 mins elapsed.
2020-10-06 08:55:33 : CEMBA171219_4D (1 of 4) : Deviations for Annotation 184 of 884, 11.491 mins elapsed.
2020-10-06 08:55:38 : CEMBA171214_4D (3 of 4) : Deviations for Annotation 192 of 884, 11.603 mins elapsed.
2020-10-06 08:55:51 : CEMBA180813_5E (2 of 4) : Deviations for Annotation 184 of 884, 11.815 mins elapsed.
2020-10-06 08:55:52 : CEMBA180820_5E (4 of 4) : Deviations for Annotation 208 of 884, 11.889 mins elapsed.
2020-10-06 08:56:08 : CEMBA171219_4D (1 of 4) : Deviations for Annotation 192 of 884, 12.074 mins elapsed.
2020-10-06 08:56:22 : CEMBA171214_4D (3 of 4) : Deviations for Annotation 200 of 884, 12.331 mins elapsed.
2020-10-06 08:56:28 : CEMBA180820_5E (4 of 4) : Deviations for Annotation 216 of 884, 12.485 mins elapsed.
2020-10-06 08:56:28 : CEMBA180813_5E (2 of 4) : Deviations for Annotation 192 of 884, 12.427 mins elapsed.
2020-10-06 08:56:45 : CEMBA180820_5E (4 of 4) : Deviations for Annotation 220 of 884, 12.761 mins elapsed.
2020-10-06 08:56:53 : CEMBA171219_4D (1 of 4) : Deviations for Annotation 200 of 884, 12.835 mins elapsed.
2020-10-06 08:57:02 : CEMBA180820_5E (4 of 4) : Deviations for Annotation 224 of 884, 13.054 mins elapsed.
2020-10-06 08:57:03 : CEMBA171214_4D (3 of 4) : Deviations for Annotation 208 of 884, 13.014 mins elapsed.
2020-10-06 08:57:15 : CEMBA180813_5E (2 of 4) : Deviations for Annotation 200 of 884, 13.206 mins elapsed.
2020-10-06 08:57:36 : CEMBA171219_4D (1 of 4) : Deviations for Annotation 208 of 884, 13.549 mins elapsed.
2020-10-06 08:57:38 : CEMBA180820_5E (4 of 4) : Deviations for Annotation 232 of 884, 13.656 mins elapsed.
2020-10-06 08:57:43 : CEMBA171214_4D (3 of 4) : Deviations for Annotation 216 of 884, 13.678 mins elapsed.
2020-10-06 08:57:59 : CEMBA180813_5E (2 of 4) : Deviations for Annotation 208 of 884, 13.937 mins elapsed.
2020-10-06 08:58:02 : CEMBA171214_4D (3 of 4) : Deviations for Annotation 220 of 884, 14.003 mins elapsed.
2020-10-06 08:58:14 : CEMBA180820_5E (4 of 4) : Deviations for Annotation 240 of 884, 14.258 mins elapsed.
2020-10-06 08:58:15 : CEMBA171219_4D (1 of 4) : Deviations for Annotation 216 of 884, 14.194 mins elapsed.
2020-10-06 08:58:21 : CEMBA171214_4D (3 of 4) : Deviations for Annotation 224 of 884, 14.318 mins elapsed.
2020-10-06 08:58:34 : CEMBA171219_4D (1 of 4) : Deviations for Annotation 220 of 884, 14.514 mins elapsed.
2020-10-06 08:58:36 : CEMBA180820_5E (4 of 4) : Deviations for Annotation 248 of 884, 14.61 mins elapsed.
2020-10-06 08:58:39 : CEMBA180813_5E (2 of 4) : Deviations for Annotation 216 of 884, 14.614 mins elapsed.
2020-10-06 08:58:54 : CEMBA171219_4D (1 of 4) : Deviations for Annotation 224 of 884, 14.845 mins elapsed.
2020-10-06 08:58:55 : CEMBA180820_5E (4 of 4) : Deviations for Annotation 256 of 884, 14.938 mins elapsed.
2020-10-06 08:59:00 : CEMBA180813_5E (2 of 4) : Deviations for Annotation 220 of 884, 14.953 mins elapsed.
2020-10-06 08:59:02 : CEMBA171214_4D (3 of 4) : Deviations for Annotation 232 of 884, 14.995 mins elapsed.
2020-10-06 08:59:16 : CEMBA180820_5E (4 of 4) : Deviations for Annotation 264 of 884, 15.291 mins elapsed.
2020-10-06 08:59:20 : CEMBA180813_5E (2 of 4) : Deviations for Annotation 224 of 884, 15.292 mins elapsed.
2020-10-06 08:59:33 : CEMBA171219_4D (1 of 4) : Deviations for Annotation 232 of 884, 15.505 mins elapsed.
2020-10-06 08:59:39 : CEMBA171214_4D (3 of 4) : Deviations for Annotation 240 of 884, 15.624 mins elapsed.
2020-10-06 08:59:56 : CEMBA180820_5E (4 of 4) : Deviations for Annotation 272 of 884, 15.951 mins elapsed.
2020-10-06 09:00:02 : CEMBA171214_4D (3 of 4) : Deviations for Annotation 248 of 884, 15.999 mins elapsed.
2020-10-06 09:00:04 : CEMBA180813_5E (2 of 4) : Deviations for Annotation 232 of 884, 16.018 mins elapsed.
2020-10-06 09:00:13 : CEMBA171219_4D (1 of 4) : Deviations for Annotation 240 of 884, 16.171 mins elapsed.
2020-10-06 09:00:18 : CEMBA180820_5E (4 of 4) : Deviations for Annotation 280 of 884, 16.32 mins elapsed.
2020-10-06 09:00:23 : CEMBA171214_4D (3 of 4) : Deviations for Annotation 256 of 884, 16.355 mins elapsed.
2020-10-06 09:00:37 : CEMBA171219_4D (1 of 4) : Deviations for Annotation 248 of 884, 16.571 mins elapsed.
2020-10-06 09:00:44 : CEMBA180813_5E (2 of 4) : Deviations for Annotation 240 of 884, 16.69 mins elapsed.
2020-10-06 09:00:45 : CEMBA180820_5E (4 of 4) : Deviations for Annotation 288 of 884, 16.762 mins elapsed.
2020-10-06 09:00:47 : CEMBA171214_4D (3 of 4) : Deviations for Annotation 264 of 884, 16.745 mins elapsed.
2020-10-06 09:01:00 : CEMBA171219_4D (1 of 4) : Deviations for Annotation 256 of 884, 16.944 mins elapsed.
2020-10-06 09:01:08 : CEMBA180813_5E (2 of 4) : Deviations for Annotation 248 of 884, 17.087 mins elapsed.
2020-10-06 09:01:10 : CEMBA180820_5E (4 of 4) : Deviations for Annotation 296 of 884, 17.182 mins elapsed.
2020-10-06 09:01:24 : CEMBA171219_4D (1 of 4) : Deviations for Annotation 264 of 884, 17.346 mins elapsed.
2020-10-06 09:01:27 : CEMBA171214_4D (3 of 4) : Deviations for Annotation 272 of 884, 17.423 mins elapsed.
2020-10-06 09:01:31 : CEMBA180813_5E (2 of 4) : Deviations for Annotation 256 of 884, 17.472 mins elapsed.
2020-10-06 09:01:38 : CEMBA180820_5E (4 of 4) : Deviations for Annotation 304 of 884, 17.65 mins elapsed.
2020-10-06 09:01:52 : CEMBA171214_4D (3 of 4) : Deviations for Annotation 280 of 884, 17.826 mins elapsed.
2020-10-06 09:01:52 : CEMBA180820_5E (4 of 4) : Deviations for Annotation 308 of 884, 17.887 mins elapsed.
2020-10-06 09:01:55 : CEMBA180813_5E (2 of 4) : Deviations for Annotation 264 of 884, 17.88 mins elapsed.
2020-10-06 09:02:05 : CEMBA171219_4D (1 of 4) : Deviations for Annotation 272 of 884, 18.037 mins elapsed.
2020-10-06 09:02:08 : CEMBA180820_5E (4 of 4) : Deviations for Annotation 312 of 884, 18.143 mins elapsed.
2020-10-06 09:02:21 : CEMBA171214_4D (3 of 4) : Deviations for Annotation 288 of 884, 18.312 mins elapsed.
2020-10-06 09:02:30 : CEMBA171219_4D (1 of 4) : Deviations for Annotation 280 of 884, 18.455 mins elapsed.
2020-10-06 09:02:38 : CEMBA180820_5E (4 of 4) : Deviations for Annotation 320 of 884, 18.658 mins elapsed.
2020-10-06 09:02:39 : CEMBA180813_5E (2 of 4) : Deviations for Annotation 272 of 884, 18.599 mins elapsed.
2020-10-06 09:02:49 : CEMBA171214_4D (3 of 4) : Deviations for Annotation 296 of 884, 18.778 mins elapsed.
2020-10-06 09:03:01 : CEMBA171219_4D (1 of 4) : Deviations for Annotation 288 of 884, 18.974 mins elapsed.
2020-10-06 09:03:05 : CEMBA180813_5E (2 of 4) : Deviations for Annotation 280 of 884, 19.039 mins elapsed.
2020-10-06 09:03:09 : CEMBA180820_5E (4 of 4) : Deviations for Annotation 328 of 884, 19.167 mins elapsed.
2020-10-06 09:03:19 : CEMBA171214_4D (3 of 4) : Deviations for Annotation 304 of 884, 19.286 mins elapsed.
2020-10-06 09:03:30 : CEMBA171219_4D (1 of 4) : Deviations for Annotation 296 of 884, 19.457 mins elapsed.
2020-10-06 09:03:35 : CEMBA171214_4D (3 of 4) : Deviations for Annotation 308 of 884, 19.557 mins elapsed.
2020-10-06 09:03:37 : CEMBA180813_5E (2 of 4) : Deviations for Annotation 288 of 884, 19.57 mins elapsed.
2020-10-06 09:03:44 : CEMBA180820_5E (4 of 4) : Deviations for Annotation 336 of 884, 19.746 mins elapsed.
2020-10-06 09:03:52 : CEMBA171214_4D (3 of 4) : Deviations for Annotation 312 of 884, 19.841 mins elapsed.
2020-10-06 09:04:02 : CEMBA171219_4D (1 of 4) : Deviations for Annotation 304 of 884, 19.99 mins elapsed.
2020-10-06 09:04:07 : CEMBA180813_5E (2 of 4) : Deviations for Annotation 296 of 884, 20.075 mins elapsed.
2020-10-06 09:04:17 : CEMBA180820_5E (4 of 4) : Deviations for Annotation 344 of 884, 20.308 mins elapsed.
2020-10-06 09:04:21 : CEMBA171219_4D (1 of 4) : Deviations for Annotation 308 of 884, 20.291 mins elapsed.
2020-10-06 09:04:26 : CEMBA171214_4D (3 of 4) : Deviations for Annotation 320 of 884, 20.391 mins elapsed.
2020-10-06 09:04:38 : CEMBA171219_4D (1 of 4) : Deviations for Annotation 312 of 884, 20.576 mins elapsed.
2020-10-06 09:04:39 : CEMBA180813_5E (2 of 4) : Deviations for Annotation 304 of 884, 20.612 mins elapsed.
2020-10-06 09:04:42 : CEMBA180820_5E (4 of 4) : Deviations for Annotation 352 of 884, 20.717 mins elapsed.
2020-10-06 09:04:58 : CEMBA180813_5E (2 of 4) : Deviations for Annotation 308 of 884, 20.924 mins elapsed.
2020-10-06 09:04:59 : CEMBA171214_4D (3 of 4) : Deviations for Annotation 328 of 884, 20.946 mins elapsed.
2020-10-06 09:05:12 : CEMBA171219_4D (1 of 4) : Deviations for Annotation 320 of 884, 21.15 mins elapsed.
2020-10-06 09:05:16 : CEMBA180813_5E (2 of 4) : Deviations for Annotation 312 of 884, 21.216 mins elapsed.
2020-10-06 09:05:20 : CEMBA180820_5E (4 of 4) : Deviations for Annotation 360 of 884, 21.353 mins elapsed.
2020-10-06 09:05:39 : CEMBA171214_4D (3 of 4) : Deviations for Annotation 336 of 884, 21.608 mins elapsed.
2020-10-06 09:05:48 : CEMBA171219_4D (1 of 4) : Deviations for Annotation 328 of 884, 21.75 mins elapsed.
2020-10-06 09:05:52 : CEMBA180813_5E (2 of 4) : Deviations for Annotation 320 of 884, 21.818 mins elapsed.
2020-10-06 09:05:55 : CEMBA180820_5E (4 of 4) : Deviations for Annotation 368 of 884, 21.933 mins elapsed.
2020-10-06 09:06:14 : CEMBA171214_4D (3 of 4) : Deviations for Annotation 344 of 884, 22.197 mins elapsed.
2020-10-06 09:06:23 : CEMBA180820_5E (4 of 4) : Deviations for Annotation 376 of 884, 22.395 mins elapsed.
2020-10-06 09:06:28 : CEMBA171219_4D (1 of 4) : Deviations for Annotation 336 of 884, 22.424 mins elapsed.
2020-10-06 09:06:30 : CEMBA180813_5E (2 of 4) : Deviations for Annotation 328 of 884, 22.449 mins elapsed.
2020-10-06 09:06:42 : CEMBA171214_4D (3 of 4) : Deviations for Annotation 352 of 884, 22.667 mins elapsed.
2020-10-06 09:06:58 : CEMBA180820_5E (4 of 4) : Deviations for Annotation 384 of 884, 22.99 mins elapsed.
2020-10-06 09:07:04 : CEMBA171219_4D (1 of 4) : Deviations for Annotation 344 of 884, 23.016 mins elapsed.
2020-10-06 09:07:10 : CEMBA180813_5E (2 of 4) : Deviations for Annotation 336 of 884, 23.127 mins elapsed.
2020-10-06 09:07:19 : CEMBA180820_5E (4 of 4) : Deviations for Annotation 392 of 884, 23.341 mins elapsed.
2020-10-06 09:07:24 : CEMBA171214_4D (3 of 4) : Deviations for Annotation 360 of 884, 23.364 mins elapsed.
2020-10-06 09:07:29 : CEMBA180820_5E (4 of 4) : Deviations for Annotation 396 of 884, 23.5 mins elapsed.
2020-10-06 09:07:34 : CEMBA171219_4D (1 of 4) : Deviations for Annotation 352 of 884, 23.515 mins elapsed.
2020-10-06 09:07:43 : CEMBA180820_5E (4 of 4) : Deviations for Annotation 400 of 884, 23.742 mins elapsed.
2020-10-06 09:07:47 : CEMBA180813_5E (2 of 4) : Deviations for Annotation 344 of 884, 23.741 mins elapsed.
2020-10-06 09:07:58 : CEMBA171214_4D (3 of 4) : Deviations for Annotation 368 of 884, 23.94 mins elapsed.
2020-10-06 09:08:07 : CEMBA180820_5E (4 of 4) : Deviations for Annotation 408 of 884, 24.131 mins elapsed.
2020-10-06 09:08:16 : CEMBA171219_4D (1 of 4) : Deviations for Annotation 360 of 884, 24.221 mins elapsed.
2020-10-06 09:08:17 : CEMBA180813_5E (2 of 4) : Deviations for Annotation 352 of 884, 24.247 mins elapsed.
2020-10-06 09:08:28 : CEMBA171214_4D (3 of 4) : Deviations for Annotation 376 of 884, 24.434 mins elapsed.
2020-10-06 09:08:29 : CEMBA180820_5E (4 of 4) : Deviations for Annotation 416 of 884, 24.507 mins elapsed.
2020-10-06 09:08:53 : CEMBA180820_5E (4 of 4) : Deviations for Annotation 424 of 884, 24.905 mins elapsed.
2020-10-06 09:08:53 : CEMBA171219_4D (1 of 4) : Deviations for Annotation 368 of 884, 24.84 mins elapsed.
2020-10-06 09:09:01 : CEMBA180813_5E (2 of 4) : Deviations for Annotation 360 of 884, 24.967 mins elapsed.
2020-10-06 09:09:05 : CEMBA171214_4D (3 of 4) : Deviations for Annotation 384 of 884, 25.043 mins elapsed.
2020-10-06 09:09:15 : CEMBA180820_5E (4 of 4) : Deviations for Annotation 432 of 884, 25.264 mins elapsed.
2020-10-06 09:09:25 : CEMBA171219_4D (1 of 4) : Deviations for Annotation 376 of 884, 25.366 mins elapsed.
2020-10-06 09:09:28 : CEMBA171214_4D (3 of 4) : Deviations for Annotation 392 of 884, 25.43 mins elapsed.
2020-10-06 09:09:34 : CEMBA180820_5E (4 of 4) : Deviations for Annotation 440 of 884, 25.588 mins elapsed.
2020-10-06 09:09:37 : CEMBA180813_5E (2 of 4) : Deviations for Annotation 368 of 884, 25.573 mins elapsed.
2020-10-06 09:09:39 : CEMBA171214_4D (3 of 4) : Deviations for Annotation 396 of 884, 25.611 mins elapsed.
2020-10-06 09:09:55 : CEMBA171214_4D (3 of 4) : Deviations for Annotation 400 of 884, 25.878 mins elapsed.
2020-10-06 09:09:58 : CEMBA180820_5E (4 of 4) : Deviations for Annotation 448 of 884, 25.984 mins elapsed.
2020-10-06 09:10:01 : CEMBA171219_4D (1 of 4) : Deviations for Annotation 384 of 884, 25.968 mins elapsed.
2020-10-06 09:10:08 : CEMBA180813_5E (2 of 4) : Deviations for Annotation 376 of 884, 26.098 mins elapsed.
2020-10-06 09:10:20 : CEMBA171214_4D (3 of 4) : Deviations for Annotation 408 of 884, 26.292 mins elapsed.
2020-10-06 09:10:20 : CEMBA180820_5E (4 of 4) : Deviations for Annotation 456 of 884, 26.345 mins elapsed.
2020-10-06 09:10:25 : CEMBA171219_4D (1 of 4) : Deviations for Annotation 392 of 884, 26.36 mins elapsed.
2020-10-06 09:10:36 : CEMBA171219_4D (1 of 4) : Deviations for Annotation 396 of 884, 26.55 mins elapsed.
2020-10-06 09:10:42 : CEMBA180820_5E (4 of 4) : Deviations for Annotation 464 of 884, 26.719 mins elapsed.
2020-10-06 09:10:44 : CEMBA171214_4D (3 of 4) : Deviations for Annotation 416 of 884, 26.7 mins elapsed.
2020-10-06 09:10:46 : CEMBA180813_5E (2 of 4) : Deviations for Annotation 384 of 884, 26.73 mins elapsed.
2020-10-06 09:10:52 : CEMBA171219_4D (1 of 4) : Deviations for Annotation 400 of 884, 26.811 mins elapsed.
2020-10-06 09:11:01 : CEMBA180820_5E (4 of 4) : Deviations for Annotation 472 of 884, 27.031 mins elapsed.
2020-10-06 09:11:10 : CEMBA171214_4D (3 of 4) : Deviations for Annotation 424 of 884, 27.126 mins elapsed.
2020-10-06 09:11:10 : CEMBA180813_5E (2 of 4) : Deviations for Annotation 392 of 884, 27.13 mins elapsed.
2020-10-06 09:11:18 : CEMBA171219_4D (1 of 4) : Deviations for Annotation 408 of 884, 27.241 mins elapsed.
2020-10-06 09:11:20 : CEMBA180820_5E (4 of 4) : Deviations for Annotation 480 of 884, 27.349 mins elapsed.
2020-10-06 09:11:23 : CEMBA180813_5E (2 of 4) : Deviations for Annotation 396 of 884, 27.333 mins elapsed.
2020-10-06 09:11:30 : CEMBA180820_5E (4 of 4) : Deviations for Annotation 484 of 884, 27.523 mins elapsed.
2020-10-06 09:11:33 : CEMBA171214_4D (3 of 4) : Deviations for Annotation 432 of 884, 27.522 mins elapsed.
2020-10-06 09:11:39 : CEMBA180813_5E (2 of 4) : Deviations for Annotation 400 of 884, 27.601 mins elapsed.
2020-10-06 09:11:44 : CEMBA171219_4D (1 of 4) : Deviations for Annotation 416 of 884, 27.677 mins elapsed.
2020-10-06 09:11:45 : CEMBA180820_5E (4 of 4) : Deviations for Annotation 488 of 884, 27.766 mins elapsed.
2020-10-06 09:11:55 : CEMBA171214_4D (3 of 4) : Deviations for Annotation 440 of 884, 27.877 mins elapsed.
2020-10-06 09:12:04 : CEMBA180813_5E (2 of 4) : Deviations for Annotation 408 of 884, 28.026 mins elapsed.
2020-10-06 09:12:07 : CEMBA180820_5E (4 of 4) : Deviations for Annotation 496 of 884, 28.132 mins elapsed.
2020-10-06 09:12:10 : CEMBA171219_4D (1 of 4) : Deviations for Annotation 424 of 884, 28.117 mins elapsed.
2020-10-06 09:12:20 : CEMBA171214_4D (3 of 4) : Deviations for Annotation 448 of 884, 28.304 mins elapsed.
2020-10-06 09:12:30 : CEMBA180820_5E (4 of 4) : Deviations for Annotation 504 of 884, 28.516 mins elapsed.
2020-10-06 09:12:31 : CEMBA180813_5E (2 of 4) : Deviations for Annotation 416 of 884, 28.47 mins elapsed.
2020-10-06 09:12:36 : CEMBA171219_4D (1 of 4) : Deviations for Annotation 432 of 884, 28.544 mins elapsed.
2020-10-06 09:12:44 : CEMBA171214_4D (3 of 4) : Deviations for Annotation 456 of 884, 28.701 mins elapsed.
2020-10-06 09:12:51 : CEMBA180820_5E (4 of 4) : Deviations for Annotation 512 of 884, 28.872 mins elapsed.
2020-10-06 09:12:58 : CEMBA180813_5E (2 of 4) : Deviations for Annotation 424 of 884, 28.916 mins elapsed.
2020-10-06 09:12:59 : CEMBA171219_4D (1 of 4) : Deviations for Annotation 440 of 884, 28.927 mins elapsed.
2020-10-06 09:13:08 : CEMBA171214_4D (3 of 4) : Deviations for Annotation 464 of 884, 29.098 mins elapsed.
2020-10-06 09:13:15 : CEMBA180820_5E (4 of 4) : Deviations for Annotation 520 of 884, 29.26 mins elapsed.
2020-10-06 09:13:22 : CEMBA180813_5E (2 of 4) : Deviations for Annotation 432 of 884, 29.316 mins elapsed.
2020-10-06 09:13:26 : CEMBA171219_4D (1 of 4) : Deviations for Annotation 448 of 884, 29.376 mins elapsed.
2020-10-06 09:13:29 : CEMBA171214_4D (3 of 4) : Deviations for Annotation 472 of 884, 29.456 mins elapsed.
2020-10-06 09:13:36 : CEMBA180820_5E (4 of 4) : Deviations for Annotation 528 of 884, 29.618 mins elapsed.
2020-10-06 09:13:45 : CEMBA180813_5E (2 of 4) : Deviations for Annotation 440 of 884, 29.708 mins elapsed.
2020-10-06 09:13:49 : CEMBA171214_4D (3 of 4) : Deviations for Annotation 480 of 884, 29.787 mins elapsed.
2020-10-06 09:13:50 : CEMBA171219_4D (1 of 4) : Deviations for Annotation 456 of 884, 29.784 mins elapsed.
2020-10-06 09:14:01 : CEMBA180820_5E (4 of 4) : Deviations for Annotation 536 of 884, 30.027 mins elapsed.
2020-10-06 09:14:01 : CEMBA171214_4D (3 of 4) : Deviations for Annotation 484 of 884, 29.979 mins elapsed.
2020-10-06 09:14:13 : CEMBA180813_5E (2 of 4) : Deviations for Annotation 448 of 884, 30.175 mins elapsed.
2020-10-06 09:14:16 : CEMBA171219_4D (1 of 4) : Deviations for Annotation 464 of 884, 30.212 mins elapsed.
2020-10-06 09:14:17 : CEMBA171214_4D (3 of 4) : Deviations for Annotation 488 of 884, 30.247 mins elapsed.
2020-10-06 09:14:26 : CEMBA180820_5E (4 of 4) : Deviations for Annotation 544 of 884, 30.454 mins elapsed.
2020-10-06 09:14:38 : CEMBA171219_4D (1 of 4) : Deviations for Annotation 472 of 884, 30.586 mins elapsed.
2020-10-06 09:14:39 : CEMBA180813_5E (2 of 4) : Deviations for Annotation 456 of 884, 30.608 mins elapsed.
2020-10-06 09:14:42 : CEMBA171214_4D (3 of 4) : Deviations for Annotation 496 of 884, 30.665 mins elapsed.
2020-10-06 09:14:48 : CEMBA180820_5E (4 of 4) : Deviations for Annotation 552 of 884, 30.819 mins elapsed.
2020-10-06 09:15:00 : CEMBA171219_4D (1 of 4) : Deviations for Annotation 480 of 884, 30.941 mins elapsed.
2020-10-06 09:15:04 : CEMBA180813_5E (2 of 4) : Deviations for Annotation 464 of 884, 31.031 mins elapsed.
2020-10-06 09:15:06 : CEMBA171214_4D (3 of 4) : Deviations for Annotation 504 of 884, 31.072 mins elapsed.
2020-10-06 09:15:07 : CEMBA180820_5E (4 of 4) : Deviations for Annotation 560 of 884, 31.135 mins elapsed.
2020-10-06 09:15:12 : CEMBA171219_4D (1 of 4) : Deviations for Annotation 484 of 884, 31.147 mins elapsed.
2020-10-06 09:15:26 : CEMBA180813_5E (2 of 4) : Deviations for Annotation 472 of 884, 31.397 mins elapsed.
2020-10-06 09:15:29 : CEMBA171219_4D (1 of 4) : Deviations for Annotation 488 of 884, 31.43 mins elapsed.
2020-10-06 09:15:30 : CEMBA180820_5E (4 of 4) : Deviations for Annotation 568 of 884, 31.515 mins elapsed.
2020-10-06 09:15:30 : CEMBA171214_4D (3 of 4) : Deviations for Annotation 512 of 884, 31.473 mins elapsed.
2020-10-06 09:15:40 : CEMBA180820_5E (4 of 4) : Deviations for Annotation 572 of 884, 31.69 mins elapsed.
2020-10-06 09:15:48 : CEMBA180813_5E (2 of 4) : Deviations for Annotation 480 of 884, 31.762 mins elapsed.
2020-10-06 09:15:54 : CEMBA180820_5E (4 of 4) : Deviations for Annotation 576 of 884, 31.917 mins elapsed.
2020-10-06 09:15:55 : CEMBA171219_4D (1 of 4) : Deviations for Annotation 496 of 884, 31.859 mins elapsed.
2020-10-06 09:15:56 : CEMBA171214_4D (3 of 4) : Deviations for Annotation 520 of 884, 31.906 mins elapsed.
2020-10-06 09:16:01 : CEMBA180813_5E (2 of 4) : Deviations for Annotation 484 of 884, 31.972 mins elapsed.
2020-10-06 09:16:15 : CEMBA180820_5E (4 of 4) : Deviations for Annotation 584 of 884, 32.272 mins elapsed.
2020-10-06 09:16:18 : CEMBA180813_5E (2 of 4) : Deviations for Annotation 488 of 884, 32.254 mins elapsed.
2020-10-06 09:16:19 : CEMBA171214_4D (3 of 4) : Deviations for Annotation 528 of 884, 32.283 mins elapsed.
2020-10-06 09:16:21 : CEMBA171219_4D (1 of 4) : Deviations for Annotation 504 of 884, 32.296 mins elapsed.
2020-10-06 09:16:36 : CEMBA180820_5E (4 of 4) : Deviations for Annotation 592 of 884, 32.623 mins elapsed.
2020-10-06 09:16:45 : CEMBA180813_5E (2 of 4) : Deviations for Annotation 496 of 884, 32.703 mins elapsed.
2020-10-06 09:16:47 : CEMBA171219_4D (1 of 4) : Deviations for Annotation 512 of 884, 32.73 mins elapsed.
2020-10-06 09:16:47 : CEMBA171214_4D (3 of 4) : Deviations for Annotation 536 of 884, 32.753 mins elapsed.
2020-10-06 09:16:58 : CEMBA180820_5E (4 of 4) : Deviations for Annotation 600 of 884, 32.98 mins elapsed.
2020-10-06 09:17:11 : CEMBA180813_5E (2 of 4) : Deviations for Annotation 504 of 884, 33.138 mins elapsed.
2020-10-06 09:17:14 : CEMBA171219_4D (1 of 4) : Deviations for Annotation 520 of 884, 33.188 mins elapsed.
2020-10-06 09:17:15 : CEMBA171214_4D (3 of 4) : Deviations for Annotation 544 of 884, 33.216 mins elapsed.
2020-10-06 09:17:23 : CEMBA180820_5E (4 of 4) : Deviations for Annotation 608 of 884, 33.409 mins elapsed.
2020-10-06 09:17:37 : CEMBA180813_5E (2 of 4) : Deviations for Annotation 512 of 884, 33.568 mins elapsed.
2020-10-06 09:17:39 : CEMBA171219_4D (1 of 4) : Deviations for Annotation 528 of 884, 33.591 mins elapsed.
2020-10-06 09:17:39 : CEMBA171214_4D (3 of 4) : Deviations for Annotation 552 of 884, 33.615 mins elapsed.
2020-10-06 09:17:42 : CEMBA180820_5E (4 of 4) : Deviations for Annotation 616 of 884, 33.712 mins elapsed.
2020-10-06 09:18:01 : CEMBA171214_4D (3 of 4) : Deviations for Annotation 560 of 884, 33.975 mins elapsed.
2020-10-06 09:18:04 : CEMBA180813_5E (2 of 4) : Deviations for Annotation 520 of 884, 34.03 mins elapsed.
2020-10-06 09:18:07 : CEMBA171219_4D (1 of 4) : Deviations for Annotation 536 of 884, 34.074 mins elapsed.
2020-10-06 09:18:12 : CEMBA180820_5E (4 of 4) : Deviations for Annotation 624 of 884, 34.212 mins elapsed.
2020-10-06 09:18:25 : CEMBA171214_4D (3 of 4) : Deviations for Annotation 568 of 884, 34.385 mins elapsed.
2020-10-06 09:18:29 : CEMBA180813_5E (2 of 4) : Deviations for Annotation 528 of 884, 34.435 mins elapsed.
2020-10-06 09:18:36 : CEMBA171219_4D (1 of 4) : Deviations for Annotation 544 of 884, 34.549 mins elapsed.
2020-10-06 09:18:36 : CEMBA171214_4D (3 of 4) : Deviations for Annotation 572 of 884, 34.571 mins elapsed.
2020-10-06 09:18:41 : CEMBA180820_5E (4 of 4) : Deviations for Annotation 632 of 884, 34.701 mins elapsed.
2020-10-06 09:18:52 : CEMBA171214_4D (3 of 4) : Deviations for Annotation 576 of 884, 34.831 mins elapsed.
2020-10-06 09:18:59 : CEMBA180813_5E (2 of 4) : Deviations for Annotation 536 of 884, 34.939 mins elapsed.
2020-10-06 09:19:01 : CEMBA171219_4D (1 of 4) : Deviations for Annotation 552 of 884, 34.974 mins elapsed.
2020-10-06 09:19:04 : CEMBA180820_5E (4 of 4) : Deviations for Annotation 640 of 884, 35.087 mins elapsed.
2020-10-06 09:19:15 : CEMBA171214_4D (3 of 4) : Deviations for Annotation 584 of 884, 35.221 mins elapsed.
2020-10-06 09:19:23 : CEMBA171219_4D (1 of 4) : Deviations for Annotation 560 of 884, 35.34 mins elapsed.
2020-10-06 09:19:26 : CEMBA180820_5E (4 of 4) : Deviations for Annotation 648 of 884, 35.442 mins elapsed.
2020-10-06 09:19:28 : CEMBA180813_5E (2 of 4) : Deviations for Annotation 544 of 884, 35.417 mins elapsed.
2020-10-06 09:19:38 : CEMBA171214_4D (3 of 4) : Deviations for Annotation 592 of 884, 35.604 mins elapsed.
2020-10-06 09:19:43 : CEMBA180820_5E (4 of 4) : Deviations for Annotation 656 of 884, 35.742 mins elapsed.
2020-10-06 09:19:49 : CEMBA171219_4D (1 of 4) : Deviations for Annotation 568 of 884, 35.76 mins elapsed.
2020-10-06 09:19:53 : CEMBA180813_5E (2 of 4) : Deviations for Annotation 552 of 884, 35.837 mins elapsed.
2020-10-06 09:19:58 : CEMBA180820_5E (4 of 4) : Deviations for Annotation 660 of 884, 35.985 mins elapsed.
2020-10-06 09:20:01 : CEMBA171219_4D (1 of 4) : Deviations for Annotation 572 of 884, 35.965 mins elapsed.
2020-10-06 09:20:02 : CEMBA171214_4D (3 of 4) : Deviations for Annotation 600 of 884, 35.998 mins elapsed.
2020-10-06 09:20:14 : CEMBA180820_5E (4 of 4) : Deviations for Annotation 664 of 884, 36.253 mins elapsed.
2020-10-06 09:20:16 : CEMBA180813_5E (2 of 4) : Deviations for Annotation 560 of 884, 36.218 mins elapsed.
2020-10-06 09:20:17 : CEMBA171219_4D (1 of 4) : Deviations for Annotation 576 of 884, 36.226 mins elapsed.
2020-10-06 09:20:29 : CEMBA171214_4D (3 of 4) : Deviations for Annotation 608 of 884, 36.453 mins elapsed.
2020-10-06 09:20:42 : CEMBA171219_4D (1 of 4) : Deviations for Annotation 584 of 884, 36.642 mins elapsed.
2020-10-06 09:20:42 : CEMBA180813_5E (2 of 4) : Deviations for Annotation 568 of 884, 36.657 mins elapsed.
2020-10-06 09:20:42 : CEMBA180820_5E (4 of 4) : Deviations for Annotation 672 of 884, 36.72 mins elapsed.
2020-10-06 09:20:49 : CEMBA171214_4D (3 of 4) : Deviations for Annotation 616 of 884, 36.787 mins elapsed.
2020-10-06 09:20:53 : CEMBA180813_5E (2 of 4) : Deviations for Annotation 572 of 884, 36.848 mins elapsed.
2020-10-06 09:21:07 : CEMBA171219_4D (1 of 4) : Deviations for Annotation 592 of 884, 37.07 mins elapsed.
2020-10-06 09:21:10 : CEMBA180813_5E (2 of 4) : Deviations for Annotation 576 of 884, 37.123 mins elapsed.
2020-10-06 09:21:10 : CEMBA180820_5E (4 of 4) : Deviations for Annotation 680 of 884, 37.191 mins elapsed.
2020-10-06 09:21:22 : CEMBA171214_4D (3 of 4) : Deviations for Annotation 624 of 884, 37.333 mins elapsed.
2020-10-06 09:21:32 : CEMBA171219_4D (1 of 4) : Deviations for Annotation 600 of 884, 37.479 mins elapsed.
2020-10-06 09:21:35 : CEMBA180820_5E (4 of 4) : Deviations for Annotation 688 of 884, 37.596 mins elapsed.
2020-10-06 09:21:36 : CEMBA180813_5E (2 of 4) : Deviations for Annotation 584 of 884, 37.55 mins elapsed.
2020-10-06 09:21:52 : CEMBA171214_4D (3 of 4) : Deviations for Annotation 632 of 884, 37.83 mins elapsed.
2020-10-06 09:21:59 : CEMBA180820_5E (4 of 4) : Deviations for Annotation 696 of 884, 38.008 mins elapsed.
2020-10-06 09:22:00 : CEMBA171219_4D (1 of 4) : Deviations for Annotation 608 of 884, 37.954 mins elapsed.
2020-10-06 09:22:01 : CEMBA180813_5E (2 of 4) : Deviations for Annotation 592 of 884, 37.978 mins elapsed.
2020-10-06 09:22:17 : CEMBA171214_4D (3 of 4) : Deviations for Annotation 640 of 884, 38.257 mins elapsed.
2020-10-06 09:22:22 : CEMBA171219_4D (1 of 4) : Deviations for Annotation 616 of 884, 38.317 mins elapsed.
2020-10-06 09:22:26 : CEMBA180813_5E (2 of 4) : Deviations for Annotation 600 of 884, 38.396 mins elapsed.
2020-10-06 09:22:30 : CEMBA180820_5E (4 of 4) : Deviations for Annotation 704 of 884, 38.509 mins elapsed.
2020-10-06 09:22:41 : CEMBA171214_4D (3 of 4) : Deviations for Annotation 648 of 884, 38.65 mins elapsed.
2020-10-06 09:22:55 : CEMBA180813_5E (2 of 4) : Deviations for Annotation 608 of 884, 38.879 mins elapsed.
2020-10-06 09:22:56 : CEMBA171219_4D (1 of 4) : Deviations for Annotation 624 of 884, 38.879 mins elapsed.
2020-10-06 09:23:02 : CEMBA180820_5E (4 of 4) : Deviations for Annotation 712 of 884, 39.044 mins elapsed.
2020-10-06 09:23:02 : CEMBA171214_4D (3 of 4) : Deviations for Annotation 656 of 884, 38.996 mins elapsed.
2020-10-06 09:23:18 : CEMBA171214_4D (3 of 4) : Deviations for Annotation 660 of 884, 39.258 mins elapsed.
2020-10-06 09:23:18 : CEMBA180813_5E (2 of 4) : Deviations for Annotation 616 of 884, 39.26 mins elapsed.
2020-10-06 09:23:25 : CEMBA180820_5E (4 of 4) : Deviations for Annotation 720 of 884, 39.432 mins elapsed.
2020-10-06 09:23:28 : CEMBA171219_4D (1 of 4) : Deviations for Annotation 632 of 884, 39.407 mins elapsed.
2020-10-06 09:23:35 : CEMBA171214_4D (3 of 4) : Deviations for Annotation 664 of 884, 39.55 mins elapsed.
2020-10-06 09:23:53 : CEMBA180813_5E (2 of 4) : Deviations for Annotation 624 of 884, 39.835 mins elapsed.
2020-10-06 09:23:53 : CEMBA171219_4D (1 of 4) : Deviations for Annotation 640 of 884, 39.828 mins elapsed.
2020-10-06 09:23:54 : CEMBA180820_5E (4 of 4) : Deviations for Annotation 728 of 884, 39.918 mins elapsed.
2020-10-06 09:24:05 : CEMBA171214_4D (3 of 4) : Deviations for Annotation 672 of 884, 40.051 mins elapsed.
2020-10-06 09:24:19 : CEMBA171219_4D (1 of 4) : Deviations for Annotation 648 of 884, 40.268 mins elapsed.
2020-10-06 09:24:23 : CEMBA180820_5E (4 of 4) : Deviations for Annotation 736 of 884, 40.408 mins elapsed.
2020-10-06 09:24:26 : CEMBA180813_5E (2 of 4) : Deviations for Annotation 632 of 884, 40.397 mins elapsed.
2020-10-06 09:24:35 : CEMBA171214_4D (3 of 4) : Deviations for Annotation 680 of 884, 40.552 mins elapsed.
2020-10-06 09:24:40 : CEMBA171219_4D (1 of 4) : Deviations for Annotation 656 of 884, 40.616 mins elapsed.
2020-10-06 09:24:49 : CEMBA180820_5E (4 of 4) : Deviations for Annotation 744 of 884, 40.836 mins elapsed.
2020-10-06 09:24:52 : CEMBA180813_5E (2 of 4) : Deviations for Annotation 640 of 884, 40.822 mins elapsed.
2020-10-06 09:24:56 : CEMBA171219_4D (1 of 4) : Deviations for Annotation 660 of 884, 40.875 mins elapsed.
2020-10-06 09:25:01 : CEMBA180820_5E (4 of 4) : Deviations for Annotation 748 of 884, 41.04 mins elapsed.
2020-10-06 09:25:02 : CEMBA171214_4D (3 of 4) : Deviations for Annotation 688 of 884, 40.994 mins elapsed.
2020-10-06 09:25:13 : CEMBA171219_4D (1 of 4) : Deviations for Annotation 664 of 884, 41.17 mins elapsed.
2020-10-06 09:25:17 : CEMBA180813_5E (2 of 4) : Deviations for Annotation 648 of 884, 41.237 mins elapsed.
2020-10-06 09:25:22 : CEMBA180820_5E (4 of 4) : Deviations for Annotation 752 of 884, 41.383 mins elapsed.
2020-10-06 09:25:30 : CEMBA171214_4D (3 of 4) : Deviations for Annotation 696 of 884, 41.459 mins elapsed.
2020-10-06 09:25:38 : CEMBA180813_5E (2 of 4) : Deviations for Annotation 656 of 884, 41.595 mins elapsed.
2020-10-06 09:25:44 : CEMBA171219_4D (1 of 4) : Deviations for Annotation 672 of 884, 41.682 mins elapsed.
2020-10-06 09:25:55 : CEMBA180813_5E (2 of 4) : Deviations for Annotation 660 of 884, 41.87 mins elapsed.
2020-10-06 09:25:57 : CEMBA180820_5E (4 of 4) : Deviations for Annotation 760 of 884, 41.964 mins elapsed.
2020-10-06 09:26:00 : CEMBA171214_4D (3 of 4) : Deviations for Annotation 704 of 884, 41.968 mins elapsed.
2020-10-06 09:26:13 : CEMBA180813_5E (2 of 4) : Deviations for Annotation 664 of 884, 42.171 mins elapsed.
2020-10-06 09:26:16 : CEMBA171219_4D (1 of 4) : Deviations for Annotation 680 of 884, 42.213 mins elapsed.
2020-10-06 09:26:20 : CEMBA180820_5E (4 of 4) : Deviations for Annotation 768 of 884, 42.357 mins elapsed.
2020-10-06 09:26:36 : CEMBA171214_4D (3 of 4) : Deviations for Annotation 712 of 884, 42.566 mins elapsed.
2020-10-06 09:26:44 : CEMBA171219_4D (1 of 4) : Deviations for Annotation 688 of 884, 42.68 mins elapsed.
2020-10-06 09:26:45 : CEMBA180813_5E (2 of 4) : Deviations for Annotation 672 of 884, 42.714 mins elapsed.
2020-10-06 09:26:46 : CEMBA180820_5E (4 of 4) : Deviations for Annotation 776 of 884, 42.784 mins elapsed.
2020-10-06 09:27:03 : CEMBA171214_4D (3 of 4) : Deviations for Annotation 720 of 884, 43.009 mins elapsed.
2020-10-06 09:27:12 : CEMBA171219_4D (1 of 4) : Deviations for Annotation 696 of 884, 43.151 mins elapsed.
2020-10-06 09:27:16 : CEMBA180820_5E (4 of 4) : Deviations for Annotation 784 of 884, 43.276 mins elapsed.
2020-10-06 09:27:18 : CEMBA180813_5E (2 of 4) : Deviations for Annotation 680 of 884, 43.25 mins elapsed.
2020-10-06 09:27:33 : CEMBA171214_4D (3 of 4) : Deviations for Annotation 728 of 884, 43.518 mins elapsed.
2020-10-06 09:27:36 : CEMBA180820_5E (4 of 4) : Deviations for Annotation 792 of 884, 43.624 mins elapsed.
2020-10-06 09:27:45 : CEMBA171219_4D (1 of 4) : Deviations for Annotation 704 of 884, 43.7 mins elapsed.
2020-10-06 09:27:46 : CEMBA180813_5E (2 of 4) : Deviations for Annotation 688 of 884, 43.724 mins elapsed.
2020-10-06 09:28:04 : CEMBA171214_4D (3 of 4) : Deviations for Annotation 736 of 884, 44.038 mins elapsed.
2020-10-06 09:28:15 : CEMBA180813_5E (2 of 4) : Deviations for Annotation 696 of 884, 44.199 mins elapsed.
2020-10-06 09:28:16 : CEMBA180820_5E (4 of 4) : Deviations for Annotation 800 of 884, 44.277 mins elapsed.
2020-10-06 09:28:23 : CEMBA171219_4D (1 of 4) : Deviations for Annotation 712 of 884, 44.34 mins elapsed.
2020-10-06 09:28:34 : CEMBA171214_4D (3 of 4) : Deviations for Annotation 744 of 884, 44.535 mins elapsed.
2020-10-06 09:28:47 : CEMBA171214_4D (3 of 4) : Deviations for Annotation 748 of 884, 44.753 mins elapsed.
2020-10-06 09:28:49 : CEMBA180813_5E (2 of 4) : Deviations for Annotation 704 of 884, 44.769 mins elapsed.
2020-10-06 09:28:51 : CEMBA171219_4D (1 of 4) : Deviations for Annotation 720 of 884, 44.795 mins elapsed.
2020-10-06 09:29:10 : CEMBA171214_4D (3 of 4) : Deviations for Annotation 752 of 884, 45.134 mins elapsed.
2020-10-06 09:29:12 : CEMBA180820_5E (4 of 4) : Deviations for Annotation 808 of 884, 45.216 mins elapsed.
2020-10-06 09:29:24 : CEMBA171219_4D (1 of 4) : Deviations for Annotation 728 of 884, 45.348 mins elapsed.
2020-10-06 09:29:28 : CEMBA180813_5E (2 of 4) : Deviations for Annotation 712 of 884, 45.423 mins elapsed.
2020-10-06 09:29:42 : CEMBA180820_5E (4 of 4) : Deviations for Annotation 816 of 884, 45.716 mins elapsed.
2020-10-06 09:29:46 : CEMBA171214_4D (3 of 4) : Deviations for Annotation 760 of 884, 45.737 mins elapsed.
2020-10-06 09:29:56 : CEMBA171219_4D (1 of 4) : Deviations for Annotation 736 of 884, 45.875 mins elapsed.
2020-10-06 09:29:57 : CEMBA180813_5E (2 of 4) : Deviations for Annotation 720 of 884, 45.913 mins elapsed.
2020-10-06 09:30:12 : CEMBA171214_4D (3 of 4) : Deviations for Annotation 768 of 884, 46.16 mins elapsed.
2020-10-06 09:30:18 : CEMBA180820_5E (4 of 4) : Deviations for Annotation 824 of 884, 46.323 mins elapsed.
2020-10-06 09:30:25 : CEMBA171219_4D (1 of 4) : Deviations for Annotation 744 of 884, 46.364 mins elapsed.
2020-10-06 09:30:29 : CEMBA180813_5E (2 of 4) : Deviations for Annotation 728 of 884, 46.449 mins elapsed.
2020-10-06 09:30:39 : CEMBA171214_4D (3 of 4) : Deviations for Annotation 776 of 884, 46.616 mins elapsed.
2020-10-06 09:30:39 : CEMBA171219_4D (1 of 4) : Deviations for Annotation 748 of 884, 46.601 mins elapsed.
2020-10-06 09:30:43 : CEMBA180820_5E (4 of 4) : Deviations for Annotation 832 of 884, 46.74 mins elapsed.
2020-10-06 09:30:54 : CEMBA180820_5E (4 of 4) : Deviations for Annotation 836 of 884, 46.921 mins elapsed.
2020-10-06 09:31:01 : CEMBA180813_5E (2 of 4) : Deviations for Annotation 736 of 884, 46.976 mins elapsed.
2020-10-06 09:31:01 : CEMBA171219_4D (1 of 4) : Deviations for Annotation 752 of 884, 46.971 mins elapsed.
2020-10-06 09:31:10 : CEMBA180820_5E (4 of 4) : Deviations for Annotation 840 of 884, 47.177 mins elapsed.
2020-10-06 09:31:12 : CEMBA171214_4D (3 of 4) : Deviations for Annotation 784 of 884, 47.165 mins elapsed.
2020-10-06 09:31:33 : CEMBA180813_5E (2 of 4) : Deviations for Annotation 744 of 884, 47.508 mins elapsed.
2020-10-06 09:31:34 : CEMBA171214_4D (3 of 4) : Deviations for Annotation 792 of 884, 47.538 mins elapsed.
2020-10-06 09:31:37 : CEMBA171219_4D (1 of 4) : Deviations for Annotation 760 of 884, 47.571 mins elapsed.
2020-10-06 09:31:38 : CEMBA180820_5E (4 of 4) : Deviations for Annotation 848 of 884, 47.654 mins elapsed.
2020-10-06 09:31:48 : CEMBA180813_5E (2 of 4) : Deviations for Annotation 748 of 884, 47.756 mins elapsed.
2020-10-06 09:32:03 : CEMBA180820_5E (4 of 4) : Deviations for Annotation 856 of 884, 48.063 mins elapsed.
2020-10-06 09:32:04 : CEMBA171219_4D (1 of 4) : Deviations for Annotation 768 of 884, 48.013 mins elapsed.
2020-10-06 09:32:12 : CEMBA180813_5E (2 of 4) : Deviations for Annotation 752 of 884, 48.158 mins elapsed.
2020-10-06 09:32:17 : CEMBA171214_4D (3 of 4) : Deviations for Annotation 800 of 884, 48.242 mins elapsed.
2020-10-06 09:32:32 : CEMBA180820_5E (4 of 4) : Deviations for Annotation 864 of 884, 48.544 mins elapsed.
2020-10-06 09:32:33 : CEMBA171219_4D (1 of 4) : Deviations for Annotation 776 of 884, 48.495 mins elapsed.
2020-10-06 09:32:53 : CEMBA180813_5E (2 of 4) : Deviations for Annotation 760 of 884, 48.841 mins elapsed.
2020-10-06 09:32:59 : CEMBA180820_5E (4 of 4) : Deviations for Annotation 872 of 884, 48.998 mins elapsed.
2020-10-06 09:33:08 : CEMBA171219_4D (1 of 4) : Deviations for Annotation 784 of 884, 49.08 mins elapsed.
2020-10-06 09:33:20 : CEMBA180813_5E (2 of 4) : Deviations for Annotation 768 of 884, 49.284 mins elapsed.
2020-10-06 09:33:21 : CEMBA171214_4D (3 of 4) : Deviations for Annotation 808 of 884, 49.31 mins elapsed.
2020-10-06 09:33:32 : CEMBA171219_4D (1 of 4) : Deviations for Annotation 792 of 884, 49.474 mins elapsed.
2020-10-06 09:33:49 : CEMBA180820_5E (4 of 4) : Deviations for Annotation 880 of 884, 49.838 mins elapsed.
2020-10-06 09:33:49 : CEMBA180813_5E (2 of 4) : Deviations for Annotation 776 of 884, 49.782 mins elapsed.
2020-10-06 09:33:51 : CEMBA171214_4D (3 of 4) : Deviations for Annotation 816 of 884, 49.811 mins elapsed.
2020-10-06 09:34:16 : CEMBA171219_4D (1 of 4) : Deviations for Annotation 800 of 884, 50.211 mins elapsed.

2020-10-06 09:34:20 : dev, Class = SummarizedExperiment
class: SummarizedExperiment 
dim: 884 5695 
metadata(0):
assays(2): z deviations
rownames(884): Tcfap2a_1 Tcfap2b_2 ... Smad5_883 Smad9_884
rowData names(2): fractionMatches fractionBackgroundOverlap
colnames(5695): CEMBA180820_5E#AGACACCTCGAGGCTGGTACTGACAAGGAGTA
  CEMBA180820_5E#CTGAAGCTCTAATGCTTATAGCCTAATGACGT ...
  CEMBA180820_5E#GAGATTCCGAACGGTAATAGAGGCATAGCCTT
  CEMBA180820_5E#TAATGCGCGCAACCTACCTATCCTAGGATAAC
colData names(0):


2020-10-06 09:34:20 : featureDF, Class = data.frame
featureDF: nRows = 1768, nCols = 3
      seqnames idx      name
885 deviations   1 Tcfap2a_1
886 deviations   2 Tcfap2b_2
887 deviations   3 Tcfap2c_3
888 deviations   4 Tcfap2e_4
889 deviations   5 Tcfap2d_5
890 deviations   6  Arid3b_6


2020-10-06 09:34:25 : CEMBA180813_5E (2 of 4) : Deviations for Annotation 784 of 884, 50.382 mins elapsed.
2020-10-06 09:34:32 : CEMBA171214_4D (3 of 4) : Deviations for Annotation 824 of 884, 50.499 mins elapsed.
2020-10-06 09:34:44 : CEMBA180813_5E (2 of 4) : Deviations for Annotation 792 of 884, 50.692 mins elapsed.
2020-10-06 09:34:52 : CEMBA171214_4D (3 of 4) : Deviations for Annotation 832 of 884, 50.835 mins elapsed.
2020-10-06 09:35:02 : CEMBA171214_4D (3 of 4) : Deviations for Annotation 836 of 884, 50.998 mins elapsed.
2020-10-06 09:35:04 : CEMBA171219_4D (1 of 4) : Deviations for Annotation 808 of 884, 51.021 mins elapsed.
2020-10-06 09:35:14 : CEMBA171214_4D (3 of 4) : Deviations for Annotation 840 of 884, 51.192 mins elapsed.
2020-10-06 09:35:16 : CEMBA180813_5E (2 of 4) : Deviations for Annotation 800 of 884, 51.228 mins elapsed.
2020-10-06 09:35:27 : CEMBA171219_4D (1 of 4) : Deviations for Annotation 816 of 884, 51.405 mins elapsed.
2020-10-06 09:35:35 : CEMBA171214_4D (3 of 4) : Deviations for Annotation 848 of 884, 51.552 mins elapsed.
2020-10-06 09:35:54 : CEMBA171214_4D (3 of 4) : Deviations for Annotation 856 of 884, 51.874 mins elapsed.
2020-10-06 09:35:56 : CEMBA171219_4D (1 of 4) : Deviations for Annotation 824 of 884, 51.885 mins elapsed.
2020-10-06 09:36:03 : CEMBA180813_5E (2 of 4) : Deviations for Annotation 808 of 884, 52.006 mins elapsed.
2020-10-06 09:36:16 : CEMBA171214_4D (3 of 4) : Deviations for Annotation 864 of 884, 52.235 mins elapsed.
2020-10-06 09:36:17 : CEMBA171219_4D (1 of 4) : Deviations for Annotation 832 of 884, 52.24 mins elapsed.
2020-10-06 09:36:26 : CEMBA180813_5E (2 of 4) : Deviations for Annotation 816 of 884, 52.39 mins elapsed.
2020-10-06 09:36:27 : CEMBA171219_4D (1 of 4) : Deviations for Annotation 836 of 884, 52.402 mins elapsed.
2020-10-06 09:36:37 : CEMBA171214_4D (3 of 4) : Deviations for Annotation 872 of 884, 52.579 mins elapsed.
2020-10-06 09:36:40 : CEMBA171219_4D (1 of 4) : Deviations for Annotation 840 of 884, 52.612 mins elapsed.
2020-10-06 09:36:56 : CEMBA180813_5E (2 of 4) : Deviations for Annotation 824 of 884, 52.892 mins elapsed.
2020-10-06 09:37:03 : CEMBA171219_4D (1 of 4) : Deviations for Annotation 848 of 884, 53.002 mins elapsed.
2020-10-06 09:37:16 : CEMBA171214_4D (3 of 4) : Deviations for Annotation 880 of 884, 53.23 mins elapsed.
2020-10-06 09:37:18 : CEMBA180813_5E (2 of 4) : Deviations for Annotation 832 of 884, 53.255 mins elapsed.
2020-10-06 09:37:23 : CEMBA171219_4D (1 of 4) : Deviations for Annotation 856 of 884, 53.339 mins elapsed.
2020-10-06 09:37:27 : CEMBA180813_5E (2 of 4) : Deviations for Annotation 836 of 884, 53.41 mins elapsed.

2020-10-06 09:37:38 : dev, Class = SummarizedExperiment
class: SummarizedExperiment 
dim: 884 5082 
metadata(0):
assays(2): z deviations
rownames(884): Tcfap2a_1 Tcfap2b_2 ... Smad5_883 Smad9_884
rowData names(2): fractionMatches fractionBackgroundOverlap
colnames(5082): CEMBA171214_4D#ATTCAGAATTAGCCTCTAAGATCCGTACTGAC
  CEMBA171214_4D#CTGAAGCTGCAACCTAAATGACGTCCTATCCT ...
  CEMBA171214_4D#GAATTCGTTTAGCCTCCGAATTCCAGGCGAAG
  CEMBA171214_4D#GAGATTCCCTAATGCTTGCCTTACGGCTCTGA
colData names(0):


2020-10-06 09:37:38 : featureDF, Class = data.frame
featureDF: nRows = 1768, nCols = 3
      seqnames idx      name
885 deviations   1 Tcfap2a_1
886 deviations   2 Tcfap2b_2
887 deviations   3 Tcfap2c_3
888 deviations   4 Tcfap2e_4
889 deviations   5 Tcfap2d_5
890 deviations   6  Arid3b_6


2020-10-06 09:37:40 : CEMBA180813_5E (2 of 4) : Deviations for Annotation 840 of 884, 53.616 mins elapsed.
2020-10-06 09:37:44 : CEMBA171219_4D (1 of 4) : Deviations for Annotation 864 of 884, 53.685 mins elapsed.
2020-10-06 09:37:57 : CEMBA180813_5E (2 of 4) : Deviations for Annotation 848 of 884, 53.899 mins elapsed.
2020-10-06 09:37:59 : CEMBA171219_4D (1 of 4) : Deviations for Annotation 872 of 884, 53.936 mins elapsed.
2020-10-06 09:38:10 : CEMBA180813_5E (2 of 4) : Deviations for Annotation 856 of 884, 54.123 mins elapsed.
2020-10-06 09:38:24 : CEMBA171219_4D (1 of 4) : Deviations for Annotation 880 of 884, 54.353 mins elapsed.
2020-10-06 09:38:25 : CEMBA180813_5E (2 of 4) : Deviations for Annotation 864 of 884, 54.38 mins elapsed.

2020-10-06 09:38:39 : dev, Class = SummarizedExperiment
class: SummarizedExperiment 
dim: 884 5306 
metadata(0):
assays(2): z deviations
rownames(884): Tcfap2a_1 Tcfap2b_2 ... Smad5_883 Smad9_884
rowData names(2): fractionMatches fractionBackgroundOverlap
colnames(5306): CEMBA171219_4D#GAGATTCCCAAGTTCATGCCTTACCAGGACGT
  CEMBA171219_4D#ATTCAGAAGCAACCTAATAGCCTTGTACTGAC ...
  CEMBA171219_4D#CGGCTATGCTAATGCTTTACGACCTAATCTTA
  CEMBA171219_4D#CTGAAGCTCGAGGCTGCCTAGAGTGGCTCTGA
colData names(0):


2020-10-06 09:38:39 : featureDF, Class = data.frame
featureDF: nRows = 1768, nCols = 3
      seqnames idx      name
885 deviations   1 Tcfap2a_1
886 deviations   2 Tcfap2b_2
887 deviations   3 Tcfap2c_3
888 deviations   4 Tcfap2e_4
889 deviations   5 Tcfap2d_5
890 deviations   6  Arid3b_6


2020-10-06 09:38:39 : CEMBA180813_5E (2 of 4) : Deviations for Annotation 872 of 884, 54.611 mins elapsed.
2020-10-06 09:38:54 : CEMBA180813_5E (2 of 4) : Deviations for Annotation 880 of 884, 54.861 mins elapsed.

2020-10-06 09:39:02 : dev, Class = SummarizedExperiment
class: SummarizedExperiment 
dim: 884 6283 
metadata(0):
assays(2): z deviations
rownames(884): Tcfap2a_1 Tcfap2b_2 ... Smad5_883 Smad9_884
rowData names(2): fractionMatches fractionBackgroundOverlap
colnames(6283): CEMBA180813_5E#ACATTGGCACGTTCGACATTCAGTAAGAGATG
  CEMBA180813_5E#CAGTTGCACTTCAATGGGAAGACTAATGACGT ...
  CEMBA180813_5E#TATCGGTTTACTGCCTAGGCTGGTTTACGACC
  CEMBA180813_5E#TCGAGGCATACGCTGCGAACGCATAAGGAGTA
colData names(0):


2020-10-06 09:39:02 : featureDF, Class = data.frame
featureDF: nRows = 1768, nCols = 3
      seqnames idx      name
885 deviations   1 Tcfap2a_1
886 deviations   2 Tcfap2b_2
887 deviations   3 Tcfap2c_3
888 deviations   4 Tcfap2e_4
889 deviations   5 Tcfap2d_5
890 deviations   6  Arid3b_6


###########
2020-10-06 09:39:04 : Completed Computing Deviations!, 55.567 mins elapsed.
###########

------- Completed

End Time : 2020-10-06 09:39:04
Elapsed Time Minutes = 55.5813828627268
Elapsed Time Hours = 0.926356439987818

-------



