
           ___      .______        ______  __    __  .______      
          /   \     |   _  \      /      ||  |  |  | |   _  \     
         /  ^  \    |  |_)  |    |  ,----'|  |__|  | |  |_)  |    
        /  /_\  \   |      /     |  |     |   __   | |      /     
       /  _____  \  |  |\  \\___ |  `----.|  |  |  | |  |\  \\___.
      /__/     \__\ | _| `._____| \______||__|  |__| | _| `._____|
    
Logging With ArchR!

Start Time : 2020-10-05 13:51:50

------- ArchR Info

ArchRThreads = 10
ArchRGenome = Hg38

------- System Info

Computer OS = unix
Total Cores = 64

------- Session Info

R version 3.6.3 (2020-02-29)
Platform: x86_64-conda_cos6-linux-gnu (64-bit)
Running under: CentOS Linux 7 (Core)

Matrix products: default
BLAS/LAPACK: /home/bnphan/miniconda3/lib/libmkl_rt.so

locale:
 [1] LC_CTYPE=en_US.UTF-8       LC_NUMERIC=C              
 [3] LC_TIME=en_US.UTF-8        LC_COLLATE=en_US.UTF-8    
 [5] LC_MONETARY=en_US.UTF-8    LC_MESSAGES=en_US.UTF-8   
 [7] LC_PAPER=en_US.UTF-8       LC_NAME=C                 
 [9] LC_ADDRESS=C               LC_TELEPHONE=C            
[11] LC_MEASUREMENT=en_US.UTF-8 LC_IDENTIFICATION=C       

attached base packages:
[1] parallel  stats4    stats     graphics  grDevices utils     datasets 
[8] methods   base     

other attached packages:
 [1] gtable_0.3.0                ArchR_0.9.5                
 [3] magrittr_1.5                rhdf5_2.30.1               
 [5] Matrix_1.2-18               data.table_1.13.0          
 [7] SummarizedExperiment_1.16.1 DelayedArray_0.12.3        
 [9] BiocParallel_1.20.1         matrixStats_0.57.0         
[11] Biobase_2.46.0              GenomicRanges_1.38.0       
[13] GenomeInfoDb_1.22.1         IRanges_2.20.2             
[15] S4Vectors_0.24.4            BiocGenerics_0.32.0        
[17] ggplot2_3.3.2               colorout_1.2-2             

loaded via a namespace (and not attached):
 [1] BSgenome.Hsapiens.UCSC.hg38_1.4.1 Rcpp_1.0.5                       
 [3] lattice_0.20-41                   Rsamtools_2.2.3                  
 [5] Biostrings_2.54.0                 gtools_3.8.2                     
 [7] digest_0.6.25                     IRdisplay_0.7.0                  
 [9] R6_2.4.1                          repr_1.1.0                       
[11] evaluate_0.14                     pillar_1.4.6                     
[13] zlibbioc_1.32.0                   rlang_0.4.7                      
[15] uuid_0.1-4                        labeling_0.3                     
[17] stringr_1.4.0                     pheatmap_1.0.12                  
[19] RCurl_1.98-1.2                    munsell_0.5.0                    
[21] compiler_3.6.3                    rtracklayer_1.46.0               
[23] pkgconfig_2.0.3                   base64enc_0.1-3                  
[25] htmltools_0.5.0                   tidyselect_1.1.0                 
[27] tibble_3.0.3                      GenomeInfoDbData_1.2.2           
[29] XML_3.99-0.3                      crayon_1.3.4                     
[31] dplyr_1.0.2                       withr_2.3.0                      
[33] GenomicAlignments_1.22.1          bitops_1.0-6                     
[35] grid_3.6.3                        jsonlite_1.7.1                   
[37] lifecycle_0.2.0                   scales_1.1.1                     
[39] stringi_1.5.3                     farver_2.0.3                     
[41] XVector_0.26.0                    ellipsis_0.3.1                   
[43] generics_0.0.2                    vctrs_0.3.4                      
[45] IRkernel_1.1.1                    Rhdf5lib_1.8.0                   
[47] RColorBrewer_1.1-2                tools_3.6.3                      
[49] Cairo_1.5-12.2                    BSgenome_1.54.0                  
[51] glue_1.4.2                        purrr_0.3.4                      
[53] colorspace_1.4-1                  pbdZMQ_0.3-3                     


------- Log Info


2020-10-05 13:51:51 : Input-Parameters, Class = list

Input-Parameters$ArchRProj: length = 1
class: ArchRProject 
outputDirectory: /home/bnphan/projects/snATAC_cross_species_caudate/data/raw_data/mm10/BICCN_mouse_caudoputamen/ArchR_BICCN_CP_5E 
samples(2): CEMBA180813_5E CEMBA180820_5E
sampleColData names(1): ArrowFiles
cellColData names(18): Sample TSSEnrichment ... Region Clusters
numberOfCells(1): 1
medianTSS(1): 14.738
medianFrags(1): 20162


Input-Parameters$embedding: length = 1
[1] "UMAP"


Input-Parameters$colorBy: length = 1
[1] "GeneScoreMatrix"


Input-Parameters$name: length = 6
[1] "Ppp1r1b"       "Bcl11b"        "2010300C02Rik" "Pde1b"        
[5] "Foxp1"         "Six3"         


Input-Parameters$log2Norm: length = 0
NULL


Input-Parameters$pal: length = 0
NULL


Input-Parameters$size: length = 1
[1] 0.1


Input-Parameters$sampleCells: length = 0
NULL


Input-Parameters$highlightCells: length = 0
NULL


Input-Parameters$rastr: length = 1
[1] TRUE


Input-Parameters$quantCut: length = 2
[1] 0.01 0.99


Input-Parameters$discreteSet: length = 0
NULL


Input-Parameters$continuousSet: length = 0
NULL


Input-Parameters$randomize: length = 1
[1] TRUE


Input-Parameters$keepAxis: length = 1
[1] FALSE


Input-Parameters$baseSize: length = 1
[1] 10


Input-Parameters$plotAs: length = 0
NULL


Input-Parameters$threads: length = 1
[1] 10


Input-Parameters$logFile: length = 1
[1] "ArchRLogs/ArchR-plotEmbedding-3c8cbaa945bf-Date-2020-10-05_Time-13-51-50.log"



2020-10-05 13:51:51 : 

2020-10-05 13:51:51 : Embedding data.frame, Class = data.frame
Embedding data.frame: nRows = 13017, nCols = 2
                                                IterativeLSI#UMAP_Dimension_1
CEMBA180813_5E#TATCGGTTCTTCAATGCATTCAGTGGATACTA                     -3.725456
CEMBA180813_5E#ACATTGGCGGAGCTACCATTCAGTTATCCTCT                     -3.357051
CEMBA180813_5E#ACATTGGCACGTTCGACATTCAGTAAGAGATG                     -3.976632
CEMBA180813_5E#CAGTTGCACTTCAATGGGAAGACTAATGACGT                     -3.159399
CEMBA180813_5E#CAGTTGCAACGAATCTACAAGGATAATGACGT                     -5.207888
CEMBA180813_5E#CATGTCAGGCCTCAATCATTCAGTATAGCCTT                     -5.320161
                                                IterativeLSI#UMAP_Dimension_2
CEMBA180813_5E#TATCGGTTCTTCAATGCATTCAGTGGATACTA                     -3.138510
CEMBA180813_5E#ACATTGGCGGAGCTACCATTCAGTTATCCTCT                     -1.762884
CEMBA180813_5E#ACATTGGCACGTTCGACATTCAGTAAGAGATG                     -3.963959
CEMBA180813_5E#CAGTTGCACTTCAATGGGAAGACTAATGACGT                     -3.218600
CEMBA180813_5E#CAGTTGCAACGAATCTACAAGGATAATGACGT                     -1.723433
CEMBA180813_5E#CATGTCAGGCCTCAATCATTCAGTATAGCCTT                     -1.395599



2020-10-05 13:51:51 : 

2020-10-05 13:51:51 : 

2020-10-05 13:51:51 : FeatureDF, Class = DFrame
DataFrame with 24333 rows and 6 columns
      seqnames     start       end  strand          name     idx
         <Rle>   <array>   <array> <array>       <array> <array>
1         chr1   3671498   3214482       2          Xkr4       1
2         chr1   4409241   4290846       2           Rp1       2
3         chr1   4497354   4490928       2         Sox17       3
4         chr1   4785726   4773198       2        Mrpl15       4
5         chr1   4807893   4846735       1        Lypla1       5
...        ...       ...       ...     ...           ...     ...
24329     chrX 169320372 169251538       2          Hccs    1039
24330     chrX 169320422 169368178       1       Gm15246    1040
24331     chrX 169685199 169990798       1          Mid1    1041
24332     chrX 169779635 169776378       2 4933400A11Rik    1042
24333     chrX 170672644 170678054       1          Asmt    1043


2020-10-05 13:51:51 : idx, Class = integer

idx: length = 6
[1]  3787  4991   164  7899 18066  9817



2020-10-05 13:51:51 : FeatureDF-Subset, Class = DFrame
DataFrame with 6 rows and 6 columns
  seqnames     start       end  strand          name     idx
     <Rle>   <array>   <array> <array>       <array> <array>
1    chr11  98348406  98357796       1       Ppp1r1b    1282
2    chr12 108003414 107910403       2        Bcl11b     648
3     chr1  37719811  37611676       2 2010300C02Rik     164
4    chr15 103503034 103530056       1         Pde1b     909
5     chr6  99520993  98925342       2         Foxp1     779
6    chr17  85620834  85629302       1          Six3    1145


2020-10-05 13:51:54 : Feature-Matrix, Class = dgCMatrix
Feature-Matrix: nRows = 6, nCols = 13017
Feature-Matrix: NonZeroEntries = 33129, EntryRange = [ 0.123 , 60.489 ]
5 x 5 sparse Matrix of class "dgCMatrix"
     CEMBA180813_5E#TATCGGTTCTTCAATGCATTCAGTGGATACTA
[1,]                                           1.628
[2,]                                           3.791
[3,]                                           1.414
[4,]                                           1.347
[5,]                                           8.264
     CEMBA180813_5E#ACATTGGCGGAGCTACCATTCAGTTATCCTCT
[1,]                                           3.022
[2,]                                           3.360
[3,]                                           4.840
[4,]                                           2.084
[5,]                                          10.432
     CEMBA180813_5E#ACATTGGCACGTTCGACATTCAGTAAGAGATG
[1,]                                           5.369
[2,]                                           1.356
[3,]                                           1.563
[4,]                                           0.611
[5,]                                           6.721
     CEMBA180813_5E#CAGTTGCACTTCAATGGGAAGACTAATGACGT
[1,]                                           0.872
[2,]                                           1.928
[3,]                                           .    
[4,]                                           4.144
[5,]                                          11.396
     CEMBA180813_5E#CAGTTGCAACGAATCTACAAGGATAATGACGT
[1,]                                           2.527
[2,]                                           2.768
[3,]                                           1.616
[4,]                                           1.716
[5,]                                          10.724



2020-10-05 13:51:54 : colorMat-Before-Impute, Class = matrix
              CEMBA180813_5E#TATCGGTTCTTCAATGCATTCAGTGGATACTA
Ppp1r1b                                                 1.628
Bcl11b                                                  3.791
2010300C02Rik                                           1.414
Pde1b                                                   1.347
Foxp1                                                   8.264
              CEMBA180813_5E#ACATTGGCGGAGCTACCATTCAGTTATCCTCT
Ppp1r1b                                                 3.022
Bcl11b                                                  3.360
2010300C02Rik                                           4.840
Pde1b                                                   2.084
Foxp1                                                  10.432
              CEMBA180813_5E#ACATTGGCACGTTCGACATTCAGTAAGAGATG
Ppp1r1b                                                 5.369
Bcl11b                                                  1.356
2010300C02Rik                                           1.563
Pde1b                                                   0.611
Foxp1                                                   6.721
              CEMBA180813_5E#CAGTTGCACTTCAATGGGAAGACTAATGACGT
Ppp1r1b                                                 0.872
Bcl11b                                                  1.928
2010300C02Rik                                           0.000
Pde1b                                                   4.144
Foxp1                                                  11.396
              CEMBA180813_5E#CAGTTGCAACGAATCTACAAGGATAATGACGT
Ppp1r1b                                                 2.527
Bcl11b                                                  2.768
2010300C02Rik                                           1.616
Pde1b                                                   1.716
Foxp1                                                  10.724

colorMat-Before-Impute: nRows = 6, nCols = 13017


2020-10-05 13:51:54 : imputeMatrix Input-Parameters, Class = list

imputeMatrix Input-Parameters$mat: nRows = 6, nCols = 13017
              CEMBA180813_5E#TATCGGTTCTTCAATGCATTCAGTGGATACTA
Ppp1r1b                                                 1.628
Bcl11b                                                  3.791
2010300C02Rik                                           1.414
Pde1b                                                   1.347
Foxp1                                                   8.264
              CEMBA180813_5E#ACATTGGCGGAGCTACCATTCAGTTATCCTCT
Ppp1r1b                                                 3.022
Bcl11b                                                  3.360
2010300C02Rik                                           4.840
Pde1b                                                   2.084
Foxp1                                                  10.432
              CEMBA180813_5E#ACATTGGCACGTTCGACATTCAGTAAGAGATG
Ppp1r1b                                                 5.369
Bcl11b                                                  1.356
2010300C02Rik                                           1.563
Pde1b                                                   0.611
Foxp1                                                   6.721
              CEMBA180813_5E#CAGTTGCACTTCAATGGGAAGACTAATGACGT
Ppp1r1b                                                 0.872
Bcl11b                                                  1.928
2010300C02Rik                                           0.000
Pde1b                                                   4.144
Foxp1                                                  11.396
              CEMBA180813_5E#CAGTTGCAACGAATCTACAAGGATAATGACGT
Ppp1r1b                                                 2.527
Bcl11b                                                  2.768
2010300C02Rik                                           1.616
Pde1b                                                   1.716
Foxp1                                                  10.724


imputeMatrix Input-Parameters$threads: length = 1
[1] 10


imputeMatrix Input-Parameters$verbose: length = 1
[1] FALSE


imputeMatrix Input-Parameters$logFile: length = 1
[1] "ArchRLogs/ArchR-plotEmbedding-3c8cbaa945bf-Date-2020-10-05_Time-13-51-50.log"



2020-10-05 13:51:54 : mat, Class = matrix
              CEMBA180813_5E#TATCGGTTCTTCAATGCATTCAGTGGATACTA
Ppp1r1b                                                 1.628
Bcl11b                                                  3.791
2010300C02Rik                                           1.414
Pde1b                                                   1.347
Foxp1                                                   8.264
              CEMBA180813_5E#ACATTGGCGGAGCTACCATTCAGTTATCCTCT
Ppp1r1b                                                 3.022
Bcl11b                                                  3.360
2010300C02Rik                                           4.840
Pde1b                                                   2.084
Foxp1                                                  10.432
              CEMBA180813_5E#ACATTGGCACGTTCGACATTCAGTAAGAGATG
Ppp1r1b                                                 5.369
Bcl11b                                                  1.356
2010300C02Rik                                           1.563
Pde1b                                                   0.611
Foxp1                                                   6.721
              CEMBA180813_5E#CAGTTGCACTTCAATGGGAAGACTAATGACGT
Ppp1r1b                                                 0.872
Bcl11b                                                  1.928
2010300C02Rik                                           0.000
Pde1b                                                   4.144
Foxp1                                                  11.396
              CEMBA180813_5E#CAGTTGCAACGAATCTACAAGGATAATGACGT
Ppp1r1b                                                 2.527
Bcl11b                                                  2.768
2010300C02Rik                                           1.616
Pde1b                                                   1.716
Foxp1                                                  10.724

mat: nRows = 6, nCols = 13017


2020-10-05 13:51:54 : weightList, Class = SimpleList

weightList$w1: length = 1
[1] "/home/bnphan/projects/snATAC_cross_species_caudate/data/raw_data/mm10/BICCN_mouse_caudoputamen/ArchR_BICCN_CP_5E/ImputeWeights/Impute-Weights-Rep-1"


weightList$w2: length = 1
[1] "/home/bnphan/projects/snATAC_cross_species_caudate/data/raw_data/mm10/BICCN_mouse_caudoputamen/ArchR_BICCN_CP_5E/ImputeWeights/Impute-Weights-Rep-2"


2020-10-05 13:51:54 : Imputing Matrix (1 of 2), 0 mins elapsed.

2020-10-05 13:51:54 : 

2020-10-05 13:51:54 : 

2020-10-05 13:51:54 : 

2020-10-05 13:51:54 : 
2020-10-05 13:51:58 : Imputing Matrix (2 of 2), 0.066 mins elapsed.

2020-10-05 13:51:58 : 

2020-10-05 13:51:58 : 

2020-10-05 13:51:58 : 

2020-10-05 13:51:58 : 
2020-10-05 13:52:01 : Finished Imputing Matrix, 0.126 mins elapsed.

2020-10-05 13:52:01 : colorMat-After-Impute, Class = matrix
              CEMBA180813_5E#TATCGGTTCTTCAATGCATTCAGTGGATACTA
Ppp1r1b                                              1.903887
Bcl11b                                               2.900002
2010300C02Rik                                        2.394457
Pde1b                                                2.250815
Foxp1                                               10.477519
              CEMBA180813_5E#ACATTGGCGGAGCTACCATTCAGTTATCCTCT
Ppp1r1b                                              2.060155
Bcl11b                                               3.003752
2010300C02Rik                                        2.422674
Pde1b                                                2.460056
Foxp1                                               10.395442
              CEMBA180813_5E#ACATTGGCACGTTCGACATTCAGTAAGAGATG
Ppp1r1b                                              1.962534
Bcl11b                                               3.036630
2010300C02Rik                                        2.504830
Pde1b                                                2.333347
Foxp1                                               10.906511
              CEMBA180813_5E#CAGTTGCACTTCAATGGGAAGACTAATGACGT
Ppp1r1b                                              1.863771
Bcl11b                                               2.940185
2010300C02Rik                                        2.384970
Pde1b                                                2.230529
Foxp1                                               10.483956
              CEMBA180813_5E#CAGTTGCAACGAATCTACAAGGATAATGACGT
Ppp1r1b                                              2.056420
Bcl11b                                               2.994404
2010300C02Rik                                        2.430645
Pde1b                                                2.346866
Foxp1                                               10.240422

colorMat-After-Impute: nRows = 6, nCols = 13017


2020-10-05 13:52:01 : ColorParams 1, Class = list

ColorParams 1$color: length = 13017
CEMBA180813_5E#TATCGGTTCTTCAATGCATTCAGTGGATACTA 
                                       1.903887 
CEMBA180813_5E#ACATTGGCGGAGCTACCATTCAGTTATCCTCT 
                                       2.060155 
CEMBA180813_5E#ACATTGGCACGTTCGACATTCAGTAAGAGATG 
                                       1.962534 
CEMBA180813_5E#CAGTTGCACTTCAATGGGAAGACTAATGACGT 
                                       1.863771 
CEMBA180813_5E#CAGTTGCAACGAATCTACAAGGATAATGACGT 
                                       2.056420 
CEMBA180813_5E#CATGTCAGGCCTCAATCATTCAGTATAGCCTT 
                                       1.941699 


ColorParams 1$discrete: length = 1
[1] FALSE


ColorParams 1$title: length = 1
[1] "UMAP of IterativeLSI colored by\nGeneScoreMatrix : Ppp1r1b"


ColorParams 1$continuousSet: length = 1
[1] "horizonExtra"



2020-10-05 13:52:01 : PlotParams-1, Class = list

PlotParams-1$color: length = 13017
CEMBA180813_5E#TATCGGTTCTTCAATGCATTCAGTGGATACTA 
                                       1.537985 
CEMBA180813_5E#ACATTGGCGGAGCTACCATTCAGTTATCCTCT 
                                       1.613605 
CEMBA180813_5E#ACATTGGCACGTTCGACATTCAGTAAGAGATG 
                                       1.566832 
CEMBA180813_5E#CAGTTGCACTTCAATGGGAAGACTAATGACGT 
                                       1.517916 
CEMBA180813_5E#CAGTTGCAACGAATCTACAAGGATAATGACGT 
                                       1.611843 
CEMBA180813_5E#CATGTCAGGCCTCAATCATTCAGTATAGCCTT 
                                       1.556650 


PlotParams-1$title: length = 1
[1] "UMAP of IterativeLSI colored by\nGeneScoreMatrix : Ppp1r1b"


PlotParams-1$x: length = 13017
[1] -3.725456 -3.357051 -3.976632 -3.159399 -5.207888 -5.320161


PlotParams-1$y: length = 13017
[1] -3.138510 -1.762884 -3.963959 -3.218600 -1.723433 -1.395599


PlotParams-1$baseSize: length = 1
[1] 10


PlotParams-1$xlabel: length = 1
[1] "UMAP Dimension 1"


PlotParams-1$ylabel: length = 1
[1] "UMAP Dimension 2"


PlotParams-1$pal: length = 256
[1] "#000436" "#000439" "#00053D" "#000640" "#000744" "#000848"


PlotParams-1$colorTitle: length = 1
[1] "Log2(NormCounts + 1)"



2020-10-05 13:52:02 : PlotParams-2, Class = list

PlotParams-2$color: length = 13017
CEMBA180813_5E#TATCGGTTCTTCAATGCATTCAGTGGATACTA 
                                       1.963475 
CEMBA180813_5E#ACATTGGCGGAGCTACCATTCAGTTATCCTCT 
                                       2.001352 
CEMBA180813_5E#ACATTGGCACGTTCGACATTCAGTAAGAGATG 
                                       2.013151 
CEMBA180813_5E#CAGTTGCACTTCAATGGGAAGACTAATGACGT 
                                       1.978263 
CEMBA180813_5E#CAGTTGCAACGAATCTACAAGGATAATGACGT 
                                       1.997980 
CEMBA180813_5E#CATGTCAGGCCTCAATCATTCAGTATAGCCTT 
                                       1.960889 


PlotParams-2$title: length = 1
[1] "UMAP of IterativeLSI colored by\nGeneScoreMatrix : Bcl11b"


PlotParams-2$x: length = 13017
[1] -3.725456 -3.357051 -3.976632 -3.159399 -5.207888 -5.320161


PlotParams-2$y: length = 13017
[1] -3.138510 -1.762884 -3.963959 -3.218600 -1.723433 -1.395599


PlotParams-2$baseSize: length = 1
[1] 10


PlotParams-2$xlabel: length = 1
[1] "UMAP Dimension 1"


PlotParams-2$ylabel: length = 1
[1] "UMAP Dimension 2"


PlotParams-2$pal: length = 256
[1] "#000436" "#000439" "#00053D" "#000640" "#000744" "#000848"


PlotParams-2$colorTitle: length = 1
[1] "Log2(NormCounts + 1)"



2020-10-05 13:52:02 : PlotParams-3, Class = list

PlotParams-3$color: length = 13017
CEMBA180813_5E#TATCGGTTCTTCAATGCATTCAGTGGATACTA 
                                       1.763181 
CEMBA180813_5E#ACATTGGCGGAGCTACCATTCAGTTATCCTCT 
                                       1.775124 
CEMBA180813_5E#ACATTGGCACGTTCGACATTCAGTAAGAGATG 
                                       1.809344 
CEMBA180813_5E#CAGTTGCACTTCAATGGGAAGACTAATGACGT 
                                       1.759143 
CEMBA180813_5E#CAGTTGCAACGAATCTACAAGGATAATGACGT 
                                       1.778480 
CEMBA180813_5E#CATGTCAGGCCTCAATCATTCAGTATAGCCTT 
                                       1.755673 


PlotParams-3$title: length = 1
[1] "UMAP of IterativeLSI colored by\nGeneScoreMatrix : 2010300C02Rik"


PlotParams-3$x: length = 13017
[1] -3.725456 -3.357051 -3.976632 -3.159399 -5.207888 -5.320161


PlotParams-3$y: length = 13017
[1] -3.138510 -1.762884 -3.963959 -3.218600 -1.723433 -1.395599


PlotParams-3$baseSize: length = 1
[1] 10


PlotParams-3$xlabel: length = 1
[1] "UMAP Dimension 1"


PlotParams-3$ylabel: length = 1
[1] "UMAP Dimension 2"


PlotParams-3$pal: length = 256
[1] "#000436" "#000439" "#00053D" "#000640" "#000744" "#000848"


PlotParams-3$colorTitle: length = 1
[1] "Log2(NormCounts + 1)"



2020-10-05 13:52:02 : PlotParams-4, Class = list

PlotParams-4$color: length = 13017
CEMBA180813_5E#TATCGGTTCTTCAATGCATTCAGTGGATACTA 
                                       1.700802 
CEMBA180813_5E#ACATTGGCGGAGCTACCATTCAGTTATCCTCT 
                                       1.790795 
CEMBA180813_5E#ACATTGGCACGTTCGACATTCAGTAAGAGATG 
                                       1.736972 
CEMBA180813_5E#CAGTTGCACTTCAATGGGAAGACTAATGACGT 
                                       1.691770 
CEMBA180813_5E#CAGTTGCAACGAATCTACAAGGATAATGACGT 
                                       1.742811 
CEMBA180813_5E#CATGTCAGGCCTCAATCATTCAGTATAGCCTT 
                                       1.694048 


PlotParams-4$title: length = 1
[1] "UMAP of IterativeLSI colored by\nGeneScoreMatrix : Pde1b"


PlotParams-4$x: length = 13017
[1] -3.725456 -3.357051 -3.976632 -3.159399 -5.207888 -5.320161


PlotParams-4$y: length = 13017
[1] -3.138510 -1.762884 -3.963959 -3.218600 -1.723433 -1.395599


PlotParams-4$baseSize: length = 1
[1] 10


PlotParams-4$xlabel: length = 1
[1] "UMAP Dimension 1"


PlotParams-4$ylabel: length = 1
[1] "UMAP Dimension 2"


PlotParams-4$pal: length = 256
[1] "#000436" "#000439" "#00053D" "#000640" "#000744" "#000848"


PlotParams-4$colorTitle: length = 1
[1] "Log2(NormCounts + 1)"



2020-10-05 13:52:02 : PlotParams-5, Class = list

PlotParams-5$color: length = 13017
CEMBA180813_5E#TATCGGTTCTTCAATGCATTCAGTGGATACTA 
                                       3.520739 
CEMBA180813_5E#ACATTGGCGGAGCTACCATTCAGTTATCCTCT 
                                       3.510385 
CEMBA180813_5E#ACATTGGCACGTTCGACATTCAGTAAGAGATG 
                                       3.573679 
CEMBA180813_5E#CAGTTGCACTTCAATGGGAAGACTAATGACGT 
                                       3.521548 
CEMBA180813_5E#CAGTTGCAACGAATCTACAAGGATAATGACGT 
                                       3.490624 
CEMBA180813_5E#CATGTCAGGCCTCAATCATTCAGTATAGCCTT 
                                       3.458361 


PlotParams-5$title: length = 1
[1] "UMAP of IterativeLSI colored by\nGeneScoreMatrix : Foxp1"


PlotParams-5$x: length = 13017
[1] -3.725456 -3.357051 -3.976632 -3.159399 -5.207888 -5.320161


PlotParams-5$y: length = 13017
[1] -3.138510 -1.762884 -3.963959 -3.218600 -1.723433 -1.395599


PlotParams-5$baseSize: length = 1
[1] 10


PlotParams-5$xlabel: length = 1
[1] "UMAP Dimension 1"


PlotParams-5$ylabel: length = 1
[1] "UMAP Dimension 2"


PlotParams-5$pal: length = 256
[1] "#000436" "#000439" "#00053D" "#000640" "#000744" "#000848"


PlotParams-5$colorTitle: length = 1
[1] "Log2(NormCounts + 1)"



2020-10-05 13:52:02 : PlotParams-6, Class = list

PlotParams-6$color: length = 13017
CEMBA180813_5E#TATCGGTTCTTCAATGCATTCAGTGGATACTA 
                                      1.0233181 
CEMBA180813_5E#ACATTGGCGGAGCTACCATTCAGTTATCCTCT 
                                      1.0056611 
CEMBA180813_5E#ACATTGGCACGTTCGACATTCAGTAAGAGATG 
                                      0.9700828 
CEMBA180813_5E#CAGTTGCACTTCAATGGGAAGACTAATGACGT 
                                      0.9999168 
CEMBA180813_5E#CAGTTGCAACGAATCTACAAGGATAATGACGT 
                                      0.9402842 
CEMBA180813_5E#CATGTCAGGCCTCAATCATTCAGTATAGCCTT 
                                      0.9742246 


PlotParams-6$title: length = 1
[1] "UMAP of IterativeLSI colored by\nGeneScoreMatrix : Six3"


PlotParams-6$x: length = 13017
[1] -3.725456 -3.357051 -3.976632 -3.159399 -5.207888 -5.320161


PlotParams-6$y: length = 13017
[1] -3.138510 -1.762884 -3.963959 -3.218600 -1.723433 -1.395599


PlotParams-6$baseSize: length = 1
[1] 10


PlotParams-6$xlabel: length = 1
[1] "UMAP Dimension 1"


PlotParams-6$ylabel: length = 1
[1] "UMAP Dimension 2"


PlotParams-6$pal: length = 256
[1] "#000436" "#000439" "#00053D" "#000640" "#000744" "#000848"


PlotParams-6$colorTitle: length = 1
[1] "Log2(NormCounts + 1)"



------- Completed

End Time : 2020-10-05 13:52:03
Elapsed Time Minutes = 0.219310303529104
Elapsed Time Hours = 0.00365522623062134

-------



