
           ___      .______        ______  __    __  .______      
          /   \     |   _  \      /      ||  |  |  | |   _  \     
         /  ^  \    |  |_)  |    |  ,----'|  |__|  | |  |_)  |    
        /  /_\  \   |      /     |  |     |   __   | |      /     
       /  _____  \  |  |\  \\___ |  `----.|  |  |  | |  |\  \\___.
      /__/     \__\ | _| `._____| \______||__|  |__| | _| `._____|
    
Logging With ArchR!

Start Time : 2020-10-05 14:18:09

------- ArchR Info

ArchRThreads = 10
ArchRGenome = Hg38

------- System Info

Computer OS = unix
Total Cores = 64

------- Session Info

R version 3.6.3 (2020-02-29)
Platform: x86_64-conda_cos6-linux-gnu (64-bit)
Running under: CentOS Linux 7 (Core)

Matrix products: default
BLAS/LAPACK: /home/bnphan/miniconda3/lib/libmkl_rt.so

locale:
 [1] LC_CTYPE=en_US.UTF-8       LC_NUMERIC=C              
 [3] LC_TIME=en_US.UTF-8        LC_COLLATE=en_US.UTF-8    
 [5] LC_MONETARY=en_US.UTF-8    LC_MESSAGES=en_US.UTF-8   
 [7] LC_PAPER=en_US.UTF-8       LC_NAME=C                 
 [9] LC_ADDRESS=C               LC_TELEPHONE=C            
[11] LC_MEASUREMENT=en_US.UTF-8 LC_IDENTIFICATION=C       

attached base packages:
[1] parallel  stats4    stats     graphics  grDevices utils     datasets 
[8] methods   base     

other attached packages:
 [1] gtable_0.3.0                ArchR_0.9.5                
 [3] magrittr_1.5                rhdf5_2.30.1               
 [5] Matrix_1.2-18               data.table_1.13.0          
 [7] SummarizedExperiment_1.16.1 DelayedArray_0.12.3        
 [9] BiocParallel_1.20.1         matrixStats_0.57.0         
[11] Biobase_2.46.0              GenomicRanges_1.38.0       
[13] GenomeInfoDb_1.22.1         IRanges_2.20.2             
[15] S4Vectors_0.24.4            BiocGenerics_0.32.0        
[17] ggplot2_3.3.2               colorout_1.2-2             

loaded via a namespace (and not attached):
 [1] BSgenome.Hsapiens.UCSC.hg38_1.4.1 Rcpp_1.0.5                       
 [3] lattice_0.20-41                   Rsamtools_2.2.3                  
 [5] Biostrings_2.54.0                 gtools_3.8.2                     
 [7] digest_0.6.25                     IRdisplay_0.7.0                  
 [9] R6_2.4.1                          repr_1.1.0                       
[11] evaluate_0.14                     pillar_1.4.6                     
[13] zlibbioc_1.32.0                   rlang_0.4.7                      
[15] uuid_0.1-4                        hexbin_1.28.1                    
[17] labeling_0.3                      stringr_1.4.0                    
[19] pheatmap_1.0.12                   RCurl_1.98-1.2                   
[21] munsell_0.5.0                     compiler_3.6.3                   
[23] rtracklayer_1.46.0                pkgconfig_2.0.3                  
[25] base64enc_0.1-3                   htmltools_0.5.0                  
[27] tidyselect_1.1.0                  tibble_3.0.3                     
[29] GenomeInfoDbData_1.2.2            XML_3.99-0.3                     
[31] crayon_1.3.4                      dplyr_1.0.2                      
[33] withr_2.3.0                       GenomicAlignments_1.22.1         
[35] bitops_1.0-6                      grid_3.6.3                       
[37] jsonlite_1.7.1                    lifecycle_0.2.0                  
[39] scales_1.1.1                      stringi_1.5.3                    
[41] farver_2.0.3                      XVector_0.26.0                   
[43] ellipsis_0.3.1                    generics_0.0.2                   
[45] vctrs_0.3.4                       cowplot_1.1.0                    
[47] IRkernel_1.1.1                    Rhdf5lib_1.8.0                   
[49] RColorBrewer_1.1-2                tools_3.6.3                      
[51] Cairo_1.5-12.2                    BSgenome_1.54.0                  
[53] glue_1.4.2                        purrr_0.3.4                      
[55] colorspace_1.4-1                  pbdZMQ_0.3-3                     


------- Log Info


2020-10-05 14:18:09 : Input-Parameters, Class = list

Input-Parameters$ArchRProj: length = 1
class: ArchRProject 
outputDirectory: /home/bnphan/projects/snATAC_cross_species_caudate/data/raw_data/mm10/BICCN_mouse_caudoputamen/ArchR_BICCN_CP_5E 
samples(2): CEMBA180813_5E CEMBA180820_5E
sampleColData names(1): ArrowFiles
cellColData names(18): Sample TSSEnrichment ... Region Clusters
numberOfCells(1): 1
medianTSS(1): 14.738
medianFrags(1): 20162


Input-Parameters$embedding: length = 1
[1] "UMAP"


Input-Parameters$colorBy: length = 1
[1] "GeneScoreMatrix"


Input-Parameters$name: length = 6
[1] "Drd2"    "Adora2a" "Penk"    "Grik3"   "Sp9"     "Gpr52"  


Input-Parameters$log2Norm: length = 0
NULL


Input-Parameters$imputeWeights: length = 0
NULL


Input-Parameters$pal: length = 0
NULL


Input-Parameters$size: length = 1
[1] 0.1


Input-Parameters$sampleCells: length = 0
NULL


Input-Parameters$highlightCells: length = 0
NULL


Input-Parameters$rastr: length = 1
[1] TRUE


Input-Parameters$quantCut: length = 2
[1] 0.01 0.99


Input-Parameters$discreteSet: length = 0
NULL


Input-Parameters$continuousSet: length = 0
NULL


Input-Parameters$randomize: length = 1
[1] TRUE


Input-Parameters$keepAxis: length = 1
[1] FALSE


Input-Parameters$baseSize: length = 1
[1] 10


Input-Parameters$plotAs: length = 0
NULL


Input-Parameters$threads: length = 1
[1] 10


Input-Parameters$logFile: length = 1
[1] "ArchRLogs/ArchR-plotEmbedding-3ca643ad83354-Date-2020-10-05_Time-14-18-09.log"



2020-10-05 14:18:09 : 

2020-10-05 14:18:09 : Embedding data.frame, Class = data.frame
Embedding data.frame: nRows = 13017, nCols = 2
                                                IterativeLSI#UMAP_Dimension_1
CEMBA180813_5E#TATCGGTTCTTCAATGCATTCAGTGGATACTA                     -3.725456
CEMBA180813_5E#ACATTGGCGGAGCTACCATTCAGTTATCCTCT                     -3.357051
CEMBA180813_5E#ACATTGGCACGTTCGACATTCAGTAAGAGATG                     -3.976632
CEMBA180813_5E#CAGTTGCACTTCAATGGGAAGACTAATGACGT                     -3.159399
CEMBA180813_5E#CAGTTGCAACGAATCTACAAGGATAATGACGT                     -5.207888
CEMBA180813_5E#CATGTCAGGCCTCAATCATTCAGTATAGCCTT                     -5.320161
                                                IterativeLSI#UMAP_Dimension_2
CEMBA180813_5E#TATCGGTTCTTCAATGCATTCAGTGGATACTA                     -3.138510
CEMBA180813_5E#ACATTGGCGGAGCTACCATTCAGTTATCCTCT                     -1.762884
CEMBA180813_5E#ACATTGGCACGTTCGACATTCAGTAAGAGATG                     -3.963959
CEMBA180813_5E#CAGTTGCACTTCAATGGGAAGACTAATGACGT                     -3.218600
CEMBA180813_5E#CAGTTGCAACGAATCTACAAGGATAATGACGT                     -1.723433
CEMBA180813_5E#CATGTCAGGCCTCAATCATTCAGTATAGCCTT                     -1.395599



2020-10-05 14:18:09 : 

2020-10-05 14:18:09 : 

2020-10-05 14:18:09 : FeatureDF, Class = DFrame
DataFrame with 24333 rows and 6 columns
      seqnames     start       end  strand          name     idx
         <Rle>   <array>   <array> <array>       <array> <array>
1         chr1   3671498   3214482       2          Xkr4       1
2         chr1   4409241   4290846       2           Rp1       2
3         chr1   4497354   4490928       2         Sox17       3
4         chr1   4785726   4773198       2        Mrpl15       4
5         chr1   4807893   4846735       1        Lypla1       5
...        ...       ...       ...     ...           ...     ...
24329     chrX 169320372 169251538       2          Hccs    1039
24330     chrX 169320422 169368178       1       Gm15246    1040
24331     chrX 169685199 169990798       1          Mid1    1041
24332     chrX 169779635 169776378       2 4933400A11Rik    1042
24333     chrX 170672644 170678054       1          Asmt    1043


2020-10-05 14:18:09 : idx, Class = integer

idx: length = 6
[1] 22458  1793 14454 15334 11911   986



2020-10-05 14:18:09 : FeatureDF-Subset, Class = DFrame
DataFrame with 6 rows and 6 columns
  seqnames     start       end  strand    name     idx
     <Rle>   <array>   <array> <array> <array> <array>
1     chr9  49340662  49407214       1    Drd2     520
2    chr10  75316877  75334792       1 Adora2a     435
3     chr4   4138815   4133536       2    Penk      15
4     chr4 125490831 125714173       1   Grik3     895
5     chr2  73271926  73275771       1     Sp9     658
6     chr1 160577753 160576668       2   Gpr52     986


2020-10-05 14:18:11 : Feature-Matrix, Class = dgCMatrix
Feature-Matrix: nRows = 6, nCols = 13017
Feature-Matrix: NonZeroEntries = 18950, EntryRange = [ 0.099 , 70.876 ]
5 x 5 sparse Matrix of class "dgCMatrix"
     CEMBA180813_5E#TATCGGTTCTTCAATGCATTCAGTGGATACTA
[1,]                                           2.465
[2,]                                           0.306
[3,]                                           4.865
[4,]                                           1.738
[5,]                                           2.222
     CEMBA180813_5E#ACATTGGCGGAGCTACCATTCAGTTATCCTCT
[1,]                                           .    
[2,]                                           0.289
[3,]                                           2.678
[4,]                                           0.215
[5,]                                           1.048
     CEMBA180813_5E#ACATTGGCACGTTCGACATTCAGTAAGAGATG
[1,]                                           0.480
[2,]                                           .    
[3,]                                           .    
[4,]                                           0.408
[5,]                                           0.878
     CEMBA180813_5E#CAGTTGCACTTCAATGGGAAGACTAATGACGT
[1,]                                           1.149
[2,]                                           0.683
[3,]                                           1.158
[4,]                                           1.583
[5,]                                           .    
     CEMBA180813_5E#CAGTTGCAACGAATCTACAAGGATAATGACGT
[1,]                                           1.168
[2,]                                           .    
[3,]                                           .    
[4,]                                           .    
[5,]                                           .    



2020-10-05 14:18:11 : colorMat-Before-Impute, Class = matrix
        CEMBA180813_5E#TATCGGTTCTTCAATGCATTCAGTGGATACTA
Drd2                                              2.465
Adora2a                                           0.306
Penk                                              4.865
Grik3                                             1.738
Sp9                                               2.222
        CEMBA180813_5E#ACATTGGCGGAGCTACCATTCAGTTATCCTCT
Drd2                                              0.000
Adora2a                                           0.289
Penk                                              2.678
Grik3                                             0.215
Sp9                                               1.048
        CEMBA180813_5E#ACATTGGCACGTTCGACATTCAGTAAGAGATG
Drd2                                              0.480
Adora2a                                           0.000
Penk                                              0.000
Grik3                                             0.408
Sp9                                               0.878
        CEMBA180813_5E#CAGTTGCACTTCAATGGGAAGACTAATGACGT
Drd2                                              1.149
Adora2a                                           0.683
Penk                                              1.158
Grik3                                             1.583
Sp9                                               0.000
        CEMBA180813_5E#CAGTTGCAACGAATCTACAAGGATAATGACGT
Drd2                                              1.168
Adora2a                                           0.000
Penk                                              0.000
Grik3                                             0.000
Sp9                                               0.000

colorMat-Before-Impute: nRows = 6, nCols = 13017


2020-10-05 14:18:11 : colorMat-After-Impute, Class = matrix
        CEMBA180813_5E#TATCGGTTCTTCAATGCATTCAGTGGATACTA
Drd2                                              2.465
Adora2a                                           0.306
Penk                                              4.865
Grik3                                             1.738
Sp9                                               2.222
        CEMBA180813_5E#ACATTGGCGGAGCTACCATTCAGTTATCCTCT
Drd2                                              0.000
Adora2a                                           0.289
Penk                                              2.678
Grik3                                             0.215
Sp9                                               1.048
        CEMBA180813_5E#ACATTGGCACGTTCGACATTCAGTAAGAGATG
Drd2                                              0.480
Adora2a                                           0.000
Penk                                              0.000
Grik3                                             0.408
Sp9                                               0.878
        CEMBA180813_5E#CAGTTGCACTTCAATGGGAAGACTAATGACGT
Drd2                                              1.149
Adora2a                                           0.683
Penk                                              1.158
Grik3                                             1.583
Sp9                                               0.000
        CEMBA180813_5E#CAGTTGCAACGAATCTACAAGGATAATGACGT
Drd2                                              1.168
Adora2a                                           0.000
Penk                                              0.000
Grik3                                             0.000
Sp9                                               0.000

colorMat-After-Impute: nRows = 6, nCols = 13017


2020-10-05 14:18:11 : ColorParams 1, Class = list

ColorParams 1$color: length = 13017
CEMBA180813_5E#TATCGGTTCTTCAATGCATTCAGTGGATACTA 
                                          2.465 
CEMBA180813_5E#ACATTGGCGGAGCTACCATTCAGTTATCCTCT 
                                          0.000 
CEMBA180813_5E#ACATTGGCACGTTCGACATTCAGTAAGAGATG 
                                          0.480 
CEMBA180813_5E#CAGTTGCACTTCAATGGGAAGACTAATGACGT 
                                          1.149 
CEMBA180813_5E#CAGTTGCAACGAATCTACAAGGATAATGACGT 
                                          1.168 
CEMBA180813_5E#CATGTCAGGCCTCAATCATTCAGTATAGCCTT 
                                          0.000 


ColorParams 1$discrete: length = 1
[1] FALSE


ColorParams 1$title: length = 1
[1] "UMAP of IterativeLSI colored by\nGeneScoreMatrix : Drd2"


ColorParams 1$continuousSet: length = 1
[1] "horizonExtra"



2020-10-05 14:18:11 : PlotParams-1, Class = list

PlotParams-1$color: length = 13017
CEMBA180813_5E#TATCGGTTCTTCAATGCATTCAGTGGATACTA 
                                      1.7928554 
CEMBA180813_5E#ACATTGGCGGAGCTACCATTCAGTTATCCTCT 
                                      0.0000000 
CEMBA180813_5E#ACATTGGCACGTTCGACATTCAGTAAGAGATG 
                                      0.5655972 
CEMBA180813_5E#CAGTTGCACTTCAATGGGAAGACTAATGACGT 
                                      1.1036655 
CEMBA180813_5E#CAGTTGCAACGAATCTACAAGGATAATGACGT 
                                      1.1163648 
CEMBA180813_5E#CATGTCAGGCCTCAATCATTCAGTATAGCCTT 
                                      0.0000000 


PlotParams-1$title: length = 1
[1] "UMAP of IterativeLSI colored by\nGeneScoreMatrix : Drd2"


PlotParams-1$x: length = 13017
[1] -3.725456 -3.357051 -3.976632 -3.159399 -5.207888 -5.320161


PlotParams-1$y: length = 13017
[1] -3.138510 -1.762884 -3.963959 -3.218600 -1.723433 -1.395599


PlotParams-1$baseSize: length = 1
[1] 10


PlotParams-1$xlabel: length = 1
[1] "UMAP Dimension 1"


PlotParams-1$ylabel: length = 1
[1] "UMAP Dimension 2"


PlotParams-1$pal: length = 256
[1] "#000436" "#000439" "#00053D" "#000640" "#000744" "#000848"


PlotParams-1$colorTitle: length = 1
[1] "Log2(NormCounts + 1)"



2020-10-05 14:18:12 : PlotParams-2, Class = list

PlotParams-2$color: length = 13017
CEMBA180813_5E#TATCGGTTCTTCAATGCATTCAGTGGATACTA 
                                      0.3851549 
CEMBA180813_5E#ACATTGGCGGAGCTACCATTCAGTTATCCTCT 
                                      0.3662523 
CEMBA180813_5E#ACATTGGCACGTTCGACATTCAGTAAGAGATG 
                                      0.0000000 
CEMBA180813_5E#CAGTTGCACTTCAATGGGAAGACTAATGACGT 
                                      0.7510352 
CEMBA180813_5E#CAGTTGCAACGAATCTACAAGGATAATGACGT 
                                      0.0000000 
CEMBA180813_5E#CATGTCAGGCCTCAATCATTCAGTATAGCCTT 
                                      0.0000000 


PlotParams-2$title: length = 1
[1] "UMAP of IterativeLSI colored by\nGeneScoreMatrix : Adora2a"


PlotParams-2$x: length = 13017
[1] -3.725456 -3.357051 -3.976632 -3.159399 -5.207888 -5.320161


PlotParams-2$y: length = 13017
[1] -3.138510 -1.762884 -3.963959 -3.218600 -1.723433 -1.395599


PlotParams-2$baseSize: length = 1
[1] 10


PlotParams-2$xlabel: length = 1
[1] "UMAP Dimension 1"


PlotParams-2$ylabel: length = 1
[1] "UMAP Dimension 2"


PlotParams-2$pal: length = 256
[1] "#000436" "#000439" "#00053D" "#000640" "#000744" "#000848"


PlotParams-2$colorTitle: length = 1
[1] "Log2(NormCounts + 1)"



2020-10-05 14:18:12 : PlotParams-3, Class = list

PlotParams-3$color: length = 13017
CEMBA180813_5E#TATCGGTTCTTCAATGCATTCAGTGGATACTA 
                                       2.552131 
CEMBA180813_5E#ACATTGGCGGAGCTACCATTCAGTTATCCTCT 
                                       1.878921 
CEMBA180813_5E#ACATTGGCACGTTCGACATTCAGTAAGAGATG 
                                       0.000000 
CEMBA180813_5E#CAGTTGCACTTCAATGGGAAGACTAATGACGT 
                                       1.109695 
CEMBA180813_5E#CAGTTGCAACGAATCTACAAGGATAATGACGT 
                                       0.000000 
CEMBA180813_5E#CATGTCAGGCCTCAATCATTCAGTATAGCCTT 
                                       0.000000 


PlotParams-3$title: length = 1
[1] "UMAP of IterativeLSI colored by\nGeneScoreMatrix : Penk"


PlotParams-3$x: length = 13017
[1] -3.725456 -3.357051 -3.976632 -3.159399 -5.207888 -5.320161


PlotParams-3$y: length = 13017
[1] -3.138510 -1.762884 -3.963959 -3.218600 -1.723433 -1.395599


PlotParams-3$baseSize: length = 1
[1] 10


PlotParams-3$xlabel: length = 1
[1] "UMAP Dimension 1"


PlotParams-3$ylabel: length = 1
[1] "UMAP Dimension 2"


PlotParams-3$pal: length = 256
[1] "#000436" "#000439" "#00053D" "#000640" "#000744" "#000848"


PlotParams-3$colorTitle: length = 1
[1] "Log2(NormCounts + 1)"



2020-10-05 14:18:12 : PlotParams-4, Class = list

PlotParams-4$color: length = 13017
CEMBA180813_5E#TATCGGTTCTTCAATGCATTCAGTGGATACTA 
                                      1.4531224 
CEMBA180813_5E#ACATTGGCGGAGCTACCATTCAGTTATCCTCT 
                                      0.2809563 
CEMBA180813_5E#ACATTGGCACGTTCGACATTCAGTAAGAGATG 
                                      0.4936473 
CEMBA180813_5E#CAGTTGCACTTCAATGGGAAGACTAATGACGT 
                                      1.3690476 
CEMBA180813_5E#CAGTTGCAACGAATCTACAAGGATAATGACGT 
                                      0.0000000 
CEMBA180813_5E#CATGTCAGGCCTCAATCATTCAGTATAGCCTT 
                                      0.1361914 


PlotParams-4$title: length = 1
[1] "UMAP of IterativeLSI colored by\nGeneScoreMatrix : Grik3"


PlotParams-4$x: length = 13017
[1] -3.725456 -3.357051 -3.976632 -3.159399 -5.207888 -5.320161


PlotParams-4$y: length = 13017
[1] -3.138510 -1.762884 -3.963959 -3.218600 -1.723433 -1.395599


PlotParams-4$baseSize: length = 1
[1] 10


PlotParams-4$xlabel: length = 1
[1] "UMAP Dimension 1"


PlotParams-4$ylabel: length = 1
[1] "UMAP Dimension 2"


PlotParams-4$pal: length = 256
[1] "#000436" "#000439" "#00053D" "#000640" "#000744" "#000848"


PlotParams-4$colorTitle: length = 1
[1] "Log2(NormCounts + 1)"



2020-10-05 14:18:12 : PlotParams-5, Class = list

PlotParams-5$color: length = 13017
CEMBA180813_5E#TATCGGTTCTTCAATGCATTCAGTGGATACTA 
                                      1.6879565 
CEMBA180813_5E#ACATTGGCGGAGCTACCATTCAGTTATCCTCT 
                                      1.0342157 
CEMBA180813_5E#ACATTGGCACGTTCGACATTCAGTAAGAGATG 
                                      0.9091971 
CEMBA180813_5E#CAGTTGCACTTCAATGGGAAGACTAATGACGT 
                                      0.0000000 
CEMBA180813_5E#CAGTTGCAACGAATCTACAAGGATAATGACGT 
                                      0.0000000 
CEMBA180813_5E#CATGTCAGGCCTCAATCATTCAGTATAGCCTT 
                                      0.0000000 


PlotParams-5$title: length = 1
[1] "UMAP of IterativeLSI colored by\nGeneScoreMatrix : Sp9"


PlotParams-5$x: length = 13017
[1] -3.725456 -3.357051 -3.976632 -3.159399 -5.207888 -5.320161


PlotParams-5$y: length = 13017
[1] -3.138510 -1.762884 -3.963959 -3.218600 -1.723433 -1.395599


PlotParams-5$baseSize: length = 1
[1] 10


PlotParams-5$xlabel: length = 1
[1] "UMAP Dimension 1"


PlotParams-5$ylabel: length = 1
[1] "UMAP Dimension 2"


PlotParams-5$pal: length = 256
[1] "#000436" "#000439" "#00053D" "#000640" "#000744" "#000848"


PlotParams-5$colorTitle: length = 1
[1] "Log2(NormCounts + 1)"



2020-10-05 14:18:12 : PlotParams-6, Class = list

PlotParams-6$color: length = 13017
CEMBA180813_5E#TATCGGTTCTTCAATGCATTCAGTGGATACTA 
                                      2.0830431 
CEMBA180813_5E#ACATTGGCGGAGCTACCATTCAGTTATCCTCT 
                                      1.0786098 
CEMBA180813_5E#ACATTGGCACGTTCGACATTCAGTAAGAGATG 
                                      0.9471051 
CEMBA180813_5E#CAGTTGCACTTCAATGGGAAGACTAATGACGT 
                                      2.0464911 
CEMBA180813_5E#CAGTTGCAACGAATCTACAAGGATAATGACGT 
                                      0.5964581 
CEMBA180813_5E#CATGTCAGGCCTCAATCATTCAGTATAGCCTT 
                                      1.1223414 


PlotParams-6$title: length = 1
[1] "UMAP of IterativeLSI colored by\nGeneScoreMatrix : Gpr52"


PlotParams-6$x: length = 13017
[1] -3.725456 -3.357051 -3.976632 -3.159399 -5.207888 -5.320161


PlotParams-6$y: length = 13017
[1] -3.138510 -1.762884 -3.963959 -3.218600 -1.723433 -1.395599


PlotParams-6$baseSize: length = 1
[1] 10


PlotParams-6$xlabel: length = 1
[1] "UMAP Dimension 1"


PlotParams-6$ylabel: length = 1
[1] "UMAP Dimension 2"


PlotParams-6$pal: length = 256
[1] "#000436" "#000439" "#00053D" "#000640" "#000744" "#000848"


PlotParams-6$colorTitle: length = 1
[1] "Log2(NormCounts + 1)"



------- Completed

End Time : 2020-10-05 14:18:13
Elapsed Time Minutes = 0.0711252649625142
Elapsed Time Hours = 0.00118547644880083

-------



