
           ___      .______        ______  __    __  .______      
          /   \     |   _  \      /      ||  |  |  | |   _  \     
         /  ^  \    |  |_)  |    |  ,----'|  |__|  | |  |_)  |    
        /  /_\  \   |      /     |  |     |   __   | |      /     
       /  _____  \  |  |\  \\___ |  `----.|  |  |  | |  |\  \\___.
      /__/     \__\ | _| `._____| \______||__|  |__| | _| `._____|
    
Logging With ArchR!

Start Time : 2020-10-02 22:33:07

------- ArchR Info

ArchRThreads = 10
ArchRGenome = Hg38

------- System Info

Computer OS = unix
Total Cores = 64

------- Session Info

R version 3.6.3 (2020-02-29)
Platform: x86_64-conda_cos6-linux-gnu (64-bit)
Running under: CentOS Linux 7 (Core)

Matrix products: default
BLAS/LAPACK: /home/bnphan/miniconda3/lib/libmkl_rt.so

locale:
 [1] LC_CTYPE=en_US.UTF-8       LC_NUMERIC=C              
 [3] LC_TIME=en_US.UTF-8        LC_COLLATE=en_US.UTF-8    
 [5] LC_MONETARY=en_US.UTF-8    LC_MESSAGES=en_US.UTF-8   
 [7] LC_PAPER=en_US.UTF-8       LC_NAME=C                 
 [9] LC_ADDRESS=C               LC_TELEPHONE=C            
[11] LC_MEASUREMENT=en_US.UTF-8 LC_IDENTIFICATION=C       

attached base packages:
[1] parallel  stats4    stats     graphics  grDevices utils     datasets 
[8] methods   base     

other attached packages:
 [1] ArchR_0.9.5                 magrittr_1.5               
 [3] rhdf5_2.30.1                Matrix_1.2-18              
 [5] data.table_1.13.0           SummarizedExperiment_1.16.1
 [7] DelayedArray_0.12.3         BiocParallel_1.20.1        
 [9] matrixStats_0.57.0          Biobase_2.46.0             
[11] GenomicRanges_1.38.0        GenomeInfoDb_1.22.1        
[13] IRanges_2.20.2              S4Vectors_0.24.4           
[15] BiocGenerics_0.32.0         ggplot2_3.3.2              
[17] colorout_1.2-2             

loaded via a namespace (and not attached):
 [1] pbdZMQ_0.3-3                      tidyselect_1.1.0                 
 [3] repr_1.1.0                        purrr_0.3.4                      
 [5] lattice_0.20-41                   colorspace_1.4-1                 
 [7] vctrs_0.3.4                       generics_0.0.2                   
 [9] htmltools_0.5.0                   rtracklayer_1.46.0               
[11] base64enc_0.1-3                   XML_3.99-0.3                     
[13] rlang_0.4.7                       pillar_1.4.6                     
[15] glue_1.4.2                        withr_2.3.0                      
[17] uuid_0.1-4                        GenomeInfoDbData_1.2.2           
[19] lifecycle_0.2.0                   stringr_1.4.0                    
[21] zlibbioc_1.32.0                   Biostrings_2.54.0                
[23] munsell_0.5.0                     gtable_0.3.0                     
[25] evaluate_0.14                     IRdisplay_0.7.0                  
[27] Rcpp_1.0.5                        scales_1.1.1                     
[29] BSgenome_1.54.0                   IRkernel_1.1.1                   
[31] jsonlite_1.7.1                    XVector_0.26.0                   
[33] Rsamtools_2.2.3                   BSgenome.Hsapiens.UCSC.hg38_1.4.1
[35] digest_0.6.25                     stringi_1.5.3                    
[37] dplyr_1.0.2                       grid_3.6.3                       
[39] tools_3.6.3                       bitops_1.0-6                     
[41] RCurl_1.98-1.2                    tibble_3.0.3                     
[43] crayon_1.3.4                      pkgconfig_2.0.3                  
[45] ellipsis_0.3.1                    Rhdf5lib_1.8.0                   
[47] R6_2.4.1                          GenomicAlignments_1.22.1         
[49] compiler_3.6.3                   


------- Log Info


2020-10-02 22:33:07 : addImputeWeights Input-Parameters, Class = list

addImputeWeights Input-Parameters$ArchRProj: length = 1
class: ArchRProject 
outputDirectory: /home/bnphan/projects/snATAC_cross_species_caudate/data/raw_data/mm10/BICCN_mouse_caudoputamen/ArchR_BICCN_caudoputamen 
samples(4): CEMBA171214_4D CEMBA171219_4D CEMBA180813_5E CEMBA180820_5E
sampleColData names(1): ArrowFiles
cellColData names(18): Sample TSSEnrichment ... Region Clusters
numberOfCells(1): 1
medianTSS(1): 14.205
medianFrags(1): 42336


addImputeWeights Input-Parameters$reducedDims: length = 1
[1] "Harmony"


addImputeWeights Input-Parameters$dimsToUse: length = 0
NULL


addImputeWeights Input-Parameters$scaleDims: length = 0
NULL


addImputeWeights Input-Parameters$corCutOff: length = 1
[1] 0.75


addImputeWeights Input-Parameters$td: length = 1
[1] 3


addImputeWeights Input-Parameters$ka: length = 1
[1] 4


addImputeWeights Input-Parameters$sampleCells: length = 1
[1] 5000


addImputeWeights Input-Parameters$nRep: length = 1
[1] 2


addImputeWeights Input-Parameters$k: length = 1
[1] 15


addImputeWeights Input-Parameters$epsilon: length = 1
[1] 1


addImputeWeights Input-Parameters$useHdf5: length = 1
[1] TRUE


addImputeWeights Input-Parameters$randomSuffix: length = 1
[1] FALSE


addImputeWeights Input-Parameters$threads: length = 1
[1] 10


addImputeWeights Input-Parameters$seed: length = 1
[1] 1


addImputeWeights Input-Parameters$verbose: length = 1
[1] TRUE


addImputeWeights Input-Parameters$logFile: length = 1
[1] "ArchRLogs/ArchR-addImputeWeights-3183942985d45-Date-2020-10-02_Time-22-33-07.log"


2020-10-02 22:33:07 : Computing Impute Weights Using Magic (Cell 2018), 0 mins elapsed.
2020-10-02 22:33:08 : Computing Partial Diffusion Matrix with Magic (1 of 2), 0.006 mins elapsed.
2020-10-02 22:33:08 : Computing Partial Diffusion Matrix with Magic (2 of 2), 0.007 mins elapsed.
2020-10-02 22:34:20 : Completed Getting Magic Weights!, 1.215 mins elapsed.
