
           ___      .______        ______  __    __  .______      
          /   \     |   _  \      /      ||  |  |  | |   _  \     
         /  ^  \    |  |_)  |    |  ,----'|  |__|  | |  |_)  |    
        /  /_\  \   |      /     |  |     |   __   | |      /     
       /  _____  \  |  |\  \\___ |  `----.|  |  |  | |  |\  \\___.
      /__/     \__\ | _| `._____| \______||__|  |__| | _| `._____|
    
Logging With ArchR!

Start Time : 2020-10-03 10:45:45

------- ArchR Info

ArchRThreads = 6
ArchRGenome = Hg38

------- System Info

Computer OS = unix
Total Cores = 8

------- Session Info

R version 3.6.3 (2020-02-29)
Platform: x86_64-conda_cos6-linux-gnu (64-bit)
Running under: CentOS Linux 7 (Core)

Matrix products: default
BLAS/LAPACK: /home/bnphan/miniconda3/lib/libmkl_rt.so

locale:
 [1] LC_CTYPE=en_US.UTF-8       LC_NUMERIC=C              
 [3] LC_TIME=en_US.UTF-8        LC_COLLATE=en_US.UTF-8    
 [5] LC_MONETARY=en_US.UTF-8    LC_MESSAGES=en_US.UTF-8   
 [7] LC_PAPER=en_US.UTF-8       LC_NAME=C                 
 [9] LC_ADDRESS=C               LC_TELEPHONE=C            
[11] LC_MEASUREMENT=en_US.UTF-8 LC_IDENTIFICATION=C       

attached base packages:
 [1] grid      parallel  stats4    stats     graphics  grDevices utils    
 [8] datasets  methods   base     

other attached packages:
 [1] harmony_1.0                       Rcpp_1.0.5                       
 [3] gridExtra_2.3                     uwot_0.1.8                       
 [5] nabor_0.5.0                       Seurat_3.2.2                     
 [7] BSgenome.Hsapiens.UCSC.hg38_1.4.1 BSgenome_1.54.0                  
 [9] rtracklayer_1.46.0                Biostrings_2.54.0                
[11] XVector_0.26.0                    ArchR_0.9.5                      
[13] magrittr_1.5                      rhdf5_2.30.1                     
[15] Matrix_1.2-18                     data.table_1.13.0                
[17] SummarizedExperiment_1.16.1       DelayedArray_0.12.3              
[19] BiocParallel_1.20.1               matrixStats_0.57.0               
[21] Biobase_2.46.0                    GenomicRanges_1.38.0             
[23] GenomeInfoDb_1.22.1               IRanges_2.20.2                   
[25] S4Vectors_0.24.4                  BiocGenerics_0.32.0              
[27] ggplot2_3.3.2                    

loaded via a namespace (and not attached):
 [1] Rtsne_0.15               colorspace_1.4-1         deldir_0.1-29           
 [4] ellipsis_0.3.1           ggridges_0.5.2           spatstat.data_1.4-3     
 [7] farver_2.0.3             leiden_0.3.3             listenv_0.8.0           
[10] ggrepel_0.8.2            codetools_0.2-16         splines_3.6.3           
[13] polyclip_1.10-0          jsonlite_1.7.1           Rsamtools_2.2.3         
[16] Cairo_1.5-12.2           ica_1.0-2                cluster_2.1.0           
[19] png_0.1-7                shiny_1.5.0              sctransform_0.3         
[22] compiler_3.6.3           httr_1.4.2               fastmap_1.0.1           
[25] lazyeval_0.2.2           later_1.1.0.1            htmltools_0.5.0         
[28] tools_3.6.3              rsvd_1.0.3               igraph_1.2.5            
[31] gtable_0.3.0             glue_1.4.2               GenomeInfoDbData_1.2.2  
[34] RANN_2.6.1               reshape2_1.4.4           dplyr_1.0.2             
[37] rappdirs_0.3.1           spatstat_1.64-1          vctrs_0.3.4             
[40] nlme_3.1-149             lmtest_0.9-38            stringr_1.4.0           
[43] globals_0.13.0           mime_0.9                 miniUI_0.1.1.1          
[46] lifecycle_0.2.0          irlba_2.3.3              gtools_3.8.2            
[49] XML_3.99-0.3             goftest_1.2-2            future_1.19.1           
[52] zlibbioc_1.32.0          MASS_7.3-53              zoo_1.8-8               
[55] scales_1.1.1             promises_1.1.1           spatstat.utils_1.17-0   
[58] RColorBrewer_1.1-2       reticulate_1.16          pbapply_1.4-3           
[61] rpart_4.1-15             stringi_1.5.3            rlang_0.4.7             
[64] pkgconfig_2.0.3          bitops_1.0-6             lattice_0.20-41         
[67] tensor_1.5               ROCR_1.0-11              purrr_0.3.4             
[70] Rhdf5lib_1.8.0           labeling_0.3             GenomicAlignments_1.22.1
[73] patchwork_1.0.1          htmlwidgets_1.5.1        cowplot_1.1.0           
[76] tidyselect_1.1.0         RcppAnnoy_0.0.16         plyr_1.8.6              
[79] R6_2.4.1                 generics_0.0.2           mgcv_1.8-33             
[82] pillar_1.4.6             withr_2.3.0              fitdistrplus_1.1-1      
[85] abind_1.4-5              survival_3.2-7           RCurl_1.98-1.2          
[88] tibble_3.0.3             future.apply_1.6.0       crayon_1.3.4            
[91] KernSmooth_2.23-17       plotly_4.9.2.1           digest_0.6.25           
[94] xtable_1.8-4             tidyr_1.1.2              httpuv_1.5.4            
[97] munsell_0.5.0            viridisLite_0.3.0       


------- Log Info


2020-10-03 10:45:45 : addClusters Input-Parameters, Class = list

addClusters Input-Parameters$: length = 1
                       
1 function (name)      
2 .Internal(args(name))


addClusters Input-Parameters$input: length = 1
class: ArchRProject 
outputDirectory: /home/bnphan/projects/snATAC_cross_species_caudate/data/raw_data/mm10/BICCN_mouse_caudoputamen/ArchR_BICCN_caudoputamen 
samples(4): CEMBA171214_4D CEMBA171219_4D CEMBA180813_5E CEMBA180820_5E
sampleColData names(1): ArrowFiles
cellColData names(18): Sample TSSEnrichment ... Region Clusters
numberOfCells(1): 1
medianTSS(1): 14.205
medianFrags(1): 42336


addClusters Input-Parameters$reducedDims: length = 1
[1] "Harmony"


addClusters Input-Parameters$name: length = 1
[1] "Clusters"


addClusters Input-Parameters$sampleCells: length = 0
NULL


addClusters Input-Parameters$seed: length = 1
[1] 1


addClusters Input-Parameters$method: length = 1
[1] "Seurat"


addClusters Input-Parameters$dimsToUse: length = 0
NULL


addClusters Input-Parameters$scaleDims: length = 0
NULL


addClusters Input-Parameters$corCutOff: length = 1
[1] 0.75


addClusters Input-Parameters$knnAssign: length = 1
[1] 10


addClusters Input-Parameters$nOutlier: length = 1
[1] 5


addClusters Input-Parameters$testBias: length = 1
[1] TRUE


addClusters Input-Parameters$filterBias: length = 1
[1] FALSE


addClusters Input-Parameters$biasClusters: length = 1
[1] 0.01


addClusters Input-Parameters$biasCol: length = 1
[1] "nFrags"


addClusters Input-Parameters$biasVals: length = 0
NULL


addClusters Input-Parameters$biasQuantiles: length = 2
[1] 0.05 0.95


addClusters Input-Parameters$biasEnrich: length = 1
[1] 10


addClusters Input-Parameters$biasProportion: length = 1
[1] 0.5


addClusters Input-Parameters$biasPval: length = 1
[1] 0.05


addClusters Input-Parameters$nPerm: length = 1
[1] 500


addClusters Input-Parameters$prefix: length = 1
[1] "C"


addClusters Input-Parameters$ArchRProj: length = 0
NULL


addClusters Input-Parameters$verbose: length = 1
[1] TRUE


addClusters Input-Parameters$tstart: length = 0
NULL


addClusters Input-Parameters$force: length = 1
[1] TRUE


addClusters Input-Parameters$logFile: length = 1
[1] "ArchRLogs/ArchR-addClusters-4c774800d967-Date-2020-10-03_Time-10-45-45.log"


addClusters Input-Parameters$...: length = 1
[[1]]
<promise: 0x561cdc0b9020>



2020-10-03 10:45:46 : Running Seurats FindClusters (Stuart et al. Cell 2019), 0.002 mins elapsed.
2020-10-03 10:47:41 : Testing Biased Clusters, 1.919 mins elapsed.
2020-10-03 10:47:41 : Testing Outlier Clusters, 1.921 mins elapsed.
2020-10-03 10:47:41 : Assigning Cluster Names to 17 Clusters, 1.921 mins elapsed.
2020-10-03 10:47:41 : Finished addClusters, 1.923 mins elapsed.
