
           ___      .______        ______  __    __  .______      
          /   \     |   _  \      /      ||  |  |  | |   _  \     
         /  ^  \    |  |_)  |    |  ,----'|  |__|  | |  |_)  |    
        /  /_\  \   |      /     |  |     |   __   | |      /     
       /  _____  \  |  |\  \\___ |  `----.|  |  |  | |  |\  \\___.
      /__/     \__\ | _| `._____| \______||__|  |__| | _| `._____|
    
Logging With ArchR!

Start Time : 2020-10-05 12:58:30

------- ArchR Info

ArchRThreads = 6
ArchRGenome = Hg38

------- System Info

Computer OS = unix
Total Cores = 8

------- Session Info

R version 3.6.3 (2020-02-29)
Platform: x86_64-conda_cos6-linux-gnu (64-bit)
Running under: CentOS Linux 7 (Core)

Matrix products: default
BLAS/LAPACK: /home/bnphan/miniconda3/lib/libmkl_rt.so

locale:
 [1] LC_CTYPE=en_US.UTF-8       LC_NUMERIC=C              
 [3] LC_TIME=en_US.UTF-8        LC_COLLATE=en_US.UTF-8    
 [5] LC_MONETARY=en_US.UTF-8    LC_MESSAGES=en_US.UTF-8   
 [7] LC_PAPER=en_US.UTF-8       LC_NAME=C                 
 [9] LC_ADDRESS=C               LC_TELEPHONE=C            
[11] LC_MEASUREMENT=en_US.UTF-8 LC_IDENTIFICATION=C       

attached base packages:
 [1] grid      parallel  stats4    stats     graphics  grDevices utils    
 [8] datasets  methods   base     

other attached packages:
 [1] harmony_1.0                       Rcpp_1.0.5                       
 [3] gridExtra_2.3                     uwot_0.1.8                       
 [5] nabor_0.5.0                       Seurat_3.2.2                     
 [7] BSgenome.Hsapiens.UCSC.hg38_1.4.1 BSgenome_1.54.0                  
 [9] rtracklayer_1.46.0                Biostrings_2.54.0                
[11] XVector_0.26.0                    ArchR_0.9.5                      
[13] magrittr_1.5                      rhdf5_2.30.1                     
[15] Matrix_1.2-18                     data.table_1.13.0                
[17] SummarizedExperiment_1.16.1       DelayedArray_0.12.3              
[19] BiocParallel_1.20.1               matrixStats_0.57.0               
[21] Biobase_2.46.0                    GenomicRanges_1.38.0             
[23] GenomeInfoDb_1.22.1               IRanges_2.20.2                   
[25] S4Vectors_0.24.4                  BiocGenerics_0.32.0              
[27] ggplot2_3.3.2                    

loaded via a namespace (and not attached):
 [1] Rtsne_0.15               colorspace_1.4-1         deldir_0.1-29           
 [4] ellipsis_0.3.1           ggridges_0.5.2           spatstat.data_1.4-3     
 [7] farver_2.0.3             leiden_0.3.3             listenv_0.8.0           
[10] ggrepel_0.8.2            codetools_0.2-16         splines_3.6.3           
[13] polyclip_1.10-0          jsonlite_1.7.1           Rsamtools_2.2.3         
[16] Cairo_1.5-12.2           ica_1.0-2                cluster_2.1.0           
[19] png_0.1-7                shiny_1.5.0              sctransform_0.3         
[22] compiler_3.6.3           httr_1.4.2               fastmap_1.0.1           
[25] lazyeval_0.2.2           later_1.1.0.1            htmltools_0.5.0         
[28] tools_3.6.3              rsvd_1.0.3               igraph_1.2.5            
[31] gtable_0.3.0             glue_1.4.2               GenomeInfoDbData_1.2.2  
[34] RANN_2.6.1               reshape2_1.4.4           dplyr_1.0.2             
[37] rappdirs_0.3.1           spatstat_1.64-1          vctrs_0.3.4             
[40] nlme_3.1-149             lmtest_0.9-38            stringr_1.4.0           
[43] globals_0.13.0           mime_0.9                 miniUI_0.1.1.1          
[46] lifecycle_0.2.0          irlba_2.3.3              gtools_3.8.2            
[49] XML_3.99-0.3             goftest_1.2-2            future_1.19.1           
[52] zlibbioc_1.32.0          MASS_7.3-53              zoo_1.8-8               
[55] scales_1.1.1             promises_1.1.1           spatstat.utils_1.17-0   
[58] RColorBrewer_1.1-2       reticulate_1.16          pbapply_1.4-3           
[61] rpart_4.1-15             stringi_1.5.3            rlang_0.4.7             
[64] pkgconfig_2.0.3          bitops_1.0-6             lattice_0.20-41         
[67] tensor_1.5               ROCR_1.0-11              purrr_0.3.4             
[70] Rhdf5lib_1.8.0           labeling_0.3             GenomicAlignments_1.22.1
[73] patchwork_1.0.1          htmlwidgets_1.5.1        cowplot_1.1.0           
[76] tidyselect_1.1.0         RcppAnnoy_0.0.16         plyr_1.8.6              
[79] R6_2.4.1                 generics_0.0.2           mgcv_1.8-33             
[82] pillar_1.4.6             withr_2.3.0              fitdistrplus_1.1-1      
[85] abind_1.4-5              survival_3.2-7           RCurl_1.98-1.2          
[88] tibble_3.0.3             future.apply_1.6.0       crayon_1.3.4            
[91] KernSmooth_2.23-17       plotly_4.9.2.1           digest_0.6.25           
[94] xtable_1.8-4             tidyr_1.1.2              httpuv_1.5.4            
[97] munsell_0.5.0            viridisLite_0.3.0       


------- Log Info


2020-10-05 12:58:31 : IterativeLSI Input-Parameters, Class = list

IterativeLSI Input-Parameters$ArchRProj: length = 1
class: ArchRProject 
outputDirectory: /home/bnphan/projects/snATAC_cross_species_caudate/data/raw_data/mm10/BICCN_mouse_caudoputamen/ArchR_BICCN_CP_5E 
samples(2): CEMBA180813_5E CEMBA180820_5E
sampleColData names(1): ArrowFiles
cellColData names(17): Sample TSSEnrichment ... Subject Region
numberOfCells(1): 1
medianTSS(1): 14.738
medianFrags(1): 20162


IterativeLSI Input-Parameters$useMatrix: length = 1
[1] "TileMatrix"


IterativeLSI Input-Parameters$name: length = 1
[1] "IterativeLSI"


IterativeLSI Input-Parameters$iterations: length = 1
[1] 6


IterativeLSI Input-Parameters$varFeatures: length = 1
[1] 3e+05


IterativeLSI Input-Parameters$dimsToUse: length = 40
[1] 1 2 3 4 5 6


IterativeLSI Input-Parameters$LSIMethod: length = 1
[1] 2


IterativeLSI Input-Parameters$scaleDims: length = 1
[1] TRUE


IterativeLSI Input-Parameters$corCutOff: length = 1
[1] 0.75


IterativeLSI Input-Parameters$binarize: length = 1
[1] TRUE


IterativeLSI Input-Parameters$outlierQuantiles: length = 2
[1] 0.02 0.98


IterativeLSI Input-Parameters$filterBias: length = 1
[1] TRUE


IterativeLSI Input-Parameters$sampleCellsPre: length = 1
[1] 10000


IterativeLSI Input-Parameters$projectCellsPre: length = 1
[1] FALSE


IterativeLSI Input-Parameters$sampleCellsFinal: length = 0
NULL


IterativeLSI Input-Parameters$selectionMethod: length = 1
[1] "vmr"


IterativeLSI Input-Parameters$scaleTo: length = 1
[1] 3000


IterativeLSI Input-Parameters$totalFeatures: length = 1
[1] 5e+05


IterativeLSI Input-Parameters$filterQuantile: length = 1
[1] 0.995


IterativeLSI Input-Parameters$excludeChr: length = 0
NULL


IterativeLSI Input-Parameters$saveIterations: length = 1
[1] TRUE


IterativeLSI Input-Parameters$nPlot: length = 1
[1] 10000


IterativeLSI Input-Parameters$outDir: length = 1
[1] "/home/bnphan/projects/snATAC_cross_species_caudate/data/raw_data/mm10/BICCN_mouse_caudoputamen/ArchR_BICCN_CP_5E"


IterativeLSI Input-Parameters$threads: length = 1
[1] 6


IterativeLSI Input-Parameters$seed: length = 1
[1] 1


IterativeLSI Input-Parameters$verbose: length = 1
[1] TRUE


IterativeLSI Input-Parameters$force: length = 1
[1] TRUE


IterativeLSI Input-Parameters$logFile: length = 1
[1] "ArchRLogs/ArchR-addIterativeLSI-4c77189e7f61-Date-2020-10-05_Time-12-58-30.log"


2020-10-05 12:58:31 : Computing Total Accessibility Across All Features, 0.004 mins elapsed.
2020-10-05 12:58:33 : Computing Top Features, 0.036 mins elapsed.
###########
2020-10-05 12:58:34 : Running LSI (1 of 6) on Top Features, 0.048 mins elapsed.
###########
2020-10-05 12:58:34 : Sampling Cells (N = 10001) for Estimated LSI, 0.05 mins elapsed.
2020-10-05 12:58:34 : Creating Sampled Partial Matrix, 0.05 mins elapsed.
2020-10-05 12:58:55 : Computing Estimated LSI (projectAll = FALSE), 0.403 mins elapsed.

2020-10-05 12:58:55 : LSI Parameters, Class = list

LSI Parameters$: length = 1
                       
1 function (name)      
2 .Internal(args(name))


LSI Parameters$mat: nRows = 300000, nCols = 10001
LSI Parameters$mat: NonZeroEntries = 21122212, EntryRange = [ 1 , 1 ]
5 x 5 sparse Matrix of class "dgCMatrix"
     CEMBA180813_5E#ACATTGGCAACCAGGTACAAGGATAAGAGATG
[1,]                                               .
[2,]                                               .
[3,]                                               .
[4,]                                               .
[5,]                                               .
     CEMBA180813_5E#ACATTGGCAACCAGGTACAAGGATTAAGATCC
[1,]                                               .
[2,]                                               .
[3,]                                               .
[4,]                                               .
[5,]                                               .
     CEMBA180813_5E#ACATTGGCAACCAGGTACAAGGATTTCATCCA
[1,]                                               .
[2,]                                               .
[3,]                                               .
[4,]                                               .
[5,]                                               .
     CEMBA180813_5E#ACATTGGCAACCAGGTAGGCTGGTATAGCCTT
[1,]                                               .
[2,]                                               .
[3,]                                               .
[4,]                                               .
[5,]                                               .
     CEMBA180813_5E#ACATTGGCAACCAGGTAGGCTGGTTTCATCCA
[1,]                                               .
[2,]                                               .
[3,]                                               .
[4,]                                               .
[5,]                                               .


LSI Parameters$LSIMethod: length = 1
[1] 2


LSI Parameters$scaleTo: length = 1
[1] 3000


LSI Parameters$nDimensions: length = 1
[1] 40


LSI Parameters$binarize: length = 1
[1] TRUE


LSI Parameters$outlierQuantiles: length = 2
[1] 0.02 0.98


LSI Parameters$seed: length = 1
[1] 1


LSI Parameters$verbose: length = 1
[1] FALSE


LSI Parameters$tstart: length = 1
[1] "2020-10-05 12:58:31 EDT"


LSI Parameters$logFile: length = 1
[1] "ArchRLogs/ArchR-addIterativeLSI-4c77189e7f61-Date-2020-10-05_Time-12-58-30.log"


2020-10-05 12:58:55 : Running LSI, Input Matrix = 0.255 GB, 0.409 mins elapsed.
2020-10-05 12:58:55 : Binarizing Matrix, 0.409 mins elapsed.
2020-10-05 12:58:56 : Computing Term Frequency, 0.418 mins elapsed.
2020-10-05 12:58:56 : Filtering Outliers Based On Counts, 0.42 mins elapsed.
2020-10-05 12:58:56 : Removing 0 Sum Rows, 0.429 mins elapsed.
2020-10-05 12:59:00 : Computing Inverse Document Frequency, 0.481 mins elapsed.
2020-10-05 12:59:02 : Computing SVD using irlba, 0.521 mins elapsed.
