
           ___      .______        ______  __    __  .______      
          /   \     |   _  \      /      ||  |  |  | |   _  \     
         /  ^  \    |  |_)  |    |  ,----'|  |__|  | |  |_)  |    
        /  /_\  \   |      /     |  |     |   __   | |      /     
       /  _____  \  |  |\  \\___ |  `----.|  |  |  | |  |\  \\___.
      /__/     \__\ | _| `._____| \______||__|  |__| | _| `._____|
    
Logging With ArchR!

Start Time : 2020-10-05 13:04:20

------- ArchR Info

ArchRThreads = 10
ArchRGenome = Hg38

------- System Info

Computer OS = unix
Total Cores = 64

------- Session Info

R version 3.6.3 (2020-02-29)
Platform: x86_64-conda_cos6-linux-gnu (64-bit)
Running under: CentOS Linux 7 (Core)

Matrix products: default
BLAS/LAPACK: /home/bnphan/miniconda3/lib/libmkl_rt.so

locale:
 [1] LC_CTYPE=en_US.UTF-8       LC_NUMERIC=C              
 [3] LC_TIME=en_US.UTF-8        LC_COLLATE=en_US.UTF-8    
 [5] LC_MONETARY=en_US.UTF-8    LC_MESSAGES=en_US.UTF-8   
 [7] LC_PAPER=en_US.UTF-8       LC_NAME=C                 
 [9] LC_ADDRESS=C               LC_TELEPHONE=C            
[11] LC_MEASUREMENT=en_US.UTF-8 LC_IDENTIFICATION=C       

attached base packages:
[1] parallel  stats4    stats     graphics  grDevices utils     datasets 
[8] methods   base     

other attached packages:
 [1] gtable_0.3.0                ArchR_0.9.5                
 [3] magrittr_1.5                rhdf5_2.30.1               
 [5] Matrix_1.2-18               data.table_1.13.0          
 [7] SummarizedExperiment_1.16.1 DelayedArray_0.12.3        
 [9] BiocParallel_1.20.1         matrixStats_0.57.0         
[11] Biobase_2.46.0              GenomicRanges_1.38.0       
[13] GenomeInfoDb_1.22.1         IRanges_2.20.2             
[15] S4Vectors_0.24.4            BiocGenerics_0.32.0        
[17] ggplot2_3.3.2               colorout_1.2-2             

loaded via a namespace (and not attached):
 [1] BSgenome.Hsapiens.UCSC.hg38_1.4.1 Rcpp_1.0.5                       
 [3] lattice_0.20-41                   Rsamtools_2.2.3                  
 [5] Biostrings_2.54.0                 gtools_3.8.2                     
 [7] digest_0.6.25                     IRdisplay_0.7.0                  
 [9] R6_2.4.1                          repr_1.1.0                       
[11] evaluate_0.14                     pillar_1.4.6                     
[13] zlibbioc_1.32.0                   rlang_0.4.7                      
[15] uuid_0.1-4                        hexbin_1.28.1                    
[17] labeling_0.3                      stringr_1.4.0                    
[19] pheatmap_1.0.12                   RCurl_1.98-1.2                   
[21] munsell_0.5.0                     compiler_3.6.3                   
[23] rtracklayer_1.46.0                pkgconfig_2.0.3                  
[25] base64enc_0.1-3                   htmltools_0.5.0                  
[27] tidyselect_1.1.0                  tibble_3.0.3                     
[29] GenomeInfoDbData_1.2.2            XML_3.99-0.3                     
[31] crayon_1.3.4                      dplyr_1.0.2                      
[33] withr_2.3.0                       GenomicAlignments_1.22.1         
[35] bitops_1.0-6                      grid_3.6.3                       
[37] jsonlite_1.7.1                    lifecycle_0.2.0                  
[39] scales_1.1.1                      stringi_1.5.3                    
[41] farver_2.0.3                      XVector_0.26.0                   
[43] ellipsis_0.3.1                    generics_0.0.2                   
[45] vctrs_0.3.4                       cowplot_1.1.0                    
[47] IRkernel_1.1.1                    Rhdf5lib_1.8.0                   
[49] RColorBrewer_1.1-2                tools_3.6.3                      
[51] Cairo_1.5-12.2                    BSgenome_1.54.0                  
[53] glue_1.4.2                        purrr_0.3.4                      
[55] colorspace_1.4-1                  pbdZMQ_0.3-3                     


------- Log Info


2020-10-05 13:04:20 : Input-Parameters, Class = list

Input-Parameters$ArchRProj: length = 1
class: ArchRProject 
outputDirectory: /home/bnphan/projects/snATAC_cross_species_caudate/data/raw_data/mm10/BICCN_mouse_caudoputamen/ArchR_BICCN_CP_4D 
samples(2): CEMBA171214_4D CEMBA171219_4D
sampleColData names(1): ArrowFiles
cellColData names(18): Sample TSSEnrichment ... Region Clusters
numberOfCells(1): 1
medianTSS(1): 14.205
medianFrags(1): 42336


Input-Parameters$embedding: length = 1
[1] "UMAP"


Input-Parameters$colorBy: length = 1
[1] "GeneScoreMatrix"


Input-Parameters$name: length = 10
[1] "Des"    "Acta2"  "Tbx18"  "Vcam1"  "Vtn"    "Ifitm1"


Input-Parameters$log2Norm: length = 0
NULL


Input-Parameters$pal: length = 0
NULL


Input-Parameters$size: length = 1
[1] 0.1


Input-Parameters$sampleCells: length = 0
NULL


Input-Parameters$highlightCells: length = 0
NULL


Input-Parameters$rastr: length = 1
[1] TRUE


Input-Parameters$quantCut: length = 2
[1] 0.01 0.99


Input-Parameters$discreteSet: length = 0
NULL


Input-Parameters$continuousSet: length = 0
NULL


Input-Parameters$randomize: length = 1
[1] TRUE


Input-Parameters$keepAxis: length = 1
[1] FALSE


Input-Parameters$baseSize: length = 1
[1] 10


Input-Parameters$plotAs: length = 0
NULL


Input-Parameters$threads: length = 1
[1] 10


Input-Parameters$logFile: length = 1
[1] "ArchRLogs/ArchR-plotEmbedding-3969b42ab0779-Date-2020-10-05_Time-13-04-20.log"



2020-10-05 13:04:20 : 

2020-10-05 13:04:20 : Embedding data.frame, Class = data.frame
Embedding data.frame: nRows = 11224, nCols = 2
                                                IterativeLSI#UMAP_Dimension_1
CEMBA171214_4D#ATTCAGAATCTATCCGTGCCTTACCAGGACGT                     5.3821647
CEMBA171214_4D#ATTCAGAACAGAACTGTTACGACCGTACTGAC                    -0.9132533
CEMBA171214_4D#ATTCAGAATTAGCCTCTAAGATCCGTACTGAC                     5.1650488
CEMBA171214_4D#CTGAAGCTGCAACCTAAATGACGTCCTATCCT                     4.1907997
CEMBA171214_4D#GAGATTCCATAAGTCGTCCGGTAAGTACTGAC                     4.7818687
CEMBA171214_4D#CTGAAGCTCGCTTGATATAGCCTTGTACTGAC                    -3.7316730
                                                IterativeLSI#UMAP_Dimension_2
CEMBA171214_4D#ATTCAGAATCTATCCGTGCCTTACCAGGACGT                    1.42122660
CEMBA171214_4D#ATTCAGAACAGAACTGTTACGACCGTACTGAC                   -0.26661875
CEMBA171214_4D#ATTCAGAATTAGCCTCTAAGATCCGTACTGAC                    1.32904408
CEMBA171214_4D#CTGAAGCTGCAACCTAAATGACGTCCTATCCT                    1.43104921
CEMBA171214_4D#GAGATTCCATAAGTCGTCCGGTAAGTACTGAC                    1.27323792
CEMBA171214_4D#CTGAAGCTCGCTTGATATAGCCTTGTACTGAC                   -0.04745848



2020-10-05 13:04:20 : 

2020-10-05 13:04:20 : 

2020-10-05 13:04:21 : FeatureDF, Class = DFrame
DataFrame with 24333 rows and 6 columns
      seqnames     start       end  strand          name     idx
         <Rle>   <array>   <array> <array>       <array> <array>
1         chr1   3671498   3214482       2          Xkr4       1
2         chr1   4409241   4290846       2           Rp1       2
3         chr1   4497354   4490928       2         Sox17       3
4         chr1   4785726   4773198       2        Mrpl15       4
5         chr1   4807893   4846735       1        Lypla1       5
...        ...       ...       ...     ...           ...     ...
24329     chrX 169320372 169251538       2          Hccs    1039
24330     chrX 169320422 169368178       1       Gm15246    1040
24331     chrX 169685199 169990798       1          Mid1    1041
24332     chrX 169779635 169776378       2 4933400A11Rik    1042
24333     chrX 170672644 170678054       1          Asmt    1043


2020-10-05 13:04:21 : idx, Class = integer

idx: length = 10
[1]   447 10963 22846 14179  3454 20652



2020-10-05 13:04:21 : FeatureDF-Subset, Class = DFrame
DataFrame with 10 rows and 6 columns
   seqnames     start       end  strand    name     idx
      <Rle>   <array>   <array> <array> <array> <array>
1      chr1  75360292  75368579       1     Des     447
2     chr19  34255373  34240336       2   Acta2     507
3      chr9  87731260  87702800       2   Tbx18     908
4      chr3 116129688 116110020       2   Vcam1     881
5     chr11  78499120  78502325       1     Vtn     949
6      chr7 140967429 140969827       1  Ifitm1    2056
7      chr7  79848194  79821803       2   Anpep    1160
8     chr13  49608071  49624500       1     Ogn     410
9     chr10  97565501  97572703       1     Lum     812
10    chr10  97479500  97518163       1     Dcn     811


2020-10-05 13:04:23 : Feature-Matrix, Class = dgCMatrix
Feature-Matrix: nRows = 10, nCols = 11224
Feature-Matrix: NonZeroEntries = 10104, EntryRange = [ 0.059 , 39.346 ]
5 x 5 sparse Matrix of class "dgCMatrix"
     CEMBA171214_4D#ATTCAGAATCTATCCGTGCCTTACCAGGACGT
[1,]                                           .    
[2,]                                           .    
[3,]                                           0.362
[4,]                                           1.284
[5,]                                           .    
     CEMBA171214_4D#ATTCAGAACAGAACTGTTACGACCGTACTGAC
[1,]                                           0.390
[2,]                                           .    
[3,]                                           .    
[4,]                                           0.775
[5,]                                           0.536
     CEMBA171214_4D#ATTCAGAATTAGCCTCTAAGATCCGTACTGAC
[1,]                                           .    
[2,]                                           0.314
[3,]                                           0.496
[4,]                                           .    
[5,]                                           0.541
     CEMBA171214_4D#CTGAAGCTGCAACCTAAATGACGTCCTATCCT
[1,]                                           .    
[2,]                                           0.226
[3,]                                           0.854
[4,]                                           0.174
[5,]                                           .    
     CEMBA171214_4D#GAGATTCCATAAGTCGTCCGGTAAGTACTGAC
[1,]                                           0.119
[2,]                                           0.319
[3,]                                           .    
[4,]                                           0.235
[5,]                                           .    



2020-10-05 13:04:23 : colorMat-Before-Impute, Class = matrix
      CEMBA171214_4D#ATTCAGAATCTATCCGTGCCTTACCAGGACGT
Des                                             0.000
Acta2                                           0.000
Tbx18                                           0.362
Vcam1                                           1.284
Vtn                                             0.000
      CEMBA171214_4D#ATTCAGAACAGAACTGTTACGACCGTACTGAC
Des                                             0.390
Acta2                                           0.000
Tbx18                                           0.000
Vcam1                                           0.775
Vtn                                             0.536
      CEMBA171214_4D#ATTCAGAATTAGCCTCTAAGATCCGTACTGAC
Des                                             0.000
Acta2                                           0.314
Tbx18                                           0.496
Vcam1                                           0.000
Vtn                                             0.541
      CEMBA171214_4D#CTGAAGCTGCAACCTAAATGACGTCCTATCCT
Des                                             0.000
Acta2                                           0.226
Tbx18                                           0.854
Vcam1                                           0.174
Vtn                                             0.000
      CEMBA171214_4D#GAGATTCCATAAGTCGTCCGGTAAGTACTGAC
Des                                             0.119
Acta2                                           0.319
Tbx18                                           0.000
Vcam1                                           0.235
Vtn                                             0.000

colorMat-Before-Impute: nRows = 10, nCols = 11224


2020-10-05 13:04:23 : imputeMatrix Input-Parameters, Class = list

imputeMatrix Input-Parameters$mat: nRows = 10, nCols = 11224
      CEMBA171214_4D#ATTCAGAATCTATCCGTGCCTTACCAGGACGT
Des                                             0.000
Acta2                                           0.000
Tbx18                                           0.362
Vcam1                                           1.284
Vtn                                             0.000
      CEMBA171214_4D#ATTCAGAACAGAACTGTTACGACCGTACTGAC
Des                                             0.390
Acta2                                           0.000
Tbx18                                           0.000
Vcam1                                           0.775
Vtn                                             0.536
      CEMBA171214_4D#ATTCAGAATTAGCCTCTAAGATCCGTACTGAC
Des                                             0.000
Acta2                                           0.314
Tbx18                                           0.496
Vcam1                                           0.000
Vtn                                             0.541
      CEMBA171214_4D#CTGAAGCTGCAACCTAAATGACGTCCTATCCT
Des                                             0.000
Acta2                                           0.226
Tbx18                                           0.854
Vcam1                                           0.174
Vtn                                             0.000
      CEMBA171214_4D#GAGATTCCATAAGTCGTCCGGTAAGTACTGAC
Des                                             0.119
Acta2                                           0.319
Tbx18                                           0.000
Vcam1                                           0.235
Vtn                                             0.000


imputeMatrix Input-Parameters$threads: length = 1
[1] 10


imputeMatrix Input-Parameters$verbose: length = 1
[1] FALSE


imputeMatrix Input-Parameters$logFile: length = 1
[1] "ArchRLogs/ArchR-plotEmbedding-3969b42ab0779-Date-2020-10-05_Time-13-04-20.log"



2020-10-05 13:04:23 : mat, Class = matrix
      CEMBA171214_4D#ATTCAGAATCTATCCGTGCCTTACCAGGACGT
Des                                             0.000
Acta2                                           0.000
Tbx18                                           0.362
Vcam1                                           1.284
Vtn                                             0.000
      CEMBA171214_4D#ATTCAGAACAGAACTGTTACGACCGTACTGAC
Des                                             0.390
Acta2                                           0.000
Tbx18                                           0.000
Vcam1                                           0.775
Vtn                                             0.536
      CEMBA171214_4D#ATTCAGAATTAGCCTCTAAGATCCGTACTGAC
Des                                             0.000
Acta2                                           0.314
Tbx18                                           0.496
Vcam1                                           0.000
Vtn                                             0.541
      CEMBA171214_4D#CTGAAGCTGCAACCTAAATGACGTCCTATCCT
Des                                             0.000
Acta2                                           0.226
Tbx18                                           0.854
Vcam1                                           0.174
Vtn                                             0.000
      CEMBA171214_4D#GAGATTCCATAAGTCGTCCGGTAAGTACTGAC
Des                                             0.119
Acta2                                           0.319
Tbx18                                           0.000
Vcam1                                           0.235
Vtn                                             0.000

mat: nRows = 10, nCols = 11224


2020-10-05 13:04:23 : weightList, Class = SimpleList

weightList$w1: length = 1
[1] "/home/bnphan/projects/snATAC_cross_species_caudate/data/raw_data/mm10/BICCN_mouse_caudoputamen/ArchR_BICCN_CP_4D/ImputeWeights/Impute-Weights-Rep-1"


weightList$w2: length = 1
[1] "/home/bnphan/projects/snATAC_cross_species_caudate/data/raw_data/mm10/BICCN_mouse_caudoputamen/ArchR_BICCN_CP_4D/ImputeWeights/Impute-Weights-Rep-2"


2020-10-05 13:04:23 : Imputing Matrix (1 of 2), 0 mins elapsed.

2020-10-05 13:04:23 : 

2020-10-05 13:04:23 : 

2020-10-05 13:04:23 : 
2020-10-05 13:04:26 : Imputing Matrix (2 of 2), 0.045 mins elapsed.

2020-10-05 13:04:26 : 

2020-10-05 13:04:26 : 

2020-10-05 13:04:26 : 
2020-10-05 13:04:29 : Finished Imputing Matrix, 0.091 mins elapsed.

2020-10-05 13:04:29 : colorMat-After-Impute, Class = matrix
      CEMBA171214_4D#ATTCAGAATCTATCCGTGCCTTACCAGGACGT
Des                                         0.2138176
Acta2                                       0.1028321
Tbx18                                       0.2010890
Vcam1                                       0.4362774
Vtn                                         0.4857165
      CEMBA171214_4D#ATTCAGAACAGAACTGTTACGACCGTACTGAC
Des                                         0.3951567
Acta2                                       0.0528400
Tbx18                                       0.2291974
Vcam1                                       0.7342910
Vtn                                         0.4777578
      CEMBA171214_4D#ATTCAGAATTAGCCTCTAAGATCCGTACTGAC
Des                                        0.19789371
Acta2                                      0.09974118
Tbx18                                      0.21951051
Vcam1                                      0.35364630
Vtn                                        0.42046565
      CEMBA171214_4D#CTGAAGCTGCAACCTAAATGACGTCCTATCCT
Des                                        0.26713075
Acta2                                      0.08519933
Tbx18                                      0.22796030
Vcam1                                      0.54996681
Vtn                                        0.37516071
      CEMBA171214_4D#GAGATTCCATAAGTCGTCCGGTAAGTACTGAC
Des                                        0.40272679
Acta2                                      0.06636159
Tbx18                                      0.21963518
Vcam1                                      0.65281625
Vtn                                        0.44155024

colorMat-After-Impute: nRows = 10, nCols = 11224


2020-10-05 13:04:29 : ColorParams 1, Class = list

ColorParams 1$color: length = 11224
CEMBA171214_4D#ATTCAGAATCTATCCGTGCCTTACCAGGACGT 
                                      0.2138176 
CEMBA171214_4D#ATTCAGAACAGAACTGTTACGACCGTACTGAC 
                                      0.3951567 
CEMBA171214_4D#ATTCAGAATTAGCCTCTAAGATCCGTACTGAC 
                                      0.1978937 
CEMBA171214_4D#CTGAAGCTGCAACCTAAATGACGTCCTATCCT 
                                      0.2671307 
CEMBA171214_4D#GAGATTCCATAAGTCGTCCGGTAAGTACTGAC 
                                      0.4027268 
CEMBA171214_4D#CTGAAGCTCGCTTGATATAGCCTTGTACTGAC 
                                      0.3310345 


ColorParams 1$discrete: length = 1
[1] FALSE


ColorParams 1$title: length = 1
[1] "UMAP of IterativeLSI colored by\nGeneScoreMatrix : Des"


ColorParams 1$continuousSet: length = 1
[1] "horizonExtra"



2020-10-05 13:04:29 : PlotParams-1, Class = list

PlotParams-1$color: length = 11224
CEMBA171214_4D#ATTCAGAATCTATCCGTGCCTTACCAGGACGT 
                                      0.2795517 
CEMBA171214_4D#ATTCAGAACAGAACTGTTACGACCGTACTGAC 
                                      0.4804272 
CEMBA171214_4D#ATTCAGAATTAGCCTCTAAGATCCGTACTGAC 
                                      0.2604999 
CEMBA171214_4D#CTGAAGCTGCAACCTAAATGACGTCCTATCCT 
                                      0.3415654 
CEMBA171214_4D#GAGATTCCATAAGTCGTCCGGTAAGTACTGAC 
                                      0.4882340 
CEMBA171214_4D#CTGAAGCTCGCTTGATATAGCCTTGTACTGAC 
                                      0.4125479 


PlotParams-1$title: length = 1
[1] "UMAP of IterativeLSI colored by\nGeneScoreMatrix : Des"


PlotParams-1$x: length = 11224
[1]  5.3821647 -0.9132533  5.1650488  4.1907997  4.7818687 -3.7316730


PlotParams-1$y: length = 11224
[1]  1.42122660 -0.26661875  1.32904408  1.43104921  1.27323792 -0.04745848


PlotParams-1$baseSize: length = 1
[1] 10


PlotParams-1$xlabel: length = 1
[1] "UMAP Dimension 1"


PlotParams-1$ylabel: length = 1
[1] "UMAP Dimension 2"


PlotParams-1$pal: length = 256
[1] "#000436" "#000439" "#00053D" "#000640" "#000744" "#000848"


PlotParams-1$colorTitle: length = 1
[1] "Log2(NormCounts + 1)"



2020-10-05 13:04:29 : PlotParams-2, Class = list

PlotParams-2$color: length = 11224
CEMBA171214_4D#ATTCAGAATCTATCCGTGCCTTACCAGGACGT 
                                     0.14121318 
CEMBA171214_4D#ATTCAGAACAGAACTGTTACGACCGTACTGAC 
                                     0.07428621 
CEMBA171214_4D#ATTCAGAATTAGCCTCTAAGATCCGTACTGAC 
                                     0.13716403 
CEMBA171214_4D#CTGAAGCTGCAACCTAAATGACGTCCTATCCT 
                                     0.11796007 
CEMBA171214_4D#GAGATTCCATAAGTCGTCCGGTAAGTACTGAC 
                                     0.09269673 
CEMBA171214_4D#CTGAAGCTCGCTTGATATAGCCTTGTACTGAC 
                                     0.06952894 


PlotParams-2$title: length = 1
[1] "UMAP of IterativeLSI colored by\nGeneScoreMatrix : Acta2"


PlotParams-2$x: length = 11224
[1]  5.3821647 -0.9132533  5.1650488  4.1907997  4.7818687 -3.7316730


PlotParams-2$y: length = 11224
[1]  1.42122660 -0.26661875  1.32904408  1.43104921  1.27323792 -0.04745848


PlotParams-2$baseSize: length = 1
[1] 10


PlotParams-2$xlabel: length = 1
[1] "UMAP Dimension 1"


PlotParams-2$ylabel: length = 1
[1] "UMAP Dimension 2"


PlotParams-2$pal: length = 256
[1] "#000436" "#000439" "#00053D" "#000640" "#000744" "#000848"


PlotParams-2$colorTitle: length = 1
[1] "Log2(NormCounts + 1)"



2020-10-05 13:04:29 : PlotParams-3, Class = list

PlotParams-3$color: length = 11224
CEMBA171214_4D#ATTCAGAATCTATCCGTGCCTTACCAGGACGT 
                                      0.2643430 
CEMBA171214_4D#ATTCAGAACAGAACTGTTACGACCGTACTGAC 
                                      0.2977166 
CEMBA171214_4D#ATTCAGAATTAGCCTCTAAGATCCGTACTGAC 
                                      0.2863022 
CEMBA171214_4D#CTGAAGCTGCAACCTAAATGACGTCCTATCCT 
                                      0.2962639 
CEMBA171214_4D#GAGATTCCATAAGTCGTCCGGTAAGTACTGAC 
                                      0.2864497 
CEMBA171214_4D#CTGAAGCTCGCTTGATATAGCCTTGTACTGAC 
                                      0.3001586 


PlotParams-3$title: length = 1
[1] "UMAP of IterativeLSI colored by\nGeneScoreMatrix : Tbx18"


PlotParams-3$x: length = 11224
[1]  5.3821647 -0.9132533  5.1650488  4.1907997  4.7818687 -3.7316730


PlotParams-3$y: length = 11224
[1]  1.42122660 -0.26661875  1.32904408  1.43104921  1.27323792 -0.04745848


PlotParams-3$baseSize: length = 1
[1] 10


PlotParams-3$xlabel: length = 1
[1] "UMAP Dimension 1"


PlotParams-3$ylabel: length = 1
[1] "UMAP Dimension 2"


PlotParams-3$pal: length = 256
[1] "#000436" "#000439" "#00053D" "#000640" "#000744" "#000848"


PlotParams-3$colorTitle: length = 1
[1] "Log2(NormCounts + 1)"



2020-10-05 13:04:30 : PlotParams-4, Class = list

PlotParams-4$color: length = 11224
CEMBA171214_4D#ATTCAGAATCTATCCGTGCCTTACCAGGACGT 
                                      0.5223344 
CEMBA171214_4D#ATTCAGAACAGAACTGTTACGACCGTACTGAC 
                                      0.7943460 
CEMBA171214_4D#ATTCAGAATTAGCCTCTAAGATCCGTACTGAC 
                                      0.4368508 
CEMBA171214_4D#CTGAAGCTGCAACCTAAATGACGTCCTATCCT 
                                      0.6322373 
CEMBA171214_4D#GAGATTCCATAAGTCGTCCGGTAAGTACTGAC 
                                      0.7249263 
CEMBA171214_4D#CTGAAGCTCGCTTGATATAGCCTTGTACTGAC 
                                      0.8331351 


PlotParams-4$title: length = 1
[1] "UMAP of IterativeLSI colored by\nGeneScoreMatrix : Vcam1"


PlotParams-4$x: length = 11224
[1]  5.3821647 -0.9132533  5.1650488  4.1907997  4.7818687 -3.7316730


PlotParams-4$y: length = 11224
[1]  1.42122660 -0.26661875  1.32904408  1.43104921  1.27323792 -0.04745848


PlotParams-4$baseSize: length = 1
[1] 10


PlotParams-4$xlabel: length = 1
[1] "UMAP Dimension 1"


PlotParams-4$ylabel: length = 1
[1] "UMAP Dimension 2"


PlotParams-4$pal: length = 256
[1] "#000436" "#000439" "#00053D" "#000640" "#000744" "#000848"


PlotParams-4$colorTitle: length = 1
[1] "Log2(NormCounts + 1)"



2020-10-05 13:04:30 : PlotParams-5, Class = list

PlotParams-5$color: length = 11224
CEMBA171214_4D#ATTCAGAATCTATCCGTGCCTTACCAGGACGT 
                                      0.5711588 
CEMBA171214_4D#ATTCAGAACAGAACTGTTACGACCGTACTGAC 
                                      0.5634098 
CEMBA171214_4D#ATTCAGAATTAGCCTCTAAGATCCGTACTGAC 
                                      0.5063639 
CEMBA171214_4D#CTGAAGCTGCAACCTAAATGACGTCCTATCCT 
                                      0.4596002 
CEMBA171214_4D#GAGATTCCATAAGTCGTCCGGTAAGTACTGAC 
                                      0.5276211 
CEMBA171214_4D#CTGAAGCTCGCTTGATATAGCCTTGTACTGAC 
                                      0.4542292 


PlotParams-5$title: length = 1
[1] "UMAP of IterativeLSI colored by\nGeneScoreMatrix : Vtn"


PlotParams-5$x: length = 11224
[1]  5.3821647 -0.9132533  5.1650488  4.1907997  4.7818687 -3.7316730


PlotParams-5$y: length = 11224
[1]  1.42122660 -0.26661875  1.32904408  1.43104921  1.27323792 -0.04745848


PlotParams-5$baseSize: length = 1
[1] 10


PlotParams-5$xlabel: length = 1
[1] "UMAP Dimension 1"


PlotParams-5$ylabel: length = 1
[1] "UMAP Dimension 2"


PlotParams-5$pal: length = 256
[1] "#000436" "#000439" "#00053D" "#000640" "#000744" "#000848"


PlotParams-5$colorTitle: length = 1
[1] "Log2(NormCounts + 1)"



2020-10-05 13:04:30 : PlotParams-6, Class = list

PlotParams-6$color: length = 11224
CEMBA171214_4D#ATTCAGAATCTATCCGTGCCTTACCAGGACGT 
                                     0.05818480 
CEMBA171214_4D#ATTCAGAACAGAACTGTTACGACCGTACTGAC 
                                     0.04725921 
CEMBA171214_4D#ATTCAGAATTAGCCTCTAAGATCCGTACTGAC 
                                     0.03997988 
CEMBA171214_4D#CTGAAGCTGCAACCTAAATGACGTCCTATCCT 
                                     0.04377843 
CEMBA171214_4D#GAGATTCCATAAGTCGTCCGGTAAGTACTGAC 
                                     0.04741140 
CEMBA171214_4D#CTGAAGCTCGCTTGATATAGCCTTGTACTGAC 
                                     0.03249454 


PlotParams-6$title: length = 1
[1] "UMAP of IterativeLSI colored by\nGeneScoreMatrix : Ifitm1"


PlotParams-6$x: length = 11224
[1]  5.3821647 -0.9132533  5.1650488  4.1907997  4.7818687 -3.7316730


PlotParams-6$y: length = 11224
[1]  1.42122660 -0.26661875  1.32904408  1.43104921  1.27323792 -0.04745848


PlotParams-6$baseSize: length = 1
[1] 10


PlotParams-6$xlabel: length = 1
[1] "UMAP Dimension 1"


PlotParams-6$ylabel: length = 1
[1] "UMAP Dimension 2"


PlotParams-6$pal: length = 256
[1] "#000436" "#000439" "#00053D" "#000640" "#000744" "#000848"


PlotParams-6$colorTitle: length = 1
[1] "Log2(NormCounts + 1)"



2020-10-05 13:04:30 : PlotParams-7, Class = list

PlotParams-7$color: length = 11224
CEMBA171214_4D#ATTCAGAATCTATCCGTGCCTTACCAGGACGT 
                                     0.05081339 
CEMBA171214_4D#ATTCAGAACAGAACTGTTACGACCGTACTGAC 
                                     0.03268672 
CEMBA171214_4D#ATTCAGAATTAGCCTCTAAGATCCGTACTGAC 
                                     0.04413728 
CEMBA171214_4D#CTGAAGCTGCAACCTAAATGACGTCCTATCCT 
                                     0.04386258 
CEMBA171214_4D#GAGATTCCATAAGTCGTCCGGTAAGTACTGAC 
                                     0.03661566 
CEMBA171214_4D#CTGAAGCTCGCTTGATATAGCCTTGTACTGAC 
                                     0.02561158 


PlotParams-7$title: length = 1
[1] "UMAP of IterativeLSI colored by\nGeneScoreMatrix : Anpep"


PlotParams-7$x: length = 11224
[1]  5.3821647 -0.9132533  5.1650488  4.1907997  4.7818687 -3.7316730


PlotParams-7$y: length = 11224
[1]  1.42122660 -0.26661875  1.32904408  1.43104921  1.27323792 -0.04745848


PlotParams-7$baseSize: length = 1
[1] 10


PlotParams-7$xlabel: length = 1
[1] "UMAP Dimension 1"


PlotParams-7$ylabel: length = 1
[1] "UMAP Dimension 2"


PlotParams-7$pal: length = 256
[1] "#000436" "#000439" "#00053D" "#000640" "#000744" "#000848"


PlotParams-7$colorTitle: length = 1
[1] "Log2(NormCounts + 1)"



2020-10-05 13:04:30 : PlotParams-8, Class = list

PlotParams-8$color: length = 11224
CEMBA171214_4D#ATTCAGAATCTATCCGTGCCTTACCAGGACGT 
                                     0.06838720 
CEMBA171214_4D#ATTCAGAACAGAACTGTTACGACCGTACTGAC 
                                     0.04727891 
CEMBA171214_4D#ATTCAGAATTAGCCTCTAAGATCCGTACTGAC 
                                     0.07351580 
CEMBA171214_4D#CTGAAGCTGCAACCTAAATGACGTCCTATCCT 
                                     0.05690633 
CEMBA171214_4D#GAGATTCCATAAGTCGTCCGGTAAGTACTGAC 
                                     0.06429529 
CEMBA171214_4D#CTGAAGCTCGCTTGATATAGCCTTGTACTGAC 
                                     0.04788799 


PlotParams-8$title: length = 1
[1] "UMAP of IterativeLSI colored by\nGeneScoreMatrix : Ogn"


PlotParams-8$x: length = 11224
[1]  5.3821647 -0.9132533  5.1650488  4.1907997  4.7818687 -3.7316730


PlotParams-8$y: length = 11224
[1]  1.42122660 -0.26661875  1.32904408  1.43104921  1.27323792 -0.04745848


PlotParams-8$baseSize: length = 1
[1] 10


PlotParams-8$xlabel: length = 1
[1] "UMAP Dimension 1"


PlotParams-8$ylabel: length = 1
[1] "UMAP Dimension 2"


PlotParams-8$pal: length = 256
[1] "#000436" "#000439" "#00053D" "#000640" "#000744" "#000848"


PlotParams-8$colorTitle: length = 1
[1] "Log2(NormCounts + 1)"



2020-10-05 13:04:31 : PlotParams-9, Class = list

PlotParams-9$color: length = 11224
CEMBA171214_4D#ATTCAGAATCTATCCGTGCCTTACCAGGACGT 
                                     0.08307175 
CEMBA171214_4D#ATTCAGAACAGAACTGTTACGACCGTACTGAC 
                                     0.11553893 
CEMBA171214_4D#ATTCAGAATTAGCCTCTAAGATCCGTACTGAC 
                                     0.07771103 
CEMBA171214_4D#CTGAAGCTGCAACCTAAATGACGTCCTATCCT 
                                     0.10906187 
CEMBA171214_4D#GAGATTCCATAAGTCGTCCGGTAAGTACTGAC 
                                     0.10205215 
CEMBA171214_4D#CTGAAGCTCGCTTGATATAGCCTTGTACTGAC 
                                     0.10961898 


PlotParams-9$title: length = 1
[1] "UMAP of IterativeLSI colored by\nGeneScoreMatrix : Lum"


PlotParams-9$x: length = 11224
[1]  5.3821647 -0.9132533  5.1650488  4.1907997  4.7818687 -3.7316730


PlotParams-9$y: length = 11224
[1]  1.42122660 -0.26661875  1.32904408  1.43104921  1.27323792 -0.04745848


PlotParams-9$baseSize: length = 1
[1] 10


PlotParams-9$xlabel: length = 1
[1] "UMAP Dimension 1"


PlotParams-9$ylabel: length = 1
[1] "UMAP Dimension 2"


PlotParams-9$pal: length = 256
[1] "#000436" "#000439" "#00053D" "#000640" "#000744" "#000848"


PlotParams-9$colorTitle: length = 1
[1] "Log2(NormCounts + 1)"



2020-10-05 13:04:31 : PlotParams-10, Class = list

PlotParams-10$color: length = 11224
CEMBA171214_4D#ATTCAGAATCTATCCGTGCCTTACCAGGACGT 
                                      0.1360161 
CEMBA171214_4D#ATTCAGAACAGAACTGTTACGACCGTACTGAC 
                                      0.1457577 
CEMBA171214_4D#ATTCAGAATTAGCCTCTAAGATCCGTACTGAC 
                                      0.1138526 
CEMBA171214_4D#CTGAAGCTGCAACCTAAATGACGTCCTATCCT 
                                      0.1611925 
CEMBA171214_4D#GAGATTCCATAAGTCGTCCGGTAAGTACTGAC 
                                      0.1232702 
CEMBA171214_4D#CTGAAGCTCGCTTGATATAGCCTTGTACTGAC 
                                      0.1471461 


PlotParams-10$title: length = 1
[1] "UMAP of IterativeLSI colored by\nGeneScoreMatrix : Dcn"


PlotParams-10$x: length = 11224
[1]  5.3821647 -0.9132533  5.1650488  4.1907997  4.7818687 -3.7316730


PlotParams-10$y: length = 11224
[1]  1.42122660 -0.26661875  1.32904408  1.43104921  1.27323792 -0.04745848


PlotParams-10$baseSize: length = 1
[1] 10


PlotParams-10$xlabel: length = 1
[1] "UMAP Dimension 1"


PlotParams-10$ylabel: length = 1
[1] "UMAP Dimension 2"


PlotParams-10$pal: length = 256
[1] "#000436" "#000439" "#00053D" "#000640" "#000744" "#000848"


PlotParams-10$colorTitle: length = 1
[1] "Log2(NormCounts + 1)"



------- Completed

End Time : 2020-10-05 13:04:31
Elapsed Time Minutes = 0.190316712856293
Elapsed Time Hours = 0.00317199693785773

-------



