
           ___      .______        ______  __    __  .______      
          /   \     |   _  \      /      ||  |  |  | |   _  \     
         /  ^  \    |  |_)  |    |  ,----'|  |__|  | |  |_)  |    
        /  /_\  \   |      /     |  |     |   __   | |      /     
       /  _____  \  |  |\  \\___ |  `----.|  |  |  | |  |\  \\___.
      /__/     \__\ | _| `._____| \______||__|  |__| | _| `._____|
    
Logging With ArchR!

Start Time : 2020-10-06 07:13:12

------- ArchR Info

ArchRThreads = 10
ArchRGenome = Mm10

------- System Info

Computer OS = unix
Total Cores = 64

------- Session Info

R version 3.6.3 (2020-02-29)
Platform: x86_64-conda_cos6-linux-gnu (64-bit)
Running under: CentOS Linux 7 (Core)

Matrix products: default
BLAS/LAPACK: /home/bnphan/miniconda3/lib/libmkl_rt.so

locale:
 [1] LC_CTYPE=en_US.UTF-8       LC_NUMERIC=C              
 [3] LC_TIME=en_US.UTF-8        LC_COLLATE=en_US.UTF-8    
 [5] LC_MONETARY=en_US.UTF-8    LC_MESSAGES=en_US.UTF-8   
 [7] LC_PAPER=en_US.UTF-8       LC_NAME=C                 
 [9] LC_ADDRESS=C               LC_TELEPHONE=C            
[11] LC_MEASUREMENT=en_US.UTF-8 LC_IDENTIFICATION=C       

attached base packages:
[1] parallel  stats4    stats     graphics  grDevices utils     datasets 
[8] methods   base     

other attached packages:
 [1] gtable_0.3.0                ArchR_0.9.5                
 [3] magrittr_1.5                rhdf5_2.30.1               
 [5] Matrix_1.2-18               data.table_1.13.0          
 [7] SummarizedExperiment_1.16.1 DelayedArray_0.12.3        
 [9] BiocParallel_1.20.1         matrixStats_0.57.0         
[11] Biobase_2.46.0              GenomicRanges_1.38.0       
[13] GenomeInfoDb_1.22.1         IRanges_2.20.2             
[15] S4Vectors_0.24.4            BiocGenerics_0.32.0        
[17] ggplot2_3.3.2               colorout_1.2-2             

loaded via a namespace (and not attached):
 [1] Rcpp_1.0.5                         lattice_0.20-41                   
 [3] Rsamtools_2.2.3                    Biostrings_2.54.0                 
 [5] gtools_3.8.2                       digest_0.6.25                     
 [7] BSgenome.Mmusculus.UCSC.mm10_1.4.0 IRdisplay_0.7.0                   
 [9] R6_2.4.1                           repr_1.1.0                        
[11] evaluate_0.14                      pillar_1.4.6                      
[13] zlibbioc_1.32.0                    rlang_0.4.7                       
[15] uuid_0.1-4                         hexbin_1.28.1                     
[17] labeling_0.3                       stringr_1.4.0                     
[19] pheatmap_1.0.12                    RCurl_1.98-1.2                    
[21] munsell_0.5.0                      compiler_3.6.3                    
[23] rtracklayer_1.46.0                 pkgconfig_2.0.3                   
[25] base64enc_0.1-3                    htmltools_0.5.0                   
[27] tidyselect_1.1.0                   tibble_3.0.3                      
[29] GenomeInfoDbData_1.2.2             XML_3.99-0.3                      
[31] crayon_1.3.4                       dplyr_1.0.2                       
[33] withr_2.3.0                        GenomicAlignments_1.22.1          
[35] bitops_1.0-6                       grid_3.6.3                        
[37] jsonlite_1.7.1                     lifecycle_0.2.0                   
[39] scales_1.1.1                       stringi_1.5.3                     
[41] farver_2.0.3                       XVector_0.26.0                    
[43] ellipsis_0.3.1                     generics_0.0.2                    
[45] vctrs_0.3.4                        cowplot_1.1.0                     
[47] IRkernel_1.1.1                     Rhdf5lib_1.8.0                    
[49] RColorBrewer_1.1-2                 tools_3.6.3                       
[51] Cairo_1.5-12.2                     BSgenome_1.54.0                   
[53] glue_1.4.2                         purrr_0.3.4                       
[55] colorspace_1.4-1                   pbdZMQ_0.3-3                      


------- Log Info


2020-10-06 07:13:12 : Input-Parameters, Class = list

Input-Parameters$ArchRProj: length = 1
class: ArchRProject 
outputDirectory: /home/bnphan/projects/snATAC_cross_species_caudate/data/raw_data/mm10/BICCN_mouse_caudoputamen/ArchR_BICCN_CP 
samples(4): CEMBA171214_4D CEMBA171219_4D CEMBA180813_5E CEMBA180820_5E
sampleColData names(1): ArrowFiles
cellColData names(27): Sample TSSEnrichment ... SubRegion Slice
numberOfCells(1): 1
medianTSS(1): 14.755
medianFrags(1): 40080


Input-Parameters$embedding: length = 1
[1] "UMAP"


Input-Parameters$colorBy: length = 1
[1] "GeneScoreMatrix"


Input-Parameters$name: length = 6
[1] "Rbfox3" "Lhx6"   "Aqp4"   "Cx3cr1" "Pdgfra" "Mog"   


Input-Parameters$log2Norm: length = 0
NULL


Input-Parameters$pal: length = 0
NULL


Input-Parameters$size: length = 1
[1] 0.1


Input-Parameters$sampleCells: length = 0
NULL


Input-Parameters$highlightCells: length = 0
NULL


Input-Parameters$rastr: length = 1
[1] TRUE


Input-Parameters$quantCut: length = 2
[1] 0.01 0.99


Input-Parameters$discreteSet: length = 0
NULL


Input-Parameters$continuousSet: length = 0
NULL


Input-Parameters$randomize: length = 1
[1] TRUE


Input-Parameters$keepAxis: length = 1
[1] FALSE


Input-Parameters$baseSize: length = 1
[1] 10


Input-Parameters$plotAs: length = 0
NULL


Input-Parameters$threads: length = 1
[1] 10


Input-Parameters$logFile: length = 1
[1] "ArchRLogs/ArchR-plotEmbedding-4526153e6d811-Date-2020-10-06_Time-07-13-12.log"



2020-10-06 07:13:12 : 

2020-10-06 07:13:12 : Embedding data.frame, Class = data.frame
Embedding data.frame: nRows = 23139, nCols = 2
                                                IterativeLSI#UMAP_Dimension_1
CEMBA171214_4D#ATTCAGAATTAGCCTCTAAGATCCGTACTGAC                      7.389353
CEMBA171214_4D#CTGAAGCTGCAACCTAAATGACGTCCTATCCT                      6.087838
CEMBA171214_4D#CTGAAGCTCGCTTGATATAGCCTTGTACTGAC                      1.797189
CEMBA171214_4D#ATTCAGAAGCCTCAATATAGCCTTCAGGACGT                      3.346506
CEMBA171214_4D#ATTCAGAATACTGCCTAGGATAACTATAGCCT                      5.928127
CEMBA171214_4D#AGCGATAGATAAGTCGGGTTAGACCAGGACGT                      3.249934
                                                IterativeLSI#UMAP_Dimension_2
CEMBA171214_4D#ATTCAGAATTAGCCTCTAAGATCCGTACTGAC                    -3.9475122
CEMBA171214_4D#CTGAAGCTGCAACCTAAATGACGTCCTATCCT                    -3.6941641
CEMBA171214_4D#CTGAAGCTCGCTTGATATAGCCTTGTACTGAC                    -1.3854765
CEMBA171214_4D#ATTCAGAAGCCTCAATATAGCCTTCAGGACGT                    -1.0370980
CEMBA171214_4D#ATTCAGAATACTGCCTAGGATAACTATAGCCT                    -3.5366174
CEMBA171214_4D#AGCGATAGATAAGTCGGGTTAGACCAGGACGT                    -0.8346371



2020-10-06 07:13:12 : 

2020-10-06 07:13:12 : 

2020-10-06 07:13:12 : FeatureDF, Class = DFrame
DataFrame with 24333 rows and 6 columns
      seqnames     start       end  strand          name     idx
         <Rle>   <array>   <array> <array>       <array> <array>
1         chr1   3671498   3214482       2          Xkr4       1
2         chr1   4409241   4290846       2           Rp1       2
3         chr1   4497354   4490928       2         Sox17       3
4         chr1   4785726   4773198       2        Mrpl15       4
5         chr1   4807893   4846735       1        Lypla1       5
...        ...       ...       ...     ...           ...     ...
24329     chrX 169320372 169251538       2          Hccs    1039
24330     chrX 169320422 169368178       1       Gm15246    1040
24331     chrX 169685199 169990798       1          Mid1    1041
24332     chrX 169779635 169776378       2 4933400A11Rik    1042
24333     chrX 170672644 170678054       1          Asmt    1043


2020-10-06 07:13:12 : idx, Class = integer

idx: length = 6
[1]  4249 11707  9924 23216 16378  9385



2020-10-06 07:13:12 : FeatureDF-Subset, Class = DFrame
DataFrame with 6 rows and 6 columns
  seqnames     start       end  strand    name     idx
     <Rle>   <array>   <array> <array> <array> <array>
1    chr11 118911597 118489760       2  Rbfox3    1744
2     chr2  36105408  36081953       2    Lhx6     454
3    chr18  15410982  15389394       2    Aqp4      68
4     chr9 120068296 120048683       2  Cx3cr1    1278
5     chr5  75152291  75198204       1  Pdgfra     476
6    chr17  37023398  37010740       2     Mog     713


2020-10-06 07:13:16 : Feature-Matrix, Class = dgCMatrix
Feature-Matrix: nRows = 6, nCols = 23139
Feature-Matrix: NonZeroEntries = 23085, EntryRange = [ 0.087 , 64.182 ]
5 x 5 sparse Matrix of class "dgCMatrix"
     CEMBA171214_4D#ATTCAGAATTAGCCTCTAAGATCCGTACTGAC
[1,]                                           4.849
[2,]                                           .    
[3,]                                           0.148
[4,]                                           0.285
[5,]                                           .    
     CEMBA171214_4D#CTGAAGCTGCAACCTAAATGACGTCCTATCCT
[1,]                                           1.117
[2,]                                           0.303
[3,]                                           .    
[4,]                                           .    
[5,]                                           0.248
     CEMBA171214_4D#CTGAAGCTCGCTTGATATAGCCTTGTACTGAC
[1,]                                           2.896
[2,]                                           0.309
[3,]                                           0.342
[4,]                                           .    
[5,]                                           .    
     CEMBA171214_4D#ATTCAGAAGCCTCAATATAGCCTTCAGGACGT
[1,]                                           3.771
[2,]                                           0.304
[3,]                                           0.398
[4,]                                           .    
[5,]                                           0.498
     CEMBA171214_4D#ATTCAGAATACTGCCTAGGATAACTATAGCCT
[1,]                                           4.858
[2,]                                           .    
[3,]                                           0.102
[4,]                                           .    
[5,]                                           0.270



2020-10-06 07:13:16 : colorMat-Before-Impute, Class = matrix
       CEMBA171214_4D#ATTCAGAATTAGCCTCTAAGATCCGTACTGAC
Rbfox3                                           4.849
Lhx6                                             0.000
Aqp4                                             0.148
Cx3cr1                                           0.285
Pdgfra                                           0.000
       CEMBA171214_4D#CTGAAGCTGCAACCTAAATGACGTCCTATCCT
Rbfox3                                           1.117
Lhx6                                             0.303
Aqp4                                             0.000
Cx3cr1                                           0.000
Pdgfra                                           0.248
       CEMBA171214_4D#CTGAAGCTCGCTTGATATAGCCTTGTACTGAC
Rbfox3                                           2.896
Lhx6                                             0.309
Aqp4                                             0.342
Cx3cr1                                           0.000
Pdgfra                                           0.000
       CEMBA171214_4D#ATTCAGAAGCCTCAATATAGCCTTCAGGACGT
Rbfox3                                           3.771
Lhx6                                             0.304
Aqp4                                             0.398
Cx3cr1                                           0.000
Pdgfra                                           0.498
       CEMBA171214_4D#ATTCAGAATACTGCCTAGGATAACTATAGCCT
Rbfox3                                           4.858
Lhx6                                             0.000
Aqp4                                             0.102
Cx3cr1                                           0.000
Pdgfra                                           0.270

colorMat-Before-Impute: nRows = 6, nCols = 23139


2020-10-06 07:13:16 : imputeMatrix Input-Parameters, Class = list

imputeMatrix Input-Parameters$mat: nRows = 6, nCols = 23139
       CEMBA171214_4D#ATTCAGAATTAGCCTCTAAGATCCGTACTGAC
Rbfox3                                           4.849
Lhx6                                             0.000
Aqp4                                             0.148
Cx3cr1                                           0.285
Pdgfra                                           0.000
       CEMBA171214_4D#CTGAAGCTGCAACCTAAATGACGTCCTATCCT
Rbfox3                                           1.117
Lhx6                                             0.303
Aqp4                                             0.000
Cx3cr1                                           0.000
Pdgfra                                           0.248
       CEMBA171214_4D#CTGAAGCTCGCTTGATATAGCCTTGTACTGAC
Rbfox3                                           2.896
Lhx6                                             0.309
Aqp4                                             0.342
Cx3cr1                                           0.000
Pdgfra                                           0.000
       CEMBA171214_4D#ATTCAGAAGCCTCAATATAGCCTTCAGGACGT
Rbfox3                                           3.771
Lhx6                                             0.304
Aqp4                                             0.398
Cx3cr1                                           0.000
Pdgfra                                           0.498
       CEMBA171214_4D#ATTCAGAATACTGCCTAGGATAACTATAGCCT
Rbfox3                                           4.858
Lhx6                                             0.000
Aqp4                                             0.102
Cx3cr1                                           0.000
Pdgfra                                           0.270


imputeMatrix Input-Parameters$threads: length = 1
[1] 10


imputeMatrix Input-Parameters$verbose: length = 1
[1] FALSE


imputeMatrix Input-Parameters$logFile: length = 1
[1] "ArchRLogs/ArchR-plotEmbedding-4526153e6d811-Date-2020-10-06_Time-07-13-12.log"



2020-10-06 07:13:16 : mat, Class = matrix
       CEMBA171214_4D#ATTCAGAATTAGCCTCTAAGATCCGTACTGAC
Rbfox3                                           4.849
Lhx6                                             0.000
Aqp4                                             0.148
Cx3cr1                                           0.285
Pdgfra                                           0.000
       CEMBA171214_4D#CTGAAGCTGCAACCTAAATGACGTCCTATCCT
Rbfox3                                           1.117
Lhx6                                             0.303
Aqp4                                             0.000
Cx3cr1                                           0.000
Pdgfra                                           0.248
       CEMBA171214_4D#CTGAAGCTCGCTTGATATAGCCTTGTACTGAC
Rbfox3                                           2.896
Lhx6                                             0.309
Aqp4                                             0.342
Cx3cr1                                           0.000
Pdgfra                                           0.000
       CEMBA171214_4D#ATTCAGAAGCCTCAATATAGCCTTCAGGACGT
Rbfox3                                           3.771
Lhx6                                             0.304
Aqp4                                             0.398
Cx3cr1                                           0.000
Pdgfra                                           0.498
       CEMBA171214_4D#ATTCAGAATACTGCCTAGGATAACTATAGCCT
Rbfox3                                           4.858
Lhx6                                             0.000
Aqp4                                             0.102
Cx3cr1                                           0.000
Pdgfra                                           0.270

mat: nRows = 6, nCols = 23139


2020-10-06 07:13:16 : weightList, Class = SimpleList

weightList$w1: length = 1
[1] "/home/bnphan/projects/snATAC_cross_species_caudate/data/raw_data/mm10/BICCN_mouse_caudoputamen/ArchR_BICCN_CP/ImputeWeights/Impute-Weights-Rep-1"


weightList$w2: length = 1
[1] "/home/bnphan/projects/snATAC_cross_species_caudate/data/raw_data/mm10/BICCN_mouse_caudoputamen/ArchR_BICCN_CP/ImputeWeights/Impute-Weights-Rep-2"


2020-10-06 07:13:16 : Imputing Matrix (1 of 2), 0 mins elapsed.

2020-10-06 07:13:16 : 

2020-10-06 07:13:16 : 

2020-10-06 07:13:16 : 

2020-10-06 07:13:16 : 

2020-10-06 07:13:16 : 

2020-10-06 07:13:16 : 
2020-10-06 07:13:17 : Imputing Matrix (2 of 2), 0.024 mins elapsed.

2020-10-06 07:13:17 : 

2020-10-06 07:13:18 : 

2020-10-06 07:13:18 : 

2020-10-06 07:13:18 : 

2020-10-06 07:13:18 : 

2020-10-06 07:13:18 : 
2020-10-06 07:13:19 : Finished Imputing Matrix, 0.048 mins elapsed.

2020-10-06 07:13:19 : colorMat-After-Impute, Class = matrix
       CEMBA171214_4D#ATTCAGAATTAGCCTCTAAGATCCGTACTGAC
Rbfox3                                      2.53482764
Lhx6                                        0.52393111
Aqp4                                        0.18829852
Cx3cr1                                      0.05680724
Pdgfra                                      0.27798267
       CEMBA171214_4D#CTGAAGCTGCAACCTAAATGACGTCCTATCCT
Rbfox3                                      2.63940884
Lhx6                                        0.34611135
Aqp4                                        0.23298691
Cx3cr1                                      0.04416937
Pdgfra                                      0.24645830
       CEMBA171214_4D#CTGAAGCTCGCTTGATATAGCCTTGTACTGAC
Rbfox3                                      3.48925896
Lhx6                                        0.07437882
Aqp4                                        0.34044111
Cx3cr1                                      0.03575664
Pdgfra                                      0.17671097
       CEMBA171214_4D#ATTCAGAAGCCTCAATATAGCCTTCAGGACGT
Rbfox3                                      3.48403724
Lhx6                                        0.06333648
Aqp4                                        0.31090991
Cx3cr1                                      0.03200742
Pdgfra                                      0.21439682
       CEMBA171214_4D#ATTCAGAATACTGCCTAGGATAACTATAGCCT
Rbfox3                                      2.50539849
Lhx6                                        0.35623065
Aqp4                                        0.32147150
Cx3cr1                                      0.04277525
Pdgfra                                      0.19368752

colorMat-After-Impute: nRows = 6, nCols = 23139


2020-10-06 07:13:19 : ColorParams 1, Class = list

ColorParams 1$color: length = 23139
CEMBA171214_4D#ATTCAGAATTAGCCTCTAAGATCCGTACTGAC 
                                       2.534828 
CEMBA171214_4D#CTGAAGCTGCAACCTAAATGACGTCCTATCCT 
                                       2.639409 
CEMBA171214_4D#CTGAAGCTCGCTTGATATAGCCTTGTACTGAC 
                                       3.489259 
CEMBA171214_4D#ATTCAGAAGCCTCAATATAGCCTTCAGGACGT 
                                       3.484037 
CEMBA171214_4D#ATTCAGAATACTGCCTAGGATAACTATAGCCT 
                                       2.505398 
CEMBA171214_4D#AGCGATAGATAAGTCGGGTTAGACCAGGACGT 
                                       3.756154 


ColorParams 1$discrete: length = 1
[1] FALSE


ColorParams 1$title: length = 1
[1] "UMAP of IterativeLSI colored by\nGeneScoreMatrix : Rbfox3"


ColorParams 1$continuousSet: length = 1
[1] "horizonExtra"



2020-10-06 07:13:19 : PlotParams-1, Class = list

PlotParams-1$color: length = 23139
CEMBA171214_4D#ATTCAGAATTAGCCTCTAAGATCCGTACTGAC 
                                       1.821640 
CEMBA171214_4D#CTGAAGCTGCAACCTAAATGACGTCCTATCCT 
                                       1.863704 
CEMBA171214_4D#CTGAAGCTCGCTTGATATAGCCTTGTACTGAC 
                                       2.166477 
CEMBA171214_4D#ATTCAGAAGCCTCAATATAGCCTTCAGGACGT 
                                       2.164798 
CEMBA171214_4D#ATTCAGAATACTGCCTAGGATAACTATAGCCT 
                                       1.809578 
CEMBA171214_4D#AGCGATAGATAAGTCGGGTTAGACCAGGACGT 
                                       2.249795 


PlotParams-1$title: length = 1
[1] "UMAP of IterativeLSI colored by\nGeneScoreMatrix : Rbfox3"


PlotParams-1$x: length = 23139
[1] 7.389353 6.087838 1.797189 3.346506 5.928127 3.249934


PlotParams-1$y: length = 23139
[1] -3.9475122 -3.6941641 -1.3854765 -1.0370980 -3.5366174 -0.8346371


PlotParams-1$baseSize: length = 1
[1] 10


PlotParams-1$xlabel: length = 1
[1] "UMAP Dimension 1"


PlotParams-1$ylabel: length = 1
[1] "UMAP Dimension 2"


PlotParams-1$pal: length = 256
[1] "#000436" "#000439" "#00053D" "#000640" "#000744" "#000848"


PlotParams-1$colorTitle: length = 1
[1] "Log2(NormCounts + 1)"



2020-10-06 07:13:19 : PlotParams-2, Class = list

PlotParams-2$color: length = 23139
CEMBA171214_4D#ATTCAGAATTAGCCTCTAAGATCCGTACTGAC 
                                     0.60779768 
CEMBA171214_4D#CTGAAGCTGCAACCTAAATGACGTCCTATCCT 
                                     0.42879775 
CEMBA171214_4D#CTGAAGCTCGCTTGATATAGCCTTGTACTGAC 
                                     0.10350276 
CEMBA171214_4D#ATTCAGAAGCCTCAATATAGCCTTCAGGACGT 
                                     0.08859820 
CEMBA171214_4D#ATTCAGAATACTGCCTAGGATAACTATAGCCT 
                                     0.43960255 
CEMBA171214_4D#AGCGATAGATAAGTCGGGTTAGACCAGGACGT 
                                     0.09567715 


PlotParams-2$title: length = 1
[1] "UMAP of IterativeLSI colored by\nGeneScoreMatrix : Lhx6"


PlotParams-2$x: length = 23139
[1] 7.389353 6.087838 1.797189 3.346506 5.928127 3.249934


PlotParams-2$y: length = 23139
[1] -3.9475122 -3.6941641 -1.3854765 -1.0370980 -3.5366174 -0.8346371


PlotParams-2$baseSize: length = 1
[1] 10


PlotParams-2$xlabel: length = 1
[1] "UMAP Dimension 1"


PlotParams-2$ylabel: length = 1
[1] "UMAP Dimension 2"


PlotParams-2$pal: length = 256
[1] "#000436" "#000439" "#00053D" "#000640" "#000744" "#000848"


PlotParams-2$colorTitle: length = 1
[1] "Log2(NormCounts + 1)"



2020-10-06 07:13:19 : PlotParams-3, Class = list

PlotParams-3$color: length = 23139
CEMBA171214_4D#ATTCAGAATTAGCCTCTAAGATCCGTACTGAC 
                                      0.2488973 
CEMBA171214_4D#CTGAAGCTGCAACCTAAATGACGTCCTATCCT 
                                      0.3021575 
CEMBA171214_4D#CTGAAGCTCGCTTGATATAGCCTTGTACTGAC 
                                      0.4227078 
CEMBA171214_4D#ATTCAGAAGCCTCAATATAGCCTTCAGGACGT 
                                      0.3905685 
CEMBA171214_4D#ATTCAGAATACTGCCTAGGATAACTATAGCCT 
                                      0.4021453 
CEMBA171214_4D#AGCGATAGATAAGTCGGGTTAGACCAGGACGT 
                                      0.4061362 


PlotParams-3$title: length = 1
[1] "UMAP of IterativeLSI colored by\nGeneScoreMatrix : Aqp4"


PlotParams-3$x: length = 23139
[1] 7.389353 6.087838 1.797189 3.346506 5.928127 3.249934


PlotParams-3$y: length = 23139
[1] -3.9475122 -3.6941641 -1.3854765 -1.0370980 -3.5366174 -0.8346371


PlotParams-3$baseSize: length = 1
[1] 10


PlotParams-3$xlabel: length = 1
[1] "UMAP Dimension 1"


PlotParams-3$ylabel: length = 1
[1] "UMAP Dimension 2"


PlotParams-3$pal: length = 256
[1] "#000436" "#000439" "#00053D" "#000640" "#000744" "#000848"


PlotParams-3$colorTitle: length = 1
[1] "Log2(NormCounts + 1)"



2020-10-06 07:13:20 : PlotParams-4, Class = list

PlotParams-4$color: length = 23139
CEMBA171214_4D#ATTCAGAATTAGCCTCTAAGATCCGTACTGAC 
                                     0.07971225 
CEMBA171214_4D#CTGAAGCTGCAACCTAAATGACGTCCTATCCT 
                                     0.06235574 
CEMBA171214_4D#CTGAAGCTCGCTTGATATAGCCTTGTACTGAC 
                                     0.05068507 
CEMBA171214_4D#ATTCAGAAGCCTCAATATAGCCTTCAGGACGT 
                                     0.04545335 
CEMBA171214_4D#ATTCAGAATACTGCCTAGGATAACTATAGCCT 
                                     0.06042825 
CEMBA171214_4D#AGCGATAGATAAGTCGGGTTAGACCAGGACGT 
                                     0.01970775 


PlotParams-4$title: length = 1
[1] "UMAP of IterativeLSI colored by\nGeneScoreMatrix : Cx3cr1"


PlotParams-4$x: length = 23139
[1] 7.389353 6.087838 1.797189 3.346506 5.928127 3.249934


PlotParams-4$y: length = 23139
[1] -3.9475122 -3.6941641 -1.3854765 -1.0370980 -3.5366174 -0.8346371


PlotParams-4$baseSize: length = 1
[1] 10


PlotParams-4$xlabel: length = 1
[1] "UMAP Dimension 1"


PlotParams-4$ylabel: length = 1
[1] "UMAP Dimension 2"


PlotParams-4$pal: length = 256
[1] "#000436" "#000439" "#00053D" "#000640" "#000744" "#000848"


PlotParams-4$colorTitle: length = 1
[1] "Log2(NormCounts + 1)"



2020-10-06 07:13:20 : PlotParams-5, Class = list

PlotParams-5$color: length = 23139
CEMBA171214_4D#ATTCAGAATTAGCCTCTAAGATCCGTACTGAC 
                                      0.3538683 
CEMBA171214_4D#CTGAAGCTGCAACCTAAATGACGTCCTATCCT 
                                      0.3178346 
CEMBA171214_4D#CTGAAGCTCGCTTGATATAGCCTTGTACTGAC 
                                      0.2347600 
CEMBA171214_4D#ATTCAGAAGCCTCAATATAGCCTTCAGGACGT 
                                      0.2802399 
CEMBA171214_4D#ATTCAGAATACTGCCTAGGATAACTATAGCCT 
                                      0.2554252 
CEMBA171214_4D#AGCGATAGATAAGTCGGGTTAGACCAGGACGT 
                                      0.2795747 


PlotParams-5$title: length = 1
[1] "UMAP of IterativeLSI colored by\nGeneScoreMatrix : Pdgfra"


PlotParams-5$x: length = 23139
[1] 7.389353 6.087838 1.797189 3.346506 5.928127 3.249934


PlotParams-5$y: length = 23139
[1] -3.9475122 -3.6941641 -1.3854765 -1.0370980 -3.5366174 -0.8346371


PlotParams-5$baseSize: length = 1
[1] 10


PlotParams-5$xlabel: length = 1
[1] "UMAP Dimension 1"


PlotParams-5$ylabel: length = 1
[1] "UMAP Dimension 2"


PlotParams-5$pal: length = 256
[1] "#000436" "#000439" "#00053D" "#000640" "#000744" "#000848"


PlotParams-5$colorTitle: length = 1
[1] "Log2(NormCounts + 1)"



2020-10-06 07:13:20 : PlotParams-6, Class = list

PlotParams-6$color: length = 23139
CEMBA171214_4D#ATTCAGAATTAGCCTCTAAGATCCGTACTGAC 
                                      0.2833487 
CEMBA171214_4D#CTGAAGCTGCAACCTAAATGACGTCCTATCCT 
                                      0.2955572 
CEMBA171214_4D#CTGAAGCTCGCTTGATATAGCCTTGTACTGAC 
                                      0.2275271 
CEMBA171214_4D#ATTCAGAAGCCTCAATATAGCCTTCAGGACGT 
                                      0.2720660 
CEMBA171214_4D#ATTCAGAATACTGCCTAGGATAACTATAGCCT 
                                      0.3102237 
CEMBA171214_4D#AGCGATAGATAAGTCGGGTTAGACCAGGACGT 
                                      0.2372991 


PlotParams-6$title: length = 1
[1] "UMAP of IterativeLSI colored by\nGeneScoreMatrix : Mog"


PlotParams-6$x: length = 23139
[1] 7.389353 6.087838 1.797189 3.346506 5.928127 3.249934


PlotParams-6$y: length = 23139
[1] -3.9475122 -3.6941641 -1.3854765 -1.0370980 -3.5366174 -0.8346371


PlotParams-6$baseSize: length = 1
[1] 10


PlotParams-6$xlabel: length = 1
[1] "UMAP Dimension 1"


PlotParams-6$ylabel: length = 1
[1] "UMAP Dimension 2"


PlotParams-6$pal: length = 256
[1] "#000436" "#000439" "#00053D" "#000640" "#000744" "#000848"


PlotParams-6$colorTitle: length = 1
[1] "Log2(NormCounts + 1)"



------- Completed

End Time : 2020-10-06 07:13:20
Elapsed Time Minutes = 0.146425799528758
Elapsed Time Hours = 0.00244047847059038

-------



