
           ___      .______        ______  __    __  .______      
          /   \     |   _  \      /      ||  |  |  | |   _  \     
         /  ^  \    |  |_)  |    |  ,----'|  |__|  | |  |_)  |    
        /  /_\  \   |      /     |  |     |   __   | |      /     
       /  _____  \  |  |\  \\___ |  `----.|  |  |  | |  |\  \\___.
      /__/     \__\ | _| `._____| \______||__|  |__| | _| `._____|
    
Logging With ArchR!

Start Time : 2020-10-07 22:20:22

------- ArchR Info

ArchRThreads = 10
ArchRGenome = Mm10

------- System Info

Computer OS = unix
Total Cores = 64

------- Session Info

R version 3.6.3 (2020-02-29)
Platform: x86_64-conda_cos6-linux-gnu (64-bit)
Running under: CentOS Linux 7 (Core)

Matrix products: default
BLAS/LAPACK: /home/bnphan/miniconda3/lib/libmkl_rt.so

locale:
 [1] LC_CTYPE=en_US.UTF-8       LC_NUMERIC=C              
 [3] LC_TIME=en_US.UTF-8        LC_COLLATE=en_US.UTF-8    
 [5] LC_MONETARY=en_US.UTF-8    LC_MESSAGES=en_US.UTF-8   
 [7] LC_PAPER=en_US.UTF-8       LC_NAME=C                 
 [9] LC_ADDRESS=C               LC_TELEPHONE=C            
[11] LC_MEASUREMENT=en_US.UTF-8 LC_IDENTIFICATION=C       

attached base packages:
[1] parallel  stats4    stats     graphics  grDevices utils     datasets 
[8] methods   base     

other attached packages:
 [1] chromVAR_1.8.0                        JASPAR2018_1.1.1                     
 [3] chromVARmotifs_0.2.0                  motifmatchr_1.8.0                    
 [5] BSgenome.Mmulatta.UCSC.rheMac10_1.4.3 BSgenome_1.54.0                      
 [7] rtracklayer_1.46.0                    Biostrings_2.54.0                    
 [9] XVector_0.26.0                        ArchR_0.9.5                          
[11] magrittr_1.5                          rhdf5_2.30.1                         
[13] Matrix_1.2-18                         data.table_1.13.0                    
[15] SummarizedExperiment_1.16.1           DelayedArray_0.12.3                  
[17] BiocParallel_1.20.1                   matrixStats_0.57.0                   
[19] Biobase_2.46.0                        GenomicRanges_1.38.0                 
[21] GenomeInfoDb_1.22.1                   IRanges_2.20.2                       
[23] S4Vectors_0.24.4                      BiocGenerics_0.32.0                  
[25] ggplot2_3.3.2                         colorout_1.2-2                       

loaded via a namespace (and not attached):
 [1] colorspace_1.4-1                   ellipsis_0.3.1                    
 [3] BSgenome.Mmusculus.UCSC.mm10_1.4.0 IRdisplay_0.7.0                   
 [5] base64enc_0.1-3                    farver_2.0.3                      
 [7] hexbin_1.28.1                      DT_0.15                           
 [9] bit64_4.0.5                        AnnotationDbi_1.48.0              
[11] codetools_0.2-16                   R.methodsS3_1.8.1                 
[13] IRkernel_1.1.1                     jsonlite_1.7.1                    
[15] Rsamtools_2.2.3                    Cairo_1.5-12.2                    
[17] seqLogo_1.52.0                     annotate_1.64.0                   
[19] GO.db_3.10.0                       png_0.1-7                         
[21] R.oo_1.24.0                        shiny_1.5.0                       
[23] readr_1.4.0                        compiler_3.6.3                    
[25] httr_1.4.2                         fastmap_1.0.1                     
[27] lazyeval_0.2.2                     later_1.1.0.1                     
[29] htmltools_0.5.0                    tools_3.6.3                       
[31] gtable_0.3.0                       glue_1.4.2                        
[33] TFMPvalue_0.0.8                    GenomeInfoDbData_1.2.2            
[35] reshape2_1.4.4                     dplyr_1.0.2                       
[37] Rcpp_1.0.5                         vctrs_0.3.4                       
[39] CNEr_1.22.0                        stringr_1.4.0                     
[41] mime_0.9                           miniUI_0.1.1.1                    
[43] lifecycle_0.2.0                    poweRlaw_0.70.6                   
[45] gtools_3.8.2                       XML_3.99-0.3                      
[47] zlibbioc_1.32.0                    scales_1.1.1                      
[49] hms_0.5.3                          promises_1.1.1                    
[51] memoise_1.1.0                      stringi_1.5.3                     
[53] RSQLite_2.2.1                      caTools_1.18.0                    
[55] repr_1.1.0                         rlang_0.4.7                       
[57] pkgconfig_2.0.3                    bitops_1.0-6                      
[59] pracma_2.2.9                       evaluate_0.14                     
[61] lattice_0.20-41                    purrr_0.3.4                       
[63] Rhdf5lib_1.8.0                     GenomicAlignments_1.22.1          
[65] htmlwidgets_1.5.2                  labeling_0.3                      
[67] cowplot_1.1.0                      bit_4.0.4                         
[69] tidyselect_1.1.0                   plyr_1.8.6                        
[71] R6_2.4.1                           generics_0.0.2                    
[73] pbdZMQ_0.3-3                       DBI_1.1.0                         
[75] pillar_1.4.6                       withr_2.3.0                       
[77] KEGGREST_1.26.1                    RCurl_1.98-1.2                    
[79] tibble_3.0.3                       crayon_1.3.4                      
[81] uuid_0.1-4                         plotly_4.9.2.1                    
[83] nabor_0.5.0                        TFBSTools_1.24.0                  
[85] grid_3.6.3                         blob_1.2.1                        
[87] digest_0.6.25                      xtable_1.8-4                      
[89] tidyr_1.1.2                        httpuv_1.5.4                      
[91] R.utils_2.10.1                     munsell_0.5.0                     
[93] DirichletMultinomial_1.28.0        viridisLite_0.3.0                 


------- Log Info


2020-10-07 22:20:26 : Deviations-Args, Class = list

Deviations-Args$bgdPeaks: length = 293503
class: RangedSummarizedExperiment 
dim: 6 50 
metadata(0):
assays(1): bgdPeaks
rownames: NULL
rowData names(2): value GC
colnames: NULL
colData names(0):


Deviations-Args$matrixName: length = 1
[1] "MotifMatrix"


Deviations-Args$out: length = 2
[1] "z"          "deviations"


Deviations-Args$binarize: length = 1
[1] FALSE


Deviations-Args$threads: length = 1
[1] 1


Deviations-Args$verbose: length = 1
[1] TRUE


Deviations-Args$parallelParam: length = 0
NULL


Deviations-Args$force: length = 1
[1] TRUE


Deviations-Args$logFile: length = 1
[1] "ArchRLogs/ArchR-addDeviationsMatrix-53e402caf8899-Date-2020-10-07_Time-22-20-22.log"


Deviations-Args$annotationsMatrix: nRows = 293503, nCols = 1404
Deviations-Args$annotationsMatrix: NonZeroEntries = 27146455, EntryRange = [ 1 , 1 ]
5 x 5 sparse Matrix of class "dgCMatrix"
                 Arnt_1 Ahr..Arnt_2 br_3 br.var.2_4 br.var.3_5
chr1_825_1325         .           1    .          .          .
chr1_24910_25410      .           .    1          .          .
chr1_25963_26463      .           .    .          .          .
chr1_26494_26994      .           .    .          .          .
chr1_55246_55746      .           .    .          .          1


Deviations-Args$useMatrix: length = 1
[1] "PeakMatrix"


Deviations-Args$ArrowFiles: length = 1
                                                                                                                                             CAUD_WS1H_STA682A131 
"/home/bnphan/projects/snATAC_cross_species_caudate/data/raw_data/rheMac10/Stauffer_caudate/ArchR_Stauffer_caudate_labeled/ArrowFiles/CAUD_WS1H_STA682A131.arrow" 


Deviations-Args$allCells: length = 5793
[1] "CAUD_WS1H_STA682A131#TTGAGTGAGAGCGGTT-1"
[2] "CAUD_WS1H_STA682A131#TAAACCGGTAAGCCTT-1"
[3] "CAUD_WS1H_STA682A131#AGCGATTGTAGCATGG-1"
[4] "CAUD_WS1H_STA682A131#CACCACTCACGTTAGT-1"
[5] "CAUD_WS1H_STA682A131#GTCACGGAGTAGGTCG-1"
[6] "CAUD_WS1H_STA682A131#CGGTGCAGTTGGACGA-1"


Deviations-Args$X: length = 1
[1] 1


Deviations-Args$FUN: length = 1
                                                                                     
1 function (i = NULL, ArrowFiles = NULL, annotationsMatrix = NULL,                   
2     out = c("z", "deviations"), cellNames = NULL, allCells = NULL,                 
3     featureDF = NULL, bgdPeaks = NULL, binarize = FALSE, useMatrix = "PeakMatrix", 
4     matrixName = "Motif", force = FALSE, verbose = TRUE, tstart = NULL,            
5     subThreads = 1, logFile = NULL)                                                
6 {                                                                                  


Deviations-Args$registryDir: length = 1
[1] "/home/bnphan/projects/snATAC_cross_species_caudate/data/raw_data/rheMac10/Stauffer_caudate/ArchR_Stauffer_caudate_labeled/MotifMatrixDeviationsRegistry"


2020-10-07 22:20:27 : Batch Execution w/ safelapply!, 0 mins elapsed.
2020-10-07 22:20:28 : chromVAR deviations CAUD_WS1H_STA682A131 (1 of 1) Schep (2017), 0.017 mins elapsed.
2020-10-07 22:22:04 : CAUD_WS1H_STA682A131 (1 of 1) : Deviations for Annotation 14 of 1404, 0.982 mins elapsed.
2020-10-07 22:23:15 : CAUD_WS1H_STA682A131 (1 of 1) : Deviations for Annotation 28 of 1404, 2.156 mins elapsed.
2020-10-07 22:24:29 : CAUD_WS1H_STA682A131 (1 of 1) : Deviations for Annotation 42 of 1404, 3.389 mins elapsed.
2020-10-07 22:25:25 : CAUD_WS1H_STA682A131 (1 of 1) : Deviations for Annotation 56 of 1404, 4.322 mins elapsed.
2020-10-07 22:26:17 : CAUD_WS1H_STA682A131 (1 of 1) : Deviations for Annotation 70 of 1404, 5.19 mins elapsed.
2020-10-07 22:27:30 : CAUD_WS1H_STA682A131 (1 of 1) : Deviations for Annotation 84 of 1404, 6.415 mins elapsed.
2020-10-07 22:28:24 : CAUD_WS1H_STA682A131 (1 of 1) : Deviations for Annotation 98 of 1404, 7.311 mins elapsed.
2020-10-07 22:29:17 : CAUD_WS1H_STA682A131 (1 of 1) : Deviations for Annotation 112 of 1404, 8.193 mins elapsed.
2020-10-07 22:30:17 : CAUD_WS1H_STA682A131 (1 of 1) : Deviations for Annotation 126 of 1404, 9.198 mins elapsed.
2020-10-07 22:31:39 : CAUD_WS1H_STA682A131 (1 of 1) : Deviations for Annotation 140 of 1404, 10.566 mins elapsed.
2020-10-07 22:32:43 : CAUD_WS1H_STA682A131 (1 of 1) : Deviations for Annotation 154 of 1404, 11.633 mins elapsed.
2020-10-07 22:33:51 : CAUD_WS1H_STA682A131 (1 of 1) : Deviations for Annotation 168 of 1404, 12.77 mins elapsed.
2020-10-07 22:34:58 : CAUD_WS1H_STA682A131 (1 of 1) : Deviations for Annotation 182 of 1404, 13.879 mins elapsed.
2020-10-07 22:35:48 : CAUD_WS1H_STA682A131 (1 of 1) : Deviations for Annotation 196 of 1404, 14.721 mins elapsed.
2020-10-07 22:36:40 : CAUD_WS1H_STA682A131 (1 of 1) : Deviations for Annotation 210 of 1404, 15.581 mins elapsed.
2020-10-07 22:37:27 : CAUD_WS1H_STA682A131 (1 of 1) : Deviations for Annotation 224 of 1404, 16.372 mins elapsed.
2020-10-07 22:38:37 : CAUD_WS1H_STA682A131 (1 of 1) : Deviations for Annotation 238 of 1404, 17.527 mins elapsed.
2020-10-07 22:39:30 : CAUD_WS1H_STA682A131 (1 of 1) : Deviations for Annotation 252 of 1404, 18.407 mins elapsed.
2020-10-07 22:40:57 : CAUD_WS1H_STA682A131 (1 of 1) : Deviations for Annotation 266 of 1404, 19.871 mins elapsed.
2020-10-07 22:41:44 : CAUD_WS1H_STA682A131 (1 of 1) : Deviations for Annotation 280 of 1404, 20.641 mins elapsed.
2020-10-07 22:42:46 : CAUD_WS1H_STA682A131 (1 of 1) : Deviations for Annotation 294 of 1404, 21.675 mins elapsed.
2020-10-07 22:43:45 : CAUD_WS1H_STA682A131 (1 of 1) : Deviations for Annotation 308 of 1404, 22.67 mins elapsed.
2020-10-07 22:44:28 : CAUD_WS1H_STA682A131 (1 of 1) : Deviations for Annotation 322 of 1404, 23.378 mins elapsed.
2020-10-07 22:45:13 : CAUD_WS1H_STA682A131 (1 of 1) : Deviations for Annotation 336 of 1404, 24.134 mins elapsed.
2020-10-07 22:45:57 : CAUD_WS1H_STA682A131 (1 of 1) : Deviations for Annotation 350 of 1404, 24.872 mins elapsed.
2020-10-07 22:46:49 : CAUD_WS1H_STA682A131 (1 of 1) : Deviations for Annotation 364 of 1404, 25.729 mins elapsed.
2020-10-07 22:47:49 : CAUD_WS1H_STA682A131 (1 of 1) : Deviations for Annotation 378 of 1404, 26.728 mins elapsed.
2020-10-07 22:48:58 : CAUD_WS1H_STA682A131 (1 of 1) : Deviations for Annotation 392 of 1404, 27.873 mins elapsed.
2020-10-07 22:49:55 : CAUD_WS1H_STA682A131 (1 of 1) : Deviations for Annotation 406 of 1404, 28.836 mins elapsed.
2020-10-07 22:50:55 : CAUD_WS1H_STA682A131 (1 of 1) : Deviations for Annotation 420 of 1404, 29.828 mins elapsed.
2020-10-07 22:52:10 : CAUD_WS1H_STA682A131 (1 of 1) : Deviations for Annotation 434 of 1404, 31.082 mins elapsed.
2020-10-07 22:53:01 : CAUD_WS1H_STA682A131 (1 of 1) : Deviations for Annotation 448 of 1404, 31.938 mins elapsed.
2020-10-07 22:53:56 : CAUD_WS1H_STA682A131 (1 of 1) : Deviations for Annotation 462 of 1404, 32.846 mins elapsed.
2020-10-07 22:54:54 : CAUD_WS1H_STA682A131 (1 of 1) : Deviations for Annotation 476 of 1404, 33.818 mins elapsed.
2020-10-07 22:55:40 : CAUD_WS1H_STA682A131 (1 of 1) : Deviations for Annotation 490 of 1404, 34.573 mins elapsed.
2020-10-07 22:56:30 : CAUD_WS1H_STA682A131 (1 of 1) : Deviations for Annotation 504 of 1404, 35.412 mins elapsed.
2020-10-07 22:57:20 : CAUD_WS1H_STA682A131 (1 of 1) : Deviations for Annotation 518 of 1404, 36.248 mins elapsed.
2020-10-07 22:58:05 : CAUD_WS1H_STA682A131 (1 of 1) : Deviations for Annotation 532 of 1404, 36.998 mins elapsed.
2020-10-07 22:58:47 : CAUD_WS1H_STA682A131 (1 of 1) : Deviations for Annotation 546 of 1404, 37.701 mins elapsed.
2020-10-07 22:59:35 : CAUD_WS1H_STA682A131 (1 of 1) : Deviations for Annotation 560 of 1404, 38.497 mins elapsed.
2020-10-07 23:00:21 : CAUD_WS1H_STA682A131 (1 of 1) : Deviations for Annotation 574 of 1404, 39.268 mins elapsed.
2020-10-07 23:01:06 : CAUD_WS1H_STA682A131 (1 of 1) : Deviations for Annotation 588 of 1404, 40.016 mins elapsed.
2020-10-07 23:01:52 : CAUD_WS1H_STA682A131 (1 of 1) : Deviations for Annotation 602 of 1404, 40.788 mins elapsed.
2020-10-07 23:02:42 : CAUD_WS1H_STA682A131 (1 of 1) : Deviations for Annotation 616 of 1404, 41.608 mins elapsed.
2020-10-07 23:03:32 : CAUD_WS1H_STA682A131 (1 of 1) : Deviations for Annotation 630 of 1404, 42.441 mins elapsed.
2020-10-07 23:04:13 : CAUD_WS1H_STA682A131 (1 of 1) : Deviations for Annotation 644 of 1404, 43.135 mins elapsed.
2020-10-07 23:04:56 : CAUD_WS1H_STA682A131 (1 of 1) : Deviations for Annotation 658 of 1404, 43.84 mins elapsed.
2020-10-07 23:05:49 : CAUD_WS1H_STA682A131 (1 of 1) : Deviations for Annotation 672 of 1404, 44.727 mins elapsed.
2020-10-07 23:06:52 : CAUD_WS1H_STA682A131 (1 of 1) : Deviations for Annotation 686 of 1404, 45.775 mins elapsed.
2020-10-07 23:07:34 : CAUD_WS1H_STA682A131 (1 of 1) : Deviations for Annotation 700 of 1404, 46.484 mins elapsed.
2020-10-07 23:08:21 : CAUD_WS1H_STA682A131 (1 of 1) : Deviations for Annotation 714 of 1404, 47.267 mins elapsed.
2020-10-07 23:09:08 : CAUD_WS1H_STA682A131 (1 of 1) : Deviations for Annotation 728 of 1404, 48.054 mins elapsed.
2020-10-07 23:10:01 : CAUD_WS1H_STA682A131 (1 of 1) : Deviations for Annotation 742 of 1404, 48.927 mins elapsed.
2020-10-07 23:10:48 : CAUD_WS1H_STA682A131 (1 of 1) : Deviations for Annotation 756 of 1404, 49.71 mins elapsed.
2020-10-07 23:11:44 : CAUD_WS1H_STA682A131 (1 of 1) : Deviations for Annotation 770 of 1404, 50.651 mins elapsed.
2020-10-07 23:12:29 : CAUD_WS1H_STA682A131 (1 of 1) : Deviations for Annotation 784 of 1404, 51.392 mins elapsed.
2020-10-07 23:13:13 : CAUD_WS1H_STA682A131 (1 of 1) : Deviations for Annotation 798 of 1404, 52.133 mins elapsed.
2020-10-07 23:14:02 : CAUD_WS1H_STA682A131 (1 of 1) : Deviations for Annotation 812 of 1404, 52.948 mins elapsed.
2020-10-07 23:14:46 : CAUD_WS1H_STA682A131 (1 of 1) : Deviations for Annotation 826 of 1404, 53.677 mins elapsed.
2020-10-07 23:15:32 : CAUD_WS1H_STA682A131 (1 of 1) : Deviations for Annotation 840 of 1404, 54.454 mins elapsed.
2020-10-07 23:16:15 : CAUD_WS1H_STA682A131 (1 of 1) : Deviations for Annotation 854 of 1404, 55.162 mins elapsed.
2020-10-07 23:17:00 : CAUD_WS1H_STA682A131 (1 of 1) : Deviations for Annotation 868 of 1404, 55.921 mins elapsed.
2020-10-07 23:17:45 : CAUD_WS1H_STA682A131 (1 of 1) : Deviations for Annotation 882 of 1404, 56.663 mins elapsed.
2020-10-07 23:18:29 : CAUD_WS1H_STA682A131 (1 of 1) : Deviations for Annotation 896 of 1404, 57.393 mins elapsed.
2020-10-07 23:19:05 : CAUD_WS1H_STA682A131 (1 of 1) : Deviations for Annotation 910 of 1404, 57.999 mins elapsed.
2020-10-07 23:19:46 : CAUD_WS1H_STA682A131 (1 of 1) : Deviations for Annotation 924 of 1404, 58.687 mins elapsed.
2020-10-07 23:20:30 : CAUD_WS1H_STA682A131 (1 of 1) : Deviations for Annotation 938 of 1404, 59.417 mins elapsed.
2020-10-07 23:21:22 : CAUD_WS1H_STA682A131 (1 of 1) : Deviations for Annotation 952 of 1404, 60.28 mins elapsed.
2020-10-07 23:22:12 : CAUD_WS1H_STA682A131 (1 of 1) : Deviations for Annotation 966 of 1404, 61.11 mins elapsed.
2020-10-07 23:22:57 : CAUD_WS1H_STA682A131 (1 of 1) : Deviations for Annotation 980 of 1404, 61.87 mins elapsed.
2020-10-07 23:23:42 : CAUD_WS1H_STA682A131 (1 of 1) : Deviations for Annotation 994 of 1404, 62.616 mins elapsed.
2020-10-07 23:24:25 : CAUD_WS1H_STA682A131 (1 of 1) : Deviations for Annotation 1008 of 1404, 63.33 mins elapsed.
2020-10-07 23:25:10 : CAUD_WS1H_STA682A131 (1 of 1) : Deviations for Annotation 1022 of 1404, 64.072 mins elapsed.
2020-10-07 23:25:52 : CAUD_WS1H_STA682A131 (1 of 1) : Deviations for Annotation 1036 of 1404, 64.784 mins elapsed.
2020-10-07 23:26:37 : CAUD_WS1H_STA682A131 (1 of 1) : Deviations for Annotation 1050 of 1404, 65.533 mins elapsed.
2020-10-07 23:27:37 : CAUD_WS1H_STA682A131 (1 of 1) : Deviations for Annotation 1064 of 1404, 66.53 mins elapsed.
2020-10-07 23:28:27 : CAUD_WS1H_STA682A131 (1 of 1) : Deviations for Annotation 1078 of 1404, 67.361 mins elapsed.
2020-10-07 23:29:23 : CAUD_WS1H_STA682A131 (1 of 1) : Deviations for Annotation 1092 of 1404, 68.298 mins elapsed.
2020-10-07 23:30:18 : CAUD_WS1H_STA682A131 (1 of 1) : Deviations for Annotation 1106 of 1404, 69.21 mins elapsed.
2020-10-07 23:31:06 : CAUD_WS1H_STA682A131 (1 of 1) : Deviations for Annotation 1120 of 1404, 70.014 mins elapsed.
2020-10-07 23:32:03 : CAUD_WS1H_STA682A131 (1 of 1) : Deviations for Annotation 1134 of 1404, 70.964 mins elapsed.
2020-10-07 23:32:51 : CAUD_WS1H_STA682A131 (1 of 1) : Deviations for Annotation 1148 of 1404, 71.768 mins elapsed.
2020-10-07 23:33:32 : CAUD_WS1H_STA682A131 (1 of 1) : Deviations for Annotation 1162 of 1404, 72.449 mins elapsed.
2020-10-07 23:34:24 : CAUD_WS1H_STA682A131 (1 of 1) : Deviations for Annotation 1176 of 1404, 73.308 mins elapsed.
2020-10-07 23:35:20 : CAUD_WS1H_STA682A131 (1 of 1) : Deviations for Annotation 1190 of 1404, 74.248 mins elapsed.
2020-10-07 23:36:09 : CAUD_WS1H_STA682A131 (1 of 1) : Deviations for Annotation 1204 of 1404, 75.065 mins elapsed.
2020-10-07 23:37:02 : CAUD_WS1H_STA682A131 (1 of 1) : Deviations for Annotation 1218 of 1404, 75.951 mins elapsed.
2020-10-07 23:37:57 : CAUD_WS1H_STA682A131 (1 of 1) : Deviations for Annotation 1232 of 1404, 76.865 mins elapsed.
2020-10-07 23:39:06 : CAUD_WS1H_STA682A131 (1 of 1) : Deviations for Annotation 1246 of 1404, 78.014 mins elapsed.
2020-10-07 23:40:33 : CAUD_WS1H_STA682A131 (1 of 1) : Deviations for Annotation 1260 of 1404, 79.465 mins elapsed.
2020-10-07 23:41:24 : CAUD_WS1H_STA682A131 (1 of 1) : Deviations for Annotation 1274 of 1404, 80.317 mins elapsed.
2020-10-07 23:42:08 : CAUD_WS1H_STA682A131 (1 of 1) : Deviations for Annotation 1288 of 1404, 81.048 mins elapsed.
2020-10-07 23:42:48 : CAUD_WS1H_STA682A131 (1 of 1) : Deviations for Annotation 1302 of 1404, 81.721 mins elapsed.
2020-10-07 23:43:33 : CAUD_WS1H_STA682A131 (1 of 1) : Deviations for Annotation 1316 of 1404, 82.464 mins elapsed.
2020-10-07 23:44:19 : CAUD_WS1H_STA682A131 (1 of 1) : Deviations for Annotation 1330 of 1404, 83.223 mins elapsed.
2020-10-07 23:45:08 : CAUD_WS1H_STA682A131 (1 of 1) : Deviations for Annotation 1344 of 1404, 84.043 mins elapsed.
2020-10-07 23:46:05 : CAUD_WS1H_STA682A131 (1 of 1) : Deviations for Annotation 1358 of 1404, 85.004 mins elapsed.
2020-10-07 23:46:50 : CAUD_WS1H_STA682A131 (1 of 1) : Deviations for Annotation 1372 of 1404, 85.745 mins elapsed.
2020-10-07 23:47:50 : CAUD_WS1H_STA682A131 (1 of 1) : Deviations for Annotation 1386 of 1404, 86.74 mins elapsed.
2020-10-07 23:48:37 : CAUD_WS1H_STA682A131 (1 of 1) : Deviations for Annotation 1400 of 1404, 87.533 mins elapsed.

2020-10-07 23:49:00 : dev, Class = SummarizedExperiment
class: SummarizedExperiment 
dim: 1404 5793 
metadata(0):
assays(2): z deviations
rownames(1404): Arnt_1 Ahr..Arnt_2 ... IRF5_1403 TCF7L1_1404
rowData names(2): fractionMatches fractionBackgroundOverlap
colnames(5793): CAUD_WS1H_STA682A131#TTGAGTGAGAGCGGTT-1
  CAUD_WS1H_STA682A131#TAAACCGGTAAGCCTT-1 ...
  CAUD_WS1H_STA682A131#TTGCCCACACAGTAGG-1
  CAUD_WS1H_STA682A131#AACCGATTCGCAACTA-1
colData names(0):


2020-10-07 23:49:00 : featureDF, Class = data.frame
featureDF: nRows = 2808, nCols = 3
       seqnames idx        name
1405 deviations   1      Arnt_1
1406 deviations   2 Ahr..Arnt_2
1407 deviations   3        br_3
1408 deviations   4  br.var.2_4
1409 deviations   5  br.var.3_5
1410 deviations   6  br.var.4_6


###########
2020-10-07 23:49:03 : Completed Computing Deviations!, 88.68 mins elapsed.
###########

------- Completed

End Time : 2020-10-07 23:49:03
Elapsed Time Minutes = 88.687570810318
Elapsed Time Hours = 1.47812622712718

-------



