
           ___      .______        ______  __    __  .______      
          /   \     |   _  \      /      ||  |  |  | |   _  \     
         /  ^  \    |  |_)  |    |  ,----'|  |__|  | |  |_)  |    
        /  /_\  \   |      /     |  |     |   __   | |      /     
       /  _____  \  |  |\  \\___ |  `----.|  |  |  | |  |\  \\___.
      /__/     \__\ | _| `._____| \______||__|  |__| | _| `._____|
    
Logging With ArchR!

Start Time : 2020-10-07 20:52:38

------- ArchR Info

ArchRThreads = 1
ArchRGenome = Mm10

------- System Info

Computer OS = unix
Total Cores = 64

------- Session Info

R version 3.6.3 (2020-02-29)
Platform: x86_64-conda_cos6-linux-gnu (64-bit)
Running under: CentOS Linux 7 (Core)

Matrix products: default
BLAS/LAPACK: /home/bnphan/miniconda3/lib/libmkl_rt.so

locale:
 [1] LC_CTYPE=en_US.UTF-8       LC_NUMERIC=C              
 [3] LC_TIME=en_US.UTF-8        LC_COLLATE=en_US.UTF-8    
 [5] LC_MONETARY=en_US.UTF-8    LC_MESSAGES=en_US.UTF-8   
 [7] LC_PAPER=en_US.UTF-8       LC_NAME=C                 
 [9] LC_ADDRESS=C               LC_TELEPHONE=C            
[11] LC_MEASUREMENT=en_US.UTF-8 LC_IDENTIFICATION=C       

attached base packages:
[1] parallel  stats4    stats     graphics  grDevices utils     datasets 
[8] methods   base     

other attached packages:
 [1] BSgenome.Mmulatta.UCSC.rheMac10_1.4.3 BSgenome_1.54.0                      
 [3] rtracklayer_1.46.0                    Biostrings_2.54.0                    
 [5] XVector_0.26.0                        ArchR_0.9.5                          
 [7] magrittr_1.5                          rhdf5_2.30.1                         
 [9] Matrix_1.2-18                         data.table_1.13.0                    
[11] SummarizedExperiment_1.16.1           DelayedArray_0.12.3                  
[13] BiocParallel_1.20.1                   matrixStats_0.57.0                   
[15] Biobase_2.46.0                        GenomicRanges_1.38.0                 
[17] GenomeInfoDb_1.22.1                   IRanges_2.20.2                       
[19] S4Vectors_0.24.4                      BiocGenerics_0.32.0                  
[21] ggplot2_3.3.2                         colorout_1.2-2                       

loaded via a namespace (and not attached):
 [1] Rcpp_1.0.5                         lattice_0.20-41                   
 [3] Rsamtools_2.2.3                    gtools_3.8.2                      
 [5] digest_0.6.25                      BSgenome.Mmusculus.UCSC.mm10_1.4.0
 [7] IRdisplay_0.7.0                    plyr_1.8.6                        
 [9] R6_2.4.1                           repr_1.1.0                        
[11] evaluate_0.14                      pillar_1.4.6                      
[13] zlibbioc_1.32.0                    rlang_0.4.7                       
[15] uuid_0.1-4                         hexbin_1.28.1                     
[17] labeling_0.3                       stringr_1.4.0                     
[19] RCurl_1.98-1.2                     munsell_0.5.0                     
[21] compiler_3.6.3                     pkgconfig_2.0.3                   
[23] base64enc_0.1-3                    htmltools_0.5.0                   
[25] tidyselect_1.1.0                   tibble_3.0.3                      
[27] GenomeInfoDbData_1.2.2             XML_3.99-0.3                      
[29] crayon_1.3.4                       dplyr_1.0.2                       
[31] withr_2.3.0                        GenomicAlignments_1.22.1          
[33] bitops_1.0-6                       grid_3.6.3                        
[35] jsonlite_1.7.1                     gtable_0.3.0                      
[37] lifecycle_0.2.0                    scales_1.1.1                      
[39] stringi_1.5.3                      farver_2.0.3                      
[41] ellipsis_0.3.1                     generics_0.0.2                    
[43] vctrs_0.3.4                        cowplot_1.1.0                     
[45] IRkernel_1.1.1                     Rhdf5lib_1.8.0                    
[47] tools_3.6.3                        Cairo_1.5-12.2                    
[49] glue_1.4.2                         purrr_0.3.4                       
[51] colorspace_1.4-1                   pbdZMQ_0.3-3                      


------- Log Info


2020-10-07 20:52:38 : ReproduciblePeakSet Args, Class = list

ReproduciblePeakSet Args$ArchRProj: length = 1
class: ArchRProject 
outputDirectory: /home/bnphan/projects/snATAC_cross_species_caudate/data/raw_data/rheMac10/Stauffer_caudate/ArchR_Stauffer_caudate_labeled 
samples(1): CAUD_WS1H_STA682A131
sampleColData names(1): ArrowFiles
cellColData names(17): Sample TSSEnrichment ... Clusters Clusters2
numberOfCells(1): 1
medianTSS(1): 7.836
medianFrags(1): 99935


ReproduciblePeakSet Args$groupBy: length = 1
[1] "Clusters2"


ReproduciblePeakSet Args$peakMethod: length = 1
[1] "Macs2"


ReproduciblePeakSet Args$reproducibility: length = 1
[1] "2"


ReproduciblePeakSet Args$peaksPerCell: length = 1
[1] 500


ReproduciblePeakSet Args$maxPeaks: length = 1
[1] 150000


ReproduciblePeakSet Args$minCells: length = 1
[1] 25


ReproduciblePeakSet Args$excludeChr: length = 2
[1] "chrM" "chrY"


ReproduciblePeakSet Args$pathToMacs2: length = 1
[1] "macs2"


ReproduciblePeakSet Args$genomeSize: length = 1
[1] 2.7e+09


ReproduciblePeakSet Args$shift: length = 1
[1] -75


ReproduciblePeakSet Args$extsize: length = 1
[1] 150


ReproduciblePeakSet Args$method: length = 1
[1] "q"


ReproduciblePeakSet Args$cutOff: length = 1
[1] 0.1


ReproduciblePeakSet Args$additionalParams: length = 1
[1] "--nomodel --nolambda"


ReproduciblePeakSet Args$extendSummits: length = 1
[1] 250


ReproduciblePeakSet Args$promoterRegion: length = 2
[1] 2000  100


ReproduciblePeakSet Args$plot: length = 1
[1] FALSE


ReproduciblePeakSet Args$threads: length = 1
[1] 1


ReproduciblePeakSet Args$parallelParam: length = 0
NULL


ReproduciblePeakSet Args$force: length = 1
[1] FALSE


ReproduciblePeakSet Args$verbose: length = 1
[1] TRUE


ReproduciblePeakSet Args$logFile: length = 1
[1] "ArchRLogs/ArchR-addReproduciblePeakSet-53cfa613b1118-Date-2020-10-07_Time-20-52-38.log"



2020-10-07 20:52:38 : 
2020-10-07 20:52:38 : Peak Calling Parameters!, 0.003 mins elapsed.

2020-10-07 20:52:38 : PeakCallSummary, Class = data.frame
PeakCallSummary: nRows = 8, nCols = 7
                  Group nCells nCellsUsed nReplicates nMin nMax maxPeaks
Astro             Astro   1035        540           2   40  500   150000
Interneuron Interneuron    231        231           2   40  191   115500
Microglia     Microglia    519        519           2   40  479   150000
MSN_D1           MSN_D1    975        540           2   40  500   150000
MSN_D2           MSN_D2    925        540           2   40  500   150000
MSN_UNK1       MSN_UNK1    400        400           2   40  360   150000


2020-10-07 20:52:38 : Batching Peak Calls!, 0.003 mins elapsed.

2020-10-07 20:52:38 : PeakArgs, Class = list

PeakArgs$X: length = 16
[1] 1 2 3 4 5 6


PeakArgs$FUN: length = 1
                                                                                
1 function (i = NULL, coverageFiles = NULL, outFiles = NULL, peakParams = NULL, 
2     bedDir = NULL, excludeChr = NULL, subThreads = 1, tstart = NULL,          
3     logFile = NULL)                                                           
4 {                                                                             
5     .logDiffTime(sprintf("Group %s of %s, Calling Peaks with MACS2!",         
6         i, length(coverageFiles)), tstart, verbose = TRUE, logFile = logFile) 


PeakArgs$coverageFiles: length = 16
                                                                                                                                                                                  Astro._.Rep1 
      "/home/bnphan/projects/snATAC_cross_species_caudate/data/raw_data/rheMac10/Stauffer_caudate/ArchR_Stauffer_caudate_labeled/GroupCoverages/Clusters2/Astro._.Rep1.insertions.coverage.h5" 
                                                                                                                                                                                  Astro._.Rep2 
      "/home/bnphan/projects/snATAC_cross_species_caudate/data/raw_data/rheMac10/Stauffer_caudate/ArchR_Stauffer_caudate_labeled/GroupCoverages/Clusters2/Astro._.Rep2.insertions.coverage.h5" 
                                                                                                                                                                            Interneuron._.Rep1 
"/home/bnphan/projects/snATAC_cross_species_caudate/data/raw_data/rheMac10/Stauffer_caudate/ArchR_Stauffer_caudate_labeled/GroupCoverages/Clusters2/Interneuron._.Rep1.insertions.coverage.h5" 
                                                                                                                                                                            Interneuron._.Rep2 
"/home/bnphan/projects/snATAC_cross_species_caudate/data/raw_data/rheMac10/Stauffer_caudate/ArchR_Stauffer_caudate_labeled/GroupCoverages/Clusters2/Interneuron._.Rep2.insertions.coverage.h5" 
                                                                                                                                                                              Microglia._.Rep1 
  "/home/bnphan/projects/snATAC_cross_species_caudate/data/raw_data/rheMac10/Stauffer_caudate/ArchR_Stauffer_caudate_labeled/GroupCoverages/Clusters2/Microglia._.Rep1.insertions.coverage.h5" 
                                                                                                                                                                              Microglia._.Rep2 
  "/home/bnphan/projects/snATAC_cross_species_caudate/data/raw_data/rheMac10/Stauffer_caudate/ArchR_Stauffer_caudate_labeled/GroupCoverages/Clusters2/Microglia._.Rep2.insertions.coverage.h5" 


PeakArgs$outFiles: length = 16
[1] "/home/bnphan/projects/snATAC_cross_species_caudate/data/raw_data/rheMac10/Stauffer_caudate/ArchR_Stauffer_caudate_labeled/PeakCalls/ReplicateCalls/Astro._.Rep1-summits.rds"      
[2] "/home/bnphan/projects/snATAC_cross_species_caudate/data/raw_data/rheMac10/Stauffer_caudate/ArchR_Stauffer_caudate_labeled/PeakCalls/ReplicateCalls/Astro._.Rep2-summits.rds"      
[3] "/home/bnphan/projects/snATAC_cross_species_caudate/data/raw_data/rheMac10/Stauffer_caudate/ArchR_Stauffer_caudate_labeled/PeakCalls/ReplicateCalls/Interneuron._.Rep1-summits.rds"
[4] "/home/bnphan/projects/snATAC_cross_species_caudate/data/raw_data/rheMac10/Stauffer_caudate/ArchR_Stauffer_caudate_labeled/PeakCalls/ReplicateCalls/Interneuron._.Rep2-summits.rds"
[5] "/home/bnphan/projects/snATAC_cross_species_caudate/data/raw_data/rheMac10/Stauffer_caudate/ArchR_Stauffer_caudate_labeled/PeakCalls/ReplicateCalls/Microglia._.Rep1-summits.rds"  
[6] "/home/bnphan/projects/snATAC_cross_species_caudate/data/raw_data/rheMac10/Stauffer_caudate/ArchR_Stauffer_caudate_labeled/PeakCalls/ReplicateCalls/Microglia._.Rep2-summits.rds"  


PeakArgs$bedDir: length = 1
[1] "/home/bnphan/projects/snATAC_cross_species_caudate/data/raw_data/rheMac10/Stauffer_caudate/ArchR_Stauffer_caudate_labeled/PeakCalls/InsertionBeds"


PeakArgs$excludeChr: length = 2
[1] "chrM" "chrY"


PeakArgs$threads: length = 1
[1] 1


PeakArgs$logFile: length = 1
[1] "ArchRLogs/ArchR-addReproduciblePeakSet-53cfa613b1118-Date-2020-10-07_Time-20-52-38.log"


PeakArgs$registryDir: length = 1
[1] "/home/bnphan/projects/snATAC_cross_species_caudate/data/raw_data/rheMac10/Stauffer_caudate/ArchR_Stauffer_caudate_labeled/PeakCalls/batchRegistry"


2020-10-07 20:52:38 : Batch Execution w/ safelapply!, 0 mins elapsed.
2020-10-07 20:52:38 : Group 1 of 16, Calling Peaks with MACS2!, 0 mins elapsed.

2020-10-07 20:52:39 : InsertionSites, Class = integer

InsertionSites: length = 2274596
[1] 1040 1057 1070 1073 1081 1082



2020-10-07 20:52:39 : InsertionSites-DT, Class = data.table
 
2020-10-07 20:52:39 : InsertionSites-DT, Class = data.frame
InsertionSites-DT: nRows = 2274596, nCols = 3
   seqnames start  end
1:     chr1  1039 1040
2:     chr1  1056 1057
3:     chr1  1069 1070
4:     chr1  1072 1073
5:     chr1  1080 1081
6:     chr1  1081 1082



2020-10-07 20:52:48 : 
2020-10-07 20:55:54 : Group 2 of 16, Calling Peaks with MACS2!, 3.27 mins elapsed.

2020-10-07 20:55:54 : InsertionSites, Class = integer

InsertionSites: length = 165924
[1]  1080  1179 25850 26054 26147 26153



2020-10-07 20:55:54 : InsertionSites-DT, Class = data.table
 
2020-10-07 20:55:54 : InsertionSites-DT, Class = data.frame
InsertionSites-DT: nRows = 165924, nCols = 3
   seqnames start   end
1:     chr1  1079  1080
2:     chr1  1178  1179
3:     chr1 25849 25850
4:     chr1 26053 26054
5:     chr1 26146 26147
6:     chr1 26152 26153



2020-10-07 20:55:55 : 
2020-10-07 20:57:07 : Group 3 of 16, Calling Peaks with MACS2!, 4.478 mins elapsed.

2020-10-07 20:57:07 : InsertionSites, Class = integer

InsertionSites: length = 804666
[1]  924  953  982 1055 1067 1078



2020-10-07 20:57:07 : InsertionSites-DT, Class = data.table
 
2020-10-07 20:57:07 : InsertionSites-DT, Class = data.frame
InsertionSites-DT: nRows = 804666, nCols = 3
   seqnames start  end
1:     chr1   923  924
2:     chr1   952  953
3:     chr1   981  982
4:     chr1  1054 1055
5:     chr1  1066 1067
6:     chr1  1077 1078



2020-10-07 20:57:11 : 
2020-10-07 21:00:02 : Group 4 of 16, Calling Peaks with MACS2!, 7.395 mins elapsed.

2020-10-07 21:00:02 : InsertionSites, Class = integer

InsertionSites: length = 116252
[1]  1052  1144 18194 18575 21789 21914



2020-10-07 21:00:02 : InsertionSites-DT, Class = data.table
 
2020-10-07 21:00:02 : InsertionSites-DT, Class = data.frame
InsertionSites-DT: nRows = 116252, nCols = 3
   seqnames start   end
1:     chr1  1051  1052
2:     chr1  1143  1144
3:     chr1 18193 18194
4:     chr1 18574 18575
5:     chr1 21788 21789
6:     chr1 21913 21914



2020-10-07 21:00:03 : 
2020-10-07 21:00:59 : Group 5 of 16, Calling Peaks with MACS2!, 8.357 mins elapsed.

2020-10-07 21:01:00 : InsertionSites, Class = integer

InsertionSites: length = 1724126
[1]  1080  1157  1908  2028 11740 12068



2020-10-07 21:01:00 : InsertionSites-DT, Class = data.table
 
2020-10-07 21:01:00 : InsertionSites-DT, Class = data.frame
InsertionSites-DT: nRows = 1724126, nCols = 3
   seqnames start   end
1:     chr1  1079  1080
2:     chr1  1156  1157
3:     chr1  1907  1908
4:     chr1  2027  2028
5:     chr1 11739 11740
6:     chr1 12067 12068



2020-10-07 21:01:06 : 
