
           ___      .______        ______  __    __  .______      
          /   \     |   _  \      /      ||  |  |  | |   _  \     
         /  ^  \    |  |_)  |    |  ,----'|  |__|  | |  |_)  |    
        /  /_\  \   |      /     |  |     |   __   | |      /     
       /  _____  \  |  |\  \\___ |  `----.|  |  |  | |  |\  \\___.
      /__/     \__\ | _| `._____| \______||__|  |__| | _| `._____|
    
Logging With ArchR!

Start Time : 2020-10-07 20:26:23

------- ArchR Info

ArchRThreads = 1
ArchRGenome = Mm10

------- System Info

Computer OS = unix
Total Cores = 64

------- Session Info

R version 3.6.3 (2020-02-29)
Platform: x86_64-conda_cos6-linux-gnu (64-bit)
Running under: CentOS Linux 7 (Core)

Matrix products: default
BLAS/LAPACK: /home/bnphan/miniconda3/lib/libmkl_rt.so

locale:
 [1] LC_CTYPE=en_US.UTF-8       LC_NUMERIC=C              
 [3] LC_TIME=en_US.UTF-8        LC_COLLATE=en_US.UTF-8    
 [5] LC_MONETARY=en_US.UTF-8    LC_MESSAGES=en_US.UTF-8   
 [7] LC_PAPER=en_US.UTF-8       LC_NAME=C                 
 [9] LC_ADDRESS=C               LC_TELEPHONE=C            
[11] LC_MEASUREMENT=en_US.UTF-8 LC_IDENTIFICATION=C       

attached base packages:
[1] parallel  stats4    stats     graphics  grDevices utils     datasets 
[8] methods   base     

other attached packages:
 [1] ArchR_0.9.5                 magrittr_1.5               
 [3] rhdf5_2.30.1                Matrix_1.2-18              
 [5] data.table_1.13.0           SummarizedExperiment_1.16.1
 [7] DelayedArray_0.12.3         BiocParallel_1.20.1        
 [9] matrixStats_0.57.0          Biobase_2.46.0             
[11] GenomicRanges_1.38.0        GenomeInfoDb_1.22.1        
[13] IRanges_2.20.2              S4Vectors_0.24.4           
[15] BiocGenerics_0.32.0         ggplot2_3.3.2              
[17] colorout_1.2-2             

loaded via a namespace (and not attached):
 [1] Rcpp_1.0.5                         lattice_0.20-41                   
 [3] Rsamtools_2.2.3                    Biostrings_2.54.0                 
 [5] gtools_3.8.2                       digest_0.6.25                     
 [7] BSgenome.Mmusculus.UCSC.mm10_1.4.0 IRdisplay_0.7.0                   
 [9] R6_2.4.1                           repr_1.1.0                        
[11] evaluate_0.14                      pillar_1.4.6                      
[13] zlibbioc_1.32.0                    rlang_0.4.7                       
[15] uuid_0.1-4                         hexbin_1.28.1                     
[17] labeling_0.3                       stringr_1.4.0                     
[19] RCurl_1.98-1.2                     munsell_0.5.0                     
[21] compiler_3.6.3                     rtracklayer_1.46.0                
[23] pkgconfig_2.0.3                    base64enc_0.1-3                   
[25] htmltools_0.5.0                    tidyselect_1.1.0                  
[27] tibble_3.0.3                       GenomeInfoDbData_1.2.2            
[29] XML_3.99-0.3                       crayon_1.3.4                      
[31] dplyr_1.0.2                        withr_2.3.0                       
[33] GenomicAlignments_1.22.1           bitops_1.0-6                      
[35] grid_3.6.3                         jsonlite_1.7.1                    
[37] gtable_0.3.0                       lifecycle_0.2.0                   
[39] scales_1.1.1                       stringi_1.5.3                     
[41] farver_2.0.3                       XVector_0.26.0                    
[43] ellipsis_0.3.1                     generics_0.0.2                    
[45] vctrs_0.3.4                        cowplot_1.1.0                     
[47] IRkernel_1.1.1                     Rhdf5lib_1.8.0                    
[49] tools_3.6.3                        Cairo_1.5-12.2                    
[51] BSgenome_1.54.0                    glue_1.4.2                        
[53] purrr_0.3.4                        colorspace_1.4-1                  
[55] pbdZMQ_0.3-3                      


------- Log Info


2020-10-07 20:26:23 : Input-Parameters, Class = list

Input-Parameters$ArchRProj: length = 1
class: ArchRProject 
outputDirectory: /home/bnphan/projects/snATAC_cross_species_caudate/data/raw_data/rheMac10/Stauffer_caudate/ArchR_Stauffer_caudate 
samples(1): CAUD_WS1H_STA682A131
sampleColData names(1): ArrowFiles
cellColData names(16): Sample TSSEnrichment ... Region Clusters
numberOfCells(1): 1
medianTSS(1): 7.836
medianFrags(1): 99935


Input-Parameters$embedding: length = 1
[1] "UMAP"


Input-Parameters$colorBy: length = 1
[1] "GeneScoreMatrix"


Input-Parameters$name: length = 9
[1] "Des"   "Acta2" "Tbx18" "Vcam1" "Vtn"   "Anpep"


Input-Parameters$log2Norm: length = 0
NULL


Input-Parameters$pal: length = 0
NULL


Input-Parameters$size: length = 1
[1] 0.1


Input-Parameters$sampleCells: length = 0
NULL


Input-Parameters$highlightCells: length = 0
NULL


Input-Parameters$rastr: length = 1
[1] TRUE


Input-Parameters$quantCut: length = 2
[1] 0.01 0.99


Input-Parameters$discreteSet: length = 0
NULL


Input-Parameters$continuousSet: length = 0
NULL


Input-Parameters$randomize: length = 1
[1] TRUE


Input-Parameters$keepAxis: length = 1
[1] FALSE


Input-Parameters$baseSize: length = 1
[1] 10


Input-Parameters$plotAs: length = 0
NULL


Input-Parameters$threads: length = 1
[1] 1


Input-Parameters$logFile: length = 1
[1] "ArchRLogs/ArchR-plotEmbedding-53cfa42fdde47-Date-2020-10-07_Time-20-26-23.log"



2020-10-07 20:26:23 : 

2020-10-07 20:26:23 : Embedding data.frame, Class = data.frame
Embedding data.frame: nRows = 5918, nCols = 2
                                        IterativeLSI#UMAP_Dimension_1
CAUD_WS1H_STA682A131#TTGAGTGAGAGCGGTT-1                     -6.903056
CAUD_WS1H_STA682A131#TAAACCGGTAAGCCTT-1                     -8.144493
CAUD_WS1H_STA682A131#AGCGATTGTAGCATGG-1                     -1.847863
CAUD_WS1H_STA682A131#CACCACTCACGTTAGT-1                     -1.761109
CAUD_WS1H_STA682A131#GTCACGGAGTAGGTCG-1                     -8.327439
CAUD_WS1H_STA682A131#CGGTGCAGTTGGACGA-1                     -7.497838
                                        IterativeLSI#UMAP_Dimension_2
CAUD_WS1H_STA682A131#TTGAGTGAGAGCGGTT-1                      4.504955
CAUD_WS1H_STA682A131#TAAACCGGTAAGCCTT-1                      3.861000
CAUD_WS1H_STA682A131#AGCGATTGTAGCATGG-1                     11.580869
CAUD_WS1H_STA682A131#CACCACTCACGTTAGT-1                     -3.817310
CAUD_WS1H_STA682A131#GTCACGGAGTAGGTCG-1                      1.940696
CAUD_WS1H_STA682A131#CGGTGCAGTTGGACGA-1                      4.170241



2020-10-07 20:26:23 : 

2020-10-07 20:26:23 : 

2020-10-07 20:26:23 : FeatureDF, Class = DFrame
DataFrame with 34276 rows and 6 columns
      seqnames     start       end  strand         name     idx
         <Rle>   <array>   <array> <array>      <array> <array>
1         chr1   1004699   1003761       2        OR2L8       1
2         chr1   1077962   1066577       2       OR2AJ1       2
3         chr1   1082597   1079674       2        OR2T8       3
4         chr1   1097887   1096880       2       OR2AK2       4
5         chr1   1147161   1146217       2        OR2W3       5
...        ...       ...       ...     ...          ...     ...
34272     chrX 151432051 151431449       2        H2AB3    1238
34273     chrX 151436862 151461517       1 LOC101927830    1239
34274     chrX 151560568 151456825       2        TMLHE    1240
34275     chrX 151560181 151726587       1        SPRY3    1241
34276     chrX 151842317 151901358       1        VAMP7    1242


2020-10-07 20:26:23 : idx, Class = integer

idx: length = 9
[1]  7658 32481 23399  1867 12935 28831



2020-10-07 20:26:23 : FeatureDF-Subset, Class = DFrame
DataFrame with 9 rows and 6 columns
  seqnames     start       end  strand    name     idx
     <Rle>   <array>   <array> <array> <array> <array>
1    chr12 106848946 106857043       1     DES     898
2     chr9  89259393  89200052       2   ACTA2     902
3     chr4  88487519  88581591       1   TBX18     745
4     chr1 123438602 123419427       2   VCAM1    1867
5    chr16  23989139  23986132       2     VTN     516
6     chr7  68596163  68565211       2   ANPEP     958
7    chr15 107500443 107479016       2     OGN    1238
8    chr11  90880993  90872103       2     LUM    1134
9    chr11  90952122  90910049       2     DCN    1135


2020-10-07 20:26:27 : Feature-Matrix, Class = dgCMatrix
Feature-Matrix: nRows = 9, nCols = 5918
Feature-Matrix: NonZeroEntries = 14322, EntryRange = [ 0.012 , 10.794 ]
5 x 5 sparse Matrix of class "dgCMatrix"
     CAUD_WS1H_STA682A131#TTGAGTGAGAGCGGTT-1
[1,]                                   .    
[2,]                                   0.066
[3,]                                   0.215
[4,]                                   0.124
[5,]                                   .    
     CAUD_WS1H_STA682A131#TAAACCGGTAAGCCTT-1
[1,]                                   0.178
[2,]                                   .    
[3,]                                   0.036
[4,]                                   0.053
[5,]                                   0.356
     CAUD_WS1H_STA682A131#AGCGATTGTAGCATGG-1
[1,]                                   .    
[2,]                                   0.062
[3,]                                   0.103
[4,]                                   0.023
[5,]                                   0.215
     CAUD_WS1H_STA682A131#CACCACTCACGTTAGT-1
[1,]                                   .    
[2,]                                   .    
[3,]                                   0.016
[4,]                                   0.132
[5,]                                   .    
     CAUD_WS1H_STA682A131#GTCACGGAGTAGGTCG-1
[1,]                                   .    
[2,]                                   0.207
[3,]                                   0.143
[4,]                                   0.140
[5,]                                   0.184



2020-10-07 20:26:27 : colorMat-Before-Impute, Class = matrix
      CAUD_WS1H_STA682A131#TTGAGTGAGAGCGGTT-1
Des                                     0.000
Acta2                                   0.066
Tbx18                                   0.215
Vcam1                                   0.124
Vtn                                     0.000
      CAUD_WS1H_STA682A131#TAAACCGGTAAGCCTT-1
Des                                     0.178
Acta2                                   0.000
Tbx18                                   0.036
Vcam1                                   0.053
Vtn                                     0.356
      CAUD_WS1H_STA682A131#AGCGATTGTAGCATGG-1
Des                                     0.000
Acta2                                   0.062
Tbx18                                   0.103
Vcam1                                   0.023
Vtn                                     0.215
      CAUD_WS1H_STA682A131#CACCACTCACGTTAGT-1
Des                                     0.000
Acta2                                   0.000
Tbx18                                   0.016
Vcam1                                   0.132
Vtn                                     0.000
      CAUD_WS1H_STA682A131#GTCACGGAGTAGGTCG-1
Des                                     0.000
Acta2                                   0.207
Tbx18                                   0.143
Vcam1                                   0.140
Vtn                                     0.184

colorMat-Before-Impute: nRows = 9, nCols = 5918


2020-10-07 20:26:27 : imputeMatrix Input-Parameters, Class = list

imputeMatrix Input-Parameters$mat: nRows = 9, nCols = 5918
      CAUD_WS1H_STA682A131#TTGAGTGAGAGCGGTT-1
Des                                     0.000
Acta2                                   0.066
Tbx18                                   0.215
Vcam1                                   0.124
Vtn                                     0.000
      CAUD_WS1H_STA682A131#TAAACCGGTAAGCCTT-1
Des                                     0.178
Acta2                                   0.000
Tbx18                                   0.036
Vcam1                                   0.053
Vtn                                     0.356
      CAUD_WS1H_STA682A131#AGCGATTGTAGCATGG-1
Des                                     0.000
Acta2                                   0.062
Tbx18                                   0.103
Vcam1                                   0.023
Vtn                                     0.215
      CAUD_WS1H_STA682A131#CACCACTCACGTTAGT-1
Des                                     0.000
Acta2                                   0.000
Tbx18                                   0.016
Vcam1                                   0.132
Vtn                                     0.000
      CAUD_WS1H_STA682A131#GTCACGGAGTAGGTCG-1
Des                                     0.000
Acta2                                   0.207
Tbx18                                   0.143
Vcam1                                   0.140
Vtn                                     0.184


imputeMatrix Input-Parameters$threads: length = 1
[1] 1


imputeMatrix Input-Parameters$verbose: length = 1
[1] FALSE


imputeMatrix Input-Parameters$logFile: length = 1
[1] "ArchRLogs/ArchR-plotEmbedding-53cfa42fdde47-Date-2020-10-07_Time-20-26-23.log"



2020-10-07 20:26:27 : mat, Class = matrix
      CAUD_WS1H_STA682A131#TTGAGTGAGAGCGGTT-1
Des                                     0.000
Acta2                                   0.066
Tbx18                                   0.215
Vcam1                                   0.124
Vtn                                     0.000
      CAUD_WS1H_STA682A131#TAAACCGGTAAGCCTT-1
Des                                     0.178
Acta2                                   0.000
Tbx18                                   0.036
Vcam1                                   0.053
Vtn                                     0.356
      CAUD_WS1H_STA682A131#AGCGATTGTAGCATGG-1
Des                                     0.000
Acta2                                   0.062
Tbx18                                   0.103
Vcam1                                   0.023
Vtn                                     0.215
      CAUD_WS1H_STA682A131#CACCACTCACGTTAGT-1
Des                                     0.000
Acta2                                   0.000
Tbx18                                   0.016
Vcam1                                   0.132
Vtn                                     0.000
      CAUD_WS1H_STA682A131#GTCACGGAGTAGGTCG-1
Des                                     0.000
Acta2                                   0.207
Tbx18                                   0.143
Vcam1                                   0.140
Vtn                                     0.184

mat: nRows = 9, nCols = 5918


2020-10-07 20:26:27 : weightList, Class = SimpleList

weightList$w1: length = 1
[1] "/home/bnphan/projects/snATAC_cross_species_caudate/data/raw_data/rheMac10/Stauffer_caudate/ArchR_Stauffer_caudate/ImputeWeights/Impute-Weights-Rep-1"


weightList$w2: length = 1
[1] "/home/bnphan/projects/snATAC_cross_species_caudate/data/raw_data/rheMac10/Stauffer_caudate/ArchR_Stauffer_caudate/ImputeWeights/Impute-Weights-Rep-2"


2020-10-07 20:26:27 : Imputing Matrix (1 of 2), 0 mins elapsed.

2020-10-07 20:26:27 : 

2020-10-07 20:26:27 : 
2020-10-07 20:26:27 : Imputing Matrix (2 of 2), 0.005 mins elapsed.

2020-10-07 20:26:27 : 

2020-10-07 20:26:27 : 
2020-10-07 20:26:27 : Finished Imputing Matrix, 0.011 mins elapsed.

2020-10-07 20:26:27 : colorMat-After-Impute, Class = matrix
      CAUD_WS1H_STA682A131#TTGAGTGAGAGCGGTT-1
Des                                0.07899425
Acta2                              0.11422427
Tbx18                              0.11743115
Vcam1                              0.16690289
Vtn                                0.38278618
      CAUD_WS1H_STA682A131#TAAACCGGTAAGCCTT-1
Des                                0.07226906
Acta2                              0.11765068
Tbx18                              0.11353993
Vcam1                              0.15532544
Vtn                                0.40685486
      CAUD_WS1H_STA682A131#AGCGATTGTAGCATGG-1
Des                                0.09353809
Acta2                              0.14434727
Tbx18                              0.05884700
Vcam1                              0.05556441
Vtn                                0.23990801
      CAUD_WS1H_STA682A131#CACCACTCACGTTAGT-1
Des                                0.08510436
Acta2                              0.13122424
Tbx18                              0.12833377
Vcam1                              0.18249401
Vtn                                0.39690149
      CAUD_WS1H_STA682A131#GTCACGGAGTAGGTCG-1
Des                                0.09655760
Acta2                              0.10159609
Tbx18                              0.09991367
Vcam1                              0.15044475
Vtn                                0.33437409

colorMat-After-Impute: nRows = 9, nCols = 5918


2020-10-07 20:26:27 : ColorParams 1, Class = list

ColorParams 1$color: length = 5918
CAUD_WS1H_STA682A131#TTGAGTGAGAGCGGTT-1 CAUD_WS1H_STA682A131#TAAACCGGTAAGCCTT-1 
                             0.07899425                              0.07226906 
CAUD_WS1H_STA682A131#AGCGATTGTAGCATGG-1 CAUD_WS1H_STA682A131#CACCACTCACGTTAGT-1 
                             0.09353809                              0.08510436 
CAUD_WS1H_STA682A131#GTCACGGAGTAGGTCG-1 CAUD_WS1H_STA682A131#CGGTGCAGTTGGACGA-1 
                             0.09655760                              0.07469387 


ColorParams 1$discrete: length = 1
[1] FALSE


ColorParams 1$title: length = 1
[1] "UMAP of IterativeLSI colored by\nGeneScoreMatrix : Des"


ColorParams 1$continuousSet: length = 1
[1] "horizonExtra"



2020-10-07 20:26:27 : PlotParams-1, Class = list

PlotParams-1$color: length = 5918
CAUD_WS1H_STA682A131#TTGAGTGAGAGCGGTT-1 CAUD_WS1H_STA682A131#TAAACCGGTAAGCCTT-1 
                              0.1096872                               0.1006670 
CAUD_WS1H_STA682A131#AGCGATTGTAGCATGG-1 CAUD_WS1H_STA682A131#CACCACTCACGTTAGT-1 
                              0.1290035                               0.1178338 
CAUD_WS1H_STA682A131#GTCACGGAGTAGGTCG-1 CAUD_WS1H_STA682A131#CGGTGCAGTTGGACGA-1 
                              0.1329816                               0.1039258 


PlotParams-1$title: length = 1
[1] "UMAP of IterativeLSI colored by\nGeneScoreMatrix : Des"


PlotParams-1$x: length = 5918
[1] -6.903056 -8.144493 -1.847863 -1.761109 -8.327439 -7.497838


PlotParams-1$y: length = 5918
[1]  4.504955  3.861000 11.580869 -3.817310  1.940696  4.170241


PlotParams-1$baseSize: length = 1
[1] 10


PlotParams-1$xlabel: length = 1
[1] "UMAP Dimension 1"


PlotParams-1$ylabel: length = 1
[1] "UMAP Dimension 2"


PlotParams-1$pal: length = 256
[1] "#000436" "#000439" "#00053D" "#000640" "#000744" "#000848"


PlotParams-1$colorTitle: length = 1
[1] "Log2(NormCounts + 1)"



2020-10-07 20:26:27 : PlotParams-2, Class = list

PlotParams-2$color: length = 5918
CAUD_WS1H_STA682A131#TTGAGTGAGAGCGGTT-1 CAUD_WS1H_STA682A131#TAAACCGGTAAGCCTT-1 
                              0.1560397                               0.1604693 
CAUD_WS1H_STA682A131#AGCGATTGTAGCATGG-1 CAUD_WS1H_STA682A131#CACCACTCACGTTAGT-1 
                              0.1945249                               0.1778849 
CAUD_WS1H_STA682A131#GTCACGGAGTAGGTCG-1 CAUD_WS1H_STA682A131#CGGTGCAGTTGGACGA-1 
                              0.1395953                               0.1514110 


PlotParams-2$title: length = 1
[1] "UMAP of IterativeLSI colored by\nGeneScoreMatrix : Acta2"


PlotParams-2$x: length = 5918
[1] -6.903056 -8.144493 -1.847863 -1.761109 -8.327439 -7.497838


PlotParams-2$y: length = 5918
[1]  4.504955  3.861000 11.580869 -3.817310  1.940696  4.170241


PlotParams-2$baseSize: length = 1
[1] 10


PlotParams-2$xlabel: length = 1
[1] "UMAP Dimension 1"


PlotParams-2$ylabel: length = 1
[1] "UMAP Dimension 2"


PlotParams-2$pal: length = 256
[1] "#000436" "#000439" "#00053D" "#000640" "#000744" "#000848"


PlotParams-2$colorTitle: length = 1
[1] "Log2(NormCounts + 1)"



2020-10-07 20:26:28 : PlotParams-3, Class = list

PlotParams-3$color: length = 5918
CAUD_WS1H_STA682A131#TTGAGTGAGAGCGGTT-1 CAUD_WS1H_STA682A131#TAAACCGGTAAGCCTT-1 
                             0.16018595                              0.15515329 
CAUD_WS1H_STA682A131#AGCGATTGTAGCATGG-1 CAUD_WS1H_STA682A131#CACCACTCACGTTAGT-1 
                             0.08249414                              0.17419389 
CAUD_WS1H_STA682A131#GTCACGGAGTAGGTCG-1 CAUD_WS1H_STA682A131#CGGTGCAGTTGGACGA-1 
                             0.13739029                              0.15612071 


PlotParams-3$title: length = 1
[1] "UMAP of IterativeLSI colored by\nGeneScoreMatrix : Tbx18"


PlotParams-3$x: length = 5918
[1] -6.903056 -8.144493 -1.847863 -1.761109 -8.327439 -7.497838


PlotParams-3$y: length = 5918
[1]  4.504955  3.861000 11.580869 -3.817310  1.940696  4.170241


PlotParams-3$baseSize: length = 1
[1] 10


PlotParams-3$xlabel: length = 1
[1] "UMAP Dimension 1"


PlotParams-3$ylabel: length = 1
[1] "UMAP Dimension 2"


PlotParams-3$pal: length = 256
[1] "#000436" "#000439" "#00053D" "#000640" "#000744" "#000848"


PlotParams-3$colorTitle: length = 1
[1] "Log2(NormCounts + 1)"



2020-10-07 20:26:28 : PlotParams-4, Class = list

PlotParams-4$color: length = 5918
CAUD_WS1H_STA682A131#TTGAGTGAGAGCGGTT-1 CAUD_WS1H_STA682A131#TAAACCGGTAAGCCTT-1 
                             0.22268450                              0.20829929 
CAUD_WS1H_STA682A131#AGCGATTGTAGCATGG-1 CAUD_WS1H_STA682A131#CACCACTCACGTTAGT-1 
                             0.07801461                              0.24183288 
CAUD_WS1H_STA682A131#GTCACGGAGTAGGTCG-1 CAUD_WS1H_STA682A131#CGGTGCAGTTGGACGA-1 
                             0.20219170                              0.21632948 


PlotParams-4$title: length = 1
[1] "UMAP of IterativeLSI colored by\nGeneScoreMatrix : Vcam1"


PlotParams-4$x: length = 5918
[1] -6.903056 -8.144493 -1.847863 -1.761109 -8.327439 -7.497838


PlotParams-4$y: length = 5918
[1]  4.504955  3.861000 11.580869 -3.817310  1.940696  4.170241


PlotParams-4$baseSize: length = 1
[1] 10


PlotParams-4$xlabel: length = 1
[1] "UMAP Dimension 1"


PlotParams-4$ylabel: length = 1
[1] "UMAP Dimension 2"


PlotParams-4$pal: length = 256
[1] "#000436" "#000439" "#00053D" "#000640" "#000744" "#000848"


PlotParams-4$colorTitle: length = 1
[1] "Log2(NormCounts + 1)"



2020-10-07 20:26:28 : PlotParams-5, Class = list

PlotParams-5$color: length = 5918
CAUD_WS1H_STA682A131#TTGAGTGAGAGCGGTT-1 CAUD_WS1H_STA682A131#TAAACCGGTAAGCCTT-1 
                              0.4675781                               0.4924735 
CAUD_WS1H_STA682A131#AGCGATTGTAGCATGG-1 CAUD_WS1H_STA682A131#CACCACTCACGTTAGT-1 
                              0.3102331                               0.4822303 
CAUD_WS1H_STA682A131#GTCACGGAGTAGGTCG-1 CAUD_WS1H_STA682A131#CGGTGCAGTTGGACGA-1 
                              0.4161632                               0.4860986 


PlotParams-5$title: length = 1
[1] "UMAP of IterativeLSI colored by\nGeneScoreMatrix : Vtn"


PlotParams-5$x: length = 5918
[1] -6.903056 -8.144493 -1.847863 -1.761109 -8.327439 -7.497838


PlotParams-5$y: length = 5918
[1]  4.504955  3.861000 11.580869 -3.817310  1.940696  4.170241


PlotParams-5$baseSize: length = 1
[1] 10


PlotParams-5$xlabel: length = 1
[1] "UMAP Dimension 1"


PlotParams-5$ylabel: length = 1
[1] "UMAP Dimension 2"


PlotParams-5$pal: length = 256
[1] "#000436" "#000439" "#00053D" "#000640" "#000744" "#000848"


PlotParams-5$colorTitle: length = 1
[1] "Log2(NormCounts + 1)"



2020-10-07 20:26:28 : PlotParams-6, Class = list

PlotParams-6$color: length = 5918
CAUD_WS1H_STA682A131#TTGAGTGAGAGCGGTT-1 CAUD_WS1H_STA682A131#TAAACCGGTAAGCCTT-1 
                             0.11626401                              0.09274307 
CAUD_WS1H_STA682A131#AGCGATTGTAGCATGG-1 CAUD_WS1H_STA682A131#CACCACTCACGTTAGT-1 
                             0.10983110                              0.10232971 
CAUD_WS1H_STA682A131#GTCACGGAGTAGGTCG-1 CAUD_WS1H_STA682A131#CGGTGCAGTTGGACGA-1 
                             0.07414159                              0.11215056 


PlotParams-6$title: length = 1
[1] "UMAP of IterativeLSI colored by\nGeneScoreMatrix : Anpep"


PlotParams-6$x: length = 5918
[1] -6.903056 -8.144493 -1.847863 -1.761109 -8.327439 -7.497838


PlotParams-6$y: length = 5918
[1]  4.504955  3.861000 11.580869 -3.817310  1.940696  4.170241


PlotParams-6$baseSize: length = 1
[1] 10


PlotParams-6$xlabel: length = 1
[1] "UMAP Dimension 1"


PlotParams-6$ylabel: length = 1
[1] "UMAP Dimension 2"


PlotParams-6$pal: length = 256
[1] "#000436" "#000439" "#00053D" "#000640" "#000744" "#000848"


PlotParams-6$colorTitle: length = 1
[1] "Log2(NormCounts + 1)"



2020-10-07 20:26:28 : PlotParams-7, Class = list

PlotParams-7$color: length = 5918
CAUD_WS1H_STA682A131#TTGAGTGAGAGCGGTT-1 CAUD_WS1H_STA682A131#TAAACCGGTAAGCCTT-1 
                             0.07815838                              0.08268889 
CAUD_WS1H_STA682A131#AGCGATTGTAGCATGG-1 CAUD_WS1H_STA682A131#CACCACTCACGTTAGT-1 
                             0.02703779                              0.07218494 
CAUD_WS1H_STA682A131#GTCACGGAGTAGGTCG-1 CAUD_WS1H_STA682A131#CGGTGCAGTTGGACGA-1 
                             0.12084051                              0.07399074 


PlotParams-7$title: length = 1
[1] "UMAP of IterativeLSI colored by\nGeneScoreMatrix : Ogn"


PlotParams-7$x: length = 5918
[1] -6.903056 -8.144493 -1.847863 -1.761109 -8.327439 -7.497838


PlotParams-7$y: length = 5918
[1]  4.504955  3.861000 11.580869 -3.817310  1.940696  4.170241


PlotParams-7$baseSize: length = 1
[1] 10


PlotParams-7$xlabel: length = 1
[1] "UMAP Dimension 1"


PlotParams-7$ylabel: length = 1
[1] "UMAP Dimension 2"


PlotParams-7$pal: length = 256
[1] "#000436" "#000439" "#00053D" "#000640" "#000744" "#000848"


PlotParams-7$colorTitle: length = 1
[1] "Log2(NormCounts + 1)"



2020-10-07 20:26:28 : PlotParams-8, Class = list

PlotParams-8$color: length = 5918
CAUD_WS1H_STA682A131#TTGAGTGAGAGCGGTT-1 CAUD_WS1H_STA682A131#TAAACCGGTAAGCCTT-1 
                             0.08749983                              0.06737141 
CAUD_WS1H_STA682A131#AGCGATTGTAGCATGG-1 CAUD_WS1H_STA682A131#CACCACTCACGTTAGT-1 
                             0.07172986                              0.11194993 
CAUD_WS1H_STA682A131#GTCACGGAGTAGGTCG-1 CAUD_WS1H_STA682A131#CGGTGCAGTTGGACGA-1 
                             0.05946438                              0.07856892 


PlotParams-8$title: length = 1
[1] "UMAP of IterativeLSI colored by\nGeneScoreMatrix : Lum"


PlotParams-8$x: length = 5918
[1] -6.903056 -8.144493 -1.847863 -1.761109 -8.327439 -7.497838


PlotParams-8$y: length = 5918
[1]  4.504955  3.861000 11.580869 -3.817310  1.940696  4.170241


PlotParams-8$baseSize: length = 1
[1] 10


PlotParams-8$xlabel: length = 1
[1] "UMAP Dimension 1"


PlotParams-8$ylabel: length = 1
[1] "UMAP Dimension 2"


PlotParams-8$pal: length = 256
[1] "#000436" "#000439" "#00053D" "#000640" "#000744" "#000848"


PlotParams-8$colorTitle: length = 1
[1] "Log2(NormCounts + 1)"



2020-10-07 20:26:28 : PlotParams-9, Class = list

PlotParams-9$color: length = 5918
CAUD_WS1H_STA682A131#TTGAGTGAGAGCGGTT-1 CAUD_WS1H_STA682A131#TAAACCGGTAAGCCTT-1 
                             0.07885044                              0.07500298 
CAUD_WS1H_STA682A131#AGCGATTGTAGCATGG-1 CAUD_WS1H_STA682A131#CACCACTCACGTTAGT-1 
                             0.08214300                              0.08301558 
CAUD_WS1H_STA682A131#GTCACGGAGTAGGTCG-1 CAUD_WS1H_STA682A131#CGGTGCAGTTGGACGA-1 
                             0.07826345                              0.08252898 


PlotParams-9$title: length = 1
[1] "UMAP of IterativeLSI colored by\nGeneScoreMatrix : Dcn"


PlotParams-9$x: length = 5918
[1] -6.903056 -8.144493 -1.847863 -1.761109 -8.327439 -7.497838


PlotParams-9$y: length = 5918
[1]  4.504955  3.861000 11.580869 -3.817310  1.940696  4.170241


PlotParams-9$baseSize: length = 1
[1] 10


PlotParams-9$xlabel: length = 1
[1] "UMAP Dimension 1"


PlotParams-9$ylabel: length = 1
[1] "UMAP Dimension 2"


PlotParams-9$pal: length = 256
[1] "#000436" "#000439" "#00053D" "#000640" "#000744" "#000848"


PlotParams-9$colorTitle: length = 1
[1] "Log2(NormCounts + 1)"



------- Completed

End Time : 2020-10-07 20:26:29
Elapsed Time Minutes = 0.101838465531667
Elapsed Time Hours = 0.00169735610485077

-------



