
           ___      .______        ______  __    __  .______      
          /   \     |   _  \      /      ||  |  |  | |   _  \     
         /  ^  \    |  |_)  |    |  ,----'|  |__|  | |  |_)  |    
        /  /_\  \   |      /     |  |     |   __   | |      /     
       /  _____  \  |  |\  \\___ |  `----.|  |  |  | |  |\  \\___.
      /__/     \__\ | _| `._____| \______||__|  |__| | _| `._____|
    
Logging With ArchR!

Start Time : 2020-10-07 20:36:22

------- ArchR Info

ArchRThreads = 1
ArchRGenome = Mm10

------- System Info

Computer OS = unix
Total Cores = 64

------- Session Info

R version 3.6.3 (2020-02-29)
Platform: x86_64-conda_cos6-linux-gnu (64-bit)
Running under: CentOS Linux 7 (Core)

Matrix products: default
BLAS/LAPACK: /home/bnphan/miniconda3/lib/libmkl_rt.so

locale:
 [1] LC_CTYPE=en_US.UTF-8       LC_NUMERIC=C              
 [3] LC_TIME=en_US.UTF-8        LC_COLLATE=en_US.UTF-8    
 [5] LC_MONETARY=en_US.UTF-8    LC_MESSAGES=en_US.UTF-8   
 [7] LC_PAPER=en_US.UTF-8       LC_NAME=C                 
 [9] LC_ADDRESS=C               LC_TELEPHONE=C            
[11] LC_MEASUREMENT=en_US.UTF-8 LC_IDENTIFICATION=C       

attached base packages:
[1] parallel  stats4    stats     graphics  grDevices utils     datasets 
[8] methods   base     

other attached packages:
 [1] ArchR_0.9.5                 magrittr_1.5               
 [3] rhdf5_2.30.1                Matrix_1.2-18              
 [5] data.table_1.13.0           SummarizedExperiment_1.16.1
 [7] DelayedArray_0.12.3         BiocParallel_1.20.1        
 [9] matrixStats_0.57.0          Biobase_2.46.0             
[11] GenomicRanges_1.38.0        GenomeInfoDb_1.22.1        
[13] IRanges_2.20.2              S4Vectors_0.24.4           
[15] BiocGenerics_0.32.0         ggplot2_3.3.2              
[17] colorout_1.2-2             

loaded via a namespace (and not attached):
 [1] Rcpp_1.0.5                         lattice_0.20-41                   
 [3] Rsamtools_2.2.3                    Biostrings_2.54.0                 
 [5] gtools_3.8.2                       digest_0.6.25                     
 [7] BSgenome.Mmusculus.UCSC.mm10_1.4.0 IRdisplay_0.7.0                   
 [9] plyr_1.8.6                         R6_2.4.1                          
[11] repr_1.1.0                         evaluate_0.14                     
[13] pillar_1.4.6                       zlibbioc_1.32.0                   
[15] rlang_0.4.7                        uuid_0.1-4                        
[17] hexbin_1.28.1                      labeling_0.3                      
[19] stringr_1.4.0                      RCurl_1.98-1.2                    
[21] munsell_0.5.0                      compiler_3.6.3                    
[23] rtracklayer_1.46.0                 pkgconfig_2.0.3                   
[25] base64enc_0.1-3                    htmltools_0.5.0                   
[27] tidyselect_1.1.0                   tibble_3.0.3                      
[29] GenomeInfoDbData_1.2.2             XML_3.99-0.3                      
[31] crayon_1.3.4                       dplyr_1.0.2                       
[33] withr_2.3.0                        GenomicAlignments_1.22.1          
[35] bitops_1.0-6                       grid_3.6.3                        
[37] jsonlite_1.7.1                     gtable_0.3.0                      
[39] lifecycle_0.2.0                    scales_1.1.1                      
[41] stringi_1.5.3                      farver_2.0.3                      
[43] XVector_0.26.0                     ellipsis_0.3.1                    
[45] generics_0.0.2                     vctrs_0.3.4                       
[47] cowplot_1.1.0                      IRkernel_1.1.1                    
[49] Rhdf5lib_1.8.0                     tools_3.6.3                       
[51] Cairo_1.5-12.2                     BSgenome_1.54.0                   
[53] glue_1.4.2                         purrr_0.3.4                       
[55] colorspace_1.4-1                   pbdZMQ_0.3-3                      


------- Log Info


2020-10-07 20:36:22 : addGroupCoverages Input-Parameters, Class = list

addGroupCoverages Input-Parameters$ArchRProj: length = 1
class: ArchRProject 
outputDirectory: /home/bnphan/projects/snATAC_cross_species_caudate/data/raw_data/rheMac10/Stauffer_caudate/ArchR_Stauffer_caudate_labeled 
samples(1): CAUD_WS1H_STA682A131
sampleColData names(1): ArrowFiles
cellColData names(17): Sample TSSEnrichment ... Clusters Clusters2
numberOfCells(1): 1
medianTSS(1): 7.836
medianFrags(1): 99935


addGroupCoverages Input-Parameters$groupBy: length = 1
[1] "Clusters2"


addGroupCoverages Input-Parameters$useLabels: length = 1
[1] TRUE


addGroupCoverages Input-Parameters$minCells: length = 1
[1] 40


addGroupCoverages Input-Parameters$maxCells: length = 1
[1] 500


addGroupCoverages Input-Parameters$maxFragments: length = 1
[1] 2.5e+07


addGroupCoverages Input-Parameters$minReplicates: length = 1
[1] 2


addGroupCoverages Input-Parameters$maxReplicates: length = 1
[1] 5


addGroupCoverages Input-Parameters$sampleRatio: length = 1
[1] 0.8


addGroupCoverages Input-Parameters$kmerLength: length = 1
[1] 6


addGroupCoverages Input-Parameters$threads: length = 1
[1] 1


addGroupCoverages Input-Parameters$returnGroups: length = 1
[1] FALSE


addGroupCoverages Input-Parameters$parallelParam: length = 0
NULL


addGroupCoverages Input-Parameters$force: length = 1
[1] TRUE


addGroupCoverages Input-Parameters$verbose: length = 1
[1] TRUE


addGroupCoverages Input-Parameters$logFile: length = 1
[1] "ArchRLogs/ArchR-addGroupCoverages-53cfac3d7e56-Date-2020-10-07_Time-20-36-22.log"



2020-10-07 20:36:22 : 

2020-10-07 20:36:22 : 

2020-10-07 20:36:22 : 

2020-10-07 20:36:22 : 

2020-10-07 20:36:22 : 

2020-10-07 20:36:22 : 

2020-10-07 20:36:22 : 

2020-10-07 20:36:22 : 
2020-10-07 20:36:23 : Batch Execution w/ safelapply!, 0.011 mins elapsed.
2020-10-07 20:36:23 : Group Astro._.Rep1 (1 of 16) : Creating Group Coverage File : Astro._.Rep1.insertions.coverage.h5, 0.011 mins elapsed.

2020-10-07 20:36:23 : Group Astro._.Rep1 (1 of 16) : cellGroupi, Class = character

Group Astro._.Rep1 (1 of 16) : cellGroupi: length = 500
[1] "CAUD_WS1H_STA682A131#AGATAGAGTACTTCAG-1"
[2] "CAUD_WS1H_STA682A131#CAGCTGGGTGAGGTCA-1"
[3] "CAUD_WS1H_STA682A131#GAAACAAAGTATAGTG-1"
[4] "CAUD_WS1H_STA682A131#TTGTTGTGTAGGGTCA-1"
[5] "CAUD_WS1H_STA682A131#CCACAGGTCCGTGCAG-1"
[6] "CAUD_WS1H_STA682A131#ACAAACCAGGCGCTTC-1"



2020-10-07 20:36:23 : 

2020-10-07 20:36:23 : 

2020-10-07 20:36:23 : 

2020-10-07 20:36:23 : 

2020-10-07 20:36:23 : 

2020-10-07 20:36:23 : 

2020-10-07 20:36:23 : 
2020-10-07 20:36:23 : Group Astro._.Rep1 (1 of 16) : Processed Fragments Chr (1 of 22), 0.012 mins elapsed.
2020-10-07 20:36:25 : Group Astro._.Rep1 (1 of 16) : Processed Fragments Chr (2 of 22), 0.054 mins elapsed.
2020-10-07 20:36:27 : Group Astro._.Rep1 (1 of 16) : Processed Fragments Chr (3 of 22), 0.075 mins elapsed.
2020-10-07 20:36:28 : Group Astro._.Rep1 (1 of 16) : Processed Fragments Chr (4 of 22), 0.095 mins elapsed.
2020-10-07 20:36:29 : Group Astro._.Rep1 (1 of 16) : Processed Fragments Chr (5 of 22), 0.113 mins elapsed.
2020-10-07 20:36:30 : Group Astro._.Rep1 (1 of 16) : Processed Fragments Chr (6 of 22), 0.131 mins elapsed.
2020-10-07 20:36:31 : Group Astro._.Rep1 (1 of 16) : Processed Fragments Chr (7 of 22), 0.153 mins elapsed.
2020-10-07 20:36:32 : Group Astro._.Rep1 (1 of 16) : Processed Fragments Chr (8 of 22), 0.172 mins elapsed.
2020-10-07 20:36:34 : Group Astro._.Rep1 (1 of 16) : Processed Fragments Chr (9 of 22), 0.193 mins elapsed.
2020-10-07 20:36:35 : Group Astro._.Rep1 (1 of 16) : Processed Fragments Chr (10 of 22), 0.208 mins elapsed.
2020-10-07 20:36:35 : Group Astro._.Rep1 (1 of 16) : Processed Fragments Chr (11 of 22), 0.222 mins elapsed.
2020-10-07 20:36:37 : Group Astro._.Rep1 (1 of 16) : Processed Fragments Chr (12 of 22), 0.241 mins elapsed.
2020-10-07 20:36:38 : Group Astro._.Rep1 (1 of 16) : Processed Fragments Chr (13 of 22), 0.264 mins elapsed.
2020-10-07 20:36:39 : Group Astro._.Rep1 (1 of 16) : Processed Fragments Chr (14 of 22), 0.283 mins elapsed.
2020-10-07 20:36:40 : Group Astro._.Rep1 (1 of 16) : Processed Fragments Chr (15 of 22), 0.306 mins elapsed.
2020-10-07 20:36:42 : Group Astro._.Rep1 (1 of 16) : Processed Fragments Chr (16 of 22), 0.327 mins elapsed.
2020-10-07 20:36:43 : Group Astro._.Rep1 (1 of 16) : Processed Fragments Chr (17 of 22), 0.347 mins elapsed.
2020-10-07 20:36:44 : Group Astro._.Rep1 (1 of 16) : Processed Fragments Chr (18 of 22), 0.367 mins elapsed.
2020-10-07 20:36:46 : Group Astro._.Rep1 (1 of 16) : Processed Fragments Chr (19 of 22), 0.392 mins elapsed.
2020-10-07 20:36:47 : Group Astro._.Rep1 (1 of 16) : Processed Fragments Chr (20 of 22), 0.411 mins elapsed.
2020-10-07 20:36:48 : Group Astro._.Rep1 (1 of 16) : Processed Fragments Chr (21 of 22), 0.432 mins elapsed.
2020-10-07 20:36:49 : Group Astro._.Rep1 (1 of 16) : Processed Fragments Chr (22 of 22), 0.448 mins elapsed.
2020-10-07 20:36:50 : Group Astro._.Rep2 (2 of 16) : Creating Group Coverage File : Astro._.Rep2.insertions.coverage.h5, 0.458 mins elapsed.

2020-10-07 20:36:50 : Group Astro._.Rep2 (2 of 16) : cellGroupi, Class = character

Group Astro._.Rep2 (2 of 16) : cellGroupi: length = 40
[1] "CAUD_WS1H_STA682A131#CAGTATGTCTACATCT-1"
[2] "CAUD_WS1H_STA682A131#GCCCGAATCTCGCGGA-1"
[3] "CAUD_WS1H_STA682A131#CGATGATCATCGACCG-1"
[4] "CAUD_WS1H_STA682A131#TTGGTCCTCGGATCGC-1"
[5] "CAUD_WS1H_STA682A131#GTTATTCAGGTCCTCG-1"
[6] "CAUD_WS1H_STA682A131#GTGGATTCAAGGAAGA-1"



2020-10-07 20:36:50 : 

2020-10-07 20:36:50 : 

2020-10-07 20:36:50 : 

2020-10-07 20:36:50 : 

2020-10-07 20:36:50 : 

2020-10-07 20:36:50 : 

2020-10-07 20:36:50 : 
2020-10-07 20:36:50 : Group Astro._.Rep2 (2 of 16) : Processed Fragments Chr (1 of 22), 0.459 mins elapsed.
2020-10-07 20:36:51 : Group Astro._.Rep2 (2 of 16) : Processed Fragments Chr (2 of 22), 0.475 mins elapsed.
2020-10-07 20:36:51 : Group Astro._.Rep2 (2 of 16) : Processed Fragments Chr (3 of 22), 0.489 mins elapsed.
2020-10-07 20:36:52 : Group Astro._.Rep2 (2 of 16) : Processed Fragments Chr (4 of 22), 0.502 mins elapsed.
2020-10-07 20:36:53 : Group Astro._.Rep2 (2 of 16) : Processed Fragments Chr (5 of 22), 0.515 mins elapsed.
2020-10-07 20:36:54 : Group Astro._.Rep2 (2 of 16) : Processed Fragments Chr (6 of 22), 0.528 mins elapsed.
2020-10-07 20:36:55 : Group Astro._.Rep2 (2 of 16) : Processed Fragments Chr (7 of 22), 0.541 mins elapsed.
2020-10-07 20:36:55 : Group Astro._.Rep2 (2 of 16) : Processed Fragments Chr (8 of 22), 0.553 mins elapsed.
2020-10-07 20:36:56 : Group Astro._.Rep2 (2 of 16) : Processed Fragments Chr (9 of 22), 0.566 mins elapsed.
2020-10-07 20:36:57 : Group Astro._.Rep2 (2 of 16) : Processed Fragments Chr (10 of 22), 0.578 mins elapsed.
2020-10-07 20:36:57 : Group Astro._.Rep2 (2 of 16) : Processed Fragments Chr (11 of 22), 0.589 mins elapsed.
2020-10-07 20:36:58 : Group Astro._.Rep2 (2 of 16) : Processed Fragments Chr (12 of 22), 0.601 mins elapsed.
2020-10-07 20:36:59 : Group Astro._.Rep2 (2 of 16) : Processed Fragments Chr (13 of 22), 0.615 mins elapsed.
2020-10-07 20:37:00 : Group Astro._.Rep2 (2 of 16) : Processed Fragments Chr (14 of 22), 0.627 mins elapsed.
2020-10-07 20:37:00 : Group Astro._.Rep2 (2 of 16) : Processed Fragments Chr (15 of 22), 0.64 mins elapsed.
2020-10-07 20:37:01 : Group Astro._.Rep2 (2 of 16) : Processed Fragments Chr (16 of 22), 0.653 mins elapsed.
2020-10-07 20:37:02 : Group Astro._.Rep2 (2 of 16) : Processed Fragments Chr (17 of 22), 0.666 mins elapsed.
2020-10-07 20:37:03 : Group Astro._.Rep2 (2 of 16) : Processed Fragments Chr (18 of 22), 0.679 mins elapsed.
2020-10-07 20:37:04 : Group Astro._.Rep2 (2 of 16) : Processed Fragments Chr (19 of 22), 0.693 mins elapsed.
2020-10-07 20:37:04 : Group Astro._.Rep2 (2 of 16) : Processed Fragments Chr (20 of 22), 0.705 mins elapsed.
2020-10-07 20:37:05 : Group Astro._.Rep2 (2 of 16) : Processed Fragments Chr (21 of 22), 0.718 mins elapsed.
2020-10-07 20:37:06 : Group Astro._.Rep2 (2 of 16) : Processed Fragments Chr (22 of 22), 0.729 mins elapsed.
2020-10-07 20:37:06 : Group Interneuron._.Rep1 (3 of 16) : Creating Group Coverage File : Interneuron._.Rep1.insertions.coverage.h5, 0.739 mins elapsed.

2020-10-07 20:37:06 : Group Interneuron._.Rep1 (3 of 16) : cellGroupi, Class = character

Group Interneuron._.Rep1 (3 of 16) : cellGroupi: length = 191
[1] "CAUD_WS1H_STA682A131#ACAAACCAGGTCTTTG-1"
[2] "CAUD_WS1H_STA682A131#TGGCCTTAGGTAAGCC-1"
[3] "CAUD_WS1H_STA682A131#TCTCTGGGTATCCCTC-1"
[4] "CAUD_WS1H_STA682A131#ATTCGTTTCCCTATTA-1"
[5] "CAUD_WS1H_STA682A131#GTGGATTAGTCGATAA-1"
[6] "CAUD_WS1H_STA682A131#GGGTCTGCATGCCTTC-1"



2020-10-07 20:37:06 : 

2020-10-07 20:37:06 : 

2020-10-07 20:37:06 : 

2020-10-07 20:37:06 : 

2020-10-07 20:37:06 : 

2020-10-07 20:37:06 : 

2020-10-07 20:37:06 : 
2020-10-07 20:37:06 : Group Interneuron._.Rep1 (3 of 16) : Processed Fragments Chr (1 of 22), 0.74 mins elapsed.
2020-10-07 20:37:08 : Group Interneuron._.Rep1 (3 of 16) : Processed Fragments Chr (2 of 22), 0.759 mins elapsed.
2020-10-07 20:37:09 : Group Interneuron._.Rep1 (3 of 16) : Processed Fragments Chr (3 of 22), 0.774 mins elapsed.
2020-10-07 20:37:09 : Group Interneuron._.Rep1 (3 of 16) : Processed Fragments Chr (4 of 22), 0.789 mins elapsed.
2020-10-07 20:37:10 : Group Interneuron._.Rep1 (3 of 16) : Processed Fragments Chr (5 of 22), 0.803 mins elapsed.
2020-10-07 20:37:11 : Group Interneuron._.Rep1 (3 of 16) : Processed Fragments Chr (6 of 22), 0.817 mins elapsed.
2020-10-07 20:37:12 : Group Interneuron._.Rep1 (3 of 16) : Processed Fragments Chr (7 of 22), 0.832 mins elapsed.
2020-10-07 20:37:13 : Group Interneuron._.Rep1 (3 of 16) : Processed Fragments Chr (8 of 22), 0.846 mins elapsed.
2020-10-07 20:37:14 : Group Interneuron._.Rep1 (3 of 16) : Processed Fragments Chr (9 of 22), 0.861 mins elapsed.
2020-10-07 20:37:15 : Group Interneuron._.Rep1 (3 of 16) : Processed Fragments Chr (10 of 22), 0.874 mins elapsed.
2020-10-07 20:37:15 : Group Interneuron._.Rep1 (3 of 16) : Processed Fragments Chr (11 of 22), 0.886 mins elapsed.
2020-10-07 20:37:16 : Group Interneuron._.Rep1 (3 of 16) : Processed Fragments Chr (12 of 22), 0.899 mins elapsed.
2020-10-07 20:37:17 : Group Interneuron._.Rep1 (3 of 16) : Processed Fragments Chr (13 of 22), 0.915 mins elapsed.
2020-10-07 20:37:18 : Group Interneuron._.Rep1 (3 of 16) : Processed Fragments Chr (14 of 22), 0.929 mins elapsed.
2020-10-07 20:37:19 : Group Interneuron._.Rep1 (3 of 16) : Processed Fragments Chr (15 of 22), 0.945 mins elapsed.
2020-10-07 20:37:20 : Group Interneuron._.Rep1 (3 of 16) : Processed Fragments Chr (16 of 22), 0.961 mins elapsed.
2020-10-07 20:37:21 : Group Interneuron._.Rep1 (3 of 16) : Processed Fragments Chr (17 of 22), 0.976 mins elapsed.
2020-10-07 20:37:22 : Group Interneuron._.Rep1 (3 of 16) : Processed Fragments Chr (18 of 22), 0.991 mins elapsed.
2020-10-07 20:37:23 : Group Interneuron._.Rep1 (3 of 16) : Processed Fragments Chr (19 of 22), 1.008 mins elapsed.
2020-10-07 20:37:23 : Group Interneuron._.Rep1 (3 of 16) : Processed Fragments Chr (20 of 22), 1.022 mins elapsed.
2020-10-07 20:37:24 : Group Interneuron._.Rep1 (3 of 16) : Processed Fragments Chr (21 of 22), 1.037 mins elapsed.
2020-10-07 20:37:25 : Group Interneuron._.Rep1 (3 of 16) : Processed Fragments Chr (22 of 22), 1.049 mins elapsed.
2020-10-07 20:37:26 : Group Interneuron._.Rep2 (4 of 16) : Creating Group Coverage File : Interneuron._.Rep2.insertions.coverage.h5, 1.059 mins elapsed.

2020-10-07 20:37:26 : Group Interneuron._.Rep2 (4 of 16) : cellGroupi, Class = character

Group Interneuron._.Rep2 (4 of 16) : cellGroupi: length = 40
[1] "CAUD_WS1H_STA682A131#CCTGGGATCAAACCAC-1"
[2] "CAUD_WS1H_STA682A131#TTGACGAGTGTCCAGC-1"
[3] "CAUD_WS1H_STA682A131#GTGCCAGAGCGAGCTA-1"
[4] "CAUD_WS1H_STA682A131#GTTATGGTCGGGACAA-1"
[5] "CAUD_WS1H_STA682A131#TAGTCCCAGCTAGCAG-1"
[6] "CAUD_WS1H_STA682A131#CCGAAGCCAGAGAGAA-1"



2020-10-07 20:37:26 : 

2020-10-07 20:37:26 : 

2020-10-07 20:37:26 : 

2020-10-07 20:37:26 : 

2020-10-07 20:37:26 : 

2020-10-07 20:37:26 : 

2020-10-07 20:37:26 : 
2020-10-07 20:37:26 : Group Interneuron._.Rep2 (4 of 16) : Processed Fragments Chr (1 of 22), 1.06 mins elapsed.
2020-10-07 20:37:27 : Group Interneuron._.Rep2 (4 of 16) : Processed Fragments Chr (2 of 22), 1.075 mins elapsed.
2020-10-07 20:37:27 : Group Interneuron._.Rep2 (4 of 16) : Processed Fragments Chr (3 of 22), 1.087 mins elapsed.
2020-10-07 20:37:28 : Group Interneuron._.Rep2 (4 of 16) : Processed Fragments Chr (4 of 22), 1.1 mins elapsed.
2020-10-07 20:37:29 : Group Interneuron._.Rep2 (4 of 16) : Processed Fragments Chr (5 of 22), 1.112 mins elapsed.
2020-10-07 20:37:30 : Group Interneuron._.Rep2 (4 of 16) : Processed Fragments Chr (6 of 22), 1.124 mins elapsed.
2020-10-07 20:37:30 : Group Interneuron._.Rep2 (4 of 16) : Processed Fragments Chr (7 of 22), 1.137 mins elapsed.
2020-10-07 20:37:31 : Group Interneuron._.Rep2 (4 of 16) : Processed Fragments Chr (8 of 22), 1.15 mins elapsed.
2020-10-07 20:37:32 : Group Interneuron._.Rep2 (4 of 16) : Processed Fragments Chr (9 of 22), 1.162 mins elapsed.
2020-10-07 20:37:33 : Group Interneuron._.Rep2 (4 of 16) : Processed Fragments Chr (10 of 22), 1.174 mins elapsed.
2020-10-07 20:37:33 : Group Interneuron._.Rep2 (4 of 16) : Processed Fragments Chr (11 of 22), 1.185 mins elapsed.
2020-10-07 20:37:34 : Group Interneuron._.Rep2 (4 of 16) : Processed Fragments Chr (12 of 22), 1.197 mins elapsed.
2020-10-07 20:37:35 : Group Interneuron._.Rep2 (4 of 16) : Processed Fragments Chr (13 of 22), 1.21 mins elapsed.
2020-10-07 20:37:35 : Group Interneuron._.Rep2 (4 of 16) : Processed Fragments Chr (14 of 22), 1.222 mins elapsed.
2020-10-07 20:37:36 : Group Interneuron._.Rep2 (4 of 16) : Processed Fragments Chr (15 of 22), 1.236 mins elapsed.
2020-10-07 20:37:37 : Group Interneuron._.Rep2 (4 of 16) : Processed Fragments Chr (16 of 22), 1.248 mins elapsed.
2020-10-07 20:37:38 : Group Interneuron._.Rep2 (4 of 16) : Processed Fragments Chr (17 of 22), 1.261 mins elapsed.
2020-10-07 20:37:39 : Group Interneuron._.Rep2 (4 of 16) : Processed Fragments Chr (18 of 22), 1.274 mins elapsed.
2020-10-07 20:37:39 : Group Interneuron._.Rep2 (4 of 16) : Processed Fragments Chr (19 of 22), 1.287 mins elapsed.
2020-10-07 20:37:40 : Group Interneuron._.Rep2 (4 of 16) : Processed Fragments Chr (20 of 22), 1.3 mins elapsed.
2020-10-07 20:37:41 : Group Interneuron._.Rep2 (4 of 16) : Processed Fragments Chr (21 of 22), 1.312 mins elapsed.
2020-10-07 20:37:42 : Group Interneuron._.Rep2 (4 of 16) : Processed Fragments Chr (22 of 22), 1.324 mins elapsed.
2020-10-07 20:37:42 : Group Microglia._.Rep1 (5 of 16) : Creating Group Coverage File : Microglia._.Rep1.insertions.coverage.h5, 1.334 mins elapsed.

2020-10-07 20:37:42 : Group Microglia._.Rep1 (5 of 16) : cellGroupi, Class = character

Group Microglia._.Rep1 (5 of 16) : cellGroupi: length = 479
[1] "CAUD_WS1H_STA682A131#TGCCTCAAGTTCAACC-1"
[2] "CAUD_WS1H_STA682A131#AATGCCAGTTGCTTGA-1"
[3] "CAUD_WS1H_STA682A131#TACGCAAAGGCTCCTG-1"
[4] "CAUD_WS1H_STA682A131#CTTGAAGCACTACACA-1"
[5] "CAUD_WS1H_STA682A131#GCTCCTAGTTACTTTC-1"
[6] "CAUD_WS1H_STA682A131#GCTCGAGCACCCTTAC-1"



2020-10-07 20:37:42 : 

2020-10-07 20:37:42 : 

2020-10-07 20:37:42 : 

2020-10-07 20:37:42 : 

2020-10-07 20:37:42 : 

2020-10-07 20:37:42 : 

2020-10-07 20:37:42 : 
2020-10-07 20:37:42 : Group Microglia._.Rep1 (5 of 16) : Processed Fragments Chr (1 of 22), 1.335 mins elapsed.
2020-10-07 20:37:44 : Group Microglia._.Rep1 (5 of 16) : Processed Fragments Chr (2 of 22), 1.362 mins elapsed.
2020-10-07 20:37:45 : Group Microglia._.Rep1 (5 of 16) : Processed Fragments Chr (3 of 22), 1.38 mins elapsed.
2020-10-07 20:37:46 : Group Microglia._.Rep1 (5 of 16) : Processed Fragments Chr (4 of 22), 1.398 mins elapsed.
2020-10-07 20:37:47 : Group Microglia._.Rep1 (5 of 16) : Processed Fragments Chr (5 of 22), 1.415 mins elapsed.
2020-10-07 20:37:48 : Group Microglia._.Rep1 (5 of 16) : Processed Fragments Chr (6 of 22), 1.432 mins elapsed.
2020-10-07 20:37:49 : Group Microglia._.Rep1 (5 of 16) : Processed Fragments Chr (7 of 22), 1.452 mins elapsed.
2020-10-07 20:37:50 : Group Microglia._.Rep1 (5 of 16) : Processed Fragments Chr (8 of 22), 1.469 mins elapsed.
2020-10-07 20:37:51 : Group Microglia._.Rep1 (5 of 16) : Processed Fragments Chr (9 of 22), 1.486 mins elapsed.
2020-10-07 20:37:52 : Group Microglia._.Rep1 (5 of 16) : Processed Fragments Chr (10 of 22), 1.5 mins elapsed.
2020-10-07 20:37:53 : Group Microglia._.Rep1 (5 of 16) : Processed Fragments Chr (11 of 22), 1.514 mins elapsed.
2020-10-07 20:37:54 : Group Microglia._.Rep1 (5 of 16) : Processed Fragments Chr (12 of 22), 1.531 mins elapsed.
2020-10-07 20:37:55 : Group Microglia._.Rep1 (5 of 16) : Processed Fragments Chr (13 of 22), 1.551 mins elapsed.
2020-10-07 20:37:56 : Group Microglia._.Rep1 (5 of 16) : Processed Fragments Chr (14 of 22), 1.568 mins elapsed.
2020-10-07 20:37:57 : Group Microglia._.Rep1 (5 of 16) : Processed Fragments Chr (15 of 22), 1.587 mins elapsed.
2020-10-07 20:37:59 : Group Microglia._.Rep1 (5 of 16) : Processed Fragments Chr (16 of 22), 1.607 mins elapsed.
2020-10-07 20:38:00 : Group Microglia._.Rep1 (5 of 16) : Processed Fragments Chr (17 of 22), 1.625 mins elapsed.
2020-10-07 20:38:01 : Group Microglia._.Rep1 (5 of 16) : Processed Fragments Chr (18 of 22), 1.644 mins elapsed.
2020-10-07 20:38:02 : Group Microglia._.Rep1 (5 of 16) : Processed Fragments Chr (19 of 22), 1.664 mins elapsed.
2020-10-07 20:38:03 : Group Microglia._.Rep1 (5 of 16) : Processed Fragments Chr (20 of 22), 1.681 mins elapsed.
2020-10-07 20:38:04 : Group Microglia._.Rep1 (5 of 16) : Processed Fragments Chr (21 of 22), 1.699 mins elapsed.
2020-10-07 20:38:05 : Group Microglia._.Rep1 (5 of 16) : Processed Fragments Chr (22 of 22), 1.713 mins elapsed.
2020-10-07 20:38:05 : Group Microglia._.Rep2 (6 of 16) : Creating Group Coverage File : Microglia._.Rep2.insertions.coverage.h5, 1.723 mins elapsed.

2020-10-07 20:38:05 : Group Microglia._.Rep2 (6 of 16) : cellGroupi, Class = character

Group Microglia._.Rep2 (6 of 16) : cellGroupi: length = 40
[1] "CAUD_WS1H_STA682A131#TTATGTCAGATTGACA-1"
[2] "CAUD_WS1H_STA682A131#CCTTGGTAGAAGGGCG-1"
[3] "CAUD_WS1H_STA682A131#TGCTCACCAAGGAACC-1"
[4] "CAUD_WS1H_STA682A131#TATGTGGAGCCTATAC-1"
[5] "CAUD_WS1H_STA682A131#CAGCTAATCCGCTATC-1"
[6] "CAUD_WS1H_STA682A131#CCTCCCTCAAGCAACG-1"



2020-10-07 20:38:05 : 

2020-10-07 20:38:05 : 

2020-10-07 20:38:05 : 

2020-10-07 20:38:05 : 

2020-10-07 20:38:05 : 

2020-10-07 20:38:06 : 

2020-10-07 20:38:06 : 
2020-10-07 20:38:06 : Group Microglia._.Rep2 (6 of 16) : Processed Fragments Chr (1 of 22), 1.724 mins elapsed.
2020-10-07 20:38:06 : Group Microglia._.Rep2 (6 of 16) : Processed Fragments Chr (2 of 22), 1.739 mins elapsed.
2020-10-07 20:38:07 : Group Microglia._.Rep2 (6 of 16) : Processed Fragments Chr (3 of 22), 1.751 mins elapsed.
2020-10-07 20:38:08 : Group Microglia._.Rep2 (6 of 16) : Processed Fragments Chr (4 of 22), 1.764 mins elapsed.
2020-10-07 20:38:09 : Group Microglia._.Rep2 (6 of 16) : Processed Fragments Chr (5 of 22), 1.776 mins elapsed.
2020-10-07 20:38:09 : Group Microglia._.Rep2 (6 of 16) : Processed Fragments Chr (6 of 22), 1.788 mins elapsed.
2020-10-07 20:38:10 : Group Microglia._.Rep2 (6 of 16) : Processed Fragments Chr (7 of 22), 1.801 mins elapsed.
2020-10-07 20:38:11 : Group Microglia._.Rep2 (6 of 16) : Processed Fragments Chr (8 of 22), 1.813 mins elapsed.
2020-10-07 20:38:12 : Group Microglia._.Rep2 (6 of 16) : Processed Fragments Chr (9 of 22), 1.826 mins elapsed.
2020-10-07 20:38:12 : Group Microglia._.Rep2 (6 of 16) : Processed Fragments Chr (10 of 22), 1.837 mins elapsed.
2020-10-07 20:38:13 : Group Microglia._.Rep2 (6 of 16) : Processed Fragments Chr (11 of 22), 1.848 mins elapsed.
2020-10-07 20:38:14 : Group Microglia._.Rep2 (6 of 16) : Processed Fragments Chr (12 of 22), 1.86 mins elapsed.
2020-10-07 20:38:15 : Group Microglia._.Rep2 (6 of 16) : Processed Fragments Chr (13 of 22), 1.874 mins elapsed.
2020-10-07 20:38:15 : Group Microglia._.Rep2 (6 of 16) : Processed Fragments Chr (14 of 22), 1.886 mins elapsed.
2020-10-07 20:38:16 : Group Microglia._.Rep2 (6 of 16) : Processed Fragments Chr (15 of 22), 1.899 mins elapsed.
2020-10-07 20:38:17 : Group Microglia._.Rep2 (6 of 16) : Processed Fragments Chr (16 of 22), 1.912 mins elapsed.
2020-10-07 20:38:18 : Group Microglia._.Rep2 (6 of 16) : Processed Fragments Chr (17 of 22), 1.925 mins elapsed.
2020-10-07 20:38:18 : Group Microglia._.Rep2 (6 of 16) : Processed Fragments Chr (18 of 22), 1.938 mins elapsed.
2020-10-07 20:38:19 : Group Microglia._.Rep2 (6 of 16) : Processed Fragments Chr (19 of 22), 1.951 mins elapsed.
2020-10-07 20:38:20 : Group Microglia._.Rep2 (6 of 16) : Processed Fragments Chr (20 of 22), 1.963 mins elapsed.
2020-10-07 20:38:21 : Group Microglia._.Rep2 (6 of 16) : Processed Fragments Chr (21 of 22), 1.976 mins elapsed.
2020-10-07 20:38:21 : Group Microglia._.Rep2 (6 of 16) : Processed Fragments Chr (22 of 22), 1.987 mins elapsed.
2020-10-07 20:38:22 : Group MSN_D1._.Rep1 (7 of 16) : Creating Group Coverage File : MSN_D1._.Rep1.insertions.coverage.h5, 1.997 mins elapsed.

2020-10-07 20:38:22 : Group MSN_D1._.Rep1 (7 of 16) : cellGroupi, Class = character

Group MSN_D1._.Rep1 (7 of 16) : cellGroupi: length = 433
[1] "CAUD_WS1H_STA682A131#CGTACAACAAGCAACG-1"
[2] "CAUD_WS1H_STA682A131#TGTTAGGTCGTTGTTT-1"
[3] "CAUD_WS1H_STA682A131#CCAATGACAAGTCTGT-1"
[4] "CAUD_WS1H_STA682A131#GCTGTTCCAAGTTGCT-1"
[5] "CAUD_WS1H_STA682A131#GCTTGCTTCCTAGAGT-1"
[6] "CAUD_WS1H_STA682A131#TTCATTGCAATCCATG-1"



2020-10-07 20:38:22 : 

2020-10-07 20:38:22 : 

2020-10-07 20:38:22 : 

2020-10-07 20:38:22 : 

2020-10-07 20:38:22 : 

2020-10-07 20:38:22 : 

2020-10-07 20:38:22 : 
2020-10-07 20:38:22 : Group MSN_D1._.Rep1 (7 of 16) : Processed Fragments Chr (1 of 22), 1.998 mins elapsed.
2020-10-07 20:38:25 : Group MSN_D1._.Rep1 (7 of 16) : Processed Fragments Chr (2 of 22), 2.042 mins elapsed.
2020-10-07 20:38:26 : Group MSN_D1._.Rep1 (7 of 16) : Processed Fragments Chr (3 of 22), 2.069 mins elapsed.
2020-10-07 20:38:28 : Group MSN_D1._.Rep1 (7 of 16) : Processed Fragments Chr (4 of 22), 2.098 mins elapsed.
2020-10-07 20:38:29 : Group MSN_D1._.Rep1 (7 of 16) : Processed Fragments Chr (5 of 22), 2.123 mins elapsed.
2020-10-07 20:38:31 : Group MSN_D1._.Rep1 (7 of 16) : Processed Fragments Chr (6 of 22), 2.148 mins elapsed.
2020-10-07 20:38:33 : Group MSN_D1._.Rep1 (7 of 16) : Processed Fragments Chr (7 of 22), 2.178 mins elapsed.
2020-10-07 20:38:34 : Group MSN_D1._.Rep1 (7 of 16) : Processed Fragments Chr (8 of 22), 2.202 mins elapsed.
2020-10-07 20:38:36 : Group MSN_D1._.Rep1 (7 of 16) : Processed Fragments Chr (9 of 22), 2.228 mins elapsed.
2020-10-07 20:38:37 : Group MSN_D1._.Rep1 (7 of 16) : Processed Fragments Chr (10 of 22), 2.25 mins elapsed.
2020-10-07 20:38:38 : Group MSN_D1._.Rep1 (7 of 16) : Processed Fragments Chr (11 of 22), 2.269 mins elapsed.
2020-10-07 20:38:40 : Group MSN_D1._.Rep1 (7 of 16) : Processed Fragments Chr (12 of 22), 2.291 mins elapsed.
2020-10-07 20:38:42 : Group MSN_D1._.Rep1 (7 of 16) : Processed Fragments Chr (13 of 22), 2.327 mins elapsed.
2020-10-07 20:38:43 : Group MSN_D1._.Rep1 (7 of 16) : Processed Fragments Chr (14 of 22), 2.352 mins elapsed.
2020-10-07 20:38:45 : Group MSN_D1._.Rep1 (7 of 16) : Processed Fragments Chr (15 of 22), 2.386 mins elapsed.
2020-10-07 20:38:47 : Group MSN_D1._.Rep1 (7 of 16) : Processed Fragments Chr (16 of 22), 2.419 mins elapsed.
2020-10-07 20:38:49 : Group MSN_D1._.Rep1 (7 of 16) : Processed Fragments Chr (17 of 22), 2.449 mins elapsed.
2020-10-07 20:38:51 : Group MSN_D1._.Rep1 (7 of 16) : Processed Fragments Chr (18 of 22), 2.481 mins elapsed.
2020-10-07 20:38:53 : Group MSN_D1._.Rep1 (7 of 16) : Processed Fragments Chr (19 of 22), 2.517 mins elapsed.
2020-10-07 20:38:55 : Group MSN_D1._.Rep1 (7 of 16) : Processed Fragments Chr (20 of 22), 2.545 mins elapsed.
2020-10-07 20:38:56 : Group MSN_D1._.Rep1 (7 of 16) : Processed Fragments Chr (21 of 22), 2.572 mins elapsed.
2020-10-07 20:38:58 : Group MSN_D1._.Rep1 (7 of 16) : Processed Fragments Chr (22 of 22), 2.593 mins elapsed.
2020-10-07 20:38:58 : Group MSN_D1._.Rep2 (8 of 16) : Creating Group Coverage File : MSN_D1._.Rep2.insertions.coverage.h5, 2.604 mins elapsed.

2020-10-07 20:38:58 : Group MSN_D1._.Rep2 (8 of 16) : cellGroupi, Class = character

Group MSN_D1._.Rep2 (8 of 16) : cellGroupi: length = 40
[1] "CAUD_WS1H_STA682A131#TGAATCGCATAGCAGG-1"
[2] "CAUD_WS1H_STA682A131#TCAGTCCGTGCTGGCT-1"
[3] "CAUD_WS1H_STA682A131#GCCTACTCAGGGAGTT-1"
[4] "CAUD_WS1H_STA682A131#TTACCCGAGGTTCGTT-1"
[5] "CAUD_WS1H_STA682A131#GTTACGACAACGCAAG-1"
[6] "CAUD_WS1H_STA682A131#GAGCATTAGGATATCA-1"



2020-10-07 20:38:58 : 

2020-10-07 20:38:58 : 

2020-10-07 20:38:58 : 

2020-10-07 20:38:58 : 

2020-10-07 20:38:58 : 

2020-10-07 20:38:58 : 

2020-10-07 20:38:58 : 
2020-10-07 20:38:58 : Group MSN_D1._.Rep2 (8 of 16) : Processed Fragments Chr (1 of 22), 2.605 mins elapsed.
2020-10-07 20:38:59 : Group MSN_D1._.Rep2 (8 of 16) : Processed Fragments Chr (2 of 22), 2.623 mins elapsed.
2020-10-07 20:39:00 : Group MSN_D1._.Rep2 (8 of 16) : Processed Fragments Chr (3 of 22), 2.637 mins elapsed.
2020-10-07 20:39:01 : Group MSN_D1._.Rep2 (8 of 16) : Processed Fragments Chr (4 of 22), 2.652 mins elapsed.
2020-10-07 20:39:02 : Group MSN_D1._.Rep2 (8 of 16) : Processed Fragments Chr (5 of 22), 2.665 mins elapsed.
2020-10-07 20:39:03 : Group MSN_D1._.Rep2 (8 of 16) : Processed Fragments Chr (6 of 22), 2.678 mins elapsed.
2020-10-07 20:39:04 : Group MSN_D1._.Rep2 (8 of 16) : Processed Fragments Chr (7 of 22), 2.692 mins elapsed.
2020-10-07 20:39:04 : Group MSN_D1._.Rep2 (8 of 16) : Processed Fragments Chr (8 of 22), 2.704 mins elapsed.
2020-10-07 20:39:05 : Group MSN_D1._.Rep2 (8 of 16) : Processed Fragments Chr (9 of 22), 2.717 mins elapsed.
2020-10-07 20:39:06 : Group MSN_D1._.Rep2 (8 of 16) : Processed Fragments Chr (10 of 22), 2.729 mins elapsed.
2020-10-07 20:39:07 : Group MSN_D1._.Rep2 (8 of 16) : Processed Fragments Chr (11 of 22), 2.741 mins elapsed.
2020-10-07 20:39:07 : Group MSN_D1._.Rep2 (8 of 16) : Processed Fragments Chr (12 of 22), 2.753 mins elapsed.
2020-10-07 20:39:08 : Group MSN_D1._.Rep2 (8 of 16) : Processed Fragments Chr (13 of 22), 2.768 mins elapsed.
2020-10-07 20:39:09 : Group MSN_D1._.Rep2 (8 of 16) : Processed Fragments Chr (14 of 22), 2.781 mins elapsed.
2020-10-07 20:39:10 : Group MSN_D1._.Rep2 (8 of 16) : Processed Fragments Chr (15 of 22), 2.795 mins elapsed.
2020-10-07 20:39:11 : Group MSN_D1._.Rep2 (8 of 16) : Processed Fragments Chr (16 of 22), 2.809 mins elapsed.
2020-10-07 20:39:11 : Group MSN_D1._.Rep2 (8 of 16) : Processed Fragments Chr (17 of 22), 2.823 mins elapsed.
2020-10-07 20:39:12 : Group MSN_D1._.Rep2 (8 of 16) : Processed Fragments Chr (18 of 22), 2.837 mins elapsed.
2020-10-07 20:39:13 : Group MSN_D1._.Rep2 (8 of 16) : Processed Fragments Chr (19 of 22), 2.851 mins elapsed.
2020-10-07 20:39:14 : Group MSN_D1._.Rep2 (8 of 16) : Processed Fragments Chr (20 of 22), 2.865 mins elapsed.
2020-10-07 20:39:15 : Group MSN_D1._.Rep2 (8 of 16) : Processed Fragments Chr (21 of 22), 2.878 mins elapsed.
2020-10-07 20:39:15 : Group MSN_D1._.Rep2 (8 of 16) : Processed Fragments Chr (22 of 22), 2.89 mins elapsed.
2020-10-07 20:39:16 : Group MSN_D2._.Rep1 (9 of 16) : Creating Group Coverage File : MSN_D2._.Rep1.insertions.coverage.h5, 2.9 mins elapsed.

2020-10-07 20:39:16 : Group MSN_D2._.Rep1 (9 of 16) : cellGroupi, Class = character

Group MSN_D2._.Rep1 (9 of 16) : cellGroupi: length = 423
[1] "CAUD_WS1H_STA682A131#GGAACTTAGAACTCCT-1"
[2] "CAUD_WS1H_STA682A131#GCCCGAAAGGCTCAGA-1"
[3] "CAUD_WS1H_STA682A131#CAGCCTTAGGCTCAGA-1"
[4] "CAUD_WS1H_STA682A131#AGTCCGGAGGCTCAGA-1"
[5] "CAUD_WS1H_STA682A131#CGGACCACAGATACAA-1"
[6] "CAUD_WS1H_STA682A131#TAGGTCAAGGCTCAGA-1"



2020-10-07 20:39:16 : 

2020-10-07 20:39:16 : 

2020-10-07 20:39:16 : 

2020-10-07 20:39:16 : 

2020-10-07 20:39:16 : 

2020-10-07 20:39:16 : 

2020-10-07 20:39:16 : 
2020-10-07 20:39:16 : Group MSN_D2._.Rep1 (9 of 16) : Processed Fragments Chr (1 of 22), 2.9 mins elapsed.
2020-10-07 20:39:19 : Group MSN_D2._.Rep1 (9 of 16) : Processed Fragments Chr (2 of 22), 2.945 mins elapsed.
2020-10-07 20:39:20 : Group MSN_D2._.Rep1 (9 of 16) : Processed Fragments Chr (3 of 22), 2.973 mins elapsed.
2020-10-07 20:39:22 : Group MSN_D2._.Rep1 (9 of 16) : Processed Fragments Chr (4 of 22), 3.003 mins elapsed.
2020-10-07 20:39:24 : Group MSN_D2._.Rep1 (9 of 16) : Processed Fragments Chr (5 of 22), 3.029 mins elapsed.
2020-10-07 20:39:25 : Group MSN_D2._.Rep1 (9 of 16) : Processed Fragments Chr (6 of 22), 3.054 mins elapsed.
2020-10-07 20:39:27 : Group MSN_D2._.Rep1 (9 of 16) : Processed Fragments Chr (7 of 22), 3.084 mins elapsed.
2020-10-07 20:39:29 : Group MSN_D2._.Rep1 (9 of 16) : Processed Fragments Chr (8 of 22), 3.108 mins elapsed.
2020-10-07 20:39:30 : Group MSN_D2._.Rep1 (9 of 16) : Processed Fragments Chr (9 of 22), 3.132 mins elapsed.
2020-10-07 20:39:31 : Group MSN_D2._.Rep1 (9 of 16) : Processed Fragments Chr (10 of 22), 3.153 mins elapsed.
2020-10-07 20:39:32 : Group MSN_D2._.Rep1 (9 of 16) : Processed Fragments Chr (11 of 22), 3.172 mins elapsed.
2020-10-07 20:39:34 : Group MSN_D2._.Rep1 (9 of 16) : Processed Fragments Chr (12 of 22), 3.193 mins elapsed.
2020-10-07 20:39:36 : Group MSN_D2._.Rep1 (9 of 16) : Processed Fragments Chr (13 of 22), 3.229 mins elapsed.
2020-10-07 20:39:37 : Group MSN_D2._.Rep1 (9 of 16) : Processed Fragments Chr (14 of 22), 3.253 mins elapsed.
2020-10-07 20:39:39 : Group MSN_D2._.Rep1 (9 of 16) : Processed Fragments Chr (15 of 22), 3.288 mins elapsed.
2020-10-07 20:39:41 : Group MSN_D2._.Rep1 (9 of 16) : Processed Fragments Chr (16 of 22), 3.32 mins elapsed.
2020-10-07 20:39:43 : Group MSN_D2._.Rep1 (9 of 16) : Processed Fragments Chr (17 of 22), 3.35 mins elapsed.
2020-10-07 20:39:45 : Group MSN_D2._.Rep1 (9 of 16) : Processed Fragments Chr (18 of 22), 3.382 mins elapsed.
2020-10-07 20:39:47 : Group MSN_D2._.Rep1 (9 of 16) : Processed Fragments Chr (19 of 22), 3.418 mins elapsed.
2020-10-07 20:39:49 : Group MSN_D2._.Rep1 (9 of 16) : Processed Fragments Chr (20 of 22), 3.447 mins elapsed.
2020-10-07 20:39:51 : Group MSN_D2._.Rep1 (9 of 16) : Processed Fragments Chr (21 of 22), 3.476 mins elapsed.
2020-10-07 20:39:52 : Group MSN_D2._.Rep1 (9 of 16) : Processed Fragments Chr (22 of 22), 3.496 mins elapsed.
2020-10-07 20:39:52 : Group MSN_D2._.Rep2 (10 of 16) : Creating Group Coverage File : MSN_D2._.Rep2.insertions.coverage.h5, 3.506 mins elapsed.

2020-10-07 20:39:52 : Group MSN_D2._.Rep2 (10 of 16) : cellGroupi, Class = character

Group MSN_D2._.Rep2 (10 of 16) : cellGroupi: length = 40
[1] "CAUD_WS1H_STA682A131#GGAGAACAGGCGTCCT-1"
[2] "CAUD_WS1H_STA682A131#GTCACTCTCTGACATG-1"
[3] "CAUD_WS1H_STA682A131#TCTCTGGTCGCATAAC-1"
[4] "CAUD_WS1H_STA682A131#CAACGTAAGGTTGTGG-1"
[5] "CAUD_WS1H_STA682A131#AAATGAGGTATTGTCG-1"
[6] "CAUD_WS1H_STA682A131#CTTCCAGAGCGTCTGC-1"



2020-10-07 20:39:52 : 

2020-10-07 20:39:52 : 

2020-10-07 20:39:52 : 

2020-10-07 20:39:52 : 

2020-10-07 20:39:52 : 

2020-10-07 20:39:52 : 

2020-10-07 20:39:52 : 
2020-10-07 20:39:52 : Group MSN_D2._.Rep2 (10 of 16) : Processed Fragments Chr (1 of 22), 3.507 mins elapsed.
2020-10-07 20:39:53 : Group MSN_D2._.Rep2 (10 of 16) : Processed Fragments Chr (2 of 22), 3.524 mins elapsed.
2020-10-07 20:39:54 : Group MSN_D2._.Rep2 (10 of 16) : Processed Fragments Chr (3 of 22), 3.537 mins elapsed.
2020-10-07 20:39:55 : Group MSN_D2._.Rep2 (10 of 16) : Processed Fragments Chr (4 of 22), 3.551 mins elapsed.
2020-10-07 20:39:56 : Group MSN_D2._.Rep2 (10 of 16) : Processed Fragments Chr (5 of 22), 3.565 mins elapsed.
2020-10-07 20:39:57 : Group MSN_D2._.Rep2 (10 of 16) : Processed Fragments Chr (6 of 22), 3.578 mins elapsed.
2020-10-07 20:39:58 : Group MSN_D2._.Rep2 (10 of 16) : Processed Fragments Chr (7 of 22), 3.592 mins elapsed.
2020-10-07 20:39:58 : Group MSN_D2._.Rep2 (10 of 16) : Processed Fragments Chr (8 of 22), 3.605 mins elapsed.
2020-10-07 20:39:59 : Group MSN_D2._.Rep2 (10 of 16) : Processed Fragments Chr (9 of 22), 3.618 mins elapsed.
2020-10-07 20:40:00 : Group MSN_D2._.Rep2 (10 of 16) : Processed Fragments Chr (10 of 22), 3.63 mins elapsed.
2020-10-07 20:40:01 : Group MSN_D2._.Rep2 (10 of 16) : Processed Fragments Chr (11 of 22), 3.642 mins elapsed.
2020-10-07 20:40:01 : Group MSN_D2._.Rep2 (10 of 16) : Processed Fragments Chr (12 of 22), 3.655 mins elapsed.
2020-10-07 20:40:02 : Group MSN_D2._.Rep2 (10 of 16) : Processed Fragments Chr (13 of 22), 3.671 mins elapsed.
2020-10-07 20:40:03 : Group MSN_D2._.Rep2 (10 of 16) : Processed Fragments Chr (14 of 22), 3.685 mins elapsed.
2020-10-07 20:40:04 : Group MSN_D2._.Rep2 (10 of 16) : Processed Fragments Chr (15 of 22), 3.7 mins elapsed.
2020-10-07 20:40:05 : Group MSN_D2._.Rep2 (10 of 16) : Processed Fragments Chr (16 of 22), 3.715 mins elapsed.
2020-10-07 20:40:06 : Group MSN_D2._.Rep2 (10 of 16) : Processed Fragments Chr (17 of 22), 3.73 mins elapsed.
2020-10-07 20:40:07 : Group MSN_D2._.Rep2 (10 of 16) : Processed Fragments Chr (18 of 22), 3.744 mins elapsed.
2020-10-07 20:40:08 : Group MSN_D2._.Rep2 (10 of 16) : Processed Fragments Chr (19 of 22), 3.759 mins elapsed.
2020-10-07 20:40:09 : Group MSN_D2._.Rep2 (10 of 16) : Processed Fragments Chr (20 of 22), 3.774 mins elapsed.
2020-10-07 20:40:09 : Group MSN_D2._.Rep2 (10 of 16) : Processed Fragments Chr (21 of 22), 3.787 mins elapsed.
2020-10-07 20:40:10 : Group MSN_D2._.Rep2 (10 of 16) : Processed Fragments Chr (22 of 22), 3.799 mins elapsed.
2020-10-07 20:40:11 : Group MSN_UNK1._.Rep1 (11 of 16) : Creating Group Coverage File : MSN_UNK1._.Rep1.insertions.coverage.h5, 3.809 mins elapsed.

2020-10-07 20:40:11 : Group MSN_UNK1._.Rep1 (11 of 16) : cellGroupi, Class = character

Group MSN_UNK1._.Rep1 (11 of 16) : cellGroupi: length = 360
[1] "CAUD_WS1H_STA682A131#CGGACCACATACCCGG-1"
[2] "CAUD_WS1H_STA682A131#TATGTTCGTCGTAGTT-1"
[3] "CAUD_WS1H_STA682A131#TAAACCGAGGCTTCGC-1"
[4] "CAUD_WS1H_STA682A131#TGTACAGCACTCGGAC-1"
[5] "CAUD_WS1H_STA682A131#TGATGCATCTGAGTAC-1"
[6] "CAUD_WS1H_STA682A131#AGCCTTCGTAGCTGTT-1"



2020-10-07 20:40:11 : 

2020-10-07 20:40:11 : 

2020-10-07 20:40:11 : 

2020-10-07 20:40:11 : 

2020-10-07 20:40:11 : 

2020-10-07 20:40:11 : 

2020-10-07 20:40:11 : 
2020-10-07 20:40:11 : Group MSN_UNK1._.Rep1 (11 of 16) : Processed Fragments Chr (1 of 22), 3.81 mins elapsed.
2020-10-07 20:40:12 : Group MSN_UNK1._.Rep1 (11 of 16) : Processed Fragments Chr (2 of 22), 3.826 mins elapsed.
2020-10-07 20:40:12 : Group MSN_UNK1._.Rep1 (11 of 16) : Processed Fragments Chr (3 of 22), 3.84 mins elapsed.
2020-10-07 20:40:13 : Group MSN_UNK1._.Rep1 (11 of 16) : Processed Fragments Chr (4 of 22), 3.853 mins elapsed.
2020-10-07 20:40:14 : Group MSN_UNK1._.Rep1 (11 of 16) : Processed Fragments Chr (5 of 22), 3.866 mins elapsed.
2020-10-07 20:40:15 : Group MSN_UNK1._.Rep1 (11 of 16) : Processed Fragments Chr (6 of 22), 3.879 mins elapsed.
2020-10-07 20:40:16 : Group MSN_UNK1._.Rep1 (11 of 16) : Processed Fragments Chr (7 of 22), 3.893 mins elapsed.
2020-10-07 20:40:16 : Group MSN_UNK1._.Rep1 (11 of 16) : Processed Fragments Chr (8 of 22), 3.906 mins elapsed.
2020-10-07 20:40:17 : Group MSN_UNK1._.Rep1 (11 of 16) : Processed Fragments Chr (9 of 22), 3.919 mins elapsed.
2020-10-07 20:40:18 : Group MSN_UNK1._.Rep1 (11 of 16) : Processed Fragments Chr (10 of 22), 3.931 mins elapsed.
2020-10-07 20:40:19 : Group MSN_UNK1._.Rep1 (11 of 16) : Processed Fragments Chr (11 of 22), 3.943 mins elapsed.
2020-10-07 20:40:19 : Group MSN_UNK1._.Rep1 (11 of 16) : Processed Fragments Chr (12 of 22), 3.955 mins elapsed.
2020-10-07 20:40:20 : Group MSN_UNK1._.Rep1 (11 of 16) : Processed Fragments Chr (13 of 22), 3.97 mins elapsed.
2020-10-07 20:40:21 : Group MSN_UNK1._.Rep1 (11 of 16) : Processed Fragments Chr (14 of 22), 3.983 mins elapsed.
2020-10-07 20:40:22 : Group MSN_UNK1._.Rep1 (11 of 16) : Processed Fragments Chr (15 of 22), 3.997 mins elapsed.
2020-10-07 20:40:23 : Group MSN_UNK1._.Rep1 (11 of 16) : Processed Fragments Chr (16 of 22), 4.011 mins elapsed.
2020-10-07 20:40:24 : Group MSN_UNK1._.Rep1 (11 of 16) : Processed Fragments Chr (17 of 22), 4.025 mins elapsed.
2020-10-07 20:40:24 : Group MSN_UNK1._.Rep1 (11 of 16) : Processed Fragments Chr (18 of 22), 4.039 mins elapsed.
2020-10-07 20:40:25 : Group MSN_UNK1._.Rep1 (11 of 16) : Processed Fragments Chr (19 of 22), 4.054 mins elapsed.
2020-10-07 20:40:26 : Group MSN_UNK1._.Rep1 (11 of 16) : Processed Fragments Chr (20 of 22), 4.068 mins elapsed.
2020-10-07 20:40:27 : Group MSN_UNK1._.Rep1 (11 of 16) : Processed Fragments Chr (21 of 22), 4.082 mins elapsed.
2020-10-07 20:40:28 : Group MSN_UNK1._.Rep1 (11 of 16) : Processed Fragments Chr (22 of 22), 4.094 mins elapsed.
2020-10-07 20:40:28 : Group MSN_UNK1._.Rep2 (12 of 16) : Creating Group Coverage File : MSN_UNK1._.Rep2.insertions.coverage.h5, 4.104 mins elapsed.

2020-10-07 20:40:28 : Group MSN_UNK1._.Rep2 (12 of 16) : cellGroupi, Class = character

Group MSN_UNK1._.Rep2 (12 of 16) : cellGroupi: length = 40
[1] "CAUD_WS1H_STA682A131#ATGTCTTAGGATCCTT-1"
[2] "CAUD_WS1H_STA682A131#GTGGCGTAGTCCTTCC-1"
[3] "CAUD_WS1H_STA682A131#CTAGGGCCAAGTCTCA-1"
[4] "CAUD_WS1H_STA682A131#AACTGTGTCCAGTTAG-1"
[5] "CAUD_WS1H_STA682A131#GACCGACGTCCGTGCA-1"
[6] "CAUD_WS1H_STA682A131#AAATGCCGTCCGTGCA-1"



2020-10-07 20:40:28 : 

2020-10-07 20:40:28 : 

2020-10-07 20:40:28 : 

2020-10-07 20:40:28 : 

2020-10-07 20:40:28 : 

2020-10-07 20:40:28 : 

2020-10-07 20:40:28 : 
2020-10-07 20:40:28 : Group MSN_UNK1._.Rep2 (12 of 16) : Processed Fragments Chr (1 of 22), 4.105 mins elapsed.
2020-10-07 20:40:29 : Group MSN_UNK1._.Rep2 (12 of 16) : Processed Fragments Chr (2 of 22), 4.119 mins elapsed.
2020-10-07 20:40:30 : Group MSN_UNK1._.Rep2 (12 of 16) : Processed Fragments Chr (3 of 22), 4.132 mins elapsed.
2020-10-07 20:40:31 : Group MSN_UNK1._.Rep2 (12 of 16) : Processed Fragments Chr (4 of 22), 4.144 mins elapsed.
2020-10-07 20:40:31 : Group MSN_UNK1._.Rep2 (12 of 16) : Processed Fragments Chr (5 of 22), 4.156 mins elapsed.
2020-10-07 20:40:32 : Group MSN_UNK1._.Rep2 (12 of 16) : Processed Fragments Chr (6 of 22), 4.168 mins elapsed.
2020-10-07 20:40:33 : Group MSN_UNK1._.Rep2 (12 of 16) : Processed Fragments Chr (7 of 22), 4.18 mins elapsed.
2020-10-07 20:40:34 : Group MSN_UNK1._.Rep2 (12 of 16) : Processed Fragments Chr (8 of 22), 4.192 mins elapsed.
2020-10-07 20:40:34 : Group MSN_UNK1._.Rep2 (12 of 16) : Processed Fragments Chr (9 of 22), 4.204 mins elapsed.
2020-10-07 20:40:35 : Group MSN_UNK1._.Rep2 (12 of 16) : Processed Fragments Chr (10 of 22), 4.215 mins elapsed.
2020-10-07 20:40:36 : Group MSN_UNK1._.Rep2 (12 of 16) : Processed Fragments Chr (11 of 22), 4.227 mins elapsed.
2020-10-07 20:40:36 : Group MSN_UNK1._.Rep2 (12 of 16) : Processed Fragments Chr (12 of 22), 4.238 mins elapsed.
2020-10-07 20:40:37 : Group MSN_UNK1._.Rep2 (12 of 16) : Processed Fragments Chr (13 of 22), 4.252 mins elapsed.
2020-10-07 20:40:38 : Group MSN_UNK1._.Rep2 (12 of 16) : Processed Fragments Chr (14 of 22), 4.263 mins elapsed.
2020-10-07 20:40:39 : Group MSN_UNK1._.Rep2 (12 of 16) : Processed Fragments Chr (15 of 22), 4.276 mins elapsed.
2020-10-07 20:40:39 : Group MSN_UNK1._.Rep2 (12 of 16) : Processed Fragments Chr (16 of 22), 4.289 mins elapsed.
2020-10-07 20:40:40 : Group MSN_UNK1._.Rep2 (12 of 16) : Processed Fragments Chr (17 of 22), 4.301 mins elapsed.
2020-10-07 20:40:41 : Group MSN_UNK1._.Rep2 (12 of 16) : Processed Fragments Chr (18 of 22), 4.314 mins elapsed.
2020-10-07 20:40:42 : Group MSN_UNK1._.Rep2 (12 of 16) : Processed Fragments Chr (19 of 22), 4.327 mins elapsed.
2020-10-07 20:40:42 : Group MSN_UNK1._.Rep2 (12 of 16) : Processed Fragments Chr (20 of 22), 4.339 mins elapsed.
2020-10-07 20:40:43 : Group MSN_UNK1._.Rep2 (12 of 16) : Processed Fragments Chr (21 of 22), 4.352 mins elapsed.
2020-10-07 20:40:44 : Group MSN_UNK1._.Rep2 (12 of 16) : Processed Fragments Chr (22 of 22), 4.363 mins elapsed.
2020-10-07 20:40:44 : Group Oligo._.Rep1 (13 of 16) : Creating Group Coverage File : Oligo._.Rep1.insertions.coverage.h5, 4.373 mins elapsed.

2020-10-07 20:40:44 : Group Oligo._.Rep1 (13 of 16) : cellGroupi, Class = character

Group Oligo._.Rep1 (13 of 16) : cellGroupi: length = 500
[1] "CAUD_WS1H_STA682A131#GCGAGAAGTGTGCTTA-1"
[2] "CAUD_WS1H_STA682A131#AGTTTGGCACTGGGCT-1"
[3] "CAUD_WS1H_STA682A131#ACCGGGTAGTCTGCTA-1"
[4] "CAUD_WS1H_STA682A131#GCGATTAAGAGCCACA-1"
[5] "CAUD_WS1H_STA682A131#ATGTCGATCGGATAAA-1"
[6] "CAUD_WS1H_STA682A131#AGCCCGACATTGTTCT-1"



2020-10-07 20:40:44 : 

2020-10-07 20:40:44 : 

2020-10-07 20:40:44 : 

2020-10-07 20:40:44 : 

2020-10-07 20:40:44 : 

2020-10-07 20:40:44 : 

2020-10-07 20:40:45 : 
2020-10-07 20:40:45 : Group Oligo._.Rep1 (13 of 16) : Processed Fragments Chr (1 of 22), 4.374 mins elapsed.
2020-10-07 20:40:46 : Group Oligo._.Rep1 (13 of 16) : Processed Fragments Chr (2 of 22), 4.395 mins elapsed.
2020-10-07 20:40:47 : Group Oligo._.Rep1 (13 of 16) : Processed Fragments Chr (3 of 22), 4.41 mins elapsed.
2020-10-07 20:40:48 : Group Oligo._.Rep1 (13 of 16) : Processed Fragments Chr (4 of 22), 4.426 mins elapsed.
2020-10-07 20:40:49 : Group Oligo._.Rep1 (13 of 16) : Processed Fragments Chr (5 of 22), 4.44 mins elapsed.
2020-10-07 20:40:49 : Group Oligo._.Rep1 (13 of 16) : Processed Fragments Chr (6 of 22), 4.455 mins elapsed.
2020-10-07 20:40:50 : Group Oligo._.Rep1 (13 of 16) : Processed Fragments Chr (7 of 22), 4.471 mins elapsed.
2020-10-07 20:40:51 : Group Oligo._.Rep1 (13 of 16) : Processed Fragments Chr (8 of 22), 4.486 mins elapsed.
2020-10-07 20:40:52 : Group Oligo._.Rep1 (13 of 16) : Processed Fragments Chr (9 of 22), 4.502 mins elapsed.
2020-10-07 20:40:53 : Group Oligo._.Rep1 (13 of 16) : Processed Fragments Chr (10 of 22), 4.515 mins elapsed.
2020-10-07 20:40:54 : Group Oligo._.Rep1 (13 of 16) : Processed Fragments Chr (11 of 22), 4.527 mins elapsed.
2020-10-07 20:40:55 : Group Oligo._.Rep1 (13 of 16) : Processed Fragments Chr (12 of 22), 4.542 mins elapsed.
2020-10-07 20:40:56 : Group Oligo._.Rep1 (13 of 16) : Processed Fragments Chr (13 of 22), 4.559 mins elapsed.
2020-10-07 20:40:56 : Group Oligo._.Rep1 (13 of 16) : Processed Fragments Chr (14 of 22), 4.573 mins elapsed.
2020-10-07 20:40:58 : Group Oligo._.Rep1 (13 of 16) : Processed Fragments Chr (15 of 22), 4.59 mins elapsed.
2020-10-07 20:40:59 : Group Oligo._.Rep1 (13 of 16) : Processed Fragments Chr (16 of 22), 4.607 mins elapsed.
2020-10-07 20:40:59 : Group Oligo._.Rep1 (13 of 16) : Processed Fragments Chr (17 of 22), 4.622 mins elapsed.
2020-10-07 20:41:00 : Group Oligo._.Rep1 (13 of 16) : Processed Fragments Chr (18 of 22), 4.639 mins elapsed.
2020-10-07 20:41:01 : Group Oligo._.Rep1 (13 of 16) : Processed Fragments Chr (19 of 22), 4.657 mins elapsed.
2020-10-07 20:41:02 : Group Oligo._.Rep1 (13 of 16) : Processed Fragments Chr (20 of 22), 4.672 mins elapsed.
2020-10-07 20:41:03 : Group Oligo._.Rep1 (13 of 16) : Processed Fragments Chr (21 of 22), 4.687 mins elapsed.
2020-10-07 20:41:04 : Group Oligo._.Rep1 (13 of 16) : Processed Fragments Chr (22 of 22), 4.7 mins elapsed.
2020-10-07 20:41:05 : Group Oligo._.Rep2 (14 of 16) : Creating Group Coverage File : Oligo._.Rep2.insertions.coverage.h5, 4.71 mins elapsed.

2020-10-07 20:41:05 : Group Oligo._.Rep2 (14 of 16) : cellGroupi, Class = character

Group Oligo._.Rep2 (14 of 16) : cellGroupi: length = 40
[1] "CAUD_WS1H_STA682A131#CGGACTGTCGGGATCC-1"
[2] "CAUD_WS1H_STA682A131#GAAATGAAGGTTCTCA-1"
[3] "CAUD_WS1H_STA682A131#CCCTAGTTCTGCGTCT-1"
[4] "CAUD_WS1H_STA682A131#TCACCACGTATACGCT-1"
[5] "CAUD_WS1H_STA682A131#TGCCTGTTCTCGCGTT-1"
[6] "CAUD_WS1H_STA682A131#AGGCCCACAGCACATT-1"



2020-10-07 20:41:05 : 

2020-10-07 20:41:05 : 

2020-10-07 20:41:05 : 

2020-10-07 20:41:05 : 

2020-10-07 20:41:05 : 

2020-10-07 20:41:05 : 

2020-10-07 20:41:05 : 
2020-10-07 20:41:05 : Group Oligo._.Rep2 (14 of 16) : Processed Fragments Chr (1 of 22), 4.711 mins elapsed.
2020-10-07 20:41:06 : Group Oligo._.Rep2 (14 of 16) : Processed Fragments Chr (2 of 22), 4.725 mins elapsed.
2020-10-07 20:41:06 : Group Oligo._.Rep2 (14 of 16) : Processed Fragments Chr (3 of 22), 4.738 mins elapsed.
2020-10-07 20:41:07 : Group Oligo._.Rep2 (14 of 16) : Processed Fragments Chr (4 of 22), 4.751 mins elapsed.
2020-10-07 20:41:08 : Group Oligo._.Rep2 (14 of 16) : Processed Fragments Chr (5 of 22), 4.764 mins elapsed.
2020-10-07 20:41:09 : Group Oligo._.Rep2 (14 of 16) : Processed Fragments Chr (6 of 22), 4.776 mins elapsed.
2020-10-07 20:41:09 : Group Oligo._.Rep2 (14 of 16) : Processed Fragments Chr (7 of 22), 4.79 mins elapsed.
2020-10-07 20:41:10 : Group Oligo._.Rep2 (14 of 16) : Processed Fragments Chr (8 of 22), 4.802 mins elapsed.
2020-10-07 20:41:11 : Group Oligo._.Rep2 (14 of 16) : Processed Fragments Chr (9 of 22), 4.814 mins elapsed.
2020-10-07 20:41:12 : Group Oligo._.Rep2 (14 of 16) : Processed Fragments Chr (10 of 22), 4.826 mins elapsed.
2020-10-07 20:41:12 : Group Oligo._.Rep2 (14 of 16) : Processed Fragments Chr (11 of 22), 4.837 mins elapsed.
2020-10-07 20:41:13 : Group Oligo._.Rep2 (14 of 16) : Processed Fragments Chr (12 of 22), 4.848 mins elapsed.
2020-10-07 20:41:14 : Group Oligo._.Rep2 (14 of 16) : Processed Fragments Chr (13 of 22), 4.862 mins elapsed.
2020-10-07 20:41:14 : Group Oligo._.Rep2 (14 of 16) : Processed Fragments Chr (14 of 22), 4.873 mins elapsed.
2020-10-07 20:41:15 : Group Oligo._.Rep2 (14 of 16) : Processed Fragments Chr (15 of 22), 4.886 mins elapsed.
2020-10-07 20:41:16 : Group Oligo._.Rep2 (14 of 16) : Processed Fragments Chr (16 of 22), 4.899 mins elapsed.
2020-10-07 20:41:17 : Group Oligo._.Rep2 (14 of 16) : Processed Fragments Chr (17 of 22), 4.911 mins elapsed.
2020-10-07 20:41:18 : Group Oligo._.Rep2 (14 of 16) : Processed Fragments Chr (18 of 22), 4.924 mins elapsed.
2020-10-07 20:41:18 : Group Oligo._.Rep2 (14 of 16) : Processed Fragments Chr (19 of 22), 4.937 mins elapsed.
2020-10-07 20:41:19 : Group Oligo._.Rep2 (14 of 16) : Processed Fragments Chr (20 of 22), 4.95 mins elapsed.
2020-10-07 20:41:20 : Group Oligo._.Rep2 (14 of 16) : Processed Fragments Chr (21 of 22), 4.962 mins elapsed.
2020-10-07 20:41:20 : Group Oligo._.Rep2 (14 of 16) : Processed Fragments Chr (22 of 22), 4.973 mins elapsed.
2020-10-07 20:41:21 : Group OPC._.Rep1 (15 of 16) : Creating Group Coverage File : OPC._.Rep1.insertions.coverage.h5, 4.983 mins elapsed.

2020-10-07 20:41:21 : Group OPC._.Rep1 (15 of 16) : cellGroupi, Class = character

Group OPC._.Rep1 (15 of 16) : cellGroupi: length = 264
[1] "CAUD_WS1H_STA682A131#TCAATTCCAACCTCTC-1"
[2] "CAUD_WS1H_STA682A131#GGAGTAGCATGGGAAC-1"
[3] "CAUD_WS1H_STA682A131#TGGCCTTAGGAGTCTG-1"
[4] "CAUD_WS1H_STA682A131#TGGCAATCAGATACAA-1"
[5] "CAUD_WS1H_STA682A131#TACTGCCTCGCATACA-1"
[6] "CAUD_WS1H_STA682A131#ACTTCCGCAAGCAATA-1"



2020-10-07 20:41:21 : 

2020-10-07 20:41:21 : 

2020-10-07 20:41:21 : 

2020-10-07 20:41:21 : 

2020-10-07 20:41:21 : 

2020-10-07 20:41:21 : 

2020-10-07 20:41:21 : 
2020-10-07 20:41:21 : Group OPC._.Rep1 (15 of 16) : Processed Fragments Chr (1 of 22), 4.984 mins elapsed.
2020-10-07 20:41:22 : Group OPC._.Rep1 (15 of 16) : Processed Fragments Chr (2 of 22), 5.004 mins elapsed.
2020-10-07 20:41:23 : Group OPC._.Rep1 (15 of 16) : Processed Fragments Chr (3 of 22), 5.019 mins elapsed.
2020-10-07 20:41:24 : Group OPC._.Rep1 (15 of 16) : Processed Fragments Chr (4 of 22), 5.034 mins elapsed.
2020-10-07 20:41:25 : Group OPC._.Rep1 (15 of 16) : Processed Fragments Chr (5 of 22), 5.048 mins elapsed.
2020-10-07 20:41:26 : Group OPC._.Rep1 (15 of 16) : Processed Fragments Chr (6 of 22), 5.062 mins elapsed.
2020-10-07 20:41:27 : Group OPC._.Rep1 (15 of 16) : Processed Fragments Chr (7 of 22), 5.078 mins elapsed.
2020-10-07 20:41:28 : Group OPC._.Rep1 (15 of 16) : Processed Fragments Chr (8 of 22), 5.092 mins elapsed.
2020-10-07 20:41:28 : Group OPC._.Rep1 (15 of 16) : Processed Fragments Chr (9 of 22), 5.107 mins elapsed.
2020-10-07 20:41:29 : Group OPC._.Rep1 (15 of 16) : Processed Fragments Chr (10 of 22), 5.12 mins elapsed.
2020-10-07 20:41:30 : Group OPC._.Rep1 (15 of 16) : Processed Fragments Chr (11 of 22), 5.132 mins elapsed.
2020-10-07 20:41:31 : Group OPC._.Rep1 (15 of 16) : Processed Fragments Chr (12 of 22), 5.146 mins elapsed.
2020-10-07 20:41:32 : Group OPC._.Rep1 (15 of 16) : Processed Fragments Chr (13 of 22), 5.162 mins elapsed.
2020-10-07 20:41:33 : Group OPC._.Rep1 (15 of 16) : Processed Fragments Chr (14 of 22), 5.177 mins elapsed.
2020-10-07 20:41:34 : Group OPC._.Rep1 (15 of 16) : Processed Fragments Chr (15 of 22), 5.193 mins elapsed.
2020-10-07 20:41:35 : Group OPC._.Rep1 (15 of 16) : Processed Fragments Chr (16 of 22), 5.208 mins elapsed.
2020-10-07 20:41:35 : Group OPC._.Rep1 (15 of 16) : Processed Fragments Chr (17 of 22), 5.223 mins elapsed.
2020-10-07 20:41:36 : Group OPC._.Rep1 (15 of 16) : Processed Fragments Chr (18 of 22), 5.238 mins elapsed.
2020-10-07 20:41:37 : Group OPC._.Rep1 (15 of 16) : Processed Fragments Chr (19 of 22), 5.255 mins elapsed.
2020-10-07 20:41:38 : Group OPC._.Rep1 (15 of 16) : Processed Fragments Chr (20 of 22), 5.27 mins elapsed.
2020-10-07 20:41:39 : Group OPC._.Rep1 (15 of 16) : Processed Fragments Chr (21 of 22), 5.284 mins elapsed.
2020-10-07 20:41:40 : Group OPC._.Rep1 (15 of 16) : Processed Fragments Chr (22 of 22), 5.297 mins elapsed.
2020-10-07 20:41:40 : Group OPC._.Rep2 (16 of 16) : Creating Group Coverage File : OPC._.Rep2.insertions.coverage.h5, 5.307 mins elapsed.

2020-10-07 20:41:41 : Group OPC._.Rep2 (16 of 16) : cellGroupi, Class = character

Group OPC._.Rep2 (16 of 16) : cellGroupi: length = 40
[1] "CAUD_WS1H_STA682A131#CCTTGGTAGTCGAGCA-1"
[2] "CAUD_WS1H_STA682A131#CAAGGCCCATATAGAG-1"
[3] "CAUD_WS1H_STA682A131#ACTGTCCCAAAGCTGG-1"
[4] "CAUD_WS1H_STA682A131#GCGTTGGAGGAGTACC-1"
[5] "CAUD_WS1H_STA682A131#GCAACCGTCGCTGATA-1"
[6] "CAUD_WS1H_STA682A131#TACATTCTCGTTCAGA-1"



2020-10-07 20:41:41 : 

2020-10-07 20:41:41 : 

2020-10-07 20:41:41 : 

2020-10-07 20:41:41 : 

2020-10-07 20:41:41 : 

2020-10-07 20:41:41 : 

2020-10-07 20:41:41 : 
2020-10-07 20:41:41 : Group OPC._.Rep2 (16 of 16) : Processed Fragments Chr (1 of 22), 5.307 mins elapsed.
2020-10-07 20:41:41 : Group OPC._.Rep2 (16 of 16) : Processed Fragments Chr (2 of 22), 5.322 mins elapsed.
2020-10-07 20:41:42 : Group OPC._.Rep2 (16 of 16) : Processed Fragments Chr (3 of 22), 5.335 mins elapsed.
2020-10-07 20:41:43 : Group OPC._.Rep2 (16 of 16) : Processed Fragments Chr (4 of 22), 5.347 mins elapsed.
2020-10-07 20:41:44 : Group OPC._.Rep2 (16 of 16) : Processed Fragments Chr (5 of 22), 5.36 mins elapsed.
2020-10-07 20:41:44 : Group OPC._.Rep2 (16 of 16) : Processed Fragments Chr (6 of 22), 5.372 mins elapsed.
2020-10-07 20:41:45 : Group OPC._.Rep2 (16 of 16) : Processed Fragments Chr (7 of 22), 5.385 mins elapsed.
2020-10-07 20:41:46 : Group OPC._.Rep2 (16 of 16) : Processed Fragments Chr (8 of 22), 5.397 mins elapsed.
2020-10-07 20:41:47 : Group OPC._.Rep2 (16 of 16) : Processed Fragments Chr (9 of 22), 5.41 mins elapsed.
2020-10-07 20:41:47 : Group OPC._.Rep2 (16 of 16) : Processed Fragments Chr (10 of 22), 5.421 mins elapsed.
2020-10-07 20:41:48 : Group OPC._.Rep2 (16 of 16) : Processed Fragments Chr (11 of 22), 5.433 mins elapsed.
2020-10-07 20:41:49 : Group OPC._.Rep2 (16 of 16) : Processed Fragments Chr (12 of 22), 5.445 mins elapsed.
2020-10-07 20:41:50 : Group OPC._.Rep2 (16 of 16) : Processed Fragments Chr (13 of 22), 5.458 mins elapsed.
2020-10-07 20:41:50 : Group OPC._.Rep2 (16 of 16) : Processed Fragments Chr (14 of 22), 5.47 mins elapsed.
2020-10-07 20:41:51 : Group OPC._.Rep2 (16 of 16) : Processed Fragments Chr (15 of 22), 5.483 mins elapsed.
2020-10-07 20:41:52 : Group OPC._.Rep2 (16 of 16) : Processed Fragments Chr (16 of 22), 5.496 mins elapsed.
2020-10-07 20:41:53 : Group OPC._.Rep2 (16 of 16) : Processed Fragments Chr (17 of 22), 5.509 mins elapsed.
2020-10-07 20:41:53 : Group OPC._.Rep2 (16 of 16) : Processed Fragments Chr (18 of 22), 5.522 mins elapsed.
2020-10-07 20:41:54 : Group OPC._.Rep2 (16 of 16) : Processed Fragments Chr (19 of 22), 5.535 mins elapsed.
2020-10-07 20:41:55 : Group OPC._.Rep2 (16 of 16) : Processed Fragments Chr (20 of 22), 5.548 mins elapsed.
2020-10-07 20:41:56 : Group OPC._.Rep2 (16 of 16) : Processed Fragments Chr (21 of 22), 5.56 mins elapsed.
2020-10-07 20:41:56 : Group OPC._.Rep2 (16 of 16) : Processed Fragments Chr (22 of 22), 5.571 mins elapsed.

2020-10-07 20:41:57 : kmerBias-Parameters, Class = list

kmerBias-Parameters$: length = 1
                       
1 function (name)      
2 .Internal(args(name))


kmerBias-Parameters$genome: length = 1
[1] "BSgenome.Mmulatta.UCSC.rheMac10"


kmerBias-Parameters$kmerLength: length = 1
[1] 6


kmerBias-Parameters$threads: length = 1
[1] 1


kmerBias-Parameters$verbose: length = 1
[1] FALSE


kmerBias-Parameters$tstart: length = 0
NULL


kmerBias-Parameters$logFile: length = 1
[1] "ArchRLogs/ArchR-addGroupCoverages-53cfac3d7e56-Date-2020-10-07_Time-20-36-22.log"



2020-10-07 20:41:57 : 

2020-10-07 20:41:59 : 

2020-10-07 20:42:01 : 

2020-10-07 20:42:02 : 

2020-10-07 20:42:03 : 

2020-10-07 20:42:03 : 

2020-10-07 20:42:04 : 

2020-10-07 20:42:05 : 

2020-10-07 20:42:08 : 

2020-10-07 20:42:09 : 

2020-10-07 20:42:13 : 

2020-10-07 20:42:14 : 

2020-10-07 20:42:14 : 

2020-10-07 20:42:15 : 

2020-10-07 20:42:16 : 

2020-10-07 20:42:17 : 

2020-10-07 20:42:18 : 

2020-10-07 20:42:18 : 

2020-10-07 20:42:19 : 

2020-10-07 20:42:20 : 

2020-10-07 20:42:21 : 

2020-10-07 20:42:21 : 

2020-10-07 20:42:22 : 

2020-10-07 20:42:23 : 

2020-10-07 20:42:24 : 

2020-10-07 20:42:25 : 

2020-10-07 20:42:26 : 

2020-10-07 20:42:27 : 

2020-10-07 20:42:28 : 

2020-10-07 20:42:28 : 

2020-10-07 20:42:29 : 

2020-10-07 20:42:30 : 

2020-10-07 20:42:30 : 

2020-10-07 20:42:31 : 

2020-10-07 20:42:32 : 

2020-10-07 20:42:33 : 

2020-10-07 20:42:34 : 

2020-10-07 20:42:34 : 

2020-10-07 20:42:35 : 

2020-10-07 20:42:36 : 

2020-10-07 20:42:37 : 

2020-10-07 20:42:37 : 

2020-10-07 20:42:39 : 

2020-10-07 20:42:40 : 

2020-10-07 20:42:41 : 

2020-10-07 20:42:42 : 

2020-10-07 20:42:43 : 

2020-10-07 20:42:43 : 

2020-10-07 20:42:44 : 

2020-10-07 20:42:45 : 

2020-10-07 20:42:45 : 

2020-10-07 20:42:46 : 

2020-10-07 20:42:47 : 

2020-10-07 20:42:48 : 

2020-10-07 20:42:48 : 

2020-10-07 20:42:49 : 

2020-10-07 20:42:50 : 

2020-10-07 20:42:50 : 

2020-10-07 20:42:51 : 

2020-10-07 20:42:52 : 

2020-10-07 20:42:53 : 

2020-10-07 20:42:54 : 

2020-10-07 20:42:55 : 

2020-10-07 20:42:56 : 

2020-10-07 20:42:56 : 

2020-10-07 20:42:57 : 

2020-10-07 20:42:58 : 

2020-10-07 20:42:59 : 

2020-10-07 20:42:59 : 

2020-10-07 20:43:00 : 

2020-10-07 20:43:01 : 

2020-10-07 20:43:01 : 

2020-10-07 20:43:02 : 

2020-10-07 20:43:03 : 

2020-10-07 20:43:04 : 

2020-10-07 20:43:04 : 

2020-10-07 20:43:06 : 

2020-10-07 20:43:06 : 

2020-10-07 20:43:08 : 

2020-10-07 20:43:08 : 

2020-10-07 20:43:09 : 

2020-10-07 20:43:10 : 

2020-10-07 20:43:10 : 

2020-10-07 20:43:11 : 

2020-10-07 20:43:12 : 

2020-10-07 20:43:12 : 

2020-10-07 20:43:13 : 

2020-10-07 20:43:14 : 

2020-10-07 20:43:15 : 

2020-10-07 20:43:16 : 

2020-10-07 20:43:16 : 

2020-10-07 20:43:17 : 

2020-10-07 20:43:18 : 

2020-10-07 20:43:20 : 

2020-10-07 20:43:20 : 

2020-10-07 20:43:22 : 

2020-10-07 20:43:23 : 

2020-10-07 20:43:23 : 

2020-10-07 20:43:24 : 

2020-10-07 20:43:25 : 

2020-10-07 20:43:25 : 

2020-10-07 20:43:26 : 

2020-10-07 20:43:27 : 

2020-10-07 20:43:28 : 

2020-10-07 20:43:29 : 

2020-10-07 20:43:29 : 

2020-10-07 20:43:30 : 

2020-10-07 20:43:31 : 

2020-10-07 20:43:31 : 

2020-10-07 20:43:32 : 

2020-10-07 20:43:33 : 

2020-10-07 20:43:34 : 

2020-10-07 20:43:35 : 

2020-10-07 20:43:36 : 

2020-10-07 20:43:37 : 

2020-10-07 20:43:37 : 

2020-10-07 20:43:38 : 

2020-10-07 20:43:39 : 

2020-10-07 20:43:39 : 

2020-10-07 20:43:40 : 

2020-10-07 20:43:40 : 

2020-10-07 20:43:42 : 

2020-10-07 20:43:42 : 

2020-10-07 20:43:43 : 

2020-10-07 20:43:44 : 

2020-10-07 20:43:44 : 

2020-10-07 20:43:45 : 

2020-10-07 20:43:46 : 

2020-10-07 20:43:47 : 

2020-10-07 20:43:48 : 

2020-10-07 20:43:49 : 

2020-10-07 20:43:50 : 

2020-10-07 20:43:50 : 

2020-10-07 20:43:51 : 

2020-10-07 20:43:52 : 

2020-10-07 20:43:52 : 

2020-10-07 20:43:53 : 

2020-10-07 20:43:54 : 

2020-10-07 20:43:54 : 

2020-10-07 20:43:55 : 

2020-10-07 20:43:56 : 

2020-10-07 20:43:56 : 

2020-10-07 20:43:57 : 

2020-10-07 20:43:58 : 

2020-10-07 20:43:59 : 

2020-10-07 20:43:59 : 

2020-10-07 20:44:00 : 

2020-10-07 20:44:01 : 

2020-10-07 20:44:02 : 

2020-10-07 20:44:02 : 

2020-10-07 20:44:03 : 

2020-10-07 20:44:04 : 

2020-10-07 20:44:04 : 

2020-10-07 20:44:05 : 

2020-10-07 20:44:05 : 

2020-10-07 20:44:06 : 

2020-10-07 20:44:07 : 

2020-10-07 20:44:07 : 

2020-10-07 20:44:08 : 

2020-10-07 20:44:09 : 

2020-10-07 20:44:09 : 

2020-10-07 20:44:10 : 

2020-10-07 20:44:11 : 

2020-10-07 20:44:12 : 

2020-10-07 20:44:13 : 

2020-10-07 20:44:13 : 

2020-10-07 20:44:14 : 

2020-10-07 20:44:15 : 

2020-10-07 20:44:15 : 

2020-10-07 20:44:16 : 

2020-10-07 20:44:16 : 

2020-10-07 20:44:17 : 

2020-10-07 20:44:18 : 

2020-10-07 20:44:18 : 

2020-10-07 20:44:19 : 

2020-10-07 20:44:20 : 

2020-10-07 20:44:21 : 

2020-10-07 20:44:21 : 

2020-10-07 20:44:23 : 

2020-10-07 20:44:23 : 

2020-10-07 20:44:24 : 

2020-10-07 20:44:25 : 

2020-10-07 20:44:26 : 

2020-10-07 20:44:26 : 

2020-10-07 20:44:27 : 

2020-10-07 20:44:28 : 

2020-10-07 20:44:28 : 

2020-10-07 20:44:29 : 

2020-10-07 20:44:30 : 

2020-10-07 20:44:31 : 

2020-10-07 20:44:32 : 

2020-10-07 20:44:33 : 

2020-10-07 20:44:33 : 

2020-10-07 20:44:34 : 

2020-10-07 20:44:35 : 

2020-10-07 20:44:38 : 

2020-10-07 20:44:38 : 

2020-10-07 20:44:40 : 

2020-10-07 20:44:41 : 

2020-10-07 20:44:42 : 

2020-10-07 20:44:42 : 

2020-10-07 20:44:43 : 

2020-10-07 20:44:44 : 

2020-10-07 20:44:44 : 

2020-10-07 20:44:45 : 

2020-10-07 20:44:46 : 

2020-10-07 20:44:47 : 

2020-10-07 20:44:47 : 

2020-10-07 20:44:48 : 

2020-10-07 20:44:48 : 

2020-10-07 20:44:49 : 

2020-10-07 20:44:50 : 

2020-10-07 20:44:51 : 

2020-10-07 20:44:52 : 

2020-10-07 20:44:53 : 

2020-10-07 20:44:54 : 

2020-10-07 20:44:55 : 

2020-10-07 20:44:55 : 

2020-10-07 20:44:56 : 

2020-10-07 20:44:57 : 

2020-10-07 20:44:57 : 

2020-10-07 20:44:58 : 

2020-10-07 20:44:59 : 

2020-10-07 20:45:00 : 

2020-10-07 20:45:01 : 

2020-10-07 20:45:02 : 

2020-10-07 20:45:02 : 

2020-10-07 20:45:03 : 

2020-10-07 20:45:04 : 

2020-10-07 20:45:06 : 

2020-10-07 20:45:07 : 

2020-10-07 20:45:09 : 

2020-10-07 20:45:10 : 

2020-10-07 20:45:10 : 

2020-10-07 20:45:11 : 

2020-10-07 20:45:12 : 

2020-10-07 20:45:12 : 

2020-10-07 20:45:13 : 

2020-10-07 20:45:14 : 

2020-10-07 20:45:15 : 

2020-10-07 20:45:16 : 

2020-10-07 20:45:17 : 

2020-10-07 20:45:17 : 

2020-10-07 20:45:18 : 

2020-10-07 20:45:19 : 

2020-10-07 20:45:20 : 

2020-10-07 20:45:21 : 

2020-10-07 20:45:22 : 

2020-10-07 20:45:24 : 

2020-10-07 20:45:25 : 

2020-10-07 20:45:25 : 

2020-10-07 20:45:26 : 

2020-10-07 20:45:27 : 

2020-10-07 20:45:27 : 

2020-10-07 20:45:28 : 

2020-10-07 20:45:29 : 

2020-10-07 20:45:30 : 

2020-10-07 20:45:31 : 

2020-10-07 20:45:32 : 

2020-10-07 20:45:32 : 

2020-10-07 20:45:33 : 

2020-10-07 20:45:34 : 

2020-10-07 20:45:35 : 

2020-10-07 20:45:36 : 

2020-10-07 20:45:37 : 

2020-10-07 20:45:39 : 

2020-10-07 20:45:39 : 

2020-10-07 20:45:40 : 

2020-10-07 20:45:41 : 

2020-10-07 20:45:41 : 

2020-10-07 20:45:42 : 

2020-10-07 20:45:43 : 

2020-10-07 20:45:43 : 

2020-10-07 20:45:44 : 

2020-10-07 20:45:45 : 

2020-10-07 20:45:46 : 

2020-10-07 20:45:47 : 

2020-10-07 20:45:47 : 

2020-10-07 20:45:48 : 

2020-10-07 20:45:49 : 

2020-10-07 20:45:51 : 

2020-10-07 20:45:51 : 

2020-10-07 20:45:53 : 

2020-10-07 20:45:54 : 

2020-10-07 20:45:54 : 

2020-10-07 20:45:55 : 

2020-10-07 20:45:56 : 

2020-10-07 20:45:56 : 

2020-10-07 20:45:57 : 

2020-10-07 20:45:58 : 

2020-10-07 20:45:59 : 

2020-10-07 20:46:00 : 

2020-10-07 20:46:01 : 

2020-10-07 20:46:02 : 

2020-10-07 20:46:02 : 

2020-10-07 20:46:03 : 

2020-10-07 20:46:04 : 

2020-10-07 20:46:06 : 

2020-10-07 20:46:06 : 

2020-10-07 20:46:08 : 

2020-10-07 20:46:09 : 

2020-10-07 20:46:10 : 

2020-10-07 20:46:11 : 

2020-10-07 20:46:11 : 

2020-10-07 20:46:12 : 

2020-10-07 20:46:13 : 

2020-10-07 20:46:13 : 

2020-10-07 20:46:14 : 

2020-10-07 20:46:15 : 

2020-10-07 20:46:16 : 

2020-10-07 20:46:17 : 

2020-10-07 20:46:17 : 

2020-10-07 20:46:18 : 

2020-10-07 20:46:19 : 

2020-10-07 20:46:20 : 

2020-10-07 20:46:21 : 

2020-10-07 20:46:22 : 

2020-10-07 20:46:23 : 

2020-10-07 20:46:24 : 

2020-10-07 20:46:24 : 

2020-10-07 20:46:25 : 

2020-10-07 20:46:26 : 

2020-10-07 20:46:27 : 

2020-10-07 20:46:27 : 

2020-10-07 20:46:28 : 

2020-10-07 20:46:30 : 

2020-10-07 20:46:30 : 

2020-10-07 20:46:31 : 

2020-10-07 20:46:32 : 

2020-10-07 20:46:33 : 

2020-10-07 20:46:33 : 

2020-10-07 20:46:35 : 

2020-10-07 20:46:36 : 

2020-10-07 20:46:37 : 

2020-10-07 20:46:38 : 

2020-10-07 20:46:38 : 

2020-10-07 20:46:39 : 

2020-10-07 20:46:40 : 

2020-10-07 20:46:40 : 

2020-10-07 20:46:41 : 

2020-10-07 20:46:42 : 

2020-10-07 20:46:43 : 

2020-10-07 20:46:43 : 

2020-10-07 20:46:44 : 

2020-10-07 20:46:45 : 

2020-10-07 20:46:45 : 

2020-10-07 20:46:46 : 

2020-10-07 20:46:47 : 

2020-10-07 20:46:48 : 

2020-10-07 20:46:48 : 

2020-10-07 20:46:50 : 

2020-10-07 20:46:50 : 

2020-10-07 20:46:51 : 

2020-10-07 20:46:51 : 

2020-10-07 20:46:52 : 

2020-10-07 20:46:53 : 

2020-10-07 20:46:53 : 

2020-10-07 20:46:54 : 

2020-10-07 20:46:54 : 

2020-10-07 20:46:55 : 

2020-10-07 20:46:55 : 

2020-10-07 20:46:56 : 

2020-10-07 20:46:56 : 

2020-10-07 20:46:57 : 

2020-10-07 20:46:58 : 

2020-10-07 20:46:58 : 

2020-10-07 20:46:59 : 

2020-10-07 20:46:59 : 

2020-10-07 20:47:00 : 

2020-10-07 20:47:00 : 

2020-10-07 20:47:01 : 

2020-10-07 20:47:02 : 

2020-10-07 20:47:02 : 

2020-10-07 20:47:03 : 

2020-10-07 20:47:03 : 

2020-10-07 20:47:05 : 

2020-10-07 20:47:05 : 

2020-10-07 20:47:05 : 

2020-10-07 20:47:05 : 

2020-10-07 20:47:05 : 

2020-10-07 20:47:05 : 

2020-10-07 20:47:05 : 

2020-10-07 20:47:05 : 

2020-10-07 20:47:05 : 

2020-10-07 20:47:06 : 

2020-10-07 20:47:06 : 

2020-10-07 20:47:06 : 

2020-10-07 20:47:06 : 

2020-10-07 20:47:06 : 

2020-10-07 20:47:06 : 

2020-10-07 20:47:06 : 

------- Completed

End Time : 2020-10-07 20:47:06
Elapsed Time Minutes = 10.7378411094348
Elapsed Time Hours = 0.178964065114657

-------



