
           ___      .______        ______  __    __  .______      
          /   \     |   _  \      /      ||  |  |  | |   _  \     
         /  ^  \    |  |_)  |    |  ,----'|  |__|  | |  |_)  |    
        /  /_\  \   |      /     |  |     |   __   | |      /     
       /  _____  \  |  |\  \\___ |  `----.|  |  |  | |  |\  \\___.
      /__/     \__\ | _| `._____| \______||__|  |__| | _| `._____|
    
Logging With ArchR!

Start Time : 2020-10-07 22:03:46

------- ArchR Info

ArchRThreads = 10
ArchRGenome = Mm10

------- System Info

Computer OS = unix
Total Cores = 64

------- Session Info

R version 3.6.3 (2020-02-29)
Platform: x86_64-conda_cos6-linux-gnu (64-bit)
Running under: CentOS Linux 7 (Core)

Matrix products: default
BLAS/LAPACK: /home/bnphan/miniconda3/lib/libmkl_rt.so

locale:
 [1] LC_CTYPE=en_US.UTF-8       LC_NUMERIC=C              
 [3] LC_TIME=en_US.UTF-8        LC_COLLATE=en_US.UTF-8    
 [5] LC_MONETARY=en_US.UTF-8    LC_MESSAGES=en_US.UTF-8   
 [7] LC_PAPER=en_US.UTF-8       LC_NAME=C                 
 [9] LC_ADDRESS=C               LC_TELEPHONE=C            
[11] LC_MEASUREMENT=en_US.UTF-8 LC_IDENTIFICATION=C       

attached base packages:
[1] parallel  stats4    stats     graphics  grDevices utils     datasets 
[8] methods   base     

other attached packages:
 [1] motifmatchr_1.8.0                     BSgenome.Mmulatta.UCSC.rheMac10_1.4.3
 [3] BSgenome_1.54.0                       rtracklayer_1.46.0                   
 [5] Biostrings_2.54.0                     XVector_0.26.0                       
 [7] ArchR_0.9.5                           magrittr_1.5                         
 [9] rhdf5_2.30.1                          Matrix_1.2-18                        
[11] data.table_1.13.0                     SummarizedExperiment_1.16.1          
[13] DelayedArray_0.12.3                   BiocParallel_1.20.1                  
[15] matrixStats_0.57.0                    Biobase_2.46.0                       
[17] GenomicRanges_1.38.0                  GenomeInfoDb_1.22.1                  
[19] IRanges_2.20.2                        S4Vectors_0.24.4                     
[21] BiocGenerics_0.32.0                   ggplot2_3.3.2                        
[23] colorout_1.2-2                       

loaded via a namespace (and not attached):
 [1] bitops_1.0-6                       DirichletMultinomial_1.28.0       
 [3] TFBSTools_1.24.0                   bit64_4.0.5                       
 [5] httr_1.4.2                         repr_1.1.0                        
 [7] tools_3.6.3                        R6_2.4.1                          
 [9] seqLogo_1.52.0                     DBI_1.1.0                         
[11] colorspace_1.4-1                   withr_2.3.0                       
[13] tidyselect_1.1.0                   bit_4.0.4                         
[15] compiler_3.6.3                     BSgenome.Mmusculus.UCSC.mm10_1.4.0
[17] Cairo_1.5-12.2                     labeling_0.3                      
[19] caTools_1.18.0                     scales_1.1.1                      
[21] hexbin_1.28.1                      readr_1.4.0                       
[23] pbdZMQ_0.3-3                       stringr_1.4.0                     
[25] digest_0.6.25                      Rsamtools_2.2.3                   
[27] R.utils_2.10.1                     base64enc_0.1-3                   
[29] pkgconfig_2.0.3                    htmltools_0.5.0                   
[31] rlang_0.4.7                        RSQLite_2.2.1                     
[33] farver_2.0.3                       generics_0.0.2                    
[35] jsonlite_1.7.1                     gtools_3.8.2                      
[37] R.oo_1.24.0                        dplyr_1.0.2                       
[39] RCurl_1.98-1.2                     GO.db_3.10.0                      
[41] GenomeInfoDbData_1.2.2             Rcpp_1.0.5                        
[43] IRkernel_1.1.1                     munsell_0.5.0                     
[45] Rhdf5lib_1.8.0                     lifecycle_0.2.0                   
[47] R.methodsS3_1.8.1                  stringi_1.5.3                     
[49] zlibbioc_1.32.0                    plyr_1.8.6                        
[51] grid_3.6.3                         blob_1.2.1                        
[53] crayon_1.3.4                       CNEr_1.22.0                       
[55] lattice_0.20-41                    IRdisplay_0.7.0                   
[57] cowplot_1.1.0                      annotate_1.64.0                   
[59] KEGGREST_1.26.1                    hms_0.5.3                         
[61] pillar_1.4.6                       uuid_0.1-4                        
[63] reshape2_1.4.4                     TFMPvalue_0.0.8                   
[65] XML_3.99-0.3                       glue_1.4.2                        
[67] evaluate_0.14                      png_0.1-7                         
[69] vctrs_0.3.4                        gtable_0.3.0                      
[71] poweRlaw_0.70.6                    purrr_0.3.4                       
[73] xtable_1.8-4                       pracma_2.2.9                      
[75] tibble_3.0.3                       GenomicAlignments_1.22.1          
[77] AnnotationDbi_1.48.0               memoise_1.1.0                     
[79] ellipsis_0.3.1                    


------- Log Info


2020-10-07 22:03:46 : addMotifAnnotations Input-Parameters, Class = list

addMotifAnnotations Input-Parameters$ArchRProj: length = 1
class: ArchRProject 
outputDirectory: /home/bnphan/projects/snATAC_cross_species_caudate/data/raw_data/rheMac10/Stauffer_caudate/ArchR_Stauffer_caudate_labeled 
samples(1): CAUD_WS1H_STA682A131
sampleColData names(1): ArrowFiles
cellColData names(19): Sample TSSEnrichment ... ReadsInPeaks FRIP
numberOfCells(1): 1
medianTSS(1): 7.836
medianFrags(1): 99935


addMotifAnnotations Input-Parameters$motifSet: length = 1
[1] "cisbp"


addMotifAnnotations Input-Parameters$name: length = 1
[1] "Motif"


addMotifAnnotations Input-Parameters$species: length = 1
[1] "Macaca_mulatta"


addMotifAnnotations Input-Parameters$collection: length = 1
[1] "CORE"


addMotifAnnotations Input-Parameters$motifPWMs: length = 0
NULL


addMotifAnnotations Input-Parameters$cutOff: length = 1
[1] 5e-05


addMotifAnnotations Input-Parameters$width: length = 1
[1] 7


addMotifAnnotations Input-Parameters$version: length = 1
[1] 2


addMotifAnnotations Input-Parameters$force: length = 1
[1] FALSE


addMotifAnnotations Input-Parameters$logFile: length = 1
[1] "ArchRLogs/ArchR-addMotifAnnotations-53e40654ce22c-Date-2020-10-07_Time-22-03-45.log"


2020-10-07 22:03:46 : Gettting Motif Set, Species : Macaca_mulatta, 0.002 mins elapsed.
