
           ___      .______        ______  __    __  .______      
          /   \     |   _  \      /      ||  |  |  | |   _  \     
         /  ^  \    |  |_)  |    |  ,----'|  |__|  | |  |_)  |    
        /  /_\  \   |      /     |  |     |   __   | |      /     
       /  _____  \  |  |\  \\___ |  `----.|  |  |  | |  |\  \\___.
      /__/     \__\ | _| `._____| \______||__|  |__| | _| `._____|
    
Logging With ArchR!

Start Time : 2020-10-07 21:02:10

------- ArchR Info

ArchRThreads = 10
ArchRGenome = Mm10

------- System Info

Computer OS = unix
Total Cores = 64

------- Session Info

R version 3.6.3 (2020-02-29)
Platform: x86_64-conda_cos6-linux-gnu (64-bit)
Running under: CentOS Linux 7 (Core)

Matrix products: default
BLAS/LAPACK: /home/bnphan/miniconda3/lib/libmkl_rt.so

locale:
 [1] LC_CTYPE=en_US.UTF-8       LC_NUMERIC=C              
 [3] LC_TIME=en_US.UTF-8        LC_COLLATE=en_US.UTF-8    
 [5] LC_MONETARY=en_US.UTF-8    LC_MESSAGES=en_US.UTF-8   
 [7] LC_PAPER=en_US.UTF-8       LC_NAME=C                 
 [9] LC_ADDRESS=C               LC_TELEPHONE=C            
[11] LC_MEASUREMENT=en_US.UTF-8 LC_IDENTIFICATION=C       

attached base packages:
[1] parallel  stats4    stats     graphics  grDevices utils     datasets 
[8] methods   base     

other attached packages:
 [1] ArchR_0.9.5                 magrittr_1.5               
 [3] rhdf5_2.30.1                Matrix_1.2-18              
 [5] data.table_1.13.0           SummarizedExperiment_1.16.1
 [7] DelayedArray_0.12.3         BiocParallel_1.20.1        
 [9] matrixStats_0.57.0          Biobase_2.46.0             
[11] GenomicRanges_1.38.0        GenomeInfoDb_1.22.1        
[13] IRanges_2.20.2              S4Vectors_0.24.4           
[15] BiocGenerics_0.32.0         ggplot2_3.3.2              
[17] colorout_1.2-2             

loaded via a namespace (and not attached):
 [1] Rcpp_1.0.5                         lattice_0.20-41                   
 [3] Rsamtools_2.2.3                    Biostrings_2.54.0                 
 [5] gtools_3.8.2                       digest_0.6.25                     
 [7] BSgenome.Mmusculus.UCSC.mm10_1.4.0 IRdisplay_0.7.0                   
 [9] R6_2.4.1                           repr_1.1.0                        
[11] evaluate_0.14                      pillar_1.4.6                      
[13] zlibbioc_1.32.0                    rlang_0.4.7                       
[15] uuid_0.1-4                         hexbin_1.28.1                     
[17] labeling_0.3                       stringr_1.4.0                     
[19] RCurl_1.98-1.2                     munsell_0.5.0                     
[21] compiler_3.6.3                     rtracklayer_1.46.0                
[23] pkgconfig_2.0.3                    base64enc_0.1-3                   
[25] htmltools_0.5.0                    tidyselect_1.1.0                  
[27] tibble_3.0.3                       GenomeInfoDbData_1.2.2            
[29] XML_3.99-0.3                       crayon_1.3.4                      
[31] dplyr_1.0.2                        withr_2.3.0                       
[33] GenomicAlignments_1.22.1           bitops_1.0-6                      
[35] grid_3.6.3                         jsonlite_1.7.1                    
[37] gtable_0.3.0                       lifecycle_0.2.0                   
[39] scales_1.1.1                       stringi_1.5.3                     
[41] farver_2.0.3                       XVector_0.26.0                    
[43] ellipsis_0.3.1                     generics_0.0.2                    
[45] vctrs_0.3.4                        cowplot_1.1.0                     
[47] IRkernel_1.1.1                     Rhdf5lib_1.8.0                    
[49] tools_3.6.3                        Cairo_1.5-12.2                    
[51] BSgenome_1.54.0                    glue_1.4.2                        
[53] purrr_0.3.4                        colorspace_1.4-1                  
[55] pbdZMQ_0.3-3                      


------- Log Info


2020-10-07 21:02:10 : Input-Parameters, Class = list

Input-Parameters$ArchRProj: length = 1
class: ArchRProject 
outputDirectory: /home/bnphan/projects/snATAC_cross_species_caudate/data/raw_data/rheMac10/Stauffer_caudate/ArchR_Stauffer_caudate 
samples(1): CAUD_WS1H_STA682A131
sampleColData names(1): ArrowFiles
cellColData names(16): Sample TSSEnrichment ... Region Clusters
numberOfCells(1): 1
medianTSS(1): 7.836
medianFrags(1): 99935


Input-Parameters$embedding: length = 1
[1] "UMAP"


Input-Parameters$colorBy: length = 1
[1] "GeneScoreMatrix"


Input-Parameters$name: length = 6
[1] "Drd1"    "Tac1"    "Foxp2"   "Slc35d3" "Chrm4"   "Pdyn"   


Input-Parameters$log2Norm: length = 0
NULL


Input-Parameters$pal: length = 0
NULL


Input-Parameters$size: length = 1
[1] 0.1


Input-Parameters$sampleCells: length = 0
NULL


Input-Parameters$highlightCells: length = 0
NULL


Input-Parameters$rastr: length = 1
[1] TRUE


Input-Parameters$quantCut: length = 2
[1] 0.01 0.99


Input-Parameters$discreteSet: length = 0
NULL


Input-Parameters$continuousSet: length = 0
NULL


Input-Parameters$randomize: length = 1
[1] TRUE


Input-Parameters$keepAxis: length = 1
[1] FALSE


Input-Parameters$baseSize: length = 1
[1] 10


Input-Parameters$plotAs: length = 0
NULL


Input-Parameters$threads: length = 1
[1] 10


Input-Parameters$logFile: length = 1
[1] "ArchRLogs/ArchR-plotEmbedding-53e40740fc468-Date-2020-10-07_Time-21-02-10.log"



2020-10-07 21:02:10 : 

2020-10-07 21:02:10 : Embedding data.frame, Class = data.frame
Embedding data.frame: nRows = 5918, nCols = 2
                                        IterativeLSI#UMAP_Dimension_1
CAUD_WS1H_STA682A131#TTGAGTGAGAGCGGTT-1                     -6.903056
CAUD_WS1H_STA682A131#TAAACCGGTAAGCCTT-1                     -8.144493
CAUD_WS1H_STA682A131#AGCGATTGTAGCATGG-1                     -1.847863
CAUD_WS1H_STA682A131#CACCACTCACGTTAGT-1                     -1.761109
CAUD_WS1H_STA682A131#GTCACGGAGTAGGTCG-1                     -8.327439
CAUD_WS1H_STA682A131#CGGTGCAGTTGGACGA-1                     -7.497838
                                        IterativeLSI#UMAP_Dimension_2
CAUD_WS1H_STA682A131#TTGAGTGAGAGCGGTT-1                      4.504955
CAUD_WS1H_STA682A131#TAAACCGGTAAGCCTT-1                      3.861000
CAUD_WS1H_STA682A131#AGCGATTGTAGCATGG-1                     11.580869
CAUD_WS1H_STA682A131#CACCACTCACGTTAGT-1                     -3.817310
CAUD_WS1H_STA682A131#GTCACGGAGTAGGTCG-1                      1.940696
CAUD_WS1H_STA682A131#CGGTGCAGTTGGACGA-1                      4.170241



2020-10-07 21:02:10 : 

2020-10-07 21:02:10 : 

2020-10-07 21:02:11 : FeatureDF, Class = DFrame
DataFrame with 34276 rows and 6 columns
      seqnames     start       end  strand         name     idx
         <Rle>   <array>   <array> <array>      <array> <array>
1         chr1   1004699   1003761       2        OR2L8       1
2         chr1   1077962   1066577       2       OR2AJ1       2
3         chr1   1082597   1079674       2        OR2T8       3
4         chr1   1097887   1096880       2       OR2AK2       4
5         chr1   1147161   1146217       2        OR2W3       5
...        ...       ...       ...     ...          ...     ...
34272     chrX 151432051 151431449       2        H2AB3    1238
34273     chrX 151436862 151461517       1 LOC101927830    1239
34274     chrX 151560568 151456825       2        TMLHE    1240
34275     chrX 151560181 151726587       1        SPRY3    1241
34276     chrX 151842317 151901358       1        VAMP7    1242


2020-10-07 21:02:11 : idx, Class = integer

idx: length = 6
[1] 27764 21869 22119 23067  9802  4402



2020-10-07 21:02:11 : FeatureDF-Subset, Class = DFrame
DataFrame with 6 rows and 6 columns
  seqnames     start       end  strand    name     idx
     <Rle>   <array>   <array> <array> <array> <array>
1     chr6 172870832 172866692       2    DRD1    1569
2     chr3 108402507 108394177       2    TAC1    1400
3     chr3 140321228 140912806       1   FOXP2    1650
4     chr4  40561155  40564545       1 SLC35D3     413
5    chr14  19377540  19385540       1   CHRM4     631
6    chr10  64502144  64517638       1    PDYN    1064


2020-10-07 21:02:13 : Feature-Matrix, Class = dgCMatrix
Feature-Matrix: nRows = 6, nCols = 5918
Feature-Matrix: NonZeroEntries = 18827, EntryRange = [ 0.015 , 20.215 ]
5 x 5 sparse Matrix of class "dgCMatrix"
     CAUD_WS1H_STA682A131#TTGAGTGAGAGCGGTT-1
[1,]                                   1.852
[2,]                                   0.286
[3,]                                   1.058
[4,]                                   0.991
[5,]                                   0.782
     CAUD_WS1H_STA682A131#TAAACCGGTAAGCCTT-1
[1,]                                   1.334
[2,]                                   0.414
[3,]                                   0.948
[4,]                                   1.237
[5,]                                   0.782
     CAUD_WS1H_STA682A131#AGCGATTGTAGCATGG-1
[1,]                                   0.634
[2,]                                   .    
[3,]                                   0.476
[4,]                                   0.086
[5,]                                   0.323
     CAUD_WS1H_STA682A131#CACCACTCACGTTAGT-1
[1,]                                   1.179
[2,]                                   0.068
[3,]                                   0.081
[4,]                                   0.139
[5,]                                   0.361
     CAUD_WS1H_STA682A131#GTCACGGAGTAGGTCG-1
[1,]                                   0.576
[2,]                                   0.177
[3,]                                   1.144
[4,]                                   1.086
[5,]                                   0.842



2020-10-07 21:02:13 : colorMat-Before-Impute, Class = matrix
        CAUD_WS1H_STA682A131#TTGAGTGAGAGCGGTT-1
Drd1                                      1.852
Tac1                                      0.286
Foxp2                                     1.058
Slc35d3                                   0.991
Chrm4                                     0.782
        CAUD_WS1H_STA682A131#TAAACCGGTAAGCCTT-1
Drd1                                      1.334
Tac1                                      0.414
Foxp2                                     0.948
Slc35d3                                   1.237
Chrm4                                     0.782
        CAUD_WS1H_STA682A131#AGCGATTGTAGCATGG-1
Drd1                                      0.634
Tac1                                      0.000
Foxp2                                     0.476
Slc35d3                                   0.086
Chrm4                                     0.323
        CAUD_WS1H_STA682A131#CACCACTCACGTTAGT-1
Drd1                                      1.179
Tac1                                      0.068
Foxp2                                     0.081
Slc35d3                                   0.139
Chrm4                                     0.361
        CAUD_WS1H_STA682A131#GTCACGGAGTAGGTCG-1
Drd1                                      0.576
Tac1                                      0.177
Foxp2                                     1.144
Slc35d3                                   1.086
Chrm4                                     0.842

colorMat-Before-Impute: nRows = 6, nCols = 5918


2020-10-07 21:02:13 : imputeMatrix Input-Parameters, Class = list

imputeMatrix Input-Parameters$mat: nRows = 6, nCols = 5918
        CAUD_WS1H_STA682A131#TTGAGTGAGAGCGGTT-1
Drd1                                      1.852
Tac1                                      0.286
Foxp2                                     1.058
Slc35d3                                   0.991
Chrm4                                     0.782
        CAUD_WS1H_STA682A131#TAAACCGGTAAGCCTT-1
Drd1                                      1.334
Tac1                                      0.414
Foxp2                                     0.948
Slc35d3                                   1.237
Chrm4                                     0.782
        CAUD_WS1H_STA682A131#AGCGATTGTAGCATGG-1
Drd1                                      0.634
Tac1                                      0.000
Foxp2                                     0.476
Slc35d3                                   0.086
Chrm4                                     0.323
        CAUD_WS1H_STA682A131#CACCACTCACGTTAGT-1
Drd1                                      1.179
Tac1                                      0.068
Foxp2                                     0.081
Slc35d3                                   0.139
Chrm4                                     0.361
        CAUD_WS1H_STA682A131#GTCACGGAGTAGGTCG-1
Drd1                                      0.576
Tac1                                      0.177
Foxp2                                     1.144
Slc35d3                                   1.086
Chrm4                                     0.842


imputeMatrix Input-Parameters$threads: length = 1
[1] 10


imputeMatrix Input-Parameters$verbose: length = 1
[1] FALSE


imputeMatrix Input-Parameters$logFile: length = 1
[1] "ArchRLogs/ArchR-plotEmbedding-53e40740fc468-Date-2020-10-07_Time-21-02-10.log"



2020-10-07 21:02:13 : mat, Class = matrix
        CAUD_WS1H_STA682A131#TTGAGTGAGAGCGGTT-1
Drd1                                      1.852
Tac1                                      0.286
Foxp2                                     1.058
Slc35d3                                   0.991
Chrm4                                     0.782
        CAUD_WS1H_STA682A131#TAAACCGGTAAGCCTT-1
Drd1                                      1.334
Tac1                                      0.414
Foxp2                                     0.948
Slc35d3                                   1.237
Chrm4                                     0.782
        CAUD_WS1H_STA682A131#AGCGATTGTAGCATGG-1
Drd1                                      0.634
Tac1                                      0.000
Foxp2                                     0.476
Slc35d3                                   0.086
Chrm4                                     0.323
        CAUD_WS1H_STA682A131#CACCACTCACGTTAGT-1
Drd1                                      1.179
Tac1                                      0.068
Foxp2                                     0.081
Slc35d3                                   0.139
Chrm4                                     0.361
        CAUD_WS1H_STA682A131#GTCACGGAGTAGGTCG-1
Drd1                                      0.576
Tac1                                      0.177
Foxp2                                     1.144
Slc35d3                                   1.086
Chrm4                                     0.842

mat: nRows = 6, nCols = 5918


2020-10-07 21:02:13 : weightList, Class = SimpleList

weightList$w1: length = 1
[1] "/home/bnphan/projects/snATAC_cross_species_caudate/data/raw_data/rheMac10/Stauffer_caudate/ArchR_Stauffer_caudate/ImputeWeights/Impute-Weights-Rep-1"


weightList$w2: length = 1
[1] "/home/bnphan/projects/snATAC_cross_species_caudate/data/raw_data/rheMac10/Stauffer_caudate/ArchR_Stauffer_caudate/ImputeWeights/Impute-Weights-Rep-2"


2020-10-07 21:02:13 : Imputing Matrix (1 of 2), 0 mins elapsed.

2020-10-07 21:02:13 : 

2020-10-07 21:02:13 : 
2020-10-07 21:02:14 : Imputing Matrix (2 of 2), 0.005 mins elapsed.

2020-10-07 21:02:14 : 

2020-10-07 21:02:14 : 
2020-10-07 21:02:14 : Finished Imputing Matrix, 0.011 mins elapsed.

2020-10-07 21:02:14 : colorMat-After-Impute, Class = matrix
        CAUD_WS1H_STA682A131#TTGAGTGAGAGCGGTT-1
Drd1                                  1.4920727
Tac1                                  0.4822253
Foxp2                                 1.2202864
Slc35d3                               0.8020474
Chrm4                                 0.9865566
        CAUD_WS1H_STA682A131#TAAACCGGTAAGCCTT-1
Drd1                                  1.5173292
Tac1                                  0.4966953
Foxp2                                 1.1820661
Slc35d3                               0.8075161
Chrm4                                 1.0162351
        CAUD_WS1H_STA682A131#AGCGATTGTAGCATGG-1
Drd1                                  0.5520038
Tac1                                  0.0521530
Foxp2                                 0.3386681
Slc35d3                               0.1316178
Chrm4                                 0.2921395
        CAUD_WS1H_STA682A131#CACCACTCACGTTAGT-1
Drd1                                  0.2060140
Tac1                                  0.1470101
Foxp2                                 0.5663802
Slc35d3                               0.2093618
Chrm4                                 0.2928462
        CAUD_WS1H_STA682A131#GTCACGGAGTAGGTCG-1
Drd1                                  1.5452619
Tac1                                  0.5104448
Foxp2                                 1.2340038
Slc35d3                               0.7320176
Chrm4                                 0.9545725

colorMat-After-Impute: nRows = 6, nCols = 5918


2020-10-07 21:02:14 : ColorParams 1, Class = list

ColorParams 1$color: length = 5918
CAUD_WS1H_STA682A131#TTGAGTGAGAGCGGTT-1 CAUD_WS1H_STA682A131#TAAACCGGTAAGCCTT-1 
                              1.4920727                               1.5173292 
CAUD_WS1H_STA682A131#AGCGATTGTAGCATGG-1 CAUD_WS1H_STA682A131#CACCACTCACGTTAGT-1 
                              0.5520038                               0.2060140 
CAUD_WS1H_STA682A131#GTCACGGAGTAGGTCG-1 CAUD_WS1H_STA682A131#CGGTGCAGTTGGACGA-1 
                              1.5452619                               1.5366809 


ColorParams 1$discrete: length = 1
[1] FALSE


ColorParams 1$title: length = 1
[1] "UMAP of IterativeLSI colored by\nGeneScoreMatrix : Drd1"


ColorParams 1$continuousSet: length = 1
[1] "horizonExtra"



2020-10-07 21:02:14 : PlotParams-1, Class = list

PlotParams-1$color: length = 5918
CAUD_WS1H_STA682A131#TTGAGTGAGAGCGGTT-1 CAUD_WS1H_STA682A131#TAAACCGGTAAGCCTT-1 
                              1.3173462                               1.3318939 
CAUD_WS1H_STA682A131#AGCGATTGTAGCATGG-1 CAUD_WS1H_STA682A131#CACCACTCACGTTAGT-1 
                              0.6341321                               0.2702467 
CAUD_WS1H_STA682A131#GTCACGGAGTAGGTCG-1 CAUD_WS1H_STA682A131#CGGTGCAGTTGGACGA-1 
                              1.3478141                               1.3429420 


PlotParams-1$title: length = 1
[1] "UMAP of IterativeLSI colored by\nGeneScoreMatrix : Drd1"


PlotParams-1$x: length = 5918
[1] -6.903056 -8.144493 -1.847863 -1.761109 -8.327439 -7.497838


PlotParams-1$y: length = 5918
[1]  4.504955  3.861000 11.580869 -3.817310  1.940696  4.170241


PlotParams-1$baseSize: length = 1
[1] 10


PlotParams-1$xlabel: length = 1
[1] "UMAP Dimension 1"


PlotParams-1$ylabel: length = 1
[1] "UMAP Dimension 2"


PlotParams-1$pal: length = 256
[1] "#000436" "#000439" "#00053D" "#000640" "#000744" "#000848"


PlotParams-1$colorTitle: length = 1
[1] "Log2(NormCounts + 1)"



2020-10-07 21:02:14 : PlotParams-2, Class = list

PlotParams-2$color: length = 5918
CAUD_WS1H_STA682A131#TTGAGTGAGAGCGGTT-1 CAUD_WS1H_STA682A131#TAAACCGGTAAGCCTT-1 
                             0.56776471                              0.58178056 
CAUD_WS1H_STA682A131#AGCGATTGTAGCATGG-1 CAUD_WS1H_STA682A131#CACCACTCACGTTAGT-1 
                             0.07334451                              0.19787807 
CAUD_WS1H_STA682A131#GTCACGGAGTAGGTCG-1 CAUD_WS1H_STA682A131#CGGTGCAGTTGGACGA-1 
                             0.59497344                              0.60610147 


PlotParams-2$title: length = 1
[1] "UMAP of IterativeLSI colored by\nGeneScoreMatrix : Tac1"


PlotParams-2$x: length = 5918
[1] -6.903056 -8.144493 -1.847863 -1.761109 -8.327439 -7.497838


PlotParams-2$y: length = 5918
[1]  4.504955  3.861000 11.580869 -3.817310  1.940696  4.170241


PlotParams-2$baseSize: length = 1
[1] 10


PlotParams-2$xlabel: length = 1
[1] "UMAP Dimension 1"


PlotParams-2$ylabel: length = 1
[1] "UMAP Dimension 2"


PlotParams-2$pal: length = 256
[1] "#000436" "#000439" "#00053D" "#000640" "#000744" "#000848"


PlotParams-2$colorTitle: length = 1
[1] "Log2(NormCounts + 1)"



2020-10-07 21:02:14 : PlotParams-3, Class = list

PlotParams-3$color: length = 5918
CAUD_WS1H_STA682A131#TTGAGTGAGAGCGGTT-1 CAUD_WS1H_STA682A131#TAAACCGGTAAGCCTT-1 
                              1.1507458                               1.1256948 
CAUD_WS1H_STA682A131#AGCGATTGTAGCATGG-1 CAUD_WS1H_STA682A131#CACCACTCACGTTAGT-1 
                              0.4207983                               0.6474344 
CAUD_WS1H_STA682A131#GTCACGGAGTAGGTCG-1 CAUD_WS1H_STA682A131#CGGTGCAGTTGGACGA-1 
                              1.1596316                               1.1598888 


PlotParams-3$title: length = 1
[1] "UMAP of IterativeLSI colored by\nGeneScoreMatrix : Foxp2"


PlotParams-3$x: length = 5918
[1] -6.903056 -8.144493 -1.847863 -1.761109 -8.327439 -7.497838


PlotParams-3$y: length = 5918
[1]  4.504955  3.861000 11.580869 -3.817310  1.940696  4.170241


PlotParams-3$baseSize: length = 1
[1] 10


PlotParams-3$xlabel: length = 1
[1] "UMAP Dimension 1"


PlotParams-3$ylabel: length = 1
[1] "UMAP Dimension 2"


PlotParams-3$pal: length = 256
[1] "#000436" "#000439" "#00053D" "#000640" "#000744" "#000848"


PlotParams-3$colorTitle: length = 1
[1] "Log2(NormCounts + 1)"



2020-10-07 21:02:14 : PlotParams-4, Class = list

PlotParams-4$color: length = 5918
CAUD_WS1H_STA682A131#TTGAGTGAGAGCGGTT-1 CAUD_WS1H_STA682A131#TAAACCGGTAAGCCTT-1 
                              0.8496370                               0.8540085 
CAUD_WS1H_STA682A131#AGCGATTGTAGCATGG-1 CAUD_WS1H_STA682A131#CACCACTCACGTTAGT-1 
                              0.1783868                               0.2742460 
CAUD_WS1H_STA682A131#GTCACGGAGTAGGTCG-1 CAUD_WS1H_STA682A131#CGGTGCAGTTGGACGA-1 
                              0.7924536                               0.8922176 


PlotParams-4$title: length = 1
[1] "UMAP of IterativeLSI colored by\nGeneScoreMatrix : Slc35d3"


PlotParams-4$x: length = 5918
[1] -6.903056 -8.144493 -1.847863 -1.761109 -8.327439 -7.497838


PlotParams-4$y: length = 5918
[1]  4.504955  3.861000 11.580869 -3.817310  1.940696  4.170241


PlotParams-4$baseSize: length = 1
[1] 10


PlotParams-4$xlabel: length = 1
[1] "UMAP Dimension 1"


PlotParams-4$ylabel: length = 1
[1] "UMAP Dimension 2"


PlotParams-4$pal: length = 256
[1] "#000436" "#000439" "#00053D" "#000640" "#000744" "#000848"


PlotParams-4$colorTitle: length = 1
[1] "Log2(NormCounts + 1)"



2020-10-07 21:02:15 : PlotParams-5, Class = list

PlotParams-5$color: length = 5918
CAUD_WS1H_STA682A131#TTGAGTGAGAGCGGTT-1 CAUD_WS1H_STA682A131#TAAACCGGTAAGCCTT-1 
                              0.9902699                               1.0116639 
CAUD_WS1H_STA682A131#AGCGATTGTAGCATGG-1 CAUD_WS1H_STA682A131#CACCACTCACGTTAGT-1 
                              0.3697618                               0.3705507 
CAUD_WS1H_STA682A131#GTCACGGAGTAGGTCG-1 CAUD_WS1H_STA682A131#CGGTGCAGTTGGACGA-1 
                              0.9668531                               1.0142820 


PlotParams-5$title: length = 1
[1] "UMAP of IterativeLSI colored by\nGeneScoreMatrix : Chrm4"


PlotParams-5$x: length = 5918
[1] -6.903056 -8.144493 -1.847863 -1.761109 -8.327439 -7.497838


PlotParams-5$y: length = 5918
[1]  4.504955  3.861000 11.580869 -3.817310  1.940696  4.170241


PlotParams-5$baseSize: length = 1
[1] 10


PlotParams-5$xlabel: length = 1
[1] "UMAP Dimension 1"


PlotParams-5$ylabel: length = 1
[1] "UMAP Dimension 2"


PlotParams-5$pal: length = 256
[1] "#000436" "#000439" "#00053D" "#000640" "#000744" "#000848"


PlotParams-5$colorTitle: length = 1
[1] "Log2(NormCounts + 1)"



2020-10-07 21:02:15 : PlotParams-6, Class = list

PlotParams-6$color: length = 5918
CAUD_WS1H_STA682A131#TTGAGTGAGAGCGGTT-1 CAUD_WS1H_STA682A131#TAAACCGGTAAGCCTT-1 
                              0.4369963                               0.4806531 
CAUD_WS1H_STA682A131#AGCGATTGTAGCATGG-1 CAUD_WS1H_STA682A131#CACCACTCACGTTAGT-1 
                              0.2329542                               0.2609357 
CAUD_WS1H_STA682A131#GTCACGGAGTAGGTCG-1 CAUD_WS1H_STA682A131#CGGTGCAGTTGGACGA-1 
                              0.5467615                               0.4686213 


PlotParams-6$title: length = 1
[1] "UMAP of IterativeLSI colored by\nGeneScoreMatrix : Pdyn"


PlotParams-6$x: length = 5918
[1] -6.903056 -8.144493 -1.847863 -1.761109 -8.327439 -7.497838


PlotParams-6$y: length = 5918
[1]  4.504955  3.861000 11.580869 -3.817310  1.940696  4.170241


PlotParams-6$baseSize: length = 1
[1] 10


PlotParams-6$xlabel: length = 1
[1] "UMAP Dimension 1"


PlotParams-6$ylabel: length = 1
[1] "UMAP Dimension 2"


PlotParams-6$pal: length = 256
[1] "#000436" "#000439" "#00053D" "#000640" "#000744" "#000848"


PlotParams-6$colorTitle: length = 1
[1] "Log2(NormCounts + 1)"



------- Completed

End Time : 2020-10-07 21:02:15
Elapsed Time Minutes = 0.0875502149264018
Elapsed Time Hours = 0.00145921832985348

-------



