
           ___      .______        ______  __    __  .______      
          /   \     |   _  \      /      ||  |  |  | |   _  \     
         /  ^  \    |  |_)  |    |  ,----'|  |__|  | |  |_)  |    
        /  /_\  \   |      /     |  |     |   __   | |      /     
       /  _____  \  |  |\  \\___ |  `----.|  |  |  | |  |\  \\___.
      /__/     \__\ | _| `._____| \______||__|  |__| | _| `._____|
    
Logging With ArchR!

Start Time : 2020-10-07 21:02:24

------- ArchR Info

ArchRThreads = 10
ArchRGenome = Mm10

------- System Info

Computer OS = unix
Total Cores = 64

------- Session Info

R version 3.6.3 (2020-02-29)
Platform: x86_64-conda_cos6-linux-gnu (64-bit)
Running under: CentOS Linux 7 (Core)

Matrix products: default
BLAS/LAPACK: /home/bnphan/miniconda3/lib/libmkl_rt.so

locale:
 [1] LC_CTYPE=en_US.UTF-8       LC_NUMERIC=C              
 [3] LC_TIME=en_US.UTF-8        LC_COLLATE=en_US.UTF-8    
 [5] LC_MONETARY=en_US.UTF-8    LC_MESSAGES=en_US.UTF-8   
 [7] LC_PAPER=en_US.UTF-8       LC_NAME=C                 
 [9] LC_ADDRESS=C               LC_TELEPHONE=C            
[11] LC_MEASUREMENT=en_US.UTF-8 LC_IDENTIFICATION=C       

attached base packages:
[1] parallel  stats4    stats     graphics  grDevices utils     datasets 
[8] methods   base     

other attached packages:
 [1] ArchR_0.9.5                 magrittr_1.5               
 [3] rhdf5_2.30.1                Matrix_1.2-18              
 [5] data.table_1.13.0           SummarizedExperiment_1.16.1
 [7] DelayedArray_0.12.3         BiocParallel_1.20.1        
 [9] matrixStats_0.57.0          Biobase_2.46.0             
[11] GenomicRanges_1.38.0        GenomeInfoDb_1.22.1        
[13] IRanges_2.20.2              S4Vectors_0.24.4           
[15] BiocGenerics_0.32.0         ggplot2_3.3.2              
[17] colorout_1.2-2             

loaded via a namespace (and not attached):
 [1] Rcpp_1.0.5                         lattice_0.20-41                   
 [3] Rsamtools_2.2.3                    Biostrings_2.54.0                 
 [5] gtools_3.8.2                       digest_0.6.25                     
 [7] BSgenome.Mmusculus.UCSC.mm10_1.4.0 IRdisplay_0.7.0                   
 [9] R6_2.4.1                           repr_1.1.0                        
[11] evaluate_0.14                      pillar_1.4.6                      
[13] zlibbioc_1.32.0                    rlang_0.4.7                       
[15] uuid_0.1-4                         hexbin_1.28.1                     
[17] labeling_0.3                       stringr_1.4.0                     
[19] RCurl_1.98-1.2                     munsell_0.5.0                     
[21] compiler_3.6.3                     rtracklayer_1.46.0                
[23] pkgconfig_2.0.3                    base64enc_0.1-3                   
[25] htmltools_0.5.0                    tidyselect_1.1.0                  
[27] tibble_3.0.3                       GenomeInfoDbData_1.2.2            
[29] XML_3.99-0.3                       crayon_1.3.4                      
[31] dplyr_1.0.2                        withr_2.3.0                       
[33] GenomicAlignments_1.22.1           bitops_1.0-6                      
[35] grid_3.6.3                         jsonlite_1.7.1                    
[37] gtable_0.3.0                       lifecycle_0.2.0                   
[39] scales_1.1.1                       stringi_1.5.3                     
[41] farver_2.0.3                       XVector_0.26.0                    
[43] ellipsis_0.3.1                     generics_0.0.2                    
[45] vctrs_0.3.4                        cowplot_1.1.0                     
[47] IRkernel_1.1.1                     Rhdf5lib_1.8.0                    
[49] tools_3.6.3                        Cairo_1.5-12.2                    
[51] BSgenome_1.54.0                    glue_1.4.2                        
[53] purrr_0.3.4                        colorspace_1.4-1                  
[55] pbdZMQ_0.3-3                      


------- Log Info


2020-10-07 21:02:24 : Input-Parameters, Class = list

Input-Parameters$ArchRProj: length = 1
class: ArchRProject 
outputDirectory: /home/bnphan/projects/snATAC_cross_species_caudate/data/raw_data/rheMac10/Stauffer_caudate/ArchR_Stauffer_caudate 
samples(1): CAUD_WS1H_STA682A131
sampleColData names(1): ArrowFiles
cellColData names(16): Sample TSSEnrichment ... Region Clusters
numberOfCells(1): 1
medianTSS(1): 7.836
medianFrags(1): 99935


Input-Parameters$embedding: length = 1
[1] "UMAP"


Input-Parameters$colorBy: length = 1
[1] "GeneScoreMatrix"


Input-Parameters$name: length = 6
[1] "Rbfox3" "Lhx6"   "Aqp4"   "Cx3cr1" "Pdgfra" "Mog"   


Input-Parameters$log2Norm: length = 0
NULL


Input-Parameters$pal: length = 0
NULL


Input-Parameters$size: length = 1
[1] 0.1


Input-Parameters$sampleCells: length = 0
NULL


Input-Parameters$highlightCells: length = 0
NULL


Input-Parameters$rastr: length = 1
[1] TRUE


Input-Parameters$quantCut: length = 2
[1] 0.01 0.99


Input-Parameters$discreteSet: length = 0
NULL


Input-Parameters$continuousSet: length = 0
NULL


Input-Parameters$randomize: length = 1
[1] TRUE


Input-Parameters$keepAxis: length = 1
[1] FALSE


Input-Parameters$baseSize: length = 1
[1] 10


Input-Parameters$plotAs: length = 0
NULL


Input-Parameters$threads: length = 1
[1] 10


Input-Parameters$logFile: length = 1
[1] "ArchRLogs/ArchR-plotEmbedding-53e40618da111-Date-2020-10-07_Time-21-02-24.log"



2020-10-07 21:02:24 : 

2020-10-07 21:02:24 : Embedding data.frame, Class = data.frame
Embedding data.frame: nRows = 5918, nCols = 2
                                        IterativeLSI#UMAP_Dimension_1
CAUD_WS1H_STA682A131#TTGAGTGAGAGCGGTT-1                     -6.903056
CAUD_WS1H_STA682A131#TAAACCGGTAAGCCTT-1                     -8.144493
CAUD_WS1H_STA682A131#AGCGATTGTAGCATGG-1                     -1.847863
CAUD_WS1H_STA682A131#CACCACTCACGTTAGT-1                     -1.761109
CAUD_WS1H_STA682A131#GTCACGGAGTAGGTCG-1                     -8.327439
CAUD_WS1H_STA682A131#CGGTGCAGTTGGACGA-1                     -7.497838
                                        IterativeLSI#UMAP_Dimension_2
CAUD_WS1H_STA682A131#TTGAGTGAGAGCGGTT-1                      4.504955
CAUD_WS1H_STA682A131#TAAACCGGTAAGCCTT-1                      3.861000
CAUD_WS1H_STA682A131#AGCGATTGTAGCATGG-1                     11.580869
CAUD_WS1H_STA682A131#CACCACTCACGTTAGT-1                     -3.817310
CAUD_WS1H_STA682A131#GTCACGGAGTAGGTCG-1                      1.940696
CAUD_WS1H_STA682A131#CGGTGCAGTTGGACGA-1                      4.170241



2020-10-07 21:02:24 : 

2020-10-07 21:02:24 : 

2020-10-07 21:02:24 : FeatureDF, Class = DFrame
DataFrame with 34276 rows and 6 columns
      seqnames     start       end  strand         name     idx
         <Rle>   <array>   <array> <array>      <array> <array>
1         chr1   1004699   1003761       2        OR2L8       1
2         chr1   1077962   1066577       2       OR2AJ1       2
3         chr1   1082597   1079674       2        OR2T8       3
4         chr1   1097887   1096880       2       OR2AK2       4
5         chr1   1147161   1146217       2        OR2W3       5
...        ...       ...       ...     ...          ...     ...
34272     chrX 151432051 151431449       2        H2AB3    1238
34273     chrX 151436862 151461517       1 LOC101927830    1239
34274     chrX 151560568 151456825       2        TMLHE    1240
34275     chrX 151560181 151726587       1        SPRY3    1241
34276     chrX 151842317 151901358       1        VAMP7    1242


2020-10-07 21:02:24 : idx, Class = integer

idx: length = 6
[1] 14052 11453 15356 18119 25363 24099



2020-10-07 21:02:24 : FeatureDF-Subset, Class = DFrame
DataFrame with 6 rows and 6 columns
  seqnames     start       end  strand    name     idx
     <Rle>   <array>   <array> <array> <array> <array>
1    chr16  75987801  75411667       2  RBFOX3    1633
2    chr15  20481699  20525402       1    LHX6     373
3    chr18  55583629  55597374       1    AQP4     419
4     chr2  94743210  94725699       2  CX3CR1     895
5     chr5  79407663  79342993       2  PDGFRA     720
6     chr4 140570756 140555645       2     MOG    1445


2020-10-07 21:02:27 : Feature-Matrix, Class = dgCMatrix
Feature-Matrix: nRows = 6, nCols = 5918
Feature-Matrix: NonZeroEntries = 17067, EntryRange = [ 0.017 , 33.774 ]
5 x 5 sparse Matrix of class "dgCMatrix"
     CAUD_WS1H_STA682A131#TTGAGTGAGAGCGGTT-1
[1,]                                   2.990
[2,]                                   0.285
[3,]                                   0.451
[4,]                                   0.093
[5,]                                   0.271
     CAUD_WS1H_STA682A131#TAAACCGGTAAGCCTT-1
[1,]                                   2.526
[2,]                                   0.144
[3,]                                   .    
[4,]                                   0.141
[5,]                                   0.450
     CAUD_WS1H_STA682A131#AGCGATTGTAGCATGG-1
[1,]                                   1.234
[2,]                                   .    
[3,]                                   0.708
[4,]                                   .    
[5,]                                   0.182
     CAUD_WS1H_STA682A131#CACCACTCACGTTAGT-1
[1,]                                   2.405
[2,]                                   0.072
[3,]                                   .    
[4,]                                   0.122
[5,]                                   0.083
     CAUD_WS1H_STA682A131#GTCACGGAGTAGGTCG-1
[1,]                                   2.643
[2,]                                   0.074
[3,]                                   .    
[4,]                                   0.179
[5,]                                   0.228



2020-10-07 21:02:27 : colorMat-Before-Impute, Class = matrix
       CAUD_WS1H_STA682A131#TTGAGTGAGAGCGGTT-1
Rbfox3                                   2.990
Lhx6                                     0.285
Aqp4                                     0.451
Cx3cr1                                   0.093
Pdgfra                                   0.271
       CAUD_WS1H_STA682A131#TAAACCGGTAAGCCTT-1
Rbfox3                                   2.526
Lhx6                                     0.144
Aqp4                                     0.000
Cx3cr1                                   0.141
Pdgfra                                   0.450
       CAUD_WS1H_STA682A131#AGCGATTGTAGCATGG-1
Rbfox3                                   1.234
Lhx6                                     0.000
Aqp4                                     0.708
Cx3cr1                                   0.000
Pdgfra                                   0.182
       CAUD_WS1H_STA682A131#CACCACTCACGTTAGT-1
Rbfox3                                   2.405
Lhx6                                     0.072
Aqp4                                     0.000
Cx3cr1                                   0.122
Pdgfra                                   0.083
       CAUD_WS1H_STA682A131#GTCACGGAGTAGGTCG-1
Rbfox3                                   2.643
Lhx6                                     0.074
Aqp4                                     0.000
Cx3cr1                                   0.179
Pdgfra                                   0.228

colorMat-Before-Impute: nRows = 6, nCols = 5918


2020-10-07 21:02:27 : imputeMatrix Input-Parameters, Class = list

imputeMatrix Input-Parameters$mat: nRows = 6, nCols = 5918
       CAUD_WS1H_STA682A131#TTGAGTGAGAGCGGTT-1
Rbfox3                                   2.990
Lhx6                                     0.285
Aqp4                                     0.451
Cx3cr1                                   0.093
Pdgfra                                   0.271
       CAUD_WS1H_STA682A131#TAAACCGGTAAGCCTT-1
Rbfox3                                   2.526
Lhx6                                     0.144
Aqp4                                     0.000
Cx3cr1                                   0.141
Pdgfra                                   0.450
       CAUD_WS1H_STA682A131#AGCGATTGTAGCATGG-1
Rbfox3                                   1.234
Lhx6                                     0.000
Aqp4                                     0.708
Cx3cr1                                   0.000
Pdgfra                                   0.182
       CAUD_WS1H_STA682A131#CACCACTCACGTTAGT-1
Rbfox3                                   2.405
Lhx6                                     0.072
Aqp4                                     0.000
Cx3cr1                                   0.122
Pdgfra                                   0.083
       CAUD_WS1H_STA682A131#GTCACGGAGTAGGTCG-1
Rbfox3                                   2.643
Lhx6                                     0.074
Aqp4                                     0.000
Cx3cr1                                   0.179
Pdgfra                                   0.228


imputeMatrix Input-Parameters$threads: length = 1
[1] 10


imputeMatrix Input-Parameters$verbose: length = 1
[1] FALSE


imputeMatrix Input-Parameters$logFile: length = 1
[1] "ArchRLogs/ArchR-plotEmbedding-53e40618da111-Date-2020-10-07_Time-21-02-24.log"



2020-10-07 21:02:27 : mat, Class = matrix
       CAUD_WS1H_STA682A131#TTGAGTGAGAGCGGTT-1
Rbfox3                                   2.990
Lhx6                                     0.285
Aqp4                                     0.451
Cx3cr1                                   0.093
Pdgfra                                   0.271
       CAUD_WS1H_STA682A131#TAAACCGGTAAGCCTT-1
Rbfox3                                   2.526
Lhx6                                     0.144
Aqp4                                     0.000
Cx3cr1                                   0.141
Pdgfra                                   0.450
       CAUD_WS1H_STA682A131#AGCGATTGTAGCATGG-1
Rbfox3                                   1.234
Lhx6                                     0.000
Aqp4                                     0.708
Cx3cr1                                   0.000
Pdgfra                                   0.182
       CAUD_WS1H_STA682A131#CACCACTCACGTTAGT-1
Rbfox3                                   2.405
Lhx6                                     0.072
Aqp4                                     0.000
Cx3cr1                                   0.122
Pdgfra                                   0.083
       CAUD_WS1H_STA682A131#GTCACGGAGTAGGTCG-1
Rbfox3                                   2.643
Lhx6                                     0.074
Aqp4                                     0.000
Cx3cr1                                   0.179
Pdgfra                                   0.228

mat: nRows = 6, nCols = 5918


2020-10-07 21:02:27 : weightList, Class = SimpleList

weightList$w1: length = 1
[1] "/home/bnphan/projects/snATAC_cross_species_caudate/data/raw_data/rheMac10/Stauffer_caudate/ArchR_Stauffer_caudate/ImputeWeights/Impute-Weights-Rep-1"


weightList$w2: length = 1
[1] "/home/bnphan/projects/snATAC_cross_species_caudate/data/raw_data/rheMac10/Stauffer_caudate/ArchR_Stauffer_caudate/ImputeWeights/Impute-Weights-Rep-2"


2020-10-07 21:02:27 : Imputing Matrix (1 of 2), 0 mins elapsed.

2020-10-07 21:02:27 : 

2020-10-07 21:02:27 : 
2020-10-07 21:02:27 : Imputing Matrix (2 of 2), 0.005 mins elapsed.

2020-10-07 21:02:27 : 

2020-10-07 21:02:27 : 
2020-10-07 21:02:27 : Finished Imputing Matrix, 0.011 mins elapsed.

2020-10-07 21:02:27 : colorMat-After-Impute, Class = matrix
       CAUD_WS1H_STA682A131#TTGAGTGAGAGCGGTT-1
Rbfox3                               2.6324651
Lhx6                                 0.1143927
Aqp4                                 0.1029796
Cx3cr1                               0.1058525
Pdgfra                               0.3399592
       CAUD_WS1H_STA682A131#TAAACCGGTAAGCCTT-1
Rbfox3                              2.62385479
Lhx6                                0.11855105
Aqp4                                0.08727828
Cx3cr1                              0.10832923
Pdgfra                              0.35081309
       CAUD_WS1H_STA682A131#AGCGATTGTAGCATGG-1
Rbfox3                              1.24441981
Lhx6                                0.10980349
Aqp4                                0.99534216
Cx3cr1                              0.04143869
Pdgfra                              0.15275438
       CAUD_WS1H_STA682A131#CACCACTCACGTTAGT-1
Rbfox3                              2.76262393
Lhx6                                0.12032067
Aqp4                                0.10680884
Cx3cr1                              0.09876021
Pdgfra                              0.29714545
       CAUD_WS1H_STA682A131#GTCACGGAGTAGGTCG-1
Rbfox3                               2.5015646
Lhx6                                 0.1266349
Aqp4                                 0.1083734
Cx3cr1                               0.1211137
Pdgfra                               0.2834856

colorMat-After-Impute: nRows = 6, nCols = 5918


2020-10-07 21:02:27 : ColorParams 1, Class = list

ColorParams 1$color: length = 5918
CAUD_WS1H_STA682A131#TTGAGTGAGAGCGGTT-1 CAUD_WS1H_STA682A131#TAAACCGGTAAGCCTT-1 
                               2.632465                                2.623855 
CAUD_WS1H_STA682A131#AGCGATTGTAGCATGG-1 CAUD_WS1H_STA682A131#CACCACTCACGTTAGT-1 
                               1.244420                                2.762624 
CAUD_WS1H_STA682A131#GTCACGGAGTAGGTCG-1 CAUD_WS1H_STA682A131#CGGTGCAGTTGGACGA-1 
                               2.501565                                2.731774 


ColorParams 1$discrete: length = 1
[1] FALSE


ColorParams 1$title: length = 1
[1] "UMAP of IterativeLSI colored by\nGeneScoreMatrix : Rbfox3"


ColorParams 1$continuousSet: length = 1
[1] "horizonExtra"



2020-10-07 21:02:27 : PlotParams-1, Class = list

PlotParams-1$color: length = 5918
CAUD_WS1H_STA682A131#TTGAGTGAGAGCGGTT-1 CAUD_WS1H_STA682A131#TAAACCGGTAAGCCTT-1 
                               1.860949                                1.857525 
CAUD_WS1H_STA682A131#AGCGATTGTAGCATGG-1 CAUD_WS1H_STA682A131#CACCACTCACGTTAGT-1 
                               1.166343                                1.911739 
CAUD_WS1H_STA682A131#GTCACGGAGTAGGTCG-1 CAUD_WS1H_STA682A131#CGGTGCAGTTGGACGA-1 
                               1.808000                                1.899861 


PlotParams-1$title: length = 1
[1] "UMAP of IterativeLSI colored by\nGeneScoreMatrix : Rbfox3"


PlotParams-1$x: length = 5918
[1] -6.903056 -8.144493 -1.847863 -1.761109 -8.327439 -7.497838


PlotParams-1$y: length = 5918
[1]  4.504955  3.861000 11.580869 -3.817310  1.940696  4.170241


PlotParams-1$baseSize: length = 1
[1] 10


PlotParams-1$xlabel: length = 1
[1] "UMAP Dimension 1"


PlotParams-1$ylabel: length = 1
[1] "UMAP Dimension 2"


PlotParams-1$pal: length = 256
[1] "#000436" "#000439" "#00053D" "#000640" "#000744" "#000848"


PlotParams-1$colorTitle: length = 1
[1] "Log2(NormCounts + 1)"



2020-10-07 21:02:27 : PlotParams-2, Class = list

PlotParams-2$color: length = 5918
CAUD_WS1H_STA682A131#TTGAGTGAGAGCGGTT-1 CAUD_WS1H_STA682A131#TAAACCGGTAAGCCTT-1 
                              0.1562578                               0.1616311 
CAUD_WS1H_STA682A131#AGCGATTGTAGCATGG-1 CAUD_WS1H_STA682A131#CACCACTCACGTTAGT-1 
                              0.1503042                               0.1639117 
CAUD_WS1H_STA682A131#GTCACGGAGTAGGTCG-1 CAUD_WS1H_STA682A131#CGGTGCAGTTGGACGA-1 
                              0.1720201                               0.1506105 


PlotParams-2$title: length = 1
[1] "UMAP of IterativeLSI colored by\nGeneScoreMatrix : Lhx6"


PlotParams-2$x: length = 5918
[1] -6.903056 -8.144493 -1.847863 -1.761109 -8.327439 -7.497838


PlotParams-2$y: length = 5918
[1]  4.504955  3.861000 11.580869 -3.817310  1.940696  4.170241


PlotParams-2$baseSize: length = 1
[1] 10


PlotParams-2$xlabel: length = 1
[1] "UMAP Dimension 1"


PlotParams-2$ylabel: length = 1
[1] "UMAP Dimension 2"


PlotParams-2$pal: length = 256
[1] "#000436" "#000439" "#00053D" "#000640" "#000744" "#000848"


PlotParams-2$colorTitle: length = 1
[1] "Log2(NormCounts + 1)"



2020-10-07 21:02:27 : PlotParams-3, Class = list

PlotParams-3$color: length = 5918
CAUD_WS1H_STA682A131#TTGAGTGAGAGCGGTT-1 CAUD_WS1H_STA682A131#TAAACCGGTAAGCCTT-1 
                              0.1414062                               0.1207212 
CAUD_WS1H_STA682A131#AGCGATTGTAGCATGG-1 CAUD_WS1H_STA682A131#CACCACTCACGTTAGT-1 
                              0.9966362                               0.1464061 
CAUD_WS1H_STA682A131#GTCACGGAGTAGGTCG-1 CAUD_WS1H_STA682A131#CGGTGCAGTTGGACGA-1 
                              0.1484439                               0.1319046 


PlotParams-3$title: length = 1
[1] "UMAP of IterativeLSI colored by\nGeneScoreMatrix : Aqp4"


PlotParams-3$x: length = 5918
[1] -6.903056 -8.144493 -1.847863 -1.761109 -8.327439 -7.497838


PlotParams-3$y: length = 5918
[1]  4.504955  3.861000 11.580869 -3.817310  1.940696  4.170241


PlotParams-3$baseSize: length = 1
[1] 10


PlotParams-3$xlabel: length = 1
[1] "UMAP Dimension 1"


PlotParams-3$ylabel: length = 1
[1] "UMAP Dimension 2"


PlotParams-3$pal: length = 256
[1] "#000436" "#000439" "#00053D" "#000640" "#000744" "#000848"


PlotParams-3$colorTitle: length = 1
[1] "Log2(NormCounts + 1)"



2020-10-07 21:02:28 : PlotParams-4, Class = list

PlotParams-4$color: length = 5918
CAUD_WS1H_STA682A131#TTGAGTGAGAGCGGTT-1 CAUD_WS1H_STA682A131#TAAACCGGTAAGCCTT-1 
                             0.14515901                              0.14838650 
CAUD_WS1H_STA682A131#AGCGATTGTAGCATGG-1 CAUD_WS1H_STA682A131#CACCACTCACGTTAGT-1 
                             0.05857791                              0.13587657 
CAUD_WS1H_STA682A131#GTCACGGAGTAGGTCG-1 CAUD_WS1H_STA682A131#CGGTGCAGTTGGACGA-1 
                             0.16493257                              0.13979119 


PlotParams-4$title: length = 1
[1] "UMAP of IterativeLSI colored by\nGeneScoreMatrix : Cx3cr1"


PlotParams-4$x: length = 5918
[1] -6.903056 -8.144493 -1.847863 -1.761109 -8.327439 -7.497838


PlotParams-4$y: length = 5918
[1]  4.504955  3.861000 11.580869 -3.817310  1.940696  4.170241


PlotParams-4$baseSize: length = 1
[1] 10


PlotParams-4$xlabel: length = 1
[1] "UMAP Dimension 1"


PlotParams-4$ylabel: length = 1
[1] "UMAP Dimension 2"


PlotParams-4$pal: length = 256
[1] "#000436" "#000439" "#00053D" "#000640" "#000744" "#000848"


PlotParams-4$colorTitle: length = 1
[1] "Log2(NormCounts + 1)"



2020-10-07 21:02:28 : PlotParams-5, Class = list

PlotParams-5$color: length = 5918
CAUD_WS1H_STA682A131#TTGAGTGAGAGCGGTT-1 CAUD_WS1H_STA682A131#TAAACCGGTAAGCCTT-1 
                              0.4221891                               0.4338281 
CAUD_WS1H_STA682A131#AGCGATTGTAGCATGG-1 CAUD_WS1H_STA682A131#CACCACTCACGTTAGT-1 
                              0.2050851                               0.3753403 
CAUD_WS1H_STA682A131#GTCACGGAGTAGGTCG-1 CAUD_WS1H_STA682A131#CGGTGCAGTTGGACGA-1 
                              0.3600672                               0.4264052 


PlotParams-5$title: length = 1
[1] "UMAP of IterativeLSI colored by\nGeneScoreMatrix : Pdgfra"


PlotParams-5$x: length = 5918
[1] -6.903056 -8.144493 -1.847863 -1.761109 -8.327439 -7.497838


PlotParams-5$y: length = 5918
[1]  4.504955  3.861000 11.580869 -3.817310  1.940696  4.170241


PlotParams-5$baseSize: length = 1
[1] 10


PlotParams-5$xlabel: length = 1
[1] "UMAP Dimension 1"


PlotParams-5$ylabel: length = 1
[1] "UMAP Dimension 2"


PlotParams-5$pal: length = 256
[1] "#000436" "#000439" "#00053D" "#000640" "#000744" "#000848"


PlotParams-5$colorTitle: length = 1
[1] "Log2(NormCounts + 1)"



2020-10-07 21:02:28 : PlotParams-6, Class = list

PlotParams-6$color: length = 5918
CAUD_WS1H_STA682A131#TTGAGTGAGAGCGGTT-1 CAUD_WS1H_STA682A131#TAAACCGGTAAGCCTT-1 
                              0.1572874                               0.1520195 
CAUD_WS1H_STA682A131#AGCGATTGTAGCATGG-1 CAUD_WS1H_STA682A131#CACCACTCACGTTAGT-1 
                              0.1418989                               0.1614983 
CAUD_WS1H_STA682A131#GTCACGGAGTAGGTCG-1 CAUD_WS1H_STA682A131#CGGTGCAGTTGGACGA-1 
                              0.1434758                               0.1611306 


PlotParams-6$title: length = 1
[1] "UMAP of IterativeLSI colored by\nGeneScoreMatrix : Mog"


PlotParams-6$x: length = 5918
[1] -6.903056 -8.144493 -1.847863 -1.761109 -8.327439 -7.497838


PlotParams-6$y: length = 5918
[1]  4.504955  3.861000 11.580869 -3.817310  1.940696  4.170241


PlotParams-6$baseSize: length = 1
[1] 10


PlotParams-6$xlabel: length = 1
[1] "UMAP Dimension 1"


PlotParams-6$ylabel: length = 1
[1] "UMAP Dimension 2"


PlotParams-6$pal: length = 256
[1] "#000436" "#000439" "#00053D" "#000640" "#000744" "#000848"


PlotParams-6$colorTitle: length = 1
[1] "Log2(NormCounts + 1)"



------- Completed

End Time : 2020-10-07 21:02:28
Elapsed Time Minutes = 0.0745775977770487
Elapsed Time Hours = 0.00124300645457374

-------



