
           ___      .______        ______  __    __  .______      
          /   \     |   _  \      /      ||  |  |  | |   _  \     
         /  ^  \    |  |_)  |    |  ,----'|  |__|  | |  |_)  |    
        /  /_\  \   |      /     |  |     |   __   | |      /     
       /  _____  \  |  |\  \\___ |  `----.|  |  |  | |  |\  \\___.
      /__/     \__\ | _| `._____| \______||__|  |__| | _| `._____|
    
Logging With ArchR!

Start Time : 2020-10-07 20:18:33

------- ArchR Info

ArchRThreads = 1
ArchRGenome = Mm10

------- System Info

Computer OS = unix
Total Cores = 64

------- Session Info

R version 3.6.3 (2020-02-29)
Platform: x86_64-conda_cos6-linux-gnu (64-bit)
Running under: CentOS Linux 7 (Core)

Matrix products: default
BLAS/LAPACK: /home/bnphan/miniconda3/lib/libmkl_rt.so

locale:
 [1] LC_CTYPE=en_US.UTF-8       LC_NUMERIC=C              
 [3] LC_TIME=en_US.UTF-8        LC_COLLATE=en_US.UTF-8    
 [5] LC_MONETARY=en_US.UTF-8    LC_MESSAGES=en_US.UTF-8   
 [7] LC_PAPER=en_US.UTF-8       LC_NAME=C                 
 [9] LC_ADDRESS=C               LC_TELEPHONE=C            
[11] LC_MEASUREMENT=en_US.UTF-8 LC_IDENTIFICATION=C       

attached base packages:
[1] parallel  stats4    stats     graphics  grDevices utils     datasets 
[8] methods   base     

other attached packages:
 [1] ArchR_0.9.5                 magrittr_1.5               
 [3] rhdf5_2.30.1                Matrix_1.2-18              
 [5] data.table_1.13.0           SummarizedExperiment_1.16.1
 [7] DelayedArray_0.12.3         BiocParallel_1.20.1        
 [9] matrixStats_0.57.0          Biobase_2.46.0             
[11] GenomicRanges_1.38.0        GenomeInfoDb_1.22.1        
[13] IRanges_2.20.2              S4Vectors_0.24.4           
[15] BiocGenerics_0.32.0         ggplot2_3.3.2              
[17] colorout_1.2-2             

loaded via a namespace (and not attached):
 [1] Rcpp_1.0.5                         lattice_0.20-41                   
 [3] Rsamtools_2.2.3                    Biostrings_2.54.0                 
 [5] gtools_3.8.2                       digest_0.6.25                     
 [7] BSgenome.Mmusculus.UCSC.mm10_1.4.0 IRdisplay_0.7.0                   
 [9] R6_2.4.1                           repr_1.1.0                        
[11] evaluate_0.14                      pillar_1.4.6                      
[13] zlibbioc_1.32.0                    rlang_0.4.7                       
[15] uuid_0.1-4                         labeling_0.3                      
[17] stringr_1.4.0                      RCurl_1.98-1.2                    
[19] munsell_0.5.0                      compiler_3.6.3                    
[21] rtracklayer_1.46.0                 pkgconfig_2.0.3                   
[23] base64enc_0.1-3                    htmltools_0.5.0                   
[25] tidyselect_1.1.0                   tibble_3.0.3                      
[27] GenomeInfoDbData_1.2.2             XML_3.99-0.3                      
[29] crayon_1.3.4                       dplyr_1.0.2                       
[31] withr_2.3.0                        GenomicAlignments_1.22.1          
[33] bitops_1.0-6                       grid_3.6.3                        
[35] jsonlite_1.7.1                     gtable_0.3.0                      
[37] lifecycle_0.2.0                    scales_1.1.1                      
[39] stringi_1.5.3                      farver_2.0.3                      
[41] XVector_0.26.0                     ellipsis_0.3.1                    
[43] generics_0.0.2                     vctrs_0.3.4                       
[45] IRkernel_1.1.1                     Rhdf5lib_1.8.0                    
[47] tools_3.6.3                        Cairo_1.5-12.2                    
[49] BSgenome_1.54.0                    glue_1.4.2                        
[51] purrr_0.3.4                        colorspace_1.4-1                  
[53] pbdZMQ_0.3-3                      


------- Log Info


2020-10-07 20:18:33 : Input-Parameters, Class = list

Input-Parameters$ArchRProj: length = 1
class: ArchRProject 
outputDirectory: /home/bnphan/projects/snATAC_cross_species_caudate/data/raw_data/rheMac10/Stauffer_caudate/ArchR_Stauffer_caudate 
samples(1): CAUD_WS1H_STA682A131
sampleColData names(1): ArrowFiles
cellColData names(16): Sample TSSEnrichment ... Region Clusters
numberOfCells(1): 1
medianTSS(1): 7.836
medianFrags(1): 99935


Input-Parameters$embedding: length = 1
[1] "UMAP"


Input-Parameters$colorBy: length = 1
[1] "GeneScoreMatrix"


Input-Parameters$name: length = 5
[1] "Ppp1r1b" "Bcl11b"  "Pde1b"   "Foxp1"   "Six3"   


Input-Parameters$log2Norm: length = 0
NULL


Input-Parameters$pal: length = 0
NULL


Input-Parameters$size: length = 1
[1] 0.1


Input-Parameters$sampleCells: length = 0
NULL


Input-Parameters$highlightCells: length = 0
NULL


Input-Parameters$rastr: length = 1
[1] TRUE


Input-Parameters$quantCut: length = 2
[1] 0.01 0.99


Input-Parameters$discreteSet: length = 0
NULL


Input-Parameters$continuousSet: length = 0
NULL


Input-Parameters$randomize: length = 1
[1] TRUE


Input-Parameters$keepAxis: length = 1
[1] FALSE


Input-Parameters$baseSize: length = 1
[1] 10


Input-Parameters$plotAs: length = 0
NULL


Input-Parameters$threads: length = 1
[1] 1


Input-Parameters$logFile: length = 1
[1] "ArchRLogs/ArchR-plotEmbedding-53cfa261f18f5-Date-2020-10-07_Time-20-18-33.log"



2020-10-07 20:18:33 : 

2020-10-07 20:18:33 : Embedding data.frame, Class = data.frame
Embedding data.frame: nRows = 5918, nCols = 2
                                        IterativeLSI#UMAP_Dimension_1
CAUD_WS1H_STA682A131#TTGAGTGAGAGCGGTT-1                     -6.903056
CAUD_WS1H_STA682A131#TAAACCGGTAAGCCTT-1                     -8.144493
CAUD_WS1H_STA682A131#AGCGATTGTAGCATGG-1                     -1.847863
CAUD_WS1H_STA682A131#CACCACTCACGTTAGT-1                     -1.761109
CAUD_WS1H_STA682A131#GTCACGGAGTAGGTCG-1                     -8.327439
CAUD_WS1H_STA682A131#CGGTGCAGTTGGACGA-1                     -7.497838
                                        IterativeLSI#UMAP_Dimension_2
CAUD_WS1H_STA682A131#TTGAGTGAGAGCGGTT-1                      4.504955
CAUD_WS1H_STA682A131#TAAACCGGTAAGCCTT-1                      3.861000
CAUD_WS1H_STA682A131#AGCGATTGTAGCATGG-1                     11.580869
CAUD_WS1H_STA682A131#CACCACTCACGTTAGT-1                     -3.817310
CAUD_WS1H_STA682A131#GTCACGGAGTAGGTCG-1                      1.940696
CAUD_WS1H_STA682A131#CGGTGCAGTTGGACGA-1                      4.170241



2020-10-07 20:18:33 : 

2020-10-07 20:18:33 : 

2020-10-07 20:18:34 : FeatureDF, Class = DFrame
DataFrame with 34276 rows and 6 columns
      seqnames     start       end  strand         name     idx
         <Rle>   <array>   <array> <array>      <array> <array>
1         chr1   1004699   1003761       2        OR2L8       1
2         chr1   1077962   1066577       2       OR2AJ1       2
3         chr1   1082597   1079674       2        OR2T8       3
4         chr1   1097887   1096880       2       OR2AK2       4
5         chr1   1147161   1146217       2        OR2W3       5
...        ...       ...       ...     ...          ...     ...
34272     chrX 151432051 151431449       2        H2AB3    1238
34273     chrX 151436862 151461517       1 LOC101927830    1239
34274     chrX 151560568 151456825       2        TMLHE    1240
34275     chrX 151560181 151726587       1        SPRY3    1241
34276     chrX 151842317 151901358       1        VAMP7    1242


2020-10-07 20:18:34 : idx, Class = integer

idx: length = 5
[1] 13423 29982  5784 18590  8674



2020-10-07 20:18:34 : FeatureDF-Subset, Class = DFrame
DataFrame with 5 rows and 6 columns
  seqnames     start       end  strand    name     idx
     <Rle>   <array>   <array> <array> <array> <array>
1    chr16  50753281  50763952       1 PPP1R1B    1004
2     chr7 161471556 161367735       2  BCL11B    2109
3    chr11  54168722  54198357       1   PDE1B     756
4     chr2 127666273 127034292       2   FOXP1    1366
5    chr13  63840914  63836564       2    SIX3     724


2020-10-07 20:18:38 : Feature-Matrix, Class = dgCMatrix
Feature-Matrix: nRows = 5, nCols = 5918
Feature-Matrix: NonZeroEntries = 19521, EntryRange = [ 0.018 , 15.284 ]
5 x 5 sparse Matrix of class "dgCMatrix"
     CAUD_WS1H_STA682A131#TTGAGTGAGAGCGGTT-1
[1,]                                   0.569
[2,]                                   2.290
[3,]                                   1.114
[4,]                                   4.383
[5,]                                   0.950
     CAUD_WS1H_STA682A131#TAAACCGGTAAGCCTT-1
[1,]                                   1.244
[2,]                                   2.197
[3,]                                   0.884
[4,]                                   4.108
[5,]                                   0.639
     CAUD_WS1H_STA682A131#AGCGATTGTAGCATGG-1
[1,]                                   0.705
[2,]                                   0.112
[3,]                                   0.298
[4,]                                   0.998
[5,]                                   1.480
     CAUD_WS1H_STA682A131#CACCACTCACGTTAGT-1
[1,]                                   0.231
[2,]                                   0.481
[3,]                                   0.561
[4,]                                   2.838
[5,]                                   0.319
     CAUD_WS1H_STA682A131#GTCACGGAGTAGGTCG-1
[1,]                                   1.243
[2,]                                   2.634
[3,]                                   1.364
[4,]                                   4.144
[5,]                                   0.989



2020-10-07 20:18:38 : colorMat-Before-Impute, Class = matrix
        CAUD_WS1H_STA682A131#TTGAGTGAGAGCGGTT-1
Ppp1r1b                                   0.569
Bcl11b                                    2.290
Pde1b                                     1.114
Foxp1                                     4.383
Six3                                      0.950
        CAUD_WS1H_STA682A131#TAAACCGGTAAGCCTT-1
Ppp1r1b                                   1.244
Bcl11b                                    2.197
Pde1b                                     0.884
Foxp1                                     4.108
Six3                                      0.639
        CAUD_WS1H_STA682A131#AGCGATTGTAGCATGG-1
Ppp1r1b                                   0.705
Bcl11b                                    0.112
Pde1b                                     0.298
Foxp1                                     0.998
Six3                                      1.480
        CAUD_WS1H_STA682A131#CACCACTCACGTTAGT-1
Ppp1r1b                                   0.231
Bcl11b                                    0.481
Pde1b                                     0.561
Foxp1                                     2.838
Six3                                      0.319
        CAUD_WS1H_STA682A131#GTCACGGAGTAGGTCG-1
Ppp1r1b                                   1.243
Bcl11b                                    2.634
Pde1b                                     1.364
Foxp1                                     4.144
Six3                                      0.989

colorMat-Before-Impute: nRows = 5, nCols = 5918


2020-10-07 20:18:38 : imputeMatrix Input-Parameters, Class = list

imputeMatrix Input-Parameters$mat: nRows = 5, nCols = 5918
        CAUD_WS1H_STA682A131#TTGAGTGAGAGCGGTT-1
Ppp1r1b                                   0.569
Bcl11b                                    2.290
Pde1b                                     1.114
Foxp1                                     4.383
Six3                                      0.950
        CAUD_WS1H_STA682A131#TAAACCGGTAAGCCTT-1
Ppp1r1b                                   1.244
Bcl11b                                    2.197
Pde1b                                     0.884
Foxp1                                     4.108
Six3                                      0.639
        CAUD_WS1H_STA682A131#AGCGATTGTAGCATGG-1
Ppp1r1b                                   0.705
Bcl11b                                    0.112
Pde1b                                     0.298
Foxp1                                     0.998
Six3                                      1.480
        CAUD_WS1H_STA682A131#CACCACTCACGTTAGT-1
Ppp1r1b                                   0.231
Bcl11b                                    0.481
Pde1b                                     0.561
Foxp1                                     2.838
Six3                                      0.319
        CAUD_WS1H_STA682A131#GTCACGGAGTAGGTCG-1
Ppp1r1b                                   1.243
Bcl11b                                    2.634
Pde1b                                     1.364
Foxp1                                     4.144
Six3                                      0.989


imputeMatrix Input-Parameters$threads: length = 1
[1] 1


imputeMatrix Input-Parameters$verbose: length = 1
[1] FALSE


imputeMatrix Input-Parameters$logFile: length = 1
[1] "ArchRLogs/ArchR-plotEmbedding-53cfa261f18f5-Date-2020-10-07_Time-20-18-33.log"



2020-10-07 20:18:38 : mat, Class = matrix
        CAUD_WS1H_STA682A131#TTGAGTGAGAGCGGTT-1
Ppp1r1b                                   0.569
Bcl11b                                    2.290
Pde1b                                     1.114
Foxp1                                     4.383
Six3                                      0.950
        CAUD_WS1H_STA682A131#TAAACCGGTAAGCCTT-1
Ppp1r1b                                   1.244
Bcl11b                                    2.197
Pde1b                                     0.884
Foxp1                                     4.108
Six3                                      0.639
        CAUD_WS1H_STA682A131#AGCGATTGTAGCATGG-1
Ppp1r1b                                   0.705
Bcl11b                                    0.112
Pde1b                                     0.298
Foxp1                                     0.998
Six3                                      1.480
        CAUD_WS1H_STA682A131#CACCACTCACGTTAGT-1
Ppp1r1b                                   0.231
Bcl11b                                    0.481
Pde1b                                     0.561
Foxp1                                     2.838
Six3                                      0.319
        CAUD_WS1H_STA682A131#GTCACGGAGTAGGTCG-1
Ppp1r1b                                   1.243
Bcl11b                                    2.634
Pde1b                                     1.364
Foxp1                                     4.144
Six3                                      0.989

mat: nRows = 5, nCols = 5918


2020-10-07 20:18:38 : weightList, Class = SimpleList

weightList$w1: length = 1
[1] "/home/bnphan/projects/snATAC_cross_species_caudate/data/raw_data/rheMac10/Stauffer_caudate/ArchR_Stauffer_caudate/ImputeWeights/Impute-Weights-Rep-1"


weightList$w2: length = 1
[1] "/home/bnphan/projects/snATAC_cross_species_caudate/data/raw_data/rheMac10/Stauffer_caudate/ArchR_Stauffer_caudate/ImputeWeights/Impute-Weights-Rep-2"


2020-10-07 20:18:38 : Imputing Matrix (1 of 2), 0 mins elapsed.

2020-10-07 20:18:38 : 

2020-10-07 20:18:38 : 
2020-10-07 20:18:39 : Imputing Matrix (2 of 2), 0.015 mins elapsed.

2020-10-07 20:18:39 : 

2020-10-07 20:18:39 : 
2020-10-07 20:18:40 : Finished Imputing Matrix, 0.029 mins elapsed.

2020-10-07 20:18:40 : colorMat-After-Impute, Class = matrix
        CAUD_WS1H_STA682A131#TTGAGTGAGAGCGGTT-1
Ppp1r1b                                1.037831
Bcl11b                                 1.753752
Pde1b                                  1.112311
Foxp1                                  3.719736
Six3                                   0.635540
        CAUD_WS1H_STA682A131#TAAACCGGTAAGCCTT-1
Ppp1r1b                               1.0423576
Bcl11b                                1.7366376
Pde1b                                 1.1132729
Foxp1                                 3.6634508
Six3                                  0.5962861
        CAUD_WS1H_STA682A131#AGCGATTGTAGCATGG-1
Ppp1r1b                               1.3601817
Bcl11b                                0.2450006
Pde1b                                 0.2018625
Foxp1                                 1.3073901
Six3                                  1.1629885
        CAUD_WS1H_STA682A131#CACCACTCACGTTAGT-1
Ppp1r1b                               1.0350048
Bcl11b                                1.7916700
Pde1b                                 1.1109056
Foxp1                                 4.0687313
Six3                                  0.7062475
        CAUD_WS1H_STA682A131#GTCACGGAGTAGGTCG-1
Ppp1r1b                                1.011888
Bcl11b                                 1.815849
Pde1b                                  1.222296
Foxp1                                  3.804100
Six3                                   0.636031

colorMat-After-Impute: nRows = 5, nCols = 5918


2020-10-07 20:18:40 : ColorParams 1, Class = list

ColorParams 1$color: length = 5918
CAUD_WS1H_STA682A131#TTGAGTGAGAGCGGTT-1 CAUD_WS1H_STA682A131#TAAACCGGTAAGCCTT-1 
                               1.037831                                1.042358 
CAUD_WS1H_STA682A131#AGCGATTGTAGCATGG-1 CAUD_WS1H_STA682A131#CACCACTCACGTTAGT-1 
                               1.360182                                1.035005 
CAUD_WS1H_STA682A131#GTCACGGAGTAGGTCG-1 CAUD_WS1H_STA682A131#CGGTGCAGTTGGACGA-1 
                               1.011888                                1.073834 


ColorParams 1$discrete: length = 1
[1] FALSE


ColorParams 1$title: length = 1
[1] "UMAP of IterativeLSI colored by\nGeneScoreMatrix : Ppp1r1b"


ColorParams 1$continuousSet: length = 1
[1] "horizonExtra"



2020-10-07 20:18:40 : PlotParams-1, Class = list

PlotParams-1$color: length = 5918
CAUD_WS1H_STA682A131#TTGAGTGAGAGCGGTT-1 CAUD_WS1H_STA682A131#TAAACCGGTAAGCCTT-1 
                               1.027035                                1.030235 
CAUD_WS1H_STA682A131#AGCGATTGTAGCATGG-1 CAUD_WS1H_STA682A131#CACCACTCACGTTAGT-1 
                               1.238898                                1.025032 
CAUD_WS1H_STA682A131#GTCACGGAGTAGGTCG-1 CAUD_WS1H_STA682A131#CGGTGCAGTTGGACGA-1 
                               1.008550                                1.052300 


PlotParams-1$title: length = 1
[1] "UMAP of IterativeLSI colored by\nGeneScoreMatrix : Ppp1r1b"


PlotParams-1$x: length = 5918
[1] -6.903056 -8.144493 -1.847863 -1.761109 -8.327439 -7.497838


PlotParams-1$y: length = 5918
[1]  4.504955  3.861000 11.580869 -3.817310  1.940696  4.170241


PlotParams-1$baseSize: length = 1
[1] 10


PlotParams-1$xlabel: length = 1
[1] "UMAP Dimension 1"


PlotParams-1$ylabel: length = 1
[1] "UMAP Dimension 2"


PlotParams-1$pal: length = 256
[1] "#000436" "#000439" "#00053D" "#000640" "#000744" "#000848"


PlotParams-1$colorTitle: length = 1
[1] "Log2(NormCounts + 1)"



2020-10-07 20:18:40 : PlotParams-2, Class = list

PlotParams-2$color: length = 5918
CAUD_WS1H_STA682A131#TTGAGTGAGAGCGGTT-1 CAUD_WS1H_STA682A131#TAAACCGGTAAGCCTT-1 
                              1.4613987                               1.4524044 
CAUD_WS1H_STA682A131#AGCGATTGTAGCATGG-1 CAUD_WS1H_STA682A131#CACCACTCACGTTAGT-1 
                              0.3161464                               1.4811284 
CAUD_WS1H_STA682A131#GTCACGGAGTAGGTCG-1 CAUD_WS1H_STA682A131#CGGTGCAGTTGGACGA-1 
                              1.4935698                               1.4487914 


PlotParams-2$title: length = 1
[1] "UMAP of IterativeLSI colored by\nGeneScoreMatrix : Bcl11b"


PlotParams-2$x: length = 5918
[1] -6.903056 -8.144493 -1.847863 -1.761109 -8.327439 -7.497838


PlotParams-2$y: length = 5918
[1]  4.504955  3.861000 11.580869 -3.817310  1.940696  4.170241


PlotParams-2$baseSize: length = 1
[1] 10


PlotParams-2$xlabel: length = 1
[1] "UMAP Dimension 1"


PlotParams-2$ylabel: length = 1
[1] "UMAP Dimension 2"


PlotParams-2$pal: length = 256
[1] "#000436" "#000439" "#00053D" "#000640" "#000744" "#000848"


PlotParams-2$colorTitle: length = 1
[1] "Log2(NormCounts + 1)"



2020-10-07 20:18:40 : PlotParams-3, Class = list

PlotParams-3$color: length = 5918
CAUD_WS1H_STA682A131#TTGAGTGAGAGCGGTT-1 CAUD_WS1H_STA682A131#TAAACCGGTAAGCCTT-1 
                              1.0788222                               1.0794791 
CAUD_WS1H_STA682A131#AGCGATTGTAGCATGG-1 CAUD_WS1H_STA682A131#CACCACTCACGTTAGT-1 
                              0.2652718                               1.0778621 
CAUD_WS1H_STA682A131#GTCACGGAGTAGGTCG-1 CAUD_WS1H_STA682A131#CGGTGCAGTTGGACGA-1 
                              1.1520512                               1.0643909 


PlotParams-3$title: length = 1
[1] "UMAP of IterativeLSI colored by\nGeneScoreMatrix : Pde1b"


PlotParams-3$x: length = 5918
[1] -6.903056 -8.144493 -1.847863 -1.761109 -8.327439 -7.497838


PlotParams-3$y: length = 5918
[1]  4.504955  3.861000 11.580869 -3.817310  1.940696  4.170241


PlotParams-3$baseSize: length = 1
[1] 10


PlotParams-3$xlabel: length = 1
[1] "UMAP Dimension 1"


PlotParams-3$ylabel: length = 1
[1] "UMAP Dimension 2"


PlotParams-3$pal: length = 256
[1] "#000436" "#000439" "#00053D" "#000640" "#000744" "#000848"


PlotParams-3$colorTitle: length = 1
[1] "Log2(NormCounts + 1)"



2020-10-07 20:18:40 : PlotParams-4, Class = list

PlotParams-4$color: length = 5918
CAUD_WS1H_STA682A131#TTGAGTGAGAGCGGTT-1 CAUD_WS1H_STA682A131#TAAACCGGTAAGCCTT-1 
                               2.238706                                2.221398 
CAUD_WS1H_STA682A131#AGCGATTGTAGCATGG-1 CAUD_WS1H_STA682A131#CACCACTCACGTTAGT-1 
                               1.206262                                2.341625 
CAUD_WS1H_STA682A131#GTCACGGAGTAGGTCG-1 CAUD_WS1H_STA682A131#CGGTGCAGTTGGACGA-1 
                               2.264266                                2.223455 


PlotParams-4$title: length = 1
[1] "UMAP of IterativeLSI colored by\nGeneScoreMatrix : Foxp1"


PlotParams-4$x: length = 5918
[1] -6.903056 -8.144493 -1.847863 -1.761109 -8.327439 -7.497838


PlotParams-4$y: length = 5918
[1]  4.504955  3.861000 11.580869 -3.817310  1.940696  4.170241


PlotParams-4$baseSize: length = 1
[1] 10


PlotParams-4$xlabel: length = 1
[1] "UMAP Dimension 1"


PlotParams-4$ylabel: length = 1
[1] "UMAP Dimension 2"


PlotParams-4$pal: length = 256
[1] "#000436" "#000439" "#00053D" "#000640" "#000744" "#000848"


PlotParams-4$colorTitle: length = 1
[1] "Log2(NormCounts + 1)"



2020-10-07 20:18:40 : PlotParams-5, Class = list

PlotParams-5$color: length = 5918
CAUD_WS1H_STA682A131#TTGAGTGAGAGCGGTT-1 CAUD_WS1H_STA682A131#TAAACCGGTAAGCCTT-1 
                              0.7097670                               0.6747192 
CAUD_WS1H_STA682A131#AGCGATTGTAGCATGG-1 CAUD_WS1H_STA682A131#CACCACTCACGTTAGT-1 
                              1.1130260                               0.7708270 
CAUD_WS1H_STA682A131#GTCACGGAGTAGGTCG-1 CAUD_WS1H_STA682A131#CGGTGCAGTTGGACGA-1 
                              0.7102001                               0.6973139 


PlotParams-5$title: length = 1
[1] "UMAP of IterativeLSI colored by\nGeneScoreMatrix : Six3"


PlotParams-5$x: length = 5918
[1] -6.903056 -8.144493 -1.847863 -1.761109 -8.327439 -7.497838


PlotParams-5$y: length = 5918
[1]  4.504955  3.861000 11.580869 -3.817310  1.940696  4.170241


PlotParams-5$baseSize: length = 1
[1] 10


PlotParams-5$xlabel: length = 1
[1] "UMAP Dimension 1"


PlotParams-5$ylabel: length = 1
[1] "UMAP Dimension 2"


PlotParams-5$pal: length = 256
[1] "#000436" "#000439" "#00053D" "#000640" "#000744" "#000848"


PlotParams-5$colorTitle: length = 1
[1] "Log2(NormCounts + 1)"



------- Completed

End Time : 2020-10-07 20:18:41
Elapsed Time Minutes = 0.134872917334239
Elapsed Time Hours = 0.00224793348047468

-------



