
           ___      .______        ______  __    __  .______      
          /   \     |   _  \      /      ||  |  |  | |   _  \     
         /  ^  \    |  |_)  |    |  ,----'|  |__|  | |  |_)  |    
        /  /_\  \   |      /     |  |     |   __   | |      /     
       /  _____  \  |  |\  \\___ |  `----.|  |  |  | |  |\  \\___.
      /__/     \__\ | _| `._____| \______||__|  |__| | _| `._____|
    
Logging With ArchR!

Start Time : 2020-10-07 12:35:00

------- ArchR Info

ArchRThreads = 10
ArchRGenome = Mm10

------- System Info

Computer OS = unix
Total Cores = 64

------- Session Info

R version 3.6.3 (2020-02-29)
Platform: x86_64-conda_cos6-linux-gnu (64-bit)
Running under: CentOS Linux 7 (Core)

Matrix products: default
BLAS/LAPACK: /home/bnphan/miniconda3/lib/libmkl_rt.so

locale:
 [1] LC_CTYPE=en_US.UTF-8       LC_NUMERIC=C              
 [3] LC_TIME=en_US.UTF-8        LC_COLLATE=en_US.UTF-8    
 [5] LC_MONETARY=en_US.UTF-8    LC_MESSAGES=en_US.UTF-8   
 [7] LC_PAPER=en_US.UTF-8       LC_NAME=C                 
 [9] LC_ADDRESS=C               LC_TELEPHONE=C            
[11] LC_MEASUREMENT=en_US.UTF-8 LC_IDENTIFICATION=C       

attached base packages:
[1] parallel  stats4    stats     graphics  grDevices utils     datasets 
[8] methods   base     

other attached packages:
 [1] ArchR_0.9.5                 magrittr_1.5               
 [3] rhdf5_2.30.1                Matrix_1.2-18              
 [5] data.table_1.13.0           SummarizedExperiment_1.16.1
 [7] DelayedArray_0.12.3         BiocParallel_1.20.1        
 [9] matrixStats_0.57.0          Biobase_2.46.0             
[11] GenomicRanges_1.38.0        GenomeInfoDb_1.22.1        
[13] IRanges_2.20.2              S4Vectors_0.24.4           
[15] BiocGenerics_0.32.0         ggplot2_3.3.2              
[17] colorout_1.2-2             

loaded via a namespace (and not attached):
 [1] Rcpp_1.0.5                         lattice_0.20-41                   
 [3] Rsamtools_2.2.3                    Biostrings_2.54.0                 
 [5] gtools_3.8.2                       digest_0.6.25                     
 [7] BSgenome.Mmusculus.UCSC.mm10_1.4.0 IRdisplay_0.7.0                   
 [9] R6_2.4.1                           repr_1.1.0                        
[11] evaluate_0.14                      pillar_1.4.6                      
[13] zlibbioc_1.32.0                    rlang_0.4.7                       
[15] uuid_0.1-4                         hexbin_1.28.1                     
[17] labeling_0.3                       stringr_1.4.0                     
[19] RCurl_1.98-1.2                     munsell_0.5.0                     
[21] compiler_3.6.3                     rtracklayer_1.46.0                
[23] pkgconfig_2.0.3                    base64enc_0.1-3                   
[25] htmltools_0.5.0                    tidyselect_1.1.0                  
[27] tibble_3.0.3                       GenomeInfoDbData_1.2.2            
[29] XML_3.99-0.3                       crayon_1.3.4                      
[31] dplyr_1.0.2                        withr_2.3.0                       
[33] GenomicAlignments_1.22.1           bitops_1.0-6                      
[35] grid_3.6.3                         jsonlite_1.7.1                    
[37] gtable_0.3.0                       lifecycle_0.2.0                   
[39] scales_1.1.1                       stringi_1.5.3                     
[41] farver_2.0.3                       XVector_0.26.0                    
[43] ellipsis_0.3.1                     generics_0.0.2                    
[45] vctrs_0.3.4                        cowplot_1.1.0                     
[47] IRkernel_1.1.1                     Rhdf5lib_1.8.0                    
[49] tools_3.6.3                        Cairo_1.5-12.2                    
[51] BSgenome_1.54.0                    glue_1.4.2                        
[53] purrr_0.3.4                        colorspace_1.4-1                  
[55] pbdZMQ_0.3-3                      


------- Log Info


2020-10-07 12:35:00 : Input-Parameters, Class = list

Input-Parameters$ArchRProj: length = 1
class: ArchRProject 
outputDirectory: /home/bnphan/projects/snATAC_cross_species_caudate/data/raw_data/rheMac10/Stauffer_caudate/ArchR_Stauffer_caudate 
samples(1): CAUD_WS1H_STA682A131
sampleColData names(1): ArrowFiles
cellColData names(16): Sample TSSEnrichment ... Region Clusters
numberOfCells(1): 1
medianTSS(1): 10.409
medianFrags(1): 99782


Input-Parameters$embedding: length = 1
[1] "UMAP"


Input-Parameters$colorBy: length = 1
[1] "GeneScoreMatrix"


Input-Parameters$name: length = 6
[1] "Drd1"    "Tac1"    "Foxp2"   "Slc35d3" "Chrm4"   "Pdyn"   


Input-Parameters$log2Norm: length = 0
NULL


Input-Parameters$pal: length = 0
NULL


Input-Parameters$size: length = 1
[1] 0.1


Input-Parameters$sampleCells: length = 0
NULL


Input-Parameters$highlightCells: length = 0
NULL


Input-Parameters$rastr: length = 1
[1] TRUE


Input-Parameters$quantCut: length = 2
[1] 0.01 0.99


Input-Parameters$discreteSet: length = 0
NULL


Input-Parameters$continuousSet: length = 0
NULL


Input-Parameters$randomize: length = 1
[1] TRUE


Input-Parameters$keepAxis: length = 1
[1] FALSE


Input-Parameters$baseSize: length = 1
[1] 10


Input-Parameters$plotAs: length = 0
NULL


Input-Parameters$threads: length = 1
[1] 10


Input-Parameters$logFile: length = 1
[1] "ArchRLogs/ArchR-plotEmbedding-4d8e4597af172-Date-2020-10-07_Time-12-35-00.log"



2020-10-07 12:35:00 : 

2020-10-07 12:35:00 : Embedding data.frame, Class = data.frame
Embedding data.frame: nRows = 3810, nCols = 2
                                        IterativeLSI#UMAP_Dimension_1
CAUD_WS1H_STA682A131#AGCGATTGTAGCATGG-1                    0.18681847
CAUD_WS1H_STA682A131#GGTGCTGAGCGTATCT-1                  -11.51133288
CAUD_WS1H_STA682A131#TCCCACATCACGTCAA-1                   -1.20468176
CAUD_WS1H_STA682A131#GGATAGGGTCTGGTTA-1                  -10.85113753
CAUD_WS1H_STA682A131#CATGTTTGTCTGATTG-1                    0.04242789
CAUD_WS1H_STA682A131#CCCACATAGGCAGTAC-1                  -10.01180781
                                        IterativeLSI#UMAP_Dimension_2
CAUD_WS1H_STA682A131#AGCGATTGTAGCATGG-1                     0.9498094
CAUD_WS1H_STA682A131#GGTGCTGAGCGTATCT-1                    -3.0343819
CAUD_WS1H_STA682A131#TCCCACATCACGTCAA-1                     2.2914055
CAUD_WS1H_STA682A131#GGATAGGGTCTGGTTA-1                     3.6759698
CAUD_WS1H_STA682A131#CATGTTTGTCTGATTG-1                    10.7117557
CAUD_WS1H_STA682A131#CCCACATAGGCAGTAC-1                     4.6917643



2020-10-07 12:35:00 : 

2020-10-07 12:35:00 : 

2020-10-07 12:35:01 : FeatureDF, Class = DFrame
DataFrame with 34276 rows and 6 columns
      seqnames     start       end  strand         name     idx
         <Rle>   <array>   <array> <array>      <array> <array>
1         chr1   1004699   1003761       2        OR2L8       1
2         chr1   1077962   1066577       2       OR2AJ1       2
3         chr1   1082597   1079674       2        OR2T8       3
4         chr1   1097887   1096880       2       OR2AK2       4
5         chr1   1147161   1146217       2        OR2W3       5
...        ...       ...       ...     ...          ...     ...
34272     chrX 151432051 151431449       2        H2AB3    1238
34273     chrX 151436862 151461517       1 LOC101927830    1239
34274     chrX 151560568 151456825       2        TMLHE    1240
34275     chrX 151560181 151726587       1        SPRY3    1241
34276     chrX 151842317 151901358       1        VAMP7    1242


2020-10-07 12:35:01 : idx, Class = integer

idx: length = 6
[1] 27764 21869 22119 23067  9802  4402



2020-10-07 12:35:01 : FeatureDF-Subset, Class = DFrame
DataFrame with 6 rows and 6 columns
  seqnames     start       end  strand    name     idx
     <Rle>   <array>   <array> <array> <array> <array>
1     chr6 172870832 172866692       2    DRD1    1569
2     chr3 108402507 108394177       2    TAC1    1400
3     chr3 140321228 140912806       1   FOXP2    1650
4     chr4  40561155  40564545       1 SLC35D3     413
5    chr14  19377540  19385540       1   CHRM4     631
6    chr10  64502144  64517638       1    PDYN    1064


2020-10-07 12:35:02 : Feature-Matrix, Class = dgCMatrix
Feature-Matrix: nRows = 6, nCols = 3810
Feature-Matrix: NonZeroEntries = 9220, EntryRange = [ 0.019 , 20.215 ]
5 x 5 sparse Matrix of class "dgCMatrix"
     CAUD_WS1H_STA682A131#AGCGATTGTAGCATGG-1
[1,]                                   0.634
[2,]                                   .    
[3,]                                   0.476
[4,]                                   0.086
[5,]                                   0.323
     CAUD_WS1H_STA682A131#GGTGCTGAGCGTATCT-1
[1,]                                   0.233
[2,]                                   0.100
[3,]                                   0.964
[4,]                                   0.280
[5,]                                   .    
     CAUD_WS1H_STA682A131#TCCCACATCACGTCAA-1
[1,]                                   0.545
[2,]                                   0.032
[3,]                                   0.471
[4,]                                   0.484
[5,]                                   0.436
     CAUD_WS1H_STA682A131#GGATAGGGTCTGGTTA-1
[1,]                                   1.409
[2,]                                   0.527
[3,]                                   1.083
[4,]                                   0.866
[5,]                                   1.338
     CAUD_WS1H_STA682A131#CATGTTTGTCTGATTG-1
[1,]                                   0.718
[2,]                                   0.138
[3,]                                   0.370
[4,]                                   0.487
[5,]                                   0.603



2020-10-07 12:35:02 : colorMat-Before-Impute, Class = matrix
        CAUD_WS1H_STA682A131#AGCGATTGTAGCATGG-1
Drd1                                      0.634
Tac1                                      0.000
Foxp2                                     0.476
Slc35d3                                   0.086
Chrm4                                     0.323
        CAUD_WS1H_STA682A131#GGTGCTGAGCGTATCT-1
Drd1                                      0.233
Tac1                                      0.100
Foxp2                                     0.964
Slc35d3                                   0.280
Chrm4                                     0.000
        CAUD_WS1H_STA682A131#TCCCACATCACGTCAA-1
Drd1                                      0.545
Tac1                                      0.032
Foxp2                                     0.471
Slc35d3                                   0.484
Chrm4                                     0.436
        CAUD_WS1H_STA682A131#GGATAGGGTCTGGTTA-1
Drd1                                      1.409
Tac1                                      0.527
Foxp2                                     1.083
Slc35d3                                   0.866
Chrm4                                     1.338
        CAUD_WS1H_STA682A131#CATGTTTGTCTGATTG-1
Drd1                                      0.718
Tac1                                      0.138
Foxp2                                     0.370
Slc35d3                                   0.487
Chrm4                                     0.603

colorMat-Before-Impute: nRows = 6, nCols = 3810


2020-10-07 12:35:02 : imputeMatrix Input-Parameters, Class = list

imputeMatrix Input-Parameters$mat: nRows = 6, nCols = 3810
        CAUD_WS1H_STA682A131#AGCGATTGTAGCATGG-1
Drd1                                      0.634
Tac1                                      0.000
Foxp2                                     0.476
Slc35d3                                   0.086
Chrm4                                     0.323
        CAUD_WS1H_STA682A131#GGTGCTGAGCGTATCT-1
Drd1                                      0.233
Tac1                                      0.100
Foxp2                                     0.964
Slc35d3                                   0.280
Chrm4                                     0.000
        CAUD_WS1H_STA682A131#TCCCACATCACGTCAA-1
Drd1                                      0.545
Tac1                                      0.032
Foxp2                                     0.471
Slc35d3                                   0.484
Chrm4                                     0.436
        CAUD_WS1H_STA682A131#GGATAGGGTCTGGTTA-1
Drd1                                      1.409
Tac1                                      0.527
Foxp2                                     1.083
Slc35d3                                   0.866
Chrm4                                     1.338
        CAUD_WS1H_STA682A131#CATGTTTGTCTGATTG-1
Drd1                                      0.718
Tac1                                      0.138
Foxp2                                     0.370
Slc35d3                                   0.487
Chrm4                                     0.603


imputeMatrix Input-Parameters$threads: length = 1
[1] 10


imputeMatrix Input-Parameters$verbose: length = 1
[1] FALSE


imputeMatrix Input-Parameters$logFile: length = 1
[1] "ArchRLogs/ArchR-plotEmbedding-4d8e4597af172-Date-2020-10-07_Time-12-35-00.log"



2020-10-07 12:35:02 : mat, Class = matrix
        CAUD_WS1H_STA682A131#AGCGATTGTAGCATGG-1
Drd1                                      0.634
Tac1                                      0.000
Foxp2                                     0.476
Slc35d3                                   0.086
Chrm4                                     0.323
        CAUD_WS1H_STA682A131#GGTGCTGAGCGTATCT-1
Drd1                                      0.233
Tac1                                      0.100
Foxp2                                     0.964
Slc35d3                                   0.280
Chrm4                                     0.000
        CAUD_WS1H_STA682A131#TCCCACATCACGTCAA-1
Drd1                                      0.545
Tac1                                      0.032
Foxp2                                     0.471
Slc35d3                                   0.484
Chrm4                                     0.436
        CAUD_WS1H_STA682A131#GGATAGGGTCTGGTTA-1
Drd1                                      1.409
Tac1                                      0.527
Foxp2                                     1.083
Slc35d3                                   0.866
Chrm4                                     1.338
        CAUD_WS1H_STA682A131#CATGTTTGTCTGATTG-1
Drd1                                      0.718
Tac1                                      0.138
Foxp2                                     0.370
Slc35d3                                   0.487
Chrm4                                     0.603

mat: nRows = 6, nCols = 3810


2020-10-07 12:35:02 : weightList, Class = SimpleList

weightList$w1: length = 1
[1] "/home/bnphan/projects/snATAC_cross_species_caudate/data/raw_data/rheMac10/Stauffer_caudate/ArchR_Stauffer_caudate/ImputeWeights/Impute-Weights-Rep-1"


2020-10-07 12:35:02 : Imputing Matrix (1 of 1), 0 mins elapsed.

2020-10-07 12:35:02 : 

2020-10-07 12:35:02 : 
2020-10-07 12:35:03 : Finished Imputing Matrix, 0.002 mins elapsed.

2020-10-07 12:35:03 : colorMat-After-Impute, Class = matrix
        CAUD_WS1H_STA682A131#AGCGATTGTAGCATGG-1
Drd1                                 0.57327427
Tac1                                 0.04964818
Foxp2                                0.31247561
Slc35d3                              0.17751445
Chrm4                                0.28226091
        CAUD_WS1H_STA682A131#GGTGCTGAGCGTATCT-1
Drd1                                  0.2972067
Tac1                                  0.1276863
Foxp2                                 0.8951778
Slc35d3                               0.1912274
Chrm4                                 0.2926335
        CAUD_WS1H_STA682A131#TCCCACATCACGTCAA-1
Drd1                                 0.48698603
Tac1                                 0.05340218
Foxp2                                0.42310911
Slc35d3                              0.13009097
Chrm4                                0.31010456
        CAUD_WS1H_STA682A131#GGATAGGGTCTGGTTA-1
Drd1                                  0.9359514
Tac1                                  0.3273310
Foxp2                                 0.9558107
Slc35d3                               0.5153651
Chrm4                                 0.7391975
        CAUD_WS1H_STA682A131#CATGTTTGTCTGATTG-1
Drd1                                  0.6900795
Tac1                                  0.2828117
Foxp2                                 0.5414531
Slc35d3                               0.2735763
Chrm4                                 0.6251637

colorMat-After-Impute: nRows = 6, nCols = 3810


2020-10-07 12:35:03 : ColorParams 1, Class = list

ColorParams 1$color: length = 3810
CAUD_WS1H_STA682A131#AGCGATTGTAGCATGG-1 CAUD_WS1H_STA682A131#GGTGCTGAGCGTATCT-1 
                              0.5732743                               0.2972067 
CAUD_WS1H_STA682A131#TCCCACATCACGTCAA-1 CAUD_WS1H_STA682A131#GGATAGGGTCTGGTTA-1 
                              0.4869860                               0.9359514 
CAUD_WS1H_STA682A131#CATGTTTGTCTGATTG-1 CAUD_WS1H_STA682A131#CCCACATAGGCAGTAC-1 
                              0.6900795                               0.9029955 


ColorParams 1$discrete: length = 1
[1] FALSE


ColorParams 1$title: length = 1
[1] "UMAP of IterativeLSI colored by\nGeneScoreMatrix : Drd1"


ColorParams 1$continuousSet: length = 1
[1] "horizonExtra"



2020-10-07 12:35:03 : PlotParams-1, Class = list

PlotParams-1$color: length = 3810
CAUD_WS1H_STA682A131#AGCGATTGTAGCATGG-1 CAUD_WS1H_STA682A131#GGTGCTGAGCGTATCT-1 
                              0.6537702                               0.3754084 
CAUD_WS1H_STA682A131#TCCCACATCACGTCAA-1 CAUD_WS1H_STA682A131#GGATAGGGTCTGGTTA-1 
                              0.5723911                               0.9530427 
CAUD_WS1H_STA682A131#CATGTTTGTCTGATTG-1 CAUD_WS1H_STA682A131#CCCACATAGGCAGTAC-1 
                              0.7570911                               0.9282722 


PlotParams-1$title: length = 1
[1] "UMAP of IterativeLSI colored by\nGeneScoreMatrix : Drd1"


PlotParams-1$x: length = 3810
[1]   0.18681847 -11.51133288  -1.20468176 -10.85113753   0.04242789
[6] -10.01180781


PlotParams-1$y: length = 3810
[1]  0.9498094 -3.0343819  2.2914055  3.6759698 10.7117557  4.6917643


PlotParams-1$baseSize: length = 1
[1] 10


PlotParams-1$xlabel: length = 1
[1] "UMAP Dimension 1"


PlotParams-1$ylabel: length = 1
[1] "UMAP Dimension 2"


PlotParams-1$pal: length = 256
[1] "#000436" "#000439" "#00053D" "#000640" "#000744" "#000848"


PlotParams-1$colorTitle: length = 1
[1] "Log2(NormCounts + 1)"



2020-10-07 12:35:03 : PlotParams-2, Class = list

PlotParams-2$color: length = 3810
CAUD_WS1H_STA682A131#AGCGATTGTAGCATGG-1 CAUD_WS1H_STA682A131#GGTGCTGAGCGTATCT-1 
                             0.06990585                              0.17336582 
CAUD_WS1H_STA682A131#TCCCACATCACGTCAA-1 CAUD_WS1H_STA682A131#GGATAGGGTCTGGTTA-1 
                             0.07505635                              0.40852823 
CAUD_WS1H_STA682A131#CATGTTTGTCTGATTG-1 CAUD_WS1H_STA682A131#CCCACATAGGCAGTAC-1 
                             0.35930945                              0.40584854 


PlotParams-2$title: length = 1
[1] "UMAP of IterativeLSI colored by\nGeneScoreMatrix : Tac1"


PlotParams-2$x: length = 3810
[1]   0.18681847 -11.51133288  -1.20468176 -10.85113753   0.04242789
[6] -10.01180781


PlotParams-2$y: length = 3810
[1]  0.9498094 -3.0343819  2.2914055  3.6759698 10.7117557  4.6917643


PlotParams-2$baseSize: length = 1
[1] 10


PlotParams-2$xlabel: length = 1
[1] "UMAP Dimension 1"


PlotParams-2$ylabel: length = 1
[1] "UMAP Dimension 2"


PlotParams-2$pal: length = 256
[1] "#000436" "#000439" "#00053D" "#000640" "#000744" "#000848"


PlotParams-2$colorTitle: length = 1
[1] "Log2(NormCounts + 1)"



2020-10-07 12:35:03 : PlotParams-3, Class = list

PlotParams-3$color: length = 3810
CAUD_WS1H_STA682A131#AGCGATTGTAGCATGG-1 CAUD_WS1H_STA682A131#GGTGCTGAGCGTATCT-1 
                              0.3922906                               0.9223332 
CAUD_WS1H_STA682A131#TCCCACATCACGTCAA-1 CAUD_WS1H_STA682A131#GGATAGGGTCTGGTTA-1 
                              0.5090463                               0.9677667 
CAUD_WS1H_STA682A131#CATGTTTGTCTGATTG-1 CAUD_WS1H_STA682A131#CCCACATAGGCAGTAC-1 
                              0.6242910                               1.0607452 


PlotParams-3$title: length = 1
[1] "UMAP of IterativeLSI colored by\nGeneScoreMatrix : Foxp2"


PlotParams-3$x: length = 3810
[1]   0.18681847 -11.51133288  -1.20468176 -10.85113753   0.04242789
[6] -10.01180781


PlotParams-3$y: length = 3810
[1]  0.9498094 -3.0343819  2.2914055  3.6759698 10.7117557  4.6917643


PlotParams-3$baseSize: length = 1
[1] 10


PlotParams-3$xlabel: length = 1
[1] "UMAP Dimension 1"


PlotParams-3$ylabel: length = 1
[1] "UMAP Dimension 2"


PlotParams-3$pal: length = 256
[1] "#000436" "#000439" "#00053D" "#000640" "#000744" "#000848"


PlotParams-3$colorTitle: length = 1
[1] "Log2(NormCounts + 1)"



2020-10-07 12:35:03 : PlotParams-4, Class = list

PlotParams-4$color: length = 3810
CAUD_WS1H_STA682A131#AGCGATTGTAGCATGG-1 CAUD_WS1H_STA682A131#GGTGCTGAGCGTATCT-1 
                              0.2357448                               0.2524489 
CAUD_WS1H_STA682A131#TCCCACATCACGTCAA-1 CAUD_WS1H_STA682A131#GGATAGGGTCTGGTTA-1 
                              0.1764389                               0.5996655 
CAUD_WS1H_STA682A131#CATGTTTGTCTGATTG-1 CAUD_WS1H_STA682A131#CCCACATAGGCAGTAC-1 
                              0.3488854                               0.8152834 


PlotParams-4$title: length = 1
[1] "UMAP of IterativeLSI colored by\nGeneScoreMatrix : Slc35d3"


PlotParams-4$x: length = 3810
[1]   0.18681847 -11.51133288  -1.20468176 -10.85113753   0.04242789
[6] -10.01180781


PlotParams-4$y: length = 3810
[1]  0.9498094 -3.0343819  2.2914055  3.6759698 10.7117557  4.6917643


PlotParams-4$baseSize: length = 1
[1] 10


PlotParams-4$xlabel: length = 1
[1] "UMAP Dimension 1"


PlotParams-4$ylabel: length = 1
[1] "UMAP Dimension 2"


PlotParams-4$pal: length = 256
[1] "#000436" "#000439" "#00053D" "#000640" "#000744" "#000848"


PlotParams-4$colorTitle: length = 1
[1] "Log2(NormCounts + 1)"



2020-10-07 12:35:03 : PlotParams-5, Class = list

PlotParams-5$color: length = 3810
CAUD_WS1H_STA682A131#AGCGATTGTAGCATGG-1 CAUD_WS1H_STA682A131#GGTGCTGAGCGTATCT-1 
                              0.3586899                               0.3703133 
CAUD_WS1H_STA682A131#TCCCACATCACGTCAA-1 CAUD_WS1H_STA682A131#GGATAGGGTCTGGTTA-1 
                              0.3896820                               0.7984218 
CAUD_WS1H_STA682A131#CATGTTTGTCTGATTG-1 CAUD_WS1H_STA682A131#CCCACATAGGCAGTAC-1 
                              0.7005851                               0.7089082 


PlotParams-5$title: length = 1
[1] "UMAP of IterativeLSI colored by\nGeneScoreMatrix : Chrm4"


PlotParams-5$x: length = 3810
[1]   0.18681847 -11.51133288  -1.20468176 -10.85113753   0.04242789
[6] -10.01180781


PlotParams-5$y: length = 3810
[1]  0.9498094 -3.0343819  2.2914055  3.6759698 10.7117557  4.6917643


PlotParams-5$baseSize: length = 1
[1] 10


PlotParams-5$xlabel: length = 1
[1] "UMAP Dimension 1"


PlotParams-5$ylabel: length = 1
[1] "UMAP Dimension 2"


PlotParams-5$pal: length = 256
[1] "#000436" "#000439" "#00053D" "#000640" "#000744" "#000848"


PlotParams-5$colorTitle: length = 1
[1] "Log2(NormCounts + 1)"



2020-10-07 12:35:03 : PlotParams-6, Class = list

PlotParams-6$color: length = 3810
CAUD_WS1H_STA682A131#AGCGATTGTAGCATGG-1 CAUD_WS1H_STA682A131#GGTGCTGAGCGTATCT-1 
                              0.2324681                               0.1654886 
CAUD_WS1H_STA682A131#TCCCACATCACGTCAA-1 CAUD_WS1H_STA682A131#GGATAGGGTCTGGTTA-1 
                              0.2388970                               0.4085162 
CAUD_WS1H_STA682A131#CATGTTTGTCTGATTG-1 CAUD_WS1H_STA682A131#CCCACATAGGCAGTAC-1 
                              0.2383406                               0.3507820 


PlotParams-6$title: length = 1
[1] "UMAP of IterativeLSI colored by\nGeneScoreMatrix : Pdyn"


PlotParams-6$x: length = 3810
[1]   0.18681847 -11.51133288  -1.20468176 -10.85113753   0.04242789
[6] -10.01180781


PlotParams-6$y: length = 3810
[1]  0.9498094 -3.0343819  2.2914055  3.6759698 10.7117557  4.6917643


PlotParams-6$baseSize: length = 1
[1] 10


PlotParams-6$xlabel: length = 1
[1] "UMAP Dimension 1"


PlotParams-6$ylabel: length = 1
[1] "UMAP Dimension 2"


PlotParams-6$pal: length = 256
[1] "#000436" "#000439" "#00053D" "#000640" "#000744" "#000848"


PlotParams-6$colorTitle: length = 1
[1] "Log2(NormCounts + 1)"



------- Completed

End Time : 2020-10-07 12:35:03
Elapsed Time Minutes = 0.0636221965154012
Elapsed Time Hours = 0.00106041722827488

-------



