
           ___      .______        ______  __    __  .______      
          /   \     |   _  \      /      ||  |  |  | |   _  \     
         /  ^  \    |  |_)  |    |  ,----'|  |__|  | |  |_)  |    
        /  /_\  \   |      /     |  |     |   __   | |      /     
       /  _____  \  |  |\  \\___ |  `----.|  |  |  | |  |\  \\___.
      /__/     \__\ | _| `._____| \______||__|  |__| | _| `._____|
    
Logging With ArchR!

Start Time : 2020-10-07 23:49:04

------- ArchR Info

ArchRThreads = 10
ArchRGenome = Mm10

------- System Info

Computer OS = unix
Total Cores = 64

------- Session Info

R version 3.6.3 (2020-02-29)
Platform: x86_64-conda_cos6-linux-gnu (64-bit)
Running under: CentOS Linux 7 (Core)

Matrix products: default
BLAS/LAPACK: /home/bnphan/miniconda3/lib/libmkl_rt.so

locale:
 [1] LC_CTYPE=en_US.UTF-8       LC_NUMERIC=C              
 [3] LC_TIME=en_US.UTF-8        LC_COLLATE=en_US.UTF-8    
 [5] LC_MONETARY=en_US.UTF-8    LC_MESSAGES=en_US.UTF-8   
 [7] LC_PAPER=en_US.UTF-8       LC_NAME=C                 
 [9] LC_ADDRESS=C               LC_TELEPHONE=C            
[11] LC_MEASUREMENT=en_US.UTF-8 LC_IDENTIFICATION=C       

attached base packages:
[1] parallel  stats4    stats     graphics  grDevices utils     datasets 
[8] methods   base     

other attached packages:
 [1] chromVAR_1.8.0                        JASPAR2018_1.1.1                     
 [3] chromVARmotifs_0.2.0                  motifmatchr_1.8.0                    
 [5] BSgenome.Mmulatta.UCSC.rheMac10_1.4.3 BSgenome_1.54.0                      
 [7] rtracklayer_1.46.0                    Biostrings_2.54.0                    
 [9] XVector_0.26.0                        ArchR_0.9.5                          
[11] magrittr_1.5                          rhdf5_2.30.1                         
[13] Matrix_1.2-18                         data.table_1.13.0                    
[15] SummarizedExperiment_1.16.1           DelayedArray_0.12.3                  
[17] BiocParallel_1.20.1                   matrixStats_0.57.0                   
[19] Biobase_2.46.0                        GenomicRanges_1.38.0                 
[21] GenomeInfoDb_1.22.1                   IRanges_2.20.2                       
[23] S4Vectors_0.24.4                      BiocGenerics_0.32.0                  
[25] ggplot2_3.3.2                         colorout_1.2-2                       

loaded via a namespace (and not attached):
 [1] colorspace_1.4-1                   ellipsis_0.3.1                    
 [3] BSgenome.Mmusculus.UCSC.mm10_1.4.0 IRdisplay_0.7.0                   
 [5] base64enc_0.1-3                    farver_2.0.3                      
 [7] hexbin_1.28.1                      DT_0.15                           
 [9] bit64_4.0.5                        AnnotationDbi_1.48.0              
[11] codetools_0.2-16                   R.methodsS3_1.8.1                 
[13] IRkernel_1.1.1                     jsonlite_1.7.1                    
[15] Rsamtools_2.2.3                    Cairo_1.5-12.2                    
[17] seqLogo_1.52.0                     annotate_1.64.0                   
[19] GO.db_3.10.0                       png_0.1-7                         
[21] R.oo_1.24.0                        shiny_1.5.0                       
[23] readr_1.4.0                        compiler_3.6.3                    
[25] httr_1.4.2                         fastmap_1.0.1                     
[27] lazyeval_0.2.2                     later_1.1.0.1                     
[29] htmltools_0.5.0                    tools_3.6.3                       
[31] gtable_0.3.0                       glue_1.4.2                        
[33] TFMPvalue_0.0.8                    GenomeInfoDbData_1.2.2            
[35] reshape2_1.4.4                     dplyr_1.0.2                       
[37] Rcpp_1.0.5                         vctrs_0.3.4                       
[39] CNEr_1.22.0                        stringr_1.4.0                     
[41] mime_0.9                           miniUI_0.1.1.1                    
[43] lifecycle_0.2.0                    poweRlaw_0.70.6                   
[45] gtools_3.8.2                       XML_3.99-0.3                      
[47] zlibbioc_1.32.0                    scales_1.1.1                      
[49] hms_0.5.3                          promises_1.1.1                    
[51] memoise_1.1.0                      stringi_1.5.3                     
[53] RSQLite_2.2.1                      caTools_1.18.0                    
[55] repr_1.1.0                         rlang_0.4.7                       
[57] pkgconfig_2.0.3                    bitops_1.0-6                      
[59] pracma_2.2.9                       evaluate_0.14                     
[61] lattice_0.20-41                    purrr_0.3.4                       
[63] Rhdf5lib_1.8.0                     GenomicAlignments_1.22.1          
[65] htmlwidgets_1.5.2                  labeling_0.3                      
[67] cowplot_1.1.0                      bit_4.0.4                         
[69] tidyselect_1.1.0                   plyr_1.8.6                        
[71] R6_2.4.1                           generics_0.0.2                    
[73] pbdZMQ_0.3-3                       DBI_1.1.0                         
[75] pillar_1.4.6                       withr_2.3.0                       
[77] KEGGREST_1.26.1                    RCurl_1.98-1.2                    
[79] tibble_3.0.3                       crayon_1.3.4                      
[81] uuid_0.1-4                         plotly_4.9.2.1                    
[83] nabor_0.5.0                        TFBSTools_1.24.0                  
[85] grid_3.6.3                         blob_1.2.1                        
[87] digest_0.6.25                      xtable_1.8-4                      
[89] tidyr_1.1.2                        httpuv_1.5.4                      
[91] R.utils_2.10.1                     munsell_0.5.0                     
[93] DirichletMultinomial_1.28.0        viridisLite_0.3.0                 


------- Log Info


2020-10-07 23:49:04 : addCoAccessibility Input-Parameters, Class = list

addCoAccessibility Input-Parameters$ArchRProj: length = 1
class: ArchRProject 
outputDirectory: /home/bnphan/projects/snATAC_cross_species_caudate/data/raw_data/rheMac10/Stauffer_caudate/ArchR_Stauffer_caudate_labeled 
samples(1): CAUD_WS1H_STA682A131
sampleColData names(1): ArrowFiles
cellColData names(19): Sample TSSEnrichment ... ReadsInPeaks FRIP
numberOfCells(1): 1
medianTSS(1): 7.836
medianFrags(1): 99935


addCoAccessibility Input-Parameters$reducedDims: length = 1
[1] "Harmony"


addCoAccessibility Input-Parameters$dimsToUse: length = 30
[1] 1 2 3 4 5 6


addCoAccessibility Input-Parameters$scaleDims: length = 1
[1] TRUE


addCoAccessibility Input-Parameters$corCutOff: length = 1
[1] 0.75


addCoAccessibility Input-Parameters$cellsToUse: length = 0
NULL


addCoAccessibility Input-Parameters$k: length = 1
[1] 100


addCoAccessibility Input-Parameters$knnIteration: length = 1
[1] 500


addCoAccessibility Input-Parameters$overlapCutoff: length = 1
[1] 0.8


addCoAccessibility Input-Parameters$maxDist: length = 1
[1] 1e+05


addCoAccessibility Input-Parameters$scaleTo: length = 1
[1] 10000


addCoAccessibility Input-Parameters$log2Norm: length = 1
[1] TRUE


addCoAccessibility Input-Parameters$seed: length = 1
[1] 1


addCoAccessibility Input-Parameters$threads: length = 1
[1] 10


addCoAccessibility Input-Parameters$verbose: length = 1
[1] TRUE


addCoAccessibility Input-Parameters$logFile: length = 1
[1] "ArchRLogs/ArchR-addCoAccessibility-53e401884b775-Date-2020-10-07_Time-23-49-04.log"


2020-10-07 23:49:04 : Computing KNN, 0.003 mins elapsed.
2020-10-07 23:49:04 : Identifying Non-Overlapping KNN pairs, 0.004 mins elapsed.
2020-10-07 23:49:06 : Identified 460 Groupings!, 0.038 mins elapsed.
2020-10-07 23:49:07 : Computing Co-Accessibility chr1 (1 of 21), 0.059 mins elapsed.

2020-10-07 23:49:20 : SubsetCorVals-1, Class = numeric

SubsetCorVals-1: length = 6
[1]  0.17290551 -0.08835026 -0.32366024  0.17290551 -0.18471217 -0.23070061



2020-10-07 23:49:20 : SubsetGroupMat-1, Class = matrix
         [,1]       [,2]       [,3]       [,4]       [,5]
f1 0.03197126 0.09249315 0.04637377 0.17423141 0.06370232
f2 0.00000000 0.01583321 0.01406931 0.03657032 0.04277919
f3 0.19617019 0.42448235 0.28553537 0.34433146 0.15427349
f4 0.12754567 0.36391667 0.18133257 0.10704218 0.12221924
f5 0.05159938 0.06231621 0.06451380 0.15772518 0.06110346

SubsetGroupMat-1: nRows = 26783, nCols = 460


2020-10-07 23:49:20 : SubsetCoA-1, Class = DFrame
DataFrame with 529309 rows and 6 columns
       queryHits subjectHits seqnames      idx1      idx2         correlation
       <integer>   <integer>    <Rle> <integer> <integer>           <numeric>
1              1           2     chr1         1         2   0.172905505081978
2              1           3     chr1         1         3 -0.0883502576019297
3              1           4     chr1         1         4  -0.323660235437647
4              2           1     chr1         2         1   0.172905505081978
5              2           3     chr1         2         3  -0.184712173147226
...          ...         ...      ...       ...       ...                 ...
529305     26781       26782     chr1     26781     26782   0.312982223409392
529306     26782       26780     chr1     26782     26780 -0.0495470681117352
529307     26782       26781     chr1     26782     26781   0.312982223409393
529308     26782       26783     chr1     26782     26783  0.0671373039104283
529309     26783       26782     chr1     26783     26782  0.0671373039104283

2020-10-07 23:49:20 : Computing Co-Accessibility chr2 (2 of 21), 0.277 mins elapsed.

2020-10-07 23:49:29 : SubsetCorVals-2, Class = numeric

SubsetCorVals-2: length = 6
[1]  0.21397453 -0.07652905 -0.12449033  0.21397453  0.32825731  0.51657368



2020-10-07 23:49:29 : SubsetGroupMat-2, Class = matrix
          [,1]      [,2]       [,3]       [,4]       [,5]
f1 0.127545673 0.1794120 0.15194263 0.03657032 0.13463223
f2 0.248132017 0.1652844 0.08687272 0.17423141 0.23719252
f3 0.028013381 0.0000000 0.00000000 0.00000000 0.06888603
f4 0.024044619 0.0000000 0.00000000 0.07223651 0.06629650
f5 0.008059482 0.0000000 0.00000000 0.03657032 0.01081431

SubsetGroupMat-2: nRows = 18967, nCols = 460


2020-10-07 23:49:29 : SubsetCoA-2, Class = DFrame
DataFrame with 327020 rows and 6 columns
       queryHits subjectHits seqnames      idx1      idx2         correlation
       <integer>   <integer>    <Rle> <integer> <integer>           <numeric>
1          26784       26785     chr2         1         2   0.213974529870006
2          26784       26786     chr2         1         3 -0.0765290478677686
3          26784       26787     chr2         1         4  -0.124490327514057
4          26785       26784     chr2         2         1   0.213974529870006
5          26785       26786     chr2         2         3   0.328257311418732
...          ...         ...      ...       ...       ...                 ...
327016     45746       45743     chr2     18963     18960   0.413233190634302
327017     45746       45744     chr2     18963     18961   0.671319666470638
327018     45746       45745     chr2     18963     18962     0.7473439109104
327019     45748       45749     chr2     18965     18966  0.0788066882313106
327020     45749       45748     chr2     18966     18965  0.0788066882313106

2020-10-07 23:49:29 : Computing Co-Accessibility chr3 (3 of 21), 0.425 mins elapsed.

2020-10-07 23:49:38 : SubsetCorVals-3, Class = numeric

SubsetCorVals-3: length = 6
[1] -0.62282428 -0.32529654 -0.03059474  0.13287738  0.64454381 -0.62282428



2020-10-07 23:49:38 : SubsetGroupMat-3, Class = matrix
         [,1]       [,2]       [,3]       [,4]       [,5]
f1 0.16045923 0.32631799 0.16040102 0.22264637 0.12719726
f2 0.05159938 0.00000000 0.00000000 0.07223651 0.08943659
f3 0.15683903 0.00000000 0.00000000 0.00000000 0.06110346
f4 0.07863771 0.06231621 0.03721750 0.01840103 0.04803849
f5 0.06711184 0.03149454 0.03261748 0.08974431 0.09706821

SubsetGroupMat-3: nRows = 18573, nCols = 460


2020-10-07 23:49:38 : SubsetCoA-3, Class = DFrame
DataFrame with 308326 rows and 6 columns
       queryHits subjectHits seqnames      idx1      idx2         correlation
       <integer>   <integer>    <Rle> <integer> <integer>           <numeric>
1          45751       45752     chr3         1         2  -0.622824284067995
2          45751       45753     chr3         1         3  -0.325296542522967
3          45751       45754     chr3         1         4 -0.0305947359997473
4          45751       45755     chr3         1         5   0.132877377059634
5          45751       45756     chr3         1         6   0.644543810991034
...          ...         ...      ...       ...       ...                 ...
308322     64322       64319     chr3     18572     18569   0.815050612711644
308323     64322       64320     chr3     18572     18570   0.893834004147091
308324     64322       64321     chr3     18572     18571    0.33146093909334
308325     64322       64323     chr3     18572     18573   0.729756123888359
308326     64323       64322     chr3     18573     18572   0.729756123888359

2020-10-07 23:49:38 : Computing Co-Accessibility chr4 (4 of 21), 0.572 mins elapsed.

2020-10-07 23:49:47 : SubsetCorVals-4, Class = numeric

SubsetCorVals-4: length = 6
[1] 0.5888871 0.7710154 0.7261396 0.5999078 0.2726667 0.5888871



2020-10-07 23:49:47 : SubsetGroupMat-4, Class = matrix
          [,1]       [,2]        [,3]       [,4]       [,5]
f1 0.008059482 0.00000000 0.000000000 0.00000000 0.02154815
f2 0.016074190 0.00000000 0.009394772 0.00000000 0.04803849
f3 0.082459287 0.03149454 0.023373206 0.17423141 0.16157057
f4 0.078637705 0.00000000 0.000000000 0.08974431 0.05066097
f5 0.063249337 0.03149454 0.000000000 0.07223651 0.03485412

SubsetGroupMat-4: nRows = 16832, nCols = 460


2020-10-07 23:49:47 : SubsetCoA-4, Class = DFrame
DataFrame with 288126 rows and 6 columns
       queryHits subjectHits seqnames      idx1      idx2         correlation
       <integer>   <integer>    <Rle> <integer> <integer>           <numeric>
1          64324       64325     chr4         1         2   0.588887081891486
2          64324       64326     chr4         1         3   0.771015397581958
3          64324       64327     chr4         1         4   0.726139613455826
4          64324       64328     chr4         1         5   0.599907779259939
5          64324       64329     chr4         1         6   0.272666681744171
...          ...         ...      ...       ...       ...                 ...
288122     81154       81155     chr4     16831     16832 -0.0484554833279372
288123     81155       81151     chr4     16832     16828   0.351418618209634
288124     81155       81152     chr4     16832     16829   0.578201264841979
288125     81155       81153     chr4     16832     16830   0.589829207062361
288126     81155       81154     chr4     16832     16831 -0.0484554833279372

2020-10-07 23:49:47 : Computing Co-Accessibility chr5 (5 of 21), 0.724 mins elapsed.

2020-10-07 23:49:53 : SubsetCorVals-5, Class = numeric

SubsetCorVals-5: length = 6
[1] 0.7859848 0.3805804 0.7859848 0.3820202 0.3805804 0.3820202



2020-10-07 23:49:53 : SubsetGroupMat-5, Class = matrix
         [,1]       [,2]        [,3]       [,4]        [,5]
f1 0.08245929 0.04698768 0.037217501 0.17423141 0.139567667
f2 0.06324934 0.07748358 0.009394772 0.07223651 0.094528820
f3 0.01207240 0.00000000 0.009394772 0.00000000 0.018872169
f4 0.00000000 0.00000000 0.041802900 0.00000000 0.005417286
f5 0.21718003 0.67437044 0.404242446 0.31485881 0.244082989

SubsetGroupMat-5: nRows = 13464, nCols = 460


2020-10-07 23:49:53 : SubsetCoA-5, Class = DFrame
DataFrame with 197262 rows and 6 columns
       queryHits subjectHits seqnames      idx1      idx2        correlation
       <integer>   <integer>    <Rle> <integer> <integer>          <numeric>
1          81156       81157     chr5         1         2  0.785984783952965
2          81156       81158     chr5         1         3   0.38058043050771
3          81157       81156     chr5         2         1  0.785984783952965
4          81157       81158     chr5         2         3  0.382020165688761
5          81158       81156     chr5         3         1   0.38058043050771
...          ...         ...      ...       ...       ...                ...
197258     94619       94614     chr5     13464     13459 -0.270745442032362
197259     94619       94615     chr5     13464     13460 -0.517987952084526
197260     94619       94616     chr5     13464     13461  0.296512549237417
197261     94619       94617     chr5     13464     13462  0.480899613462911
197262     94619       94618     chr5     13464     13463  0.789897403475344

2020-10-07 23:49:53 : Computing Co-Accessibility chr6 (6 of 21), 0.829 mins elapsed.

2020-10-07 23:50:00 : SubsetCorVals-6, Class = numeric

SubsetCorVals-6: length = 6
[1] 0.6520791 0.7827437 0.6740166 0.1387613 0.6464968 0.6520791



2020-10-07 23:50:01 : SubsetGroupMat-6, Class = matrix
         [,1]       [,2]        [,3]       [,4]        [,5]
f1 0.03985458 0.01583321 0.009394772 0.10704218 0.063702318
f2 0.03197126 0.01583321 0.018728761 0.05451363 0.034854122
f3 0.03985458 0.00000000 0.009394772 0.08974431 0.037500653
f4 0.06324934 0.00000000 0.014069315 0.05451363 0.058499916
f5 0.01207240 0.00000000 0.023373206 0.01840103 0.002711186

SubsetGroupMat-6: nRows = 15882, nCols = 460


2020-10-07 23:50:01 : SubsetCoA-6, Class = DFrame
DataFrame with 254070 rows and 6 columns
       queryHits subjectHits seqnames      idx1      idx2        correlation
       <integer>   <integer>    <Rle> <integer> <integer>          <numeric>
1          94620       94621     chr6         1         2  0.652079083402833
2          94620       94622     chr6         1         3  0.782743654485187
3          94620       94623     chr6         1         4  0.674016578241779
4          94620       94624     chr6         1         5  0.138761309209243
5          94620       94625     chr6         1         6  0.646496827449499
...          ...         ...      ...       ...       ...                ...
254066    110501      110496     chr6     15882     15877 -0.279099561629878
254067    110501      110497     chr6     15882     15878  0.592446716301099
254068    110501      110498     chr6     15882     15879 -0.734676240420036
254069    110501      110499     chr6     15882     15880 -0.544220357840191
254070    110501      110500     chr6     15882     15881  0.665523781491691

2020-10-07 23:50:01 : Computing Co-Accessibility chr7 (7 of 21), 0.951 mins elapsed.

2020-10-07 23:50:11 : SubsetCorVals-7, Class = numeric

SubsetCorVals-7: length = 6
[1] 0.7364765 0.7239701 0.7210511 0.7439091 0.7241493 0.5886816



2020-10-07 23:50:11 : SubsetGroupMat-7, Class = matrix
         [,1]       [,2]        [,3]       [,4]       [,5]
f1 0.03591830 0.00000000 0.037217501 0.07223651 0.04277919
f2 0.09386367 0.03149454 0.032617482 0.19055093 0.10718130
f3 0.15320972 0.06231621 0.023373206 0.19055093 0.19039530
f4 0.08245929 0.03149454 0.009394772 0.10704218 0.08688373
f5 0.07863771 0.00000000 0.000000000 0.10704218 0.15914231

SubsetGroupMat-7: nRows = 19369, nCols = 460


2020-10-07 23:50:11 : SubsetCoA-7, Class = DFrame
DataFrame with 373926 rows and 6 columns
       queryHits subjectHits seqnames      idx1      idx2        correlation
       <integer>   <integer>    <Rle> <integer> <integer>          <numeric>
1         110502      110503     chr7         1         2  0.736476466572502
2         110502      110504     chr7         1         3  0.723970112642371
3         110502      110505     chr7         1         4  0.721051132606586
4         110502      110506     chr7         1         5  0.743909128206776
5         110502      110507     chr7         1         6  0.724149264552759
...          ...         ...      ...       ...       ...                ...
373922    129869      129867     chr7     19368     19366 -0.320572538466404
373923    129869      129868     chr7     19368     19367 -0.336836069535523
373924    129869      129870     chr7     19368     19369 -0.215434588018753
373925    129870      129868     chr7     19369     19367 -0.240889731203443
373926    129870      129869     chr7     19369     19368 -0.215434588018753

2020-10-07 23:50:11 : Computing Co-Accessibility chr8 (8 of 21), 1.121 mins elapsed.

2020-10-07 23:50:17 : SubsetCorVals-8, Class = numeric

SubsetCorVals-8: length = 6
[1]  0.59160781 -0.19951186  0.08878090  0.11946426  0.04531169 -0.06280690



2020-10-07 23:50:17 : SubsetGroupMat-8, Class = matrix
          [,1]       [,2]        [,3] [,4]        [,5]
f1 0.000000000 0.00000000 0.037217501    0 0.000000000
f2 0.008059482 0.00000000 0.023373206    0 0.000000000
f3 0.043780146 0.00000000 0.004705033    0 0.024219183
f4 0.008059482 0.03149454 0.014069315    0 0.000000000
f5 0.004035369 0.00000000 0.000000000    0 0.002711186

SubsetGroupMat-8: nRows = 13473, nCols = 460


2020-10-07 23:50:17 : SubsetCoA-8, Class = DFrame
DataFrame with 212326 rows and 6 columns
       queryHits subjectHits seqnames      idx1      idx2        correlation
       <integer>   <integer>    <Rle> <integer> <integer>          <numeric>
1         129871      129872     chr8         1         2  0.591607808943964
2         129871      129873     chr8         1         3 -0.199511857488148
3         129871      129874     chr8         1         4   0.08878090181832
4         129871      129875     chr8         1         5  0.119464264259095
5         129871      129876     chr8         1         6 0.0453116908374377
...          ...         ...      ...       ...       ...                ...
212322    143343      143338     chr8     13473     13468   0.14643661686105
212323    143343      143339     chr8     13473     13469  0.202087461214817
212324    143343      143340     chr8     13473     13470  0.236133147262025
212325    143343      143341     chr8     13473     13471 0.0860501213172107
212326    143343      143342     chr8     13473     13472  0.374290245674249

2020-10-07 23:50:17 : Computing Co-Accessibility chr9 (9 of 21), 1.227 mins elapsed.

2020-10-07 23:50:24 : SubsetCorVals-9, Class = numeric

SubsetCorVals-9: length = 6
[1] 0.5002406 0.5002406 0.5492663 0.5492663 0.7151617 0.7151617



2020-10-07 23:50:24 : SubsetGroupMat-9, Class = matrix
          [,1] [,2]        [,3]       [,4]       [,5]
f1 0.008059482    0 0.000000000 0.00000000 0.00811832
f2 0.000000000    0 0.018728761 0.01840103 0.01350526
f3 0.020064909    0 0.000000000 0.01840103 0.02421918
f4 0.016074190    0 0.009394772 0.00000000 0.02954645
f5 0.070964039    0 0.000000000 0.05451363 0.08432633

SubsetGroupMat-9: nRows = 14785, nCols = 460


2020-10-07 23:50:24 : SubsetCoA-9, Class = DFrame
DataFrame with 281971 rows and 6 columns
       queryHits subjectHits seqnames      idx1      idx2         correlation
       <integer>   <integer>    <Rle> <integer> <integer>           <numeric>
1         143344      143345     chr9         1         2   0.500240604750138
2         143345      143344     chr9         2         1   0.500240604750138
3         143345      143346     chr9         2         3   0.549266268136852
4         143346      143345     chr9         3         2   0.549266268136852
5         143346      143347     chr9         3         4   0.715161651989545
...          ...         ...      ...       ...       ...                 ...
281967    158125      158122     chr9     14782     14779 0.00239962562709141
281968    158125      158123     chr9     14782     14780   0.148701329354513
281969    158125      158124     chr9     14782     14781   0.284696478923398
281970    158127      158128     chr9     14784     14785  0.0299881015878873
281971    158128      158127     chr9     14785     14784  0.0299881015878873

2020-10-07 23:50:24 : Computing Co-Accessibility chr10 (10 of 21), 1.342 mins elapsed.

2020-10-07 23:50:31 : SubsetCorVals-10, Class = numeric

SubsetCorVals-10: length = 6
[1] 0.4450729 0.4450729 0.3720432 0.7089182 0.6963724 0.7402457



2020-10-07 23:50:31 : SubsetGroupMat-10, Class = matrix
          [,1]       [,2]        [,3]       [,4]        [,5]
f1 0.142266698 0.04698768 0.069013390 0.10704218 0.102133616
f2 0.028013381 0.06231621 0.018728761 0.07223651 0.029546452
f3 0.008059482 0.00000000 0.000000000 0.10704218 0.086883726
f4 0.012072401 0.00000000 0.009394772 0.00000000 0.005417286
f5 0.074805974 0.06231621 0.000000000 0.12413512 0.114719866

SubsetGroupMat-10: nRows = 14777, nCols = 460


2020-10-07 23:50:31 : SubsetCoA-10, Class = DFrame
DataFrame with 329354 rows and 6 columns
       queryHits subjectHits seqnames      idx1      idx2         correlation
       <integer>   <integer>    <Rle> <integer> <integer>           <numeric>
1         158129      158130    chr10         1         2   0.445072874278733
2         158130      158129    chr10         2         1   0.445072874278733
3         158131      158132    chr10         3         4   0.372043156598331
4         158131      158133    chr10         3         5     0.7089181764669
5         158131      158134    chr10         3         6   0.696372407530177
...          ...         ...      ...       ...       ...                 ...
329350    172905      172900    chr10     14777     14772  -0.204016965062996
329351    172905      172901    chr10     14777     14773 -0.0448258491175335
329352    172905      172902    chr10     14777     14774  -0.131609699456714
329353    172905      172903    chr10     14777     14775   -0.15064046696315
329354    172905      172904    chr10     14777     14776  0.0418372159888928

2020-10-07 23:50:31 : Computing Co-Accessibility chr11 (11 of 21), 1.464 mins elapsed.

2020-10-07 23:50:39 : SubsetCorVals-11, Class = numeric

SubsetCorVals-11: length = 6
[1]  0.11386976  0.02383968 -0.19289014  0.26124068 -0.15595998 -0.15778961



2020-10-07 23:50:39 : SubsetGroupMat-11, Class = matrix
         [,1]      [,2]       [,3]       [,4]       [,5]
f1 0.09007221 0.1652844 0.08242857 0.03657032 0.08943659
f2 0.03985458 0.0000000 0.05547230 0.03657032 0.02154815
f3 0.03197126 0.0000000 0.06901339 0.01840103 0.02154815
f4 0.04378015 0.0000000 0.01406931 0.00000000 0.01081431
f5 0.06324934 0.1073482 0.21013572 0.03657032 0.04541124

SubsetGroupMat-11: nRows = 14535, nCols = 460


2020-10-07 23:50:39 : SubsetCoA-11, Class = DFrame
DataFrame with 275643 rows and 6 columns
       queryHits subjectHits seqnames      idx1      idx2          correlation
       <integer>   <integer>    <Rle> <integer> <integer>            <numeric>
1         172906      172907    chr11         1         2    0.113869759874175
2         172906      172908    chr11         1         3   0.0238396815110109
3         172906      172909    chr11         1         4   -0.192890140674479
4         172906      172910    chr11         1         5    0.261240680239814
5         172906      172911    chr11         1         6   -0.155959984243896
...          ...         ...      ...       ...       ...                  ...
275639    187438      187439    chr11     14533     14534   -0.665465390030055
275640    187439      187437    chr11     14534     14532    0.415250198841674
275641    187439      187438    chr11     14534     14533   -0.665465390030055
275642    187439      187440    chr11     14534     14535 -0.00149999765808487
275643    187440      187439    chr11     14535     14534 -0.00149999765808487

2020-10-07 23:50:39 : Computing Co-Accessibility chr12 (12 of 21), 1.588 mins elapsed.

2020-10-07 23:50:44 : SubsetCorVals-12, Class = numeric

SubsetCorVals-12: length = 6
[1] 0.2904913 0.4423275 0.3351309 0.3295650 0.2893622 0.3121662



2020-10-07 23:50:45 : SubsetGroupMat-12, Class = matrix
         [,1]       [,2]        [,3]       [,4]        [,5]
f1 0.12754567 0.06231621 0.018728761 0.07223651 0.029546452
f2 0.11640548 0.17941202 0.181332566 0.28477149 0.094528820
f3 0.02801338 0.00000000 0.046373771 0.01840103 0.002711186
f4 0.01607419 0.06231621 0.032617482 0.03657032 0.010814307
f5 0.03197126 0.03149454 0.009394772 0.00000000 0.013505265

SubsetGroupMat-12: nRows = 11669, nCols = 460


2020-10-07 23:50:45 : SubsetCoA-12, Class = DFrame
DataFrame with 177190 rows and 6 columns
       queryHits subjectHits seqnames      idx1      idx2        correlation
       <integer>   <integer>    <Rle> <integer> <integer>          <numeric>
1         187441      187442    chr12         1         2  0.290491315373821
2         187441      187443    chr12         1         3  0.442327544287422
3         187441      187444    chr12         1         4  0.335130864842638
4         187441      187445    chr12         1         5   0.32956497534487
5         187441      187446    chr12         1         6  0.289362198839103
...          ...         ...      ...       ...       ...                ...
177186    199109      199104    chr12     11669     11664 -0.303289772240545
177187    199109      199105    chr12     11669     11665 -0.144441693983738
177188    199109      199106    chr12     11669     11666 -0.326657915818696
177189    199109      199107    chr12     11669     11667 -0.211067978286658
177190    199109      199108    chr12     11669     11668  0.558161323652459

2020-10-07 23:50:45 : Computing Co-Accessibility chr13 (13 of 21), 1.684 mins elapsed.

2020-10-07 23:50:51 : SubsetCorVals-13, Class = numeric

SubsetCorVals-13: length = 6
[1]  0.67782206  0.61537000 -0.54149895 -0.26335093 -0.02877112 -0.28699018



2020-10-07 23:50:51 : SubsetGroupMat-13, Class = matrix
         [,1]       [,2]       [,3]       [,4]        [,5]
f1 0.07096404 0.06231621 0.01872876 0.19055093 0.102133616
f2 0.01207240 0.00000000 0.00000000 0.15772518 0.048038491
f3 0.01607419 0.00000000 0.00000000 0.00000000 0.026885276
f4 0.01607419 0.03149454 0.13057710 0.03657032 0.000000000
f5 0.03985458 0.12205180 0.01872876 0.01840103 0.005417286

SubsetGroupMat-13: nRows = 11824, nCols = 460


2020-10-07 23:50:51 : SubsetCoA-13, Class = DFrame
DataFrame with 218502 rows and 6 columns
       queryHits subjectHits seqnames      idx1      idx2         correlation
       <integer>   <integer>    <Rle> <integer> <integer>           <numeric>
1         199110      199111    chr13         1         2   0.677822055980809
2         199110      199112    chr13         1         3   0.615370000405149
3         199110      199113    chr13         1         4  -0.541498946641202
4         199110      199114    chr13         1         5  -0.263350927953993
5         199110      199115    chr13         1         6 -0.0287711213534218
...          ...         ...      ...       ...       ...                 ...
218498    210932      210933    chr13     11823     11824   0.113801142419414
218499    210933      210929    chr13     11824     11820  0.0442499001182848
218500    210933      210930    chr13     11824     11821  0.0953388623745099
218501    210933      210931    chr13     11824     11822   0.096742828040671
218502    210933      210932    chr13     11824     11823   0.113801142419414

2020-10-07 23:50:51 : Computing Co-Accessibility chr14 (14 of 21), 1.791 mins elapsed.

2020-10-07 23:50:59 : SubsetCorVals-14, Class = numeric

SubsetCorVals-14: length = 6
[1]  0.48369800  0.12673028  0.72608855  0.48369800 -0.08450067  0.51585413



2020-10-07 23:50:59 : SubsetGroupMat-14, Class = matrix
          [,1]       [,2]       [,3]       [,4]        [,5]
f1 0.035918302 0.04698768 0.14343435 0.03657032 0.002711186
f2 0.105178600 0.22098346 0.15617803 0.10704218 0.089436595
f3 0.067111845 0.03149454 0.03721750 0.08974431 0.063702318
f4 0.004035369 0.04698768 0.08242857 0.00000000 0.000000000
f5 0.016074190 0.09249315 0.01406931 0.00000000 0.005417286

SubsetGroupMat-14: nRows = 16200, nCols = 460


2020-10-07 23:50:59 : SubsetCoA-14, Class = DFrame
DataFrame with 354525 rows and 6 columns
       queryHits subjectHits seqnames      idx1      idx2        correlation
       <integer>   <integer>    <Rle> <integer> <integer>          <numeric>
1         210934      210935    chr14         1         2  0.483698004927914
2         210934      210936    chr14         1         3  0.126730279871542
3         210934      210937    chr14         1         4  0.726088547148226
4         210935      210934    chr14         2         1  0.483698004927914
5         210935      210936    chr14         2         3 -0.084500665596597
...          ...         ...      ...       ...       ...                ...
354521    227129      227128    chr14     16196     16195 0.0314033460599066
354522    227130      227131    chr14     16197     16198 0.0383475270634411
354523    227131      227130    chr14     16198     16197 0.0383475270634411
354524    227131      227132    chr14     16198     16199  0.295848114163898
354525    227132      227131    chr14     16199     16198  0.295848114163898

2020-10-07 23:50:59 : Computing Co-Accessibility chr15 (15 of 21), 1.923 mins elapsed.

2020-10-07 23:51:05 : SubsetCorVals-15, Class = numeric

SubsetCorVals-15: length = 6
[1] 0.6169805 0.5424823 0.2228515 0.6236259 0.4691709 0.2047973



2020-10-07 23:51:05 : SubsetGroupMat-15, Class = matrix
         [,1]       [,2]        [,3]       [,4]        [,5]
f1 0.03591830 0.03149454 0.028002748 0.12413512 0.066296501
f2 0.11267289 0.00000000 0.009394772 0.12413512 0.104659665
f3 0.02801338 0.00000000 0.000000000 0.14102790 0.037500653
f4 0.02006491 0.00000000 0.000000000 0.00000000 0.005417286
f5 0.09386367 0.00000000 0.000000000 0.07223651 0.129679842

SubsetGroupMat-15: nRows = 12164, nCols = 460


2020-10-07 23:51:05 : SubsetCoA-15, Class = DFrame
DataFrame with 230116 rows and 6 columns
       queryHits subjectHits seqnames      idx1      idx2        correlation
       <integer>   <integer>    <Rle> <integer> <integer>          <numeric>
1         227134      227135    chr15         1         2  0.616980509414335
2         227134      227136    chr15         1         3  0.542482323704078
3         227134      227137    chr15         1         4  0.222851456806022
4         227134      227138    chr15         1         5  0.623625851848261
5         227134      227139    chr15         1         6   0.46917094916644
...          ...         ...      ...       ...       ...                ...
230112    239295      239294    chr15     12162     12161 -0.590315525098782
230113    239295      239296    chr15     12162     12163 -0.439936140808881
230114    239296      239295    chr15     12163     12162 -0.439936140808881
230115    239296      239297    chr15     12163     12164 -0.333009640342217
230116    239297      239296    chr15     12164     12163 -0.333009640342217

2020-10-07 23:51:05 : Computing Co-Accessibility chr16 (16 of 21), 2.024 mins elapsed.

2020-10-07 23:51:12 : SubsetCorVals-16, Class = numeric

SubsetCorVals-16: length = 6
[1]  0.43067848  0.59517796 -0.09563736 -0.47851294 -0.37744477  0.59087468



2020-10-07 23:51:12 : SubsetGroupMat-16, Class = matrix
         [,1]       [,2]       [,3]       [,4]       [,5]
f1 0.03591830 0.00000000 0.00000000 0.03657032 0.02954645
f2 0.02801338 0.00000000 0.00000000 0.03657032 0.01350526
f3 0.05159938 0.03149454 0.04637377 0.08974431 0.04277919
f4 0.13860050 0.09249315 0.18962088 0.07223651 0.13215816
f5 0.34675717 0.80767875 0.54008481 0.22264637 0.29584425

SubsetGroupMat-16: nRows = 12649, nCols = 460


2020-10-07 23:51:12 : SubsetCoA-16, Class = DFrame
DataFrame with 314397 rows and 6 columns
       queryHits subjectHits seqnames      idx1      idx2         correlation
       <integer>   <integer>    <Rle> <integer> <integer>           <numeric>
1         239298      239299    chr16         1         2    0.43067848172646
2         239298      239300    chr16         1         3   0.595177956929837
3         239298      239301    chr16         1         4 -0.0956373572983148
4         239298      239302    chr16         1         5   -0.47851293553496
5         239298      239303    chr16         1         6  -0.377444767906509
...          ...         ...      ...       ...       ...                 ...
314393    251945      251943    chr16     12648     12646  -0.120131357795517
314394    251945      251944    chr16     12648     12647   0.731737641491382
314395    251945      251946    chr16     12648     12649   0.749485827613259
314396    251946      251944    chr16     12649     12647   0.523764100806888
314397    251946      251945    chr16     12649     12648   0.749485827613259

2020-10-07 23:51:12 : Computing Co-Accessibility chr17 (17 of 21), 2.139 mins elapsed.

2020-10-07 23:51:16 : SubsetCorVals-17, Class = numeric

SubsetCorVals-17: length = 6
[1]  0.1916311  0.7354113  0.7375544  0.1722743  0.2293899 -0.4055605



2020-10-07 23:51:16 : SubsetGroupMat-17, Class = matrix
         [,1]      [,2]       [,3]       [,4]       [,5]
f1 0.09007221 0.0000000 0.00000000 0.07223651 0.09452882
f2 0.05159938 0.0000000 0.04180290 0.05451363 0.07147091
f3 0.10893061 0.0000000 0.02800275 0.01840103 0.13463223
f4 0.13492496 0.0000000 0.00000000 0.07223651 0.04277919
f5 0.10517860 0.1934027 0.03261748 0.03657032 0.14938819

SubsetGroupMat-17: nRows = 8067, nCols = 460


2020-10-07 23:51:16 : SubsetCoA-17, Class = DFrame
DataFrame with 120009 rows and 6 columns
       queryHits subjectHits seqnames      idx1      idx2        correlation
       <integer>   <integer>    <Rle> <integer> <integer>          <numeric>
1         251947      251948    chr17         1         2  0.191631119462278
2         251947      251949    chr17         1         3  0.735411320001389
3         251947      251950    chr17         1         4   0.73755435722333
4         251947      251951    chr17         1         5  0.172274288183315
5         251947      251952    chr17         1         6  0.229389883977567
...          ...         ...      ...       ...       ...                ...
120005    260013      260008    chr17      8067      8062  0.575831551564337
120006    260013      260009    chr17      8067      8063  0.746711744759112
120007    260013      260010    chr17      8067      8064  0.802167194825679
120008    260013      260011    chr17      8067      8065 -0.508948579237488
120009    260013      260012    chr17      8067      8066 -0.779057901129351

2020-10-07 23:51:16 : Computing Co-Accessibility chr18 (18 of 21), 2.212 mins elapsed.

2020-10-07 23:51:20 : SubsetCorVals-18, Class = numeric

SubsetCorVals-18: length = 6
[1]  0.7994662 -0.5164012 -0.1442543 -0.6470341 -0.1424479  0.8289766



2020-10-07 23:51:20 : SubsetGroupMat-18, Class = matrix
          [,1]       [,2]        [,3]      [,4]       [,5]
f1 0.016074190 0.00000000 0.000000000 0.0000000 0.03750065
f2 0.035918302 0.01583321 0.037217501 0.1742314 0.06888603
f3 0.035918302 0.03149454 0.100123606 0.0000000 0.01887217
f4 0.004035369 0.00000000 0.009394772 0.0000000 0.00000000
f5 0.167672487 0.26139048 0.375468752 0.1070422 0.11972378

SubsetGroupMat-18: nRows = 6873, nCols = 460


2020-10-07 23:51:20 : SubsetCoA-18, Class = DFrame
DataFrame with 121365 rows and 6 columns
       queryHits subjectHits seqnames      idx1      idx2         correlation
       <integer>   <integer>    <Rle> <integer> <integer>           <numeric>
1         260014      260015    chr18         1         2    0.79946618967211
2         260014      260016    chr18         1         3  -0.516401203858125
3         260014      260017    chr18         1         4  -0.144254288355497
4         260014      260018    chr18         1         5  -0.647034064127738
5         260014      260019    chr18         1         6  -0.142447933338905
...          ...         ...      ...       ...       ...                 ...
121361    266885      266884    chr18      6872      6871   0.845627576046243
121362    266885      266886    chr18      6872      6873 -0.0430245554711916
121363    266886      266883    chr18      6873      6870  -0.109024412583901
121364    266886      266884    chr18      6873      6871 -0.0979844961274191
121365    266886      266885    chr18      6873      6872 -0.0430245554711916

2020-10-07 23:51:20 : Computing Co-Accessibility chr19 (19 of 21), 2.279 mins elapsed.

2020-10-07 23:51:26 : SubsetCorVals-19, Class = numeric

SubsetCorVals-19: length = 6
[1]  0.8473289 -0.3259095 -0.3122080  0.3396707 -0.2880762  0.8473289



2020-10-07 23:51:26 : SubsetGroupMat-19, Class = matrix
         [,1]       [,2]        [,3]       [,4]       [,5]
f1 0.02006491 0.00000000 0.004705033 0.03657032 0.08432633
f2 0.00000000 0.00000000 0.000000000 0.03657032 0.00811832
f3 0.01207240 0.16528435 0.000000000 0.01840103 0.01350526
f4 0.00000000 0.07748358 0.023373206 0.00000000 0.00000000
f5 0.02404462 0.01583321 0.028002748 0.05451363 0.02954645

SubsetGroupMat-19: nRows = 8756, nCols = 460


2020-10-07 23:51:26 : SubsetCoA-19, Class = DFrame
DataFrame with 210284 rows and 6 columns
       queryHits subjectHits seqnames      idx1      idx2         correlation
       <integer>   <integer>    <Rle> <integer> <integer>           <numeric>
1         266887      266888    chr19         1         2   0.847328887224148
2         266887      266889    chr19         1         3  -0.325909465137481
3         266887      266890    chr19         1         4  -0.312207989356237
4         266887      266891    chr19         1         5   0.339670673166172
5         266887      266892    chr19         1         6  -0.288076171620436
...          ...         ...      ...       ...       ...                 ...
210280    275642      275637    chr19      8756      8751 -0.0829981737745166
210281    275642      275638    chr19      8756      8752 -0.0836706807790737
210282    275642      275639    chr19      8756      8753   0.148027833182944
210283    275642      275640    chr19      8756      8754  -0.147247729147375
210284    275642      275641    chr19      8756      8755    0.58197926259925

2020-10-07 23:51:26 : Computing Co-Accessibility chr20 (20 of 21), 2.377 mins elapsed.

2020-10-07 23:51:32 : SubsetCorVals-20, Class = numeric

SubsetCorVals-20: length = 6
[1] 0.6653055 0.8280275 0.7788269 0.6088696 0.6653055 0.6120727



2020-10-07 23:51:32 : SubsetGroupMat-20, Class = matrix
         [,1]       [,2]        [,3]       [,4]        [,5]
f1 0.01607419 0.00000000 0.000000000 0.03657032 0.040142337
f2 0.01207240 0.00000000 0.000000000 0.00000000 0.005417286
f3 0.03197126 0.00000000 0.000000000 0.10704218 0.063702318
f4 0.06324934 0.01583321 0.014069315 0.07223651 0.129679842
f5 0.00000000 0.03149454 0.009394772 0.03657032 0.013505265

SubsetGroupMat-20: nRows = 10884, nCols = 460


2020-10-07 23:51:32 : SubsetCoA-20, Class = DFrame
DataFrame with 238821 rows and 6 columns
       queryHits subjectHits seqnames      idx1      idx2         correlation
       <integer>   <integer>    <Rle> <integer> <integer>           <numeric>
1         275643      275644    chr20         1         2    0.66530552237239
2         275643      275645    chr20         1         3    0.82802748572915
3         275643      275646    chr20         1         4   0.778826880674938
4         275643      275647    chr20         1         5   0.608869590368632
5         275644      275643    chr20         2         1    0.66530552237239
...          ...         ...      ...       ...       ...                 ...
238817    286526      286521    chr20     10884     10879   0.515368942000281
238818    286526      286522    chr20     10884     10880 -0.0153650602442951
238819    286526      286523    chr20     10884     10881  -0.585073501384726
238820    286526      286524    chr20     10884     10882   0.419082991605708
238821    286526      286525    chr20     10884     10883    0.63266656262085

2020-10-07 23:51:32 : Computing Co-Accessibility chrX (21 of 21), 2.476 mins elapsed.

2020-10-07 23:51:36 : SubsetCorVals-21, Class = numeric

SubsetCorVals-21: length = 6
[1] 0.4482683 0.4482683 0.4140531 0.3413937 0.4140531 0.7751754



2020-10-07 23:51:36 : SubsetGroupMat-21, Class = matrix
         [,1]       [,2]       [,3]       [,4]       [,5]
f1 0.07096404 0.06231621 0.01406931 0.01840103 0.05066097
f2 0.00000000 0.00000000 0.00000000 0.00000000 0.00000000
f3 0.01207240 0.00000000 0.00000000 0.00000000 0.03220273
f4 0.15320972 0.00000000 0.00000000 0.00000000 0.02954645
f5 0.02801338 0.03149454 0.03721750 0.03657032 0.02154815

SubsetGroupMat-21: nRows = 6977, nCols = 460


2020-10-07 23:51:36 : SubsetCoA-21, Class = DFrame
DataFrame with 68738 rows and 6 columns
      queryHits subjectHits seqnames      idx1      idx2       correlation
      <integer>   <integer>    <Rle> <integer> <integer>         <numeric>
1        286529      286530     chrX         3         4 0.448268290103087
2        286530      286529     chrX         4         3 0.448268290103087
3        286531      286532     chrX         5         6 0.414053059781081
4        286531      286533     chrX         5         7 0.341393725534876
5        286532      286531     chrX         6         5 0.414053059781081
...         ...         ...      ...       ...       ...               ...
68734    293502      293503     chrX      6976      6977  0.51345032508912
68735    293503      293499     chrX      6977      6973 0.493139258431732
68736    293503      293500     chrX      6977      6974  0.58775677357565
68737    293503      293501     chrX      6977      6975 0.472050033504435
68738    293503      293502     chrX      6977      6976  0.51345032508912


------- Completed

End Time : 2020-10-07 23:51:36
Elapsed Time Minutes = 2.54416398604711
Elapsed Time Hours = 0.0424027987983492

-------



