
           ___      .______        ______  __    __  .______      
          /   \     |   _  \      /      ||  |  |  | |   _  \     
         /  ^  \    |  |_)  |    |  ,----'|  |__|  | |  |_)  |    
        /  /_\  \   |      /     |  |     |   __   | |      /     
       /  _____  \  |  |\  \\___ |  `----.|  |  |  | |  |\  \\___.
      /__/     \__\ | _| `._____| \______||__|  |__| | _| `._____|
    
Logging With ArchR!

Start Time : 2020-10-07 11:59:29

------- ArchR Info

ArchRThreads = 15

------- System Info

Computer OS = unix
Total Cores = 64

------- Session Info

R version 3.6.3 (2020-02-29)
Platform: x86_64-conda_cos6-linux-gnu (64-bit)
Running under: CentOS Linux 7 (Core)

Matrix products: default
BLAS/LAPACK: /home/bnphan/miniconda3/lib/libmkl_rt.so

locale:
 [1] LC_CTYPE=en_US.UTF-8       LC_NUMERIC=C              
 [3] LC_TIME=en_US.UTF-8        LC_COLLATE=en_US.UTF-8    
 [5] LC_MONETARY=en_US.UTF-8    LC_MESSAGES=en_US.UTF-8   
 [7] LC_PAPER=en_US.UTF-8       LC_NAME=C                 
 [9] LC_ADDRESS=C               LC_TELEPHONE=C            
[11] LC_MEASUREMENT=en_US.UTF-8 LC_IDENTIFICATION=C       

attached base packages:
 [1] grid      parallel  stats4    stats     graphics  grDevices utils    
 [8] datasets  methods   base     

other attached packages:
 [1] gridExtra_2.3                         uwot_0.1.8                           
 [3] Seurat_3.2.1                          BSgenome.Mmulatta.UCSC.rheMac10_1.4.3
 [5] BSgenome_1.54.0                       rtracklayer_1.46.0                   
 [7] Biostrings_2.54.0                     XVector_0.26.0                       
 [9] forcats_0.5.0                         stringr_1.4.0                        
[11] dplyr_1.0.2                           purrr_0.3.4                          
[13] readr_1.3.1                           tidyr_1.1.2                          
[15] tibble_3.0.3                          tidyverse_1.3.0                      
[17] ArchR_0.9.5                           magrittr_1.5                         
[19] rhdf5_2.30.1                          Matrix_1.2-18                        
[21] data.table_1.13.0                     SummarizedExperiment_1.16.1          
[23] DelayedArray_0.12.3                   BiocParallel_1.20.1                  
[25] matrixStats_0.57.0                    Biobase_2.46.0                       
[27] GenomicRanges_1.38.0                  GenomeInfoDb_1.22.1                  
[29] IRanges_2.20.2                        S4Vectors_0.24.4                     
[31] BiocGenerics_0.32.0                   ggplot2_3.3.2                        

loaded via a namespace (and not attached):
  [1] readxl_1.3.1             backports_1.1.10         plyr_1.8.6              
  [4] igraph_1.2.5             lazyeval_0.2.2           splines_3.6.3           
  [7] listenv_0.8.0            digest_0.6.25            htmltools_0.5.0         
 [10] fansi_0.4.1              tensor_1.5               cluster_2.1.0           
 [13] ROCR_1.0-11              globals_0.13.0           modelr_0.1.8            
 [16] colorspace_1.4-1         blob_1.2.1               rvest_0.3.6             
 [19] rappdirs_0.3.1           ggrepel_0.8.2            haven_2.3.1             
 [22] crayon_1.3.4             RCurl_1.98-1.2           jsonlite_1.7.1          
 [25] spatstat_1.64-1          spatstat.data_1.4-3      survival_3.2-7          
 [28] zoo_1.8-8                glue_1.4.2               polyclip_1.10-0         
 [31] gtable_0.3.0             zlibbioc_1.32.0          leiden_0.3.3            
 [34] Rhdf5lib_1.8.0           future.apply_1.6.0       abind_1.4-5             
 [37] scales_1.1.1             DBI_1.1.0                miniUI_0.1.1.1          
 [40] Rcpp_1.0.5               viridisLite_0.3.0        xtable_1.8-4            
 [43] reticulate_1.16          rsvd_1.0.3               htmlwidgets_1.5.2       
 [46] httr_1.4.2               RColorBrewer_1.1-2       ellipsis_0.3.1          
 [49] ica_1.0-2                farver_2.0.3             pkgconfig_2.0.3         
 [52] XML_3.99-0.3             deldir_0.1-29            dbplyr_1.4.4            
 [55] labeling_0.3             tidyselect_1.1.0         rlang_0.4.7             
 [58] reshape2_1.4.4           later_1.1.0.1            munsell_0.5.0           
 [61] cellranger_1.1.0         tools_3.6.3              cli_2.0.2               
 [64] generics_0.0.2           broom_0.7.0              ggridges_0.5.2          
 [67] fastmap_1.0.1            goftest_1.2-2            fs_1.5.0                
 [70] fitdistrplus_1.1-1       RANN_2.6.1               pbapply_1.4-3           
 [73] future_1.19.1            nlme_3.1-149             mime_0.9                
 [76] xml2_1.3.2               compiler_3.6.3           rstudioapi_0.11         
 [79] plotly_4.9.2.1           png_0.1-7                spatstat.utils_1.17-0   
 [82] reprex_0.3.0             stringi_1.5.3            RSpectra_0.16-0         
 [85] lattice_0.20-41          vctrs_0.3.4              pillar_1.4.6            
 [88] lifecycle_0.2.0          lmtest_0.9-38            RcppAnnoy_0.0.16        
 [91] cowplot_1.1.0            bitops_1.0-6             irlba_2.3.3             
 [94] httpuv_1.5.4             patchwork_1.0.1          R6_2.4.1                
 [97] promises_1.1.1           KernSmooth_2.23-17       codetools_0.2-16        
[100] gtools_3.8.2             MASS_7.3-53              assertthat_0.2.1        
[103] withr_2.3.0              GenomicAlignments_1.22.1 sctransform_0.3         
[106] Rsamtools_2.2.3          GenomeInfoDbData_1.2.2   mgcv_1.8-33             
[109] hms_0.5.3                rpart_4.1-15             Cairo_1.5-12.2          
[112] Rtsne_0.15               shiny_1.5.0              lubridate_1.7.9         


------- Log Info


2020-10-07 11:59:29 : addImputeWeights Input-Parameters, Class = list

addImputeWeights Input-Parameters$ArchRProj: length = 1
class: ArchRProject 
outputDirectory: /home/bnphan/projects/snATAC_cross_species_caudate/data/raw_data/rheMac10/Stauffer_caudate/ArchR_Stauffer_caudate 
samples(1): CAUD_WS1H_STA682A131
sampleColData names(1): ArrowFiles
cellColData names(15): Sample TSSEnrichment ... Subject Region
numberOfCells(1): 1
medianTSS(1): 10.409
medianFrags(1): 99782


addImputeWeights Input-Parameters$reducedDims: length = 1
[1] "IterativeLSI"


addImputeWeights Input-Parameters$dimsToUse: length = 0
NULL


addImputeWeights Input-Parameters$scaleDims: length = 0
NULL


addImputeWeights Input-Parameters$corCutOff: length = 1
[1] 0.75


addImputeWeights Input-Parameters$td: length = 1
[1] 3


addImputeWeights Input-Parameters$ka: length = 1
[1] 4


addImputeWeights Input-Parameters$sampleCells: length = 1
[1] 5000


addImputeWeights Input-Parameters$nRep: length = 1
[1] 2


addImputeWeights Input-Parameters$k: length = 1
[1] 15


addImputeWeights Input-Parameters$epsilon: length = 1
[1] 1


addImputeWeights Input-Parameters$useHdf5: length = 1
[1] TRUE


addImputeWeights Input-Parameters$randomSuffix: length = 1
[1] FALSE


addImputeWeights Input-Parameters$threads: length = 1
[1] 15


addImputeWeights Input-Parameters$seed: length = 1
[1] 1


addImputeWeights Input-Parameters$verbose: length = 1
[1] TRUE


addImputeWeights Input-Parameters$logFile: length = 1
[1] "ArchRLogs/ArchR-addImputeWeights-493e44e13415-Date-2020-10-07_Time-11-59-29.log"


2020-10-07 11:59:29 : Computing Impute Weights Using Magic (Cell 2018), 0 mins elapsed.
2020-10-07 11:59:29 : Computing Partial Diffusion Matrix with Magic (1 of 1), 0 mins elapsed.
2020-10-07 11:59:31 : Completed Getting Magic Weights!, 0.029 mins elapsed.
