
           ___      .______        ______  __    __  .______      
          /   \     |   _  \      /      ||  |  |  | |   _  \     
         /  ^  \    |  |_)  |    |  ,----'|  |__|  | |  |_)  |    
        /  /_\  \   |      /     |  |     |   __   | |      /     
       /  _____  \  |  |\  \\___ |  `----.|  |  |  | |  |\  \\___.
      /__/     \__\ | _| `._____| \______||__|  |__| | _| `._____|
    
Logging With ArchR!

Start Time : 2020-10-02 15:56:41

------- ArchR Info

ArchRThreads = 32
ArchRGenome = Hg38

------- System Info

Computer OS = unix
Total Cores = 64

------- Session Info

R version 3.6.3 (2020-02-29)
Platform: x86_64-conda_cos6-linux-gnu (64-bit)
Running under: CentOS Linux 7 (Core)

Matrix products: default
BLAS/LAPACK: /home/bnphan/miniconda3/lib/libmkl_rt.so

locale:
 [1] LC_CTYPE=en_US.UTF-8       LC_NUMERIC=C              
 [3] LC_TIME=en_US.UTF-8        LC_COLLATE=en_US.UTF-8    
 [5] LC_MONETARY=en_US.UTF-8    LC_MESSAGES=en_US.UTF-8   
 [7] LC_PAPER=en_US.UTF-8       LC_NAME=C                 
 [9] LC_ADDRESS=C               LC_TELEPHONE=C            
[11] LC_MEASUREMENT=en_US.UTF-8 LC_IDENTIFICATION=C       

attached base packages:
[1] parallel  stats4    stats     graphics  grDevices utils     datasets 
[8] methods   base     

other attached packages:
 [1] gtable_0.3.0                ArchR_0.9.5                
 [3] magrittr_1.5                rhdf5_2.30.1               
 [5] Matrix_1.2-18               data.table_1.13.0          
 [7] SummarizedExperiment_1.16.1 DelayedArray_0.12.3        
 [9] BiocParallel_1.20.1         matrixStats_0.57.0         
[11] Biobase_2.46.0              GenomicRanges_1.38.0       
[13] GenomeInfoDb_1.22.1         IRanges_2.20.2             
[15] S4Vectors_0.24.4            BiocGenerics_0.32.0        
[17] ggplot2_3.3.2               colorout_1.2-2             

loaded via a namespace (and not attached):
 [1] BSgenome.Hsapiens.UCSC.hg38_1.4.1 Rcpp_1.0.5                       
 [3] lattice_0.20-41                   Rsamtools_2.2.3                  
 [5] Biostrings_2.54.0                 gtools_3.8.2                     
 [7] digest_0.6.25                     IRdisplay_0.7.0                  
 [9] R6_2.4.1                          repr_1.1.0                       
[11] evaluate_0.14                     pillar_1.4.6                     
[13] zlibbioc_1.32.0                   rlang_0.4.7                      
[15] uuid_0.1-4                        labeling_0.3                     
[17] stringr_1.4.0                     pheatmap_1.0.12                  
[19] RCurl_1.98-1.2                    munsell_0.5.0                    
[21] compiler_3.6.3                    rtracklayer_1.46.0               
[23] pkgconfig_2.0.3                   base64enc_0.1-3                  
[25] htmltools_0.5.0                   tidyselect_1.1.0                 
[27] tibble_3.0.3                      GenomeInfoDbData_1.2.2           
[29] XML_3.99-0.3                      crayon_1.3.4                     
[31] dplyr_1.0.2                       withr_2.3.0                      
[33] GenomicAlignments_1.22.1          bitops_1.0-6                     
[35] grid_3.6.3                        jsonlite_1.7.1                   
[37] lifecycle_0.2.0                   scales_1.1.1                     
[39] stringi_1.5.3                     farver_2.0.3                     
[41] XVector_0.26.0                    ellipsis_0.3.1                   
[43] generics_0.0.2                    vctrs_0.3.4                      
[45] IRkernel_1.1.1                    Rhdf5lib_1.8.0                   
[47] RColorBrewer_1.1-2                tools_3.6.3                      
[49] Cairo_1.5-12.2                    BSgenome_1.54.0                  
[51] glue_1.4.2                        purrr_0.3.4                      
[53] colorspace_1.4-1                  pbdZMQ_0.3-3                     


------- Log Info


2020-10-02 15:56:41 : Input-Parameters, Class = list

Input-Parameters$ArchRProj: length = 1
class: ArchRProject 
outputDirectory: /home/bnphan/projects/snATAC_cross_species_caudate/data/raw_data/hg38/Corces_2020/ArchR_Corces2020_caudate 
samples(3): 06_0615.CAUD 09_1589.CAUD 14_1018.CAUD
sampleColData names(1): ArrowFiles
cellColData names(18): Sample TSSEnrichment ... Region Clusters
numberOfCells(1): 1
medianTSS(1): 9.196
medianFrags(1): 80840


Input-Parameters$embedding: length = 1
[1] "UMAP"


Input-Parameters$colorBy: length = 1
[1] "GeneScoreMatrix"


Input-Parameters$name: length = 6
[1] "Drd1"    "Tac1"    "Foxp2"   "Slc35d3" "Nrxn1"   "Pdyn"   


Input-Parameters$log2Norm: length = 0
NULL


Input-Parameters$pal: length = 0
NULL


Input-Parameters$size: length = 1
[1] 0.1


Input-Parameters$sampleCells: length = 0
NULL


Input-Parameters$highlightCells: length = 0
NULL


Input-Parameters$rastr: length = 1
[1] TRUE


Input-Parameters$quantCut: length = 2
[1] 0.01 0.99


Input-Parameters$discreteSet: length = 0
NULL


Input-Parameters$continuousSet: length = 0
NULL


Input-Parameters$randomize: length = 1
[1] TRUE


Input-Parameters$keepAxis: length = 1
[1] FALSE


Input-Parameters$baseSize: length = 1
[1] 10


Input-Parameters$plotAs: length = 0
NULL


Input-Parameters$threads: length = 1
[1] 1


Input-Parameters$logFile: length = 1
[1] "ArchRLogs/ArchR-plotEmbedding-3075142ce28e5-Date-2020-10-02_Time-15-56-41.log"



2020-10-02 15:56:41 : 

2020-10-02 15:56:41 : Embedding data.frame, Class = data.frame
Embedding data.frame: nRows = 26694, nCols = 2
                                Harmony#UMAP_Dimension_1
06_0615.CAUD#ATTACTCGTGCGTAGA-1                -6.348971
06_0615.CAUD#CTTGCCATCAGGAATA-1                -6.777964
06_0615.CAUD#CGCTGGATCCGTGCGA-1                -6.236875
06_0615.CAUD#GTGATCATCGCTATAG-1                -7.173694
06_0615.CAUD#AGATTCGTCGCAGATT-1                -6.422204
06_0615.CAUD#CATGTTTCAGGTAACG-1                -7.211178
                                Harmony#UMAP_Dimension_2
06_0615.CAUD#ATTACTCGTGCGTAGA-1                -14.09494
06_0615.CAUD#CTTGCCATCAGGAATA-1                -12.38251
06_0615.CAUD#CGCTGGATCCGTGCGA-1                -14.04558
06_0615.CAUD#GTGATCATCGCTATAG-1                -10.96296
06_0615.CAUD#AGATTCGTCGCAGATT-1                -13.88045
06_0615.CAUD#CATGTTTCAGGTAACG-1                -10.00581



2020-10-02 15:56:42 : 

2020-10-02 15:56:42 : 

2020-10-02 15:56:42 : FeatureDF, Class = DFrame
DataFrame with 24919 rows and 6 columns
      seqnames     start       end  strand         name     idx
         <Rle>   <array>   <array> <array>      <array> <array>
1         chr1     69091     70008       1        OR4F5       1
2         chr1    140339    139790       2    LOC729737       2
3         chr1    629010    585990       2 LOC101928626       3
4         chr1    817371    819837       1       FAM87B       4
5         chr1    825138    859446       1    LINC01128       5
...        ...       ...       ...     ...          ...     ...
24915     chrX 155264589 155258241       2       RAB39B     952
24916     chrX 155334657 155276211       2        CLIC2     953
24917     chrX 155380787 155381134       1       H2AFB1     954
24918     chrX 155382115 155383230       1         F8A2     955
24919     chrX 155669944 155490115       2        TMLHE     956


2020-10-02 15:56:42 : idx, Class = integer

idx: length = 6
[1] 19545 21534 21724 20725 13298 14570



2020-10-02 15:56:42 : FeatureDF-Subset, Class = DFrame
DataFrame with 6 rows and 6 columns
  seqnames     start       end  strand    name     idx
     <Rle>   <array>   <array> <array> <array> <array>
1     chr5 175444208 175440039       2    DRD1    1052
2     chr7  97731908  97740472       1    TAC1     590
3     chr7 114086327 114693772       1   FOXP2     780
4     chr6 136922264 136925639       1 SLC35D3    1070
5     chr2  51082864  49918505       2   NRXN1     349
6    chr20   1994285   1978757       2    PDYN      41


2020-10-02 15:56:47 : Feature-Matrix, Class = dgCMatrix
Feature-Matrix: nRows = 6, nCols = 26694
Feature-Matrix: NonZeroEntries = 65018, EntryRange = [ 0.033 , 35.172 ]
5 x 5 sparse Matrix of class "dgCMatrix"
     06_0615.CAUD#ATTACTCGTGCGTAGA-1 06_0615.CAUD#CTTGCCATCAGGAATA-1
[1,]                           0.359                           0.343
[2,]                           0.151                           0.195
[3,]                           1.413                           0.769
[4,]                           .                               0.153
[5,]                           1.611                           2.592
     06_0615.CAUD#CGCTGGATCCGTGCGA-1 06_0615.CAUD#GTGATCATCGCTATAG-1
[1,]                           0.072                           0.456
[2,]                           .                               0.059
[3,]                           0.259                           0.731
[4,]                           0.081                           0.264
[5,]                           2.915                           1.376
     06_0615.CAUD#AGATTCGTCGCAGATT-1
[1,]                           0.591
[2,]                           0.056
[3,]                           0.955
[4,]                           0.154
[5,]                           2.137



2020-10-02 15:56:47 : colorMat-Before-Impute, Class = matrix
        06_0615.CAUD#ATTACTCGTGCGTAGA-1 06_0615.CAUD#CTTGCCATCAGGAATA-1
Drd1                              0.359                           0.343
Tac1                              0.151                           0.195
Foxp2                             1.413                           0.769
Slc35d3                           0.000                           0.153
Nrxn1                             1.611                           2.592
        06_0615.CAUD#CGCTGGATCCGTGCGA-1 06_0615.CAUD#GTGATCATCGCTATAG-1
Drd1                              0.072                           0.456
Tac1                              0.000                           0.059
Foxp2                             0.259                           0.731
Slc35d3                           0.081                           0.264
Nrxn1                             2.915                           1.376
        06_0615.CAUD#AGATTCGTCGCAGATT-1
Drd1                              0.591
Tac1                              0.056
Foxp2                             0.955
Slc35d3                           0.154
Nrxn1                             2.137

colorMat-Before-Impute: nRows = 6, nCols = 26694


2020-10-02 15:56:47 : imputeMatrix Input-Parameters, Class = list

imputeMatrix Input-Parameters$mat: nRows = 6, nCols = 26694
        06_0615.CAUD#ATTACTCGTGCGTAGA-1 06_0615.CAUD#CTTGCCATCAGGAATA-1
Drd1                              0.359                           0.343
Tac1                              0.151                           0.195
Foxp2                             1.413                           0.769
Slc35d3                           0.000                           0.153
Nrxn1                             1.611                           2.592
        06_0615.CAUD#CGCTGGATCCGTGCGA-1 06_0615.CAUD#GTGATCATCGCTATAG-1
Drd1                              0.072                           0.456
Tac1                              0.000                           0.059
Foxp2                             0.259                           0.731
Slc35d3                           0.081                           0.264
Nrxn1                             2.915                           1.376
        06_0615.CAUD#AGATTCGTCGCAGATT-1
Drd1                              0.591
Tac1                              0.056
Foxp2                             0.955
Slc35d3                           0.154
Nrxn1                             2.137


imputeMatrix Input-Parameters$threads: length = 1
[1] 32


imputeMatrix Input-Parameters$verbose: length = 1
[1] FALSE


imputeMatrix Input-Parameters$logFile: length = 1
[1] "ArchRLogs/ArchR-plotEmbedding-3075142ce28e5-Date-2020-10-02_Time-15-56-41.log"



2020-10-02 15:56:47 : mat, Class = matrix
        06_0615.CAUD#ATTACTCGTGCGTAGA-1 06_0615.CAUD#CTTGCCATCAGGAATA-1
Drd1                              0.359                           0.343
Tac1                              0.151                           0.195
Foxp2                             1.413                           0.769
Slc35d3                           0.000                           0.153
Nrxn1                             1.611                           2.592
        06_0615.CAUD#CGCTGGATCCGTGCGA-1 06_0615.CAUD#GTGATCATCGCTATAG-1
Drd1                              0.072                           0.456
Tac1                              0.000                           0.059
Foxp2                             0.259                           0.731
Slc35d3                           0.081                           0.264
Nrxn1                             2.915                           1.376
        06_0615.CAUD#AGATTCGTCGCAGATT-1
Drd1                              0.591
Tac1                              0.056
Foxp2                             0.955
Slc35d3                           0.154
Nrxn1                             2.137

mat: nRows = 6, nCols = 26694


2020-10-02 15:56:47 : weightList, Class = SimpleList

weightList$w1: length = 1
[1] "/home/bnphan/projects/snATAC_cross_species_caudate/data/raw_data/hg38/Corces_2020/ArchR_Corces2020_caudate/ImputeWeights/Impute-Weights-Rep-1"


weightList$w2: length = 1
[1] "/home/bnphan/projects/snATAC_cross_species_caudate/data/raw_data/hg38/Corces_2020/ArchR_Corces2020_caudate/ImputeWeights/Impute-Weights-Rep-2"


2020-10-02 15:56:47 : Imputing Matrix (1 of 2), 0 mins elapsed.

2020-10-02 15:56:47 : 

2020-10-02 15:56:47 : 

2020-10-02 15:56:47 : 

2020-10-02 15:56:47 : 

2020-10-02 15:56:47 : 

2020-10-02 15:56:47 : 
2020-10-02 15:56:47 : Imputing Matrix (2 of 2), 0.006 mins elapsed.

2020-10-02 15:56:47 : 

2020-10-02 15:56:47 : 

2020-10-02 15:56:47 : 

2020-10-02 15:56:47 : 

2020-10-02 15:56:47 : 

2020-10-02 15:56:47 : 
2020-10-02 15:56:48 : Finished Imputing Matrix, 0.012 mins elapsed.

2020-10-02 15:56:48 : colorMat-After-Impute, Class = matrix
     06_0615.CAUD#ATTACTCGTGCGTAGA-1 06_0615.CAUD#CTTGCCATCAGGAATA-1
     06_0615.CAUD#CGCTGGATCCGTGCGA-1 06_0615.CAUD#GTGATCATCGCTATAG-1
     06_0615.CAUD#AGATTCGTCGCAGATT-1

colorMat-After-Impute: nRows = 0, nCols = 26694

