
           ___      .______        ______  __    __  .______      
          /   \     |   _  \      /      ||  |  |  | |   _  \     
         /  ^  \    |  |_)  |    |  ,----'|  |__|  | |  |_)  |    
        /  /_\  \   |      /     |  |     |   __   | |      /     
       /  _____  \  |  |\  \\___ |  `----.|  |  |  | |  |\  \\___.
      /__/     \__\ | _| `._____| \______||__|  |__| | _| `._____|
    
Logging With ArchR!

Start Time : 2020-10-02 21:22:30

------- ArchR Info

ArchRThreads = 10
ArchRGenome = Hg38

------- System Info

Computer OS = unix
Total Cores = 64

------- Session Info

R version 3.6.3 (2020-02-29)
Platform: x86_64-conda_cos6-linux-gnu (64-bit)
Running under: CentOS Linux 7 (Core)

Matrix products: default
BLAS/LAPACK: /home/bnphan/miniconda3/lib/libmkl_rt.so

locale:
 [1] LC_CTYPE=en_US.UTF-8       LC_NUMERIC=C              
 [3] LC_TIME=en_US.UTF-8        LC_COLLATE=en_US.UTF-8    
 [5] LC_MONETARY=en_US.UTF-8    LC_MESSAGES=en_US.UTF-8   
 [7] LC_PAPER=en_US.UTF-8       LC_NAME=C                 
 [9] LC_ADDRESS=C               LC_TELEPHONE=C            
[11] LC_MEASUREMENT=en_US.UTF-8 LC_IDENTIFICATION=C       

attached base packages:
[1] parallel  stats4    stats     graphics  grDevices utils     datasets 
[8] methods   base     

other attached packages:
 [1] chromVAR_1.8.0                    chromVARmotifs_0.2.0             
 [3] motifmatchr_1.8.0                 BSgenome.Hsapiens.UCSC.hg38_1.4.1
 [5] BSgenome_1.54.0                   rtracklayer_1.46.0               
 [7] Biostrings_2.54.0                 XVector_0.26.0                   
 [9] gtable_0.3.0                      ArchR_0.9.5                      
[11] magrittr_1.5                      rhdf5_2.30.1                     
[13] Matrix_1.2-18                     data.table_1.13.0                
[15] SummarizedExperiment_1.16.1       DelayedArray_0.12.3              
[17] BiocParallel_1.20.1               matrixStats_0.57.0               
[19] Biobase_2.46.0                    GenomicRanges_1.38.0             
[21] GenomeInfoDb_1.22.1               IRanges_2.20.2                   
[23] S4Vectors_0.24.4                  BiocGenerics_0.32.0              
[25] ggplot2_3.3.2                     colorout_1.2-2                   

loaded via a namespace (and not attached):
 [1] colorspace_1.4-1            ellipsis_0.3.1             
 [3] IRdisplay_0.7.0             base64enc_0.1-3            
 [5] farver_2.0.3                hexbin_1.28.1              
 [7] DT_0.15                     bit64_4.0.5                
 [9] AnnotationDbi_1.48.0        codetools_0.2-16           
[11] R.methodsS3_1.8.1           IRkernel_1.1.1             
[13] jsonlite_1.7.1              Rsamtools_2.2.3            
[15] Cairo_1.5-12.2              seqLogo_1.52.0             
[17] annotate_1.64.0             GO.db_3.10.0               
[19] png_0.1-7                   R.oo_1.24.0                
[21] pheatmap_1.0.12             shiny_1.5.0                
[23] readr_1.3.1                 compiler_3.6.3             
[25] httr_1.4.2                  fastmap_1.0.1              
[27] lazyeval_0.2.2              later_1.1.0.1              
[29] htmltools_0.5.0             tools_3.6.3                
[31] glue_1.4.2                  TFMPvalue_0.0.8            
[33] GenomeInfoDbData_1.2.2      reshape2_1.4.4             
[35] dplyr_1.0.2                 Rcpp_1.0.5                 
[37] vctrs_0.3.4                 CNEr_1.22.0                
[39] stringr_1.4.0               mime_0.9                   
[41] miniUI_0.1.1.1              lifecycle_0.2.0            
[43] poweRlaw_0.70.6             gtools_3.8.2               
[45] XML_3.99-0.3                zlibbioc_1.32.0            
[47] scales_1.1.1                hms_0.5.3                  
[49] promises_1.1.1              RColorBrewer_1.1-2         
[51] memoise_1.1.0               stringi_1.5.3              
[53] RSQLite_2.2.1               caTools_1.18.0             
[55] repr_1.1.0                  rlang_0.4.7                
[57] pkgconfig_2.0.3             bitops_1.0-6               
[59] pracma_2.2.9                evaluate_0.14              
[61] lattice_0.20-41             purrr_0.3.4                
[63] Rhdf5lib_1.8.0              GenomicAlignments_1.22.1   
[65] htmlwidgets_1.5.1           labeling_0.3               
[67] cowplot_1.1.0               bit_4.0.4                  
[69] tidyselect_1.1.0            plyr_1.8.6                 
[71] R6_2.4.1                    generics_0.0.2             
[73] pbdZMQ_0.3-3                DBI_1.1.0                  
[75] pillar_1.4.6                withr_2.3.0                
[77] KEGGREST_1.26.1             RCurl_1.98-1.2             
[79] tibble_3.0.3                crayon_1.3.4               
[81] uuid_0.1-4                  plotly_4.9.2.1             
[83] nabor_0.5.0                 TFBSTools_1.24.0           
[85] grid_3.6.3                  blob_1.2.1                 
[87] digest_0.6.25               xtable_1.8-4               
[89] tidyr_1.1.2                 httpuv_1.5.4               
[91] R.utils_2.10.1              munsell_0.5.0              
[93] DirichletMultinomial_1.28.0 viridisLite_0.3.0          


------- Log Info


2020-10-02 21:22:37 : Deviations-Args, Class = list

Deviations-Args$bgdPeaks: length = 450995
class: RangedSummarizedExperiment 
dim: 6 50 
metadata(0):
assays(1): bgdPeaks
rownames: NULL
rowData names(2): value GC
colnames: NULL
colData names(0):


Deviations-Args$matrixName: length = 1
[1] "MotifMatrix"


Deviations-Args$out: length = 2
[1] "z"          "deviations"


Deviations-Args$binarize: length = 1
[1] FALSE


Deviations-Args$threads: length = 1
[1] 3


Deviations-Args$verbose: length = 1
[1] TRUE


Deviations-Args$parallelParam: length = 0
NULL


Deviations-Args$force: length = 1
[1] TRUE


Deviations-Args$logFile: length = 1
[1] "ArchRLogs/ArchR-addDeviationsMatrix-30e4bc2d2ca7-Date-2020-10-02_Time-21-22-30.log"


Deviations-Args$annotationsMatrix: nRows = 450995, nCols = 870
Deviations-Args$annotationsMatrix: NonZeroEntries = 24542678, EntryRange = [ 1 , 1 ]
5 x 5 sparse Matrix of class "dgCMatrix"
                   TFAP2B_1 TFAP2D_2 TFAP2C_3 TFAP2E_4 TFAP2A_5
chr1_797280_797780        .        .        .        .        .
chr1_804042_804542        .        .        .        .        .
chr1_804691_805191        .        .        .        .        .
chr1_806087_806587        .        .        .        .        .
chr1_807063_807563        .        .        .        .        .


Deviations-Args$useMatrix: length = 1
[1] "PeakMatrix"


Deviations-Args$ArrowFiles: length = 3
                                                                                                                                      09_1589.CAUD 
"/home/bnphan/projects/snATAC_cross_species_caudate/data/raw_data/hg38/Corces_2020/ArchR_Corces2020_caudate_labeled/ArrowFiles/09_1589.CAUD.arrow" 
                                                                                                                                      14_1018.CAUD 
"/home/bnphan/projects/snATAC_cross_species_caudate/data/raw_data/hg38/Corces_2020/ArchR_Corces2020_caudate_labeled/ArrowFiles/14_1018.CAUD.arrow" 
                                                                                                                                      06_0615.CAUD 
"/home/bnphan/projects/snATAC_cross_species_caudate/data/raw_data/hg38/Corces_2020/ArchR_Corces2020_caudate_labeled/ArrowFiles/06_0615.CAUD.arrow" 


Deviations-Args$allCells: length = 26314
[1] "06_0615.CAUD#ATTACTCGTGCGTAGA-1" "06_0615.CAUD#CTTGCCATCAGGAATA-1"
[3] "06_0615.CAUD#CGCTGGATCCGTGCGA-1" "06_0615.CAUD#GTGATCATCGCTATAG-1"
[5] "06_0615.CAUD#AGATTCGTCGCAGATT-1" "06_0615.CAUD#CATGTTTCAGGTAACG-1"


Deviations-Args$X: length = 3
[1] 1 2 3


Deviations-Args$FUN: length = 1
                                                                                     
1 function (i = NULL, ArrowFiles = NULL, annotationsMatrix = NULL,                   
2     out = c("z", "deviations"), cellNames = NULL, allCells = NULL,                 
3     featureDF = NULL, bgdPeaks = NULL, binarize = FALSE, useMatrix = "PeakMatrix", 
4     matrixName = "Motif", force = FALSE, verbose = TRUE, tstart = NULL,            
5     subThreads = 1, logFile = NULL)                                                
6 {                                                                                  


Deviations-Args$registryDir: length = 1
[1] "/home/bnphan/projects/snATAC_cross_species_caudate/data/raw_data/hg38/Corces_2020/ArchR_Corces2020_caudate_labeled/MotifMatrixDeviationsRegistry"


2020-10-02 21:22:37 : Batch Execution w/ safelapply!, 0 mins elapsed.
2020-10-02 21:22:42 : chromVAR deviations 09_1589.CAUD (1 of 3) Schep (2017), 0.078 mins elapsed.
2020-10-02 21:22:42 : chromVAR deviations 14_1018.CAUD (2 of 3) Schep (2017), 0.079 mins elapsed.
2020-10-02 21:22:42 : chromVAR deviations 06_0615.CAUD (3 of 3) Schep (2017), 0.081 mins elapsed.
2020-10-02 21:26:24 : 14_1018.CAUD (2 of 3) : Deviations for Annotation 8 of 870, 2.132 mins elapsed.
2020-10-02 21:26:34 : 06_0615.CAUD (3 of 3) : Deviations for Annotation 8 of 870, 2.283 mins elapsed.
2020-10-02 21:27:27 : 09_1589.CAUD (1 of 3) : Deviations for Annotation 8 of 870, 2.753 mins elapsed.
2020-10-02 21:27:53 : 14_1018.CAUD (2 of 3) : Deviations for Annotation 16 of 870, 3.627 mins elapsed.
2020-10-02 21:28:09 : 06_0615.CAUD (3 of 3) : Deviations for Annotation 16 of 870, 3.874 mins elapsed.
2020-10-02 21:29:15 : 09_1589.CAUD (1 of 3) : Deviations for Annotation 16 of 870, 4.553 mins elapsed.
2020-10-02 21:29:21 : 14_1018.CAUD (2 of 3) : Deviations for Annotation 24 of 870, 5.083 mins elapsed.
2020-10-02 21:29:47 : 06_0615.CAUD (3 of 3) : Deviations for Annotation 24 of 870, 5.497 mins elapsed.
2020-10-02 21:30:30 : 14_1018.CAUD (2 of 3) : Deviations for Annotation 32 of 870, 6.233 mins elapsed.
2020-10-02 21:31:00 : 06_0615.CAUD (3 of 3) : Deviations for Annotation 32 of 870, 6.716 mins elapsed.
2020-10-02 21:31:07 : 09_1589.CAUD (1 of 3) : Deviations for Annotation 24 of 870, 6.418 mins elapsed.
2020-10-02 21:32:05 : 14_1018.CAUD (2 of 3) : Deviations for Annotation 40 of 870, 7.818 mins elapsed.
2020-10-02 21:32:35 : 09_1589.CAUD (1 of 3) : Deviations for Annotation 32 of 870, 7.89 mins elapsed.
2020-10-02 21:32:42 : 06_0615.CAUD (3 of 3) : Deviations for Annotation 40 of 870, 8.414 mins elapsed.
2020-10-02 21:32:54 : 14_1018.CAUD (2 of 3) : Deviations for Annotation 43 of 870, 8.623 mins elapsed.
2020-10-02 21:33:33 : 06_0615.CAUD (3 of 3) : Deviations for Annotation 43 of 870, 9.26 mins elapsed.
2020-10-02 21:33:39 : 14_1018.CAUD (2 of 3) : Deviations for Annotation 48 of 870, 9.382 mins elapsed.
2020-10-02 21:34:20 : 06_0615.CAUD (3 of 3) : Deviations for Annotation 48 of 870, 10.052 mins elapsed.
2020-10-02 21:34:34 : 09_1589.CAUD (1 of 3) : Deviations for Annotation 40 of 870, 9.869 mins elapsed.
2020-10-02 21:34:57 : 14_1018.CAUD (2 of 3) : Deviations for Annotation 56 of 870, 10.688 mins elapsed.
2020-10-02 21:35:35 : 09_1589.CAUD (1 of 3) : Deviations for Annotation 43 of 870, 10.892 mins elapsed.
2020-10-02 21:35:42 : 06_0615.CAUD (3 of 3) : Deviations for Annotation 56 of 870, 11.419 mins elapsed.
2020-10-02 21:36:32 : 09_1589.CAUD (1 of 3) : Deviations for Annotation 48 of 870, 11.846 mins elapsed.
2020-10-02 21:36:40 : 14_1018.CAUD (2 of 3) : Deviations for Annotation 64 of 870, 12.408 mins elapsed.
2020-10-02 21:37:23 : 06_0615.CAUD (3 of 3) : Deviations for Annotation 64 of 870, 13.1 mins elapsed.
2020-10-02 21:38:11 : 09_1589.CAUD (1 of 3) : Deviations for Annotation 56 of 870, 13.49 mins elapsed.
2020-10-02 21:38:28 : 14_1018.CAUD (2 of 3) : Deviations for Annotation 72 of 870, 14.199 mins elapsed.
2020-10-02 21:39:15 : 06_0615.CAUD (3 of 3) : Deviations for Annotation 72 of 870, 14.978 mins elapsed.
2020-10-02 21:39:55 : 14_1018.CAUD (2 of 3) : Deviations for Annotation 80 of 870, 15.658 mins elapsed.
2020-10-02 21:40:18 : 09_1589.CAUD (1 of 3) : Deviations for Annotation 64 of 870, 15.608 mins elapsed.
2020-10-02 21:40:49 : 06_0615.CAUD (3 of 3) : Deviations for Annotation 80 of 870, 16.538 mins elapsed.
2020-10-02 21:41:01 : 14_1018.CAUD (2 of 3) : Deviations for Annotation 86 of 870, 16.756 mins elapsed.
2020-10-02 21:41:20 : 14_1018.CAUD (2 of 3) : Deviations for Annotation 88 of 870, 17.072 mins elapsed.
2020-10-02 21:41:54 : 06_0615.CAUD (3 of 3) : Deviations for Annotation 86 of 870, 17.62 mins elapsed.
2020-10-02 21:42:14 : 06_0615.CAUD (3 of 3) : Deviations for Annotation 88 of 870, 17.947 mins elapsed.
2020-10-02 21:42:35 : 09_1589.CAUD (1 of 3) : Deviations for Annotation 72 of 870, 17.893 mins elapsed.
2020-10-02 21:42:58 : 14_1018.CAUD (2 of 3) : Deviations for Annotation 96 of 870, 18.708 mins elapsed.
2020-10-02 21:44:02 : 06_0615.CAUD (3 of 3) : Deviations for Annotation 96 of 870, 19.751 mins elapsed.
2020-10-02 21:44:27 : 09_1589.CAUD (1 of 3) : Deviations for Annotation 80 of 870, 19.757 mins elapsed.
2020-10-02 21:44:29 : 14_1018.CAUD (2 of 3) : Deviations for Annotation 104 of 870, 20.222 mins elapsed.
2020-10-02 21:45:36 : 06_0615.CAUD (3 of 3) : Deviations for Annotation 104 of 870, 21.316 mins elapsed.
2020-10-02 21:45:38 : 14_1018.CAUD (2 of 3) : Deviations for Annotation 112 of 870, 21.365 mins elapsed.
2020-10-02 21:45:50 : 09_1589.CAUD (1 of 3) : Deviations for Annotation 86 of 870, 21.133 mins elapsed.
2020-10-02 21:46:12 : 09_1589.CAUD (1 of 3) : Deviations for Annotation 88 of 870, 21.503 mins elapsed.
2020-10-02 21:46:52 : 06_0615.CAUD (3 of 3) : Deviations for Annotation 112 of 870, 22.596 mins elapsed.
2020-10-02 21:46:56 : 14_1018.CAUD (2 of 3) : Deviations for Annotation 120 of 870, 22.667 mins elapsed.
2020-10-02 21:48:12 : 09_1589.CAUD (1 of 3) : Deviations for Annotation 96 of 870, 23.507 mins elapsed.
2020-10-02 21:48:14 : 06_0615.CAUD (3 of 3) : Deviations for Annotation 120 of 870, 23.955 mins elapsed.
2020-10-02 21:48:15 : 14_1018.CAUD (2 of 3) : Deviations for Annotation 128 of 870, 23.985 mins elapsed.
2020-10-02 21:48:21 : 14_1018.CAUD (2 of 3) : Deviations for Annotation 129 of 870, 24.086 mins elapsed.
2020-10-02 21:49:29 : 14_1018.CAUD (2 of 3) : Deviations for Annotation 136 of 870, 25.228 mins elapsed.
2020-10-02 21:49:37 : 06_0615.CAUD (3 of 3) : Deviations for Annotation 128 of 870, 25.335 mins elapsed.
2020-10-02 21:49:43 : 06_0615.CAUD (3 of 3) : Deviations for Annotation 129 of 870, 25.44 mins elapsed.
2020-10-02 21:50:01 : 09_1589.CAUD (1 of 3) : Deviations for Annotation 104 of 870, 25.322 mins elapsed.
2020-10-02 21:50:57 : 06_0615.CAUD (3 of 3) : Deviations for Annotation 136 of 870, 26.668 mins elapsed.
2020-10-02 21:51:06 : 14_1018.CAUD (2 of 3) : Deviations for Annotation 144 of 870, 26.845 mins elapsed.
2020-10-02 21:51:29 : 09_1589.CAUD (1 of 3) : Deviations for Annotation 112 of 870, 26.796 mins elapsed.
2020-10-02 21:52:37 : 14_1018.CAUD (2 of 3) : Deviations for Annotation 152 of 870, 28.36 mins elapsed.
2020-10-02 21:52:40 : 06_0615.CAUD (3 of 3) : Deviations for Annotation 144 of 870, 28.395 mins elapsed.
2020-10-02 21:53:10 : 09_1589.CAUD (1 of 3) : Deviations for Annotation 120 of 870, 28.469 mins elapsed.
2020-10-02 21:54:19 : 06_0615.CAUD (3 of 3) : Deviations for Annotation 152 of 870, 30.038 mins elapsed.
2020-10-02 21:54:46 : 14_1018.CAUD (2 of 3) : Deviations for Annotation 160 of 870, 30.5 mins elapsed.
2020-10-02 21:54:55 : 09_1589.CAUD (1 of 3) : Deviations for Annotation 128 of 870, 30.222 mins elapsed.
2020-10-02 21:55:02 : 09_1589.CAUD (1 of 3) : Deviations for Annotation 129 of 870, 30.345 mins elapsed.
2020-10-02 21:56:29 : 06_0615.CAUD (3 of 3) : Deviations for Annotation 160 of 870, 32.202 mins elapsed.
2020-10-02 21:56:33 : 09_1589.CAUD (1 of 3) : Deviations for Annotation 136 of 870, 31.86 mins elapsed.
2020-10-02 21:57:04 : 14_1018.CAUD (2 of 3) : Deviations for Annotation 168 of 870, 32.801 mins elapsed.
2020-10-02 21:58:05 : 14_1018.CAUD (2 of 3) : Deviations for Annotation 172 of 870, 33.813 mins elapsed.
2020-10-02 21:58:46 : 09_1589.CAUD (1 of 3) : Deviations for Annotation 144 of 870, 34.071 mins elapsed.
2020-10-02 21:58:57 : 06_0615.CAUD (3 of 3) : Deviations for Annotation 168 of 870, 34.674 mins elapsed.
2020-10-02 21:59:35 : 14_1018.CAUD (2 of 3) : Deviations for Annotation 176 of 870, 35.324 mins elapsed.
2020-10-02 22:00:04 : 06_0615.CAUD (3 of 3) : Deviations for Annotation 172 of 870, 35.781 mins elapsed.
2020-10-02 22:00:47 : 09_1589.CAUD (1 of 3) : Deviations for Annotation 152 of 870, 36.089 mins elapsed.
2020-10-02 22:01:39 : 06_0615.CAUD (3 of 3) : Deviations for Annotation 176 of 870, 37.378 mins elapsed.
2020-10-02 22:02:09 : 14_1018.CAUD (2 of 3) : Deviations for Annotation 184 of 870, 37.882 mins elapsed.
2020-10-02 22:03:30 : 09_1589.CAUD (1 of 3) : Deviations for Annotation 160 of 870, 38.808 mins elapsed.
2020-10-02 22:04:13 : 14_1018.CAUD (2 of 3) : Deviations for Annotation 192 of 870, 39.949 mins elapsed.
2020-10-02 22:04:22 : 06_0615.CAUD (3 of 3) : Deviations for Annotation 184 of 870, 40.082 mins elapsed.
2020-10-02 22:06:22 : 14_1018.CAUD (2 of 3) : Deviations for Annotation 200 of 870, 42.109 mins elapsed.
2020-10-02 22:06:25 : 09_1589.CAUD (1 of 3) : Deviations for Annotation 168 of 870, 41.725 mins elapsed.
2020-10-02 22:06:36 : 06_0615.CAUD (3 of 3) : Deviations for Annotation 192 of 870, 42.325 mins elapsed.
2020-10-02 22:07:41 : 09_1589.CAUD (1 of 3) : Deviations for Annotation 172 of 870, 42.992 mins elapsed.
2020-10-02 22:08:32 : 14_1018.CAUD (2 of 3) : Deviations for Annotation 208 of 870, 44.278 mins elapsed.
2020-10-02 22:08:52 : 06_0615.CAUD (3 of 3) : Deviations for Annotation 200 of 870, 44.594 mins elapsed.
2020-10-02 22:09:37 : 09_1589.CAUD (1 of 3) : Deviations for Annotation 176 of 870, 44.922 mins elapsed.
2020-10-02 22:10:26 : 14_1018.CAUD (2 of 3) : Deviations for Annotation 215 of 870, 46.176 mins elapsed.
2020-10-02 22:10:44 : 14_1018.CAUD (2 of 3) : Deviations for Annotation 216 of 870, 46.466 mins elapsed.
2020-10-02 22:11:15 : 06_0615.CAUD (3 of 3) : Deviations for Annotation 208 of 870, 46.976 mins elapsed.
2020-10-02 22:12:46 : 09_1589.CAUD (1 of 3) : Deviations for Annotation 184 of 870, 48.076 mins elapsed.
2020-10-02 22:13:14 : 14_1018.CAUD (2 of 3) : Deviations for Annotation 224 of 870, 48.97 mins elapsed.
2020-10-02 22:13:16 : 06_0615.CAUD (3 of 3) : Deviations for Annotation 215 of 870, 48.989 mins elapsed.
2020-10-02 22:13:35 : 06_0615.CAUD (3 of 3) : Deviations for Annotation 216 of 870, 49.307 mins elapsed.
2020-10-02 22:15:06 : 14_1018.CAUD (2 of 3) : Deviations for Annotation 232 of 870, 50.835 mins elapsed.
2020-10-02 22:15:13 : 09_1589.CAUD (1 of 3) : Deviations for Annotation 192 of 870, 50.514 mins elapsed.
2020-10-02 22:16:19 : 06_0615.CAUD (3 of 3) : Deviations for Annotation 224 of 870, 52.03 mins elapsed.
2020-10-02 22:17:01 : 14_1018.CAUD (2 of 3) : Deviations for Annotation 240 of 870, 52.753 mins elapsed.
2020-10-02 22:17:43 : 09_1589.CAUD (1 of 3) : Deviations for Annotation 200 of 870, 53.017 mins elapsed.
2020-10-02 22:18:20 : 06_0615.CAUD (3 of 3) : Deviations for Annotation 232 of 870, 54.053 mins elapsed.
2020-10-02 22:18:51 : 14_1018.CAUD (2 of 3) : Deviations for Annotation 248 of 870, 54.593 mins elapsed.
2020-10-02 22:20:16 : 09_1589.CAUD (1 of 3) : Deviations for Annotation 208 of 870, 55.58 mins elapsed.
2020-10-02 22:20:21 : 06_0615.CAUD (3 of 3) : Deviations for Annotation 240 of 870, 56.07 mins elapsed.
2020-10-02 22:20:44 : 14_1018.CAUD (2 of 3) : Deviations for Annotation 256 of 870, 56.476 mins elapsed.
2020-10-02 22:21:24 : 14_1018.CAUD (2 of 3) : Deviations for Annotation 258 of 870, 57.143 mins elapsed.
2020-10-02 22:22:22 : 06_0615.CAUD (3 of 3) : Deviations for Annotation 248 of 870, 58.082 mins elapsed.
2020-10-02 22:22:31 : 09_1589.CAUD (1 of 3) : Deviations for Annotation 215 of 870, 57.826 mins elapsed.
2020-10-02 22:22:50 : 09_1589.CAUD (1 of 3) : Deviations for Annotation 216 of 870, 58.133 mins elapsed.
2020-10-02 22:22:50 : 14_1018.CAUD (2 of 3) : Deviations for Annotation 264 of 870, 58.575 mins elapsed.
2020-10-02 22:24:29 : 06_0615.CAUD (3 of 3) : Deviations for Annotation 256 of 870, 60.196 mins elapsed.
2020-10-02 22:25:32 : 06_0615.CAUD (3 of 3) : Deviations for Annotation 258 of 870, 61.262 mins elapsed.
2020-10-02 22:26:14 : 14_1018.CAUD (2 of 3) : Deviations for Annotation 272 of 870, 61.978 mins elapsed.
2020-10-02 22:27:11 : 09_1589.CAUD (1 of 3) : Deviations for Annotation 224 of 870, 62.482 mins elapsed.
2020-10-02 22:28:14 : 06_0615.CAUD (3 of 3) : Deviations for Annotation 264 of 870, 63.955 mins elapsed.
2020-10-02 22:28:58 : 14_1018.CAUD (2 of 3) : Deviations for Annotation 280 of 870, 64.709 mins elapsed.
2020-10-02 22:30:07 : 09_1589.CAUD (1 of 3) : Deviations for Annotation 232 of 870, 65.424 mins elapsed.
2020-10-02 22:30:29 : 14_1018.CAUD (2 of 3) : Deviations for Annotation 288 of 870, 66.225 mins elapsed.
2020-10-02 22:31:09 : 06_0615.CAUD (3 of 3) : Deviations for Annotation 272 of 870, 66.864 mins elapsed.
2020-10-02 22:31:44 : 14_1018.CAUD (2 of 3) : Deviations for Annotation 296 of 870, 67.477 mins elapsed.
2020-10-02 22:32:19 : 09_1589.CAUD (1 of 3) : Deviations for Annotation 240 of 870, 67.624 mins elapsed.
2020-10-02 22:32:34 : 14_1018.CAUD (2 of 3) : Deviations for Annotation 301 of 870, 68.301 mins elapsed.
2020-10-02 22:33:10 : 06_0615.CAUD (3 of 3) : Deviations for Annotation 280 of 870, 68.893 mins elapsed.
2020-10-02 22:33:13 : 14_1018.CAUD (2 of 3) : Deviations for Annotation 304 of 870, 68.949 mins elapsed.
2020-10-02 22:35:13 : 14_1018.CAUD (2 of 3) : Deviations for Annotation 312 of 870, 70.955 mins elapsed.
2020-10-02 22:35:48 : 06_0615.CAUD (3 of 3) : Deviations for Annotation 288 of 870, 71.529 mins elapsed.
2020-10-02 22:35:51 : 09_1589.CAUD (1 of 3) : Deviations for Annotation 248 of 870, 71.158 mins elapsed.
2020-10-02 22:37:47 : 14_1018.CAUD (2 of 3) : Deviations for Annotation 320 of 870, 73.513 mins elapsed.
2020-10-02 22:38:41 : 06_0615.CAUD (3 of 3) : Deviations for Annotation 296 of 870, 74.409 mins elapsed.
2020-10-02 22:40:15 : 06_0615.CAUD (3 of 3) : Deviations for Annotation 301 of 870, 75.966 mins elapsed.
2020-10-02 22:40:26 : 09_1589.CAUD (1 of 3) : Deviations for Annotation 256 of 870, 75.739 mins elapsed.
2020-10-02 22:40:54 : 06_0615.CAUD (3 of 3) : Deviations for Annotation 304 of 870, 76.622 mins elapsed.
2020-10-02 22:41:10 : 14_1018.CAUD (2 of 3) : Deviations for Annotation 328 of 870, 76.899 mins elapsed.
2020-10-02 22:41:27 : 09_1589.CAUD (1 of 3) : Deviations for Annotation 258 of 870, 76.744 mins elapsed.
2020-10-02 22:42:27 : 06_0615.CAUD (3 of 3) : Deviations for Annotation 312 of 870, 78.172 mins elapsed.
2020-10-02 22:42:41 : 14_1018.CAUD (2 of 3) : Deviations for Annotation 336 of 870, 78.421 mins elapsed.
2020-10-02 22:43:21 : 09_1589.CAUD (1 of 3) : Deviations for Annotation 264 of 870, 78.658 mins elapsed.
2020-10-02 22:43:55 : 06_0615.CAUD (3 of 3) : Deviations for Annotation 320 of 870, 79.642 mins elapsed.
2020-10-02 22:44:11 : 14_1018.CAUD (2 of 3) : Deviations for Annotation 344 of 870, 79.917 mins elapsed.
2020-10-02 22:45:50 : 14_1018.CAUD (2 of 3) : Deviations for Annotation 352 of 870, 81.565 mins elapsed.
2020-10-02 22:45:52 : 06_0615.CAUD (3 of 3) : Deviations for Annotation 328 of 870, 81.586 mins elapsed.
2020-10-02 22:46:22 : 09_1589.CAUD (1 of 3) : Deviations for Annotation 272 of 870, 81.665 mins elapsed.
2020-10-02 22:47:23 : 06_0615.CAUD (3 of 3) : Deviations for Annotation 336 of 870, 83.105 mins elapsed.
2020-10-02 22:47:39 : 14_1018.CAUD (2 of 3) : Deviations for Annotation 360 of 870, 83.393 mins elapsed.
2020-10-02 22:49:18 : 09_1589.CAUD (1 of 3) : Deviations for Annotation 280 of 870, 84.604 mins elapsed.
2020-10-02 22:50:23 : 06_0615.CAUD (3 of 3) : Deviations for Annotation 344 of 870, 86.097 mins elapsed.
2020-10-02 22:50:39 : 14_1018.CAUD (2 of 3) : Deviations for Annotation 368 of 870, 86.382 mins elapsed.
2020-10-02 22:51:54 : 09_1589.CAUD (1 of 3) : Deviations for Annotation 288 of 870, 87.206 mins elapsed.
2020-10-02 22:52:23 : 06_0615.CAUD (3 of 3) : Deviations for Annotation 352 of 870, 88.099 mins elapsed.
2020-10-02 22:52:31 : 14_1018.CAUD (2 of 3) : Deviations for Annotation 376 of 870, 88.252 mins elapsed.
2020-10-02 22:53:24 : 09_1589.CAUD (1 of 3) : Deviations for Annotation 296 of 870, 88.702 mins elapsed.
2020-10-02 22:53:55 : 14_1018.CAUD (2 of 3) : Deviations for Annotation 384 of 870, 89.65 mins elapsed.
2020-10-02 22:54:07 : 06_0615.CAUD (3 of 3) : Deviations for Annotation 360 of 870, 89.833 mins elapsed.
2020-10-02 22:54:13 : 09_1589.CAUD (1 of 3) : Deviations for Annotation 301 of 870, 89.524 mins elapsed.
2020-10-02 22:54:22 : 14_1018.CAUD (2 of 3) : Deviations for Annotation 387 of 870, 90.105 mins elapsed.
2020-10-02 22:54:45 : 09_1589.CAUD (1 of 3) : Deviations for Annotation 304 of 870, 90.063 mins elapsed.
2020-10-02 22:55:08 : 14_1018.CAUD (2 of 3) : Deviations for Annotation 392 of 870, 90.863 mins elapsed.
2020-10-02 22:55:48 : 06_0615.CAUD (3 of 3) : Deviations for Annotation 368 of 870, 91.521 mins elapsed.
2020-10-02 22:56:10 : 09_1589.CAUD (1 of 3) : Deviations for Annotation 312 of 870, 91.468 mins elapsed.
2020-10-02 22:56:37 : 14_1018.CAUD (2 of 3) : Deviations for Annotation 400 of 870, 92.356 mins elapsed.
2020-10-02 22:57:32 : 06_0615.CAUD (3 of 3) : Deviations for Annotation 376 of 870, 93.26 mins elapsed.
2020-10-02 22:57:46 : 14_1018.CAUD (2 of 3) : Deviations for Annotation 408 of 870, 93.501 mins elapsed.
2020-10-02 22:57:47 : 09_1589.CAUD (1 of 3) : Deviations for Annotation 320 of 870, 93.088 mins elapsed.
2020-10-02 22:58:52 : 14_1018.CAUD (2 of 3) : Deviations for Annotation 416 of 870, 94.606 mins elapsed.
2020-10-02 22:58:58 : 06_0615.CAUD (3 of 3) : Deviations for Annotation 384 of 870, 94.688 mins elapsed.
2020-10-02 22:59:26 : 06_0615.CAUD (3 of 3) : Deviations for Annotation 387 of 870, 95.158 mins elapsed.
2020-10-02 22:59:54 : 09_1589.CAUD (1 of 3) : Deviations for Annotation 328 of 870, 95.208 mins elapsed.
2020-10-02 23:00:03 : 14_1018.CAUD (2 of 3) : Deviations for Annotation 424 of 870, 95.783 mins elapsed.
2020-10-02 23:00:15 : 06_0615.CAUD (3 of 3) : Deviations for Annotation 392 of 870, 95.963 mins elapsed.
2020-10-02 23:01:15 : 14_1018.CAUD (2 of 3) : Deviations for Annotation 430 of 870, 96.987 mins elapsed.
2020-10-02 23:01:44 : 14_1018.CAUD (2 of 3) : Deviations for Annotation 432 of 870, 97.464 mins elapsed.
2020-10-02 23:01:58 : 09_1589.CAUD (1 of 3) : Deviations for Annotation 336 of 870, 97.28 mins elapsed.
2020-10-02 23:02:19 : 06_0615.CAUD (3 of 3) : Deviations for Annotation 400 of 870, 98.03 mins elapsed.
2020-10-02 23:03:20 : 14_1018.CAUD (2 of 3) : Deviations for Annotation 440 of 870, 99.068 mins elapsed.
2020-10-02 23:03:57 : 06_0615.CAUD (3 of 3) : Deviations for Annotation 408 of 870, 99.666 mins elapsed.
2020-10-02 23:04:28 : 09_1589.CAUD (1 of 3) : Deviations for Annotation 344 of 870, 99.774 mins elapsed.
2020-10-02 23:04:57 : 14_1018.CAUD (2 of 3) : Deviations for Annotation 448 of 870, 100.693 mins elapsed.
2020-10-02 23:05:33 : 06_0615.CAUD (3 of 3) : Deviations for Annotation 416 of 870, 101.268 mins elapsed.
2020-10-02 23:06:33 : 14_1018.CAUD (2 of 3) : Deviations for Annotation 456 of 870, 102.296 mins elapsed.
2020-10-02 23:06:59 : 09_1589.CAUD (1 of 3) : Deviations for Annotation 352 of 870, 102.281 mins elapsed.
2020-10-02 23:07:14 : 06_0615.CAUD (3 of 3) : Deviations for Annotation 424 of 870, 102.958 mins elapsed.
2020-10-02 23:08:14 : 14_1018.CAUD (2 of 3) : Deviations for Annotation 464 of 870, 103.972 mins elapsed.
2020-10-02 23:08:33 : 06_0615.CAUD (3 of 3) : Deviations for Annotation 430 of 870, 104.276 mins elapsed.
2020-10-02 23:09:03 : 06_0615.CAUD (3 of 3) : Deviations for Annotation 432 of 870, 104.767 mins elapsed.
2020-10-02 23:09:32 : 09_1589.CAUD (1 of 3) : Deviations for Annotation 360 of 870, 104.846 mins elapsed.
2020-10-02 23:09:57 : 14_1018.CAUD (2 of 3) : Deviations for Annotation 472 of 870, 105.686 mins elapsed.
2020-10-02 23:10:07 : 14_1018.CAUD (2 of 3) : Deviations for Annotation 473 of 870, 105.862 mins elapsed.
2020-10-02 23:10:41 : 06_0615.CAUD (3 of 3) : Deviations for Annotation 440 of 870, 106.408 mins elapsed.
2020-10-02 23:11:41 : 14_1018.CAUD (2 of 3) : Deviations for Annotation 480 of 870, 107.42 mins elapsed.
2020-10-02 23:12:08 : 09_1589.CAUD (1 of 3) : Deviations for Annotation 368 of 870, 107.431 mins elapsed.
2020-10-02 23:12:27 : 06_0615.CAUD (3 of 3) : Deviations for Annotation 448 of 870, 108.166 mins elapsed.
2020-10-02 23:13:12 : 14_1018.CAUD (2 of 3) : Deviations for Annotation 488 of 870, 108.935 mins elapsed.
2020-10-02 23:14:17 : 06_0615.CAUD (3 of 3) : Deviations for Annotation 456 of 870, 110.011 mins elapsed.
2020-10-02 23:14:48 : 14_1018.CAUD (2 of 3) : Deviations for Annotation 496 of 870, 110.537 mins elapsed.
2020-10-02 23:14:55 : 09_1589.CAUD (1 of 3) : Deviations for Annotation 376 of 870, 110.214 mins elapsed.
2020-10-02 23:16:10 : 06_0615.CAUD (3 of 3) : Deviations for Annotation 464 of 870, 111.882 mins elapsed.
2020-10-02 23:16:25 : 14_1018.CAUD (2 of 3) : Deviations for Annotation 504 of 870, 112.16 mins elapsed.
2020-10-02 23:17:05 : 09_1589.CAUD (1 of 3) : Deviations for Annotation 384 of 870, 112.391 mins elapsed.
2020-10-02 23:17:38 : 09_1589.CAUD (1 of 3) : Deviations for Annotation 387 of 870, 112.941 mins elapsed.
2020-10-02 23:17:40 : 06_0615.CAUD (3 of 3) : Deviations for Annotation 472 of 870, 113.385 mins elapsed.
2020-10-02 23:17:46 : 14_1018.CAUD (2 of 3) : Deviations for Annotation 512 of 870, 113.499 mins elapsed.
2020-10-02 23:17:48 : 06_0615.CAUD (3 of 3) : Deviations for Annotation 473 of 870, 113.523 mins elapsed.
2020-10-02 23:18:26 : 14_1018.CAUD (2 of 3) : Deviations for Annotation 516 of 870, 114.14 mins elapsed.
2020-10-02 23:18:30 : 09_1589.CAUD (1 of 3) : Deviations for Annotation 392 of 870, 113.808 mins elapsed.
2020-10-02 23:19:07 : 06_0615.CAUD (3 of 3) : Deviations for Annotation 480 of 870, 114.837 mins elapsed.
2020-10-02 23:19:11 : 14_1018.CAUD (2 of 3) : Deviations for Annotation 520 of 870, 114.921 mins elapsed.
2020-10-02 23:20:59 : 06_0615.CAUD (3 of 3) : Deviations for Annotation 488 of 870, 116.699 mins elapsed.
2020-10-02 23:20:59 : 09_1589.CAUD (1 of 3) : Deviations for Annotation 400 of 870, 116.296 mins elapsed.
2020-10-02 23:21:05 : 14_1018.CAUD (2 of 3) : Deviations for Annotation 528 of 870, 116.817 mins elapsed.
2020-10-02 23:23:05 : 14_1018.CAUD (2 of 3) : Deviations for Annotation 536 of 870, 118.823 mins elapsed.
2020-10-02 23:23:06 : 06_0615.CAUD (3 of 3) : Deviations for Annotation 496 of 870, 118.813 mins elapsed.
2020-10-02 23:23:13 : 09_1589.CAUD (1 of 3) : Deviations for Annotation 408 of 870, 118.515 mins elapsed.
2020-10-02 23:25:34 : 14_1018.CAUD (2 of 3) : Deviations for Annotation 544 of 870, 121.307 mins elapsed.
2020-10-02 23:25:34 : 06_0615.CAUD (3 of 3) : Deviations for Annotation 504 of 870, 121.29 mins elapsed.
2020-10-02 23:25:42 : 09_1589.CAUD (1 of 3) : Deviations for Annotation 416 of 870, 121.004 mins elapsed.
2020-10-02 23:27:06 : 14_1018.CAUD (2 of 3) : Deviations for Annotation 552 of 870, 122.845 mins elapsed.
2020-10-02 23:27:06 : 06_0615.CAUD (3 of 3) : Deviations for Annotation 512 of 870, 122.828 mins elapsed.
2020-10-02 23:27:15 : 09_1589.CAUD (1 of 3) : Deviations for Annotation 424 of 870, 122.554 mins elapsed.
2020-10-02 23:27:49 : 06_0615.CAUD (3 of 3) : Deviations for Annotation 516 of 870, 123.535 mins elapsed.
2020-10-02 23:28:09 : 14_1018.CAUD (2 of 3) : Deviations for Annotation 559 of 870, 123.884 mins elapsed.
2020-10-02 23:28:19 : 14_1018.CAUD (2 of 3) : Deviations for Annotation 560 of 870, 124.05 mins elapsed.
2020-10-02 23:28:20 : 09_1589.CAUD (1 of 3) : Deviations for Annotation 430 of 870, 123.645 mins elapsed.
2020-10-02 23:28:29 : 06_0615.CAUD (3 of 3) : Deviations for Annotation 520 of 870, 124.209 mins elapsed.
2020-10-02 23:28:46 : 09_1589.CAUD (1 of 3) : Deviations for Annotation 432 of 870, 124.064 mins elapsed.
2020-10-02 23:29:33 : 14_1018.CAUD (2 of 3) : Deviations for Annotation 568 of 870, 125.284 mins elapsed.
2020-10-02 23:29:49 : 06_0615.CAUD (3 of 3) : Deviations for Annotation 528 of 870, 125.532 mins elapsed.
2020-10-02 23:30:08 : 09_1589.CAUD (1 of 3) : Deviations for Annotation 440 of 870, 125.445 mins elapsed.
2020-10-02 23:30:48 : 14_1018.CAUD (2 of 3) : Deviations for Annotation 576 of 870, 126.539 mins elapsed.
2020-10-02 23:31:07 : 06_0615.CAUD (3 of 3) : Deviations for Annotation 536 of 870, 126.829 mins elapsed.
2020-10-02 23:31:36 : 09_1589.CAUD (1 of 3) : Deviations for Annotation 448 of 870, 126.912 mins elapsed.
2020-10-02 23:32:04 : 14_1018.CAUD (2 of 3) : Deviations for Annotation 584 of 870, 127.801 mins elapsed.
2020-10-02 23:32:30 : 06_0615.CAUD (3 of 3) : Deviations for Annotation 544 of 870, 128.226 mins elapsed.
2020-10-02 23:33:04 : 09_1589.CAUD (1 of 3) : Deviations for Annotation 456 of 870, 128.38 mins elapsed.
2020-10-02 23:33:21 : 14_1018.CAUD (2 of 3) : Deviations for Annotation 592 of 870, 129.082 mins elapsed.
2020-10-02 23:33:58 : 06_0615.CAUD (3 of 3) : Deviations for Annotation 552 of 870, 129.68 mins elapsed.
2020-10-02 23:34:35 : 09_1589.CAUD (1 of 3) : Deviations for Annotation 464 of 870, 129.897 mins elapsed.
2020-10-02 23:34:38 : 14_1018.CAUD (2 of 3) : Deviations for Annotation 600 of 870, 130.363 mins elapsed.
2020-10-02 23:34:57 : 14_1018.CAUD (2 of 3) : Deviations for Annotation 602 of 870, 130.694 mins elapsed.
2020-10-02 23:35:02 : 06_0615.CAUD (3 of 3) : Deviations for Annotation 559 of 870, 130.761 mins elapsed.
2020-10-02 23:35:13 : 06_0615.CAUD (3 of 3) : Deviations for Annotation 560 of 870, 130.935 mins elapsed.
2020-10-02 23:35:47 : 14_1018.CAUD (2 of 3) : Deviations for Annotation 608 of 870, 131.528 mins elapsed.
2020-10-02 23:36:10 : 09_1589.CAUD (1 of 3) : Deviations for Annotation 472 of 870, 131.465 mins elapsed.
2020-10-02 23:36:20 : 09_1589.CAUD (1 of 3) : Deviations for Annotation 473 of 870, 131.63 mins elapsed.
2020-10-02 23:36:35 : 06_0615.CAUD (3 of 3) : Deviations for Annotation 568 of 870, 132.311 mins elapsed.
2020-10-02 23:37:13 : 14_1018.CAUD (2 of 3) : Deviations for Annotation 616 of 870, 132.946 mins elapsed.
2020-10-02 23:37:45 : 09_1589.CAUD (1 of 3) : Deviations for Annotation 480 of 870, 133.056 mins elapsed.
2020-10-02 23:37:57 : 06_0615.CAUD (3 of 3) : Deviations for Annotation 576 of 870, 133.677 mins elapsed.
2020-10-02 23:38:42 : 14_1018.CAUD (2 of 3) : Deviations for Annotation 624 of 870, 134.437 mins elapsed.
2020-10-02 23:39:05 : 09_1589.CAUD (1 of 3) : Deviations for Annotation 488 of 870, 134.396 mins elapsed.
2020-10-02 23:39:20 : 06_0615.CAUD (3 of 3) : Deviations for Annotation 584 of 870, 135.053 mins elapsed.
2020-10-02 23:40:10 : 14_1018.CAUD (2 of 3) : Deviations for Annotation 632 of 870, 135.906 mins elapsed.
2020-10-02 23:40:31 : 09_1589.CAUD (1 of 3) : Deviations for Annotation 496 of 870, 135.824 mins elapsed.
2020-10-02 23:40:43 : 06_0615.CAUD (3 of 3) : Deviations for Annotation 592 of 870, 136.444 mins elapsed.
2020-10-02 23:41:42 : 14_1018.CAUD (2 of 3) : Deviations for Annotation 640 of 870, 137.44 mins elapsed.
2020-10-02 23:41:58 : 09_1589.CAUD (1 of 3) : Deviations for Annotation 504 of 870, 137.274 mins elapsed.
2020-10-02 23:42:11 : 06_0615.CAUD (3 of 3) : Deviations for Annotation 600 of 870, 137.904 mins elapsed.
2020-10-02 23:42:32 : 06_0615.CAUD (3 of 3) : Deviations for Annotation 602 of 870, 138.254 mins elapsed.
2020-10-02 23:42:52 : 14_1018.CAUD (2 of 3) : Deviations for Annotation 645 of 870, 138.601 mins elapsed.
2020-10-02 23:43:19 : 14_1018.CAUD (2 of 3) : Deviations for Annotation 648 of 870, 139.059 mins elapsed.
2020-10-02 23:43:24 : 06_0615.CAUD (3 of 3) : Deviations for Annotation 608 of 870, 139.122 mins elapsed.
2020-10-02 23:43:32 : 09_1589.CAUD (1 of 3) : Deviations for Annotation 512 of 870, 138.84 mins elapsed.
2020-10-02 23:44:21 : 09_1589.CAUD (1 of 3) : Deviations for Annotation 516 of 870, 139.655 mins elapsed.
2020-10-02 23:44:31 : 14_1018.CAUD (2 of 3) : Deviations for Annotation 656 of 870, 140.252 mins elapsed.
2020-10-02 23:44:59 : 06_0615.CAUD (3 of 3) : Deviations for Annotation 616 of 870, 140.706 mins elapsed.
2020-10-02 23:45:10 : 09_1589.CAUD (1 of 3) : Deviations for Annotation 520 of 870, 140.466 mins elapsed.
2020-10-02 23:46:08 : 14_1018.CAUD (2 of 3) : Deviations for Annotation 664 of 870, 141.868 mins elapsed.
2020-10-02 23:46:38 : 06_0615.CAUD (3 of 3) : Deviations for Annotation 624 of 870, 142.355 mins elapsed.
2020-10-02 23:46:40 : 09_1589.CAUD (1 of 3) : Deviations for Annotation 528 of 870, 141.98 mins elapsed.
2020-10-02 23:47:48 : 14_1018.CAUD (2 of 3) : Deviations for Annotation 672 of 870, 143.542 mins elapsed.
2020-10-02 23:48:09 : 09_1589.CAUD (1 of 3) : Deviations for Annotation 536 of 870, 143.453 mins elapsed.
2020-10-02 23:48:16 : 06_0615.CAUD (3 of 3) : Deviations for Annotation 632 of 870, 143.981 mins elapsed.
2020-10-02 23:49:13 : 14_1018.CAUD (2 of 3) : Deviations for Annotation 680 of 870, 144.948 mins elapsed.
2020-10-02 23:49:48 : 09_1589.CAUD (1 of 3) : Deviations for Annotation 544 of 870, 145.108 mins elapsed.
2020-10-02 23:50:01 : 06_0615.CAUD (3 of 3) : Deviations for Annotation 640 of 870, 145.742 mins elapsed.
2020-10-02 23:50:37 : 14_1018.CAUD (2 of 3) : Deviations for Annotation 688 of 870, 146.356 mins elapsed.
2020-10-02 23:51:18 : 06_0615.CAUD (3 of 3) : Deviations for Annotation 645 of 870, 147.022 mins elapsed.
2020-10-02 23:51:32 : 09_1589.CAUD (1 of 3) : Deviations for Annotation 552 of 870, 146.844 mins elapsed.
2020-10-02 23:51:49 : 06_0615.CAUD (3 of 3) : Deviations for Annotation 648 of 870, 147.531 mins elapsed.
2020-10-02 23:52:06 : 14_1018.CAUD (2 of 3) : Deviations for Annotation 696 of 870, 147.84 mins elapsed.
2020-10-02 23:52:50 : 09_1589.CAUD (1 of 3) : Deviations for Annotation 559 of 870, 148.14 mins elapsed.
2020-10-02 23:53:02 : 09_1589.CAUD (1 of 3) : Deviations for Annotation 560 of 870, 148.334 mins elapsed.
2020-10-02 23:53:09 : 06_0615.CAUD (3 of 3) : Deviations for Annotation 656 of 870, 148.872 mins elapsed.
2020-10-02 23:53:32 : 14_1018.CAUD (2 of 3) : Deviations for Annotation 704 of 870, 149.268 mins elapsed.
2020-10-02 23:54:35 : 09_1589.CAUD (1 of 3) : Deviations for Annotation 568 of 870, 149.881 mins elapsed.
2020-10-02 23:54:50 : 06_0615.CAUD (3 of 3) : Deviations for Annotation 664 of 870, 150.558 mins elapsed.
2020-10-02 23:54:51 : 14_1018.CAUD (2 of 3) : Deviations for Annotation 712 of 870, 150.593 mins elapsed.
2020-10-02 23:56:09 : 09_1589.CAUD (1 of 3) : Deviations for Annotation 576 of 870, 151.448 mins elapsed.
2020-10-02 23:56:29 : 14_1018.CAUD (2 of 3) : Deviations for Annotation 720 of 870, 152.214 mins elapsed.
2020-10-02 23:56:39 : 06_0615.CAUD (3 of 3) : Deviations for Annotation 672 of 870, 152.369 mins elapsed.
2020-10-02 23:57:43 : 09_1589.CAUD (1 of 3) : Deviations for Annotation 584 of 870, 153.016 mins elapsed.
2020-10-02 23:57:55 : 14_1018.CAUD (2 of 3) : Deviations for Annotation 728 of 870, 153.657 mins elapsed.
2020-10-02 23:58:08 : 06_0615.CAUD (3 of 3) : Deviations for Annotation 680 of 870, 153.854 mins elapsed.
2020-10-02 23:58:31 : 14_1018.CAUD (2 of 3) : Deviations for Annotation 731 of 870, 154.25 mins elapsed.
2020-10-02 23:59:18 : 09_1589.CAUD (1 of 3) : Deviations for Annotation 592 of 870, 154.606 mins elapsed.
2020-10-02 23:59:35 : 06_0615.CAUD (3 of 3) : Deviations for Annotation 688 of 870, 155.312 mins elapsed.
2020-10-02 23:59:48 : 14_1018.CAUD (2 of 3) : Deviations for Annotation 736 of 870, 155.541 mins elapsed.
2020-10-03 00:00:55 : 09_1589.CAUD (1 of 3) : Deviations for Annotation 600 of 870, 156.223 mins elapsed.
2020-10-03 00:01:09 : 06_0615.CAUD (3 of 3) : Deviations for Annotation 696 of 870, 156.873 mins elapsed.
2020-10-03 00:01:20 : 09_1589.CAUD (1 of 3) : Deviations for Annotation 602 of 870, 156.634 mins elapsed.
2020-10-03 00:01:29 : 14_1018.CAUD (2 of 3) : Deviations for Annotation 744 of 870, 157.216 mins elapsed.
2020-10-03 00:02:21 : 09_1589.CAUD (1 of 3) : Deviations for Annotation 608 of 870, 157.657 mins elapsed.
2020-10-03 00:02:39 : 06_0615.CAUD (3 of 3) : Deviations for Annotation 704 of 870, 158.371 mins elapsed.
2020-10-03 00:03:08 : 14_1018.CAUD (2 of 3) : Deviations for Annotation 752 of 870, 158.867 mins elapsed.
2020-10-03 00:04:02 : 06_0615.CAUD (3 of 3) : Deviations for Annotation 712 of 870, 159.753 mins elapsed.
2020-10-03 00:04:08 : 09_1589.CAUD (1 of 3) : Deviations for Annotation 616 of 870, 159.431 mins elapsed.
2020-10-03 00:04:27 : 14_1018.CAUD (2 of 3) : Deviations for Annotation 760 of 870, 160.191 mins elapsed.
2020-10-03 00:05:46 : 06_0615.CAUD (3 of 3) : Deviations for Annotation 720 of 870, 161.484 mins elapsed.
2020-10-03 00:05:57 : 14_1018.CAUD (2 of 3) : Deviations for Annotation 768 of 870, 161.694 mins elapsed.
2020-10-03 00:06:00 : 09_1589.CAUD (1 of 3) : Deviations for Annotation 624 of 870, 161.313 mins elapsed.
2020-10-03 00:07:11 : 14_1018.CAUD (2 of 3) : Deviations for Annotation 774 of 870, 162.916 mins elapsed.
2020-10-03 00:07:18 : 06_0615.CAUD (3 of 3) : Deviations for Annotation 728 of 870, 163.019 mins elapsed.
2020-10-03 00:07:33 : 14_1018.CAUD (2 of 3) : Deviations for Annotation 776 of 870, 163.285 mins elapsed.
2020-10-03 00:07:51 : 09_1589.CAUD (1 of 3) : Deviations for Annotation 632 of 870, 163.158 mins elapsed.
2020-10-03 00:07:56 : 06_0615.CAUD (3 of 3) : Deviations for Annotation 731 of 870, 163.647 mins elapsed.
2020-10-03 00:09:12 : 14_1018.CAUD (2 of 3) : Deviations for Annotation 784 of 870, 164.932 mins elapsed.
2020-10-03 00:09:17 : 06_0615.CAUD (3 of 3) : Deviations for Annotation 736 of 870, 165.006 mins elapsed.
2020-10-03 00:09:48 : 09_1589.CAUD (1 of 3) : Deviations for Annotation 640 of 870, 165.098 mins elapsed.
2020-10-03 00:10:39 : 14_1018.CAUD (2 of 3) : Deviations for Annotation 792 of 870, 166.388 mins elapsed.
2020-10-03 00:11:24 : 06_0615.CAUD (3 of 3) : Deviations for Annotation 744 of 870, 167.124 mins elapsed.
2020-10-03 00:11:46 : 09_1589.CAUD (1 of 3) : Deviations for Annotation 645 of 870, 167.076 mins elapsed.
2020-10-03 00:12:44 : 09_1589.CAUD (1 of 3) : Deviations for Annotation 648 of 870, 168.046 mins elapsed.
2020-10-03 00:13:00 : 14_1018.CAUD (2 of 3) : Deviations for Annotation 800 of 870, 168.74 mins elapsed.
2020-10-03 00:14:16 : 06_0615.CAUD (3 of 3) : Deviations for Annotation 752 of 870, 169.982 mins elapsed.
2020-10-03 00:14:48 : 09_1589.CAUD (1 of 3) : Deviations for Annotation 656 of 870, 170.112 mins elapsed.
2020-10-03 00:15:02 : 14_1018.CAUD (2 of 3) : Deviations for Annotation 808 of 870, 170.774 mins elapsed.
2020-10-03 00:15:38 : 06_0615.CAUD (3 of 3) : Deviations for Annotation 760 of 870, 171.35 mins elapsed.
2020-10-03 00:16:51 : 09_1589.CAUD (1 of 3) : Deviations for Annotation 664 of 870, 172.162 mins elapsed.
2020-10-03 00:17:12 : 06_0615.CAUD (3 of 3) : Deviations for Annotation 768 of 870, 172.916 mins elapsed.
2020-10-03 00:17:37 : 14_1018.CAUD (2 of 3) : Deviations for Annotation 816 of 870, 173.351 mins elapsed.
2020-10-03 00:17:41 : 14_1018.CAUD (2 of 3) : Deviations for Annotation 817 of 870, 173.427 mins elapsed.
2020-10-03 00:18:40 : 06_0615.CAUD (3 of 3) : Deviations for Annotation 774 of 870, 174.383 mins elapsed.
2020-10-03 00:19:18 : 06_0615.CAUD (3 of 3) : Deviations for Annotation 776 of 870, 175.017 mins elapsed.
2020-10-03 00:19:28 : 14_1018.CAUD (2 of 3) : Deviations for Annotation 824 of 870, 175.202 mins elapsed.
2020-10-03 00:19:34 : 09_1589.CAUD (1 of 3) : Deviations for Annotation 672 of 870, 174.87 mins elapsed.
2020-10-03 00:21:39 : 06_0615.CAUD (3 of 3) : Deviations for Annotation 784 of 870, 177.37 mins elapsed.
2020-10-03 00:21:42 : 14_1018.CAUD (2 of 3) : Deviations for Annotation 832 of 870, 177.437 mins elapsed.
2020-10-03 00:21:52 : 09_1589.CAUD (1 of 3) : Deviations for Annotation 680 of 870, 177.175 mins elapsed.
2020-10-03 00:23:21 : 06_0615.CAUD (3 of 3) : Deviations for Annotation 792 of 870, 179.074 mins elapsed.
2020-10-03 00:23:47 : 14_1018.CAUD (2 of 3) : Deviations for Annotation 840 of 870, 179.523 mins elapsed.
2020-10-03 00:24:16 : 09_1589.CAUD (1 of 3) : Deviations for Annotation 688 of 870, 179.578 mins elapsed.
2020-10-03 00:26:02 : 06_0615.CAUD (3 of 3) : Deviations for Annotation 800 of 870, 181.751 mins elapsed.
2020-10-03 00:26:46 : 14_1018.CAUD (2 of 3) : Deviations for Annotation 848 of 870, 182.5 mins elapsed.
2020-10-03 00:26:58 : 09_1589.CAUD (1 of 3) : Deviations for Annotation 696 of 870, 182.265 mins elapsed.
2020-10-03 00:27:46 : 06_0615.CAUD (3 of 3) : Deviations for Annotation 808 of 870, 183.489 mins elapsed.
2020-10-03 00:28:06 : 14_1018.CAUD (2 of 3) : Deviations for Annotation 856 of 870, 183.838 mins elapsed.
2020-10-03 00:28:46 : 09_1589.CAUD (1 of 3) : Deviations for Annotation 704 of 870, 184.066 mins elapsed.
2020-10-03 00:28:51 : 14_1018.CAUD (2 of 3) : Deviations for Annotation 860 of 870, 184.585 mins elapsed.
2020-10-03 00:29:35 : 14_1018.CAUD (2 of 3) : Deviations for Annotation 864 of 870, 185.314 mins elapsed.
2020-10-03 00:30:26 : 09_1589.CAUD (1 of 3) : Deviations for Annotation 712 of 870, 185.744 mins elapsed.
2020-10-03 00:30:28 : 06_0615.CAUD (3 of 3) : Deviations for Annotation 816 of 870, 186.191 mins elapsed.
2020-10-03 00:30:32 : 06_0615.CAUD (3 of 3) : Deviations for Annotation 817 of 870, 186.261 mins elapsed.

2020-10-03 00:30:54 : dev, Class = SummarizedExperiment
class: SummarizedExperiment 
dim: 870 7443 
metadata(0):
assays(2): z deviations
rownames(870): TFAP2B_1 TFAP2D_2 ... TBX18_869 TBX22_870
rowData names(2): fractionMatches fractionBackgroundOverlap
colnames(7443): 14_1018.CAUD#GCTCAGGAGATCTCAC-1
  14_1018.CAUD#TCGCCTATCGCTGATA-1 ... 14_1018.CAUD#AGACAAAGTACGCCCA-1
  14_1018.CAUD#ATGTCGAAGCATTCCA-1
colData names(0):


2020-10-03 00:30:54 : featureDF, Class = data.frame
featureDF: nRows = 1740, nCols = 3
      seqnames idx     name
871 deviations   1 TFAP2B_1
872 deviations   2 TFAP2D_2
873 deviations   3 TFAP2C_3
874 deviations   4 TFAP2E_4
875 deviations   5 TFAP2A_5
876 deviations   6 ARID3A_6


2020-10-03 00:31:33 : 06_0615.CAUD (3 of 3) : Deviations for Annotation 824 of 870, 187.277 mins elapsed.
2020-10-03 00:31:54 : 09_1589.CAUD (1 of 3) : Deviations for Annotation 720 of 870, 187.204 mins elapsed.
2020-10-03 00:32:37 : 06_0615.CAUD (3 of 3) : Deviations for Annotation 832 of 870, 188.335 mins elapsed.
2020-10-03 00:33:02 : 09_1589.CAUD (1 of 3) : Deviations for Annotation 728 of 870, 188.336 mins elapsed.
2020-10-03 00:33:29 : 09_1589.CAUD (1 of 3) : Deviations for Annotation 731 of 870, 188.79 mins elapsed.
2020-10-03 00:33:36 : 06_0615.CAUD (3 of 3) : Deviations for Annotation 840 of 870, 189.328 mins elapsed.
2020-10-03 00:34:29 : 09_1589.CAUD (1 of 3) : Deviations for Annotation 736 of 870, 189.791 mins elapsed.
2020-10-03 00:34:52 : 06_0615.CAUD (3 of 3) : Deviations for Annotation 848 of 870, 190.586 mins elapsed.
2020-10-03 00:35:46 : 06_0615.CAUD (3 of 3) : Deviations for Annotation 856 of 870, 191.484 mins elapsed.
2020-10-03 00:35:46 : 09_1589.CAUD (1 of 3) : Deviations for Annotation 744 of 870, 191.068 mins elapsed.
2020-10-03 00:36:15 : 06_0615.CAUD (3 of 3) : Deviations for Annotation 860 of 870, 191.975 mins elapsed.
2020-10-03 00:36:43 : 06_0615.CAUD (3 of 3) : Deviations for Annotation 864 of 870, 192.435 mins elapsed.
2020-10-03 00:37:03 : 09_1589.CAUD (1 of 3) : Deviations for Annotation 752 of 870, 192.353 mins elapsed.

2020-10-03 00:37:35 : dev, Class = SummarizedExperiment
class: SummarizedExperiment 
dim: 870 10199 
metadata(0):
assays(2): z deviations
rownames(870): TFAP2B_1 TFAP2D_2 ... TBX18_869 TBX22_870
rowData names(2): fractionMatches fractionBackgroundOverlap
colnames(10199): 06_0615.CAUD#ATTACTCGTGCGTAGA-1
  06_0615.CAUD#CTTGCCATCAGGAATA-1 ... 06_0615.CAUD#GGAATCTTCATAGGTC-1
  06_0615.CAUD#GCTGCGACAAGTGGCA-1
colData names(0):


2020-10-03 00:37:35 : featureDF, Class = data.frame
featureDF: nRows = 1740, nCols = 3
      seqnames idx     name
871 deviations   1 TFAP2B_1
872 deviations   2 TFAP2D_2
873 deviations   3 TFAP2C_3
874 deviations   4 TFAP2E_4
875 deviations   5 TFAP2A_5
876 deviations   6 ARID3A_6


2020-10-03 00:37:52 : 09_1589.CAUD (1 of 3) : Deviations for Annotation 760 of 870, 193.176 mins elapsed.
2020-10-03 00:38:24 : 09_1589.CAUD (1 of 3) : Deviations for Annotation 768 of 870, 193.713 mins elapsed.
2020-10-03 00:38:50 : 09_1589.CAUD (1 of 3) : Deviations for Annotation 774 of 870, 194.14 mins elapsed.
2020-10-03 00:38:58 : 09_1589.CAUD (1 of 3) : Deviations for Annotation 776 of 870, 194.276 mins elapsed.
2020-10-03 00:39:33 : 09_1589.CAUD (1 of 3) : Deviations for Annotation 784 of 870, 194.856 mins elapsed.
2020-10-03 00:40:03 : 09_1589.CAUD (1 of 3) : Deviations for Annotation 792 of 870, 195.361 mins elapsed.
2020-10-03 00:40:36 : 09_1589.CAUD (1 of 3) : Deviations for Annotation 800 of 870, 195.911 mins elapsed.
2020-10-03 00:41:10 : 09_1589.CAUD (1 of 3) : Deviations for Annotation 808 of 870, 196.474 mins elapsed.
2020-10-03 00:42:01 : 09_1589.CAUD (1 of 3) : Deviations for Annotation 816 of 870, 197.322 mins elapsed.
2020-10-03 00:42:03 : 09_1589.CAUD (1 of 3) : Deviations for Annotation 817 of 870, 197.349 mins elapsed.
2020-10-03 00:42:31 : 09_1589.CAUD (1 of 3) : Deviations for Annotation 824 of 870, 197.817 mins elapsed.
2020-10-03 00:43:05 : 09_1589.CAUD (1 of 3) : Deviations for Annotation 832 of 870, 198.394 mins elapsed.
2020-10-03 00:43:39 : 09_1589.CAUD (1 of 3) : Deviations for Annotation 840 of 870, 198.958 mins elapsed.
2020-10-03 00:44:19 : 09_1589.CAUD (1 of 3) : Deviations for Annotation 848 of 870, 199.626 mins elapsed.
2020-10-03 00:44:49 : 09_1589.CAUD (1 of 3) : Deviations for Annotation 856 of 870, 200.126 mins elapsed.
2020-10-03 00:45:06 : 09_1589.CAUD (1 of 3) : Deviations for Annotation 860 of 870, 200.394 mins elapsed.
2020-10-03 00:45:21 : 09_1589.CAUD (1 of 3) : Deviations for Annotation 864 of 870, 200.661 mins elapsed.

2020-10-03 00:45:51 : dev, Class = SummarizedExperiment
class: SummarizedExperiment 
dim: 870 8672 
metadata(0):
assays(2): z deviations
rownames(870): TFAP2B_1 TFAP2D_2 ... TBX18_869 TBX22_870
rowData names(2): fractionMatches fractionBackgroundOverlap
colnames(8672): 09_1589.CAUD#AGCGTGCGTTCACGTA-1
  09_1589.CAUD#GGTGAAGTCTACTGCC-1 ... 09_1589.CAUD#TCAGTCCTCACTCGTC-1
  09_1589.CAUD#AACGGGACAAAGGTCG-1
colData names(0):


2020-10-03 00:45:51 : featureDF, Class = data.frame
featureDF: nRows = 1740, nCols = 3
      seqnames idx     name
871 deviations   1 TFAP2B_1
872 deviations   2 TFAP2D_2
873 deviations   3 TFAP2C_3
874 deviations   4 TFAP2E_4
875 deviations   5 TFAP2A_5
876 deviations   6 ARID3A_6


###########
2020-10-03 00:45:54 : Completed Computing Deviations!, 203.401 mins elapsed.
###########

------- Completed

End Time : 2020-10-03 00:45:54
Elapsed Time Minutes = 203.415401144822
Elapsed Time Hours = 3.39025673906008

-------



