
           ___      .______        ______  __    __  .______      
          /   \     |   _  \      /      ||  |  |  | |   _  \     
         /  ^  \    |  |_)  |    |  ,----'|  |__|  | |  |_)  |    
        /  /_\  \   |      /     |  |     |   __   | |      /     
       /  _____  \  |  |\  \\___ |  `----.|  |  |  | |  |\  \\___.
      /__/     \__\ | _| `._____| \______||__|  |__| | _| `._____|
    
Logging With ArchR!

Start Time : 2020-10-02 19:07:10

------- ArchR Info

ArchRThreads = 10
ArchRGenome = Hg38

------- System Info

Computer OS = unix
Total Cores = 64

------- Session Info

R version 3.6.3 (2020-02-29)
Platform: x86_64-conda_cos6-linux-gnu (64-bit)
Running under: CentOS Linux 7 (Core)

Matrix products: default
BLAS/LAPACK: /home/bnphan/miniconda3/lib/libmkl_rt.so

locale:
 [1] LC_CTYPE=en_US.UTF-8       LC_NUMERIC=C              
 [3] LC_TIME=en_US.UTF-8        LC_COLLATE=en_US.UTF-8    
 [5] LC_MONETARY=en_US.UTF-8    LC_MESSAGES=en_US.UTF-8   
 [7] LC_PAPER=en_US.UTF-8       LC_NAME=C                 
 [9] LC_ADDRESS=C               LC_TELEPHONE=C            
[11] LC_MEASUREMENT=en_US.UTF-8 LC_IDENTIFICATION=C       

attached base packages:
[1] parallel  stats4    stats     graphics  grDevices utils     datasets 
[8] methods   base     

other attached packages:
 [1] gtable_0.3.0                ArchR_0.9.5                
 [3] magrittr_1.5                rhdf5_2.30.1               
 [5] Matrix_1.2-18               data.table_1.13.0          
 [7] SummarizedExperiment_1.16.1 DelayedArray_0.12.3        
 [9] BiocParallel_1.20.1         matrixStats_0.57.0         
[11] Biobase_2.46.0              GenomicRanges_1.38.0       
[13] GenomeInfoDb_1.22.1         IRanges_2.20.2             
[15] S4Vectors_0.24.4            BiocGenerics_0.32.0        
[17] ggplot2_3.3.2               colorout_1.2-2             

loaded via a namespace (and not attached):
 [1] BSgenome.Hsapiens.UCSC.hg38_1.4.1 Rcpp_1.0.5                       
 [3] lattice_0.20-41                   Rsamtools_2.2.3                  
 [5] Biostrings_2.54.0                 gtools_3.8.2                     
 [7] digest_0.6.25                     IRdisplay_0.7.0                  
 [9] R6_2.4.1                          repr_1.1.0                       
[11] evaluate_0.14                     pillar_1.4.6                     
[13] zlibbioc_1.32.0                   rlang_0.4.7                      
[15] uuid_0.1-4                        labeling_0.3                     
[17] stringr_1.4.0                     pheatmap_1.0.12                  
[19] RCurl_1.98-1.2                    munsell_0.5.0                    
[21] compiler_3.6.3                    rtracklayer_1.46.0               
[23] pkgconfig_2.0.3                   base64enc_0.1-3                  
[25] htmltools_0.5.0                   tidyselect_1.1.0                 
[27] tibble_3.0.3                      GenomeInfoDbData_1.2.2           
[29] XML_3.99-0.3                      crayon_1.3.4                     
[31] dplyr_1.0.2                       withr_2.3.0                      
[33] GenomicAlignments_1.22.1          bitops_1.0-6                     
[35] grid_3.6.3                        jsonlite_1.7.1                   
[37] lifecycle_0.2.0                   scales_1.1.1                     
[39] stringi_1.5.3                     farver_2.0.3                     
[41] XVector_0.26.0                    ellipsis_0.3.1                   
[43] generics_0.0.2                    vctrs_0.3.4                      
[45] IRkernel_1.1.1                    Rhdf5lib_1.8.0                   
[47] RColorBrewer_1.1-2                tools_3.6.3                      
[49] Cairo_1.5-12.2                    BSgenome_1.54.0                  
[51] glue_1.4.2                        purrr_0.3.4                      
[53] colorspace_1.4-1                  pbdZMQ_0.3-3                     


------- Log Info


2020-10-02 19:07:10 : Input-Parameters, Class = list

Input-Parameters$ArchRProj: length = 1
class: ArchRProject 
outputDirectory: /home/bnphan/projects/snATAC_cross_species_caudate/data/raw_data/hg38/Corces_2020/ArchR_Corces2020_caudate 
samples(3): 06_0615.CAUD 09_1589.CAUD 14_1018.CAUD
sampleColData names(1): ArrowFiles
cellColData names(18): Sample TSSEnrichment ... Region Clusters
numberOfCells(1): 1
medianTSS(1): 9.196
medianFrags(1): 80840


Input-Parameters$embedding: length = 1
[1] "UMAP"


Input-Parameters$colorBy: length = 1
[1] "GeneScoreMatrix"


Input-Parameters$name: length = 6
[1] "Ppp1r1b"   "Bcl11b"    "Kiaa1211l" "Pde1b"     "Foxp1"     "Six3"     


Input-Parameters$log2Norm: length = 0
NULL


Input-Parameters$pal: length = 0
NULL


Input-Parameters$size: length = 1
[1] 0.1


Input-Parameters$sampleCells: length = 0
NULL


Input-Parameters$highlightCells: length = 0
NULL


Input-Parameters$rastr: length = 1
[1] TRUE


Input-Parameters$quantCut: length = 2
[1] 0.01 0.99


Input-Parameters$discreteSet: length = 0
NULL


Input-Parameters$continuousSet: length = 0
NULL


Input-Parameters$randomize: length = 1
[1] TRUE


Input-Parameters$keepAxis: length = 1
[1] FALSE


Input-Parameters$baseSize: length = 1
[1] 10


Input-Parameters$plotAs: length = 0
NULL


Input-Parameters$threads: length = 1
[1] 10


Input-Parameters$logFile: length = 1
[1] "ArchRLogs/ArchR-plotEmbedding-30e4b4d7c7638-Date-2020-10-02_Time-19-07-10.log"



2020-10-02 19:07:10 : 

2020-10-02 19:07:10 : Embedding data.frame, Class = data.frame
Embedding data.frame: nRows = 26694, nCols = 2
                                Harmony#UMAP_Dimension_1
06_0615.CAUD#ATTACTCGTGCGTAGA-1                -6.348971
06_0615.CAUD#CTTGCCATCAGGAATA-1                -6.777964
06_0615.CAUD#CGCTGGATCCGTGCGA-1                -6.236875
06_0615.CAUD#GTGATCATCGCTATAG-1                -7.173694
06_0615.CAUD#AGATTCGTCGCAGATT-1                -6.422204
06_0615.CAUD#CATGTTTCAGGTAACG-1                -7.211178
                                Harmony#UMAP_Dimension_2
06_0615.CAUD#ATTACTCGTGCGTAGA-1                -14.09494
06_0615.CAUD#CTTGCCATCAGGAATA-1                -12.38251
06_0615.CAUD#CGCTGGATCCGTGCGA-1                -14.04558
06_0615.CAUD#GTGATCATCGCTATAG-1                -10.96296
06_0615.CAUD#AGATTCGTCGCAGATT-1                -13.88045
06_0615.CAUD#CATGTTTCAGGTAACG-1                -10.00581



2020-10-02 19:07:10 : 

2020-10-02 19:07:10 : 

2020-10-02 19:07:10 : FeatureDF, Class = DFrame
DataFrame with 24919 rows and 6 columns
      seqnames     start       end  strand         name     idx
         <Rle>   <array>   <array> <array>      <array> <array>
1         chr1     69091     70008       1        OR4F5       1
2         chr1    140339    139790       2    LOC729737       2
3         chr1    629010    585990       2 LOC101928626       3
4         chr1    817371    819837       1       FAM87B       4
5         chr1    825138    859446       1    LINC01128       5
...        ...       ...       ...     ...          ...     ...
24915     chrX 155264589 155258241       2       RAB39B     952
24916     chrX 155334657 155276211       2        CLIC2     953
24917     chrX 155380787 155381134       1       H2AFB1     954
24918     chrX 155382115 155383230       1         F8A2     955
24919     chrX 155669944 155490115       2        TMLHE     956


2020-10-02 19:07:10 : idx, Class = integer

idx: length = 6
[1] 10106  7474 13617  5565 16737 13261



2020-10-02 19:07:10 : FeatureDF-Subset, Class = DFrame
DataFrame with 6 rows and 6 columns
  seqnames    start      end  strand      name     idx
     <Rle>  <array>  <array> <array>   <array> <array>
1    chr17 39626740 39636626       1   PPP1R1B     620
2    chr14 99271524 99169287       2    BCL11B     656
3     chr2 98936259 98793846       2 KIAA1211L     668
4    chr12 54549350 54579239       1     PDE1B     580
5     chr3 71583989 70954693       2     FOXP1     605
6     chr2 44941898 44946077       1      SIX3     312


2020-10-02 19:07:21 : Feature-Matrix, Class = dgCMatrix
Feature-Matrix: nRows = 6, nCols = 26694
Feature-Matrix: NonZeroEntries = 79796, EntryRange = [ 0.032 , 104.861 ]
5 x 5 sparse Matrix of class "dgCMatrix"
     06_0615.CAUD#ATTACTCGTGCGTAGA-1 06_0615.CAUD#CTTGCCATCAGGAATA-1
[1,]                           1.003                           1.291
[2,]                           1.197                           1.117
[3,]                           0.596                           1.379
[4,]                           0.341                           0.989
[5,]                           2.080                           2.990
     06_0615.CAUD#CGCTGGATCCGTGCGA-1 06_0615.CAUD#GTGATCATCGCTATAG-1
[1,]                           0.621                           1.366
[2,]                           0.893                           1.892
[3,]                           0.095                           1.149
[4,]                           0.396                           0.977
[5,]                           2.157                           3.909
     06_0615.CAUD#AGATTCGTCGCAGATT-1
[1,]                           1.663
[2,]                           1.799
[3,]                           1.051
[4,]                           1.043
[5,]                           2.195



2020-10-02 19:07:22 : colorMat-Before-Impute, Class = matrix
          06_0615.CAUD#ATTACTCGTGCGTAGA-1 06_0615.CAUD#CTTGCCATCAGGAATA-1
Ppp1r1b                             1.003                           1.291
Bcl11b                              1.197                           1.117
Kiaa1211l                           0.596                           1.379
Pde1b                               0.341                           0.989
Foxp1                               2.080                           2.990
          06_0615.CAUD#CGCTGGATCCGTGCGA-1 06_0615.CAUD#GTGATCATCGCTATAG-1
Ppp1r1b                             0.621                           1.366
Bcl11b                              0.893                           1.892
Kiaa1211l                           0.095                           1.149
Pde1b                               0.396                           0.977
Foxp1                               2.157                           3.909
          06_0615.CAUD#AGATTCGTCGCAGATT-1
Ppp1r1b                             1.663
Bcl11b                              1.799
Kiaa1211l                           1.051
Pde1b                               1.043
Foxp1                               2.195

colorMat-Before-Impute: nRows = 6, nCols = 26694


2020-10-02 19:07:22 : imputeMatrix Input-Parameters, Class = list

imputeMatrix Input-Parameters$mat: nRows = 6, nCols = 26694
          06_0615.CAUD#ATTACTCGTGCGTAGA-1 06_0615.CAUD#CTTGCCATCAGGAATA-1
Ppp1r1b                             1.003                           1.291
Bcl11b                              1.197                           1.117
Kiaa1211l                           0.596                           1.379
Pde1b                               0.341                           0.989
Foxp1                               2.080                           2.990
          06_0615.CAUD#CGCTGGATCCGTGCGA-1 06_0615.CAUD#GTGATCATCGCTATAG-1
Ppp1r1b                             0.621                           1.366
Bcl11b                              0.893                           1.892
Kiaa1211l                           0.095                           1.149
Pde1b                               0.396                           0.977
Foxp1                               2.157                           3.909
          06_0615.CAUD#AGATTCGTCGCAGATT-1
Ppp1r1b                             1.663
Bcl11b                              1.799
Kiaa1211l                           1.051
Pde1b                               1.043
Foxp1                               2.195


imputeMatrix Input-Parameters$threads: length = 1
[1] 10


imputeMatrix Input-Parameters$verbose: length = 1
[1] FALSE


imputeMatrix Input-Parameters$logFile: length = 1
[1] "ArchRLogs/ArchR-plotEmbedding-30e4b4d7c7638-Date-2020-10-02_Time-19-07-10.log"



2020-10-02 19:07:22 : mat, Class = matrix
          06_0615.CAUD#ATTACTCGTGCGTAGA-1 06_0615.CAUD#CTTGCCATCAGGAATA-1
Ppp1r1b                             1.003                           1.291
Bcl11b                              1.197                           1.117
Kiaa1211l                           0.596                           1.379
Pde1b                               0.341                           0.989
Foxp1                               2.080                           2.990
          06_0615.CAUD#CGCTGGATCCGTGCGA-1 06_0615.CAUD#GTGATCATCGCTATAG-1
Ppp1r1b                             0.621                           1.366
Bcl11b                              0.893                           1.892
Kiaa1211l                           0.095                           1.149
Pde1b                               0.396                           0.977
Foxp1                               2.157                           3.909
          06_0615.CAUD#AGATTCGTCGCAGATT-1
Ppp1r1b                             1.663
Bcl11b                              1.799
Kiaa1211l                           1.051
Pde1b                               1.043
Foxp1                               2.195

mat: nRows = 6, nCols = 26694


2020-10-02 19:07:22 : weightList, Class = SimpleList

weightList$w1: length = 1
[1] "/home/bnphan/projects/snATAC_cross_species_caudate/data/raw_data/hg38/Corces_2020/ArchR_Corces2020_caudate/ImputeWeights/Impute-Weights-Rep-1"


weightList$w2: length = 1
[1] "/home/bnphan/projects/snATAC_cross_species_caudate/data/raw_data/hg38/Corces_2020/ArchR_Corces2020_caudate/ImputeWeights/Impute-Weights-Rep-2"


2020-10-02 19:07:22 : Imputing Matrix (1 of 2), 0 mins elapsed.

2020-10-02 19:07:22 : 

2020-10-02 19:07:22 : 

2020-10-02 19:07:22 : 

2020-10-02 19:07:22 : 

2020-10-02 19:07:22 : 

2020-10-02 19:07:22 : 
2020-10-02 19:07:28 : Imputing Matrix (2 of 2), 0.11 mins elapsed.

2020-10-02 19:07:28 : 

2020-10-02 19:07:28 : 

2020-10-02 19:07:28 : 

2020-10-02 19:07:28 : 

2020-10-02 19:07:28 : 

2020-10-02 19:07:29 : 
2020-10-02 19:07:35 : Finished Imputing Matrix, 0.219 mins elapsed.

2020-10-02 19:07:35 : colorMat-After-Impute, Class = matrix
          06_0615.CAUD#ATTACTCGTGCGTAGA-1 06_0615.CAUD#CTTGCCATCAGGAATA-1
Ppp1r1b                         1.2339380                        1.151544
Bcl11b                          1.1225708                        1.681461
Kiaa1211l                       0.7420161                        1.172063
Pde1b                           0.5800230                        1.036639
Foxp1                           2.4809373                        2.849310
          06_0615.CAUD#CGCTGGATCCGTGCGA-1 06_0615.CAUD#GTGATCATCGCTATAG-1
Ppp1r1b                         1.0801342                        1.222138
Bcl11b                          0.6979572                        2.289723
Kiaa1211l                       0.4289941                        1.601254
Pde1b                           0.3697517                        1.220772
Foxp1                           2.0612281                        3.660405
          06_0615.CAUD#AGATTCGTCGCAGATT-1
Ppp1r1b                         1.2669732
Bcl11b                          1.2586723
Kiaa1211l                       0.8831261
Pde1b                           0.8006190
Foxp1                           2.5223826

colorMat-After-Impute: nRows = 6, nCols = 26694


2020-10-02 19:07:35 : ColorParams 1, Class = list

ColorParams 1$color: length = 26694
06_0615.CAUD#ATTACTCGTGCGTAGA-1 06_0615.CAUD#CTTGCCATCAGGAATA-1 
                       1.233938                        1.151544 
06_0615.CAUD#CGCTGGATCCGTGCGA-1 06_0615.CAUD#GTGATCATCGCTATAG-1 
                       1.080134                        1.222138 
06_0615.CAUD#AGATTCGTCGCAGATT-1 06_0615.CAUD#CATGTTTCAGGTAACG-1 
                       1.266973                        1.309222 


ColorParams 1$discrete: length = 1
[1] FALSE


ColorParams 1$title: length = 1
[1] "UMAP of Harmony colored by\nGeneScoreMatrix : Ppp1r1b"


ColorParams 1$continuousSet: length = 1
[1] "horizonExtra"



2020-10-02 19:07:35 : PlotParams-1, Class = list

PlotParams-1$color: length = 26694
06_0615.CAUD#ATTACTCGTGCGTAGA-1 06_0615.CAUD#CTTGCCATCAGGAATA-1 
                       1.159589                        1.105372 
06_0615.CAUD#CGCTGGATCCGTGCGA-1 06_0615.CAUD#GTGATCATCGCTATAG-1 
                       1.056677                        1.151949 
06_0615.CAUD#AGATTCGTCGCAGATT-1 06_0615.CAUD#CATGTTTCAGGTAACG-1 
                       1.180767                        1.207407 


PlotParams-1$title: length = 1
[1] "UMAP of Harmony colored by\nGeneScoreMatrix : Ppp1r1b"


PlotParams-1$x: length = 26694
[1] -6.348971 -6.777964 -6.236875 -7.173694 -6.422204 -7.211178


PlotParams-1$y: length = 26694
[1] -14.09494 -12.38251 -14.04558 -10.96296 -13.88045 -10.00581


PlotParams-1$baseSize: length = 1
[1] 10


PlotParams-1$xlabel: length = 1
[1] "UMAP Dimension 1"


PlotParams-1$ylabel: length = 1
[1] "UMAP Dimension 2"


PlotParams-1$pal: length = 256
[1] "#000436" "#000439" "#00053D" "#000640" "#000744" "#000848"


PlotParams-1$colorTitle: length = 1
[1] "Log2(NormCounts + 1)"



2020-10-02 19:07:35 : PlotParams-2, Class = list

PlotParams-2$color: length = 26694
06_0615.CAUD#ATTACTCGTGCGTAGA-1 06_0615.CAUD#CTTGCCATCAGGAATA-1 
                      1.0858127                       1.4230192 
06_0615.CAUD#CGCTGGATCCGTGCGA-1 06_0615.CAUD#GTGATCATCGCTATAG-1 
                      0.7638001                       1.7179661 
06_0615.CAUD#AGATTCGTCGCAGATT-1 06_0615.CAUD#CATGTTTCAGGTAACG-1 
                      1.1754749                       1.8938779 


PlotParams-2$title: length = 1
[1] "UMAP of Harmony colored by\nGeneScoreMatrix : Bcl11b"


PlotParams-2$x: length = 26694
[1] -6.348971 -6.777964 -6.236875 -7.173694 -6.422204 -7.211178


PlotParams-2$y: length = 26694
[1] -14.09494 -12.38251 -14.04558 -10.96296 -13.88045 -10.00581


PlotParams-2$baseSize: length = 1
[1] 10


PlotParams-2$xlabel: length = 1
[1] "UMAP Dimension 1"


PlotParams-2$ylabel: length = 1
[1] "UMAP Dimension 2"


PlotParams-2$pal: length = 256
[1] "#000436" "#000439" "#00053D" "#000640" "#000744" "#000848"


PlotParams-2$colorTitle: length = 1
[1] "Log2(NormCounts + 1)"



2020-10-02 19:07:36 : PlotParams-3, Class = list

PlotParams-3$color: length = 26694
06_0615.CAUD#ATTACTCGTGCGTAGA-1 06_0615.CAUD#CTTGCCATCAGGAATA-1 
                      0.8007580                       1.1190659 
06_0615.CAUD#CGCTGGATCCGTGCGA-1 06_0615.CAUD#GTGATCATCGCTATAG-1 
                      0.5150000                       1.3792073 
06_0615.CAUD#AGATTCGTCGCAGATT-1 06_0615.CAUD#CATGTTTCAGGTAACG-1 
                      0.9131296                       1.5395042 


PlotParams-3$title: length = 1
[1] "UMAP of Harmony colored by\nGeneScoreMatrix : Kiaa1211l"


PlotParams-3$x: length = 26694
[1] -6.348971 -6.777964 -6.236875 -7.173694 -6.422204 -7.211178


PlotParams-3$y: length = 26694
[1] -14.09494 -12.38251 -14.04558 -10.96296 -13.88045 -10.00581


PlotParams-3$baseSize: length = 1
[1] 10


PlotParams-3$xlabel: length = 1
[1] "UMAP Dimension 1"


PlotParams-3$ylabel: length = 1
[1] "UMAP Dimension 2"


PlotParams-3$pal: length = 256
[1] "#000436" "#000439" "#00053D" "#000640" "#000744" "#000848"


PlotParams-3$colorTitle: length = 1
[1] "Log2(NormCounts + 1)"



2020-10-02 19:07:36 : PlotParams-4, Class = list

PlotParams-4$color: length = 26694
06_0615.CAUD#ATTACTCGTGCGTAGA-1 06_0615.CAUD#CTTGCCATCAGGAATA-1 
                      0.6599455                       1.0261903 
06_0615.CAUD#CGCTGGATCCGTGCGA-1 06_0615.CAUD#GTGATCATCGCTATAG-1 
                      0.4539144                       1.1510611 
06_0615.CAUD#AGATTCGTCGCAGATT-1 06_0615.CAUD#CATGTTTCAGGTAACG-1 
                      0.8484929                       1.1679171 


PlotParams-4$title: length = 1
[1] "UMAP of Harmony colored by\nGeneScoreMatrix : Pde1b"


PlotParams-4$x: length = 26694
[1] -6.348971 -6.777964 -6.236875 -7.173694 -6.422204 -7.211178


PlotParams-4$y: length = 26694
[1] -14.09494 -12.38251 -14.04558 -10.96296 -13.88045 -10.00581


PlotParams-4$baseSize: length = 1
[1] 10


PlotParams-4$xlabel: length = 1
[1] "UMAP Dimension 1"


PlotParams-4$ylabel: length = 1
[1] "UMAP Dimension 2"


PlotParams-4$pal: length = 256
[1] "#000436" "#000439" "#00053D" "#000640" "#000744" "#000848"


PlotParams-4$colorTitle: length = 1
[1] "Log2(NormCounts + 1)"



2020-10-02 19:07:36 : PlotParams-5, Class = list

PlotParams-5$color: length = 26694
06_0615.CAUD#ATTACTCGTGCGTAGA-1 06_0615.CAUD#CTTGCCATCAGGAATA-1 
                       1.799476                        1.944600 
06_0615.CAUD#CGCTGGATCCGTGCGA-1 06_0615.CAUD#GTGATCATCGCTATAG-1 
                       1.614111                        2.220455 
06_0615.CAUD#AGATTCGTCGCAGATT-1 06_0615.CAUD#CATGTTTCAGGTAACG-1 
                       1.816552                        2.316194 


PlotParams-5$title: length = 1
[1] "UMAP of Harmony colored by\nGeneScoreMatrix : Foxp1"


PlotParams-5$x: length = 26694
[1] -6.348971 -6.777964 -6.236875 -7.173694 -6.422204 -7.211178


PlotParams-5$y: length = 26694
[1] -14.09494 -12.38251 -14.04558 -10.96296 -13.88045 -10.00581


PlotParams-5$baseSize: length = 1
[1] 10


PlotParams-5$xlabel: length = 1
[1] "UMAP Dimension 1"


PlotParams-5$ylabel: length = 1
[1] "UMAP Dimension 2"


PlotParams-5$pal: length = 256
[1] "#000436" "#000439" "#00053D" "#000640" "#000744" "#000848"


PlotParams-5$colorTitle: length = 1
[1] "Log2(NormCounts + 1)"



2020-10-02 19:07:36 : PlotParams-6, Class = list

PlotParams-6$color: length = 26694
06_0615.CAUD#ATTACTCGTGCGTAGA-1 06_0615.CAUD#CTTGCCATCAGGAATA-1 
                       1.382824                        1.271999 
06_0615.CAUD#CGCTGGATCCGTGCGA-1 06_0615.CAUD#GTGATCATCGCTATAG-1 
                       1.434448                        1.139538 
06_0615.CAUD#AGATTCGTCGCAGATT-1 06_0615.CAUD#CATGTTTCAGGTAACG-1 
                       1.368063                        1.197508 


PlotParams-6$title: length = 1
[1] "UMAP of Harmony colored by\nGeneScoreMatrix : Six3"


PlotParams-6$x: length = 26694
[1] -6.348971 -6.777964 -6.236875 -7.173694 -6.422204 -7.211178


PlotParams-6$y: length = 26694
[1] -14.09494 -12.38251 -14.04558 -10.96296 -13.88045 -10.00581


PlotParams-6$baseSize: length = 1
[1] 10


PlotParams-6$xlabel: length = 1
[1] "UMAP Dimension 1"


PlotParams-6$ylabel: length = 1
[1] "UMAP Dimension 2"


PlotParams-6$pal: length = 256
[1] "#000436" "#000439" "#00053D" "#000640" "#000744" "#000848"


PlotParams-6$colorTitle: length = 1
[1] "Log2(NormCounts + 1)"



------- Completed

End Time : 2020-10-02 19:07:37
Elapsed Time Minutes = 0.453043194611867
Elapsed Time Hours = 0.00755077275964949

-------



