
           ___      .______        ______  __    __  .______      
          /   \     |   _  \      /      ||  |  |  | |   _  \     
         /  ^  \    |  |_)  |    |  ,----'|  |__|  | |  |_)  |    
        /  /_\  \   |      /     |  |     |   __   | |      /     
       /  _____  \  |  |\  \\___ |  `----.|  |  |  | |  |\  \\___.
      /__/     \__\ | _| `._____| \______||__|  |__| | _| `._____|
    
Logging With ArchR!

Start Time : 2020-10-02 13:45:52

------- ArchR Info

ArchRThreads = 16
ArchRGenome = Hg38

------- System Info

Computer OS = unix
Total Cores = 64

------- Session Info

R version 3.6.3 (2020-02-29)
Platform: x86_64-conda_cos6-linux-gnu (64-bit)
Running under: CentOS Linux 7 (Core)

Matrix products: default
BLAS/LAPACK: /home/bnphan/miniconda3/lib/libmkl_rt.so

locale:
 [1] LC_CTYPE=en_US.UTF-8       LC_NUMERIC=C              
 [3] LC_TIME=en_US.UTF-8        LC_COLLATE=en_US.UTF-8    
 [5] LC_MONETARY=en_US.UTF-8    LC_MESSAGES=en_US.UTF-8   
 [7] LC_PAPER=en_US.UTF-8       LC_NAME=C                 
 [9] LC_ADDRESS=C               LC_TELEPHONE=C            
[11] LC_MEASUREMENT=en_US.UTF-8 LC_IDENTIFICATION=C       

attached base packages:
 [1] grid      parallel  stats4    stats     graphics  grDevices utils    
 [8] datasets  methods   base     

other attached packages:
 [1] gridExtra_2.3                     uwot_0.1.8                       
 [3] nabor_0.5.0                       Seurat_3.2.2                     
 [5] BSgenome.Hsapiens.UCSC.hg38_1.4.1 BSgenome_1.54.0                  
 [7] rtracklayer_1.46.0                Biostrings_2.54.0                
 [9] XVector_0.26.0                    ArchR_0.9.5                      
[11] magrittr_1.5                      rhdf5_2.30.1                     
[13] Matrix_1.2-18                     data.table_1.13.0                
[15] SummarizedExperiment_1.16.1       DelayedArray_0.12.3              
[17] BiocParallel_1.20.1               matrixStats_0.57.0               
[19] Biobase_2.46.0                    GenomicRanges_1.38.0             
[21] GenomeInfoDb_1.22.1               IRanges_2.20.2                   
[23] S4Vectors_0.24.4                  BiocGenerics_0.32.0              
[25] ggplot2_3.3.2                    

loaded via a namespace (and not attached):
 [1] Rtsne_0.15               colorspace_1.4-1         deldir_0.1-29           
 [4] ellipsis_0.3.1           ggridges_0.5.2           spatstat.data_1.4-3     
 [7] farver_2.0.3             leiden_0.3.3             listenv_0.8.0           
[10] ggrepel_0.8.2            codetools_0.2-16         splines_3.6.3           
[13] polyclip_1.10-0          jsonlite_1.7.1           Rsamtools_2.2.3         
[16] Cairo_1.5-12.2           ica_1.0-2                cluster_2.1.0           
[19] png_0.1-7                shiny_1.5.0              sctransform_0.3         
[22] compiler_3.6.3           httr_1.4.2               fastmap_1.0.1           
[25] lazyeval_0.2.2           later_1.1.0.1            htmltools_0.5.0         
[28] tools_3.6.3              rsvd_1.0.3               igraph_1.2.5            
[31] gtable_0.3.0             glue_1.4.2               GenomeInfoDbData_1.2.2  
[34] RANN_2.6.1               reshape2_1.4.4           dplyr_1.0.2             
[37] rappdirs_0.3.1           Rcpp_1.0.5               spatstat_1.64-1         
[40] vctrs_0.3.4              nlme_3.1-149             lmtest_0.9-38           
[43] stringr_1.4.0            globals_0.13.0           mime_0.9                
[46] miniUI_0.1.1.1           lifecycle_0.2.0          irlba_2.3.3             
[49] gtools_3.8.2             XML_3.99-0.3             goftest_1.2-2           
[52] future_1.19.1            zlibbioc_1.32.0          MASS_7.3-53             
[55] zoo_1.8-8                scales_1.1.1             promises_1.1.1          
[58] spatstat.utils_1.17-0    RColorBrewer_1.1-2       reticulate_1.16         
[61] pbapply_1.4-3            rpart_4.1-15             stringi_1.5.3           
[64] rlang_0.4.7              pkgconfig_2.0.3          bitops_1.0-6            
[67] lattice_0.20-41          tensor_1.5               ROCR_1.0-11             
[70] purrr_0.3.4              Rhdf5lib_1.8.0           labeling_0.3            
[73] GenomicAlignments_1.22.1 patchwork_1.0.1          htmlwidgets_1.5.1       
[76] cowplot_1.1.0            tidyselect_1.1.0         RcppAnnoy_0.0.16        
[79] plyr_1.8.6               R6_2.4.1                 generics_0.0.2          
[82] mgcv_1.8-33              pillar_1.4.6             withr_2.3.0             
[85] fitdistrplus_1.1-1       abind_1.4-5              survival_3.2-7          
[88] RCurl_1.98-1.2           tibble_3.0.3             future.apply_1.6.0      
[91] crayon_1.3.4             KernSmooth_2.23-17       plotly_4.9.2.1          
[94] digest_0.6.25            xtable_1.8-4             tidyr_1.1.2             
[97] httpuv_1.5.4             munsell_0.5.0            viridisLite_0.3.0       


------- Log Info


2020-10-02 13:45:53 : IterativeLSI Input-Parameters, Class = list

IterativeLSI Input-Parameters$ArchRProj: length = 1
class: ArchRProject 
outputDirectory: /home/bnphan/projects/snATAC_cross_species_caudate/data/raw_data/hg38/Corces_2020/ArchR_Corces2020_caudate 
samples(3): 06_0615.CAUD 09_1589.CAUD 14_1018.CAUD
sampleColData names(1): ArrowFiles
cellColData names(17): Sample TSSEnrichment ... Subject Region
numberOfCells(1): 1
medianTSS(1): 9.196
medianFrags(1): 80840


IterativeLSI Input-Parameters$useMatrix: length = 1
[1] "TileMatrix"


IterativeLSI Input-Parameters$name: length = 1
[1] "IterativeLSI"


IterativeLSI Input-Parameters$iterations: length = 1
[1] 6


IterativeLSI Input-Parameters$varFeatures: length = 1
[1] 75000


IterativeLSI Input-Parameters$dimsToUse: length = 30
[1] 1 2 3 4 5 6


IterativeLSI Input-Parameters$LSIMethod: length = 1
[1] 2


IterativeLSI Input-Parameters$scaleDims: length = 1
[1] TRUE


IterativeLSI Input-Parameters$corCutOff: length = 1
[1] 0.75


IterativeLSI Input-Parameters$binarize: length = 1
[1] TRUE


IterativeLSI Input-Parameters$outlierQuantiles: length = 2
[1] 0.02 0.98


IterativeLSI Input-Parameters$filterBias: length = 1
[1] TRUE


IterativeLSI Input-Parameters$sampleCellsPre: length = 1
[1] 10000


IterativeLSI Input-Parameters$projectCellsPre: length = 1
[1] FALSE


IterativeLSI Input-Parameters$sampleCellsFinal: length = 0
NULL


IterativeLSI Input-Parameters$selectionMethod: length = 1
[1] "var"


IterativeLSI Input-Parameters$scaleTo: length = 1
[1] 3000


IterativeLSI Input-Parameters$totalFeatures: length = 1
[1] 5e+05


IterativeLSI Input-Parameters$filterQuantile: length = 1
[1] 0.995


IterativeLSI Input-Parameters$excludeChr: length = 0
NULL


IterativeLSI Input-Parameters$saveIterations: length = 1
[1] TRUE


IterativeLSI Input-Parameters$nPlot: length = 1
[1] 10000


IterativeLSI Input-Parameters$outDir: length = 1
[1] "/home/bnphan/projects/snATAC_cross_species_caudate/data/raw_data/hg38/Corces_2020/ArchR_Corces2020_caudate"


IterativeLSI Input-Parameters$threads: length = 1
[1] 16


IterativeLSI Input-Parameters$seed: length = 1
[1] 1


IterativeLSI Input-Parameters$verbose: length = 1
[1] TRUE


IterativeLSI Input-Parameters$force: length = 1
[1] TRUE


IterativeLSI Input-Parameters$logFile: length = 1
[1] "ArchRLogs/ArchR-addIterativeLSI-1fd945be3721f-Date-2020-10-02_Time-13-45-52.log"


2020-10-02 13:45:53 : Computing Total Accessibility Across All Features, 0.004 mins elapsed.
2020-10-02 13:45:55 : Computing Top Features, 0.034 mins elapsed.
###########
2020-10-02 13:45:55 : Running LSI (1 of 6) on Top Features, 0.041 mins elapsed.
###########
2020-10-02 13:45:55 : Sampling Cells (N = 10002) for Estimated LSI, 0.042 mins elapsed.
2020-10-02 13:45:55 : Creating Sampled Partial Matrix, 0.042 mins elapsed.
2020-10-02 13:46:27 : Computing Estimated LSI (projectAll = FALSE), 0.575 mins elapsed.

2020-10-02 13:46:27 : LSI Parameters, Class = list

LSI Parameters$: length = 1
                       
1 function (name)      
2 .Internal(args(name))


LSI Parameters$mat: nRows = 75000, nCols = 10002
LSI Parameters$mat: NonZeroEntries = 41840014, EntryRange = [ 1 , 1 ]
5 x 5 sparse Matrix of class "dgCMatrix"
     06_0615.CAUD#AAACGAAAGCAGAGCT-1 06_0615.CAUD#AAACGAAAGCTGATTC-1
[1,]                               .                               .
[2,]                               1                               .
[3,]                               .                               .
[4,]                               .                               .
[5,]                               .                               .
     06_0615.CAUD#AAACGAACACAGGTAG-1 06_0615.CAUD#AAACGAACAGAGAGAA-1
[1,]                               .                               .
[2,]                               .                               1
[3,]                               .                               .
[4,]                               .                               .
[5,]                               .                               .
     06_0615.CAUD#AAACGAACAGCAAACG-1
[1,]                               .
[2,]                               .
[3,]                               .
[4,]                               .
[5,]                               .


LSI Parameters$LSIMethod: length = 1
[1] 2


LSI Parameters$scaleTo: length = 1
[1] 3000


LSI Parameters$nDimensions: length = 1
[1] 30


LSI Parameters$binarize: length = 1
[1] TRUE


LSI Parameters$outlierQuantiles: length = 2
[1] 0.02 0.98


LSI Parameters$seed: length = 1
[1] 1


LSI Parameters$verbose: length = 1
[1] FALSE


LSI Parameters$tstart: length = 1
[1] "2020-10-02 13:45:53 EDT"


LSI Parameters$logFile: length = 1
[1] "ArchRLogs/ArchR-addIterativeLSI-1fd945be3721f-Date-2020-10-02_Time-13-45-52.log"


2020-10-02 13:46:28 : Running LSI, Input Matrix = 0.503 GB, 0.583 mins elapsed.
2020-10-02 13:46:28 : Binarizing Matrix, 0.583 mins elapsed.
2020-10-02 13:46:28 : Computing Term Frequency, 0.591 mins elapsed.
2020-10-02 13:46:28 : Filtering Outliers Based On Counts, 0.595 mins elapsed.
2020-10-02 13:46:29 : Removing 0 Sum Rows, 0.604 mins elapsed.
2020-10-02 13:46:31 : Computing Inverse Document Frequency, 0.64 mins elapsed.
2020-10-02 13:46:34 : Computing SVD using irlba, 0.683 mins elapsed.
2020-10-02 13:48:05 : Projecting Outliers with LSI-Projection (Granja* et al 2019), 2.205 mins elapsed.

2020-10-02 13:48:05 : LSI-Projection Parameters, Class = list

LSI-Projection Parameters$: length = 1
                       
1 function (name)      
2 .Internal(args(name))


LSI-Projection Parameters$mat: nRows = 75000, nCols = 10
LSI-Projection Parameters$mat: NonZeroEntries = 26292, EntryRange = [ 1 , 1 ]
5 x 5 sparse Matrix of class "dgCMatrix"
     06_0615.CAUD#AAACGAAAGCAGAGCT-1 06_0615.CAUD#AAACGAAAGCTGATTC-1
[1,]                               .                               .
[2,]                               1                               .
[3,]                               .                               .
[4,]                               .                               .
[5,]                               .                               .
     06_0615.CAUD#AAACGAACACAGGTAG-1 06_0615.CAUD#AAACGAACAGAGAGAA-1
[1,]                               .                               .
[2,]                               .                               1
[3,]                               .                               .
[4,]                               .                               .
[5,]                               .                               .
     06_0615.CAUD#AAACGAACAGCAAACG-1
[1,]                               .
[2,]                               .
[3,]                               .
[4,]                               .
[5,]                               .


LSI-Projection Parameters$matSVD: nRows = 9599, nCols = 30
                                     LSI1       LSI2        LSI3      LSI4
06_0615.CAUD#AAACGAAAGCAGAGCT-1 -31.44103 -0.3168487 -10.0644669  2.477301
06_0615.CAUD#AAACGAAAGCTGATTC-1 -22.11551 11.7898048   3.5984090 -1.416562
06_0615.CAUD#AAACGAACACAGGTAG-1 -19.11084 11.7852285   0.2368978 -1.407711
06_0615.CAUD#AAACGAACAGAGAGAA-1 -52.84793 33.3356372   6.8213171 -2.167484
06_0615.CAUD#AAACGAACAGCAAACG-1 -30.38943 21.4569985   3.5011280 -2.376535
                                    LSI5
06_0615.CAUD#AAACGAAAGCAGAGCT-1 4.210816
06_0615.CAUD#AAACGAAAGCTGATTC-1 0.211191
06_0615.CAUD#AAACGAACACAGGTAG-1 3.681860
06_0615.CAUD#AAACGAACAGAGAGAA-1 3.427033
06_0615.CAUD#AAACGAACAGCAAACG-1 5.074901


LSI-Projection Parameters$returnModel: length = 1
[1] FALSE


LSI-Projection Parameters$verbose: length = 1
[1] FALSE


LSI-Projection Parameters$tstart: length = 0
NULL


LSI-Projection Parameters$logFile: length = 1
[1] "ArchRLogs/ArchR-addIterativeLSI-1fd945be3721f-Date-2020-10-02_Time-13-45-52.log"


2020-10-02 13:48:05 : Projecting LSI, Input Matrix = 0 GB, 0 mins elapsed.
2020-10-02 13:48:05 : Subsetting by Non-Zero features in inital Matrix, 0 mins elapsed.
2020-10-02 13:48:05 : Binarizing Matrix, 0 mins elapsed.
2020-10-02 13:48:05 : Computing Term Frequency, 0 mins elapsed.
2020-10-02 13:48:05 : Computing Inverse Document Frequency, 0 mins elapsed.
2020-10-02 13:48:05 : Computing TF-IDF Matrix, 0 mins elapsed.
2020-10-02 13:48:06 : Calculating V Matrix, 0.013 mins elapsed.
2020-10-02 13:48:06 : Computing Projected Coordinates, 0.013 mins elapsed.

2020-10-02 13:48:06 : LSI-Projection Parameters, Class = list

LSI-Projection Parameters$: length = 1
                       
1 function (name)      
2 .Internal(args(name))


LSI-Projection Parameters$mat: nRows = 75000, nCols = 403
LSI-Projection Parameters$mat: NonZeroEntries = 2622859, EntryRange = [ 1 , 1 ]
5 x 5 sparse Matrix of class "dgCMatrix"
     06_0615.CAUD#AACCGATGTCGCTAGC-1 06_0615.CAUD#AACCTGAAGAGTGGTC-1
[1,]                               .                               .
[2,]                               .                               .
[3,]                               .                               .
[4,]                               .                               .
[5,]                               .                               .
     06_0615.CAUD#AATGGCTGTAAGTGCG-1 06_0615.CAUD#ACAAGCTCAGTAACGG-1
[1,]                               .                               .
[2,]                               1                               .
[3,]                               .                               .
[4,]                               .                               .
[5,]                               .                               1
     06_0615.CAUD#ACATGGTAGCTTACCA-1
[1,]                               .
[2,]                               .
[3,]                               .
[4,]                               .
[5,]                               .


LSI-Projection Parameters$matSVD: nRows = 9599, nCols = 30
                                     LSI1       LSI2        LSI3      LSI4
06_0615.CAUD#AAACGAAAGCAGAGCT-1 -31.44103 -0.3168487 -10.0644669  2.477301
06_0615.CAUD#AAACGAAAGCTGATTC-1 -22.11551 11.7898048   3.5984090 -1.416562
06_0615.CAUD#AAACGAACACAGGTAG-1 -19.11084 11.7852285   0.2368978 -1.407711
06_0615.CAUD#AAACGAACAGAGAGAA-1 -52.84793 33.3356372   6.8213171 -2.167484
06_0615.CAUD#AAACGAACAGCAAACG-1 -30.38943 21.4569985   3.5011280 -2.376535
                                    LSI5
06_0615.CAUD#AAACGAAAGCAGAGCT-1 4.210816
06_0615.CAUD#AAACGAAAGCTGATTC-1 0.211191
06_0615.CAUD#AAACGAACACAGGTAG-1 3.681860
06_0615.CAUD#AAACGAACAGAGAGAA-1 3.427033
06_0615.CAUD#AAACGAACAGCAAACG-1 5.074901


LSI-Projection Parameters$returnModel: length = 1
[1] FALSE


LSI-Projection Parameters$verbose: length = 1
[1] FALSE


LSI-Projection Parameters$tstart: length = 0
NULL


LSI-Projection Parameters$logFile: length = 1
[1] "ArchRLogs/ArchR-addIterativeLSI-1fd945be3721f-Date-2020-10-02_Time-13-45-52.log"


2020-10-02 13:48:06 : Projecting LSI, Input Matrix = 0.032 GB, 0 mins elapsed.
2020-10-02 13:48:06 : Subsetting by Non-Zero features in inital Matrix, 0 mins elapsed.
2020-10-02 13:48:06 : Binarizing Matrix, 0 mins elapsed.
2020-10-02 13:48:06 : Computing Term Frequency, 0.001 mins elapsed.
2020-10-02 13:48:06 : Computing Inverse Document Frequency, 0.001 mins elapsed.
2020-10-02 13:48:06 : Computing TF-IDF Matrix, 0.001 mins elapsed.
2020-10-02 13:48:07 : Calculating V Matrix, 0.014 mins elapsed.
2020-10-02 13:48:07 : Computing Projected Coordinates, 0.017 mins elapsed.
2020-10-02 13:48:07 : Finished LSI (TF-IDF SVD) using irlba, 2.236 mins elapsed.

2020-10-02 13:48:08 : outLSI-1, Class = SimpleList

outLSI-1$matSVD: nRows = 10002, nCols = 30
                                     LSI1       LSI2        LSI3      LSI4
06_0615.CAUD#AAACGAAAGCAGAGCT-1 -31.44103 -0.3168487 -10.0644669  2.477301
06_0615.CAUD#AAACGAAAGCTGATTC-1 -22.11551 11.7898048   3.5984090 -1.416562
06_0615.CAUD#AAACGAACACAGGTAG-1 -19.11084 11.7852285   0.2368978 -1.407711
06_0615.CAUD#AAACGAACAGAGAGAA-1 -52.84793 33.3356372   6.8213171 -2.167484
06_0615.CAUD#AAACGAACAGCAAACG-1 -30.38943 21.4569985   3.5011280 -2.376535
                                    LSI5
06_0615.CAUD#AAACGAAAGCAGAGCT-1 4.210816
06_0615.CAUD#AAACGAAAGCTGATTC-1 0.211191
06_0615.CAUD#AAACGAACACAGGTAG-1 3.681860
06_0615.CAUD#AAACGAACAGAGAGAA-1 3.427033
06_0615.CAUD#AAACGAACAGCAAACG-1 5.074901


outLSI-1$rowSm: length = 75000
[1]  281 1120  367  373  238  876


outLSI-1$nCol: length = 1
[1] 9599


outLSI-1$exclude: length = 0
NULL


outLSI-1$idx: length = 75000
[1] 1 2 3 4 5 6


outLSI-1$u: nRows = 75000, nCols = 30
             [,1]          [,2]          [,3]         [,4]         [,5]
[1,] -0.002482695 -0.0013209668 -0.0023587286 -0.001825506 -0.002574882
[2,] -0.005596430  0.0016506031 -0.0046318429 -0.007127199  0.002650861
[3,] -0.003046048 -0.0024598762  0.0006260132 -0.001084912 -0.002572577
[4,] -0.002998619 -0.0005569461 -0.0061368687  0.001485527  0.001433592
[5,] -0.002398782 -0.0039026897  0.0010607335  0.001880680 -0.000680121


outLSI-1$v: nRows = 9599, nCols = 30
             [,1]          [,2]          [,3]         [,4]        [,5]
[1,] -0.007860364 -0.0001534612 -0.0125215379  0.004821303 0.010035071
[2,] -0.005528953  0.0057102257  0.0044769002 -0.002756901 0.000503303
[3,] -0.004777775  0.0057080093  0.0002947324 -0.002739676 0.008774482
[4,] -0.013212160  0.0161456459  0.0084866275 -0.004218341 0.008167187
[5,] -0.007597460  0.0103923947  0.0043558698 -0.004625193 0.012094327


outLSI-1$binarize: length = 1
[1] TRUE


outLSI-1$scaleTo: length = 1
[1] 3000


outLSI-1$nDimensions: length = 1
[1] 30


outLSI-1$LSIMethod: length = 1
[1] 2


outLSI-1$outliers: length = 403
[1] "06_0615.CAUD#AACCGATGTCGCTAGC-1" "06_0615.CAUD#AACCTGAAGAGTGGTC-1"
[3] "06_0615.CAUD#AATGGCTGTAAGTGCG-1" "06_0615.CAUD#ACAAGCTCAGTAACGG-1"
[5] "06_0615.CAUD#ACATGGTAGCTTACCA-1" "06_0615.CAUD#ACCCAAACACGATTAC-1"


outLSI-1$date: length = 1
[1] "2020-10-02"


outLSI-1$seed: length = 1
[1] 1


outLSI-1$scaleDims: length = 1
[1] TRUE


outLSI-1$useMatrix: length = 1
[1] "TileMatrix"


outLSI-1$tileSize: length = 1
[1] 500



2020-10-02 13:48:08 : Cluster Params, Class = list

Cluster Params$: length = 1
                       
1 function (name)      
2 .Internal(args(name))


Cluster Params$matSVD: nRows = 10002, nCols = 30
                                     LSI1       LSI2        LSI3      LSI4
06_0615.CAUD#AAACGAAAGCAGAGCT-1 -31.44103 -0.3168487 -10.0644669  2.477301
06_0615.CAUD#AAACGAAAGCTGATTC-1 -22.11551 11.7898048   3.5984090 -1.416562
06_0615.CAUD#AAACGAACACAGGTAG-1 -19.11084 11.7852285   0.2368978 -1.407711
06_0615.CAUD#AAACGAACAGAGAGAA-1 -52.84793 33.3356372   6.8213171 -2.167484
06_0615.CAUD#AAACGAACAGCAAACG-1 -30.38943 21.4569985   3.5011280 -2.376535
                                    LSI5
06_0615.CAUD#AAACGAAAGCAGAGCT-1 4.210816
06_0615.CAUD#AAACGAAAGCTGATTC-1 0.211191
06_0615.CAUD#AAACGAACACAGGTAG-1 3.681860
06_0615.CAUD#AAACGAACAGAGAGAA-1 3.427033
06_0615.CAUD#AAACGAACAGCAAACG-1 5.074901


Cluster Params$corCutOff: length = 1
[1] 0.75


Cluster Params$dimsToUse: length = 30
[1] 1 2 3 4 5 6


Cluster Params$scaleDims: length = 1
[1] TRUE


Cluster Params$verbose: length = 1
[1] TRUE


Cluster Params$j: length = 1
[1] 1


Cluster Params$filterBias: length = 1
[1] TRUE


Cluster Params$cellNames: length = 26694
[1] "06_0615.CAUD#ATTACTCGTGCGTAGA-1" "06_0615.CAUD#CTTGCCATCAGGAATA-1"
[3] "06_0615.CAUD#CGCTGGATCCGTGCGA-1" "06_0615.CAUD#GTGATCATCGCTATAG-1"
[5] "06_0615.CAUD#AGATTCGTCGCAGATT-1" "06_0615.CAUD#CATGTTTCAGGTAACG-1"


Cluster Params$cellDepth: length = 26694
06_0615.CAUD#ATTACTCGTGCGTAGA-1 06_0615.CAUD#CTTGCCATCAGGAATA-1 
                       4.907632                        4.879841 
06_0615.CAUD#CGCTGGATCCGTGCGA-1 06_0615.CAUD#GTGATCATCGCTATAG-1 
                       4.873303                        4.861755 
06_0615.CAUD#AGATTCGTCGCAGATT-1 06_0615.CAUD#CATGTTTCAGGTAACG-1 
                       4.834522                        4.821337 


Cluster Params$tstart: length = 1
[1] "2020-10-02 13:45:53 EDT"


Cluster Params$logFile: length = 1
[1] "ArchRLogs/ArchR-addIterativeLSI-1fd945be3721f-Date-2020-10-02_Time-13-45-52.log"


2020-10-02 13:48:08 : Identifying Clusters, 2.259 mins elapsed.

2020-10-02 13:48:08 : addClusters Input-Parameters, Class = list

addClusters Input-Parameters$: length = 1
                       
1 function (name)      
2 .Internal(args(name))


addClusters Input-Parameters$input: nRows = 10002, nCols = 30
                                     LSI1       LSI2        LSI3       LSI4
06_0615.CAUD#AAACGAAAGCAGAGCT-1 -4.419104 0.09090611 -1.32156008  0.4957887
06_0615.CAUD#AAACGAAAGCTGATTC-1 -4.542845 2.48404607  0.78637587 -0.2529789
06_0615.CAUD#AAACGAACACAGGTAG-1 -4.330636 2.73287500  0.09267643 -0.2833167
06_0615.CAUD#AAACGAACAGAGAGAA-1 -4.405222 2.82964021  0.60383928 -0.1507448
06_0615.CAUD#AAACGAACAGCAAACG-1 -4.253838 3.01314807  0.49638715 -0.3274477
                                      LSI5
06_0615.CAUD#AAACGAAAGCAGAGCT-1 0.74698162
06_0615.CAUD#AAACGAAAGCTGATTC-1 0.08437353
06_0615.CAUD#AAACGAACACAGGTAG-1 0.88026954
06_0615.CAUD#AAACGAACAGAGAGAA-1 0.31889892
06_0615.CAUD#AAACGAACAGCAAACG-1 0.71697292


addClusters Input-Parameters$reducedDims: length = 1
[1] "IterativeLSI"


addClusters Input-Parameters$name: length = 1
[1] "Clusters"


addClusters Input-Parameters$sampleCells: length = 1
[1] 10000


addClusters Input-Parameters$seed: length = 1
[1] 1


addClusters Input-Parameters$method: length = 1
[1] "Seurat"


addClusters Input-Parameters$dimsToUse: length = 0
NULL


addClusters Input-Parameters$scaleDims: length = 0
NULL


addClusters Input-Parameters$corCutOff: length = 1
[1] 0.75


addClusters Input-Parameters$knnAssign: length = 1
[1] 10


addClusters Input-Parameters$nOutlier: length = 1
[1] 5


addClusters Input-Parameters$testBias: length = 1
[1] TRUE


addClusters Input-Parameters$filterBias: length = 1
[1] TRUE


addClusters Input-Parameters$biasClusters: length = 1
[1] 0.01


addClusters Input-Parameters$biasCol: length = 1
[1] "nFrags"


addClusters Input-Parameters$biasVals: length = 10002
[1] 4.053962 4.217063 3.502154 4.342087 3.666424 3.696618


addClusters Input-Parameters$biasQuantiles: length = 2
[1] 0.05 0.95


addClusters Input-Parameters$biasEnrich: length = 1
[1] 10


addClusters Input-Parameters$biasProportion: length = 1
[1] 0.5


addClusters Input-Parameters$biasPval: length = 1
[1] 0.05


addClusters Input-Parameters$nPerm: length = 1
[1] 500


addClusters Input-Parameters$prefix: length = 1
[1] "C"


addClusters Input-Parameters$ArchRProj: length = 0
NULL


addClusters Input-Parameters$verbose: length = 1
[1] FALSE


addClusters Input-Parameters$tstart: length = 0
NULL


addClusters Input-Parameters$force: length = 1
[1] FALSE


addClusters Input-Parameters$logFile: length = 1
[1] "ArchRLogs/ArchR-addIterativeLSI-1fd945be3721f-Date-2020-10-02_Time-13-45-52.log"


addClusters Input-Parameters$...: length = 2
[[1]]
<promise: 0x55a445f91a60>

[[2]]
<promise: 0x55a445f91b40>



2020-10-02 13:48:08 : Estimating Clusters by Sampling, 0 mins elapsed.
2020-10-02 13:48:08 : Running Seurats FindClusters (Stuart et al. Cell 2019), 0 mins elapsed.
2020-10-02 13:48:26 : Finding Nearest Clusters, 0.293 mins elapsed.
2020-10-02 13:48:26 : Assigning Nearest Clusters, 0.293 mins elapsed.
2020-10-02 13:48:27 : Testing Outlier Clusters, 0.305 mins elapsed.
2020-10-02 13:48:27 : Assigning Cluster Names to 10 Clusters, 0.305 mins elapsed.
2020-10-02 13:48:27 : Finished addClusters, 0.306 mins elapsed.
2020-10-02 13:48:27 : Identified 10 Clusters, 2.565 mins elapsed.

2020-10-02 13:48:27 : clusterDF-1, Class = DFrame
DataFrame with 10002 rows and 2 columns
                            cellNames    clusters
                          <character> <character>
1     06_0615.CAUD#AAACGAAAGCAGAGCT-1          C8
2     06_0615.CAUD#AAACGAAAGCTGATTC-1          C5
3     06_0615.CAUD#AAACGAACACAGGTAG-1          C5
4     06_0615.CAUD#AAACGAACAGAGAGAA-1          C5
5     06_0615.CAUD#AAACGAACAGCAAACG-1          C5
...                               ...         ...
9998  14_1018.CAUD#TTTGTGTGTACGGTTT-1          C1
9999  14_1018.CAUD#TTTGTGTGTCCCGAGT-1          C6
10000 14_1018.CAUD#TTTGTGTGTTACCCAA-1          C4
10001 14_1018.CAUD#TTTGTGTTCAACACGT-1          C7
10002 14_1018.CAUD#TTTGTGTTCGGGACAA-1          C6

2020-10-02 13:48:27 : Saving LSI Iteration, 2.565 mins elapsed.

2020-10-02 13:48:27 : Save iteration, Class = list

Save iteration$: length = 1
                       
1 function (name)      
2 .Internal(args(name))


Save iteration$matSVD: nRows = 10002, nCols = 30
                                     LSI1       LSI2        LSI3      LSI4
06_0615.CAUD#AAACGAAAGCAGAGCT-1 -31.44103 -0.3168487 -10.0644669  2.477301
06_0615.CAUD#AAACGAAAGCTGATTC-1 -22.11551 11.7898048   3.5984090 -1.416562
06_0615.CAUD#AAACGAACACAGGTAG-1 -19.11084 11.7852285   0.2368978 -1.407711
06_0615.CAUD#AAACGAACAGAGAGAA-1 -52.84793 33.3356372   6.8213171 -2.167484
06_0615.CAUD#AAACGAACAGCAAACG-1 -30.38943 21.4569985   3.5011280 -2.376535
                                    LSI5
06_0615.CAUD#AAACGAAAGCAGAGCT-1 4.210816
06_0615.CAUD#AAACGAAAGCTGATTC-1 0.211191
06_0615.CAUD#AAACGAACACAGGTAG-1 3.681860
06_0615.CAUD#AAACGAACAGAGAGAA-1 3.427033
06_0615.CAUD#AAACGAACAGCAAACG-1 5.074901


Save iteration$clusters: length = 10002
[1] "C8" "C5" "C5" "C5" "C5" "C5"


Save iteration$nPlot: length = 1
[1] 10000


Save iteration$ArchRProj: length = 1
class: ArchRProject 
outputDirectory: /home/bnphan/projects/snATAC_cross_species_caudate/data/raw_data/hg38/Corces_2020/ArchR_Corces2020_caudate 
samples(3): 06_0615.CAUD 09_1589.CAUD 14_1018.CAUD
sampleColData names(1): ArrowFiles
cellColData names(17): Sample TSSEnrichment ... Subject Region
numberOfCells(1): 1
medianTSS(1): 9.196
medianFrags(1): 80840


Save iteration$scaleDims: length = 1
[1] TRUE


Save iteration$corCutOff: length = 1
[1] 0.75


Save iteration$dimsToUse: length = 30
[1] 1 2 3 4 5 6


Save iteration$j: length = 1
[1] 1


Save iteration$threads: length = 1
[1] 16


Save iteration$outDir: length = 1
[1] "/home/bnphan/projects/snATAC_cross_species_caudate/data/raw_data/hg38/Corces_2020/ArchR_Corces2020_caudate/IterativeLSI"


Save iteration$logFile: length = 1
[1] "ArchRLogs/ArchR-addIterativeLSI-1fd945be3721f-Date-2020-10-02_Time-13-45-52.log"


2020-10-02 13:48:54 : Creating Cluster Matrix on the total Group Features, 3.014 mins elapsed.
2020-10-02 13:50:13 : Computing Variable Features, 4.345 mins elapsed.
###########
2020-10-02 13:50:14 : Running LSI (2 of 6) on Variable Features, 4.35 mins elapsed.
###########
2020-10-02 13:50:14 : Sampling Cells (N = 10002) for Estimated LSI, 4.352 mins elapsed.
2020-10-02 13:50:14 : Creating Sampled Partial Matrix, 4.352 mins elapsed.
2020-10-02 13:50:53 : Computing Estimated LSI (projectAll = FALSE), 5.001 mins elapsed.

2020-10-02 13:50:53 : LSI Parameters, Class = list

LSI Parameters$: length = 1
                       
1 function (name)      
2 .Internal(args(name))


LSI Parameters$mat: nRows = 75000, nCols = 10002
LSI Parameters$mat: NonZeroEntries = 37267334, EntryRange = [ 1 , 1 ]
5 x 5 sparse Matrix of class "dgCMatrix"
     06_0615.CAUD#AAACGAAAGCTGATTC-1 06_0615.CAUD#AAACGAAAGGACCGAT-1
[1,]                               .                               .
[2,]                               .                               .
[3,]                               .                               .
[4,]                               .                               .
[5,]                               .                               .
     06_0615.CAUD#AAACGAAAGTCTGGGA-1 06_0615.CAUD#AAACGAAAGTGTTCCA-1
[1,]                               .                               .
[2,]                               .                               .
[3,]                               .                               .
[4,]                               .                               .
[5,]                               .                               .
     06_0615.CAUD#AAACGAACAGCAAACG-1
[1,]                               .
[2,]                               .
[3,]                               .
[4,]                               .
[5,]                               .


LSI Parameters$LSIMethod: length = 1
[1] 2


LSI Parameters$scaleTo: length = 1
[1] 3000


LSI Parameters$nDimensions: length = 1
[1] 30


LSI Parameters$binarize: length = 1
[1] TRUE


LSI Parameters$outlierQuantiles: length = 2
[1] 0.02 0.98


LSI Parameters$seed: length = 1
[1] 1


LSI Parameters$verbose: length = 1
[1] FALSE


LSI Parameters$tstart: length = 1
[1] "2020-10-02 13:45:53 EDT"


LSI Parameters$logFile: length = 1
[1] "ArchRLogs/ArchR-addIterativeLSI-1fd945be3721f-Date-2020-10-02_Time-13-45-52.log"


2020-10-02 13:50:53 : Running LSI, Input Matrix = 0.448 GB, 5.007 mins elapsed.
2020-10-02 13:50:53 : Binarizing Matrix, 5.007 mins elapsed.
2020-10-02 13:50:54 : Computing Term Frequency, 5.025 mins elapsed.
2020-10-02 13:50:54 : Filtering Outliers Based On Counts, 5.028 mins elapsed.
2020-10-02 13:50:55 : Removing 0 Sum Rows, 5.035 mins elapsed.
2020-10-02 13:50:57 : Computing Inverse Document Frequency, 5.071 mins elapsed.
2020-10-02 13:50:59 : Computing SVD using irlba, 5.11 mins elapsed.
2020-10-02 13:51:52 : Projecting Outliers with LSI-Projection (Granja* et al 2019), 5.982 mins elapsed.

2020-10-02 13:51:52 : LSI-Projection Parameters, Class = list

LSI-Projection Parameters$: length = 1
                       
1 function (name)      
2 .Internal(args(name))


LSI-Projection Parameters$mat: nRows = 75000, nCols = 10
LSI-Projection Parameters$mat: NonZeroEntries = 22155, EntryRange = [ 1 , 1 ]
5 x 5 sparse Matrix of class "dgCMatrix"
     06_0615.CAUD#AAACGAAAGCTGATTC-1 06_0615.CAUD#AAACGAAAGGACCGAT-1
[1,]                               .                               .
[2,]                               .                               .
[3,]                               .                               .
[4,]                               .                               .
[5,]                               .                               .
     06_0615.CAUD#AAACGAAAGTCTGGGA-1 06_0615.CAUD#AAACGAAAGTGTTCCA-1
[1,]                               .                               .
[2,]                               .                               .
[3,]                               .                               .
[4,]                               .                               .
[5,]                               .                               .
     06_0615.CAUD#AAACGAACAGCAAACG-1
[1,]                               .
[2,]                               .
[3,]                               .
[4,]                               .
[5,]                               .


LSI-Projection Parameters$matSVD: nRows = 9600, nCols = 30
                                     LSI1      LSI2     LSI3      LSI4
06_0615.CAUD#AAACGAAAGCTGATTC-1 -22.93517 -12.21928 3.502610 0.8519169
06_0615.CAUD#AAACGAAAGGACCGAT-1 -44.23257  24.79797 3.035433 0.4916529
06_0615.CAUD#AAACGAAAGTCTGGGA-1 -25.45523 -15.59189 4.170290 1.2677411
06_0615.CAUD#AAACGAAAGTGTTCCA-1 -21.86122 -11.81872 3.074899 2.0058162
06_0615.CAUD#AAACGAACAGCAAACG-1 -33.46982 -21.67967 5.906157 1.2638406
                                      LSI5
06_0615.CAUD#AAACGAAAGCTGATTC-1  1.0881677
06_0615.CAUD#AAACGAAAGGACCGAT-1 -0.1771515
06_0615.CAUD#AAACGAAAGTCTGGGA-1  0.4136903
06_0615.CAUD#AAACGAAAGTGTTCCA-1 -0.3834767
06_0615.CAUD#AAACGAACAGCAAACG-1  0.1942207


LSI-Projection Parameters$returnModel: length = 1
[1] FALSE


LSI-Projection Parameters$verbose: length = 1
[1] FALSE


LSI-Projection Parameters$tstart: length = 0
NULL


LSI-Projection Parameters$logFile: length = 1
[1] "ArchRLogs/ArchR-addIterativeLSI-1fd945be3721f-Date-2020-10-02_Time-13-45-52.log"


2020-10-02 13:51:52 : Projecting LSI, Input Matrix = 0 GB, 0 mins elapsed.
2020-10-02 13:51:52 : Subsetting by Non-Zero features in inital Matrix, 0 mins elapsed.
2020-10-02 13:51:52 : Binarizing Matrix, 0 mins elapsed.
2020-10-02 13:51:52 : Computing Term Frequency, 0 mins elapsed.
2020-10-02 13:51:52 : Computing Inverse Document Frequency, 0 mins elapsed.
2020-10-02 13:51:52 : Computing TF-IDF Matrix, 0 mins elapsed.
2020-10-02 13:51:52 : Calculating V Matrix, 0.012 mins elapsed.
2020-10-02 13:51:52 : Computing Projected Coordinates, 0.012 mins elapsed.

2020-10-02 13:51:52 : LSI-Projection Parameters, Class = list

LSI-Projection Parameters$: length = 1
                       
1 function (name)      
2 .Internal(args(name))


LSI-Projection Parameters$mat: nRows = 75000, nCols = 402
LSI-Projection Parameters$mat: NonZeroEntries = 2113498, EntryRange = [ 1 , 1 ]
5 x 5 sparse Matrix of class "dgCMatrix"
     06_0615.CAUD#AAAGGATAGAGGTCCA-1 06_0615.CAUD#AAAGGATGTCCGTCGA-1
[1,]                               .                               .
[2,]                               .                               .
[3,]                               .                               .
[4,]                               .                               .
[5,]                               .                               .
     06_0615.CAUD#AACAAAGTCCCAGCAG-1 06_0615.CAUD#AACATCGGTCTCTGCT-1
[1,]                               .                               .
[2,]                               .                               .
[3,]                               .                               .
[4,]                               .                               .
[5,]                               .                               .
     06_0615.CAUD#AACCGATAGTCCGATT-1
[1,]                               .
[2,]                               .
[3,]                               .
[4,]                               .
[5,]                               .


LSI-Projection Parameters$matSVD: nRows = 9600, nCols = 30
                                     LSI1      LSI2     LSI3      LSI4
06_0615.CAUD#AAACGAAAGCTGATTC-1 -22.93517 -12.21928 3.502610 0.8519169
06_0615.CAUD#AAACGAAAGGACCGAT-1 -44.23257  24.79797 3.035433 0.4916529
06_0615.CAUD#AAACGAAAGTCTGGGA-1 -25.45523 -15.59189 4.170290 1.2677411
06_0615.CAUD#AAACGAAAGTGTTCCA-1 -21.86122 -11.81872 3.074899 2.0058162
06_0615.CAUD#AAACGAACAGCAAACG-1 -33.46982 -21.67967 5.906157 1.2638406
                                      LSI5
06_0615.CAUD#AAACGAAAGCTGATTC-1  1.0881677
06_0615.CAUD#AAACGAAAGGACCGAT-1 -0.1771515
06_0615.CAUD#AAACGAAAGTCTGGGA-1  0.4136903
06_0615.CAUD#AAACGAAAGTGTTCCA-1 -0.3834767
06_0615.CAUD#AAACGAACAGCAAACG-1  0.1942207


LSI-Projection Parameters$returnModel: length = 1
[1] FALSE


LSI-Projection Parameters$verbose: length = 1
[1] FALSE


LSI-Projection Parameters$tstart: length = 0
NULL


LSI-Projection Parameters$logFile: length = 1
[1] "ArchRLogs/ArchR-addIterativeLSI-1fd945be3721f-Date-2020-10-02_Time-13-45-52.log"


2020-10-02 13:51:52 : Projecting LSI, Input Matrix = 0.025 GB, 0 mins elapsed.
2020-10-02 13:51:52 : Subsetting by Non-Zero features in inital Matrix, 0 mins elapsed.
2020-10-02 13:51:52 : Binarizing Matrix, 0 mins elapsed.
2020-10-02 13:51:52 : Computing Term Frequency, 0.001 mins elapsed.
2020-10-02 13:51:52 : Computing Inverse Document Frequency, 0.001 mins elapsed.
2020-10-02 13:51:52 : Computing TF-IDF Matrix, 0.001 mins elapsed.
2020-10-02 13:51:53 : Calculating V Matrix, 0.014 mins elapsed.
2020-10-02 13:51:53 : Computing Projected Coordinates, 0.016 mins elapsed.
2020-10-02 13:51:53 : Finished LSI (TF-IDF SVD) using irlba, 6.01 mins elapsed.

2020-10-02 13:51:54 : outLSI-2, Class = SimpleList

outLSI-2$matSVD: nRows = 10002, nCols = 30
                                     LSI1      LSI2     LSI3      LSI4
06_0615.CAUD#AAACGAAAGCTGATTC-1 -22.93517 -12.21928 3.502610 0.8519169
06_0615.CAUD#AAACGAAAGGACCGAT-1 -44.23257  24.79797 3.035433 0.4916529
06_0615.CAUD#AAACGAAAGTCTGGGA-1 -25.45523 -15.59189 4.170290 1.2677411
06_0615.CAUD#AAACGAAAGTGTTCCA-1 -21.86122 -11.81872 3.074899 2.0058162
06_0615.CAUD#AAACGAACAGCAAACG-1 -33.46982 -21.67967 5.906157 1.2638406
                                      LSI5
06_0615.CAUD#AAACGAAAGCTGATTC-1  1.0881677
06_0615.CAUD#AAACGAAAGGACCGAT-1 -0.1771515
06_0615.CAUD#AAACGAAAGTCTGGGA-1  0.4136903
06_0615.CAUD#AAACGAAAGTGTTCCA-1 -0.3834767
06_0615.CAUD#AAACGAACAGCAAACG-1  0.1942207


outLSI-2$rowSm: length = 75000
[1]  201  217 1112 1476  350  357


outLSI-2$nCol: length = 1
[1] 9600


outLSI-2$exclude: length = 0
NULL


outLSI-2$idx: length = 75000
[1] 1 2 3 4 5 6


outLSI-2$u: nRows = 75000, nCols = 30
             [,1]          [,2]         [,3]         [,4]          [,5]
[1,] -0.001821642 -0.0014226004 -0.006064310  0.007161692  0.0024520936
[2,] -0.001959999 -0.0019592719 -0.003706423  0.002650241 -0.0027644979
[3,] -0.006006115 -0.0003271318 -0.002676043  0.002605148  0.0002199616
[4,] -0.006985719  0.0010467743 -0.001708799  0.004374849  0.0001128897
[5,] -0.002978383  0.0002940902 -0.004993784 -0.002064430 -0.0034357777


outLSI-2$v: nRows = 9600, nCols = 30
             [,1]         [,2]        [,3]         [,4]          [,5]
[1,] -0.005819433 -0.005461008 0.003187741 0.0009835196  0.0018566370
[2,] -0.011223309  0.011082640 0.002762562 0.0005676026 -0.0003022568
[3,] -0.006458859 -0.006968285 0.003795400 0.0014635796  0.0007058403
[4,] -0.005546936 -0.005281988 0.002798480 0.0023156714 -0.0006542898
[5,] -0.008492433 -0.009689016 0.005375221 0.0014590766  0.0003313802


outLSI-2$binarize: length = 1
[1] TRUE


outLSI-2$scaleTo: length = 1
[1] 3000


outLSI-2$nDimensions: length = 1
[1] 30


outLSI-2$LSIMethod: length = 1
[1] 2


outLSI-2$outliers: length = 402
[1] "06_0615.CAUD#AAAGGATAGAGGTCCA-1" "06_0615.CAUD#AAAGGATGTCCGTCGA-1"
[3] "06_0615.CAUD#AACAAAGTCCCAGCAG-1" "06_0615.CAUD#AACATCGGTCTCTGCT-1"
[5] "06_0615.CAUD#AACCGATAGTCCGATT-1" "06_0615.CAUD#AACCGATGTCGCTAGC-1"


outLSI-2$date: length = 1
[1] "2020-10-02"


outLSI-2$seed: length = 1
[1] 1


outLSI-2$scaleDims: length = 1
[1] TRUE


outLSI-2$useMatrix: length = 1
[1] "TileMatrix"


outLSI-2$tileSize: length = 1
[1] 500



2020-10-02 13:51:54 : Cluster Params, Class = list

Cluster Params$: length = 1
                       
1 function (name)      
2 .Internal(args(name))


Cluster Params$matSVD: nRows = 10002, nCols = 30
                                     LSI1      LSI2     LSI3      LSI4
06_0615.CAUD#AAACGAAAGCTGATTC-1 -22.93517 -12.21928 3.502610 0.8519169
06_0615.CAUD#AAACGAAAGGACCGAT-1 -44.23257  24.79797 3.035433 0.4916529
06_0615.CAUD#AAACGAAAGTCTGGGA-1 -25.45523 -15.59189 4.170290 1.2677411
06_0615.CAUD#AAACGAAAGTGTTCCA-1 -21.86122 -11.81872 3.074899 2.0058162
06_0615.CAUD#AAACGAACAGCAAACG-1 -33.46982 -21.67967 5.906157 1.2638406
                                      LSI5
06_0615.CAUD#AAACGAAAGCTGATTC-1  1.0881677
06_0615.CAUD#AAACGAAAGGACCGAT-1 -0.1771515
06_0615.CAUD#AAACGAAAGTCTGGGA-1  0.4136903
06_0615.CAUD#AAACGAAAGTGTTCCA-1 -0.3834767
06_0615.CAUD#AAACGAACAGCAAACG-1  0.1942207


Cluster Params$corCutOff: length = 1
[1] 0.75


Cluster Params$dimsToUse: length = 30
[1] 1 2 3 4 5 6


Cluster Params$scaleDims: length = 1
[1] TRUE


Cluster Params$verbose: length = 1
[1] TRUE


Cluster Params$j: length = 1
[1] 2


Cluster Params$filterBias: length = 1
[1] TRUE


Cluster Params$cellNames: length = 26694
[1] "06_0615.CAUD#ATTACTCGTGCGTAGA-1" "06_0615.CAUD#CTTGCCATCAGGAATA-1"
[3] "06_0615.CAUD#CGCTGGATCCGTGCGA-1" "06_0615.CAUD#GTGATCATCGCTATAG-1"
[5] "06_0615.CAUD#AGATTCGTCGCAGATT-1" "06_0615.CAUD#CATGTTTCAGGTAACG-1"


Cluster Params$cellDepth: length = 26694
06_0615.CAUD#ATTACTCGTGCGTAGA-1 06_0615.CAUD#CTTGCCATCAGGAATA-1 
                       4.907632                        4.879841 
06_0615.CAUD#CGCTGGATCCGTGCGA-1 06_0615.CAUD#GTGATCATCGCTATAG-1 
                       4.873303                        4.861755 
06_0615.CAUD#AGATTCGTCGCAGATT-1 06_0615.CAUD#CATGTTTCAGGTAACG-1 
                       4.834522                        4.821337 


Cluster Params$tstart: length = 1
[1] "2020-10-02 13:45:53 EDT"


Cluster Params$logFile: length = 1
[1] "ArchRLogs/ArchR-addIterativeLSI-1fd945be3721f-Date-2020-10-02_Time-13-45-52.log"


2020-10-02 13:51:54 : Identifying Clusters, 6.023 mins elapsed.

2020-10-02 13:51:54 : addClusters Input-Parameters, Class = list

addClusters Input-Parameters$: length = 1
                       
1 function (name)      
2 .Internal(args(name))


addClusters Input-Parameters$input: nRows = 10002, nCols = 30
                                     LSI1      LSI2      LSI3      LSI4
06_0615.CAUD#AAACGAAAGCTGATTC-1 -4.504379 -2.289730 0.9595109 0.4116928
06_0615.CAUD#AAACGAAAGGACCGAT-1 -4.440671  2.573425 0.3621639 0.1036941
06_0615.CAUD#AAACGAAAGTCTGGGA-1 -4.226193 -2.525201 0.8829045 0.3823428
06_0615.CAUD#AAACGAAAGTGTTCCA-1 -4.377470 -2.311651 0.7520795 0.5321610
06_0615.CAUD#AAACGAACAGCAAACG-1 -4.227036 -2.659960 1.0065818 0.3895530
                                      LSI5
06_0615.CAUD#AAACGAAAGCTGATTC-1 0.46051866
06_0615.CAUD#AAACGAAAGGACCGAT-1 0.03573781
06_0615.CAUD#AAACGAAAGTCTGGGA-1 0.23505664
06_0615.CAUD#AAACGAAAGTGTTCCA-1 0.04066525
06_0615.CAUD#AAACGAACAGCAAACG-1 0.24738559


addClusters Input-Parameters$reducedDims: length = 1
[1] "IterativeLSI"


addClusters Input-Parameters$name: length = 1
[1] "Clusters"


addClusters Input-Parameters$sampleCells: length = 1
[1] 10000


addClusters Input-Parameters$seed: length = 1
[1] 1


addClusters Input-Parameters$method: length = 1
[1] "Seurat"


addClusters Input-Parameters$dimsToUse: length = 0
NULL


addClusters Input-Parameters$scaleDims: length = 0
NULL


addClusters Input-Parameters$corCutOff: length = 1
[1] 0.75


addClusters Input-Parameters$knnAssign: length = 1
[1] 10


addClusters Input-Parameters$nOutlier: length = 1
[1] 5


addClusters Input-Parameters$testBias: length = 1
[1] TRUE


addClusters Input-Parameters$filterBias: length = 1
[1] TRUE


addClusters Input-Parameters$biasClusters: length = 1
[1] 0.01


addClusters Input-Parameters$biasCol: length = 1
[1] "nFrags"


addClusters Input-Parameters$biasVals: length = 10002
[1] 4.217063 4.203332 3.777572 3.625929 3.666424 3.696618


addClusters Input-Parameters$biasQuantiles: length = 2
[1] 0.05 0.95


addClusters Input-Parameters$biasEnrich: length = 1
[1] 10


addClusters Input-Parameters$biasProportion: length = 1
[1] 0.5


addClusters Input-Parameters$biasPval: length = 1
[1] 0.05


addClusters Input-Parameters$nPerm: length = 1
[1] 500


addClusters Input-Parameters$prefix: length = 1
[1] "C"


addClusters Input-Parameters$ArchRProj: length = 0
NULL


addClusters Input-Parameters$verbose: length = 1
[1] FALSE


addClusters Input-Parameters$tstart: length = 0
NULL


addClusters Input-Parameters$force: length = 1
[1] FALSE


addClusters Input-Parameters$logFile: length = 1
[1] "ArchRLogs/ArchR-addIterativeLSI-1fd945be3721f-Date-2020-10-02_Time-13-45-52.log"


addClusters Input-Parameters$...: length = 2
[[1]]
<promise: 0x55a4416c3648>

[[2]]
<promise: 0x55a4416c3728>



2020-10-02 13:51:54 : Estimating Clusters by Sampling, 0 mins elapsed.
2020-10-02 13:51:54 : Running Seurats FindClusters (Stuart et al. Cell 2019), 0 mins elapsed.
2020-10-02 13:52:11 : Finding Nearest Clusters, 0.283 mins elapsed.
2020-10-02 13:52:11 : Assigning Nearest Clusters, 0.284 mins elapsed.
2020-10-02 13:52:12 : Testing Biased Clusters, 0.297 mins elapsed.
2020-10-02 13:52:13 : Testing Outlier Clusters, 0.319 mins elapsed.
2020-10-02 13:52:13 : Assigning Cluster Names to 12 Clusters, 0.319 mins elapsed.
2020-10-02 13:52:13 : Finished addClusters, 0.319 mins elapsed.
2020-10-02 13:52:13 : Identified 12 Clusters, 6.343 mins elapsed.

2020-10-02 13:52:13 : clusterDF-2, Class = DFrame
DataFrame with 10002 rows and 2 columns
                            cellNames    clusters
                          <character> <character>
1     06_0615.CAUD#AAACGAAAGCTGATTC-1          C8
2     06_0615.CAUD#AAACGAAAGGACCGAT-1          C3
3     06_0615.CAUD#AAACGAAAGTCTGGGA-1          C8
4     06_0615.CAUD#AAACGAAAGTGTTCCA-1          C8
5     06_0615.CAUD#AAACGAACAGCAAACG-1          C8
...                               ...         ...
9998  14_1018.CAUD#TTTGTGTCAAGTCCTA-1          C9
9999  14_1018.CAUD#TTTGTGTCAGTTGGAG-1          C5
10000 14_1018.CAUD#TTTGTGTGTGCTGGCT-1          C6
10001 14_1018.CAUD#TTTGTGTGTTACCCAA-1          C5
10002 14_1018.CAUD#TTTGTGTTCCGATGCG-1          C9

2020-10-02 13:52:13 : Saving LSI Iteration, 6.344 mins elapsed.

2020-10-02 13:52:13 : Save iteration, Class = list

Save iteration$: length = 1
                       
1 function (name)      
2 .Internal(args(name))


Save iteration$matSVD: nRows = 10002, nCols = 30
                                     LSI1      LSI2     LSI3      LSI4
06_0615.CAUD#AAACGAAAGCTGATTC-1 -22.93517 -12.21928 3.502610 0.8519169
06_0615.CAUD#AAACGAAAGGACCGAT-1 -44.23257  24.79797 3.035433 0.4916529
06_0615.CAUD#AAACGAAAGTCTGGGA-1 -25.45523 -15.59189 4.170290 1.2677411
06_0615.CAUD#AAACGAAAGTGTTCCA-1 -21.86122 -11.81872 3.074899 2.0058162
06_0615.CAUD#AAACGAACAGCAAACG-1 -33.46982 -21.67967 5.906157 1.2638406
                                      LSI5
06_0615.CAUD#AAACGAAAGCTGATTC-1  1.0881677
06_0615.CAUD#AAACGAAAGGACCGAT-1 -0.1771515
06_0615.CAUD#AAACGAAAGTCTGGGA-1  0.4136903
06_0615.CAUD#AAACGAAAGTGTTCCA-1 -0.3834767
06_0615.CAUD#AAACGAACAGCAAACG-1  0.1942207


Save iteration$clusters: length = 10002
[1] "C8" "C3" "C8" "C8" "C8" "C8"


Save iteration$nPlot: length = 1
[1] 10000


Save iteration$ArchRProj: length = 1
class: ArchRProject 
outputDirectory: /home/bnphan/projects/snATAC_cross_species_caudate/data/raw_data/hg38/Corces_2020/ArchR_Corces2020_caudate 
samples(3): 06_0615.CAUD 09_1589.CAUD 14_1018.CAUD
sampleColData names(1): ArrowFiles
cellColData names(17): Sample TSSEnrichment ... Subject Region
numberOfCells(1): 1
medianTSS(1): 9.196
medianFrags(1): 80840


Save iteration$scaleDims: length = 1
[1] TRUE


Save iteration$corCutOff: length = 1
[1] 0.75


Save iteration$dimsToUse: length = 30
[1] 1 2 3 4 5 6


Save iteration$j: length = 1
[1] 2


Save iteration$threads: length = 1
[1] 16


Save iteration$outDir: length = 1
[1] "/home/bnphan/projects/snATAC_cross_species_caudate/data/raw_data/hg38/Corces_2020/ArchR_Corces2020_caudate/IterativeLSI"


Save iteration$logFile: length = 1
[1] "ArchRLogs/ArchR-addIterativeLSI-1fd945be3721f-Date-2020-10-02_Time-13-45-52.log"


2020-10-02 13:52:43 : Creating Cluster Matrix on the total Group Features, 6.832 mins elapsed.
2020-10-02 13:54:02 : Computing Variable Features, 8.164 mins elapsed.
###########
2020-10-02 13:54:03 : Running LSI (3 of 6) on Variable Features, 8.17 mins elapsed.
###########
2020-10-02 13:54:03 : Sampling Cells (N = 10002) for Estimated LSI, 8.171 mins elapsed.
2020-10-02 13:54:03 : Creating Sampled Partial Matrix, 8.171 mins elapsed.
2020-10-02 13:54:44 : Computing Estimated LSI (projectAll = FALSE), 8.853 mins elapsed.

2020-10-02 13:54:44 : LSI Parameters, Class = list

LSI Parameters$: length = 1
                       
1 function (name)      
2 .Internal(args(name))


LSI Parameters$mat: nRows = 75000, nCols = 10002
LSI Parameters$mat: NonZeroEntries = 37490519, EntryRange = [ 1 , 1 ]
5 x 5 sparse Matrix of class "dgCMatrix"
     06_0615.CAUD#AAACGAAAGGAGTACC-1 06_0615.CAUD#AAACGAAAGTCTGGGA-1
[1,]                               .                               .
[2,]                               .                               .
[3,]                               1                               .
[4,]                               1                               .
[5,]                               .                               .
     06_0615.CAUD#AAACGAACACAGGTAG-1 06_0615.CAUD#AAACGAACAGAGAGAA-1
[1,]                               .                               .
[2,]                               .                               .
[3,]                               .                               1
[4,]                               .                               1
[5,]                               .                               .
     06_0615.CAUD#AAACGAACAGCAAACG-1
[1,]                               .
[2,]                               .
[3,]                               .
[4,]                               .
[5,]                               .


LSI Parameters$LSIMethod: length = 1
[1] 2


LSI Parameters$scaleTo: length = 1
[1] 3000


LSI Parameters$nDimensions: length = 1
[1] 30


LSI Parameters$binarize: length = 1
[1] TRUE


LSI Parameters$outlierQuantiles: length = 2
[1] 0.02 0.98


LSI Parameters$seed: length = 1
[1] 1


LSI Parameters$verbose: length = 1
[1] FALSE


LSI Parameters$tstart: length = 1
[1] "2020-10-02 13:45:53 EDT"


LSI Parameters$logFile: length = 1
[1] "ArchRLogs/ArchR-addIterativeLSI-1fd945be3721f-Date-2020-10-02_Time-13-45-52.log"


2020-10-02 13:54:44 : Running LSI, Input Matrix = 0.451 GB, 8.86 mins elapsed.
2020-10-02 13:54:44 : Binarizing Matrix, 8.86 mins elapsed.
2020-10-02 13:54:45 : Computing Term Frequency, 8.878 mins elapsed.
2020-10-02 13:54:46 : Filtering Outliers Based On Counts, 8.881 mins elapsed.
2020-10-02 13:54:46 : Removing 0 Sum Rows, 8.889 mins elapsed.
2020-10-02 13:54:48 : Computing Inverse Document Frequency, 8.926 mins elapsed.
2020-10-02 13:54:51 : Computing SVD using irlba, 8.966 mins elapsed.
2020-10-02 13:55:47 : Projecting Outliers with LSI-Projection (Granja* et al 2019), 9.902 mins elapsed.

2020-10-02 13:55:47 : LSI-Projection Parameters, Class = list

LSI-Projection Parameters$: length = 1
                       
1 function (name)      
2 .Internal(args(name))


LSI-Projection Parameters$mat: nRows = 75000, nCols = 10
LSI-Projection Parameters$mat: NonZeroEntries = 28746, EntryRange = [ 1 , 1 ]
5 x 5 sparse Matrix of class "dgCMatrix"
     06_0615.CAUD#AAACGAAAGGAGTACC-1 06_0615.CAUD#AAACGAAAGTCTGGGA-1
[1,]                               .                               .
[2,]                               .                               .
[3,]                               1                               .
[4,]                               1                               .
[5,]                               .                               .
     06_0615.CAUD#AAACGAACACAGGTAG-1 06_0615.CAUD#AAACGAACAGAGAGAA-1
[1,]                               .                               .
[2,]                               .                               .
[3,]                               .                               1
[4,]                               .                               1
[5,]                               .                               .
     06_0615.CAUD#AAACGAACAGCAAACG-1
[1,]                               .
[2,]                               .
[3,]                               .
[4,]                               .
[5,]                               .


LSI-Projection Parameters$matSVD: nRows = 9599, nCols = 30
                                     LSI1      LSI2      LSI3     LSI4
06_0615.CAUD#AAACGAAAGGAGTACC-1 -29.14112 -14.48169 -2.425785 2.195991
06_0615.CAUD#AAACGAAAGTCTGGGA-1 -25.90106 -15.47957 -3.944365 1.565178
06_0615.CAUD#AAACGAACACAGGTAG-1 -21.25583 -11.31924 -2.109527 0.393432
06_0615.CAUD#AAACGAACAGAGAGAA-1 -56.08380 -32.76973 -9.324015 2.162964
06_0615.CAUD#AAACGAACAGCAAACG-1 -33.82793 -21.34454 -5.763907 1.508272
                                      LSI5
06_0615.CAUD#AAACGAAAGGAGTACC-1  0.8727571
06_0615.CAUD#AAACGAAAGTCTGGGA-1  0.2811439
06_0615.CAUD#AAACGAACACAGGTAG-1 -1.1232482
06_0615.CAUD#AAACGAACAGAGAGAA-1  0.7241098
06_0615.CAUD#AAACGAACAGCAAACG-1 -0.1277949


LSI-Projection Parameters$returnModel: length = 1
[1] FALSE


LSI-Projection Parameters$verbose: length = 1
[1] FALSE


LSI-Projection Parameters$tstart: length = 0
NULL


LSI-Projection Parameters$logFile: length = 1
[1] "ArchRLogs/ArchR-addIterativeLSI-1fd945be3721f-Date-2020-10-02_Time-13-45-52.log"


2020-10-02 13:55:47 : Projecting LSI, Input Matrix = 0 GB, 0 mins elapsed.
2020-10-02 13:55:47 : Subsetting by Non-Zero features in inital Matrix, 0 mins elapsed.
2020-10-02 13:55:47 : Binarizing Matrix, 0 mins elapsed.
2020-10-02 13:55:47 : Computing Term Frequency, 0 mins elapsed.
2020-10-02 13:55:47 : Computing Inverse Document Frequency, 0 mins elapsed.
2020-10-02 13:55:47 : Computing TF-IDF Matrix, 0 mins elapsed.
2020-10-02 13:55:48 : Calculating V Matrix, 0.013 mins elapsed.
2020-10-02 13:55:48 : Computing Projected Coordinates, 0.014 mins elapsed.

2020-10-02 13:55:48 : LSI-Projection Parameters, Class = list

LSI-Projection Parameters$: length = 1
                       
1 function (name)      
2 .Internal(args(name))


LSI-Projection Parameters$mat: nRows = 75000, nCols = 403
LSI-Projection Parameters$mat: NonZeroEntries = 2142243, EntryRange = [ 1 , 1 ]
5 x 5 sparse Matrix of class "dgCMatrix"
     06_0615.CAUD#AAAGGATGTCCGTCGA-1 06_0615.CAUD#AACAAAGTCCCAGCAG-1
[1,]                               .                               .
[2,]                               .                               .
[3,]                               .                               .
[4,]                               .                               .
[5,]                               .                               .
     06_0615.CAUD#AACATCGCACGTTAGT-1 06_0615.CAUD#AACCGATAGTCCGATT-1
[1,]                               .                               .
[2,]                               .                               .
[3,]                               .                               .
[4,]                               .                               .
[5,]                               .                               .
     06_0615.CAUD#AACCGATGTCGCTAGC-1
[1,]                               .
[2,]                               .
[3,]                               .
[4,]                               .
[5,]                               .


LSI-Projection Parameters$matSVD: nRows = 9599, nCols = 30
                                     LSI1      LSI2      LSI3     LSI4
06_0615.CAUD#AAACGAAAGGAGTACC-1 -29.14112 -14.48169 -2.425785 2.195991
06_0615.CAUD#AAACGAAAGTCTGGGA-1 -25.90106 -15.47957 -3.944365 1.565178
06_0615.CAUD#AAACGAACACAGGTAG-1 -21.25583 -11.31924 -2.109527 0.393432
06_0615.CAUD#AAACGAACAGAGAGAA-1 -56.08380 -32.76973 -9.324015 2.162964
06_0615.CAUD#AAACGAACAGCAAACG-1 -33.82793 -21.34454 -5.763907 1.508272
                                      LSI5
06_0615.CAUD#AAACGAAAGGAGTACC-1  0.8727571
06_0615.CAUD#AAACGAAAGTCTGGGA-1  0.2811439
06_0615.CAUD#AAACGAACACAGGTAG-1 -1.1232482
06_0615.CAUD#AAACGAACAGAGAGAA-1  0.7241098
06_0615.CAUD#AAACGAACAGCAAACG-1 -0.1277949


LSI-Projection Parameters$returnModel: length = 1
[1] FALSE


LSI-Projection Parameters$verbose: length = 1
[1] FALSE


LSI-Projection Parameters$tstart: length = 0
NULL


LSI-Projection Parameters$logFile: length = 1
[1] "ArchRLogs/ArchR-addIterativeLSI-1fd945be3721f-Date-2020-10-02_Time-13-45-52.log"


2020-10-02 13:55:48 : Projecting LSI, Input Matrix = 0.026 GB, 0 mins elapsed.
2020-10-02 13:55:48 : Subsetting by Non-Zero features in inital Matrix, 0 mins elapsed.
2020-10-02 13:55:48 : Binarizing Matrix, 0 mins elapsed.
2020-10-02 13:55:48 : Computing Term Frequency, 0.001 mins elapsed.
2020-10-02 13:55:48 : Computing Inverse Document Frequency, 0.001 mins elapsed.
2020-10-02 13:55:48 : Computing TF-IDF Matrix, 0.001 mins elapsed.
2020-10-02 13:55:48 : Calculating V Matrix, 0.013 mins elapsed.
2020-10-02 13:55:49 : Computing Projected Coordinates, 0.015 mins elapsed.
2020-10-02 13:55:49 : Finished LSI (TF-IDF SVD) using irlba, 9.932 mins elapsed.

2020-10-02 13:55:49 : outLSI-3, Class = SimpleList

outLSI-3$matSVD: nRows = 10002, nCols = 30
                                     LSI1      LSI2      LSI3     LSI4
06_0615.CAUD#AAACGAAAGGAGTACC-1 -29.14112 -14.48169 -2.425785 2.195991
06_0615.CAUD#AAACGAAAGTCTGGGA-1 -25.90106 -15.47957 -3.944365 1.565178
06_0615.CAUD#AAACGAACACAGGTAG-1 -21.25583 -11.31924 -2.109527 0.393432
06_0615.CAUD#AAACGAACAGAGAGAA-1 -56.08380 -32.76973 -9.324015 2.162964
06_0615.CAUD#AAACGAACAGCAAACG-1 -33.82793 -21.34454 -5.763907 1.508272
                                      LSI5
06_0615.CAUD#AAACGAAAGGAGTACC-1  0.8727571
06_0615.CAUD#AAACGAAAGTCTGGGA-1  0.2811439
06_0615.CAUD#AAACGAACACAGGTAG-1 -1.1232482
06_0615.CAUD#AAACGAACAGAGAGAA-1  0.7241098
06_0615.CAUD#AAACGAACAGCAAACG-1 -0.1277949


outLSI-3$rowSm: length = 75000
[1]  180  205 1087 1394  361  266


outLSI-3$nCol: length = 1
[1] 9599


outLSI-3$exclude: length = 0
NULL


outLSI-3$idx: length = 75000
[1] 1 2 3 4 5 6


outLSI-3$u: nRows = 75000, nCols = 30
             [,1]          [,2]        [,3]          [,4]          [,5]
[1,] -0.001712500 -0.0013156542 0.006032772  0.0035316681  0.0010026486
[2,] -0.001899177 -0.0017449094 0.004242944  0.0004883485 -0.0031394666
[3,] -0.005895331 -0.0001981075 0.002748846  0.0016960763  0.0010827397
[4,] -0.006803030  0.0019521467 0.001351789  0.0030336919 -0.0008368988
[5,] -0.003079488  0.0009887867 0.004516966 -0.0022873429 -0.0047363363


outLSI-3$v: nRows = 9599, nCols = 30
             [,1]         [,2]         [,3]         [,4]          [,5]
[1,] -0.007387457 -0.006552613 -0.002245859 0.0025396673  0.0015451605
[2,] -0.006566082 -0.007004131 -0.003651801 0.0018101310  0.0004977473
[3,] -0.005388487 -0.005121682 -0.001953058 0.0004550048 -0.0019886390
[4,] -0.014217595 -0.014827504 -0.008632429 0.0025014710  0.0012819899
[5,] -0.008575593 -0.009657888 -0.005336383 0.0017443186 -0.0002262527


outLSI-3$binarize: length = 1
[1] TRUE


outLSI-3$scaleTo: length = 1
[1] 3000


outLSI-3$nDimensions: length = 1
[1] 30


outLSI-3$LSIMethod: length = 1
[1] 2


outLSI-3$outliers: length = 403
[1] "06_0615.CAUD#AAAGGATGTCCGTCGA-1" "06_0615.CAUD#AACAAAGTCCCAGCAG-1"
[3] "06_0615.CAUD#AACATCGCACGTTAGT-1" "06_0615.CAUD#AACCGATAGTCCGATT-1"
[5] "06_0615.CAUD#AACCGATGTCGCTAGC-1" "06_0615.CAUD#AACCTGAAGAGTGGTC-1"


outLSI-3$date: length = 1
[1] "2020-10-02"


outLSI-3$seed: length = 1
[1] 1


outLSI-3$scaleDims: length = 1
[1] TRUE


outLSI-3$useMatrix: length = 1
[1] "TileMatrix"


outLSI-3$tileSize: length = 1
[1] 500



2020-10-02 13:55:49 : Cluster Params, Class = list

Cluster Params$: length = 1
                       
1 function (name)      
2 .Internal(args(name))


Cluster Params$matSVD: nRows = 10002, nCols = 30
                                     LSI1      LSI2      LSI3     LSI4
06_0615.CAUD#AAACGAAAGGAGTACC-1 -29.14112 -14.48169 -2.425785 2.195991
06_0615.CAUD#AAACGAAAGTCTGGGA-1 -25.90106 -15.47957 -3.944365 1.565178
06_0615.CAUD#AAACGAACACAGGTAG-1 -21.25583 -11.31924 -2.109527 0.393432
06_0615.CAUD#AAACGAACAGAGAGAA-1 -56.08380 -32.76973 -9.324015 2.162964
06_0615.CAUD#AAACGAACAGCAAACG-1 -33.82793 -21.34454 -5.763907 1.508272
                                      LSI5
06_0615.CAUD#AAACGAAAGGAGTACC-1  0.8727571
06_0615.CAUD#AAACGAAAGTCTGGGA-1  0.2811439
06_0615.CAUD#AAACGAACACAGGTAG-1 -1.1232482
06_0615.CAUD#AAACGAACAGAGAGAA-1  0.7241098
06_0615.CAUD#AAACGAACAGCAAACG-1 -0.1277949


Cluster Params$corCutOff: length = 1
[1] 0.75


Cluster Params$dimsToUse: length = 30
[1] 1 2 3 4 5 6


Cluster Params$scaleDims: length = 1
[1] TRUE


Cluster Params$verbose: length = 1
[1] TRUE


Cluster Params$j: length = 1
[1] 3


Cluster Params$filterBias: length = 1
[1] TRUE


Cluster Params$cellNames: length = 26694
[1] "06_0615.CAUD#ATTACTCGTGCGTAGA-1" "06_0615.CAUD#CTTGCCATCAGGAATA-1"
[3] "06_0615.CAUD#CGCTGGATCCGTGCGA-1" "06_0615.CAUD#GTGATCATCGCTATAG-1"
[5] "06_0615.CAUD#AGATTCGTCGCAGATT-1" "06_0615.CAUD#CATGTTTCAGGTAACG-1"


Cluster Params$cellDepth: length = 26694
06_0615.CAUD#ATTACTCGTGCGTAGA-1 06_0615.CAUD#CTTGCCATCAGGAATA-1 
                       4.907632                        4.879841 
06_0615.CAUD#CGCTGGATCCGTGCGA-1 06_0615.CAUD#GTGATCATCGCTATAG-1 
                       4.873303                        4.861755 
06_0615.CAUD#AGATTCGTCGCAGATT-1 06_0615.CAUD#CATGTTTCAGGTAACG-1 
                       4.834522                        4.821337 


Cluster Params$tstart: length = 1
[1] "2020-10-02 13:45:53 EDT"


Cluster Params$logFile: length = 1
[1] "ArchRLogs/ArchR-addIterativeLSI-1fd945be3721f-Date-2020-10-02_Time-13-45-52.log"


2020-10-02 13:55:49 : Identifying Clusters, 9.944 mins elapsed.

2020-10-02 13:55:49 : addClusters Input-Parameters, Class = list

addClusters Input-Parameters$: length = 1
                       
1 function (name)      
2 .Internal(args(name))


addClusters Input-Parameters$input: nRows = 10002, nCols = 30
                                     LSI1      LSI2       LSI3      LSI4
06_0615.CAUD#AAACGAAAGGAGTACC-1 -4.544507 -2.170989 -0.2190103 0.5293044
06_0615.CAUD#AAACGAAAGTCTGGGA-1 -4.304063 -2.487813 -0.4774649 0.4827345
06_0615.CAUD#AAACGAACACAGGTAG-1 -4.381910 -2.233137 -0.2415492 0.2997121
06_0615.CAUD#AAACGAACAGAGAGAA-1 -4.436032 -2.493393 -0.5397853 0.4173644
06_0615.CAUD#AAACGAACAGCAAACG-1 -4.271650 -2.610508 -0.5372196 0.4304765
                                      LSI5
06_0615.CAUD#AAACGAAAGGAGTACC-1  0.3150587
06_0615.CAUD#AAACGAAAGTCTGGGA-1  0.2589539
06_0615.CAUD#AAACGAACACAGGTAG-1 -0.0282678
06_0615.CAUD#AAACGAACAGAGAGAA-1  0.2974722
06_0615.CAUD#AAACGAACAGCAAACG-1  0.2127680


addClusters Input-Parameters$reducedDims: length = 1
[1] "IterativeLSI"


addClusters Input-Parameters$name: length = 1
[1] "Clusters"


addClusters Input-Parameters$sampleCells: length = 1
[1] 10000


addClusters Input-Parameters$seed: length = 1
[1] 1


addClusters Input-Parameters$method: length = 1
[1] "Seurat"


addClusters Input-Parameters$dimsToUse: length = 0
NULL


addClusters Input-Parameters$scaleDims: length = 0
NULL


addClusters Input-Parameters$corCutOff: length = 1
[1] 0.75


addClusters Input-Parameters$knnAssign: length = 1
[1] 10


addClusters Input-Parameters$nOutlier: length = 1
[1] 5


addClusters Input-Parameters$testBias: length = 1
[1] TRUE


addClusters Input-Parameters$filterBias: length = 1
[1] TRUE


addClusters Input-Parameters$biasClusters: length = 1
[1] 0.01


addClusters Input-Parameters$biasCol: length = 1
[1] "nFrags"


addClusters Input-Parameters$biasVals: length = 10002
[1] 4.307432 3.777572 3.502154 4.342087 3.666424 3.578410


addClusters Input-Parameters$biasQuantiles: length = 2
[1] 0.05 0.95


addClusters Input-Parameters$biasEnrich: length = 1
[1] 10


addClusters Input-Parameters$biasProportion: length = 1
[1] 0.5


addClusters Input-Parameters$biasPval: length = 1
[1] 0.05


addClusters Input-Parameters$nPerm: length = 1
[1] 500


addClusters Input-Parameters$prefix: length = 1
[1] "C"


addClusters Input-Parameters$ArchRProj: length = 0
NULL


addClusters Input-Parameters$verbose: length = 1
[1] FALSE


addClusters Input-Parameters$tstart: length = 0
NULL


addClusters Input-Parameters$force: length = 1
[1] FALSE


addClusters Input-Parameters$logFile: length = 1
[1] "ArchRLogs/ArchR-addIterativeLSI-1fd945be3721f-Date-2020-10-02_Time-13-45-52.log"


addClusters Input-Parameters$...: length = 2
[[1]]
<promise: 0x55a4416c4768>

[[2]]
<promise: 0x55a4416c4848>



2020-10-02 13:55:49 : Estimating Clusters by Sampling, 0 mins elapsed.
2020-10-02 13:55:49 : Running Seurats FindClusters (Stuart et al. Cell 2019), 0 mins elapsed.
2020-10-02 13:56:06 : Finding Nearest Clusters, 0.281 mins elapsed.
2020-10-02 13:56:06 : Assigning Nearest Clusters, 0.281 mins elapsed.
2020-10-02 13:56:07 : Testing Biased Clusters, 0.295 mins elapsed.
2020-10-02 13:56:07 : Testing Outlier Clusters, 0.295 mins elapsed.
2020-10-02 13:56:07 : Assigning Cluster Names to 13 Clusters, 0.295 mins elapsed.
2020-10-02 13:56:07 : Finished addClusters, 0.295 mins elapsed.
2020-10-02 13:56:07 : Identified 13 Clusters, 10.24 mins elapsed.

2020-10-02 13:56:07 : clusterDF-3, Class = DFrame
DataFrame with 10002 rows and 2 columns
                            cellNames    clusters
                          <character> <character>
1     06_0615.CAUD#AAACGAAAGGAGTACC-1          C9
2     06_0615.CAUD#AAACGAAAGTCTGGGA-1          C9
3     06_0615.CAUD#AAACGAACACAGGTAG-1          C9
4     06_0615.CAUD#AAACGAACAGAGAGAA-1          C9
5     06_0615.CAUD#AAACGAACAGCAAACG-1          C9
...                               ...         ...
9998  14_1018.CAUD#TTTGTGTAGGCTCCTG-1          C8
9999  14_1018.CAUD#TTTGTGTCATCATGTG-1          C5
10000 14_1018.CAUD#TTTGTGTGTGCTGGCT-1          C6
10001 14_1018.CAUD#TTTGTGTTCAACACGT-1          C6
10002 14_1018.CAUD#TTTGTGTTCGGGACAA-1          C8

2020-10-02 13:56:07 : Saving LSI Iteration, 10.241 mins elapsed.

2020-10-02 13:56:07 : Save iteration, Class = list

Save iteration$: length = 1
                       
1 function (name)      
2 .Internal(args(name))


Save iteration$matSVD: nRows = 10002, nCols = 30
                                     LSI1      LSI2      LSI3     LSI4
06_0615.CAUD#AAACGAAAGGAGTACC-1 -29.14112 -14.48169 -2.425785 2.195991
06_0615.CAUD#AAACGAAAGTCTGGGA-1 -25.90106 -15.47957 -3.944365 1.565178
06_0615.CAUD#AAACGAACACAGGTAG-1 -21.25583 -11.31924 -2.109527 0.393432
06_0615.CAUD#AAACGAACAGAGAGAA-1 -56.08380 -32.76973 -9.324015 2.162964
06_0615.CAUD#AAACGAACAGCAAACG-1 -33.82793 -21.34454 -5.763907 1.508272
                                      LSI5
06_0615.CAUD#AAACGAAAGGAGTACC-1  0.8727571
06_0615.CAUD#AAACGAAAGTCTGGGA-1  0.2811439
06_0615.CAUD#AAACGAACACAGGTAG-1 -1.1232482
06_0615.CAUD#AAACGAACAGAGAGAA-1  0.7241098
06_0615.CAUD#AAACGAACAGCAAACG-1 -0.1277949


Save iteration$clusters: length = 10002
[1] "C9" "C9" "C9" "C9" "C9" "C9"


Save iteration$nPlot: length = 1
[1] 10000


Save iteration$ArchRProj: length = 1
class: ArchRProject 
outputDirectory: /home/bnphan/projects/snATAC_cross_species_caudate/data/raw_data/hg38/Corces_2020/ArchR_Corces2020_caudate 
samples(3): 06_0615.CAUD 09_1589.CAUD 14_1018.CAUD
sampleColData names(1): ArrowFiles
cellColData names(17): Sample TSSEnrichment ... Subject Region
numberOfCells(1): 1
medianTSS(1): 9.196
medianFrags(1): 80840


Save iteration$scaleDims: length = 1
[1] TRUE


Save iteration$corCutOff: length = 1
[1] 0.75


Save iteration$dimsToUse: length = 30
[1] 1 2 3 4 5 6


Save iteration$j: length = 1
[1] 3


Save iteration$threads: length = 1
[1] 16


Save iteration$outDir: length = 1
[1] "/home/bnphan/projects/snATAC_cross_species_caudate/data/raw_data/hg38/Corces_2020/ArchR_Corces2020_caudate/IterativeLSI"


Save iteration$logFile: length = 1
[1] "ArchRLogs/ArchR-addIterativeLSI-1fd945be3721f-Date-2020-10-02_Time-13-45-52.log"


2020-10-02 13:56:35 : Creating Cluster Matrix on the total Group Features, 10.699 mins elapsed.
2020-10-02 13:57:55 : Computing Variable Features, 12.032 mins elapsed.
###########
2020-10-02 13:57:55 : Running LSI (4 of 6) on Variable Features, 12.038 mins elapsed.
###########
2020-10-02 13:57:55 : Sampling Cells (N = 10002) for Estimated LSI, 12.039 mins elapsed.
2020-10-02 13:57:55 : Creating Sampled Partial Matrix, 12.039 mins elapsed.
2020-10-02 13:58:35 : Computing Estimated LSI (projectAll = FALSE), 12.71 mins elapsed.

2020-10-02 13:58:35 : LSI Parameters, Class = list

LSI Parameters$: length = 1
                       
1 function (name)      
2 .Internal(args(name))


LSI Parameters$mat: nRows = 75000, nCols = 10002
LSI Parameters$mat: NonZeroEntries = 37972400, EntryRange = [ 1 , 1 ]
5 x 5 sparse Matrix of class "dgCMatrix"
     06_0615.CAUD#AAACGAAAGCAGAGCT-1 06_0615.CAUD#AAACGAAAGTCTGGGA-1
[1,]                               .                               .
[2,]                               .                               .
[3,]                               1                               .
[4,]                               1                               .
[5,]                               .                               .
     06_0615.CAUD#AAACGAACAGAGAGAA-1 06_0615.CAUD#AAACGAACAGCAAACG-1
[1,]                               .                               .
[2,]                               .                               .
[3,]                               1                               .
[4,]                               1                               .
[5,]                               .                               .
     06_0615.CAUD#AAACGAACAGGATGTG-1
[1,]                               .
[2,]                               .
[3,]                               .
[4,]                               1
[5,]                               .


LSI Parameters$LSIMethod: length = 1
[1] 2


LSI Parameters$scaleTo: length = 1
[1] 3000


LSI Parameters$nDimensions: length = 1
[1] 30


LSI Parameters$binarize: length = 1
[1] TRUE


LSI Parameters$outlierQuantiles: length = 2
[1] 0.02 0.98


LSI Parameters$seed: length = 1
[1] 1


LSI Parameters$verbose: length = 1
[1] FALSE


LSI Parameters$tstart: length = 1
[1] "2020-10-02 13:45:53 EDT"


LSI Parameters$logFile: length = 1
[1] "ArchRLogs/ArchR-addIterativeLSI-1fd945be3721f-Date-2020-10-02_Time-13-45-52.log"


2020-10-02 13:58:36 : Running LSI, Input Matrix = 0.457 GB, 12.717 mins elapsed.
2020-10-02 13:58:36 : Binarizing Matrix, 12.717 mins elapsed.
2020-10-02 13:58:37 : Computing Term Frequency, 12.735 mins elapsed.
2020-10-02 13:58:37 : Filtering Outliers Based On Counts, 12.738 mins elapsed.
2020-10-02 13:58:37 : Removing 0 Sum Rows, 12.746 mins elapsed.
2020-10-02 13:58:40 : Computing Inverse Document Frequency, 12.782 mins elapsed.
2020-10-02 13:58:42 : Computing SVD using irlba, 12.821 mins elapsed.
2020-10-02 14:00:03 : Projecting Outliers with LSI-Projection (Granja* et al 2019), 14.17 mins elapsed.

2020-10-02 14:00:03 : LSI-Projection Parameters, Class = list

LSI-Projection Parameters$: length = 1
                       
1 function (name)      
2 .Internal(args(name))


LSI-Projection Parameters$mat: nRows = 75000, nCols = 10
LSI-Projection Parameters$mat: NonZeroEntries = 34628, EntryRange = [ 1 , 1 ]
5 x 5 sparse Matrix of class "dgCMatrix"
     06_0615.CAUD#AAACGAAAGCAGAGCT-1 06_0615.CAUD#AAACGAAAGTCTGGGA-1
[1,]                               .                               .
[2,]                               .                               .
[3,]                               1                               .
[4,]                               1                               .
[5,]                               .                               .
     06_0615.CAUD#AAACGAACAGAGAGAA-1 06_0615.CAUD#AAACGAACAGCAAACG-1
[1,]                               .                               .
[2,]                               .                               .
[3,]                               1                               .
[4,]                               1                               .
[5,]                               .                               .
     06_0615.CAUD#AAACGAACAGGATGTG-1
[1,]                               .
[2,]                               .
[3,]                               .
[4,]                               1
[5,]                               .


LSI-Projection Parameters$matSVD: nRows = 9600, nCols = 30
                                     LSI1       LSI2      LSI3      LSI4
06_0615.CAUD#AAACGAAAGCAGAGCT-1 -31.30389 -0.8160864  8.222343 -2.559184
06_0615.CAUD#AAACGAAAGTCTGGGA-1 -25.93324 15.3064703 -3.936588  1.716644
06_0615.CAUD#AAACGAACAGAGAGAA-1 -56.16804 32.9424535 -9.886967  1.961459
06_0615.CAUD#AAACGAACAGCAAACG-1 -33.92873 21.1536733 -5.688202  1.279757
06_0615.CAUD#AAACGAACAGGATGTG-1 -26.99956 17.2672891 -5.964479  1.828452
                                      LSI5
06_0615.CAUD#AAACGAAAGCAGAGCT-1  9.3138213
06_0615.CAUD#AAACGAAAGTCTGGGA-1 -0.4620985
06_0615.CAUD#AAACGAACAGAGAGAA-1 -0.3558959
06_0615.CAUD#AAACGAACAGCAAACG-1  0.2153278
06_0615.CAUD#AAACGAACAGGATGTG-1 -0.6078939


LSI-Projection Parameters$returnModel: length = 1
[1] FALSE


LSI-Projection Parameters$verbose: length = 1
[1] FALSE


LSI-Projection Parameters$tstart: length = 0
NULL


LSI-Projection Parameters$logFile: length = 1
[1] "ArchRLogs/ArchR-addIterativeLSI-1fd945be3721f-Date-2020-10-02_Time-13-45-52.log"


2020-10-02 14:00:03 : Projecting LSI, Input Matrix = 0 GB, 0 mins elapsed.
2020-10-02 14:00:03 : Subsetting by Non-Zero features in inital Matrix, 0 mins elapsed.
2020-10-02 14:00:03 : Binarizing Matrix, 0 mins elapsed.
2020-10-02 14:00:03 : Computing Term Frequency, 0 mins elapsed.
2020-10-02 14:00:03 : Computing Inverse Document Frequency, 0 mins elapsed.
2020-10-02 14:00:03 : Computing TF-IDF Matrix, 0 mins elapsed.
2020-10-02 14:00:04 : Calculating V Matrix, 0.013 mins elapsed.
2020-10-02 14:00:04 : Computing Projected Coordinates, 0.013 mins elapsed.

2020-10-02 14:00:04 : LSI-Projection Parameters, Class = list

LSI-Projection Parameters$: length = 1
                       
1 function (name)      
2 .Internal(args(name))


LSI-Projection Parameters$mat: nRows = 75000, nCols = 402
LSI-Projection Parameters$mat: NonZeroEntries = 2160001, EntryRange = [ 1 , 1 ]
5 x 5 sparse Matrix of class "dgCMatrix"
     06_0615.CAUD#AAAGGATGTCCGTCGA-1 06_0615.CAUD#AACATCGCAACTCGTA-1
[1,]                               .                               .
[2,]                               .                               .
[3,]                               .                               .
[4,]                               .                               .
[5,]                               .                               .
     06_0615.CAUD#ACAAAGAGTCTAACCA-1 06_0615.CAUD#ACATGGTAGCTTACCA-1
[1,]                               1                               .
[2,]                               .                               .
[3,]                               .                               .
[4,]                               .                               .
[5,]                               .                               .
     06_0615.CAUD#ACCGAATGTAAGTGCG-1
[1,]                               1
[2,]                               .
[3,]                               .
[4,]                               .
[5,]                               .


LSI-Projection Parameters$matSVD: nRows = 9600, nCols = 30
                                     LSI1       LSI2      LSI3      LSI4
06_0615.CAUD#AAACGAAAGCAGAGCT-1 -31.30389 -0.8160864  8.222343 -2.559184
06_0615.CAUD#AAACGAAAGTCTGGGA-1 -25.93324 15.3064703 -3.936588  1.716644
06_0615.CAUD#AAACGAACAGAGAGAA-1 -56.16804 32.9424535 -9.886967  1.961459
06_0615.CAUD#AAACGAACAGCAAACG-1 -33.92873 21.1536733 -5.688202  1.279757
06_0615.CAUD#AAACGAACAGGATGTG-1 -26.99956 17.2672891 -5.964479  1.828452
                                      LSI5
06_0615.CAUD#AAACGAAAGCAGAGCT-1  9.3138213
06_0615.CAUD#AAACGAAAGTCTGGGA-1 -0.4620985
06_0615.CAUD#AAACGAACAGAGAGAA-1 -0.3558959
06_0615.CAUD#AAACGAACAGCAAACG-1  0.2153278
06_0615.CAUD#AAACGAACAGGATGTG-1 -0.6078939


LSI-Projection Parameters$returnModel: length = 1
[1] FALSE


LSI-Projection Parameters$verbose: length = 1
[1] FALSE


LSI-Projection Parameters$tstart: length = 0
NULL


LSI-Projection Parameters$logFile: length = 1
[1] "ArchRLogs/ArchR-addIterativeLSI-1fd945be3721f-Date-2020-10-02_Time-13-45-52.log"


2020-10-02 14:00:04 : Projecting LSI, Input Matrix = 0.026 GB, 0 mins elapsed.
2020-10-02 14:00:04 : Subsetting by Non-Zero features in inital Matrix, 0 mins elapsed.
2020-10-02 14:00:04 : Binarizing Matrix, 0 mins elapsed.
2020-10-02 14:00:04 : Computing Term Frequency, 0.001 mins elapsed.
2020-10-02 14:00:04 : Computing Inverse Document Frequency, 0.001 mins elapsed.
2020-10-02 14:00:04 : Computing TF-IDF Matrix, 0.001 mins elapsed.
2020-10-02 14:00:05 : Calculating V Matrix, 0.013 mins elapsed.
2020-10-02 14:00:05 : Computing Projected Coordinates, 0.015 mins elapsed.
2020-10-02 14:00:05 : Finished LSI (TF-IDF SVD) using irlba, 14.2 mins elapsed.

2020-10-02 14:00:05 : outLSI-4, Class = SimpleList

outLSI-4$matSVD: nRows = 10002, nCols = 30
                                     LSI1       LSI2      LSI3      LSI4
06_0615.CAUD#AAACGAAAGCAGAGCT-1 -31.30389 -0.8160864  8.222343 -2.559184
06_0615.CAUD#AAACGAAAGTCTGGGA-1 -25.93324 15.3064703 -3.936588  1.716644
06_0615.CAUD#AAACGAACAGAGAGAA-1 -56.16804 32.9424535 -9.886967  1.961459
06_0615.CAUD#AAACGAACAGCAAACG-1 -33.92873 21.1536733 -5.688202  1.279757
06_0615.CAUD#AAACGAACAGGATGTG-1 -26.99956 17.2672891 -5.964479  1.828452
                                      LSI5
06_0615.CAUD#AAACGAAAGCAGAGCT-1  9.3138213
06_0615.CAUD#AAACGAAAGTCTGGGA-1 -0.4620985
06_0615.CAUD#AAACGAACAGAGAGAA-1 -0.3558959
06_0615.CAUD#AAACGAACAGCAAACG-1  0.2153278
06_0615.CAUD#AAACGAACAGGATGTG-1 -0.6078939


outLSI-4$rowSm: length = 75000
[1]  168  192 1124 1473  335  272


outLSI-4$nCol: length = 1
[1] 9600


outLSI-4$exclude: length = 0
NULL


outLSI-4$idx: length = 75000
[1] 1 2 3 4 5 6


outLSI-4$u: nRows = 75000, nCols = 30
             [,1]          [,2]         [,3]         [,4]         [,5]
[1,] -0.001610910  0.0011802902 0.0049992179  0.004735667 -0.001147326
[2,] -0.001817000  0.0016568019 0.0040917599  0.001710436  0.001891179
[3,] -0.005940929 -0.0001765330 0.0024878752  0.002962734  0.001067265
[4,] -0.006899448 -0.0013905953 0.0008447124  0.003784779  0.002297090
[5,] -0.002903224 -0.0008520345 0.0052410100 -0.002503957  0.004143958


outLSI-4$v: nRows = 9600, nCols = 30
             [,1]          [,2]         [,3]         [,4]          [,5]
[1,] -0.007922068 -0.0003705653  0.007658499 -0.003035454  0.0163026196
[2,] -0.006562917  0.0069503026 -0.003666638  0.002036116 -0.0008088426
[3,] -0.014214431  0.0149583814 -0.009208972  0.002326491 -0.0006229491
[4,] -0.008586334  0.0096053779 -0.005298136  0.001517923  0.0003769030
[5,] -0.006832771  0.0078406636 -0.005555467  0.002168731 -0.0010640384


outLSI-4$binarize: length = 1
[1] TRUE


outLSI-4$scaleTo: length = 1
[1] 3000


outLSI-4$nDimensions: length = 1
[1] 30


outLSI-4$LSIMethod: length = 1
[1] 2


outLSI-4$outliers: length = 402
[1] "06_0615.CAUD#AAAGGATGTCCGTCGA-1" "06_0615.CAUD#AACATCGCAACTCGTA-1"
[3] "06_0615.CAUD#ACAAAGAGTCTAACCA-1" "06_0615.CAUD#ACATGGTAGCTTACCA-1"
[5] "06_0615.CAUD#ACCGAATGTAAGTGCG-1" "06_0615.CAUD#ACGTTAGGTGTCGTCG-1"


outLSI-4$date: length = 1
[1] "2020-10-02"


outLSI-4$seed: length = 1
[1] 1


outLSI-4$scaleDims: length = 1
[1] TRUE


outLSI-4$useMatrix: length = 1
[1] "TileMatrix"


outLSI-4$tileSize: length = 1
[1] 500



2020-10-02 14:00:05 : Cluster Params, Class = list

Cluster Params$: length = 1
                       
1 function (name)      
2 .Internal(args(name))


Cluster Params$matSVD: nRows = 10002, nCols = 30
                                     LSI1       LSI2      LSI3      LSI4
06_0615.CAUD#AAACGAAAGCAGAGCT-1 -31.30389 -0.8160864  8.222343 -2.559184
06_0615.CAUD#AAACGAAAGTCTGGGA-1 -25.93324 15.3064703 -3.936588  1.716644
06_0615.CAUD#AAACGAACAGAGAGAA-1 -56.16804 32.9424535 -9.886967  1.961459
06_0615.CAUD#AAACGAACAGCAAACG-1 -33.92873 21.1536733 -5.688202  1.279757
06_0615.CAUD#AAACGAACAGGATGTG-1 -26.99956 17.2672891 -5.964479  1.828452
                                      LSI5
06_0615.CAUD#AAACGAAAGCAGAGCT-1  9.3138213
06_0615.CAUD#AAACGAAAGTCTGGGA-1 -0.4620985
06_0615.CAUD#AAACGAACAGAGAGAA-1 -0.3558959
06_0615.CAUD#AAACGAACAGCAAACG-1  0.2153278
06_0615.CAUD#AAACGAACAGGATGTG-1 -0.6078939


Cluster Params$corCutOff: length = 1
[1] 0.75


Cluster Params$dimsToUse: length = 30
[1] 1 2 3 4 5 6


Cluster Params$scaleDims: length = 1
[1] TRUE


Cluster Params$verbose: length = 1
[1] TRUE


Cluster Params$j: length = 1
[1] 4


Cluster Params$filterBias: length = 1
[1] TRUE


Cluster Params$cellNames: length = 26694
[1] "06_0615.CAUD#ATTACTCGTGCGTAGA-1" "06_0615.CAUD#CTTGCCATCAGGAATA-1"
[3] "06_0615.CAUD#CGCTGGATCCGTGCGA-1" "06_0615.CAUD#GTGATCATCGCTATAG-1"
[5] "06_0615.CAUD#AGATTCGTCGCAGATT-1" "06_0615.CAUD#CATGTTTCAGGTAACG-1"


Cluster Params$cellDepth: length = 26694
06_0615.CAUD#ATTACTCGTGCGTAGA-1 06_0615.CAUD#CTTGCCATCAGGAATA-1 
                       4.907632                        4.879841 
06_0615.CAUD#CGCTGGATCCGTGCGA-1 06_0615.CAUD#GTGATCATCGCTATAG-1 
                       4.873303                        4.861755 
06_0615.CAUD#AGATTCGTCGCAGATT-1 06_0615.CAUD#CATGTTTCAGGTAACG-1 
                       4.834522                        4.821337 


Cluster Params$tstart: length = 1
[1] "2020-10-02 13:45:53 EDT"


Cluster Params$logFile: length = 1
[1] "ArchRLogs/ArchR-addIterativeLSI-1fd945be3721f-Date-2020-10-02_Time-13-45-52.log"


2020-10-02 14:00:05 : Identifying Clusters, 14.212 mins elapsed.

2020-10-02 14:00:05 : addClusters Input-Parameters, Class = list

addClusters Input-Parameters$: length = 1
                       
1 function (name)      
2 .Internal(args(name))


addClusters Input-Parameters$input: nRows = 10002, nCols = 30
                                     LSI1       LSI2       LSI3       LSI4
06_0615.CAUD#AAACGAAAGCAGAGCT-1 -4.223958 0.02583077  1.2857250 -0.2171450
06_0615.CAUD#AAACGAAAGTCTGGGA-1 -4.280038 2.68366114 -0.5657040  0.3888956
06_0615.CAUD#AAACGAACAGAGAGAA-1 -4.430732 2.74558679 -0.7035868  0.2506002
06_0615.CAUD#AAACGAACAGCAAACG-1 -4.370417 2.76644688 -0.7113757  0.1914423
06_0615.CAUD#AAACGAACAGGATGTG-1 -4.267812 2.79208481 -0.9130328  0.3298225
                                       LSI5
06_0615.CAUD#AAACGAAAGCAGAGCT-1  1.43786959
06_0615.CAUD#AAACGAAAGTCTGGGA-1  0.02099508
06_0615.CAUD#AAACGAACAGAGAGAA-1  0.06397708
06_0615.CAUD#AAACGAACAGCAAACG-1  0.05352727
06_0615.CAUD#AAACGAACAGGATGTG-1 -0.05873807


addClusters Input-Parameters$reducedDims: length = 1
[1] "IterativeLSI"


addClusters Input-Parameters$name: length = 1
[1] "Clusters"


addClusters Input-Parameters$sampleCells: length = 1
[1] 10000


addClusters Input-Parameters$seed: length = 1
[1] 1


addClusters Input-Parameters$method: length = 1
[1] "Seurat"


addClusters Input-Parameters$dimsToUse: length = 0
NULL


addClusters Input-Parameters$scaleDims: length = 0
NULL


addClusters Input-Parameters$corCutOff: length = 1
[1] 0.75


addClusters Input-Parameters$knnAssign: length = 1
[1] 10


addClusters Input-Parameters$nOutlier: length = 1
[1] 5


addClusters Input-Parameters$testBias: length = 1
[1] TRUE


addClusters Input-Parameters$filterBias: length = 1
[1] TRUE


addClusters Input-Parameters$biasClusters: length = 1
[1] 0.01


addClusters Input-Parameters$biasCol: length = 1
[1] "nFrags"


addClusters Input-Parameters$biasVals: length = 10002
[1] 4.053962 3.777572 4.342087 3.666424 3.578410 3.943495


addClusters Input-Parameters$biasQuantiles: length = 2
[1] 0.05 0.95


addClusters Input-Parameters$biasEnrich: length = 1
[1] 10


addClusters Input-Parameters$biasProportion: length = 1
[1] 0.5


addClusters Input-Parameters$biasPval: length = 1
[1] 0.05


addClusters Input-Parameters$nPerm: length = 1
[1] 500


addClusters Input-Parameters$prefix: length = 1
[1] "C"


addClusters Input-Parameters$ArchRProj: length = 0
NULL


addClusters Input-Parameters$verbose: length = 1
[1] FALSE


addClusters Input-Parameters$tstart: length = 0
NULL


addClusters Input-Parameters$force: length = 1
[1] FALSE


addClusters Input-Parameters$logFile: length = 1
[1] "ArchRLogs/ArchR-addIterativeLSI-1fd945be3721f-Date-2020-10-02_Time-13-45-52.log"


addClusters Input-Parameters$...: length = 2
[[1]]
<promise: 0x55a4416c75a0>

[[2]]
<promise: 0x55a4416c3850>



2020-10-02 14:00:05 : Estimating Clusters by Sampling, 0 mins elapsed.
2020-10-02 14:00:05 : Running Seurats FindClusters (Stuart et al. Cell 2019), 0 mins elapsed.
2020-10-02 14:00:22 : Finding Nearest Clusters, 0.276 mins elapsed.
2020-10-02 14:00:22 : Assigning Nearest Clusters, 0.276 mins elapsed.
2020-10-02 14:00:23 : Testing Biased Clusters, 0.289 mins elapsed.
2020-10-02 14:00:23 : Testing Outlier Clusters, 0.289 mins elapsed.
2020-10-02 14:00:23 : Assigning Cluster Names to 13 Clusters, 0.289 mins elapsed.
2020-10-02 14:00:23 : Finished addClusters, 0.289 mins elapsed.
2020-10-02 14:00:23 : Identified 13 Clusters, 14.502 mins elapsed.

2020-10-02 14:00:23 : clusterDF-4, Class = DFrame
DataFrame with 10002 rows and 2 columns
                            cellNames    clusters
                          <character> <character>
1     06_0615.CAUD#AAACGAAAGCAGAGCT-1         C12
2     06_0615.CAUD#AAACGAAAGTCTGGGA-1          C9
3     06_0615.CAUD#AAACGAACAGAGAGAA-1          C9
4     06_0615.CAUD#AAACGAACAGCAAACG-1          C9
5     06_0615.CAUD#AAACGAACAGGATGTG-1          C9
...                               ...         ...
9998  14_1018.CAUD#TTTGTGTCAGTTGGAG-1          C5
9999  14_1018.CAUD#TTTGTGTCATCATGTG-1          C5
10000 14_1018.CAUD#TTTGTGTGTCCCTTTG-1         C12
10001 14_1018.CAUD#TTTGTGTTCACCCTTG-1          C8
10002 14_1018.CAUD#TTTGTGTTCCGATGCG-1          C8

2020-10-02 14:00:23 : Saving LSI Iteration, 14.502 mins elapsed.

2020-10-02 14:00:23 : Save iteration, Class = list

Save iteration$: length = 1
                       
1 function (name)      
2 .Internal(args(name))


Save iteration$matSVD: nRows = 10002, nCols = 30
                                     LSI1       LSI2      LSI3      LSI4
06_0615.CAUD#AAACGAAAGCAGAGCT-1 -31.30389 -0.8160864  8.222343 -2.559184
06_0615.CAUD#AAACGAAAGTCTGGGA-1 -25.93324 15.3064703 -3.936588  1.716644
06_0615.CAUD#AAACGAACAGAGAGAA-1 -56.16804 32.9424535 -9.886967  1.961459
06_0615.CAUD#AAACGAACAGCAAACG-1 -33.92873 21.1536733 -5.688202  1.279757
06_0615.CAUD#AAACGAACAGGATGTG-1 -26.99956 17.2672891 -5.964479  1.828452
                                      LSI5
06_0615.CAUD#AAACGAAAGCAGAGCT-1  9.3138213
06_0615.CAUD#AAACGAAAGTCTGGGA-1 -0.4620985
06_0615.CAUD#AAACGAACAGAGAGAA-1 -0.3558959
06_0615.CAUD#AAACGAACAGCAAACG-1  0.2153278
06_0615.CAUD#AAACGAACAGGATGTG-1 -0.6078939


Save iteration$clusters: length = 10002
[1] "C12" "C9"  "C9"  "C9"  "C9"  "C13"


Save iteration$nPlot: length = 1
[1] 10000


Save iteration$ArchRProj: length = 1
class: ArchRProject 
outputDirectory: /home/bnphan/projects/snATAC_cross_species_caudate/data/raw_data/hg38/Corces_2020/ArchR_Corces2020_caudate 
samples(3): 06_0615.CAUD 09_1589.CAUD 14_1018.CAUD
sampleColData names(1): ArrowFiles
cellColData names(17): Sample TSSEnrichment ... Subject Region
numberOfCells(1): 1
medianTSS(1): 9.196
medianFrags(1): 80840


Save iteration$scaleDims: length = 1
[1] TRUE


Save iteration$corCutOff: length = 1
[1] 0.75


Save iteration$dimsToUse: length = 30
[1] 1 2 3 4 5 6


Save iteration$j: length = 1
[1] 4


Save iteration$threads: length = 1
[1] 16


Save iteration$outDir: length = 1
[1] "/home/bnphan/projects/snATAC_cross_species_caudate/data/raw_data/hg38/Corces_2020/ArchR_Corces2020_caudate/IterativeLSI"


Save iteration$logFile: length = 1
[1] "ArchRLogs/ArchR-addIterativeLSI-1fd945be3721f-Date-2020-10-02_Time-13-45-52.log"


2020-10-02 14:00:50 : Creating Cluster Matrix on the total Group Features, 14.964 mins elapsed.
2020-10-02 14:02:11 : Computing Variable Features, 16.307 mins elapsed.
###########
2020-10-02 14:02:11 : Running LSI (5 of 6) on Variable Features, 16.313 mins elapsed.
###########
2020-10-02 14:02:12 : Sampling Cells (N = 10002) for Estimated LSI, 16.314 mins elapsed.
2020-10-02 14:02:12 : Creating Sampled Partial Matrix, 16.314 mins elapsed.
