
           ___      .______        ______  __    __  .______      
          /   \     |   _  \      /      ||  |  |  | |   _  \     
         /  ^  \    |  |_)  |    |  ,----'|  |__|  | |  |_)  |    
        /  /_\  \   |      /     |  |     |   __   | |      /     
       /  _____  \  |  |\  \\___ |  `----.|  |  |  | |  |\  \\___.
      /__/     \__\ | _| `._____| \______||__|  |__| | _| `._____|
    
Logging With ArchR!

Start Time : 2020-10-02 18:13:36

------- ArchR Info

ArchRThreads = 10
ArchRGenome = Hg38

------- System Info

Computer OS = unix
Total Cores = 64

------- Session Info

R version 3.6.3 (2020-02-29)
Platform: x86_64-conda_cos6-linux-gnu (64-bit)
Running under: CentOS Linux 7 (Core)

Matrix products: default
BLAS/LAPACK: /home/bnphan/miniconda3/lib/libmkl_rt.so

locale:
 [1] LC_CTYPE=en_US.UTF-8       LC_NUMERIC=C              
 [3] LC_TIME=en_US.UTF-8        LC_COLLATE=en_US.UTF-8    
 [5] LC_MONETARY=en_US.UTF-8    LC_MESSAGES=en_US.UTF-8   
 [7] LC_PAPER=en_US.UTF-8       LC_NAME=C                 
 [9] LC_ADDRESS=C               LC_TELEPHONE=C            
[11] LC_MEASUREMENT=en_US.UTF-8 LC_IDENTIFICATION=C       

attached base packages:
[1] parallel  stats4    stats     graphics  grDevices utils     datasets 
[8] methods   base     

other attached packages:
 [1] gtable_0.3.0                ArchR_0.9.5                
 [3] magrittr_1.5                rhdf5_2.30.1               
 [5] Matrix_1.2-18               data.table_1.13.0          
 [7] SummarizedExperiment_1.16.1 DelayedArray_0.12.3        
 [9] BiocParallel_1.20.1         matrixStats_0.57.0         
[11] Biobase_2.46.0              GenomicRanges_1.38.0       
[13] GenomeInfoDb_1.22.1         IRanges_2.20.2             
[15] S4Vectors_0.24.4            BiocGenerics_0.32.0        
[17] ggplot2_3.3.2               colorout_1.2-2             

loaded via a namespace (and not attached):
 [1] BSgenome.Hsapiens.UCSC.hg38_1.4.1 Rcpp_1.0.5                       
 [3] lattice_0.20-41                   Rsamtools_2.2.3                  
 [5] Biostrings_2.54.0                 gtools_3.8.2                     
 [7] digest_0.6.25                     IRdisplay_0.7.0                  
 [9] R6_2.4.1                          repr_1.1.0                       
[11] evaluate_0.14                     pillar_1.4.6                     
[13] zlibbioc_1.32.0                   rlang_0.4.7                      
[15] uuid_0.1-4                        hexbin_1.28.1                    
[17] labeling_0.3                      stringr_1.4.0                    
[19] pheatmap_1.0.12                   RCurl_1.98-1.2                   
[21] munsell_0.5.0                     compiler_3.6.3                   
[23] rtracklayer_1.46.0                pkgconfig_2.0.3                  
[25] base64enc_0.1-3                   htmltools_0.5.0                  
[27] tidyselect_1.1.0                  tibble_3.0.3                     
[29] GenomeInfoDbData_1.2.2            XML_3.99-0.3                     
[31] crayon_1.3.4                      dplyr_1.0.2                      
[33] withr_2.3.0                       GenomicAlignments_1.22.1         
[35] bitops_1.0-6                      grid_3.6.3                       
[37] jsonlite_1.7.1                    lifecycle_0.2.0                  
[39] scales_1.1.1                      stringi_1.5.3                    
[41] farver_2.0.3                      XVector_0.26.0                   
[43] ellipsis_0.3.1                    generics_0.0.2                   
[45] vctrs_0.3.4                       cowplot_1.1.0                    
[47] IRkernel_1.1.1                    Rhdf5lib_1.8.0                   
[49] RColorBrewer_1.1-2                tools_3.6.3                      
[51] Cairo_1.5-12.2                    BSgenome_1.54.0                  
[53] glue_1.4.2                        purrr_0.3.4                      
[55] colorspace_1.4-1                  pbdZMQ_0.3-3                     


------- Log Info


2020-10-02 18:13:36 : Input-Parameters, Class = list

Input-Parameters$ArchRProj: length = 1
class: ArchRProject 
outputDirectory: /home/bnphan/projects/snATAC_cross_species_caudate/data/raw_data/hg38/Corces_2020/ArchR_Corces2020_caudate 
samples(3): 06_0615.CAUD 09_1589.CAUD 14_1018.CAUD
sampleColData names(1): ArrowFiles
cellColData names(18): Sample TSSEnrichment ... Region Clusters
numberOfCells(1): 1
medianTSS(1): 9.196
medianFrags(1): 80840


Input-Parameters$embedding: length = 1
[1] "UMAP"


Input-Parameters$colorBy: length = 1
[1] "GeneScoreMatrix"


Input-Parameters$name: length = 6
[1] "Ppp1r1b"   "Bcl11b"    "Kiaa1211l" "Pde1b"     "Foxp1"     "Six3"     


Input-Parameters$log2Norm: length = 0
NULL


Input-Parameters$pal: length = 0
NULL


Input-Parameters$size: length = 1
[1] 0.1


Input-Parameters$sampleCells: length = 0
NULL


Input-Parameters$highlightCells: length = 0
NULL


Input-Parameters$rastr: length = 1
[1] TRUE


Input-Parameters$quantCut: length = 2
[1] 0.01 0.99


Input-Parameters$discreteSet: length = 0
NULL


Input-Parameters$continuousSet: length = 0
NULL


Input-Parameters$randomize: length = 1
[1] TRUE


Input-Parameters$keepAxis: length = 1
[1] FALSE


Input-Parameters$baseSize: length = 1
[1] 10


Input-Parameters$plotAs: length = 0
NULL


Input-Parameters$threads: length = 1
[1] 10


Input-Parameters$logFile: length = 1
[1] "ArchRLogs/ArchR-plotEmbedding-30c15ad916c2-Date-2020-10-02_Time-18-13-36.log"



2020-10-02 18:13:36 : 

2020-10-02 18:13:36 : Embedding data.frame, Class = data.frame
Embedding data.frame: nRows = 26694, nCols = 2
                                Harmony#UMAP_Dimension_1
06_0615.CAUD#ATTACTCGTGCGTAGA-1                -6.348971
06_0615.CAUD#CTTGCCATCAGGAATA-1                -6.777964
06_0615.CAUD#CGCTGGATCCGTGCGA-1                -6.236875
06_0615.CAUD#GTGATCATCGCTATAG-1                -7.173694
06_0615.CAUD#AGATTCGTCGCAGATT-1                -6.422204
06_0615.CAUD#CATGTTTCAGGTAACG-1                -7.211178
                                Harmony#UMAP_Dimension_2
06_0615.CAUD#ATTACTCGTGCGTAGA-1                -14.09494
06_0615.CAUD#CTTGCCATCAGGAATA-1                -12.38251
06_0615.CAUD#CGCTGGATCCGTGCGA-1                -14.04558
06_0615.CAUD#GTGATCATCGCTATAG-1                -10.96296
06_0615.CAUD#AGATTCGTCGCAGATT-1                -13.88045
06_0615.CAUD#CATGTTTCAGGTAACG-1                -10.00581



2020-10-02 18:13:37 : 

2020-10-02 18:13:37 : 

2020-10-02 18:13:37 : FeatureDF, Class = DFrame
DataFrame with 24919 rows and 6 columns
      seqnames     start       end  strand         name     idx
         <Rle>   <array>   <array> <array>      <array> <array>
1         chr1     69091     70008       1        OR4F5       1
2         chr1    140339    139790       2    LOC729737       2
3         chr1    629010    585990       2 LOC101928626       3
4         chr1    817371    819837       1       FAM87B       4
5         chr1    825138    859446       1    LINC01128       5
...        ...       ...       ...     ...          ...     ...
24915     chrX 155264589 155258241       2       RAB39B     952
24916     chrX 155334657 155276211       2        CLIC2     953
24917     chrX 155380787 155381134       1       H2AFB1     954
24918     chrX 155382115 155383230       1         F8A2     955
24919     chrX 155669944 155490115       2        TMLHE     956


2020-10-02 18:13:37 : idx, Class = integer

idx: length = 6
[1] 10106  7474 13617  5565 16737 13261



2020-10-02 18:13:37 : FeatureDF-Subset, Class = DFrame
DataFrame with 6 rows and 6 columns
  seqnames    start      end  strand      name     idx
     <Rle>  <array>  <array> <array>   <array> <array>
1    chr17 39626740 39636626       1   PPP1R1B     620
2    chr14 99271524 99169287       2    BCL11B     656
3     chr2 98936259 98793846       2 KIAA1211L     668
4    chr12 54549350 54579239       1     PDE1B     580
5     chr3 71583989 70954693       2     FOXP1     605
6     chr2 44941898 44946077       1      SIX3     312


2020-10-02 18:13:46 : Feature-Matrix, Class = dgCMatrix
Feature-Matrix: nRows = 6, nCols = 26694
Feature-Matrix: NonZeroEntries = 79796, EntryRange = [ 0.032 , 104.861 ]
5 x 5 sparse Matrix of class "dgCMatrix"
     06_0615.CAUD#ATTACTCGTGCGTAGA-1 06_0615.CAUD#CTTGCCATCAGGAATA-1
[1,]                           1.003                           1.291
[2,]                           1.197                           1.117
[3,]                           0.596                           1.379
[4,]                           0.341                           0.989
[5,]                           2.080                           2.990
     06_0615.CAUD#CGCTGGATCCGTGCGA-1 06_0615.CAUD#GTGATCATCGCTATAG-1
[1,]                           0.621                           1.366
[2,]                           0.893                           1.892
[3,]                           0.095                           1.149
[4,]                           0.396                           0.977
[5,]                           2.157                           3.909
     06_0615.CAUD#AGATTCGTCGCAGATT-1
[1,]                           1.663
[2,]                           1.799
[3,]                           1.051
[4,]                           1.043
[5,]                           2.195



2020-10-02 18:13:46 : colorMat-Before-Impute, Class = matrix
          06_0615.CAUD#ATTACTCGTGCGTAGA-1 06_0615.CAUD#CTTGCCATCAGGAATA-1
Ppp1r1b                             1.003                           1.291
Bcl11b                              1.197                           1.117
Kiaa1211l                           0.596                           1.379
Pde1b                               0.341                           0.989
Foxp1                               2.080                           2.990
          06_0615.CAUD#CGCTGGATCCGTGCGA-1 06_0615.CAUD#GTGATCATCGCTATAG-1
Ppp1r1b                             0.621                           1.366
Bcl11b                              0.893                           1.892
Kiaa1211l                           0.095                           1.149
Pde1b                               0.396                           0.977
Foxp1                               2.157                           3.909
          06_0615.CAUD#AGATTCGTCGCAGATT-1
Ppp1r1b                             1.663
Bcl11b                              1.799
Kiaa1211l                           1.051
Pde1b                               1.043
Foxp1                               2.195

colorMat-Before-Impute: nRows = 6, nCols = 26694


2020-10-02 18:13:46 : imputeMatrix Input-Parameters, Class = list

imputeMatrix Input-Parameters$mat: nRows = 6, nCols = 26694
          06_0615.CAUD#ATTACTCGTGCGTAGA-1 06_0615.CAUD#CTTGCCATCAGGAATA-1
Ppp1r1b                             1.003                           1.291
Bcl11b                              1.197                           1.117
Kiaa1211l                           0.596                           1.379
Pde1b                               0.341                           0.989
Foxp1                               2.080                           2.990
          06_0615.CAUD#CGCTGGATCCGTGCGA-1 06_0615.CAUD#GTGATCATCGCTATAG-1
Ppp1r1b                             0.621                           1.366
Bcl11b                              0.893                           1.892
Kiaa1211l                           0.095                           1.149
Pde1b                               0.396                           0.977
Foxp1                               2.157                           3.909
          06_0615.CAUD#AGATTCGTCGCAGATT-1
Ppp1r1b                             1.663
Bcl11b                              1.799
Kiaa1211l                           1.051
Pde1b                               1.043
Foxp1                               2.195


imputeMatrix Input-Parameters$threads: length = 1
[1] 10


imputeMatrix Input-Parameters$verbose: length = 1
[1] FALSE


imputeMatrix Input-Parameters$logFile: length = 1
[1] "ArchRLogs/ArchR-plotEmbedding-30c15ad916c2-Date-2020-10-02_Time-18-13-36.log"



2020-10-02 18:13:46 : mat, Class = matrix
          06_0615.CAUD#ATTACTCGTGCGTAGA-1 06_0615.CAUD#CTTGCCATCAGGAATA-1
Ppp1r1b                             1.003                           1.291
Bcl11b                              1.197                           1.117
Kiaa1211l                           0.596                           1.379
Pde1b                               0.341                           0.989
Foxp1                               2.080                           2.990
          06_0615.CAUD#CGCTGGATCCGTGCGA-1 06_0615.CAUD#GTGATCATCGCTATAG-1
Ppp1r1b                             0.621                           1.366
Bcl11b                              0.893                           1.892
Kiaa1211l                           0.095                           1.149
Pde1b                               0.396                           0.977
Foxp1                               2.157                           3.909
          06_0615.CAUD#AGATTCGTCGCAGATT-1
Ppp1r1b                             1.663
Bcl11b                              1.799
Kiaa1211l                           1.051
Pde1b                               1.043
Foxp1                               2.195

mat: nRows = 6, nCols = 26694


2020-10-02 18:13:46 : weightList, Class = SimpleList

weightList$w1: length = 1
[1] "/home/bnphan/projects/snATAC_cross_species_caudate/data/raw_data/hg38/Corces_2020/ArchR_Corces2020_caudate/ImputeWeights/Impute-Weights-Rep-1"


weightList$w2: length = 1
[1] "/home/bnphan/projects/snATAC_cross_species_caudate/data/raw_data/hg38/Corces_2020/ArchR_Corces2020_caudate/ImputeWeights/Impute-Weights-Rep-2"


2020-10-02 18:13:46 : Imputing Matrix (1 of 2), 0 mins elapsed.

2020-10-02 18:13:46 : 

2020-10-02 18:13:46 : 

2020-10-02 18:13:46 : 

2020-10-02 18:13:47 : 

2020-10-02 18:13:47 : 

2020-10-02 18:13:47 : 
2020-10-02 18:13:53 : Imputing Matrix (2 of 2), 0.103 mins elapsed.

2020-10-02 18:13:53 : 

2020-10-02 18:13:53 : 

2020-10-02 18:13:53 : 

2020-10-02 18:13:53 : 

2020-10-02 18:13:53 : 

2020-10-02 18:13:53 : 
2020-10-02 18:13:59 : Finished Imputing Matrix, 0.21 mins elapsed.

2020-10-02 18:13:59 : colorMat-After-Impute, Class = matrix
          06_0615.CAUD#ATTACTCGTGCGTAGA-1 06_0615.CAUD#CTTGCCATCAGGAATA-1
Ppp1r1b                         1.2872304                       1.0623274
Bcl11b                          1.2035894                       1.6327592
Kiaa1211l                       0.7616417                       1.0898010
Pde1b                           0.6059534                       0.9165221
Foxp1                           2.4504848                       2.9075274
          06_0615.CAUD#CGCTGGATCCGTGCGA-1 06_0615.CAUD#GTGATCATCGCTATAG-1
Ppp1r1b                         1.2309941                        1.299277
Bcl11b                          0.8210702                        2.339351
Kiaa1211l                       0.4866131                        1.668953
Pde1b                           0.4227974                        1.184406
Foxp1                           2.1211907                        3.601863
          06_0615.CAUD#AGATTCGTCGCAGATT-1
Ppp1r1b                         1.2545942
Bcl11b                          1.3569476
Kiaa1211l                       0.9154371
Pde1b                           0.7450881
Foxp1                           2.6282667

colorMat-After-Impute: nRows = 6, nCols = 26694


2020-10-02 18:13:59 : ColorParams 1, Class = list

ColorParams 1$color: length = 26694
06_0615.CAUD#ATTACTCGTGCGTAGA-1 06_0615.CAUD#CTTGCCATCAGGAATA-1 
                       1.287230                        1.062327 
06_0615.CAUD#CGCTGGATCCGTGCGA-1 06_0615.CAUD#GTGATCATCGCTATAG-1 
                       1.230994                        1.299277 
06_0615.CAUD#AGATTCGTCGCAGATT-1 06_0615.CAUD#CATGTTTCAGGTAACG-1 
                       1.254594                        1.319145 


ColorParams 1$discrete: length = 1
[1] FALSE


ColorParams 1$title: length = 1
[1] "UMAP of Harmony colored by\nGeneScoreMatrix : Ppp1r1b"


ColorParams 1$continuousSet: length = 1
[1] "horizonExtra"



2020-10-02 18:13:59 : PlotParams-1, Class = list

PlotParams-1$color: length = 26694
06_0615.CAUD#ATTACTCGTGCGTAGA-1 06_0615.CAUD#CTTGCCATCAGGAATA-1 
                       1.193602                        1.044273 
06_0615.CAUD#CGCTGGATCCGTGCGA-1 06_0615.CAUD#GTGATCATCGCTATAG-1 
                       1.157687                        1.201180 
06_0615.CAUD#AGATTCGTCGCAGATT-1 06_0615.CAUD#CATGTTTCAGGTAACG-1 
                       1.172868                        1.213593 


PlotParams-1$title: length = 1
[1] "UMAP of Harmony colored by\nGeneScoreMatrix : Ppp1r1b"


PlotParams-1$x: length = 26694
[1] -6.348971 -6.777964 -6.236875 -7.173694 -6.422204 -7.211178


PlotParams-1$y: length = 26694
[1] -14.09494 -12.38251 -14.04558 -10.96296 -13.88045 -10.00581


PlotParams-1$baseSize: length = 1
[1] 10


PlotParams-1$xlabel: length = 1
[1] "UMAP Dimension 1"


PlotParams-1$ylabel: length = 1
[1] "UMAP Dimension 2"


PlotParams-1$pal: length = 256
[1] "#000436" "#000439" "#00053D" "#000640" "#000744" "#000848"


PlotParams-1$colorTitle: length = 1
[1] "Log2(NormCounts + 1)"



2020-10-02 18:14:00 : PlotParams-2, Class = list

PlotParams-2$color: length = 26694
06_0615.CAUD#ATTACTCGTGCGTAGA-1 06_0615.CAUD#CTTGCCATCAGGAATA-1 
                      1.1398554                       1.3965756 
06_0615.CAUD#CGCTGGATCCGTGCGA-1 06_0615.CAUD#GTGATCATCGCTATAG-1 
                      0.8647866                       1.7395677 
06_0615.CAUD#AGATTCGTCGCAGATT-1 06_0615.CAUD#CATGTTTCAGGTAACG-1 
                      1.2369197                       1.8562753 


PlotParams-2$title: length = 1
[1] "UMAP of Harmony colored by\nGeneScoreMatrix : Bcl11b"


PlotParams-2$x: length = 26694
[1] -6.348971 -6.777964 -6.236875 -7.173694 -6.422204 -7.211178


PlotParams-2$y: length = 26694
[1] -14.09494 -12.38251 -14.04558 -10.96296 -13.88045 -10.00581


PlotParams-2$baseSize: length = 1
[1] 10


PlotParams-2$xlabel: length = 1
[1] "UMAP Dimension 1"


PlotParams-2$ylabel: length = 1
[1] "UMAP Dimension 2"


PlotParams-2$pal: length = 256
[1] "#000436" "#000439" "#00053D" "#000640" "#000744" "#000848"


PlotParams-2$colorTitle: length = 1
[1] "Log2(NormCounts + 1)"



2020-10-02 18:14:00 : PlotParams-3, Class = list

PlotParams-3$color: length = 26694
06_0615.CAUD#ATTACTCGTGCGTAGA-1 06_0615.CAUD#CTTGCCATCAGGAATA-1 
                      0.8169205                       1.0633656 
06_0615.CAUD#CGCTGGATCCGTGCGA-1 06_0615.CAUD#GTGATCATCGCTATAG-1 
                      0.5720292                       1.4162737 
06_0615.CAUD#AGATTCGTCGCAGATT-1 06_0615.CAUD#CATGTTTCAGGTAACG-1 
                      0.9376736                       1.5045878 


PlotParams-3$title: length = 1
[1] "UMAP of Harmony colored by\nGeneScoreMatrix : Kiaa1211l"


PlotParams-3$x: length = 26694
[1] -6.348971 -6.777964 -6.236875 -7.173694 -6.422204 -7.211178


PlotParams-3$y: length = 26694
[1] -14.09494 -12.38251 -14.04558 -10.96296 -13.88045 -10.00581


PlotParams-3$baseSize: length = 1
[1] 10


PlotParams-3$xlabel: length = 1
[1] "UMAP Dimension 1"


PlotParams-3$ylabel: length = 1
[1] "UMAP Dimension 2"


PlotParams-3$pal: length = 256
[1] "#000436" "#000439" "#00053D" "#000640" "#000744" "#000848"


PlotParams-3$colorTitle: length = 1
[1] "Log2(NormCounts + 1)"



2020-10-02 18:14:00 : PlotParams-4, Class = list

PlotParams-4$color: length = 26694
06_0615.CAUD#ATTACTCGTGCGTAGA-1 06_0615.CAUD#CTTGCCATCAGGAATA-1 
                      0.6834300                       0.9384906 
06_0615.CAUD#CGCTGGATCCGTGCGA-1 06_0615.CAUD#GTGATCATCGCTATAG-1 
                      0.5087303                       1.1272411 
06_0615.CAUD#AGATTCGTCGCAGATT-1 06_0615.CAUD#CATGTTTCAGGTAACG-1 
                      0.8032999                       1.1700213 


PlotParams-4$title: length = 1
[1] "UMAP of Harmony colored by\nGeneScoreMatrix : Pde1b"


PlotParams-4$x: length = 26694
[1] -6.348971 -6.777964 -6.236875 -7.173694 -6.422204 -7.211178


PlotParams-4$y: length = 26694
[1] -14.09494 -12.38251 -14.04558 -10.96296 -13.88045 -10.00581


PlotParams-4$baseSize: length = 1
[1] 10


PlotParams-4$xlabel: length = 1
[1] "UMAP Dimension 1"


PlotParams-4$ylabel: length = 1
[1] "UMAP Dimension 2"


PlotParams-4$pal: length = 256
[1] "#000436" "#000439" "#00053D" "#000640" "#000744" "#000848"


PlotParams-4$colorTitle: length = 1
[1] "Log2(NormCounts + 1)"



2020-10-02 18:14:00 : PlotParams-5, Class = list

PlotParams-5$color: length = 26694
06_0615.CAUD#ATTACTCGTGCGTAGA-1 06_0615.CAUD#CTTGCCATCAGGAATA-1 
                       1.786799                        1.966256 
06_0615.CAUD#CGCTGGATCCGTGCGA-1 06_0615.CAUD#GTGATCATCGCTATAG-1 
                       1.642096                        2.202218 
06_0615.CAUD#AGATTCGTCGCAGATT-1 06_0615.CAUD#CATGTTTCAGGTAACG-1 
                       1.859281                        2.335784 


PlotParams-5$title: length = 1
[1] "UMAP of Harmony colored by\nGeneScoreMatrix : Foxp1"


PlotParams-5$x: length = 26694
[1] -6.348971 -6.777964 -6.236875 -7.173694 -6.422204 -7.211178


PlotParams-5$y: length = 26694
[1] -14.09494 -12.38251 -14.04558 -10.96296 -13.88045 -10.00581


PlotParams-5$baseSize: length = 1
[1] 10


PlotParams-5$xlabel: length = 1
[1] "UMAP Dimension 1"


PlotParams-5$ylabel: length = 1
[1] "UMAP Dimension 2"


PlotParams-5$pal: length = 256
[1] "#000436" "#000439" "#00053D" "#000640" "#000744" "#000848"


PlotParams-5$colorTitle: length = 1
[1] "Log2(NormCounts + 1)"



2020-10-02 18:14:01 : PlotParams-6, Class = list

PlotParams-6$color: length = 26694
06_0615.CAUD#ATTACTCGTGCGTAGA-1 06_0615.CAUD#CTTGCCATCAGGAATA-1 
                       1.458104                        1.131708 
06_0615.CAUD#CGCTGGATCCGTGCGA-1 06_0615.CAUD#GTGATCATCGCTATAG-1 
                       1.341408                        1.142749 
06_0615.CAUD#AGATTCGTCGCAGATT-1 06_0615.CAUD#CATGTTTCAGGTAACG-1 
                       1.206894                        1.137698 


PlotParams-6$title: length = 1
[1] "UMAP of Harmony colored by\nGeneScoreMatrix : Six3"


PlotParams-6$x: length = 26694
[1] -6.348971 -6.777964 -6.236875 -7.173694 -6.422204 -7.211178


PlotParams-6$y: length = 26694
[1] -14.09494 -12.38251 -14.04558 -10.96296 -13.88045 -10.00581


PlotParams-6$baseSize: length = 1
[1] 10


PlotParams-6$xlabel: length = 1
[1] "UMAP Dimension 1"


PlotParams-6$ylabel: length = 1
[1] "UMAP Dimension 2"


PlotParams-6$pal: length = 256
[1] "#000436" "#000439" "#00053D" "#000640" "#000744" "#000848"


PlotParams-6$colorTitle: length = 1
[1] "Log2(NormCounts + 1)"



------- Completed

End Time : 2020-10-02 18:14:01
Elapsed Time Minutes = 0.422308206558228
Elapsed Time Hours = 0.00703852083947923

-------



