
           ___      .______        ______  __    __  .______      
          /   \     |   _  \      /      ||  |  |  | |   _  \     
         /  ^  \    |  |_)  |    |  ,----'|  |__|  | |  |_)  |    
        /  /_\  \   |      /     |  |     |   __   | |      /     
       /  _____  \  |  |\  \\___ |  `----.|  |  |  | |  |\  \\___.
      /__/     \__\ | _| `._____| \______||__|  |__| | _| `._____|
    
Logging With ArchR!

Start Time : 2020-10-02 18:47:12

------- ArchR Info

ArchRThreads = 10
ArchRGenome = Hg38

------- System Info

Computer OS = unix
Total Cores = 64

------- Session Info

R version 3.6.3 (2020-02-29)
Platform: x86_64-conda_cos6-linux-gnu (64-bit)
Running under: CentOS Linux 7 (Core)

Matrix products: default
BLAS/LAPACK: /home/bnphan/miniconda3/lib/libmkl_rt.so

locale:
 [1] LC_CTYPE=en_US.UTF-8       LC_NUMERIC=C              
 [3] LC_TIME=en_US.UTF-8        LC_COLLATE=en_US.UTF-8    
 [5] LC_MONETARY=en_US.UTF-8    LC_MESSAGES=en_US.UTF-8   
 [7] LC_PAPER=en_US.UTF-8       LC_NAME=C                 
 [9] LC_ADDRESS=C               LC_TELEPHONE=C            
[11] LC_MEASUREMENT=en_US.UTF-8 LC_IDENTIFICATION=C       

attached base packages:
[1] parallel  stats4    stats     graphics  grDevices utils     datasets 
[8] methods   base     

other attached packages:
 [1] gtable_0.3.0                ArchR_0.9.5                
 [3] magrittr_1.5                rhdf5_2.30.1               
 [5] Matrix_1.2-18               data.table_1.13.0          
 [7] SummarizedExperiment_1.16.1 DelayedArray_0.12.3        
 [9] BiocParallel_1.20.1         matrixStats_0.57.0         
[11] Biobase_2.46.0              GenomicRanges_1.38.0       
[13] GenomeInfoDb_1.22.1         IRanges_2.20.2             
[15] S4Vectors_0.24.4            BiocGenerics_0.32.0        
[17] ggplot2_3.3.2               colorout_1.2-2             

loaded via a namespace (and not attached):
 [1] BSgenome.Hsapiens.UCSC.hg38_1.4.1 Rcpp_1.0.5                       
 [3] lattice_0.20-41                   Rsamtools_2.2.3                  
 [5] Biostrings_2.54.0                 gtools_3.8.2                     
 [7] digest_0.6.25                     IRdisplay_0.7.0                  
 [9] plyr_1.8.6                        R6_2.4.1                         
[11] repr_1.1.0                        evaluate_0.14                    
[13] pillar_1.4.6                      zlibbioc_1.32.0                  
[15] rlang_0.4.7                       uuid_0.1-4                       
[17] hexbin_1.28.1                     labeling_0.3                     
[19] stringr_1.4.0                     pheatmap_1.0.12                  
[21] RCurl_1.98-1.2                    munsell_0.5.0                    
[23] compiler_3.6.3                    rtracklayer_1.46.0               
[25] pkgconfig_2.0.3                   base64enc_0.1-3                  
[27] htmltools_0.5.0                   tidyselect_1.1.0                 
[29] tibble_3.0.3                      GenomeInfoDbData_1.2.2           
[31] XML_3.99-0.3                      crayon_1.3.4                     
[33] dplyr_1.0.2                       withr_2.3.0                      
[35] GenomicAlignments_1.22.1          bitops_1.0-6                     
[37] grid_3.6.3                        jsonlite_1.7.1                   
[39] lifecycle_0.2.0                   scales_1.1.1                     
[41] stringi_1.5.3                     farver_2.0.3                     
[43] XVector_0.26.0                    ellipsis_0.3.1                   
[45] generics_0.0.2                    vctrs_0.3.4                      
[47] cowplot_1.1.0                     IRkernel_1.1.1                   
[49] Rhdf5lib_1.8.0                    RColorBrewer_1.1-2               
[51] tools_3.6.3                       Cairo_1.5-12.2                   
[53] BSgenome_1.54.0                   glue_1.4.2                       
[55] purrr_0.3.4                       colorspace_1.4-1                 
[57] pbdZMQ_0.3-3                     


------- Log Info


2020-10-02 18:47:12 : Input-Parameters, Class = list

Input-Parameters$ArchRProj: length = 1
class: ArchRProject 
outputDirectory: /home/bnphan/projects/snATAC_cross_species_caudate/data/raw_data/hg38/Corces_2020/ArchR_Corces2020_caudate 
samples(3): 06_0615.CAUD 09_1589.CAUD 14_1018.CAUD
sampleColData names(1): ArrowFiles
cellColData names(19): Sample TSSEnrichment ... Clusters Clusters2
numberOfCells(1): 1
medianTSS(1): 9.196
medianFrags(1): 80840


Input-Parameters$embedding: length = 1
[1] "UMAP"


Input-Parameters$colorBy: length = 1
[1] "GeneScoreMatrix"


Input-Parameters$name: length = 10
[1] "Des"    "Acta2"  "Tbx18"  "Vcam1"  "Vtn"    "Ifitm1"


Input-Parameters$log2Norm: length = 0
NULL


Input-Parameters$pal: length = 0
NULL


Input-Parameters$size: length = 1
[1] 0.1


Input-Parameters$sampleCells: length = 0
NULL


Input-Parameters$highlightCells: length = 0
NULL


Input-Parameters$rastr: length = 1
[1] TRUE


Input-Parameters$quantCut: length = 2
[1] 0.01 0.99


Input-Parameters$discreteSet: length = 0
NULL


Input-Parameters$continuousSet: length = 0
NULL


Input-Parameters$randomize: length = 1
[1] TRUE


Input-Parameters$keepAxis: length = 1
[1] FALSE


Input-Parameters$baseSize: length = 1
[1] 10


Input-Parameters$plotAs: length = 0
NULL


Input-Parameters$threads: length = 1
[1] 10


Input-Parameters$logFile: length = 1
[1] "ArchRLogs/ArchR-plotEmbedding-30ca17a852d3b-Date-2020-10-02_Time-18-47-12.log"



2020-10-02 18:47:12 : 

2020-10-02 18:47:12 : Embedding data.frame, Class = data.frame
Embedding data.frame: nRows = 26694, nCols = 2
                                Harmony#UMAP_Dimension_1
06_0615.CAUD#ATTACTCGTGCGTAGA-1                -6.348971
06_0615.CAUD#CTTGCCATCAGGAATA-1                -6.777964
06_0615.CAUD#CGCTGGATCCGTGCGA-1                -6.236875
06_0615.CAUD#GTGATCATCGCTATAG-1                -7.173694
06_0615.CAUD#AGATTCGTCGCAGATT-1                -6.422204
06_0615.CAUD#CATGTTTCAGGTAACG-1                -7.211178
                                Harmony#UMAP_Dimension_2
06_0615.CAUD#ATTACTCGTGCGTAGA-1                -14.09494
06_0615.CAUD#CTTGCCATCAGGAATA-1                -12.38251
06_0615.CAUD#CGCTGGATCCGTGCGA-1                -14.04558
06_0615.CAUD#GTGATCATCGCTATAG-1                -10.96296
06_0615.CAUD#AGATTCGTCGCAGATT-1                -13.88045
06_0615.CAUD#CATGTTTCAGGTAACG-1                -10.00581



2020-10-02 18:47:12 : 

2020-10-02 18:47:12 : 

2020-10-02 18:47:12 : FeatureDF, Class = DFrame
DataFrame with 24919 rows and 6 columns
      seqnames     start       end  strand         name     idx
         <Rle>   <array>   <array> <array>      <array> <array>
1         chr1     69091     70008       1        OR4F5       1
2         chr1    140339    139790       2    LOC729737       2
3         chr1    629010    585990       2 LOC101928626       3
4         chr1    817371    819837       1       FAM87B       4
5         chr1    825138    859446       1    LINC01128       5
...        ...       ...       ...     ...          ...     ...
24915     chrX 155264589 155258241       2       RAB39B     952
24916     chrX 155334657 155276211       2        CLIC2     953
24917     chrX 155380787 155381134       1       H2AFB1     954
24918     chrX 155382115 155383230       1         F8A2     955
24919     chrX 155669944 155490115       2        TMLHE     956


2020-10-02 18:47:12 : idx, Class = integer

idx: length = 10
[1] 14327  3014 20465  1123  9913  3435



2020-10-02 18:47:12 : FeatureDF-Subset, Class = DFrame
DataFrame with 10 rows and 6 columns
   seqnames     start       end  strand    name     idx
      <Rle>   <array>   <array> <array> <array> <array>
1      chr2 219418377 219426739       1     DES    1378
2     chr10  88991390  88935074       2   ACTA2     562
3      chr6  84764519  84687373       2   TBX18     810
4      chr1 100719742 100739045       1   VCAM1    1123
5     chr17  28373091  28367276       2     VTN     427
6     chr11    308408    315272       1  IFITM1      13
7     chr15  89815401  89784889       2   ANPEP     730
8      chr9  92404696  92383967       2     OGN     414
9     chr12  91111831  91102629       2     LUM     849
10    chr12  91183123  91140484       2     DCN     850


2020-10-02 18:47:23 : Feature-Matrix, Class = dgCMatrix
Feature-Matrix: nRows = 10, nCols = 26694
Feature-Matrix: NonZeroEntries = 47761, EntryRange = [ 0.026 , 22.949 ]
5 x 5 sparse Matrix of class "dgCMatrix"
     06_0615.CAUD#ATTACTCGTGCGTAGA-1 06_0615.CAUD#CTTGCCATCAGGAATA-1
[1,]                           0.546                           0.197
[2,]                           0.096                           0.312
[3,]                           0.072                           0.039
[4,]                           0.035                           0.364
[5,]                           0.149                           .    
     06_0615.CAUD#CGCTGGATCCGTGCGA-1 06_0615.CAUD#GTGATCATCGCTATAG-1
[1,]                           .                               .    
[2,]                           .                               0.234
[3,]                           .                               0.220
[4,]                           0.400                           0.292
[5,]                           0.863                           0.507
     06_0615.CAUD#AGATTCGTCGCAGATT-1
[1,]                           .    
[2,]                           0.102
[3,]                           0.105
[4,]                           0.284
[5,]                           0.330



2020-10-02 18:47:23 : colorMat-Before-Impute, Class = matrix
      06_0615.CAUD#ATTACTCGTGCGTAGA-1 06_0615.CAUD#CTTGCCATCAGGAATA-1
Des                             0.546                           0.197
Acta2                           0.096                           0.312
Tbx18                           0.072                           0.039
Vcam1                           0.035                           0.364
Vtn                             0.149                           0.000
      06_0615.CAUD#CGCTGGATCCGTGCGA-1 06_0615.CAUD#GTGATCATCGCTATAG-1
Des                             0.000                           0.000
Acta2                           0.000                           0.234
Tbx18                           0.000                           0.220
Vcam1                           0.400                           0.292
Vtn                             0.863                           0.507
      06_0615.CAUD#AGATTCGTCGCAGATT-1
Des                             0.000
Acta2                           0.102
Tbx18                           0.105
Vcam1                           0.284
Vtn                             0.330

colorMat-Before-Impute: nRows = 10, nCols = 26694


2020-10-02 18:47:23 : imputeMatrix Input-Parameters, Class = list

imputeMatrix Input-Parameters$mat: nRows = 10, nCols = 26694
      06_0615.CAUD#ATTACTCGTGCGTAGA-1 06_0615.CAUD#CTTGCCATCAGGAATA-1
Des                             0.546                           0.197
Acta2                           0.096                           0.312
Tbx18                           0.072                           0.039
Vcam1                           0.035                           0.364
Vtn                             0.149                           0.000
      06_0615.CAUD#CGCTGGATCCGTGCGA-1 06_0615.CAUD#GTGATCATCGCTATAG-1
Des                             0.000                           0.000
Acta2                           0.000                           0.234
Tbx18                           0.000                           0.220
Vcam1                           0.400                           0.292
Vtn                             0.863                           0.507
      06_0615.CAUD#AGATTCGTCGCAGATT-1
Des                             0.000
Acta2                           0.102
Tbx18                           0.105
Vcam1                           0.284
Vtn                             0.330


imputeMatrix Input-Parameters$threads: length = 1
[1] 10


imputeMatrix Input-Parameters$verbose: length = 1
[1] FALSE


imputeMatrix Input-Parameters$logFile: length = 1
[1] "ArchRLogs/ArchR-plotEmbedding-30ca17a852d3b-Date-2020-10-02_Time-18-47-12.log"



2020-10-02 18:47:23 : mat, Class = matrix
      06_0615.CAUD#ATTACTCGTGCGTAGA-1 06_0615.CAUD#CTTGCCATCAGGAATA-1
Des                             0.546                           0.197
Acta2                           0.096                           0.312
Tbx18                           0.072                           0.039
Vcam1                           0.035                           0.364
Vtn                             0.149                           0.000
      06_0615.CAUD#CGCTGGATCCGTGCGA-1 06_0615.CAUD#GTGATCATCGCTATAG-1
Des                             0.000                           0.000
Acta2                           0.000                           0.234
Tbx18                           0.000                           0.220
Vcam1                           0.400                           0.292
Vtn                             0.863                           0.507
      06_0615.CAUD#AGATTCGTCGCAGATT-1
Des                             0.000
Acta2                           0.102
Tbx18                           0.105
Vcam1                           0.284
Vtn                             0.330

mat: nRows = 10, nCols = 26694


2020-10-02 18:47:23 : weightList, Class = SimpleList

weightList$w1: length = 1
[1] "/home/bnphan/projects/snATAC_cross_species_caudate/data/raw_data/hg38/Corces_2020/ArchR_Corces2020_caudate/ImputeWeights/Impute-Weights-Rep-1"


weightList$w2: length = 1
[1] "/home/bnphan/projects/snATAC_cross_species_caudate/data/raw_data/hg38/Corces_2020/ArchR_Corces2020_caudate/ImputeWeights/Impute-Weights-Rep-2"


2020-10-02 18:47:23 : Imputing Matrix (1 of 2), 0 mins elapsed.

2020-10-02 18:47:23 : 

2020-10-02 18:47:23 : 

2020-10-02 18:47:23 : 

2020-10-02 18:47:23 : 

2020-10-02 18:47:23 : 

2020-10-02 18:47:24 : 
2020-10-02 18:47:30 : Imputing Matrix (2 of 2), 0.114 mins elapsed.

2020-10-02 18:47:30 : 

2020-10-02 18:47:30 : 

2020-10-02 18:47:30 : 

2020-10-02 18:47:30 : 

2020-10-02 18:47:31 : 

2020-10-02 18:47:31 : 
2020-10-02 18:47:37 : Finished Imputing Matrix, 0.231 mins elapsed.

2020-10-02 18:47:37 : colorMat-After-Impute, Class = matrix
      06_0615.CAUD#ATTACTCGTGCGTAGA-1 06_0615.CAUD#CTTGCCATCAGGAATA-1
Des                        0.06337212                      0.05908147
Acta2                      0.19823687                      0.18604414
Tbx18                      0.11121332                      0.12527881
Vcam1                      0.19036728                      0.17745345
Vtn                        0.38303982                      0.58954139
      06_0615.CAUD#CGCTGGATCCGTGCGA-1 06_0615.CAUD#GTGATCATCGCTATAG-1
Des                        0.05322903                      0.06374821
Acta2                      0.34487008                      0.17165110
Tbx18                      0.11787204                      0.14931690
Vcam1                      0.18639821                      0.20812557
Vtn                        0.45948020                      0.82979243
      06_0615.CAUD#AGATTCGTCGCAGATT-1
Des                        0.09349304
Acta2                      0.20338924
Tbx18                      0.12110334
Vcam1                      0.21921191
Vtn                        0.52052417

colorMat-After-Impute: nRows = 10, nCols = 26694


2020-10-02 18:47:37 : ColorParams 1, Class = list

ColorParams 1$color: length = 26694
06_0615.CAUD#ATTACTCGTGCGTAGA-1 06_0615.CAUD#CTTGCCATCAGGAATA-1 
                     0.06337212                      0.05908147 
06_0615.CAUD#CGCTGGATCCGTGCGA-1 06_0615.CAUD#GTGATCATCGCTATAG-1 
                     0.05322903                      0.06374821 
06_0615.CAUD#AGATTCGTCGCAGATT-1 06_0615.CAUD#CATGTTTCAGGTAACG-1 
                     0.09349304                      0.08688707 


ColorParams 1$discrete: length = 1
[1] FALSE


ColorParams 1$title: length = 1
[1] "UMAP of Harmony colored by\nGeneScoreMatrix : Des"


ColorParams 1$continuousSet: length = 1
[1] "horizonExtra"



2020-10-02 18:47:37 : PlotParams-1, Class = list

PlotParams-1$color: length = 26694
06_0615.CAUD#ATTACTCGTGCGTAGA-1 06_0615.CAUD#CTTGCCATCAGGAATA-1 
                     0.08864654                      0.08281357 
06_0615.CAUD#CGCTGGATCCGTGCGA-1 06_0615.CAUD#GTGATCATCGCTATAG-1 
                     0.07481919                      0.08915671 
06_0615.CAUD#AGATTCGTCGCAGATT-1 06_0615.CAUD#CATGTTTCAGGTAACG-1 
                     0.12894404                      0.12020205 


PlotParams-1$title: length = 1
[1] "UMAP of Harmony colored by\nGeneScoreMatrix : Des"


PlotParams-1$x: length = 26694
[1] -6.348971 -6.777964 -6.236875 -7.173694 -6.422204 -7.211178


PlotParams-1$y: length = 26694
[1] -14.09494 -12.38251 -14.04558 -10.96296 -13.88045 -10.00581


PlotParams-1$baseSize: length = 1
[1] 10


PlotParams-1$xlabel: length = 1
[1] "UMAP Dimension 1"


PlotParams-1$ylabel: length = 1
[1] "UMAP Dimension 2"


PlotParams-1$pal: length = 256
[1] "#000436" "#000439" "#00053D" "#000640" "#000744" "#000848"


PlotParams-1$colorTitle: length = 1
[1] "Log2(NormCounts + 1)"



2020-10-02 18:47:38 : PlotParams-2, Class = list

PlotParams-2$color: length = 26694
06_0615.CAUD#ATTACTCGTGCGTAGA-1 06_0615.CAUD#CTTGCCATCAGGAATA-1 
                      0.2609131                       0.2461577 
06_0615.CAUD#CGCTGGATCCGTGCGA-1 06_0615.CAUD#GTGATCATCGCTATAG-1 
                      0.4274668                       0.2285430 
06_0615.CAUD#AGATTCGTCGCAGATT-1 06_0615.CAUD#CATGTTTCAGGTAACG-1 
                      0.2671034                       0.1609398 


PlotParams-2$title: length = 1
[1] "UMAP of Harmony colored by\nGeneScoreMatrix : Acta2"


PlotParams-2$x: length = 26694
[1] -6.348971 -6.777964 -6.236875 -7.173694 -6.422204 -7.211178


PlotParams-2$y: length = 26694
[1] -14.09494 -12.38251 -14.04558 -10.96296 -13.88045 -10.00581


PlotParams-2$baseSize: length = 1
[1] 10


PlotParams-2$xlabel: length = 1
[1] "UMAP Dimension 1"


PlotParams-2$ylabel: length = 1
[1] "UMAP Dimension 2"


PlotParams-2$pal: length = 256
[1] "#000436" "#000439" "#00053D" "#000640" "#000744" "#000848"


PlotParams-2$colorTitle: length = 1
[1] "Log2(NormCounts + 1)"



2020-10-02 18:47:38 : PlotParams-3, Class = list

PlotParams-3$color: length = 26694
06_0615.CAUD#ATTACTCGTGCGTAGA-1 06_0615.CAUD#CTTGCCATCAGGAATA-1 
                      0.1521358                       0.1702825 
06_0615.CAUD#CGCTGGATCCGTGCGA-1 06_0615.CAUD#GTGATCATCGCTATAG-1 
                      0.1607551                       0.2007766 
06_0615.CAUD#AGATTCGTCGCAGATT-1 06_0615.CAUD#CATGTTTCAGGTAACG-1 
                      0.1649193                       0.1748687 


PlotParams-3$title: length = 1
[1] "UMAP of Harmony colored by\nGeneScoreMatrix : Tbx18"


PlotParams-3$x: length = 26694
[1] -6.348971 -6.777964 -6.236875 -7.173694 -6.422204 -7.211178


PlotParams-3$y: length = 26694
[1] -14.09494 -12.38251 -14.04558 -10.96296 -13.88045 -10.00581


PlotParams-3$baseSize: length = 1
[1] 10


PlotParams-3$xlabel: length = 1
[1] "UMAP Dimension 1"


PlotParams-3$ylabel: length = 1
[1] "UMAP Dimension 2"


PlotParams-3$pal: length = 256
[1] "#000436" "#000439" "#00053D" "#000640" "#000744" "#000848"


PlotParams-3$colorTitle: length = 1
[1] "Log2(NormCounts + 1)"



2020-10-02 18:47:38 : PlotParams-4, Class = list

PlotParams-4$color: length = 26694
06_0615.CAUD#ATTACTCGTGCGTAGA-1 06_0615.CAUD#CTTGCCATCAGGAATA-1 
                      0.2514068                       0.2356700 
06_0615.CAUD#CGCTGGATCCGTGCGA-1 06_0615.CAUD#GTGATCATCGCTATAG-1 
                      0.2465883                       0.2727704 
06_0615.CAUD#AGATTCGTCGCAGATT-1 06_0615.CAUD#CATGTTTCAGGTAACG-1 
                      0.2859489                       0.2578921 


PlotParams-4$title: length = 1
[1] "UMAP of Harmony colored by\nGeneScoreMatrix : Vcam1"


PlotParams-4$x: length = 26694
[1] -6.348971 -6.777964 -6.236875 -7.173694 -6.422204 -7.211178


PlotParams-4$y: length = 26694
[1] -14.09494 -12.38251 -14.04558 -10.96296 -13.88045 -10.00581


PlotParams-4$baseSize: length = 1
[1] 10


PlotParams-4$xlabel: length = 1
[1] "UMAP Dimension 1"


PlotParams-4$ylabel: length = 1
[1] "UMAP Dimension 2"


PlotParams-4$pal: length = 256
[1] "#000436" "#000439" "#00053D" "#000640" "#000744" "#000848"


PlotParams-4$colorTitle: length = 1
[1] "Log2(NormCounts + 1)"



2020-10-02 18:47:39 : PlotParams-5, Class = list

PlotParams-5$color: length = 26694
06_0615.CAUD#ATTACTCGTGCGTAGA-1 06_0615.CAUD#CTTGCCATCAGGAATA-1 
                      0.4678427                       0.6686106 
06_0615.CAUD#CGCTGGATCCGTGCGA-1 06_0615.CAUD#GTGATCATCGCTATAG-1 
                      0.5454546                       0.8716800 
06_0615.CAUD#AGATTCGTCGCAGATT-1 06_0615.CAUD#CATGTTTCAGGTAACG-1 
                      0.6045688                       0.8414029 


PlotParams-5$title: length = 1
[1] "UMAP of Harmony colored by\nGeneScoreMatrix : Vtn"


PlotParams-5$x: length = 26694
[1] -6.348971 -6.777964 -6.236875 -7.173694 -6.422204 -7.211178


PlotParams-5$y: length = 26694
[1] -14.09494 -12.38251 -14.04558 -10.96296 -13.88045 -10.00581


PlotParams-5$baseSize: length = 1
[1] 10


PlotParams-5$xlabel: length = 1
[1] "UMAP Dimension 1"


PlotParams-5$ylabel: length = 1
[1] "UMAP Dimension 2"


PlotParams-5$pal: length = 256
[1] "#000436" "#000439" "#00053D" "#000640" "#000744" "#000848"


PlotParams-5$colorTitle: length = 1
[1] "Log2(NormCounts + 1)"



2020-10-02 18:47:39 : PlotParams-6, Class = list

PlotParams-6$color: length = 26694
06_0615.CAUD#ATTACTCGTGCGTAGA-1 06_0615.CAUD#CTTGCCATCAGGAATA-1 
                      0.5811240                       0.4920165 
06_0615.CAUD#CGCTGGATCCGTGCGA-1 06_0615.CAUD#GTGATCATCGCTATAG-1 
                      0.7739091                       0.2795559 
06_0615.CAUD#AGATTCGTCGCAGATT-1 06_0615.CAUD#CATGTTTCAGGTAACG-1 
                      0.6534817                       0.2865983 


PlotParams-6$title: length = 1
[1] "UMAP of Harmony colored by\nGeneScoreMatrix : Ifitm1"


PlotParams-6$x: length = 26694
[1] -6.348971 -6.777964 -6.236875 -7.173694 -6.422204 -7.211178


PlotParams-6$y: length = 26694
[1] -14.09494 -12.38251 -14.04558 -10.96296 -13.88045 -10.00581


PlotParams-6$baseSize: length = 1
[1] 10


PlotParams-6$xlabel: length = 1
[1] "UMAP Dimension 1"


PlotParams-6$ylabel: length = 1
[1] "UMAP Dimension 2"


PlotParams-6$pal: length = 256
[1] "#000436" "#000439" "#00053D" "#000640" "#000744" "#000848"


PlotParams-6$colorTitle: length = 1
[1] "Log2(NormCounts + 1)"



2020-10-02 18:47:39 : PlotParams-7, Class = list

PlotParams-7$color: length = 26694
06_0615.CAUD#ATTACTCGTGCGTAGA-1 06_0615.CAUD#CTTGCCATCAGGAATA-1 
                     0.08412045                      0.13288615 
06_0615.CAUD#CGCTGGATCCGTGCGA-1 06_0615.CAUD#GTGATCATCGCTATAG-1 
                     0.14118616                      0.14651031 
06_0615.CAUD#AGATTCGTCGCAGATT-1 06_0615.CAUD#CATGTTTCAGGTAACG-1 
                     0.08772652                      0.13475506 


PlotParams-7$title: length = 1
[1] "UMAP of Harmony colored by\nGeneScoreMatrix : Anpep"


PlotParams-7$x: length = 26694
[1] -6.348971 -6.777964 -6.236875 -7.173694 -6.422204 -7.211178


PlotParams-7$y: length = 26694
[1] -14.09494 -12.38251 -14.04558 -10.96296 -13.88045 -10.00581


PlotParams-7$baseSize: length = 1
[1] 10


PlotParams-7$xlabel: length = 1
[1] "UMAP Dimension 1"


PlotParams-7$ylabel: length = 1
[1] "UMAP Dimension 2"


PlotParams-7$pal: length = 256
[1] "#000436" "#000439" "#00053D" "#000640" "#000744" "#000848"


PlotParams-7$colorTitle: length = 1
[1] "Log2(NormCounts + 1)"



2020-10-02 18:47:39 : PlotParams-8, Class = list

PlotParams-8$color: length = 26694
06_0615.CAUD#ATTACTCGTGCGTAGA-1 06_0615.CAUD#CTTGCCATCAGGAATA-1 
                     0.09909771                      0.12527035 
06_0615.CAUD#CGCTGGATCCGTGCGA-1 06_0615.CAUD#GTGATCATCGCTATAG-1 
                     0.08436069                      0.12375895 
06_0615.CAUD#AGATTCGTCGCAGATT-1 06_0615.CAUD#CATGTTTCAGGTAACG-1 
                     0.09949220                      0.11250319 


PlotParams-8$title: length = 1
[1] "UMAP of Harmony colored by\nGeneScoreMatrix : Ogn"


PlotParams-8$x: length = 26694
[1] -6.348971 -6.777964 -6.236875 -7.173694 -6.422204 -7.211178


PlotParams-8$y: length = 26694
[1] -14.09494 -12.38251 -14.04558 -10.96296 -13.88045 -10.00581


PlotParams-8$baseSize: length = 1
[1] 10


PlotParams-8$xlabel: length = 1
[1] "UMAP Dimension 1"


PlotParams-8$ylabel: length = 1
[1] "UMAP Dimension 2"


PlotParams-8$pal: length = 256
[1] "#000436" "#000439" "#00053D" "#000640" "#000744" "#000848"


PlotParams-8$colorTitle: length = 1
[1] "Log2(NormCounts + 1)"



2020-10-02 18:47:40 : PlotParams-9, Class = list

PlotParams-9$color: length = 26694
06_0615.CAUD#ATTACTCGTGCGTAGA-1 06_0615.CAUD#CTTGCCATCAGGAATA-1 
                     0.09783774                      0.10031082 
06_0615.CAUD#CGCTGGATCCGTGCGA-1 06_0615.CAUD#GTGATCATCGCTATAG-1 
                     0.09437806                      0.07587042 
06_0615.CAUD#AGATTCGTCGCAGATT-1 06_0615.CAUD#CATGTTTCAGGTAACG-1 
                     0.08381534                      0.08577417 


PlotParams-9$title: length = 1
[1] "UMAP of Harmony colored by\nGeneScoreMatrix : Lum"


PlotParams-9$x: length = 26694
[1] -6.348971 -6.777964 -6.236875 -7.173694 -6.422204 -7.211178


PlotParams-9$y: length = 26694
[1] -14.09494 -12.38251 -14.04558 -10.96296 -13.88045 -10.00581


PlotParams-9$baseSize: length = 1
[1] 10


PlotParams-9$xlabel: length = 1
[1] "UMAP Dimension 1"


PlotParams-9$ylabel: length = 1
[1] "UMAP Dimension 2"


PlotParams-9$pal: length = 256
[1] "#000436" "#000439" "#00053D" "#000640" "#000744" "#000848"


PlotParams-9$colorTitle: length = 1
[1] "Log2(NormCounts + 1)"



2020-10-02 18:47:40 : PlotParams-10, Class = list

PlotParams-10$color: length = 26694
06_0615.CAUD#ATTACTCGTGCGTAGA-1 06_0615.CAUD#CTTGCCATCAGGAATA-1 
                      0.1691565                       0.1256032 
06_0615.CAUD#CGCTGGATCCGTGCGA-1 06_0615.CAUD#GTGATCATCGCTATAG-1 
                      0.1908654                       0.1259222 
06_0615.CAUD#AGATTCGTCGCAGATT-1 06_0615.CAUD#CATGTTTCAGGTAACG-1 
                      0.1646319                       0.1245461 


PlotParams-10$title: length = 1
[1] "UMAP of Harmony colored by\nGeneScoreMatrix : Dcn"


PlotParams-10$x: length = 26694
[1] -6.348971 -6.777964 -6.236875 -7.173694 -6.422204 -7.211178


PlotParams-10$y: length = 26694
[1] -14.09494 -12.38251 -14.04558 -10.96296 -13.88045 -10.00581


PlotParams-10$baseSize: length = 1
[1] 10


PlotParams-10$xlabel: length = 1
[1] "UMAP Dimension 1"


PlotParams-10$ylabel: length = 1
[1] "UMAP Dimension 2"


PlotParams-10$pal: length = 256
[1] "#000436" "#000439" "#00053D" "#000640" "#000744" "#000848"


PlotParams-10$colorTitle: length = 1
[1] "Log2(NormCounts + 1)"



------- Completed

End Time : 2020-10-02 18:47:40
Elapsed Time Minutes = 0.479055976867676
Elapsed Time Hours = 0.00798432317045

-------



