
           ___      .______        ______  __    __  .______      
          /   \     |   _  \      /      ||  |  |  | |   _  \     
         /  ^  \    |  |_)  |    |  ,----'|  |__|  | |  |_)  |    
        /  /_\  \   |      /     |  |     |   __   | |      /     
       /  _____  \  |  |\  \\___ |  `----.|  |  |  | |  |\  \\___.
      /__/     \__\ | _| `._____| \______||__|  |__| | _| `._____|
    
Logging With ArchR!

Start Time : 2020-10-02 15:00:07

------- ArchR Info

ArchRThreads = 16
ArchRGenome = Hg38

------- System Info

Computer OS = unix
Total Cores = 64

------- Session Info

R version 3.6.3 (2020-02-29)
Platform: x86_64-conda_cos6-linux-gnu (64-bit)
Running under: CentOS Linux 7 (Core)

Matrix products: default
BLAS/LAPACK: /home/bnphan/miniconda3/lib/libmkl_rt.so

locale:
 [1] LC_CTYPE=en_US.UTF-8       LC_NUMERIC=C              
 [3] LC_TIME=en_US.UTF-8        LC_COLLATE=en_US.UTF-8    
 [5] LC_MONETARY=en_US.UTF-8    LC_MESSAGES=en_US.UTF-8   
 [7] LC_PAPER=en_US.UTF-8       LC_NAME=C                 
 [9] LC_ADDRESS=C               LC_TELEPHONE=C            
[11] LC_MEASUREMENT=en_US.UTF-8 LC_IDENTIFICATION=C       

attached base packages:
 [1] grid      parallel  stats4    stats     graphics  grDevices utils    
 [8] datasets  methods   base     

other attached packages:
 [1] harmony_1.0                       devtools_2.3.2                   
 [3] usethis_1.6.3                     Rcpp_1.0.5                       
 [5] gridExtra_2.3                     uwot_0.1.8                       
 [7] nabor_0.5.0                       Seurat_3.2.2                     
 [9] BSgenome.Hsapiens.UCSC.hg38_1.4.1 BSgenome_1.54.0                  
[11] rtracklayer_1.46.0                Biostrings_2.54.0                
[13] XVector_0.26.0                    ArchR_0.9.5                      
[15] magrittr_1.5                      rhdf5_2.30.1                     
[17] Matrix_1.2-18                     data.table_1.13.0                
[19] SummarizedExperiment_1.16.1       DelayedArray_0.12.3              
[21] BiocParallel_1.20.1               matrixStats_0.57.0               
[23] Biobase_2.46.0                    GenomicRanges_1.38.0             
[25] GenomeInfoDb_1.22.1               IRanges_2.20.2                   
[27] S4Vectors_0.24.4                  BiocGenerics_0.32.0              
[29] ggplot2_3.3.2                    

loaded via a namespace (and not attached):
  [1] backports_1.1.10         plyr_1.8.6               igraph_1.2.5            
  [4] lazyeval_0.2.2           splines_3.6.3            listenv_0.8.0           
  [7] digest_0.6.25            htmltools_0.5.0          fansi_0.4.1             
 [10] memoise_1.1.0            tensor_1.5               cluster_2.1.0           
 [13] ROCR_1.0-11              remotes_2.2.0            globals_0.13.0          
 [16] prettyunits_1.1.1        colorspace_1.4-1         rappdirs_0.3.1          
 [19] ggrepel_0.8.2            dplyr_1.0.2              callr_3.4.4             
 [22] crayon_1.3.4             RCurl_1.98-1.2           jsonlite_1.7.1          
 [25] spatstat_1.64-1          spatstat.data_1.4-3      survival_3.2-7          
 [28] zoo_1.8-8                glue_1.4.2               polyclip_1.10-0         
 [31] gtable_0.3.0             zlibbioc_1.32.0          leiden_0.3.3            
 [34] pkgbuild_1.1.0           Rhdf5lib_1.8.0           future.apply_1.6.0      
 [37] abind_1.4-5              scales_1.1.1             miniUI_0.1.1.1          
 [40] viridisLite_0.3.0        xtable_1.8-4             reticulate_1.16         
 [43] rsvd_1.0.3               htmlwidgets_1.5.1        httr_1.4.2              
 [46] RColorBrewer_1.1-2       ellipsis_0.3.1           ica_1.0-2               
 [49] pkgconfig_2.0.3          XML_3.99-0.3             farver_2.0.3            
 [52] deldir_0.1-29            tidyselect_1.1.0         labeling_0.3            
 [55] rlang_0.4.7              reshape2_1.4.4           later_1.1.0.1           
 [58] munsell_0.5.0            tools_3.6.3              cli_2.0.2               
 [61] generics_0.0.2           ggridges_0.5.2           stringr_1.4.0           
 [64] fastmap_1.0.1            goftest_1.2-2            fs_1.5.0                
 [67] processx_3.4.4           fitdistrplus_1.1-1       purrr_0.3.4             
 [70] RANN_2.6.1               pbapply_1.4-3            future_1.19.1           
 [73] nlme_3.1-149             mime_0.9                 rhandsontable_0.3.7     
 [76] shinythemes_1.1.2        compiler_3.6.3           curl_4.3                
 [79] plotly_4.9.2.1           png_0.1-7                testthat_2.3.2          
 [82] spatstat.utils_1.17-0    tibble_3.0.3             stringi_1.5.3           
 [85] ps_1.3.4                 desc_1.2.0               lattice_0.20-41         
 [88] vctrs_0.3.4              pillar_1.4.6             lifecycle_0.2.0         
 [91] BiocManager_1.30.10      lmtest_0.9-38            RcppAnnoy_0.0.16        
 [94] cowplot_1.1.0            bitops_1.0-6             irlba_2.3.3             
 [97] httpuv_1.5.4             patchwork_1.0.1          R6_2.4.1                
[100] promises_1.1.1           KernSmooth_2.23-17       sessioninfo_1.1.1       
[103] codetools_0.2-16         MASS_7.3-53              gtools_3.8.2            
[106] assertthat_0.2.1         pkgload_1.1.0            rprojroot_1.3-2         
[109] withr_2.3.0              presto_1.0.0             GenomicAlignments_1.22.1
[112] sctransform_0.3          Rsamtools_2.2.3          GenomeInfoDbData_1.2.2  
[115] mgcv_1.8-33              rpart_4.1-15             tidyr_1.1.2             
[118] Cairo_1.5-12.2           Rtsne_0.15               shiny_1.5.0             


------- Log Info


2020-10-02 15:00:07 : addClusters Input-Parameters, Class = list

addClusters Input-Parameters$: length = 1
                       
1 function (name)      
2 .Internal(args(name))


addClusters Input-Parameters$input: length = 1
class: ArchRProject 
outputDirectory: /home/bnphan/projects/snATAC_cross_species_caudate/data/raw_data/hg38/Corces_2020/ArchR_Corces2020_caudate 
samples(3): 06_0615.CAUD 09_1589.CAUD 14_1018.CAUD
sampleColData names(1): ArrowFiles
cellColData names(17): Sample TSSEnrichment ... Subject Region
numberOfCells(1): 1
medianTSS(1): 9.196
medianFrags(1): 80840


addClusters Input-Parameters$reducedDims: length = 1
[1] "Harmony"


addClusters Input-Parameters$name: length = 1
[1] "Clusters"


addClusters Input-Parameters$sampleCells: length = 0
NULL


addClusters Input-Parameters$seed: length = 1
[1] 1


addClusters Input-Parameters$method: length = 1
[1] "Seurat"


addClusters Input-Parameters$dimsToUse: length = 0
NULL


addClusters Input-Parameters$scaleDims: length = 0
NULL


addClusters Input-Parameters$corCutOff: length = 1
[1] 0.75


addClusters Input-Parameters$knnAssign: length = 1
[1] 10


addClusters Input-Parameters$nOutlier: length = 1
[1] 5


addClusters Input-Parameters$testBias: length = 1
[1] TRUE


addClusters Input-Parameters$filterBias: length = 1
[1] FALSE


addClusters Input-Parameters$biasClusters: length = 1
[1] 0.01


addClusters Input-Parameters$biasCol: length = 1
[1] "nFrags"


addClusters Input-Parameters$biasVals: length = 0
NULL


addClusters Input-Parameters$biasQuantiles: length = 2
[1] 0.05 0.95


addClusters Input-Parameters$biasEnrich: length = 1
[1] 10


addClusters Input-Parameters$biasProportion: length = 1
[1] 0.5


addClusters Input-Parameters$biasPval: length = 1
[1] 0.05


addClusters Input-Parameters$nPerm: length = 1
[1] 500


addClusters Input-Parameters$prefix: length = 1
[1] "C"


addClusters Input-Parameters$ArchRProj: length = 0
NULL


addClusters Input-Parameters$verbose: length = 1
[1] TRUE


addClusters Input-Parameters$tstart: length = 0
NULL


addClusters Input-Parameters$force: length = 1
[1] TRUE


addClusters Input-Parameters$logFile: length = 1
[1] "ArchRLogs/ArchR-addClusters-1fd947cc0462e-Date-2020-10-02_Time-15-00-07.log"


addClusters Input-Parameters$...: length = 1
[[1]]
<promise: 0x55a432aecf58>



2020-10-02 15:00:07 : Running Seurats FindClusters (Stuart et al. Cell 2019), 0.001 mins elapsed.
2020-10-02 15:00:59 : Testing Biased Clusters, 0.871 mins elapsed.
2020-10-02 15:00:59 : Identified Biased Clusters (n = 1), set filterBias = TRUE to re-assign these cells: , 0.873 mins elapsed.
2020-10-02 15:00:59 : Testing Outlier Clusters, 0.873 mins elapsed.
2020-10-02 15:00:59 : Assigning Cluster Names to 18 Clusters, 0.874 mins elapsed.
2020-10-02 15:00:59 : Finished addClusters, 0.875 mins elapsed.
