
           ___      .______        ______  __    __  .______      
          /   \     |   _  \      /      ||  |  |  | |   _  \     
         /  ^  \    |  |_)  |    |  ,----'|  |__|  | |  |_)  |    
        /  /_\  \   |      /     |  |     |   __   | |      /     
       /  _____  \  |  |\  \\___ |  `----.|  |  |  | |  |\  \\___.
      /__/     \__\ | _| `._____| \______||__|  |__| | _| `._____|
    
Logging With ArchR!

Start Time : 2020-10-02 13:08:26

------- ArchR Info

ArchRThreads = 16
ArchRGenome = Hg38

------- System Info

Computer OS = unix
Total Cores = 64

------- Session Info

R version 3.6.3 (2020-02-29)
Platform: x86_64-conda_cos6-linux-gnu (64-bit)
Running under: CentOS Linux 7 (Core)

Matrix products: default
BLAS/LAPACK: /home/bnphan/miniconda3/lib/libmkl_rt.so

locale:
 [1] LC_CTYPE=en_US.UTF-8       LC_NUMERIC=C              
 [3] LC_TIME=en_US.UTF-8        LC_COLLATE=en_US.UTF-8    
 [5] LC_MONETARY=en_US.UTF-8    LC_MESSAGES=en_US.UTF-8   
 [7] LC_PAPER=en_US.UTF-8       LC_NAME=C                 
 [9] LC_ADDRESS=C               LC_TELEPHONE=C            
[11] LC_MEASUREMENT=en_US.UTF-8 LC_IDENTIFICATION=C       

attached base packages:
[1] parallel  stats4    stats     graphics  grDevices utils     datasets 
[8] methods   base     

other attached packages:
 [1] BSgenome.Hsapiens.UCSC.hg38_1.4.1 BSgenome_1.54.0                  
 [3] rtracklayer_1.46.0                Biostrings_2.54.0                
 [5] XVector_0.26.0                    ArchR_0.9.5                      
 [7] magrittr_1.5                      rhdf5_2.30.1                     
 [9] Matrix_1.2-18                     data.table_1.13.0                
[11] SummarizedExperiment_1.16.1       DelayedArray_0.12.3              
[13] BiocParallel_1.20.1               matrixStats_0.57.0               
[15] Biobase_2.46.0                    GenomicRanges_1.38.0             
[17] GenomeInfoDb_1.22.1               IRanges_2.20.2                   
[19] S4Vectors_0.24.4                  BiocGenerics_0.32.0              
[21] ggplot2_3.3.2                     colorout_1.2-2                   

loaded via a namespace (and not attached):
 [1] pbdZMQ_0.3-3             tidyselect_1.1.0         repr_1.1.0              
 [4] purrr_0.3.4              lattice_0.20-41          colorspace_1.4-1        
 [7] vctrs_0.3.4              generics_0.0.2           htmltools_0.5.0         
[10] base64enc_0.1-3          XML_3.99-0.3             rlang_0.4.7             
[13] pillar_1.4.6             glue_1.4.2               withr_2.3.0             
[16] uuid_0.1-4               GenomeInfoDbData_1.2.2   lifecycle_0.2.0         
[19] stringr_1.4.0            zlibbioc_1.32.0          munsell_0.5.0           
[22] gtable_0.3.0             evaluate_0.14            IRdisplay_0.7.0         
[25] Rcpp_1.0.5               scales_1.1.1             IRkernel_1.1.1          
[28] jsonlite_1.7.1           Rsamtools_2.2.3          digest_0.6.25           
[31] stringi_1.5.3            dplyr_1.0.2              grid_3.6.3              
[34] tools_3.6.3              bitops_1.0-6             RCurl_1.98-1.2          
[37] tibble_3.0.3             crayon_1.3.4             pkgconfig_2.0.3         
[40] ellipsis_0.3.1           Rhdf5lib_1.8.0           R6_2.4.1                
[43] GenomicAlignments_1.22.1 compiler_3.6.3          


------- Log Info


2020-10-02 13:08:27 : IterativeLSI Input-Parameters, Class = list

IterativeLSI Input-Parameters$ArchRProj: length = 1
class: ArchRProject 
outputDirectory: /home/bnphan/projects/snATAC_cross_species_caudate/data/raw_data/hg38/Corces_2020/ArchR_Corces2020_caudate 
samples(3): 06_0615.CAUD 09_1589.CAUD 14_1018.CAUD
sampleColData names(1): ArrowFiles
cellColData names(17): Sample TSSEnrichment ... Subject Region
numberOfCells(1): 1
medianTSS(1): 9.196
medianFrags(1): 80840


IterativeLSI Input-Parameters$useMatrix: length = 1
[1] "TileMatrix"


IterativeLSI Input-Parameters$name: length = 1
[1] "IterativeLSI"


IterativeLSI Input-Parameters$iterations: length = 1
[1] 6


IterativeLSI Input-Parameters$varFeatures: length = 1
[1] 150000


IterativeLSI Input-Parameters$dimsToUse: length = 30
[1] 1 2 3 4 5 6


IterativeLSI Input-Parameters$LSIMethod: length = 1
[1] 2


IterativeLSI Input-Parameters$scaleDims: length = 1
[1] TRUE


IterativeLSI Input-Parameters$corCutOff: length = 1
[1] 0.75


IterativeLSI Input-Parameters$binarize: length = 1
[1] TRUE


IterativeLSI Input-Parameters$outlierQuantiles: length = 2
[1] 0.02 0.98


IterativeLSI Input-Parameters$filterBias: length = 1
[1] TRUE


IterativeLSI Input-Parameters$sampleCellsPre: length = 1
[1] 10000


IterativeLSI Input-Parameters$projectCellsPre: length = 1
[1] FALSE


IterativeLSI Input-Parameters$sampleCellsFinal: length = 0
NULL


IterativeLSI Input-Parameters$selectionMethod: length = 1
[1] "var"


IterativeLSI Input-Parameters$scaleTo: length = 1
[1] 3000


IterativeLSI Input-Parameters$totalFeatures: length = 1
[1] 5e+05


IterativeLSI Input-Parameters$filterQuantile: length = 1
[1] 0.995


IterativeLSI Input-Parameters$excludeChr: length = 0
NULL


IterativeLSI Input-Parameters$saveIterations: length = 1
[1] TRUE


IterativeLSI Input-Parameters$nPlot: length = 1
[1] 10000


IterativeLSI Input-Parameters$outDir: length = 1
[1] "/home/bnphan/projects/snATAC_cross_species_caudate/data/raw_data/hg38/Corces_2020/ArchR_Corces2020_caudate"


IterativeLSI Input-Parameters$threads: length = 1
[1] 16


IterativeLSI Input-Parameters$seed: length = 1
[1] 1


IterativeLSI Input-Parameters$verbose: length = 1
[1] TRUE


IterativeLSI Input-Parameters$force: length = 1
[1] TRUE


IterativeLSI Input-Parameters$logFile: length = 1
[1] "ArchRLogs/ArchR-addIterativeLSI-1f7c0179ee59a-Date-2020-10-02_Time-13-08-26.log"


2020-10-02 13:08:27 : Computing Total Accessibility Across All Features, 0.001 mins elapsed.
2020-10-02 13:08:31 : Computing Top Features, 0.073 mins elapsed.
###########
2020-10-02 13:08:31 : Running LSI (1 of 6) on Top Features, 0.08 mins elapsed.
###########
2020-10-02 13:08:32 : Sampling Cells (N = 10002) for Estimated LSI, 0.081 mins elapsed.
2020-10-02 13:08:32 : Creating Sampled Partial Matrix, 0.081 mins elapsed.
2020-10-02 13:08:58 : Computing Estimated LSI (projectAll = FALSE), 0.496 mins elapsed.

2020-10-02 13:08:58 : LSI Parameters, Class = list

LSI Parameters$: length = 1
                       
1 function (name)      
2 .Internal(args(name))


LSI Parameters$mat: nRows = 150000, nCols = 10002
LSI Parameters$mat: NonZeroEntries = 58454211, EntryRange = [ 1 , 1 ]
5 x 5 sparse Matrix of class "dgCMatrix"
     06_0615.CAUD#AAACGAAAGCAGAGCT-1 06_0615.CAUD#AAACGAAAGCTGATTC-1
[1,]                               .                               .
[2,]                               .                               .
[3,]                               .                               .
[4,]                               1                               .
[5,]                               .                               .
     06_0615.CAUD#AAACGAACACAGGTAG-1 06_0615.CAUD#AAACGAACAGAGAGAA-1
[1,]                               .                               .
[2,]                               .                               .
[3,]                               .                               .
[4,]                               .                               1
[5,]                               .                               .
     06_0615.CAUD#AAACGAACAGCAAACG-1
[1,]                               .
[2,]                               .
[3,]                               .
[4,]                               .
[5,]                               .


LSI Parameters$LSIMethod: length = 1
[1] 2


LSI Parameters$scaleTo: length = 1
[1] 3000


LSI Parameters$nDimensions: length = 1
[1] 30


LSI Parameters$binarize: length = 1
[1] TRUE


LSI Parameters$outlierQuantiles: length = 2
[1] 0.02 0.98


LSI Parameters$seed: length = 1
[1] 1


LSI Parameters$verbose: length = 1
[1] FALSE


LSI Parameters$tstart: length = 1
[1] "2020-10-02 13:08:27 EDT"


LSI Parameters$logFile: length = 1
[1] "ArchRLogs/ArchR-addIterativeLSI-1f7c0179ee59a-Date-2020-10-02_Time-13-08-26.log"


2020-10-02 13:08:59 : Running LSI, Input Matrix = 0.702 GB, 0.532 mins elapsed.
2020-10-02 13:08:59 : Binarizing Matrix, 0.532 mins elapsed.
2020-10-02 13:09:00 : Computing Term Frequency, 0.554 mins elapsed.
2020-10-02 13:09:00 : Filtering Outliers Based On Counts, 0.558 mins elapsed.
2020-10-02 13:09:01 : Removing 0 Sum Rows, 0.573 mins elapsed.
2020-10-02 13:09:05 : Computing Inverse Document Frequency, 0.633 mins elapsed.
2020-10-02 13:09:08 : Computing SVD using irlba, 0.689 mins elapsed.
